"2024-11-20 00:10:18","{'EventData':{'Company':'Microsoft Corporation','Description':'Microsoft Tripoli Query','FileVersion':'7.0.19041.4957 (WinBuild.160101.0800)','Hashes':'MD5=BD88F069889FF733B49D9D3F05E75910,SHA256=A3FD9C80B040EAD4ED9B61ADF3FC748BFCF3B28771DEA6B0580DFA24D9676C9A,IMPHASH=63E7846743043502BE4D48CA66695C10','Image':'C:\\Users\\pparker\\Downloads\\DriverUpdate_1_2.exe','ImageLoaded':'C:\\Windows\\SysWOW64\\tquery.dll','OriginalFileName':'TQUERY.dll','ProcessGuid':'{7b34ed3d-23cf-673d-b302-000000000b00}','ProcessId':'2920','Product':'Windows® Search','RuleName':'-','Signature':'Microsoft Windows','SignatureStatus':'Valid','Signed':'true','User':'HOMELAB\\pparker','UtcTime':'2024-11-20 00:11:02.934'},'System':{'Channel':'Microsoft-Windows-Sysmon/Operational','Computer':'HL-WS04.HOMELAB.local','Correlation':'','EventID':'7','EventRecordID':'17815','Execution':{'ProcessID':'2052','ThreadID':'4064'},'Keywords':'0x8000000000000000','Level':'4','Opcode':'0','Provider':{'Guid':'{5770385f-c22a-43e0-bf4c-06f5698ffbd9}','Name':'Microsoft-Windows-Sysmon'},'Security':{'UserID':'S-1-5-18'},'Task':'7','TimeCreated':{'SystemTime':'2024-11-20T00:11:02.9882715Z'},'Version':'3','_event_id':'7'}}","{'Company':'Microsoft Corporation','Description':'Microsoft Tripoli Query','FileVersion':'7.0.19041.4957 (WinBuild.160101.0800)','Hashes':'MD5=BD88F069889FF733B49D9D3F05E75910,SHA256=A3FD9C80B040EAD4ED9B61ADF3FC748BFCF3B28771DEA6B0580DFA24D9676C9A,IMPHASH=63E7846743043502BE4D48CA66695C10','Image':'C:\\Users\\pparker\\Downloads\\DriverUpdate_1_2.exe','ImageLoaded':'C:\\Windows\\SysWOW64\\tquery.dll','OriginalFileName':'TQUERY.dll','ProcessGuid':'{7b34ed3d-23cf-673d-b302-000000000b00}','ProcessId':'2920','Product':'Windows® Search','RuleName':'-','Signature':'Microsoft Windows','SignatureStatus':'Valid','Signed':'true','User':'HOMELAB\\pparker','UtcTime':'2024-11-20 00:11:02.934'}",,"Microsoft Corporation",,,"Microsoft Tripoli Query",,,,,,,,"7.0.19041.4957 (WinBuild.160101.0800)","MD5=BD88F069889FF733B49D9D3F05E75910,SHA256=A3FD9C80B040EAD4ED9B61ADF3FC748BFCF3B28771DEA6B0580DFA24D9676C9A,IMPHASH=63E7846743043502BE4D48CA66695C10","C:\Users\pparker\Downloads\DriverUpdate_1_2.exe","C:\Windows\SysWOW64\tquery.dll",,,,,"TQUERY.dll",,,,,,"{7b34ed3d-23cf-673d-b302-000000000b00}","2920","Windows® Search",,"-","Microsoft Windows","Valid","true",,,,,,,,,"HOMELAB\pparker","2024-11-20 00:11:02.934","{'Channel':'Microsoft-Windows-Sysmon/Operational','Computer':'HL-WS04.HOMELAB.local','Correlation':'','EventID':'7','EventRecordID':'17815','Execution':{'ProcessID':'2052','ThreadID':'4064'},'Keywords':'0x8000000000000000','Level':'4','Opcode':'0','Provider':{'Guid':'{5770385f-c22a-43e0-bf4c-06f5698ffbd9}','Name':'Microsoft-Windows-Sysmon'},'Security':{'UserID':'S-1-5-18'},'Task':'7','TimeCreated':{'SystemTime':'2024-11-20T00:11:02.9882715Z'},'Version':'3','_event_id':'7'}","7","Microsoft-Windows-Sysmon/Operational","HL-WS04.HOMELAB.local","","7","17815","{'ProcessID':'2052','ThreadID':'4064'}","2052","4064","0x8000000000000000","4","0","{'Guid':'{5770385f-c22a-43e0-bf4c-06f5698ffbd9}','Name':'Microsoft-Windows-Sysmon'}","{5770385f-c22a-43e0-bf4c-06f5698ffbd9}","Microsoft-Windows-Sysmon","S-1-5-18","7","2024-11-20T00:11:02.9882715Z","3","{'arch':2,'did':'','event_id':'10d10d9b-aa17-423a-bdd2-a7b73b91ac7f','event_time':1732061418801,'event_type':'WEL','ext_ip':'108.171.103.70','hostname':'hl-ws04.homelab.local','iid':'7e99630d-d276-4169-bd11-c23115a848fa','int_ip':'10.100.100.133','moduleid':2,'oid':'27c3229e-7f58-40c8-ad1a-799ff00e1781','plat':268435456,'sid':'20884ef9-0b46-4a29-9d58-832837729b10','tags':['workstations'],'this':'cde9bdd1b635f99d78f412e1673d28ea'}",2,"","10d10d9b-aa17-423a-bdd2-a7b73b91ac7f",1732061418801,"WEL","108.171.103.70","hl-ws04.homelab.local","7e99630d-d276-4169-bd11-c23115a848fa","10.100.100.133",2,"27c3229e-7f58-40c8-ad1a-799ff00e1781",268435456,"20884ef9-0b46-4a29-9d58-832837729b10","['workstations']","cde9bdd1b635f99d78f412e1673d28ea"
"2024-11-20 00:10:18","{'EventData':{'Company':'Microsoft Corporation','Description':'Windows Lockdown Policy','FileVersion':'10.0.19041.4780 (WinBuild.160101.0800)','Hashes':'MD5=9C7FA211BD82D63531DEA058429A9E2B,SHA256=3BB90DFEF08E22FA48713C1A30B8223D51E78A805ABAB1A0807AFD762EEED317,IMPHASH=BE75DB90FEC4482F5D7F4BD499F9AAB5','Image':'C:\\Users\\pparker\\Downloads\\DriverUpdate_1_2.exe','ImageLoaded':'C:\\Windows\\SysWOW64\\wldp.dll','OriginalFileName':'wldp.dll','ProcessGuid':'{7b34ed3d-23cf-673d-b302-000000000b00}','ProcessId':'2920','Product':'Microsoft® Windows® Operating System','RuleName':'-','Signature':'Microsoft Windows','SignatureStatus':'Valid','Signed':'true','User':'HOMELAB\\pparker','UtcTime':'2024-11-20 00:11:02.981'},'System':{'Channel':'Microsoft-Windows-Sysmon/Operational','Computer':'HL-WS04.HOMELAB.local','Correlation':'','EventID':'7','EventRecordID':'17816','Execution':{'ProcessID':'2052','ThreadID':'3948'},'Keywords':'0x8000000000000000','Level':'4','Opcode':'0','Provider':{'Guid':'{5770385f-c22a-43e0-bf4c-06f5698ffbd9}','Name':'Microsoft-Windows-Sysmon'},'Security':{'UserID':'S-1-5-18'},'Task':'7','TimeCreated':{'SystemTime':'2024-11-20T00:11:02.9908480Z'},'Version':'3','_event_id':'7'}}","{'Company':'Microsoft Corporation','Description':'Windows Lockdown Policy','FileVersion':'10.0.19041.4780 (WinBuild.160101.0800)','Hashes':'MD5=9C7FA211BD82D63531DEA058429A9E2B,SHA256=3BB90DFEF08E22FA48713C1A30B8223D51E78A805ABAB1A0807AFD762EEED317,IMPHASH=BE75DB90FEC4482F5D7F4BD499F9AAB5','Image':'C:\\Users\\pparker\\Downloads\\DriverUpdate_1_2.exe','ImageLoaded':'C:\\Windows\\SysWOW64\\wldp.dll','OriginalFileName':'wldp.dll','ProcessGuid':'{7b34ed3d-23cf-673d-b302-000000000b00}','ProcessId':'2920','Product':'Microsoft® Windows® Operating System','RuleName':'-','Signature':'Microsoft Windows','SignatureStatus':'Valid','Signed':'true','User':'HOMELAB\\pparker','UtcTime':'2024-11-20 00:11:02.981'}",,"Microsoft Corporation",,,"Windows Lockdown Policy",,,,,,,,"10.0.19041.4780 (WinBuild.160101.0800)","MD5=9C7FA211BD82D63531DEA058429A9E2B,SHA256=3BB90DFEF08E22FA48713C1A30B8223D51E78A805ABAB1A0807AFD762EEED317,IMPHASH=BE75DB90FEC4482F5D7F4BD499F9AAB5","C:\Users\pparker\Downloads\DriverUpdate_1_2.exe","C:\Windows\SysWOW64\wldp.dll",,,,,"wldp.dll",,,,,,"{7b34ed3d-23cf-673d-b302-000000000b00}","2920","Microsoft® Windows® Operating System",,"-","Microsoft Windows","Valid","true",,,,,,,,,"HOMELAB\pparker","2024-11-20 00:11:02.981","{'Channel':'Microsoft-Windows-Sysmon/Operational','Computer':'HL-WS04.HOMELAB.local','Correlation':'','EventID':'7','EventRecordID':'17816','Execution':{'ProcessID':'2052','ThreadID':'3948'},'Keywords':'0x8000000000000000','Level':'4','Opcode':'0','Provider':{'Guid':'{5770385f-c22a-43e0-bf4c-06f5698ffbd9}','Name':'Microsoft-Windows-Sysmon'},'Security':{'UserID':'S-1-5-18'},'Task':'7','TimeCreated':{'SystemTime':'2024-11-20T00:11:02.9908480Z'},'Version':'3','_event_id':'7'}","7","Microsoft-Windows-Sysmon/Operational","HL-WS04.HOMELAB.local","","7","17816","{'ProcessID':'2052','ThreadID':'3948'}","2052","3948","0x8000000000000000","4","0","{'Guid':'{5770385f-c22a-43e0-bf4c-06f5698ffbd9}','Name':'Microsoft-Windows-Sysmon'}","{5770385f-c22a-43e0-bf4c-06f5698ffbd9}","Microsoft-Windows-Sysmon","S-1-5-18","7","2024-11-20T00:11:02.9908480Z","3","{'arch':2,'did':'','event_id':'c0a3db1f-1763-4348-9872-ada6751843d1','event_time':1732061418801,'event_type':'WEL','ext_ip':'108.171.103.70','hostname':'hl-ws04.homelab.local','iid':'7e99630d-d276-4169-bd11-c23115a848fa','int_ip':'10.100.100.133','moduleid':2,'oid':'27c3229e-7f58-40c8-ad1a-799ff00e1781','plat':268435456,'sid':'20884ef9-0b46-4a29-9d58-832837729b10','tags':['workstations'],'this':'c82c6825f0f5e90a05b1de5f673d28ea'}",2,"","c0a3db1f-1763-4348-9872-ada6751843d1",1732061418801,"WEL","108.171.103.70","hl-ws04.homelab.local","7e99630d-d276-4169-bd11-c23115a848fa","10.100.100.133",2,"27c3229e-7f58-40c8-ad1a-799ff00e1781",268435456,"20884ef9-0b46-4a29-9d58-832837729b10","['workstations']","c82c6825f0f5e90a05b1de5f673d28ea"
"2024-11-20 00:10:18","{'EventData':{'Company':'Microsoft Corporation','Description':'Cryptography Manager','FileVersion':'10.0.19041.3636 (WinBuild.160101.0800)','Hashes':'MD5=71AF1BC0466AB48A705E2861859F40A8,SHA256=419439515EA7804F297A17DD7F840762FB50DE2E09E6D6AD8D6EBB4E189B81D2,IMPHASH=2713D6DE24282CB3AF6E2436F33FC7DA','Image':'C:\\Users\\pparker\\Downloads\\DriverUpdate_1_2.exe','ImageLoaded':'C:\\Windows\\SysWOW64\\cryptdll.dll','OriginalFileName':'cryptdll.dll','ProcessGuid':'{7b34ed3d-23cf-673d-b302-000000000b00}','ProcessId':'2920','Product':'Microsoft® Windows® Operating System','RuleName':'-','Signature':'Microsoft Windows','SignatureStatus':'Valid','Signed':'true','User':'HOMELAB\\pparker','UtcTime':'2024-11-20 00:11:02.934'},'System':{'Channel':'Microsoft-Windows-Sysmon/Operational','Computer':'HL-WS04.HOMELAB.local','Correlation':'','EventID':'7','EventRecordID':'17817','Execution':{'ProcessID':'2052','ThreadID':'4064'},'Keywords':'0x8000000000000000','Level':'4','Opcode':'0','Provider':{'Guid':'{5770385f-c22a-43e0-bf4c-06f5698ffbd9}','Name':'Microsoft-Windows-Sysmon'},'Security':{'UserID':'S-1-5-18'},'Task':'7','TimeCreated':{'SystemTime':'2024-11-20T00:11:02.9938264Z'},'Version':'3','_event_id':'7'}}","{'Company':'Microsoft Corporation','Description':'Cryptography Manager','FileVersion':'10.0.19041.3636 (WinBuild.160101.0800)','Hashes':'MD5=71AF1BC0466AB48A705E2861859F40A8,SHA256=419439515EA7804F297A17DD7F840762FB50DE2E09E6D6AD8D6EBB4E189B81D2,IMPHASH=2713D6DE24282CB3AF6E2436F33FC7DA','Image':'C:\\Users\\pparker\\Downloads\\DriverUpdate_1_2.exe','ImageLoaded':'C:\\Windows\\SysWOW64\\cryptdll.dll','OriginalFileName':'cryptdll.dll','ProcessGuid':'{7b34ed3d-23cf-673d-b302-000000000b00}','ProcessId':'2920','Product':'Microsoft® Windows® Operating System','RuleName':'-','Signature':'Microsoft Windows','SignatureStatus':'Valid','Signed':'true','User':'HOMELAB\\pparker','UtcTime':'2024-11-20 00:11:02.934'}",,"Microsoft Corporation",,,"Cryptography Manager",,,,,,,,"10.0.19041.3636 (WinBuild.160101.0800)","MD5=71AF1BC0466AB48A705E2861859F40A8,SHA256=419439515EA7804F297A17DD7F840762FB50DE2E09E6D6AD8D6EBB4E189B81D2,IMPHASH=2713D6DE24282CB3AF6E2436F33FC7DA","C:\Users\pparker\Downloads\DriverUpdate_1_2.exe","C:\Windows\SysWOW64\cryptdll.dll",,,,,"cryptdll.dll",,,,,,"{7b34ed3d-23cf-673d-b302-000000000b00}","2920","Microsoft® Windows® Operating System",,"-","Microsoft Windows","Valid","true",,,,,,,,,"HOMELAB\pparker","2024-11-20 00:11:02.934","{'Channel':'Microsoft-Windows-Sysmon/Operational','Computer':'HL-WS04.HOMELAB.local','Correlation':'','EventID':'7','EventRecordID':'17817','Execution':{'ProcessID':'2052','ThreadID':'4064'},'Keywords':'0x8000000000000000','Level':'4','Opcode':'0','Provider':{'Guid':'{5770385f-c22a-43e0-bf4c-06f5698ffbd9}','Name':'Microsoft-Windows-Sysmon'},'Security':{'UserID':'S-1-5-18'},'Task':'7','TimeCreated':{'SystemTime':'2024-11-20T00:11:02.9938264Z'},'Version':'3','_event_id':'7'}","7","Microsoft-Windows-Sysmon/Operational","HL-WS04.HOMELAB.local","","7","17817","{'ProcessID':'2052','ThreadID':'4064'}","2052","4064","0x8000000000000000","4","0","{'Guid':'{5770385f-c22a-43e0-bf4c-06f5698ffbd9}','Name':'Microsoft-Windows-Sysmon'}","{5770385f-c22a-43e0-bf4c-06f5698ffbd9}","Microsoft-Windows-Sysmon","S-1-5-18","7","2024-11-20T00:11:02.9938264Z","3","{'arch':2,'did':'','event_id':'307f9ed6-4ff8-47eb-8afa-8707bc8e392d','event_time':1732061418801,'event_type':'WEL','ext_ip':'108.171.103.70','hostname':'hl-ws04.homelab.local','iid':'7e99630d-d276-4169-bd11-c23115a848fa','int_ip':'10.100.100.133','moduleid':2,'oid':'27c3229e-7f58-40c8-ad1a-799ff00e1781','plat':268435456,'sid':'20884ef9-0b46-4a29-9d58-832837729b10','tags':['workstations'],'this':'4b7e116300b7fffb280db496673d28ea'}",2,"","307f9ed6-4ff8-47eb-8afa-8707bc8e392d",1732061418801,"WEL","108.171.103.70","hl-ws04.homelab.local","7e99630d-d276-4169-bd11-c23115a848fa","10.100.100.133",2,"27c3229e-7f58-40c8-ad1a-799ff00e1781",268435456,"20884ef9-0b46-4a29-9d58-832837729b10","['workstations']","4b7e116300b7fffb280db496673d28ea"
"2024-11-20 00:10:18","{'EventData':{'Company':'Microsoft Corporation','Description':'Structured Query','FileVersion':'7.0.19041.4355 (WinBuild.160101.0800)','Hashes':'MD5=694E85B09EA3E3BB7AB2C795D2C684AD,SHA256=3C27F3B27197F0419F1FB3A6E62D7F7E84ABC1407B10752860C773070F9D425C,IMPHASH=246863ABDDD19D0A7E986F3CC118DF4C','Image':'C:\\Users\\pparker\\Downloads\\DriverUpdate_1_2.exe','ImageLoaded':'C:\\Windows\\SysWOW64\\StructuredQuery.dll','OriginalFileName':'StructuredQuery.dll','ProcessGuid':'{7b34ed3d-23cf-673d-b302-000000000b00}','ProcessId':'2920','Product':'Windows® Search','RuleName':'-','Signature':'Microsoft Windows','SignatureStatus':'Valid','Signed':'true','User':'HOMELAB\\pparker','UtcTime':'2024-11-20 00:11:02.997'},'System':{'Channel':'Microsoft-Windows-Sysmon/Operational','Computer':'HL-WS04.HOMELAB.local','Correlation':'','EventID':'7','EventRecordID':'17818','Execution':{'ProcessID':'2052','ThreadID':'3948'},'Keywords':'0x8000000000000000','Level':'4','Opcode':'0','Provider':{'Guid':'{5770385f-c22a-43e0-bf4c-06f5698ffbd9}','Name':'Microsoft-Windows-Sysmon'},'Security':{'UserID':'S-1-5-18'},'Task':'7','TimeCreated':{'SystemTime':'2024-11-20T00:11:03.0052763Z'},'Version':'3','_event_id':'7'}}","{'Company':'Microsoft Corporation','Description':'Structured Query','FileVersion':'7.0.19041.4355 (WinBuild.160101.0800)','Hashes':'MD5=694E85B09EA3E3BB7AB2C795D2C684AD,SHA256=3C27F3B27197F0419F1FB3A6E62D7F7E84ABC1407B10752860C773070F9D425C,IMPHASH=246863ABDDD19D0A7E986F3CC118DF4C','Image':'C:\\Users\\pparker\\Downloads\\DriverUpdate_1_2.exe','ImageLoaded':'C:\\Windows\\SysWOW64\\StructuredQuery.dll','OriginalFileName':'StructuredQuery.dll','ProcessGuid':'{7b34ed3d-23cf-673d-b302-000000000b00}','ProcessId':'2920','Product':'Windows® Search','RuleName':'-','Signature':'Microsoft Windows','SignatureStatus':'Valid','Signed':'true','User':'HOMELAB\\pparker','UtcTime':'2024-11-20 00:11:02.997'}",,"Microsoft Corporation",,,"Structured Query",,,,,,,,"7.0.19041.4355 (WinBuild.160101.0800)","MD5=694E85B09EA3E3BB7AB2C795D2C684AD,SHA256=3C27F3B27197F0419F1FB3A6E62D7F7E84ABC1407B10752860C773070F9D425C,IMPHASH=246863ABDDD19D0A7E986F3CC118DF4C","C:\Users\pparker\Downloads\DriverUpdate_1_2.exe","C:\Windows\SysWOW64\StructuredQuery.dll",,,,,"StructuredQuery.dll",,,,,,"{7b34ed3d-23cf-673d-b302-000000000b00}","2920","Windows® Search",,"-","Microsoft Windows","Valid","true",,,,,,,,,"HOMELAB\pparker","2024-11-20 00:11:02.997","{'Channel':'Microsoft-Windows-Sysmon/Operational','Computer':'HL-WS04.HOMELAB.local','Correlation':'','EventID':'7','EventRecordID':'17818','Execution':{'ProcessID':'2052','ThreadID':'3948'},'Keywords':'0x8000000000000000','Level':'4','Opcode':'0','Provider':{'Guid':'{5770385f-c22a-43e0-bf4c-06f5698ffbd9}','Name':'Microsoft-Windows-Sysmon'},'Security':{'UserID':'S-1-5-18'},'Task':'7','TimeCreated':{'SystemTime':'2024-11-20T00:11:03.0052763Z'},'Version':'3','_event_id':'7'}","7","Microsoft-Windows-Sysmon/Operational","HL-WS04.HOMELAB.local","","7","17818","{'ProcessID':'2052','ThreadID':'3948'}","2052","3948","0x8000000000000000","4","0","{'Guid':'{5770385f-c22a-43e0-bf4c-06f5698ffbd9}','Name':'Microsoft-Windows-Sysmon'}","{5770385f-c22a-43e0-bf4c-06f5698ffbd9}","Microsoft-Windows-Sysmon","S-1-5-18","7","2024-11-20T00:11:03.0052763Z","3","{'arch':2,'did':'','event_id':'73e6c14c-53da-42d7-b05d-31c90f01435b','event_time':1732061418801,'event_type':'WEL','ext_ip':'108.171.103.70','hostname':'hl-ws04.homelab.local','iid':'7e99630d-d276-4169-bd11-c23115a848fa','int_ip':'10.100.100.133','moduleid':2,'oid':'27c3229e-7f58-40c8-ad1a-799ff00e1781','plat':268435456,'sid':'20884ef9-0b46-4a29-9d58-832837729b10','tags':['workstations'],'this':'c3ed78d5e4b292acce242fb7673d28ea'}",2,"","73e6c14c-53da-42d7-b05d-31c90f01435b",1732061418801,"WEL","108.171.103.70","hl-ws04.homelab.local","7e99630d-d276-4169-bd11-c23115a848fa","10.100.100.133",2,"27c3229e-7f58-40c8-ad1a-799ff00e1781",268435456,"20884ef9-0b46-4a29-9d58-832837729b10","['workstations']","c3ed78d5e4b292acce242fb7673d28ea"
"2024-11-20 00:10:18","{'EventData':{'Company':'Microsoft Corporation','Description':'Microsoft Property System','FileVersion':'7.0.19041.4355 (WinBuild.160101.0800)','Hashes':'MD5=F993C864EAC1A9351F1FE59DEF77A28A,SHA256=C6EB7BEFE7F6C5AAF0E7C696BAFE12133921B2B9417930955664D8D4752E488E,IMPHASH=26A7DB6941B6A1B05BD62D9DA1B5C3A2','Image':'C:\\Users\\pparker\\Downloads\\DriverUpdate_1_2.exe','ImageLoaded':'C:\\Windows\\SysWOW64\\propsys.dll','OriginalFileName':'propsys.dll','ProcessGuid':'{7b34ed3d-23cf-673d-b302-000000000b00}','ProcessId':'2920','Product':'Windows® Search','RuleName':'-','Signature':'Microsoft Windows','SignatureStatus':'Valid','Signed':'true','User':'HOMELAB\\pparker','UtcTime':'2024-11-20 00:11:03.012'},'System':{'Channel':'Microsoft-Windows-Sysmon/Operational','Computer':'HL-WS04.HOMELAB.local','Correlation':'','EventID':'7','EventRecordID':'17819','Execution':{'ProcessID':'2052','ThreadID':'3948'},'Keywords':'0x8000000000000000','Level':'4','Opcode':'0','Provider':{'Guid':'{5770385f-c22a-43e0-bf4c-06f5698ffbd9}','Name':'Microsoft-Windows-Sysmon'},'Security':{'UserID':'S-1-5-18'},'Task':'7','TimeCreated':{'SystemTime':'2024-11-20T00:11:03.0146568Z'},'Version':'3','_event_id':'7'}}","{'Company':'Microsoft Corporation','Description':'Microsoft Property System','FileVersion':'7.0.19041.4355 (WinBuild.160101.0800)','Hashes':'MD5=F993C864EAC1A9351F1FE59DEF77A28A,SHA256=C6EB7BEFE7F6C5AAF0E7C696BAFE12133921B2B9417930955664D8D4752E488E,IMPHASH=26A7DB6941B6A1B05BD62D9DA1B5C3A2','Image':'C:\\Users\\pparker\\Downloads\\DriverUpdate_1_2.exe','ImageLoaded':'C:\\Windows\\SysWOW64\\propsys.dll','OriginalFileName':'propsys.dll','ProcessGuid':'{7b34ed3d-23cf-673d-b302-000000000b00}','ProcessId':'2920','Product':'Windows® Search','RuleName':'-','Signature':'Microsoft Windows','SignatureStatus':'Valid','Signed':'true','User':'HOMELAB\\pparker','UtcTime':'2024-11-20 00:11:03.012'}",,"Microsoft Corporation",,,"Microsoft Property System",,,,,,,,"7.0.19041.4355 (WinBuild.160101.0800)","MD5=F993C864EAC1A9351F1FE59DEF77A28A,SHA256=C6EB7BEFE7F6C5AAF0E7C696BAFE12133921B2B9417930955664D8D4752E488E,IMPHASH=26A7DB6941B6A1B05BD62D9DA1B5C3A2","C:\Users\pparker\Downloads\DriverUpdate_1_2.exe","C:\Windows\SysWOW64\propsys.dll",,,,,"propsys.dll",,,,,,"{7b34ed3d-23cf-673d-b302-000000000b00}","2920","Windows® Search",,"-","Microsoft Windows","Valid","true",,,,,,,,,"HOMELAB\pparker","2024-11-20 00:11:03.012","{'Channel':'Microsoft-Windows-Sysmon/Operational','Computer':'HL-WS04.HOMELAB.local','Correlation':'','EventID':'7','EventRecordID':'17819','Execution':{'ProcessID':'2052','ThreadID':'3948'},'Keywords':'0x8000000000000000','Level':'4','Opcode':'0','Provider':{'Guid':'{5770385f-c22a-43e0-bf4c-06f5698ffbd9}','Name':'Microsoft-Windows-Sysmon'},'Security':{'UserID':'S-1-5-18'},'Task':'7','TimeCreated':{'SystemTime':'2024-11-20T00:11:03.0146568Z'},'Version':'3','_event_id':'7'}","7","Microsoft-Windows-Sysmon/Operational","HL-WS04.HOMELAB.local","","7","17819","{'ProcessID':'2052','ThreadID':'3948'}","2052","3948","0x8000000000000000","4","0","{'Guid':'{5770385f-c22a-43e0-bf4c-06f5698ffbd9}','Name':'Microsoft-Windows-Sysmon'}","{5770385f-c22a-43e0-bf4c-06f5698ffbd9}","Microsoft-Windows-Sysmon","S-1-5-18","7","2024-11-20T00:11:03.0146568Z","3","{'arch':2,'did':'','event_id':'e55ed1b6-5541-4ea7-afda-2f37638979d2','event_time':1732061418801,'event_type':'WEL','ext_ip':'108.171.103.70','hostname':'hl-ws04.homelab.local','iid':'7e99630d-d276-4169-bd11-c23115a848fa','int_ip':'10.100.100.133','moduleid':2,'oid':'27c3229e-7f58-40c8-ad1a-799ff00e1781','plat':268435456,'sid':'20884ef9-0b46-4a29-9d58-832837729b10','tags':['workstations'],'this':'071d473a1b1b387a35498b66673d28ea'}",2,"","e55ed1b6-5541-4ea7-afda-2f37638979d2",1732061418801,"WEL","108.171.103.70","hl-ws04.homelab.local","7e99630d-d276-4169-bd11-c23115a848fa","10.100.100.133",2,"27c3229e-7f58-40c8-ad1a-799ff00e1781",268435456,"20884ef9-0b46-4a29-9d58-832837729b10","['workstations']","071d473a1b1b387a35498b66673d28ea"
"2024-11-19 23:47:50","{'EventData':{'Company':'Microsoft Corporation','Description':'Process Status Helper','FileVersion':'10.0.19041.3636 (WinBuild.160101.0800)','Hashes':'MD5=92A8027AFAB67DB7D71755BD2B1B39E6,SHA256=F901C48DE42ECC015EAA99F61444CFFA0155296832C946E0DA3C14D8C6EF45CF,IMPHASH=C92635D501F395C41AE84007194A43CD','Image':'C:\\Users\\pparker\\Downloads\\DriverUpdate_1_2.exe','ImageLoaded':'C:\\Windows\\SysWOW64\\psapi.dll','OriginalFileName':'PSAPI','ProcessGuid':'{7b34ed3d-23cf-673d-b302-000000000b00}','ProcessId':'2920','Product':'Microsoft® Windows® Operating System','RuleName':'-','Signature':'Microsoft Windows','SignatureStatus':'Valid','Signed':'true','User':'HOMELAB\\pparker','UtcTime':'2024-11-19 23:48:34.206'},'System':{'Channel':'Microsoft-Windows-Sysmon/Operational','Computer':'HL-WS04.HOMELAB.local','Correlation':'','EventID':'7','EventRecordID':'12900','Execution':{'ProcessID':'2052','ThreadID':'4064'},'Keywords':'0x8000000000000000','Level':'4','Opcode':'0','Provider':{'Guid':'{5770385f-c22a-43e0-bf4c-06f5698ffbd9}','Name':'Microsoft-Windows-Sysmon'},'Security':{'UserID':'S-1-5-18'},'Task':'7','TimeCreated':{'SystemTime':'2024-11-19T23:48:34.2493426Z'},'Version':'3','_event_id':'7'}}","{'Company':'Microsoft Corporation','Description':'Process Status Helper','FileVersion':'10.0.19041.3636 (WinBuild.160101.0800)','Hashes':'MD5=92A8027AFAB67DB7D71755BD2B1B39E6,SHA256=F901C48DE42ECC015EAA99F61444CFFA0155296832C946E0DA3C14D8C6EF45CF,IMPHASH=C92635D501F395C41AE84007194A43CD','Image':'C:\\Users\\pparker\\Downloads\\DriverUpdate_1_2.exe','ImageLoaded':'C:\\Windows\\SysWOW64\\psapi.dll','OriginalFileName':'PSAPI','ProcessGuid':'{7b34ed3d-23cf-673d-b302-000000000b00}','ProcessId':'2920','Product':'Microsoft® Windows® Operating System','RuleName':'-','Signature':'Microsoft Windows','SignatureStatus':'Valid','Signed':'true','User':'HOMELAB\\pparker','UtcTime':'2024-11-19 23:48:34.206'}",,"Microsoft Corporation",,,"Process Status Helper",,,,,,,,"10.0.19041.3636 (WinBuild.160101.0800)","MD5=92A8027AFAB67DB7D71755BD2B1B39E6,SHA256=F901C48DE42ECC015EAA99F61444CFFA0155296832C946E0DA3C14D8C6EF45CF,IMPHASH=C92635D501F395C41AE84007194A43CD","C:\Users\pparker\Downloads\DriverUpdate_1_2.exe","C:\Windows\SysWOW64\psapi.dll",,,,,"PSAPI",,,,,,"{7b34ed3d-23cf-673d-b302-000000000b00}","2920","Microsoft® Windows® Operating System",,"-","Microsoft Windows","Valid","true",,,,,,,,,"HOMELAB\pparker","2024-11-19 23:48:34.206","{'Channel':'Microsoft-Windows-Sysmon/Operational','Computer':'HL-WS04.HOMELAB.local','Correlation':'','EventID':'7','EventRecordID':'12900','Execution':{'ProcessID':'2052','ThreadID':'4064'},'Keywords':'0x8000000000000000','Level':'4','Opcode':'0','Provider':{'Guid':'{5770385f-c22a-43e0-bf4c-06f5698ffbd9}','Name':'Microsoft-Windows-Sysmon'},'Security':{'UserID':'S-1-5-18'},'Task':'7','TimeCreated':{'SystemTime':'2024-11-19T23:48:34.2493426Z'},'Version':'3','_event_id':'7'}","7","Microsoft-Windows-Sysmon/Operational","HL-WS04.HOMELAB.local","","7","12900","{'ProcessID':'2052','ThreadID':'4064'}","2052","4064","0x8000000000000000","4","0","{'Guid':'{5770385f-c22a-43e0-bf4c-06f5698ffbd9}','Name':'Microsoft-Windows-Sysmon'}","{5770385f-c22a-43e0-bf4c-06f5698ffbd9}","Microsoft-Windows-Sysmon","S-1-5-18","7","2024-11-19T23:48:34.2493426Z","3","{'arch':2,'did':'','event_id':'722be9c4-99ca-4b46-a407-244fba440ac7','event_time':1732060070783,'event_type':'WEL','ext_ip':'108.171.103.70','hostname':'hl-ws04.homelab.local','iid':'7e99630d-d276-4169-bd11-c23115a848fa','int_ip':'10.100.100.133','moduleid':2,'oid':'27c3229e-7f58-40c8-ad1a-799ff00e1781','plat':268435456,'sid':'20884ef9-0b46-4a29-9d58-832837729b10','tags':['workstations'],'this':'de564a15826f615220277f55673d23a6'}",2,"","722be9c4-99ca-4b46-a407-244fba440ac7",1732060070783,"WEL","108.171.103.70","hl-ws04.homelab.local","7e99630d-d276-4169-bd11-c23115a848fa","10.100.100.133",2,"27c3229e-7f58-40c8-ad1a-799ff00e1781",268435456,"20884ef9-0b46-4a29-9d58-832837729b10","['workstations']","de564a15826f615220277f55673d23a6"
"2024-11-19 23:47:50","{'EventData':{'Company':'Microsoft Corporation','Description':'IP Helper API','FileVersion':'10.0.19041.3636 (WinBuild.160101.0800)','Hashes':'MD5=C5F93114591AB9EFE8DC3A4A98845CDE,SHA256=DD3D073E10F6CBAEE11D73702EB99AE8A9DD73D2FC7FB37B165DD0B04BE7FE5E,IMPHASH=E78CCE9DD51B6DF71895888C3CD7480A','Image':'C:\\Users\\pparker\\Downloads\\DriverUpdate_1_2.exe','ImageLoaded':'C:\\Windows\\SysWOW64\\IPHLPAPI.DLL','OriginalFileName':'iphlpapi.dll','ProcessGuid':'{7b34ed3d-23cf-673d-b302-000000000b00}','ProcessId':'2920','Product':'Microsoft® Windows® Operating System','RuleName':'-','Signature':'Microsoft Windows','SignatureStatus':'Valid','Signed':'true','User':'HOMELAB\\pparker','UtcTime':'2024-11-19 23:48:34.221'},'System':{'Channel':'Microsoft-Windows-Sysmon/Operational','Computer':'HL-WS04.HOMELAB.local','Correlation':'','EventID':'7','EventRecordID':'12901','Execution':{'ProcessID':'2052','ThreadID':'3948'},'Keywords':'0x8000000000000000','Level':'4','Opcode':'0','Provider':{'Guid':'{5770385f-c22a-43e0-bf4c-06f5698ffbd9}','Name':'Microsoft-Windows-Sysmon'},'Security':{'UserID':'S-1-5-18'},'Task':'7','TimeCreated':{'SystemTime':'2024-11-19T23:48:34.2496921Z'},'Version':'3','_event_id':'7'}}","{'Company':'Microsoft Corporation','Description':'IP Helper API','FileVersion':'10.0.19041.3636 (WinBuild.160101.0800)','Hashes':'MD5=C5F93114591AB9EFE8DC3A4A98845CDE,SHA256=DD3D073E10F6CBAEE11D73702EB99AE8A9DD73D2FC7FB37B165DD0B04BE7FE5E,IMPHASH=E78CCE9DD51B6DF71895888C3CD7480A','Image':'C:\\Users\\pparker\\Downloads\\DriverUpdate_1_2.exe','ImageLoaded':'C:\\Windows\\SysWOW64\\IPHLPAPI.DLL','OriginalFileName':'iphlpapi.dll','ProcessGuid':'{7b34ed3d-23cf-673d-b302-000000000b00}','ProcessId':'2920','Product':'Microsoft® Windows® Operating System','RuleName':'-','Signature':'Microsoft Windows','SignatureStatus':'Valid','Signed':'true','User':'HOMELAB\\pparker','UtcTime':'2024-11-19 23:48:34.221'}",,"Microsoft Corporation",,,"IP Helper API",,,,,,,,"10.0.19041.3636 (WinBuild.160101.0800)","MD5=C5F93114591AB9EFE8DC3A4A98845CDE,SHA256=DD3D073E10F6CBAEE11D73702EB99AE8A9DD73D2FC7FB37B165DD0B04BE7FE5E,IMPHASH=E78CCE9DD51B6DF71895888C3CD7480A","C:\Users\pparker\Downloads\DriverUpdate_1_2.exe","C:\Windows\SysWOW64\IPHLPAPI.DLL",,,,,"iphlpapi.dll",,,,,,"{7b34ed3d-23cf-673d-b302-000000000b00}","2920","Microsoft® Windows® Operating System",,"-","Microsoft Windows","Valid","true",,,,,,,,,"HOMELAB\pparker","2024-11-19 23:48:34.221","{'Channel':'Microsoft-Windows-Sysmon/Operational','Computer':'HL-WS04.HOMELAB.local','Correlation':'','EventID':'7','EventRecordID':'12901','Execution':{'ProcessID':'2052','ThreadID':'3948'},'Keywords':'0x8000000000000000','Level':'4','Opcode':'0','Provider':{'Guid':'{5770385f-c22a-43e0-bf4c-06f5698ffbd9}','Name':'Microsoft-Windows-Sysmon'},'Security':{'UserID':'S-1-5-18'},'Task':'7','TimeCreated':{'SystemTime':'2024-11-19T23:48:34.2496921Z'},'Version':'3','_event_id':'7'}","7","Microsoft-Windows-Sysmon/Operational","HL-WS04.HOMELAB.local","","7","12901","{'ProcessID':'2052','ThreadID':'3948'}","2052","3948","0x8000000000000000","4","0","{'Guid':'{5770385f-c22a-43e0-bf4c-06f5698ffbd9}','Name':'Microsoft-Windows-Sysmon'}","{5770385f-c22a-43e0-bf4c-06f5698ffbd9}","Microsoft-Windows-Sysmon","S-1-5-18","7","2024-11-19T23:48:34.2496921Z","3","{'arch':2,'did':'','event_id':'e6ae8f7e-2e3a-4bcf-9fd4-3a2b7417bbe6','event_time':1732060070783,'event_type':'WEL','ext_ip':'108.171.103.70','hostname':'hl-ws04.homelab.local','iid':'7e99630d-d276-4169-bd11-c23115a848fa','int_ip':'10.100.100.133','moduleid':2,'oid':'27c3229e-7f58-40c8-ad1a-799ff00e1781','plat':268435456,'sid':'20884ef9-0b46-4a29-9d58-832837729b10','tags':['workstations'],'this':'61b0b09fc95ee520c20b2dc0673d23a6'}",2,"","e6ae8f7e-2e3a-4bcf-9fd4-3a2b7417bbe6",1732060070783,"WEL","108.171.103.70","hl-ws04.homelab.local","7e99630d-d276-4169-bd11-c23115a848fa","10.100.100.133",2,"27c3229e-7f58-40c8-ad1a-799ff00e1781",268435456,"20884ef9-0b46-4a29-9d58-832837729b10","['workstations']","61b0b09fc95ee520c20b2dc0673d23a6"
"2024-11-19 23:47:50","{'EventData':{'Company':'Microsoft Corporation','Description':'Workstation Service Client DLL','FileVersion':'10.0.19041.3636 (WinBuild.160101.0800)','Hashes':'MD5=1B5144B43F7A8E3C8AF9906267ED4E78,SHA256=227686A78077E172C4380303A1F7CACBCD30664BEC23BE44FAEE7262BB339E2C,IMPHASH=B16EA60831C8BD36D6F710D6B6E38352','Image':'C:\\Users\\pparker\\Downloads\\DriverUpdate_1_2.exe','ImageLoaded':'C:\\Windows\\SysWOW64\\wkscli.dll','OriginalFileName':'WKSCLI.DLL','ProcessGuid':'{7b34ed3d-23cf-673d-b302-000000000b00}','ProcessId':'2920','Product':'Microsoft® Windows® Operating System','RuleName':'-','Signature':'Microsoft Windows','SignatureStatus':'Valid','Signed':'true','User':'HOMELAB\\pparker','UtcTime':'2024-11-19 23:48:34.393'},'System':{'Channel':'Microsoft-Windows-Sysmon/Operational','Computer':'HL-WS04.HOMELAB.local','Correlation':'','EventID':'7','EventRecordID':'12907','Execution':{'ProcessID':'2052','ThreadID':'4064'},'Keywords':'0x8000000000000000','Level':'4','Opcode':'0','Provider':{'Guid':'{5770385f-c22a-43e0-bf4c-06f5698ffbd9}','Name':'Microsoft-Windows-Sysmon'},'Security':{'UserID':'S-1-5-18'},'Task':'7','TimeCreated':{'SystemTime':'2024-11-19T23:48:34.4034672Z'},'Version':'3','_event_id':'7'}}","{'Company':'Microsoft Corporation','Description':'Workstation Service Client DLL','FileVersion':'10.0.19041.3636 (WinBuild.160101.0800)','Hashes':'MD5=1B5144B43F7A8E3C8AF9906267ED4E78,SHA256=227686A78077E172C4380303A1F7CACBCD30664BEC23BE44FAEE7262BB339E2C,IMPHASH=B16EA60831C8BD36D6F710D6B6E38352','Image':'C:\\Users\\pparker\\Downloads\\DriverUpdate_1_2.exe','ImageLoaded':'C:\\Windows\\SysWOW64\\wkscli.dll','OriginalFileName':'WKSCLI.DLL','ProcessGuid':'{7b34ed3d-23cf-673d-b302-000000000b00}','ProcessId':'2920','Product':'Microsoft® Windows® Operating System','RuleName':'-','Signature':'Microsoft Windows','SignatureStatus':'Valid','Signed':'true','User':'HOMELAB\\pparker','UtcTime':'2024-11-19 23:48:34.393'}",,"Microsoft Corporation",,,"Workstation Service Client DLL",,,,,,,,"10.0.19041.3636 (WinBuild.160101.0800)","MD5=1B5144B43F7A8E3C8AF9906267ED4E78,SHA256=227686A78077E172C4380303A1F7CACBCD30664BEC23BE44FAEE7262BB339E2C,IMPHASH=B16EA60831C8BD36D6F710D6B6E38352","C:\Users\pparker\Downloads\DriverUpdate_1_2.exe","C:\Windows\SysWOW64\wkscli.dll",,,,,"WKSCLI.DLL",,,,,,"{7b34ed3d-23cf-673d-b302-000000000b00}","2920","Microsoft® Windows® Operating System",,"-","Microsoft Windows","Valid","true",,,,,,,,,"HOMELAB\pparker","2024-11-19 23:48:34.393","{'Channel':'Microsoft-Windows-Sysmon/Operational','Computer':'HL-WS04.HOMELAB.local','Correlation':'','EventID':'7','EventRecordID':'12907','Execution':{'ProcessID':'2052','ThreadID':'4064'},'Keywords':'0x8000000000000000','Level':'4','Opcode':'0','Provider':{'Guid':'{5770385f-c22a-43e0-bf4c-06f5698ffbd9}','Name':'Microsoft-Windows-Sysmon'},'Security':{'UserID':'S-1-5-18'},'Task':'7','TimeCreated':{'SystemTime':'2024-11-19T23:48:34.4034672Z'},'Version':'3','_event_id':'7'}","7","Microsoft-Windows-Sysmon/Operational","HL-WS04.HOMELAB.local","","7","12907","{'ProcessID':'2052','ThreadID':'4064'}","2052","4064","0x8000000000000000","4","0","{'Guid':'{5770385f-c22a-43e0-bf4c-06f5698ffbd9}','Name':'Microsoft-Windows-Sysmon'}","{5770385f-c22a-43e0-bf4c-06f5698ffbd9}","Microsoft-Windows-Sysmon","S-1-5-18","7","2024-11-19T23:48:34.4034672Z","3","{'arch':2,'did':'','event_id':'affd3bba-a2eb-4b98-8c97-5bb82f150201','event_time':1732060070783,'event_type':'WEL','ext_ip':'108.171.103.70','hostname':'hl-ws04.homelab.local','iid':'7e99630d-d276-4169-bd11-c23115a848fa','int_ip':'10.100.100.133','moduleid':2,'oid':'27c3229e-7f58-40c8-ad1a-799ff00e1781','plat':268435456,'sid':'20884ef9-0b46-4a29-9d58-832837729b10','tags':['workstations'],'this':'14bf1231e1146384614ac4b3673d23a6'}",2,"","affd3bba-a2eb-4b98-8c97-5bb82f150201",1732060070783,"WEL","108.171.103.70","hl-ws04.homelab.local","7e99630d-d276-4169-bd11-c23115a848fa","10.100.100.133",2,"27c3229e-7f58-40c8-ad1a-799ff00e1781",268435456,"20884ef9-0b46-4a29-9d58-832837729b10","['workstations']","14bf1231e1146384614ac4b3673d23a6"
"2024-11-19 23:47:50","{'EventData':{'Company':'Microsoft Corporation','Description':'Offline Files Win32 API','FileVersion':'10.0.19041.3636 (WinBuild.160101.0800)','Hashes':'MD5=46C4F87C83A0198255184D10B79F9095,SHA256=7FA69CE0022452912FC332D5B26137CB5B9040B205E3A6996311AC5EE179160D,IMPHASH=73EEE77E4030C1B056AED9BC1425A55E','Image':'C:\\Users\\pparker\\Downloads\\DriverUpdate_1_2.exe','ImageLoaded':'C:\\Windows\\SysWOW64\\cscapi.dll','OriginalFileName':'cscapi.dll','ProcessGuid':'{7b34ed3d-23cf-673d-b302-000000000b00}','ProcessId':'2920','Product':'Microsoft® Windows® Operating System','RuleName':'-','Signature':'Microsoft Windows','SignatureStatus':'Valid','Signed':'true','User':'HOMELAB\\pparker','UtcTime':'2024-11-19 23:48:34.393'},'System':{'Channel':'Microsoft-Windows-Sysmon/Operational','Computer':'HL-WS04.HOMELAB.local','Correlation':'','EventID':'7','EventRecordID':'12908','Execution':{'ProcessID':'2052','ThreadID':'4064'},'Keywords':'0x8000000000000000','Level':'4','Opcode':'0','Provider':{'Guid':'{5770385f-c22a-43e0-bf4c-06f5698ffbd9}','Name':'Microsoft-Windows-Sysmon'},'Security':{'UserID':'S-1-5-18'},'Task':'7','TimeCreated':{'SystemTime':'2024-11-19T23:48:34.4167925Z'},'Version':'3','_event_id':'7'}}","{'Company':'Microsoft Corporation','Description':'Offline Files Win32 API','FileVersion':'10.0.19041.3636 (WinBuild.160101.0800)','Hashes':'MD5=46C4F87C83A0198255184D10B79F9095,SHA256=7FA69CE0022452912FC332D5B26137CB5B9040B205E3A6996311AC5EE179160D,IMPHASH=73EEE77E4030C1B056AED9BC1425A55E','Image':'C:\\Users\\pparker\\Downloads\\DriverUpdate_1_2.exe','ImageLoaded':'C:\\Windows\\SysWOW64\\cscapi.dll','OriginalFileName':'cscapi.dll','ProcessGuid':'{7b34ed3d-23cf-673d-b302-000000000b00}','ProcessId':'2920','Product':'Microsoft® Windows® Operating System','RuleName':'-','Signature':'Microsoft Windows','SignatureStatus':'Valid','Signed':'true','User':'HOMELAB\\pparker','UtcTime':'2024-11-19 23:48:34.393'}",,"Microsoft Corporation",,,"Offline Files Win32 API",,,,,,,,"10.0.19041.3636 (WinBuild.160101.0800)","MD5=46C4F87C83A0198255184D10B79F9095,SHA256=7FA69CE0022452912FC332D5B26137CB5B9040B205E3A6996311AC5EE179160D,IMPHASH=73EEE77E4030C1B056AED9BC1425A55E","C:\Users\pparker\Downloads\DriverUpdate_1_2.exe","C:\Windows\SysWOW64\cscapi.dll",,,,,"cscapi.dll",,,,,,"{7b34ed3d-23cf-673d-b302-000000000b00}","2920","Microsoft® Windows® Operating System",,"-","Microsoft Windows","Valid","true",,,,,,,,,"HOMELAB\pparker","2024-11-19 23:48:34.393","{'Channel':'Microsoft-Windows-Sysmon/Operational','Computer':'HL-WS04.HOMELAB.local','Correlation':'','EventID':'7','EventRecordID':'12908','Execution':{'ProcessID':'2052','ThreadID':'4064'},'Keywords':'0x8000000000000000','Level':'4','Opcode':'0','Provider':{'Guid':'{5770385f-c22a-43e0-bf4c-06f5698ffbd9}','Name':'Microsoft-Windows-Sysmon'},'Security':{'UserID':'S-1-5-18'},'Task':'7','TimeCreated':{'SystemTime':'2024-11-19T23:48:34.4167925Z'},'Version':'3','_event_id':'7'}","7","Microsoft-Windows-Sysmon/Operational","HL-WS04.HOMELAB.local","","7","12908","{'ProcessID':'2052','ThreadID':'4064'}","2052","4064","0x8000000000000000","4","0","{'Guid':'{5770385f-c22a-43e0-bf4c-06f5698ffbd9}','Name':'Microsoft-Windows-Sysmon'}","{5770385f-c22a-43e0-bf4c-06f5698ffbd9}","Microsoft-Windows-Sysmon","S-1-5-18","7","2024-11-19T23:48:34.4167925Z","3","{'arch':2,'did':'','event_id':'694b1577-e4c7-4c43-aa4e-ad88e22e44cc','event_time':1732060070783,'event_type':'WEL','ext_ip':'108.171.103.70','hostname':'hl-ws04.homelab.local','iid':'7e99630d-d276-4169-bd11-c23115a848fa','int_ip':'10.100.100.133','moduleid':2,'oid':'27c3229e-7f58-40c8-ad1a-799ff00e1781','plat':268435456,'sid':'20884ef9-0b46-4a29-9d58-832837729b10','tags':['workstations'],'this':'0056d91087dabb531a4f1e77673d23a6'}",2,"","694b1577-e4c7-4c43-aa4e-ad88e22e44cc",1732060070783,"WEL","108.171.103.70","hl-ws04.homelab.local","7e99630d-d276-4169-bd11-c23115a848fa","10.100.100.133",2,"27c3229e-7f58-40c8-ad1a-799ff00e1781",268435456,"20884ef9-0b46-4a29-9d58-832837729b10","['workstations']","0056d91087dabb531a4f1e77673d23a6"
"2024-11-19 23:47:50","{'EventData':{'Company':'Microsoft Corporation','Description':'NSI User-mode interface DLL','FileVersion':'10.0.19041.3636 (WinBuild.160101.0800)','Hashes':'MD5=D9EF7D5C84236FB52028FA669AC04448,SHA256=2DC55CD2E34F95C522F6B8DE6B24AEEEF79EA1E1015897864CC3477693F62FEA,IMPHASH=9F19B08BA92C5E2D2FFFC1B3724649DB','Image':'C:\\Users\\pparker\\Downloads\\DriverUpdate_1_2.exe','ImageLoaded':'C:\\Windows\\SysWOW64\\nsi.dll','OriginalFileName':'nsi.dll','ProcessGuid':'{7b34ed3d-23cf-673d-b302-000000000b00}','ProcessId':'2920','Product':'Microsoft® Windows® Operating System','RuleName':'-','Signature':'Microsoft Windows','SignatureStatus':'Valid','Signed':'true','User':'HOMELAB\\pparker','UtcTime':'2024-11-19 23:48:34.456'},'System':{'Channel':'Microsoft-Windows-Sysmon/Operational','Computer':'HL-WS04.HOMELAB.local','Correlation':'','EventID':'7','EventRecordID':'12909','Execution':{'ProcessID':'2052','ThreadID':'3948'},'Keywords':'0x8000000000000000','Level':'4','Opcode':'0','Provider':{'Guid':'{5770385f-c22a-43e0-bf4c-06f5698ffbd9}','Name':'Microsoft-Windows-Sysmon'},'Security':{'UserID':'S-1-5-18'},'Task':'7','TimeCreated':{'SystemTime':'2024-11-19T23:48:34.4590996Z'},'Version':'3','_event_id':'7'}}","{'Company':'Microsoft Corporation','Description':'NSI User-mode interface DLL','FileVersion':'10.0.19041.3636 (WinBuild.160101.0800)','Hashes':'MD5=D9EF7D5C84236FB52028FA669AC04448,SHA256=2DC55CD2E34F95C522F6B8DE6B24AEEEF79EA1E1015897864CC3477693F62FEA,IMPHASH=9F19B08BA92C5E2D2FFFC1B3724649DB','Image':'C:\\Users\\pparker\\Downloads\\DriverUpdate_1_2.exe','ImageLoaded':'C:\\Windows\\SysWOW64\\nsi.dll','OriginalFileName':'nsi.dll','ProcessGuid':'{7b34ed3d-23cf-673d-b302-000000000b00}','ProcessId':'2920','Product':'Microsoft® Windows® Operating System','RuleName':'-','Signature':'Microsoft Windows','SignatureStatus':'Valid','Signed':'true','User':'HOMELAB\\pparker','UtcTime':'2024-11-19 23:48:34.456'}",,"Microsoft Corporation",,,"NSI User-mode interface DLL",,,,,,,,"10.0.19041.3636 (WinBuild.160101.0800)","MD5=D9EF7D5C84236FB52028FA669AC04448,SHA256=2DC55CD2E34F95C522F6B8DE6B24AEEEF79EA1E1015897864CC3477693F62FEA,IMPHASH=9F19B08BA92C5E2D2FFFC1B3724649DB","C:\Users\pparker\Downloads\DriverUpdate_1_2.exe","C:\Windows\SysWOW64\nsi.dll",,,,,"nsi.dll",,,,,,"{7b34ed3d-23cf-673d-b302-000000000b00}","2920","Microsoft® Windows® Operating System",,"-","Microsoft Windows","Valid","true",,,,,,,,,"HOMELAB\pparker","2024-11-19 23:48:34.456","{'Channel':'Microsoft-Windows-Sysmon/Operational','Computer':'HL-WS04.HOMELAB.local','Correlation':'','EventID':'7','EventRecordID':'12909','Execution':{'ProcessID':'2052','ThreadID':'3948'},'Keywords':'0x8000000000000000','Level':'4','Opcode':'0','Provider':{'Guid':'{5770385f-c22a-43e0-bf4c-06f5698ffbd9}','Name':'Microsoft-Windows-Sysmon'},'Security':{'UserID':'S-1-5-18'},'Task':'7','TimeCreated':{'SystemTime':'2024-11-19T23:48:34.4590996Z'},'Version':'3','_event_id':'7'}","7","Microsoft-Windows-Sysmon/Operational","HL-WS04.HOMELAB.local","","7","12909","{'ProcessID':'2052','ThreadID':'3948'}","2052","3948","0x8000000000000000","4","0","{'Guid':'{5770385f-c22a-43e0-bf4c-06f5698ffbd9}','Name':'Microsoft-Windows-Sysmon'}","{5770385f-c22a-43e0-bf4c-06f5698ffbd9}","Microsoft-Windows-Sysmon","S-1-5-18","7","2024-11-19T23:48:34.4590996Z","3","{'arch':2,'did':'','event_id':'3d4d506f-e9db-4c2a-a5d9-585af5caefc3','event_time':1732060070783,'event_type':'WEL','ext_ip':'108.171.103.70','hostname':'hl-ws04.homelab.local','iid':'7e99630d-d276-4169-bd11-c23115a848fa','int_ip':'10.100.100.133','moduleid':2,'oid':'27c3229e-7f58-40c8-ad1a-799ff00e1781','plat':268435456,'sid':'20884ef9-0b46-4a29-9d58-832837729b10','tags':['workstations'],'this':'aacaaa0e48d83b1721f92184673d23a6'}",2,"","3d4d506f-e9db-4c2a-a5d9-585af5caefc3",1732060070783,"WEL","108.171.103.70","hl-ws04.homelab.local","7e99630d-d276-4169-bd11-c23115a848fa","10.100.100.133",2,"27c3229e-7f58-40c8-ad1a-799ff00e1781",268435456,"20884ef9-0b46-4a29-9d58-832837729b10","['workstations']","aacaaa0e48d83b1721f92184673d23a6"
"2024-11-19 23:47:50","{'EventData':{'Company':'Microsoft Corporation','Description':'DHCP Client Service','FileVersion':'10.0.19041.3636 (WinBuild.160101.0800)','Hashes':'MD5=EB4AD4ED7E7862AFFB6C68F250C66794,SHA256=9497D7BA94DFB3327EC40F4CC45F6E015E1D4D332D2A97547A8F5498EE73CAF6,IMPHASH=63FC82444BE0DE4F05C0049583ECF84D','Image':'C:\\Users\\pparker\\Downloads\\DriverUpdate_1_2.exe','ImageLoaded':'C:\\Windows\\SysWOW64\\dhcpcsvc.dll','OriginalFileName':'dhcpcsvc.dll','ProcessGuid':'{7b34ed3d-23cf-673d-b302-000000000b00}','ProcessId':'2920','Product':'Microsoft® Windows® Operating System','RuleName':'-','Signature':'Microsoft Windows','SignatureStatus':'Valid','Signed':'true','User':'HOMELAB\\pparker','UtcTime':'2024-11-19 23:48:34.456'},'System':{'Channel':'Microsoft-Windows-Sysmon/Operational','Computer':'HL-WS04.HOMELAB.local','Correlation':'','EventID':'7','EventRecordID':'12910','Execution':{'ProcessID':'2052','ThreadID':'3948'},'Keywords':'0x8000000000000000','Level':'4','Opcode':'0','Provider':{'Guid':'{5770385f-c22a-43e0-bf4c-06f5698ffbd9}','Name':'Microsoft-Windows-Sysmon'},'Security':{'UserID':'S-1-5-18'},'Task':'7','TimeCreated':{'SystemTime':'2024-11-19T23:48:34.4623958Z'},'Version':'3','_event_id':'7'}}","{'Company':'Microsoft Corporation','Description':'DHCP Client Service','FileVersion':'10.0.19041.3636 (WinBuild.160101.0800)','Hashes':'MD5=EB4AD4ED7E7862AFFB6C68F250C66794,SHA256=9497D7BA94DFB3327EC40F4CC45F6E015E1D4D332D2A97547A8F5498EE73CAF6,IMPHASH=63FC82444BE0DE4F05C0049583ECF84D','Image':'C:\\Users\\pparker\\Downloads\\DriverUpdate_1_2.exe','ImageLoaded':'C:\\Windows\\SysWOW64\\dhcpcsvc.dll','OriginalFileName':'dhcpcsvc.dll','ProcessGuid':'{7b34ed3d-23cf-673d-b302-000000000b00}','ProcessId':'2920','Product':'Microsoft® Windows® Operating System','RuleName':'-','Signature':'Microsoft Windows','SignatureStatus':'Valid','Signed':'true','User':'HOMELAB\\pparker','UtcTime':'2024-11-19 23:48:34.456'}",,"Microsoft Corporation",,,"DHCP Client Service",,,,,,,,"10.0.19041.3636 (WinBuild.160101.0800)","MD5=EB4AD4ED7E7862AFFB6C68F250C66794,SHA256=9497D7BA94DFB3327EC40F4CC45F6E015E1D4D332D2A97547A8F5498EE73CAF6,IMPHASH=63FC82444BE0DE4F05C0049583ECF84D","C:\Users\pparker\Downloads\DriverUpdate_1_2.exe","C:\Windows\SysWOW64\dhcpcsvc.dll",,,,,"dhcpcsvc.dll",,,,,,"{7b34ed3d-23cf-673d-b302-000000000b00}","2920","Microsoft® Windows® Operating System",,"-","Microsoft Windows","Valid","true",,,,,,,,,"HOMELAB\pparker","2024-11-19 23:48:34.456","{'Channel':'Microsoft-Windows-Sysmon/Operational','Computer':'HL-WS04.HOMELAB.local','Correlation':'','EventID':'7','EventRecordID':'12910','Execution':{'ProcessID':'2052','ThreadID':'3948'},'Keywords':'0x8000000000000000','Level':'4','Opcode':'0','Provider':{'Guid':'{5770385f-c22a-43e0-bf4c-06f5698ffbd9}','Name':'Microsoft-Windows-Sysmon'},'Security':{'UserID':'S-1-5-18'},'Task':'7','TimeCreated':{'SystemTime':'2024-11-19T23:48:34.4623958Z'},'Version':'3','_event_id':'7'}","7","Microsoft-Windows-Sysmon/Operational","HL-WS04.HOMELAB.local","","7","12910","{'ProcessID':'2052','ThreadID':'3948'}","2052","3948","0x8000000000000000","4","0","{'Guid':'{5770385f-c22a-43e0-bf4c-06f5698ffbd9}','Name':'Microsoft-Windows-Sysmon'}","{5770385f-c22a-43e0-bf4c-06f5698ffbd9}","Microsoft-Windows-Sysmon","S-1-5-18","7","2024-11-19T23:48:34.4623958Z","3","{'arch':2,'did':'','event_id':'50a0d0c7-4c88-46fb-a074-087e9fe4efc6','event_time':1732060070783,'event_type':'WEL','ext_ip':'108.171.103.70','hostname':'hl-ws04.homelab.local','iid':'7e99630d-d276-4169-bd11-c23115a848fa','int_ip':'10.100.100.133','moduleid':2,'oid':'27c3229e-7f58-40c8-ad1a-799ff00e1781','plat':268435456,'sid':'20884ef9-0b46-4a29-9d58-832837729b10','tags':['workstations'],'this':'9ff792cd9d3073257755047b673d23a6'}",2,"","50a0d0c7-4c88-46fb-a074-087e9fe4efc6",1732060070783,"WEL","108.171.103.70","hl-ws04.homelab.local","7e99630d-d276-4169-bd11-c23115a848fa","10.100.100.133",2,"27c3229e-7f58-40c8-ad1a-799ff00e1781",268435456,"20884ef9-0b46-4a29-9d58-832837729b10","['workstations']","9ff792cd9d3073257755047b673d23a6"
"2024-11-19 23:47:50","{'EventData':{'Company':'Microsoft Corporation','Description':'DHCPv6 Client','FileVersion':'10.0.19041.3636 (WinBuild.160101.0800)','Hashes':'MD5=1542D0CD7F85E7515DE13E1C1F6C2BAC,SHA256=9857E276B9EC864D051ABBC71368A22B7FCBFC6CD42E3A139E6776798B2C8396,IMPHASH=E94762BBEAB21DC15D0ADC6BDBB8F97F','Image':'C:\\Users\\pparker\\Downloads\\DriverUpdate_1_2.exe','ImageLoaded':'C:\\Windows\\SysWOW64\\dhcpcsvc6.dll','OriginalFileName':'dhcpcsvc6.dll','ProcessGuid':'{7b34ed3d-23cf-673d-b302-000000000b00}','ProcessId':'2920','Product':'Microsoft® Windows® Operating System','RuleName':'-','Signature':'Microsoft Windows','SignatureStatus':'Valid','Signed':'true','User':'HOMELAB\\pparker','UtcTime':'2024-11-19 23:48:34.456'},'System':{'Channel':'Microsoft-Windows-Sysmon/Operational','Computer':'HL-WS04.HOMELAB.local','Correlation':'','EventID':'7','EventRecordID':'12911','Execution':{'ProcessID':'2052','ThreadID':'4064'},'Keywords':'0x8000000000000000','Level':'4','Opcode':'0','Provider':{'Guid':'{5770385f-c22a-43e0-bf4c-06f5698ffbd9}','Name':'Microsoft-Windows-Sysmon'},'Security':{'UserID':'S-1-5-18'},'Task':'7','TimeCreated':{'SystemTime':'2024-11-19T23:48:34.4706938Z'},'Version':'3','_event_id':'7'}}","{'Company':'Microsoft Corporation','Description':'DHCPv6 Client','FileVersion':'10.0.19041.3636 (WinBuild.160101.0800)','Hashes':'MD5=1542D0CD7F85E7515DE13E1C1F6C2BAC,SHA256=9857E276B9EC864D051ABBC71368A22B7FCBFC6CD42E3A139E6776798B2C8396,IMPHASH=E94762BBEAB21DC15D0ADC6BDBB8F97F','Image':'C:\\Users\\pparker\\Downloads\\DriverUpdate_1_2.exe','ImageLoaded':'C:\\Windows\\SysWOW64\\dhcpcsvc6.dll','OriginalFileName':'dhcpcsvc6.dll','ProcessGuid':'{7b34ed3d-23cf-673d-b302-000000000b00}','ProcessId':'2920','Product':'Microsoft® Windows® Operating System','RuleName':'-','Signature':'Microsoft Windows','SignatureStatus':'Valid','Signed':'true','User':'HOMELAB\\pparker','UtcTime':'2024-11-19 23:48:34.456'}",,"Microsoft Corporation",,,"DHCPv6 Client",,,,,,,,"10.0.19041.3636 (WinBuild.160101.0800)","MD5=1542D0CD7F85E7515DE13E1C1F6C2BAC,SHA256=9857E276B9EC864D051ABBC71368A22B7FCBFC6CD42E3A139E6776798B2C8396,IMPHASH=E94762BBEAB21DC15D0ADC6BDBB8F97F","C:\Users\pparker\Downloads\DriverUpdate_1_2.exe","C:\Windows\SysWOW64\dhcpcsvc6.dll",,,,,"dhcpcsvc6.dll",,,,,,"{7b34ed3d-23cf-673d-b302-000000000b00}","2920","Microsoft® Windows® Operating System",,"-","Microsoft Windows","Valid","true",,,,,,,,,"HOMELAB\pparker","2024-11-19 23:48:34.456","{'Channel':'Microsoft-Windows-Sysmon/Operational','Computer':'HL-WS04.HOMELAB.local','Correlation':'','EventID':'7','EventRecordID':'12911','Execution':{'ProcessID':'2052','ThreadID':'4064'},'Keywords':'0x8000000000000000','Level':'4','Opcode':'0','Provider':{'Guid':'{5770385f-c22a-43e0-bf4c-06f5698ffbd9}','Name':'Microsoft-Windows-Sysmon'},'Security':{'UserID':'S-1-5-18'},'Task':'7','TimeCreated':{'SystemTime':'2024-11-19T23:48:34.4706938Z'},'Version':'3','_event_id':'7'}","7","Microsoft-Windows-Sysmon/Operational","HL-WS04.HOMELAB.local","","7","12911","{'ProcessID':'2052','ThreadID':'4064'}","2052","4064","0x8000000000000000","4","0","{'Guid':'{5770385f-c22a-43e0-bf4c-06f5698ffbd9}','Name':'Microsoft-Windows-Sysmon'}","{5770385f-c22a-43e0-bf4c-06f5698ffbd9}","Microsoft-Windows-Sysmon","S-1-5-18","7","2024-11-19T23:48:34.4706938Z","3","{'arch':2,'did':'','event_id':'d6f3c4ef-5058-4d36-b923-4cea0cab7fbb','event_time':1732060070783,'event_type':'WEL','ext_ip':'108.171.103.70','hostname':'hl-ws04.homelab.local','iid':'7e99630d-d276-4169-bd11-c23115a848fa','int_ip':'10.100.100.133','moduleid':2,'oid':'27c3229e-7f58-40c8-ad1a-799ff00e1781','plat':268435456,'sid':'20884ef9-0b46-4a29-9d58-832837729b10','tags':['workstations'],'this':'2569688ee852cf76e5e30ee9673d23a6'}",2,"","d6f3c4ef-5058-4d36-b923-4cea0cab7fbb",1732060070783,"WEL","108.171.103.70","hl-ws04.homelab.local","7e99630d-d276-4169-bd11-c23115a848fa","10.100.100.133",2,"27c3229e-7f58-40c8-ad1a-799ff00e1781",268435456,"20884ef9-0b46-4a29-9d58-832837729b10","['workstations']","2569688ee852cf76e5e30ee9673d23a6"
