"2024-11-20 00:48:47","{'EventData':{'Company':'Microsoft Corporation','Description':'OLE32 Extensions for Win32','FileVersion':'11.00.19041.4894 (WinBuild.160101.0800)','Hashes':'MD5=3A00D7733AF7458C2A4DF34600969649,SHA256=7B20E1390ABFB550EB55ED60B337E599A42667F43C7D729F43B2AAAC57275A24,IMPHASH=EC2052EB181DF31EFFFAB53561FD0A89','Image':'C:\\Users\\pparker\\Downloads\\DriverUpdate_1_2.exe','ImageLoaded':'C:\\Windows\\SysWOW64\\urlmon.dll','OriginalFileName':'UrlMon.dll','ProcessGuid':'{7b34ed3d-321c-673d-5906-000000000b00}','ProcessId':'368','Product':'Internet Explorer','RuleName':'-','Signature':'Microsoft Windows','SignatureStatus':'Valid','Signed':'true','User':'HOMELAB\\pparker','UtcTime':'2024-11-20 00:49:32.732'},'System':{'Channel':'Microsoft-Windows-Sysmon/Operational','Computer':'HL-WS04.HOMELAB.local','Correlation':'','EventID':'7','EventRecordID':'43020','Execution':{'ProcessID':'2052','ThreadID':'3948'},'Keywords':'0x8000000000000000','Level':'4','Opcode':'0','Provider':{'Guid':'{5770385f-c22a-43e0-bf4c-06f5698ffbd9}','Name':'Microsoft-Windows-Sysmon'},'Security':{'UserID':'S-1-5-18'},'Task':'7','TimeCreated':{'SystemTime':'2024-11-20T00:49:32.7382317Z'},'Version':'3','_event_id':'7'}}","{'Company':'Microsoft Corporation','Description':'OLE32 Extensions for Win32','FileVersion':'11.00.19041.4894 (WinBuild.160101.0800)','Hashes':'MD5=3A00D7733AF7458C2A4DF34600969649,SHA256=7B20E1390ABFB550EB55ED60B337E599A42667F43C7D729F43B2AAAC57275A24,IMPHASH=EC2052EB181DF31EFFFAB53561FD0A89','Image':'C:\\Users\\pparker\\Downloads\\DriverUpdate_1_2.exe','ImageLoaded':'C:\\Windows\\SysWOW64\\urlmon.dll','OriginalFileName':'UrlMon.dll','ProcessGuid':'{7b34ed3d-321c-673d-5906-000000000b00}','ProcessId':'368','Product':'Internet Explorer','RuleName':'-','Signature':'Microsoft Windows','SignatureStatus':'Valid','Signed':'true','User':'HOMELAB\\pparker','UtcTime':'2024-11-20 00:49:32.732'}",,"Microsoft Corporation",,,"OLE32 Extensions for Win32",,,,,,,,"11.00.19041.4894 (WinBuild.160101.0800)","MD5=3A00D7733AF7458C2A4DF34600969649,SHA256=7B20E1390ABFB550EB55ED60B337E599A42667F43C7D729F43B2AAAC57275A24,IMPHASH=EC2052EB181DF31EFFFAB53561FD0A89","C:\Users\pparker\Downloads\DriverUpdate_1_2.exe","C:\Windows\SysWOW64\urlmon.dll",,,,,"UrlMon.dll",,,,,,"{7b34ed3d-321c-673d-5906-000000000b00}","368","Internet Explorer",,"-","Microsoft Windows","Valid","true",,,,,,,,,"HOMELAB\pparker","2024-11-20 00:49:32.732","{'Channel':'Microsoft-Windows-Sysmon/Operational','Computer':'HL-WS04.HOMELAB.local','Correlation':'','EventID':'7','EventRecordID':'43020','Execution':{'ProcessID':'2052','ThreadID':'3948'},'Keywords':'0x8000000000000000','Level':'4','Opcode':'0','Provider':{'Guid':'{5770385f-c22a-43e0-bf4c-06f5698ffbd9}','Name':'Microsoft-Windows-Sysmon'},'Security':{'UserID':'S-1-5-18'},'Task':'7','TimeCreated':{'SystemTime':'2024-11-20T00:49:32.7382317Z'},'Version':'3','_event_id':'7'}","7","Microsoft-Windows-Sysmon/Operational","HL-WS04.HOMELAB.local","","7","43020","{'ProcessID':'2052','ThreadID':'3948'}","2052","3948","0x8000000000000000","4","0","{'Guid':'{5770385f-c22a-43e0-bf4c-06f5698ffbd9}','Name':'Microsoft-Windows-Sysmon'}","{5770385f-c22a-43e0-bf4c-06f5698ffbd9}","Microsoft-Windows-Sysmon","S-1-5-18","7","2024-11-20T00:49:32.7382317Z","3","{'arch':2,'did':'','event_id':'e8e7b771-20f4-470b-8091-bbc0e7ae6830','event_time':1732063727437,'event_type':'WEL','ext_ip':'108.171.103.70','hostname':'hl-ws04.homelab.local','iid':'7e99630d-d276-4169-bd11-c23115a848fa','int_ip':'10.100.100.133','moduleid':2,'oid':'27c3229e-7f58-40c8-ad1a-799ff00e1781','plat':268435456,'sid':'20884ef9-0b46-4a29-9d58-832837729b10','tags':['workstations'],'this':'0969515a63602c90878736cd673d31ef'}",2,"","e8e7b771-20f4-470b-8091-bbc0e7ae6830",1732063727437,"WEL","108.171.103.70","hl-ws04.homelab.local","7e99630d-d276-4169-bd11-c23115a848fa","10.100.100.133",2,"27c3229e-7f58-40c8-ad1a-799ff00e1781",268435456,"20884ef9-0b46-4a29-9d58-832837729b10","['workstations']","0969515a63602c90878736cd673d31ef"
"2024-11-20 00:48:47","{'EventData':{'Company':'Microsoft Corporation','Description':'Windows Spooler Driver','FileVersion':'10.0.19041.4597 (WinBuild.160101.0800)','Hashes':'MD5=6DF509B62A3D4B59309C8B4750C17681,SHA256=3B225038401914B5A69BE2FB1A723292029BC45052AFAD84DA735068077BFE8C,IMPHASH=BCB68A549A6345256E495A6FCF5E3FED','Image':'C:\\Users\\pparker\\Downloads\\DriverUpdate_1_2.exe','ImageLoaded':'C:\\Windows\\SysWOW64\\winspool.drv','OriginalFileName':'winspool.drv','ProcessGuid':'{7b34ed3d-321c-673d-5906-000000000b00}','ProcessId':'368','Product':'Microsoft® Windows® Operating System','RuleName':'-','Signature':'Microsoft Windows','SignatureStatus':'Valid','Signed':'true','User':'HOMELAB\\pparker','UtcTime':'2024-11-20 00:49:32.732'},'System':{'Channel':'Microsoft-Windows-Sysmon/Operational','Computer':'HL-WS04.HOMELAB.local','Correlation':'','EventID':'7','EventRecordID':'43021','Execution':{'ProcessID':'2052','ThreadID':'3948'},'Keywords':'0x8000000000000000','Level':'4','Opcode':'0','Provider':{'Guid':'{5770385f-c22a-43e0-bf4c-06f5698ffbd9}','Name':'Microsoft-Windows-Sysmon'},'Security':{'UserID':'S-1-5-18'},'Task':'7','TimeCreated':{'SystemTime':'2024-11-20T00:49:32.7394219Z'},'Version':'3','_event_id':'7'}}","{'Company':'Microsoft Corporation','Description':'Windows Spooler Driver','FileVersion':'10.0.19041.4597 (WinBuild.160101.0800)','Hashes':'MD5=6DF509B62A3D4B59309C8B4750C17681,SHA256=3B225038401914B5A69BE2FB1A723292029BC45052AFAD84DA735068077BFE8C,IMPHASH=BCB68A549A6345256E495A6FCF5E3FED','Image':'C:\\Users\\pparker\\Downloads\\DriverUpdate_1_2.exe','ImageLoaded':'C:\\Windows\\SysWOW64\\winspool.drv','OriginalFileName':'winspool.drv','ProcessGuid':'{7b34ed3d-321c-673d-5906-000000000b00}','ProcessId':'368','Product':'Microsoft® Windows® Operating System','RuleName':'-','Signature':'Microsoft Windows','SignatureStatus':'Valid','Signed':'true','User':'HOMELAB\\pparker','UtcTime':'2024-11-20 00:49:32.732'}",,"Microsoft Corporation",,,"Windows Spooler Driver",,,,,,,,"10.0.19041.4597 (WinBuild.160101.0800)","MD5=6DF509B62A3D4B59309C8B4750C17681,SHA256=3B225038401914B5A69BE2FB1A723292029BC45052AFAD84DA735068077BFE8C,IMPHASH=BCB68A549A6345256E495A6FCF5E3FED","C:\Users\pparker\Downloads\DriverUpdate_1_2.exe","C:\Windows\SysWOW64\winspool.drv",,,,,"winspool.drv",,,,,,"{7b34ed3d-321c-673d-5906-000000000b00}","368","Microsoft® Windows® Operating System",,"-","Microsoft Windows","Valid","true",,,,,,,,,"HOMELAB\pparker","2024-11-20 00:49:32.732","{'Channel':'Microsoft-Windows-Sysmon/Operational','Computer':'HL-WS04.HOMELAB.local','Correlation':'','EventID':'7','EventRecordID':'43021','Execution':{'ProcessID':'2052','ThreadID':'3948'},'Keywords':'0x8000000000000000','Level':'4','Opcode':'0','Provider':{'Guid':'{5770385f-c22a-43e0-bf4c-06f5698ffbd9}','Name':'Microsoft-Windows-Sysmon'},'Security':{'UserID':'S-1-5-18'},'Task':'7','TimeCreated':{'SystemTime':'2024-11-20T00:49:32.7394219Z'},'Version':'3','_event_id':'7'}","7","Microsoft-Windows-Sysmon/Operational","HL-WS04.HOMELAB.local","","7","43021","{'ProcessID':'2052','ThreadID':'3948'}","2052","3948","0x8000000000000000","4","0","{'Guid':'{5770385f-c22a-43e0-bf4c-06f5698ffbd9}','Name':'Microsoft-Windows-Sysmon'}","{5770385f-c22a-43e0-bf4c-06f5698ffbd9}","Microsoft-Windows-Sysmon","S-1-5-18","7","2024-11-20T00:49:32.7394219Z","3","{'arch':2,'did':'','event_id':'56cefadd-7bf9-48e4-a898-15417d12186d','event_time':1732063727437,'event_type':'WEL','ext_ip':'108.171.103.70','hostname':'hl-ws04.homelab.local','iid':'7e99630d-d276-4169-bd11-c23115a848fa','int_ip':'10.100.100.133','moduleid':2,'oid':'27c3229e-7f58-40c8-ad1a-799ff00e1781','plat':268435456,'sid':'20884ef9-0b46-4a29-9d58-832837729b10','tags':['workstations'],'this':'f799db37a4c317941c321829673d31ef'}",2,"","56cefadd-7bf9-48e4-a898-15417d12186d",1732063727437,"WEL","108.171.103.70","hl-ws04.homelab.local","7e99630d-d276-4169-bd11-c23115a848fa","10.100.100.133",2,"27c3229e-7f58-40c8-ad1a-799ff00e1781",268435456,"20884ef9-0b46-4a29-9d58-832837729b10","['workstations']","f799db37a4c317941c321829673d31ef"
"2024-11-20 00:48:47","{'EventData':{'Company':'Microsoft Corporation','Description':'Multiple Provider Router DLL','FileVersion':'10.0.19041.3636 (WinBuild.160101.0800)','Hashes':'MD5=68F72F23FD5A418A13F8C1ACBC4EDDD1,SHA256=DD378CBC3424EB958DA4C78BABC0DFFA44E5AB10A304B37F0DF82161CC013512,IMPHASH=85E7CB96F8CF9AA23D636135B5BE7EFB','Image':'C:\\Users\\pparker\\Downloads\\DriverUpdate_1_2.exe','ImageLoaded':'C:\\Windows\\SysWOW64\\mpr.dll','OriginalFileName':'mpr.dll','ProcessGuid':'{7b34ed3d-321c-673d-5906-000000000b00}','ProcessId':'368','Product':'Microsoft® Windows® Operating System','RuleName':'-','Signature':'Microsoft Windows','SignatureStatus':'Valid','Signed':'true','User':'HOMELAB\\pparker','UtcTime':'2024-11-20 00:49:32.732'},'System':{'Channel':'Microsoft-Windows-Sysmon/Operational','Computer':'HL-WS04.HOMELAB.local','Correlation':'','EventID':'7','EventRecordID':'43022','Execution':{'ProcessID':'2052','ThreadID':'3948'},'Keywords':'0x8000000000000000','Level':'4','Opcode':'0','Provider':{'Guid':'{5770385f-c22a-43e0-bf4c-06f5698ffbd9}','Name':'Microsoft-Windows-Sysmon'},'Security':{'UserID':'S-1-5-18'},'Task':'7','TimeCreated':{'SystemTime':'2024-11-20T00:49:32.7399299Z'},'Version':'3','_event_id':'7'}}","{'Company':'Microsoft Corporation','Description':'Multiple Provider Router DLL','FileVersion':'10.0.19041.3636 (WinBuild.160101.0800)','Hashes':'MD5=68F72F23FD5A418A13F8C1ACBC4EDDD1,SHA256=DD378CBC3424EB958DA4C78BABC0DFFA44E5AB10A304B37F0DF82161CC013512,IMPHASH=85E7CB96F8CF9AA23D636135B5BE7EFB','Image':'C:\\Users\\pparker\\Downloads\\DriverUpdate_1_2.exe','ImageLoaded':'C:\\Windows\\SysWOW64\\mpr.dll','OriginalFileName':'mpr.dll','ProcessGuid':'{7b34ed3d-321c-673d-5906-000000000b00}','ProcessId':'368','Product':'Microsoft® Windows® Operating System','RuleName':'-','Signature':'Microsoft Windows','SignatureStatus':'Valid','Signed':'true','User':'HOMELAB\\pparker','UtcTime':'2024-11-20 00:49:32.732'}",,"Microsoft Corporation",,,"Multiple Provider Router DLL",,,,,,,,"10.0.19041.3636 (WinBuild.160101.0800)","MD5=68F72F23FD5A418A13F8C1ACBC4EDDD1,SHA256=DD378CBC3424EB958DA4C78BABC0DFFA44E5AB10A304B37F0DF82161CC013512,IMPHASH=85E7CB96F8CF9AA23D636135B5BE7EFB","C:\Users\pparker\Downloads\DriverUpdate_1_2.exe","C:\Windows\SysWOW64\mpr.dll",,,,,"mpr.dll",,,,,,"{7b34ed3d-321c-673d-5906-000000000b00}","368","Microsoft® Windows® Operating System",,"-","Microsoft Windows","Valid","true",,,,,,,,,"HOMELAB\pparker","2024-11-20 00:49:32.732","{'Channel':'Microsoft-Windows-Sysmon/Operational','Computer':'HL-WS04.HOMELAB.local','Correlation':'','EventID':'7','EventRecordID':'43022','Execution':{'ProcessID':'2052','ThreadID':'3948'},'Keywords':'0x8000000000000000','Level':'4','Opcode':'0','Provider':{'Guid':'{5770385f-c22a-43e0-bf4c-06f5698ffbd9}','Name':'Microsoft-Windows-Sysmon'},'Security':{'UserID':'S-1-5-18'},'Task':'7','TimeCreated':{'SystemTime':'2024-11-20T00:49:32.7399299Z'},'Version':'3','_event_id':'7'}","7","Microsoft-Windows-Sysmon/Operational","HL-WS04.HOMELAB.local","","7","43022","{'ProcessID':'2052','ThreadID':'3948'}","2052","3948","0x8000000000000000","4","0","{'Guid':'{5770385f-c22a-43e0-bf4c-06f5698ffbd9}','Name':'Microsoft-Windows-Sysmon'}","{5770385f-c22a-43e0-bf4c-06f5698ffbd9}","Microsoft-Windows-Sysmon","S-1-5-18","7","2024-11-20T00:49:32.7399299Z","3","{'arch':2,'did':'','event_id':'900778a6-a7f6-4553-a1bc-98425606b36e','event_time':1732063727437,'event_type':'WEL','ext_ip':'108.171.103.70','hostname':'hl-ws04.homelab.local','iid':'7e99630d-d276-4169-bd11-c23115a848fa','int_ip':'10.100.100.133','moduleid':2,'oid':'27c3229e-7f58-40c8-ad1a-799ff00e1781','plat':268435456,'sid':'20884ef9-0b46-4a29-9d58-832837729b10','tags':['workstations'],'this':'2ded37b81ce08027ce6d034a673d31ef'}",2,"","900778a6-a7f6-4553-a1bc-98425606b36e",1732063727437,"WEL","108.171.103.70","hl-ws04.homelab.local","7e99630d-d276-4169-bd11-c23115a848fa","10.100.100.133",2,"27c3229e-7f58-40c8-ad1a-799ff00e1781",268435456,"20884ef9-0b46-4a29-9d58-832837729b10","['workstations']","2ded37b81ce08027ce6d034a673d31ef"
"2024-11-20 00:48:47","{'EventData':{'Company':'Microsoft Corporation','Description':'Userenv','FileVersion':'10.0.19041.4355 (WinBuild.160101.0800)','Hashes':'MD5=A3D62AA8A4DD1DF8C0CCB9F53B858036,SHA256=E7A51CE52FF62776836703EE37BF96611A0B387A692FC750D7D8745A3F98D8C0,IMPHASH=30E1E8E8FF1FB6426A4FCC7356C25B9D','Image':'C:\\Users\\pparker\\Downloads\\DriverUpdate_1_2.exe','ImageLoaded':'C:\\Windows\\SysWOW64\\userenv.dll','OriginalFileName':'userenv.dll','ProcessGuid':'{7b34ed3d-321c-673d-5906-000000000b00}','ProcessId':'368','Product':'Microsoft® Windows® Operating System','RuleName':'-','Signature':'Microsoft Windows','SignatureStatus':'Valid','Signed':'true','User':'HOMELAB\\pparker','UtcTime':'2024-11-20 00:49:32.732'},'System':{'Channel':'Microsoft-Windows-Sysmon/Operational','Computer':'HL-WS04.HOMELAB.local','Correlation':'','EventID':'7','EventRecordID':'43023','Execution':{'ProcessID':'2052','ThreadID':'4064'},'Keywords':'0x8000000000000000','Level':'4','Opcode':'0','Provider':{'Guid':'{5770385f-c22a-43e0-bf4c-06f5698ffbd9}','Name':'Microsoft-Windows-Sysmon'},'Security':{'UserID':'S-1-5-18'},'Task':'7','TimeCreated':{'SystemTime':'2024-11-20T00:49:32.7410322Z'},'Version':'3','_event_id':'7'}}","{'Company':'Microsoft Corporation','Description':'Userenv','FileVersion':'10.0.19041.4355 (WinBuild.160101.0800)','Hashes':'MD5=A3D62AA8A4DD1DF8C0CCB9F53B858036,SHA256=E7A51CE52FF62776836703EE37BF96611A0B387A692FC750D7D8745A3F98D8C0,IMPHASH=30E1E8E8FF1FB6426A4FCC7356C25B9D','Image':'C:\\Users\\pparker\\Downloads\\DriverUpdate_1_2.exe','ImageLoaded':'C:\\Windows\\SysWOW64\\userenv.dll','OriginalFileName':'userenv.dll','ProcessGuid':'{7b34ed3d-321c-673d-5906-000000000b00}','ProcessId':'368','Product':'Microsoft® Windows® Operating System','RuleName':'-','Signature':'Microsoft Windows','SignatureStatus':'Valid','Signed':'true','User':'HOMELAB\\pparker','UtcTime':'2024-11-20 00:49:32.732'}",,"Microsoft Corporation",,,"Userenv",,,,,,,,"10.0.19041.4355 (WinBuild.160101.0800)","MD5=A3D62AA8A4DD1DF8C0CCB9F53B858036,SHA256=E7A51CE52FF62776836703EE37BF96611A0B387A692FC750D7D8745A3F98D8C0,IMPHASH=30E1E8E8FF1FB6426A4FCC7356C25B9D","C:\Users\pparker\Downloads\DriverUpdate_1_2.exe","C:\Windows\SysWOW64\userenv.dll",,,,,"userenv.dll",,,,,,"{7b34ed3d-321c-673d-5906-000000000b00}","368","Microsoft® Windows® Operating System",,"-","Microsoft Windows","Valid","true",,,,,,,,,"HOMELAB\pparker","2024-11-20 00:49:32.732","{'Channel':'Microsoft-Windows-Sysmon/Operational','Computer':'HL-WS04.HOMELAB.local','Correlation':'','EventID':'7','EventRecordID':'43023','Execution':{'ProcessID':'2052','ThreadID':'4064'},'Keywords':'0x8000000000000000','Level':'4','Opcode':'0','Provider':{'Guid':'{5770385f-c22a-43e0-bf4c-06f5698ffbd9}','Name':'Microsoft-Windows-Sysmon'},'Security':{'UserID':'S-1-5-18'},'Task':'7','TimeCreated':{'SystemTime':'2024-11-20T00:49:32.7410322Z'},'Version':'3','_event_id':'7'}","7","Microsoft-Windows-Sysmon/Operational","HL-WS04.HOMELAB.local","","7","43023","{'ProcessID':'2052','ThreadID':'4064'}","2052","4064","0x8000000000000000","4","0","{'Guid':'{5770385f-c22a-43e0-bf4c-06f5698ffbd9}','Name':'Microsoft-Windows-Sysmon'}","{5770385f-c22a-43e0-bf4c-06f5698ffbd9}","Microsoft-Windows-Sysmon","S-1-5-18","7","2024-11-20T00:49:32.7410322Z","3","{'arch':2,'did':'','event_id':'a917b83e-7131-4c4c-9cd8-94545a999967','event_time':1732063727437,'event_type':'WEL','ext_ip':'108.171.103.70','hostname':'hl-ws04.homelab.local','iid':'7e99630d-d276-4169-bd11-c23115a848fa','int_ip':'10.100.100.133','moduleid':2,'oid':'27c3229e-7f58-40c8-ad1a-799ff00e1781','plat':268435456,'sid':'20884ef9-0b46-4a29-9d58-832837729b10','tags':['workstations'],'this':'39fd3c14423aadfa28c44abf673d31ef'}",2,"","a917b83e-7131-4c4c-9cd8-94545a999967",1732063727437,"WEL","108.171.103.70","hl-ws04.homelab.local","7e99630d-d276-4169-bd11-c23115a848fa","10.100.100.133",2,"27c3229e-7f58-40c8-ad1a-799ff00e1781",268435456,"20884ef9-0b46-4a29-9d58-832837729b10","['workstations']","39fd3c14423aadfa28c44abf673d31ef"
"2024-11-20 00:48:47","{'EventData':{'Company':'Microsoft Corporation','Description':'Security Support Provider Interface','FileVersion':'10.0.19041.4239 (WinBuild.160101.0800)','Hashes':'MD5=CBBACBB3FEF027EBAA776907DE889217,SHA256=AF6B89DB03625EE477D29211E9ED4DFB086EE4986C8D94CE1B7927BAC13B9FFF,IMPHASH=6D3B6BCF49F41B18A29B95CF2230F0A5','Image':'C:\\Users\\pparker\\Downloads\\DriverUpdate_1_2.exe','ImageLoaded':'C:\\Windows\\SysWOW64\\sspicli.dll','OriginalFileName':'security.dll','ProcessGuid':'{7b34ed3d-321c-673d-5906-000000000b00}','ProcessId':'368','Product':'Microsoft® Windows® Operating System','RuleName':'-','Signature':'Microsoft Windows','SignatureStatus':'Valid','Signed':'true','User':'HOMELAB\\pparker','UtcTime':'2024-11-20 00:49:32.732'},'System':{'Channel':'Microsoft-Windows-Sysmon/Operational','Computer':'HL-WS04.HOMELAB.local','Correlation':'','EventID':'7','EventRecordID':'43024','Execution':{'ProcessID':'2052','ThreadID':'3948'},'Keywords':'0x8000000000000000','Level':'4','Opcode':'0','Provider':{'Guid':'{5770385f-c22a-43e0-bf4c-06f5698ffbd9}','Name':'Microsoft-Windows-Sysmon'},'Security':{'UserID':'S-1-5-18'},'Task':'7','TimeCreated':{'SystemTime':'2024-11-20T00:49:32.7416034Z'},'Version':'3','_event_id':'7'}}","{'Company':'Microsoft Corporation','Description':'Security Support Provider Interface','FileVersion':'10.0.19041.4239 (WinBuild.160101.0800)','Hashes':'MD5=CBBACBB3FEF027EBAA776907DE889217,SHA256=AF6B89DB03625EE477D29211E9ED4DFB086EE4986C8D94CE1B7927BAC13B9FFF,IMPHASH=6D3B6BCF49F41B18A29B95CF2230F0A5','Image':'C:\\Users\\pparker\\Downloads\\DriverUpdate_1_2.exe','ImageLoaded':'C:\\Windows\\SysWOW64\\sspicli.dll','OriginalFileName':'security.dll','ProcessGuid':'{7b34ed3d-321c-673d-5906-000000000b00}','ProcessId':'368','Product':'Microsoft® Windows® Operating System','RuleName':'-','Signature':'Microsoft Windows','SignatureStatus':'Valid','Signed':'true','User':'HOMELAB\\pparker','UtcTime':'2024-11-20 00:49:32.732'}",,"Microsoft Corporation",,,"Security Support Provider Interface",,,,,,,,"10.0.19041.4239 (WinBuild.160101.0800)","MD5=CBBACBB3FEF027EBAA776907DE889217,SHA256=AF6B89DB03625EE477D29211E9ED4DFB086EE4986C8D94CE1B7927BAC13B9FFF,IMPHASH=6D3B6BCF49F41B18A29B95CF2230F0A5","C:\Users\pparker\Downloads\DriverUpdate_1_2.exe","C:\Windows\SysWOW64\sspicli.dll",,,,,"security.dll",,,,,,"{7b34ed3d-321c-673d-5906-000000000b00}","368","Microsoft® Windows® Operating System",,"-","Microsoft Windows","Valid","true",,,,,,,,,"HOMELAB\pparker","2024-11-20 00:49:32.732","{'Channel':'Microsoft-Windows-Sysmon/Operational','Computer':'HL-WS04.HOMELAB.local','Correlation':'','EventID':'7','EventRecordID':'43024','Execution':{'ProcessID':'2052','ThreadID':'3948'},'Keywords':'0x8000000000000000','Level':'4','Opcode':'0','Provider':{'Guid':'{5770385f-c22a-43e0-bf4c-06f5698ffbd9}','Name':'Microsoft-Windows-Sysmon'},'Security':{'UserID':'S-1-5-18'},'Task':'7','TimeCreated':{'SystemTime':'2024-11-20T00:49:32.7416034Z'},'Version':'3','_event_id':'7'}","7","Microsoft-Windows-Sysmon/Operational","HL-WS04.HOMELAB.local","","7","43024","{'ProcessID':'2052','ThreadID':'3948'}","2052","3948","0x8000000000000000","4","0","{'Guid':'{5770385f-c22a-43e0-bf4c-06f5698ffbd9}','Name':'Microsoft-Windows-Sysmon'}","{5770385f-c22a-43e0-bf4c-06f5698ffbd9}","Microsoft-Windows-Sysmon","S-1-5-18","7","2024-11-20T00:49:32.7416034Z","3","{'arch':2,'did':'','event_id':'33354f15-30f1-412a-ab30-de6fc655a87e','event_time':1732063727437,'event_type':'WEL','ext_ip':'108.171.103.70','hostname':'hl-ws04.homelab.local','iid':'7e99630d-d276-4169-bd11-c23115a848fa','int_ip':'10.100.100.133','moduleid':2,'oid':'27c3229e-7f58-40c8-ad1a-799ff00e1781','plat':268435456,'sid':'20884ef9-0b46-4a29-9d58-832837729b10','tags':['workstations'],'this':'047e02f62bc475d1f56caf9b673d31ef'}",2,"","33354f15-30f1-412a-ab30-de6fc655a87e",1732063727437,"WEL","108.171.103.70","hl-ws04.homelab.local","7e99630d-d276-4169-bd11-c23115a848fa","10.100.100.133",2,"27c3229e-7f58-40c8-ad1a-799ff00e1781",268435456,"20884ef9-0b46-4a29-9d58-832837729b10","['workstations']","047e02f62bc475d1f56caf9b673d31ef"
"2024-11-20 00:48:47","{'EventData':{'Company':'Microsoft Corporation','Description':'Base Multimedia Extension API DLL','FileVersion':'10.0.19041.1 (WinBuild.160101.0800)','Hashes':'MD5=7FAEC11E5C7CD7BAD9BB159F89221D0E,SHA256=7E14BA0C74AC39F58C81B94A572D7E30AA24B0C35975EE0D807C3E306EB33A04,IMPHASH=1865F744357B87C1A7254E6F9C80BA00','Image':'C:\\Users\\pparker\\Downloads\\DriverUpdate_1_2.exe','ImageLoaded':'C:\\Windows\\SysWOW64\\winmmbase.dll','OriginalFileName':'WINMMbase.DLL','ProcessGuid':'{7b34ed3d-321c-673d-5906-000000000b00}','ProcessId':'368','Product':'Microsoft® Windows® Operating System','RuleName':'-','Signature':'Microsoft Windows','SignatureStatus':'Valid','Signed':'true','User':'HOMELAB\\pparker','UtcTime':'2024-11-20 00:49:32.732'},'System':{'Channel':'Microsoft-Windows-Sysmon/Operational','Computer':'HL-WS04.HOMELAB.local','Correlation':'','EventID':'7','EventRecordID':'43025','Execution':{'ProcessID':'2052','ThreadID':'3948'},'Keywords':'0x8000000000000000','Level':'4','Opcode':'0','Provider':{'Guid':'{5770385f-c22a-43e0-bf4c-06f5698ffbd9}','Name':'Microsoft-Windows-Sysmon'},'Security':{'UserID':'S-1-5-18'},'Task':'7','TimeCreated':{'SystemTime':'2024-11-20T00:49:32.7419147Z'},'Version':'3','_event_id':'7'}}","{'Company':'Microsoft Corporation','Description':'Base Multimedia Extension API DLL','FileVersion':'10.0.19041.1 (WinBuild.160101.0800)','Hashes':'MD5=7FAEC11E5C7CD7BAD9BB159F89221D0E,SHA256=7E14BA0C74AC39F58C81B94A572D7E30AA24B0C35975EE0D807C3E306EB33A04,IMPHASH=1865F744357B87C1A7254E6F9C80BA00','Image':'C:\\Users\\pparker\\Downloads\\DriverUpdate_1_2.exe','ImageLoaded':'C:\\Windows\\SysWOW64\\winmmbase.dll','OriginalFileName':'WINMMbase.DLL','ProcessGuid':'{7b34ed3d-321c-673d-5906-000000000b00}','ProcessId':'368','Product':'Microsoft® Windows® Operating System','RuleName':'-','Signature':'Microsoft Windows','SignatureStatus':'Valid','Signed':'true','User':'HOMELAB\\pparker','UtcTime':'2024-11-20 00:49:32.732'}",,"Microsoft Corporation",,,"Base Multimedia Extension API DLL",,,,,,,,"10.0.19041.1 (WinBuild.160101.0800)","MD5=7FAEC11E5C7CD7BAD9BB159F89221D0E,SHA256=7E14BA0C74AC39F58C81B94A572D7E30AA24B0C35975EE0D807C3E306EB33A04,IMPHASH=1865F744357B87C1A7254E6F9C80BA00","C:\Users\pparker\Downloads\DriverUpdate_1_2.exe","C:\Windows\SysWOW64\winmmbase.dll",,,,,"WINMMbase.DLL",,,,,,"{7b34ed3d-321c-673d-5906-000000000b00}","368","Microsoft® Windows® Operating System",,"-","Microsoft Windows","Valid","true",,,,,,,,,"HOMELAB\pparker","2024-11-20 00:49:32.732","{'Channel':'Microsoft-Windows-Sysmon/Operational','Computer':'HL-WS04.HOMELAB.local','Correlation':'','EventID':'7','EventRecordID':'43025','Execution':{'ProcessID':'2052','ThreadID':'3948'},'Keywords':'0x8000000000000000','Level':'4','Opcode':'0','Provider':{'Guid':'{5770385f-c22a-43e0-bf4c-06f5698ffbd9}','Name':'Microsoft-Windows-Sysmon'},'Security':{'UserID':'S-1-5-18'},'Task':'7','TimeCreated':{'SystemTime':'2024-11-20T00:49:32.7419147Z'},'Version':'3','_event_id':'7'}","7","Microsoft-Windows-Sysmon/Operational","HL-WS04.HOMELAB.local","","7","43025","{'ProcessID':'2052','ThreadID':'3948'}","2052","3948","0x8000000000000000","4","0","{'Guid':'{5770385f-c22a-43e0-bf4c-06f5698ffbd9}','Name':'Microsoft-Windows-Sysmon'}","{5770385f-c22a-43e0-bf4c-06f5698ffbd9}","Microsoft-Windows-Sysmon","S-1-5-18","7","2024-11-20T00:49:32.7419147Z","3","{'arch':2,'did':'','event_id':'732d0254-5f48-4ea2-a937-afa3d90b81ee','event_time':1732063727437,'event_type':'WEL','ext_ip':'108.171.103.70','hostname':'hl-ws04.homelab.local','iid':'7e99630d-d276-4169-bd11-c23115a848fa','int_ip':'10.100.100.133','moduleid':2,'oid':'27c3229e-7f58-40c8-ad1a-799ff00e1781','plat':268435456,'sid':'20884ef9-0b46-4a29-9d58-832837729b10','tags':['workstations'],'this':'4fba9ebc3e1552f95733beee673d31ef'}",2,"","732d0254-5f48-4ea2-a937-afa3d90b81ee",1732063727437,"WEL","108.171.103.70","hl-ws04.homelab.local","7e99630d-d276-4169-bd11-c23115a848fa","10.100.100.133",2,"27c3229e-7f58-40c8-ad1a-799ff00e1781",268435456,"20884ef9-0b46-4a29-9d58-832837729b10","['workstations']","4fba9ebc3e1552f95733beee673d31ef"
"2024-11-20 00:48:47","{'EventData':{'Company':'Microsoft Corporation','Description':'SHCORE','FileVersion':'10.0.19041.4522 (WinBuild.160101.0800)','Hashes':'MD5=5A7428AF0428E5DCDC7DFFA81DC374E9,SHA256=5909567619AD2991F1FF8093EEB0F2ADF79731E75006A1B1F1E90DF5F28B5AC6,IMPHASH=0DDCDD6020D74CA7555FB0D07CFD262B','Image':'C:\\Users\\pparker\\Downloads\\DriverUpdate_1_2.exe','ImageLoaded':'C:\\Windows\\SysWOW64\\SHCore.dll','OriginalFileName':'SHCORE.dll','ProcessGuid':'{7b34ed3d-321c-673d-5906-000000000b00}','ProcessId':'368','Product':'Microsoft® Windows® Operating System','RuleName':'-','Signature':'Microsoft Windows','SignatureStatus':'Valid','Signed':'true','User':'HOMELAB\\pparker','UtcTime':'2024-11-20 00:49:32.732'},'System':{'Channel':'Microsoft-Windows-Sysmon/Operational','Computer':'HL-WS04.HOMELAB.local','Correlation':'','EventID':'7','EventRecordID':'43026','Execution':{'ProcessID':'2052','ThreadID':'4064'},'Keywords':'0x8000000000000000','Level':'4','Opcode':'0','Provider':{'Guid':'{5770385f-c22a-43e0-bf4c-06f5698ffbd9}','Name':'Microsoft-Windows-Sysmon'},'Security':{'UserID':'S-1-5-18'},'Task':'7','TimeCreated':{'SystemTime':'2024-11-20T00:49:32.7496859Z'},'Version':'3','_event_id':'7'}}","{'Company':'Microsoft Corporation','Description':'SHCORE','FileVersion':'10.0.19041.4522 (WinBuild.160101.0800)','Hashes':'MD5=5A7428AF0428E5DCDC7DFFA81DC374E9,SHA256=5909567619AD2991F1FF8093EEB0F2ADF79731E75006A1B1F1E90DF5F28B5AC6,IMPHASH=0DDCDD6020D74CA7555FB0D07CFD262B','Image':'C:\\Users\\pparker\\Downloads\\DriverUpdate_1_2.exe','ImageLoaded':'C:\\Windows\\SysWOW64\\SHCore.dll','OriginalFileName':'SHCORE.dll','ProcessGuid':'{7b34ed3d-321c-673d-5906-000000000b00}','ProcessId':'368','Product':'Microsoft® Windows® Operating System','RuleName':'-','Signature':'Microsoft Windows','SignatureStatus':'Valid','Signed':'true','User':'HOMELAB\\pparker','UtcTime':'2024-11-20 00:49:32.732'}",,"Microsoft Corporation",,,"SHCORE",,,,,,,,"10.0.19041.4522 (WinBuild.160101.0800)","MD5=5A7428AF0428E5DCDC7DFFA81DC374E9,SHA256=5909567619AD2991F1FF8093EEB0F2ADF79731E75006A1B1F1E90DF5F28B5AC6,IMPHASH=0DDCDD6020D74CA7555FB0D07CFD262B","C:\Users\pparker\Downloads\DriverUpdate_1_2.exe","C:\Windows\SysWOW64\SHCore.dll",,,,,"SHCORE.dll",,,,,,"{7b34ed3d-321c-673d-5906-000000000b00}","368","Microsoft® Windows® Operating System",,"-","Microsoft Windows","Valid","true",,,,,,,,,"HOMELAB\pparker","2024-11-20 00:49:32.732","{'Channel':'Microsoft-Windows-Sysmon/Operational','Computer':'HL-WS04.HOMELAB.local','Correlation':'','EventID':'7','EventRecordID':'43026','Execution':{'ProcessID':'2052','ThreadID':'4064'},'Keywords':'0x8000000000000000','Level':'4','Opcode':'0','Provider':{'Guid':'{5770385f-c22a-43e0-bf4c-06f5698ffbd9}','Name':'Microsoft-Windows-Sysmon'},'Security':{'UserID':'S-1-5-18'},'Task':'7','TimeCreated':{'SystemTime':'2024-11-20T00:49:32.7496859Z'},'Version':'3','_event_id':'7'}","7","Microsoft-Windows-Sysmon/Operational","HL-WS04.HOMELAB.local","","7","43026","{'ProcessID':'2052','ThreadID':'4064'}","2052","4064","0x8000000000000000","4","0","{'Guid':'{5770385f-c22a-43e0-bf4c-06f5698ffbd9}','Name':'Microsoft-Windows-Sysmon'}","{5770385f-c22a-43e0-bf4c-06f5698ffbd9}","Microsoft-Windows-Sysmon","S-1-5-18","7","2024-11-20T00:49:32.7496859Z","3","{'arch':2,'did':'','event_id':'f987a873-e12e-449d-8002-00b1cf398194','event_time':1732063727437,'event_type':'WEL','ext_ip':'108.171.103.70','hostname':'hl-ws04.homelab.local','iid':'7e99630d-d276-4169-bd11-c23115a848fa','int_ip':'10.100.100.133','moduleid':2,'oid':'27c3229e-7f58-40c8-ad1a-799ff00e1781','plat':268435456,'sid':'20884ef9-0b46-4a29-9d58-832837729b10','tags':['workstations'],'this':'1741f66a359f07e91358d8e1673d31ef'}",2,"","f987a873-e12e-449d-8002-00b1cf398194",1732063727437,"WEL","108.171.103.70","hl-ws04.homelab.local","7e99630d-d276-4169-bd11-c23115a848fa","10.100.100.133",2,"27c3229e-7f58-40c8-ad1a-799ff00e1781",268435456,"20884ef9-0b46-4a29-9d58-832837729b10","['workstations']","1741f66a359f07e91358d8e1673d31ef"
"2024-11-20 00:48:47","{'EventData':{'Company':'Microsoft Corporation','Description':'Run time utility for Internet Explorer','FileVersion':'11.00.19041.5007 (WinBuild.160101.0800)','Hashes':'MD5=70BEBEBF5399B988C88E2A07CBE29760,SHA256=6765F62F4E8C69EE6F39B105A821B95A315CC429664993A66F5576CFC0E1AA0E,IMPHASH=96D5F357BF219F683CCE0B277D79E26F','Image':'C:\\Users\\pparker\\Downloads\\DriverUpdate_1_2.exe','ImageLoaded':'C:\\Windows\\SysWOW64\\iertutil.dll','OriginalFileName':'IeRtUtil.dll','ProcessGuid':'{7b34ed3d-321c-673d-5906-000000000b00}','ProcessId':'368','Product':'Internet Explorer','RuleName':'-','Signature':'Microsoft Windows','SignatureStatus':'Valid','Signed':'true','User':'HOMELAB\\pparker','UtcTime':'2024-11-20 00:49:32.747'},'System':{'Channel':'Microsoft-Windows-Sysmon/Operational','Computer':'HL-WS04.HOMELAB.local','Correlation':'','EventID':'7','EventRecordID':'43027','Execution':{'ProcessID':'2052','ThreadID':'3948'},'Keywords':'0x8000000000000000','Level':'4','Opcode':'0','Provider':{'Guid':'{5770385f-c22a-43e0-bf4c-06f5698ffbd9}','Name':'Microsoft-Windows-Sysmon'},'Security':{'UserID':'S-1-5-18'},'Task':'7','TimeCreated':{'SystemTime':'2024-11-20T00:49:32.7576501Z'},'Version':'3','_event_id':'7'}}","{'Company':'Microsoft Corporation','Description':'Run time utility for Internet Explorer','FileVersion':'11.00.19041.5007 (WinBuild.160101.0800)','Hashes':'MD5=70BEBEBF5399B988C88E2A07CBE29760,SHA256=6765F62F4E8C69EE6F39B105A821B95A315CC429664993A66F5576CFC0E1AA0E,IMPHASH=96D5F357BF219F683CCE0B277D79E26F','Image':'C:\\Users\\pparker\\Downloads\\DriverUpdate_1_2.exe','ImageLoaded':'C:\\Windows\\SysWOW64\\iertutil.dll','OriginalFileName':'IeRtUtil.dll','ProcessGuid':'{7b34ed3d-321c-673d-5906-000000000b00}','ProcessId':'368','Product':'Internet Explorer','RuleName':'-','Signature':'Microsoft Windows','SignatureStatus':'Valid','Signed':'true','User':'HOMELAB\\pparker','UtcTime':'2024-11-20 00:49:32.747'}",,"Microsoft Corporation",,,"Run time utility for Internet Explorer",,,,,,,,"11.00.19041.5007 (WinBuild.160101.0800)","MD5=70BEBEBF5399B988C88E2A07CBE29760,SHA256=6765F62F4E8C69EE6F39B105A821B95A315CC429664993A66F5576CFC0E1AA0E,IMPHASH=96D5F357BF219F683CCE0B277D79E26F","C:\Users\pparker\Downloads\DriverUpdate_1_2.exe","C:\Windows\SysWOW64\iertutil.dll",,,,,"IeRtUtil.dll",,,,,,"{7b34ed3d-321c-673d-5906-000000000b00}","368","Internet Explorer",,"-","Microsoft Windows","Valid","true",,,,,,,,,"HOMELAB\pparker","2024-11-20 00:49:32.747","{'Channel':'Microsoft-Windows-Sysmon/Operational','Computer':'HL-WS04.HOMELAB.local','Correlation':'','EventID':'7','EventRecordID':'43027','Execution':{'ProcessID':'2052','ThreadID':'3948'},'Keywords':'0x8000000000000000','Level':'4','Opcode':'0','Provider':{'Guid':'{5770385f-c22a-43e0-bf4c-06f5698ffbd9}','Name':'Microsoft-Windows-Sysmon'},'Security':{'UserID':'S-1-5-18'},'Task':'7','TimeCreated':{'SystemTime':'2024-11-20T00:49:32.7576501Z'},'Version':'3','_event_id':'7'}","7","Microsoft-Windows-Sysmon/Operational","HL-WS04.HOMELAB.local","","7","43027","{'ProcessID':'2052','ThreadID':'3948'}","2052","3948","0x8000000000000000","4","0","{'Guid':'{5770385f-c22a-43e0-bf4c-06f5698ffbd9}','Name':'Microsoft-Windows-Sysmon'}","{5770385f-c22a-43e0-bf4c-06f5698ffbd9}","Microsoft-Windows-Sysmon","S-1-5-18","7","2024-11-20T00:49:32.7576501Z","3","{'arch':2,'did':'','event_id':'4ed4ec72-8da5-487a-8e6a-1d0bee603ed1','event_time':1732063727437,'event_type':'WEL','ext_ip':'108.171.103.70','hostname':'hl-ws04.homelab.local','iid':'7e99630d-d276-4169-bd11-c23115a848fa','int_ip':'10.100.100.133','moduleid':2,'oid':'27c3229e-7f58-40c8-ad1a-799ff00e1781','plat':268435456,'sid':'20884ef9-0b46-4a29-9d58-832837729b10','tags':['workstations'],'this':'d95048859423b2f82755ea6a673d31ef'}",2,"","4ed4ec72-8da5-487a-8e6a-1d0bee603ed1",1732063727437,"WEL","108.171.103.70","hl-ws04.homelab.local","7e99630d-d276-4169-bd11-c23115a848fa","10.100.100.133",2,"27c3229e-7f58-40c8-ad1a-799ff00e1781",268435456,"20884ef9-0b46-4a29-9d58-832837729b10","['workstations']","d95048859423b2f82755ea6a673d31ef"
"2024-11-20 00:48:47","{'EventData':{'Company':'Microsoft Corporation','Description':'Server Service Client DLL','FileVersion':'10.0.19041.3636 (WinBuild.160101.0800)','Hashes':'MD5=7E7D3B15235137E5F6030A575CCDB801,SHA256=75D411B204AC8A288DBDE8892394569439E9D163D21FDB8C5E719A84382F420E,IMPHASH=BBE941A2A85F5FF19EADE44269115FC4','Image':'C:\\Users\\pparker\\Downloads\\DriverUpdate_1_2.exe','ImageLoaded':'C:\\Windows\\SysWOW64\\srvcli.dll','OriginalFileName':'SRVCLI.DLL','ProcessGuid':'{7b34ed3d-321c-673d-5906-000000000b00}','ProcessId':'368','Product':'Microsoft® Windows® Operating System','RuleName':'-','Signature':'Microsoft Windows','SignatureStatus':'Valid','Signed':'true','User':'HOMELAB\\pparker','UtcTime':'2024-11-20 00:49:32.747'},'System':{'Channel':'Microsoft-Windows-Sysmon/Operational','Computer':'HL-WS04.HOMELAB.local','Correlation':'','EventID':'7','EventRecordID':'43028','Execution':{'ProcessID':'2052','ThreadID':'3948'},'Keywords':'0x8000000000000000','Level':'4','Opcode':'0','Provider':{'Guid':'{5770385f-c22a-43e0-bf4c-06f5698ffbd9}','Name':'Microsoft-Windows-Sysmon'},'Security':{'UserID':'S-1-5-18'},'Task':'7','TimeCreated':{'SystemTime':'2024-11-20T00:49:32.7591063Z'},'Version':'3','_event_id':'7'}}","{'Company':'Microsoft Corporation','Description':'Server Service Client DLL','FileVersion':'10.0.19041.3636 (WinBuild.160101.0800)','Hashes':'MD5=7E7D3B15235137E5F6030A575CCDB801,SHA256=75D411B204AC8A288DBDE8892394569439E9D163D21FDB8C5E719A84382F420E,IMPHASH=BBE941A2A85F5FF19EADE44269115FC4','Image':'C:\\Users\\pparker\\Downloads\\DriverUpdate_1_2.exe','ImageLoaded':'C:\\Windows\\SysWOW64\\srvcli.dll','OriginalFileName':'SRVCLI.DLL','ProcessGuid':'{7b34ed3d-321c-673d-5906-000000000b00}','ProcessId':'368','Product':'Microsoft® Windows® Operating System','RuleName':'-','Signature':'Microsoft Windows','SignatureStatus':'Valid','Signed':'true','User':'HOMELAB\\pparker','UtcTime':'2024-11-20 00:49:32.747'}",,"Microsoft Corporation",,,"Server Service Client DLL",,,,,,,,"10.0.19041.3636 (WinBuild.160101.0800)","MD5=7E7D3B15235137E5F6030A575CCDB801,SHA256=75D411B204AC8A288DBDE8892394569439E9D163D21FDB8C5E719A84382F420E,IMPHASH=BBE941A2A85F5FF19EADE44269115FC4","C:\Users\pparker\Downloads\DriverUpdate_1_2.exe","C:\Windows\SysWOW64\srvcli.dll",,,,,"SRVCLI.DLL",,,,,,"{7b34ed3d-321c-673d-5906-000000000b00}","368","Microsoft® Windows® Operating System",,"-","Microsoft Windows","Valid","true",,,,,,,,,"HOMELAB\pparker","2024-11-20 00:49:32.747","{'Channel':'Microsoft-Windows-Sysmon/Operational','Computer':'HL-WS04.HOMELAB.local','Correlation':'','EventID':'7','EventRecordID':'43028','Execution':{'ProcessID':'2052','ThreadID':'3948'},'Keywords':'0x8000000000000000','Level':'4','Opcode':'0','Provider':{'Guid':'{5770385f-c22a-43e0-bf4c-06f5698ffbd9}','Name':'Microsoft-Windows-Sysmon'},'Security':{'UserID':'S-1-5-18'},'Task':'7','TimeCreated':{'SystemTime':'2024-11-20T00:49:32.7591063Z'},'Version':'3','_event_id':'7'}","7","Microsoft-Windows-Sysmon/Operational","HL-WS04.HOMELAB.local","","7","43028","{'ProcessID':'2052','ThreadID':'3948'}","2052","3948","0x8000000000000000","4","0","{'Guid':'{5770385f-c22a-43e0-bf4c-06f5698ffbd9}','Name':'Microsoft-Windows-Sysmon'}","{5770385f-c22a-43e0-bf4c-06f5698ffbd9}","Microsoft-Windows-Sysmon","S-1-5-18","7","2024-11-20T00:49:32.7591063Z","3","{'arch':2,'did':'','event_id':'28705077-ebca-4c22-9e6c-11d8164efcc8','event_time':1732063727437,'event_type':'WEL','ext_ip':'108.171.103.70','hostname':'hl-ws04.homelab.local','iid':'7e99630d-d276-4169-bd11-c23115a848fa','int_ip':'10.100.100.133','moduleid':2,'oid':'27c3229e-7f58-40c8-ad1a-799ff00e1781','plat':268435456,'sid':'20884ef9-0b46-4a29-9d58-832837729b10','tags':['workstations'],'this':'84f85adb2c10589e5c224087673d31ef'}",2,"","28705077-ebca-4c22-9e6c-11d8164efcc8",1732063727437,"WEL","108.171.103.70","hl-ws04.homelab.local","7e99630d-d276-4169-bd11-c23115a848fa","10.100.100.133",2,"27c3229e-7f58-40c8-ad1a-799ff00e1781",268435456,"20884ef9-0b46-4a29-9d58-832837729b10","['workstations']","84f85adb2c10589e5c224087673d31ef"
"2024-11-20 00:48:47","{'EventData':{'Company':'Microsoft Corporation','Description':'Net Win32 API Helpers DLL','FileVersion':'10.0.19041.3636 (WinBuild.160101.0800)','Hashes':'MD5=C1B2AB673E4A2784DC46D6F61E3463C2,SHA256=567C9D7D50AE470D957195A2AC1DFFA373C1606AF465639B16A2647558059563,IMPHASH=27B3D4DB18CEDDD65F4834C6B9F1A77A','Image':'C:\\Users\\pparker\\Downloads\\DriverUpdate_1_2.exe','ImageLoaded':'C:\\Windows\\SysWOW64\\netutils.dll','OriginalFileName':'NETUTILS.DLL','ProcessGuid':'{7b34ed3d-321c-673d-5906-000000000b00}','ProcessId':'368','Product':'Microsoft® Windows® Operating System','RuleName':'-','Signature':'Microsoft Windows','SignatureStatus':'Valid','Signed':'true','User':'HOMELAB\\pparker','UtcTime':'2024-11-20 00:49:32.747'},'System':{'Channel':'Microsoft-Windows-Sysmon/Operational','Computer':'HL-WS04.HOMELAB.local','Correlation':'','EventID':'7','EventRecordID':'43029','Execution':{'ProcessID':'2052','ThreadID':'3948'},'Keywords':'0x8000000000000000','Level':'4','Opcode':'0','Provider':{'Guid':'{5770385f-c22a-43e0-bf4c-06f5698ffbd9}','Name':'Microsoft-Windows-Sysmon'},'Security':{'UserID':'S-1-5-18'},'Task':'7','TimeCreated':{'SystemTime':'2024-11-20T00:49:32.7602879Z'},'Version':'3','_event_id':'7'}}","{'Company':'Microsoft Corporation','Description':'Net Win32 API Helpers DLL','FileVersion':'10.0.19041.3636 (WinBuild.160101.0800)','Hashes':'MD5=C1B2AB673E4A2784DC46D6F61E3463C2,SHA256=567C9D7D50AE470D957195A2AC1DFFA373C1606AF465639B16A2647558059563,IMPHASH=27B3D4DB18CEDDD65F4834C6B9F1A77A','Image':'C:\\Users\\pparker\\Downloads\\DriverUpdate_1_2.exe','ImageLoaded':'C:\\Windows\\SysWOW64\\netutils.dll','OriginalFileName':'NETUTILS.DLL','ProcessGuid':'{7b34ed3d-321c-673d-5906-000000000b00}','ProcessId':'368','Product':'Microsoft® Windows® Operating System','RuleName':'-','Signature':'Microsoft Windows','SignatureStatus':'Valid','Signed':'true','User':'HOMELAB\\pparker','UtcTime':'2024-11-20 00:49:32.747'}",,"Microsoft Corporation",,,"Net Win32 API Helpers DLL",,,,,,,,"10.0.19041.3636 (WinBuild.160101.0800)","MD5=C1B2AB673E4A2784DC46D6F61E3463C2,SHA256=567C9D7D50AE470D957195A2AC1DFFA373C1606AF465639B16A2647558059563,IMPHASH=27B3D4DB18CEDDD65F4834C6B9F1A77A","C:\Users\pparker\Downloads\DriverUpdate_1_2.exe","C:\Windows\SysWOW64\netutils.dll",,,,,"NETUTILS.DLL",,,,,,"{7b34ed3d-321c-673d-5906-000000000b00}","368","Microsoft® Windows® Operating System",,"-","Microsoft Windows","Valid","true",,,,,,,,,"HOMELAB\pparker","2024-11-20 00:49:32.747","{'Channel':'Microsoft-Windows-Sysmon/Operational','Computer':'HL-WS04.HOMELAB.local','Correlation':'','EventID':'7','EventRecordID':'43029','Execution':{'ProcessID':'2052','ThreadID':'3948'},'Keywords':'0x8000000000000000','Level':'4','Opcode':'0','Provider':{'Guid':'{5770385f-c22a-43e0-bf4c-06f5698ffbd9}','Name':'Microsoft-Windows-Sysmon'},'Security':{'UserID':'S-1-5-18'},'Task':'7','TimeCreated':{'SystemTime':'2024-11-20T00:49:32.7602879Z'},'Version':'3','_event_id':'7'}","7","Microsoft-Windows-Sysmon/Operational","HL-WS04.HOMELAB.local","","7","43029","{'ProcessID':'2052','ThreadID':'3948'}","2052","3948","0x8000000000000000","4","0","{'Guid':'{5770385f-c22a-43e0-bf4c-06f5698ffbd9}','Name':'Microsoft-Windows-Sysmon'}","{5770385f-c22a-43e0-bf4c-06f5698ffbd9}","Microsoft-Windows-Sysmon","S-1-5-18","7","2024-11-20T00:49:32.7602879Z","3","{'arch':2,'did':'','event_id':'78bede68-1a63-4aa9-9b73-4a59ddf4bdb8','event_time':1732063727437,'event_type':'WEL','ext_ip':'108.171.103.70','hostname':'hl-ws04.homelab.local','iid':'7e99630d-d276-4169-bd11-c23115a848fa','int_ip':'10.100.100.133','moduleid':2,'oid':'27c3229e-7f58-40c8-ad1a-799ff00e1781','plat':268435456,'sid':'20884ef9-0b46-4a29-9d58-832837729b10','tags':['workstations'],'this':'54f6b0cf8dd0cc215a20f504673d31ef'}",2,"","78bede68-1a63-4aa9-9b73-4a59ddf4bdb8",1732063727437,"WEL","108.171.103.70","hl-ws04.homelab.local","7e99630d-d276-4169-bd11-c23115a848fa","10.100.100.133",2,"27c3229e-7f58-40c8-ad1a-799ff00e1781",268435456,"20884ef9-0b46-4a29-9d58-832837729b10","['workstations']","54f6b0cf8dd0cc215a20f504673d31ef"
"2024-11-20 00:48:47","{'EventData':{'Company':'Microsoft Corporation','Description':'Windows Compatibility DLL','FileVersion':'10.0.19041.3636 (WinBuild.160101.0800)','Hashes':'MD5=F6820B6B6BE064DA4491197FF765E8BA,SHA256=5E3FB129761D5969D772403644DD474B42842FC688EE5DAD5696E83A2A115D15,IMPHASH=D8B4BDE806A7D2DA00A2D12D72EEA15B','Image':'C:\\Users\\pparker\\Downloads\\DriverUpdate_1_2.exe','ImageLoaded':'C:\\Windows\\SysWOW64\\AcLayers.dll','OriginalFileName':'ACLAYERS.DLL','ProcessGuid':'{7b34ed3d-321c-673d-5906-000000000b00}','ProcessId':'368','Product':'Microsoft® Windows® Operating System','RuleName':'-','Signature':'Microsoft Windows','SignatureStatus':'Valid','Signed':'true','User':'HOMELAB\\pparker','UtcTime':'2024-11-20 00:49:32.747'},'System':{'Channel':'Microsoft-Windows-Sysmon/Operational','Computer':'HL-WS04.HOMELAB.local','Correlation':'','EventID':'7','EventRecordID':'43030','Execution':{'ProcessID':'2052','ThreadID':'3948'},'Keywords':'0x8000000000000000','Level':'4','Opcode':'0','Provider':{'Guid':'{5770385f-c22a-43e0-bf4c-06f5698ffbd9}','Name':'Microsoft-Windows-Sysmon'},'Security':{'UserID':'S-1-5-18'},'Task':'7','TimeCreated':{'SystemTime':'2024-11-20T00:49:32.7623049Z'},'Version':'3','_event_id':'7'}}","{'Company':'Microsoft Corporation','Description':'Windows Compatibility DLL','FileVersion':'10.0.19041.3636 (WinBuild.160101.0800)','Hashes':'MD5=F6820B6B6BE064DA4491197FF765E8BA,SHA256=5E3FB129761D5969D772403644DD474B42842FC688EE5DAD5696E83A2A115D15,IMPHASH=D8B4BDE806A7D2DA00A2D12D72EEA15B','Image':'C:\\Users\\pparker\\Downloads\\DriverUpdate_1_2.exe','ImageLoaded':'C:\\Windows\\SysWOW64\\AcLayers.dll','OriginalFileName':'ACLAYERS.DLL','ProcessGuid':'{7b34ed3d-321c-673d-5906-000000000b00}','ProcessId':'368','Product':'Microsoft® Windows® Operating System','RuleName':'-','Signature':'Microsoft Windows','SignatureStatus':'Valid','Signed':'true','User':'HOMELAB\\pparker','UtcTime':'2024-11-20 00:49:32.747'}",,"Microsoft Corporation",,,"Windows Compatibility DLL",,,,,,,,"10.0.19041.3636 (WinBuild.160101.0800)","MD5=F6820B6B6BE064DA4491197FF765E8BA,SHA256=5E3FB129761D5969D772403644DD474B42842FC688EE5DAD5696E83A2A115D15,IMPHASH=D8B4BDE806A7D2DA00A2D12D72EEA15B","C:\Users\pparker\Downloads\DriverUpdate_1_2.exe","C:\Windows\SysWOW64\AcLayers.dll",,,,,"ACLAYERS.DLL",,,,,,"{7b34ed3d-321c-673d-5906-000000000b00}","368","Microsoft® Windows® Operating System",,"-","Microsoft Windows","Valid","true",,,,,,,,,"HOMELAB\pparker","2024-11-20 00:49:32.747","{'Channel':'Microsoft-Windows-Sysmon/Operational','Computer':'HL-WS04.HOMELAB.local','Correlation':'','EventID':'7','EventRecordID':'43030','Execution':{'ProcessID':'2052','ThreadID':'3948'},'Keywords':'0x8000000000000000','Level':'4','Opcode':'0','Provider':{'Guid':'{5770385f-c22a-43e0-bf4c-06f5698ffbd9}','Name':'Microsoft-Windows-Sysmon'},'Security':{'UserID':'S-1-5-18'},'Task':'7','TimeCreated':{'SystemTime':'2024-11-20T00:49:32.7623049Z'},'Version':'3','_event_id':'7'}","7","Microsoft-Windows-Sysmon/Operational","HL-WS04.HOMELAB.local","","7","43030","{'ProcessID':'2052','ThreadID':'3948'}","2052","3948","0x8000000000000000","4","0","{'Guid':'{5770385f-c22a-43e0-bf4c-06f5698ffbd9}','Name':'Microsoft-Windows-Sysmon'}","{5770385f-c22a-43e0-bf4c-06f5698ffbd9}","Microsoft-Windows-Sysmon","S-1-5-18","7","2024-11-20T00:49:32.7623049Z","3","{'arch':2,'did':'','event_id':'89016351-551e-4de6-9a2f-f0bf9069f48b','event_time':1732063727437,'event_type':'WEL','ext_ip':'108.171.103.70','hostname':'hl-ws04.homelab.local','iid':'7e99630d-d276-4169-bd11-c23115a848fa','int_ip':'10.100.100.133','moduleid':2,'oid':'27c3229e-7f58-40c8-ad1a-799ff00e1781','plat':268435456,'sid':'20884ef9-0b46-4a29-9d58-832837729b10','tags':['workstations'],'this':'e9080c288a0019893c54fcd6673d31ef'}",2,"","89016351-551e-4de6-9a2f-f0bf9069f48b",1732063727437,"WEL","108.171.103.70","hl-ws04.homelab.local","7e99630d-d276-4169-bd11-c23115a848fa","10.100.100.133",2,"27c3229e-7f58-40c8-ad1a-799ff00e1781",268435456,"20884ef9-0b46-4a29-9d58-832837729b10","['workstations']","e9080c288a0019893c54fcd6673d31ef"
"2024-11-20 00:48:47","{'EventData':{'Company':'Microsoft Corporation','Description':'Windows Setup API','FileVersion':'10.0.19041.4355 (WinBuild.160101.0800)','Hashes':'MD5=E1CB80BABA3D4CB8137DBA7B9724CA3E,SHA256=8F3788894435CC6B7A71DACFA103F8A5C0AF77DD2B62870160524BAE855B232F,IMPHASH=7F358935054C6BBAA980FC6C78515A3C','Image':'C:\\Users\\pparker\\Downloads\\DriverUpdate_1_2.exe','ImageLoaded':'C:\\Windows\\SysWOW64\\setupapi.dll','OriginalFileName':'SETUPAPI.DLL','ProcessGuid':'{7b34ed3d-321c-673d-5906-000000000b00}','ProcessId':'368','Product':'Microsoft® Windows® Operating System','RuleName':'-','Signature':'Microsoft Windows','SignatureStatus':'Valid','Signed':'true','User':'HOMELAB\\pparker','UtcTime':'2024-11-20 00:49:32.747'},'System':{'Channel':'Microsoft-Windows-Sysmon/Operational','Computer':'HL-WS04.HOMELAB.local','Correlation':'','EventID':'7','EventRecordID':'43031','Execution':{'ProcessID':'2052','ThreadID':'3948'},'Keywords':'0x8000000000000000','Level':'4','Opcode':'0','Provider':{'Guid':'{5770385f-c22a-43e0-bf4c-06f5698ffbd9}','Name':'Microsoft-Windows-Sysmon'},'Security':{'UserID':'S-1-5-18'},'Task':'7','TimeCreated':{'SystemTime':'2024-11-20T00:49:32.7627261Z'},'Version':'3','_event_id':'7'}}","{'Company':'Microsoft Corporation','Description':'Windows Setup API','FileVersion':'10.0.19041.4355 (WinBuild.160101.0800)','Hashes':'MD5=E1CB80BABA3D4CB8137DBA7B9724CA3E,SHA256=8F3788894435CC6B7A71DACFA103F8A5C0AF77DD2B62870160524BAE855B232F,IMPHASH=7F358935054C6BBAA980FC6C78515A3C','Image':'C:\\Users\\pparker\\Downloads\\DriverUpdate_1_2.exe','ImageLoaded':'C:\\Windows\\SysWOW64\\setupapi.dll','OriginalFileName':'SETUPAPI.DLL','ProcessGuid':'{7b34ed3d-321c-673d-5906-000000000b00}','ProcessId':'368','Product':'Microsoft® Windows® Operating System','RuleName':'-','Signature':'Microsoft Windows','SignatureStatus':'Valid','Signed':'true','User':'HOMELAB\\pparker','UtcTime':'2024-11-20 00:49:32.747'}",,"Microsoft Corporation",,,"Windows Setup API",,,,,,,,"10.0.19041.4355 (WinBuild.160101.0800)","MD5=E1CB80BABA3D4CB8137DBA7B9724CA3E,SHA256=8F3788894435CC6B7A71DACFA103F8A5C0AF77DD2B62870160524BAE855B232F,IMPHASH=7F358935054C6BBAA980FC6C78515A3C","C:\Users\pparker\Downloads\DriverUpdate_1_2.exe","C:\Windows\SysWOW64\setupapi.dll",,,,,"SETUPAPI.DLL",,,,,,"{7b34ed3d-321c-673d-5906-000000000b00}","368","Microsoft® Windows® Operating System",,"-","Microsoft Windows","Valid","true",,,,,,,,,"HOMELAB\pparker","2024-11-20 00:49:32.747","{'Channel':'Microsoft-Windows-Sysmon/Operational','Computer':'HL-WS04.HOMELAB.local','Correlation':'','EventID':'7','EventRecordID':'43031','Execution':{'ProcessID':'2052','ThreadID':'3948'},'Keywords':'0x8000000000000000','Level':'4','Opcode':'0','Provider':{'Guid':'{5770385f-c22a-43e0-bf4c-06f5698ffbd9}','Name':'Microsoft-Windows-Sysmon'},'Security':{'UserID':'S-1-5-18'},'Task':'7','TimeCreated':{'SystemTime':'2024-11-20T00:49:32.7627261Z'},'Version':'3','_event_id':'7'}","7","Microsoft-Windows-Sysmon/Operational","HL-WS04.HOMELAB.local","","7","43031","{'ProcessID':'2052','ThreadID':'3948'}","2052","3948","0x8000000000000000","4","0","{'Guid':'{5770385f-c22a-43e0-bf4c-06f5698ffbd9}','Name':'Microsoft-Windows-Sysmon'}","{5770385f-c22a-43e0-bf4c-06f5698ffbd9}","Microsoft-Windows-Sysmon","S-1-5-18","7","2024-11-20T00:49:32.7627261Z","3","{'arch':2,'did':'','event_id':'14f22b1f-0016-4e0d-a14b-073f28340a8d','event_time':1732063727437,'event_type':'WEL','ext_ip':'108.171.103.70','hostname':'hl-ws04.homelab.local','iid':'7e99630d-d276-4169-bd11-c23115a848fa','int_ip':'10.100.100.133','moduleid':2,'oid':'27c3229e-7f58-40c8-ad1a-799ff00e1781','plat':268435456,'sid':'20884ef9-0b46-4a29-9d58-832837729b10','tags':['workstations'],'this':'64f7e9f2911540ff9b8ae708673d31ef'}",2,"","14f22b1f-0016-4e0d-a14b-073f28340a8d",1732063727437,"WEL","108.171.103.70","hl-ws04.homelab.local","7e99630d-d276-4169-bd11-c23115a848fa","10.100.100.133",2,"27c3229e-7f58-40c8-ad1a-799ff00e1781",268435456,"20884ef9-0b46-4a29-9d58-832837729b10","['workstations']","64f7e9f2911540ff9b8ae708673d31ef"
