"2024-11-20 00:48:47","{'EventData':{'Company':'Microsoft Corporation','Description':'Windows Cryptographic Primitives Library','FileVersion':'10.0.19041.5007 (WinBuild.160101.0800)','Hashes':'MD5=6D18EDE65422902AF6976A5121EBA761,SHA256=ED60E23BECE1AE79A8453E2F86AF74747E67BDADFC016E8B82224F134011FB10,IMPHASH=4CCE8D9ECC924490B99F23B06CC1BE0C','Image':'C:\\Users\\pparker\\Downloads\\DriverUpdate_1_2.exe','ImageLoaded':'C:\\Windows\\SysWOW64\\bcryptprimitives.dll','OriginalFileName':'bcryptprimitives.dll','ProcessGuid':'{7b34ed3d-321c-673d-5906-000000000b00}','ProcessId':'368','Product':'Microsoft® Windows® Operating System','RuleName':'-','Signature':'Microsoft Windows','SignatureStatus':'Valid','Signed':'true','User':'HOMELAB\\pparker','UtcTime':'2024-11-20 00:49:32.879'},'System':{'Channel':'Microsoft-Windows-Sysmon/Operational','Computer':'HL-WS04.HOMELAB.local','Correlation':'','EventID':'7','EventRecordID':'43044','Execution':{'ProcessID':'2052','ThreadID':'3948'},'Keywords':'0x8000000000000000','Level':'4','Opcode':'0','Provider':{'Guid':'{5770385f-c22a-43e0-bf4c-06f5698ffbd9}','Name':'Microsoft-Windows-Sysmon'},'Security':{'UserID':'S-1-5-18'},'Task':'7','TimeCreated':{'SystemTime':'2024-11-20T00:49:32.8830167Z'},'Version':'3','_event_id':'7'}}","{'Company':'Microsoft Corporation','Description':'Windows Cryptographic Primitives Library','FileVersion':'10.0.19041.5007 (WinBuild.160101.0800)','Hashes':'MD5=6D18EDE65422902AF6976A5121EBA761,SHA256=ED60E23BECE1AE79A8453E2F86AF74747E67BDADFC016E8B82224F134011FB10,IMPHASH=4CCE8D9ECC924490B99F23B06CC1BE0C','Image':'C:\\Users\\pparker\\Downloads\\DriverUpdate_1_2.exe','ImageLoaded':'C:\\Windows\\SysWOW64\\bcryptprimitives.dll','OriginalFileName':'bcryptprimitives.dll','ProcessGuid':'{7b34ed3d-321c-673d-5906-000000000b00}','ProcessId':'368','Product':'Microsoft® Windows® Operating System','RuleName':'-','Signature':'Microsoft Windows','SignatureStatus':'Valid','Signed':'true','User':'HOMELAB\\pparker','UtcTime':'2024-11-20 00:49:32.879'}",,"Microsoft Corporation",,,"Windows Cryptographic Primitives Library",,,,,,,,"10.0.19041.5007 (WinBuild.160101.0800)","MD5=6D18EDE65422902AF6976A5121EBA761,SHA256=ED60E23BECE1AE79A8453E2F86AF74747E67BDADFC016E8B82224F134011FB10,IMPHASH=4CCE8D9ECC924490B99F23B06CC1BE0C","C:\Users\pparker\Downloads\DriverUpdate_1_2.exe","C:\Windows\SysWOW64\bcryptprimitives.dll",,,,,"bcryptprimitives.dll",,,,,,"{7b34ed3d-321c-673d-5906-000000000b00}","368","Microsoft® Windows® Operating System",,"-","Microsoft Windows","Valid","true",,,,,,,,,"HOMELAB\pparker","2024-11-20 00:49:32.879","{'Channel':'Microsoft-Windows-Sysmon/Operational','Computer':'HL-WS04.HOMELAB.local','Correlation':'','EventID':'7','EventRecordID':'43044','Execution':{'ProcessID':'2052','ThreadID':'3948'},'Keywords':'0x8000000000000000','Level':'4','Opcode':'0','Provider':{'Guid':'{5770385f-c22a-43e0-bf4c-06f5698ffbd9}','Name':'Microsoft-Windows-Sysmon'},'Security':{'UserID':'S-1-5-18'},'Task':'7','TimeCreated':{'SystemTime':'2024-11-20T00:49:32.8830167Z'},'Version':'3','_event_id':'7'}","7","Microsoft-Windows-Sysmon/Operational","HL-WS04.HOMELAB.local","","7","43044","{'ProcessID':'2052','ThreadID':'3948'}","2052","3948","0x8000000000000000","4","0","{'Guid':'{5770385f-c22a-43e0-bf4c-06f5698ffbd9}','Name':'Microsoft-Windows-Sysmon'}","{5770385f-c22a-43e0-bf4c-06f5698ffbd9}","Microsoft-Windows-Sysmon","S-1-5-18","7","2024-11-20T00:49:32.8830167Z","3","{'arch':2,'did':'','event_id':'4f393923-c7d0-4cea-b6ef-f53e1b38437b','event_time':1732063727452,'event_type':'WEL','ext_ip':'108.171.103.70','hostname':'hl-ws04.homelab.local','iid':'7e99630d-d276-4169-bd11-c23115a848fa','int_ip':'10.100.100.133','moduleid':2,'oid':'27c3229e-7f58-40c8-ad1a-799ff00e1781','plat':268435456,'sid':'20884ef9-0b46-4a29-9d58-832837729b10','tags':['workstations'],'this':'197abfb9b83a3410534b3d11673d31ef'}",2,"","4f393923-c7d0-4cea-b6ef-f53e1b38437b",1732063727452,"WEL","108.171.103.70","hl-ws04.homelab.local","7e99630d-d276-4169-bd11-c23115a848fa","10.100.100.133",2,"27c3229e-7f58-40c8-ad1a-799ff00e1781",268435456,"20884ef9-0b46-4a29-9d58-832837729b10","['workstations']","197abfb9b83a3410534b3d11673d31ef"
"2024-11-20 00:48:47","{'EventData':{'Company':'Microsoft Corporation','Description':'Base cryptographic API DLL','FileVersion':'10.0.19041.3636 (WinBuild.160101.0800)','Hashes':'MD5=086A6EC252DA93388C8A2507932775CE,SHA256=2EF73ABBD2BAED205993F6550C40CAC88F76D643DC2D498F28DA1386C360C9E8,IMPHASH=0BE75B543C0F25B405F5788FEEC9F429','Image':'C:\\Users\\pparker\\Downloads\\DriverUpdate_1_2.exe','ImageLoaded':'C:\\Windows\\SysWOW64\\cryptbase.dll','OriginalFileName':'cryptbase.dll','ProcessGuid':'{7b34ed3d-321c-673d-5906-000000000b00}','ProcessId':'368','Product':'Microsoft® Windows® Operating System','RuleName':'-','Signature':'Microsoft Windows','SignatureStatus':'Valid','Signed':'true','User':'HOMELAB\\pparker','UtcTime':'2024-11-20 00:49:32.879'},'System':{'Channel':'Microsoft-Windows-Sysmon/Operational','Computer':'HL-WS04.HOMELAB.local','Correlation':'','EventID':'7','EventRecordID':'43045','Execution':{'ProcessID':'2052','ThreadID':'3948'},'Keywords':'0x8000000000000000','Level':'4','Opcode':'0','Provider':{'Guid':'{5770385f-c22a-43e0-bf4c-06f5698ffbd9}','Name':'Microsoft-Windows-Sysmon'},'Security':{'UserID':'S-1-5-18'},'Task':'7','TimeCreated':{'SystemTime':'2024-11-20T00:49:32.8850405Z'},'Version':'3','_event_id':'7'}}","{'Company':'Microsoft Corporation','Description':'Base cryptographic API DLL','FileVersion':'10.0.19041.3636 (WinBuild.160101.0800)','Hashes':'MD5=086A6EC252DA93388C8A2507932775CE,SHA256=2EF73ABBD2BAED205993F6550C40CAC88F76D643DC2D498F28DA1386C360C9E8,IMPHASH=0BE75B543C0F25B405F5788FEEC9F429','Image':'C:\\Users\\pparker\\Downloads\\DriverUpdate_1_2.exe','ImageLoaded':'C:\\Windows\\SysWOW64\\cryptbase.dll','OriginalFileName':'cryptbase.dll','ProcessGuid':'{7b34ed3d-321c-673d-5906-000000000b00}','ProcessId':'368','Product':'Microsoft® Windows® Operating System','RuleName':'-','Signature':'Microsoft Windows','SignatureStatus':'Valid','Signed':'true','User':'HOMELAB\\pparker','UtcTime':'2024-11-20 00:49:32.879'}",,"Microsoft Corporation",,,"Base cryptographic API DLL",,,,,,,,"10.0.19041.3636 (WinBuild.160101.0800)","MD5=086A6EC252DA93388C8A2507932775CE,SHA256=2EF73ABBD2BAED205993F6550C40CAC88F76D643DC2D498F28DA1386C360C9E8,IMPHASH=0BE75B543C0F25B405F5788FEEC9F429","C:\Users\pparker\Downloads\DriverUpdate_1_2.exe","C:\Windows\SysWOW64\cryptbase.dll",,,,,"cryptbase.dll",,,,,,"{7b34ed3d-321c-673d-5906-000000000b00}","368","Microsoft® Windows® Operating System",,"-","Microsoft Windows","Valid","true",,,,,,,,,"HOMELAB\pparker","2024-11-20 00:49:32.879","{'Channel':'Microsoft-Windows-Sysmon/Operational','Computer':'HL-WS04.HOMELAB.local','Correlation':'','EventID':'7','EventRecordID':'43045','Execution':{'ProcessID':'2052','ThreadID':'3948'},'Keywords':'0x8000000000000000','Level':'4','Opcode':'0','Provider':{'Guid':'{5770385f-c22a-43e0-bf4c-06f5698ffbd9}','Name':'Microsoft-Windows-Sysmon'},'Security':{'UserID':'S-1-5-18'},'Task':'7','TimeCreated':{'SystemTime':'2024-11-20T00:49:32.8850405Z'},'Version':'3','_event_id':'7'}","7","Microsoft-Windows-Sysmon/Operational","HL-WS04.HOMELAB.local","","7","43045","{'ProcessID':'2052','ThreadID':'3948'}","2052","3948","0x8000000000000000","4","0","{'Guid':'{5770385f-c22a-43e0-bf4c-06f5698ffbd9}','Name':'Microsoft-Windows-Sysmon'}","{5770385f-c22a-43e0-bf4c-06f5698ffbd9}","Microsoft-Windows-Sysmon","S-1-5-18","7","2024-11-20T00:49:32.8850405Z","3","{'arch':2,'did':'','event_id':'e8404834-7722-45ba-a26f-3e1ac90b7794','event_time':1732063727452,'event_type':'WEL','ext_ip':'108.171.103.70','hostname':'hl-ws04.homelab.local','iid':'7e99630d-d276-4169-bd11-c23115a848fa','int_ip':'10.100.100.133','moduleid':2,'oid':'27c3229e-7f58-40c8-ad1a-799ff00e1781','plat':268435456,'sid':'20884ef9-0b46-4a29-9d58-832837729b10','tags':['workstations'],'this':'63a55fe451d7e973bff11e5f673d31ef'}",2,"","e8404834-7722-45ba-a26f-3e1ac90b7794",1732063727452,"WEL","108.171.103.70","hl-ws04.homelab.local","7e99630d-d276-4169-bd11-c23115a848fa","10.100.100.133",2,"27c3229e-7f58-40c8-ad1a-799ff00e1781",268435456,"20884ef9-0b46-4a29-9d58-832837729b10","['workstations']","63a55fe451d7e973bff11e5f673d31ef"
"2024-11-20 00:48:47","{'EventData':{'Company':'Microsoft Corporation','Description':'User Profile Basic API','FileVersion':'10.0.19041.4355 (WinBuild.160101.0800)','Hashes':'MD5=5848C402E75D41D563CF1F01E4DEF886,SHA256=B83253446951BEC5BACF5ECF057FAA68A6257879CB919DC90030A10288550B6B,IMPHASH=9316C5657859E2CD478276DF8244B5E4','Image':'C:\\Users\\pparker\\Downloads\\DriverUpdate_1_2.exe','ImageLoaded':'C:\\Windows\\SysWOW64\\profapi.dll','OriginalFileName':'PROFAPI.DLL','ProcessGuid':'{7b34ed3d-321c-673d-5906-000000000b00}','ProcessId':'368','Product':'Microsoft® Windows® Operating System','RuleName':'-','Signature':'Microsoft Windows','SignatureStatus':'Valid','Signed':'true','User':'HOMELAB\\pparker','UtcTime':'2024-11-20 00:49:32.865'},'System':{'Channel':'Microsoft-Windows-Sysmon/Operational','Computer':'HL-WS04.HOMELAB.local','Correlation':'','EventID':'7','EventRecordID':'43046','Execution':{'ProcessID':'2052','ThreadID':'4064'},'Keywords':'0x8000000000000000','Level':'4','Opcode':'0','Provider':{'Guid':'{5770385f-c22a-43e0-bf4c-06f5698ffbd9}','Name':'Microsoft-Windows-Sysmon'},'Security':{'UserID':'S-1-5-18'},'Task':'7','TimeCreated':{'SystemTime':'2024-11-20T00:49:32.8851045Z'},'Version':'3','_event_id':'7'}}","{'Company':'Microsoft Corporation','Description':'User Profile Basic API','FileVersion':'10.0.19041.4355 (WinBuild.160101.0800)','Hashes':'MD5=5848C402E75D41D563CF1F01E4DEF886,SHA256=B83253446951BEC5BACF5ECF057FAA68A6257879CB919DC90030A10288550B6B,IMPHASH=9316C5657859E2CD478276DF8244B5E4','Image':'C:\\Users\\pparker\\Downloads\\DriverUpdate_1_2.exe','ImageLoaded':'C:\\Windows\\SysWOW64\\profapi.dll','OriginalFileName':'PROFAPI.DLL','ProcessGuid':'{7b34ed3d-321c-673d-5906-000000000b00}','ProcessId':'368','Product':'Microsoft® Windows® Operating System','RuleName':'-','Signature':'Microsoft Windows','SignatureStatus':'Valid','Signed':'true','User':'HOMELAB\\pparker','UtcTime':'2024-11-20 00:49:32.865'}",,"Microsoft Corporation",,,"User Profile Basic API",,,,,,,,"10.0.19041.4355 (WinBuild.160101.0800)","MD5=5848C402E75D41D563CF1F01E4DEF886,SHA256=B83253446951BEC5BACF5ECF057FAA68A6257879CB919DC90030A10288550B6B,IMPHASH=9316C5657859E2CD478276DF8244B5E4","C:\Users\pparker\Downloads\DriverUpdate_1_2.exe","C:\Windows\SysWOW64\profapi.dll",,,,,"PROFAPI.DLL",,,,,,"{7b34ed3d-321c-673d-5906-000000000b00}","368","Microsoft® Windows® Operating System",,"-","Microsoft Windows","Valid","true",,,,,,,,,"HOMELAB\pparker","2024-11-20 00:49:32.865","{'Channel':'Microsoft-Windows-Sysmon/Operational','Computer':'HL-WS04.HOMELAB.local','Correlation':'','EventID':'7','EventRecordID':'43046','Execution':{'ProcessID':'2052','ThreadID':'4064'},'Keywords':'0x8000000000000000','Level':'4','Opcode':'0','Provider':{'Guid':'{5770385f-c22a-43e0-bf4c-06f5698ffbd9}','Name':'Microsoft-Windows-Sysmon'},'Security':{'UserID':'S-1-5-18'},'Task':'7','TimeCreated':{'SystemTime':'2024-11-20T00:49:32.8851045Z'},'Version':'3','_event_id':'7'}","7","Microsoft-Windows-Sysmon/Operational","HL-WS04.HOMELAB.local","","7","43046","{'ProcessID':'2052','ThreadID':'4064'}","2052","4064","0x8000000000000000","4","0","{'Guid':'{5770385f-c22a-43e0-bf4c-06f5698ffbd9}','Name':'Microsoft-Windows-Sysmon'}","{5770385f-c22a-43e0-bf4c-06f5698ffbd9}","Microsoft-Windows-Sysmon","S-1-5-18","7","2024-11-20T00:49:32.8851045Z","3","{'arch':2,'did':'','event_id':'47594307-a788-41fd-9375-8d698c3a1d17','event_time':1732063727452,'event_type':'WEL','ext_ip':'108.171.103.70','hostname':'hl-ws04.homelab.local','iid':'7e99630d-d276-4169-bd11-c23115a848fa','int_ip':'10.100.100.133','moduleid':2,'oid':'27c3229e-7f58-40c8-ad1a-799ff00e1781','plat':268435456,'sid':'20884ef9-0b46-4a29-9d58-832837729b10','tags':['workstations'],'this':'f096ec227538d09c518fbd53673d31ef'}",2,"","47594307-a788-41fd-9375-8d698c3a1d17",1732063727452,"WEL","108.171.103.70","hl-ws04.homelab.local","7e99630d-d276-4169-bd11-c23115a848fa","10.100.100.133",2,"27c3229e-7f58-40c8-ad1a-799ff00e1781",268435456,"20884ef9-0b46-4a29-9d58-832837729b10","['workstations']","f096ec227538d09c518fbd53673d31ef"
"2024-11-20 00:48:47","{'EventData':{'Company':'Microsoft Corporation','Description':'ASN.1 Runtime APIs','FileVersion':'10.0.19041.3636 (WinBuild.160101.0800)','Hashes':'MD5=9D9A58DF5E46E4E66370DD4A416B6614,SHA256=23E80A451CBE7521F5E7A2084CF1441AADFB5D1C1FA11E2A15C9B0E27D96CB18,IMPHASH=1E0C58767D1395A2505EBBD4F2492E0D','Image':'C:\\Users\\pparker\\Downloads\\DriverUpdate_1_2.exe','ImageLoaded':'C:\\Windows\\SysWOW64\\msasn1.dll','OriginalFileName':'msasn1.dll','ProcessGuid':'{7b34ed3d-321c-673d-5906-000000000b00}','ProcessId':'368','Product':'Microsoft® Windows® Operating System','RuleName':'-','Signature':'Microsoft Windows','SignatureStatus':'Valid','Signed':'true','User':'HOMELAB\\pparker','UtcTime':'2024-11-20 00:49:32.879'},'System':{'Channel':'Microsoft-Windows-Sysmon/Operational','Computer':'HL-WS04.HOMELAB.local','Correlation':'','EventID':'7','EventRecordID':'43047','Execution':{'ProcessID':'2052','ThreadID':'3948'},'Keywords':'0x8000000000000000','Level':'4','Opcode':'0','Provider':{'Guid':'{5770385f-c22a-43e0-bf4c-06f5698ffbd9}','Name':'Microsoft-Windows-Sysmon'},'Security':{'UserID':'S-1-5-18'},'Task':'7','TimeCreated':{'SystemTime':'2024-11-20T00:49:32.8873811Z'},'Version':'3','_event_id':'7'}}","{'Company':'Microsoft Corporation','Description':'ASN.1 Runtime APIs','FileVersion':'10.0.19041.3636 (WinBuild.160101.0800)','Hashes':'MD5=9D9A58DF5E46E4E66370DD4A416B6614,SHA256=23E80A451CBE7521F5E7A2084CF1441AADFB5D1C1FA11E2A15C9B0E27D96CB18,IMPHASH=1E0C58767D1395A2505EBBD4F2492E0D','Image':'C:\\Users\\pparker\\Downloads\\DriverUpdate_1_2.exe','ImageLoaded':'C:\\Windows\\SysWOW64\\msasn1.dll','OriginalFileName':'msasn1.dll','ProcessGuid':'{7b34ed3d-321c-673d-5906-000000000b00}','ProcessId':'368','Product':'Microsoft® Windows® Operating System','RuleName':'-','Signature':'Microsoft Windows','SignatureStatus':'Valid','Signed':'true','User':'HOMELAB\\pparker','UtcTime':'2024-11-20 00:49:32.879'}",,"Microsoft Corporation",,,"ASN.1 Runtime APIs",,,,,,,,"10.0.19041.3636 (WinBuild.160101.0800)","MD5=9D9A58DF5E46E4E66370DD4A416B6614,SHA256=23E80A451CBE7521F5E7A2084CF1441AADFB5D1C1FA11E2A15C9B0E27D96CB18,IMPHASH=1E0C58767D1395A2505EBBD4F2492E0D","C:\Users\pparker\Downloads\DriverUpdate_1_2.exe","C:\Windows\SysWOW64\msasn1.dll",,,,,"msasn1.dll",,,,,,"{7b34ed3d-321c-673d-5906-000000000b00}","368","Microsoft® Windows® Operating System",,"-","Microsoft Windows","Valid","true",,,,,,,,,"HOMELAB\pparker","2024-11-20 00:49:32.879","{'Channel':'Microsoft-Windows-Sysmon/Operational','Computer':'HL-WS04.HOMELAB.local','Correlation':'','EventID':'7','EventRecordID':'43047','Execution':{'ProcessID':'2052','ThreadID':'3948'},'Keywords':'0x8000000000000000','Level':'4','Opcode':'0','Provider':{'Guid':'{5770385f-c22a-43e0-bf4c-06f5698ffbd9}','Name':'Microsoft-Windows-Sysmon'},'Security':{'UserID':'S-1-5-18'},'Task':'7','TimeCreated':{'SystemTime':'2024-11-20T00:49:32.8873811Z'},'Version':'3','_event_id':'7'}","7","Microsoft-Windows-Sysmon/Operational","HL-WS04.HOMELAB.local","","7","43047","{'ProcessID':'2052','ThreadID':'3948'}","2052","3948","0x8000000000000000","4","0","{'Guid':'{5770385f-c22a-43e0-bf4c-06f5698ffbd9}','Name':'Microsoft-Windows-Sysmon'}","{5770385f-c22a-43e0-bf4c-06f5698ffbd9}","Microsoft-Windows-Sysmon","S-1-5-18","7","2024-11-20T00:49:32.8873811Z","3","{'arch':2,'did':'','event_id':'cff2ec10-7e9a-43a7-b485-3e504f70a51f','event_time':1732063727452,'event_type':'WEL','ext_ip':'108.171.103.70','hostname':'hl-ws04.homelab.local','iid':'7e99630d-d276-4169-bd11-c23115a848fa','int_ip':'10.100.100.133','moduleid':2,'oid':'27c3229e-7f58-40c8-ad1a-799ff00e1781','plat':268435456,'sid':'20884ef9-0b46-4a29-9d58-832837729b10','tags':['workstations'],'this':'d59b3c291f6cfa60286e1d2e673d31ef'}",2,"","cff2ec10-7e9a-43a7-b485-3e504f70a51f",1732063727452,"WEL","108.171.103.70","hl-ws04.homelab.local","7e99630d-d276-4169-bd11-c23115a848fa","10.100.100.133",2,"27c3229e-7f58-40c8-ad1a-799ff00e1781",268435456,"20884ef9-0b46-4a29-9d58-832837729b10","['workstations']","d59b3c291f6cfa60286e1d2e673d31ef"
"2024-11-20 00:48:47","{'EventData':{'Company':'Microsoft Corporation','Description':'Net Win32 API DLL','FileVersion':'10.0.19041.3636 (WinBuild.160101.0800)','Hashes':'MD5=B87C412295A901B441E06549FC7798C2,SHA256=BDF270B3A325847CD62F96827A8E47AA0F00A4FE588F2621C8F80F22A025130A,IMPHASH=78DE637967C5DAB46E91FE92DD9B62BD','Image':'C:\\Users\\pparker\\Downloads\\DriverUpdate_1_2.exe','ImageLoaded':'C:\\Windows\\SysWOW64\\netapi32.dll','OriginalFileName':'NetApi32.DLL','ProcessGuid':'{7b34ed3d-321c-673d-5906-000000000b00}','ProcessId':'368','Product':'Microsoft® Windows® Operating System','RuleName':'-','Signature':'Microsoft Windows','SignatureStatus':'Valid','Signed':'true','User':'HOMELAB\\pparker','UtcTime':'2024-11-20 00:49:33.267'},'System':{'Channel':'Microsoft-Windows-Sysmon/Operational','Computer':'HL-WS04.HOMELAB.local','Correlation':'','EventID':'7','EventRecordID':'43048','Execution':{'ProcessID':'2052','ThreadID':'3948'},'Keywords':'0x8000000000000000','Level':'4','Opcode':'0','Provider':{'Guid':'{5770385f-c22a-43e0-bf4c-06f5698ffbd9}','Name':'Microsoft-Windows-Sysmon'},'Security':{'UserID':'S-1-5-18'},'Task':'7','TimeCreated':{'SystemTime':'2024-11-20T00:49:33.2765641Z'},'Version':'3','_event_id':'7'}}","{'Company':'Microsoft Corporation','Description':'Net Win32 API DLL','FileVersion':'10.0.19041.3636 (WinBuild.160101.0800)','Hashes':'MD5=B87C412295A901B441E06549FC7798C2,SHA256=BDF270B3A325847CD62F96827A8E47AA0F00A4FE588F2621C8F80F22A025130A,IMPHASH=78DE637967C5DAB46E91FE92DD9B62BD','Image':'C:\\Users\\pparker\\Downloads\\DriverUpdate_1_2.exe','ImageLoaded':'C:\\Windows\\SysWOW64\\netapi32.dll','OriginalFileName':'NetApi32.DLL','ProcessGuid':'{7b34ed3d-321c-673d-5906-000000000b00}','ProcessId':'368','Product':'Microsoft® Windows® Operating System','RuleName':'-','Signature':'Microsoft Windows','SignatureStatus':'Valid','Signed':'true','User':'HOMELAB\\pparker','UtcTime':'2024-11-20 00:49:33.267'}",,"Microsoft Corporation",,,"Net Win32 API DLL",,,,,,,,"10.0.19041.3636 (WinBuild.160101.0800)","MD5=B87C412295A901B441E06549FC7798C2,SHA256=BDF270B3A325847CD62F96827A8E47AA0F00A4FE588F2621C8F80F22A025130A,IMPHASH=78DE637967C5DAB46E91FE92DD9B62BD","C:\Users\pparker\Downloads\DriverUpdate_1_2.exe","C:\Windows\SysWOW64\netapi32.dll",,,,,"NetApi32.DLL",,,,,,"{7b34ed3d-321c-673d-5906-000000000b00}","368","Microsoft® Windows® Operating System",,"-","Microsoft Windows","Valid","true",,,,,,,,,"HOMELAB\pparker","2024-11-20 00:49:33.267","{'Channel':'Microsoft-Windows-Sysmon/Operational','Computer':'HL-WS04.HOMELAB.local','Correlation':'','EventID':'7','EventRecordID':'43048','Execution':{'ProcessID':'2052','ThreadID':'3948'},'Keywords':'0x8000000000000000','Level':'4','Opcode':'0','Provider':{'Guid':'{5770385f-c22a-43e0-bf4c-06f5698ffbd9}','Name':'Microsoft-Windows-Sysmon'},'Security':{'UserID':'S-1-5-18'},'Task':'7','TimeCreated':{'SystemTime':'2024-11-20T00:49:33.2765641Z'},'Version':'3','_event_id':'7'}","7","Microsoft-Windows-Sysmon/Operational","HL-WS04.HOMELAB.local","","7","43048","{'ProcessID':'2052','ThreadID':'3948'}","2052","3948","0x8000000000000000","4","0","{'Guid':'{5770385f-c22a-43e0-bf4c-06f5698ffbd9}','Name':'Microsoft-Windows-Sysmon'}","{5770385f-c22a-43e0-bf4c-06f5698ffbd9}","Microsoft-Windows-Sysmon","S-1-5-18","7","2024-11-20T00:49:33.2765641Z","3","{'arch':2,'did':'','event_id':'c57af3ac-e5bc-4253-8b0e-27d4245e13f9','event_time':1732063727452,'event_type':'WEL','ext_ip':'108.171.103.70','hostname':'hl-ws04.homelab.local','iid':'7e99630d-d276-4169-bd11-c23115a848fa','int_ip':'10.100.100.133','moduleid':2,'oid':'27c3229e-7f58-40c8-ad1a-799ff00e1781','plat':268435456,'sid':'20884ef9-0b46-4a29-9d58-832837729b10','tags':['workstations'],'this':'2d7aa57b9cc1dae9ad28de5d673d31ef'}",2,"","c57af3ac-e5bc-4253-8b0e-27d4245e13f9",1732063727452,"WEL","108.171.103.70","hl-ws04.homelab.local","7e99630d-d276-4169-bd11-c23115a848fa","10.100.100.133",2,"27c3229e-7f58-40c8-ad1a-799ff00e1781",268435456,"20884ef9-0b46-4a29-9d58-832837729b10","['workstations']","2d7aa57b9cc1dae9ad28de5d673d31ef"
"2024-11-20 00:48:47","{'EventData':{'Company':'Microsoft Corporation','Description':'Process Status Helper','FileVersion':'10.0.19041.3636 (WinBuild.160101.0800)','Hashes':'MD5=92A8027AFAB67DB7D71755BD2B1B39E6,SHA256=F901C48DE42ECC015EAA99F61444CFFA0155296832C946E0DA3C14D8C6EF45CF,IMPHASH=C92635D501F395C41AE84007194A43CD','Image':'C:\\Users\\pparker\\Downloads\\DriverUpdate_1_2.exe','ImageLoaded':'C:\\Windows\\SysWOW64\\psapi.dll','OriginalFileName':'PSAPI','ProcessGuid':'{7b34ed3d-321c-673d-5906-000000000b00}','ProcessId':'368','Product':'Microsoft® Windows® Operating System','RuleName':'-','Signature':'Microsoft Windows','SignatureStatus':'Valid','Signed':'true','User':'HOMELAB\\pparker','UtcTime':'2024-11-20 00:49:33.267'},'System':{'Channel':'Microsoft-Windows-Sysmon/Operational','Computer':'HL-WS04.HOMELAB.local','Correlation':'','EventID':'7','EventRecordID':'43049','Execution':{'ProcessID':'2052','ThreadID':'3948'},'Keywords':'0x8000000000000000','Level':'4','Opcode':'0','Provider':{'Guid':'{5770385f-c22a-43e0-bf4c-06f5698ffbd9}','Name':'Microsoft-Windows-Sysmon'},'Security':{'UserID':'S-1-5-18'},'Task':'7','TimeCreated':{'SystemTime':'2024-11-20T00:49:33.2770435Z'},'Version':'3','_event_id':'7'}}","{'Company':'Microsoft Corporation','Description':'Process Status Helper','FileVersion':'10.0.19041.3636 (WinBuild.160101.0800)','Hashes':'MD5=92A8027AFAB67DB7D71755BD2B1B39E6,SHA256=F901C48DE42ECC015EAA99F61444CFFA0155296832C946E0DA3C14D8C6EF45CF,IMPHASH=C92635D501F395C41AE84007194A43CD','Image':'C:\\Users\\pparker\\Downloads\\DriverUpdate_1_2.exe','ImageLoaded':'C:\\Windows\\SysWOW64\\psapi.dll','OriginalFileName':'PSAPI','ProcessGuid':'{7b34ed3d-321c-673d-5906-000000000b00}','ProcessId':'368','Product':'Microsoft® Windows® Operating System','RuleName':'-','Signature':'Microsoft Windows','SignatureStatus':'Valid','Signed':'true','User':'HOMELAB\\pparker','UtcTime':'2024-11-20 00:49:33.267'}",,"Microsoft Corporation",,,"Process Status Helper",,,,,,,,"10.0.19041.3636 (WinBuild.160101.0800)","MD5=92A8027AFAB67DB7D71755BD2B1B39E6,SHA256=F901C48DE42ECC015EAA99F61444CFFA0155296832C946E0DA3C14D8C6EF45CF,IMPHASH=C92635D501F395C41AE84007194A43CD","C:\Users\pparker\Downloads\DriverUpdate_1_2.exe","C:\Windows\SysWOW64\psapi.dll",,,,,"PSAPI",,,,,,"{7b34ed3d-321c-673d-5906-000000000b00}","368","Microsoft® Windows® Operating System",,"-","Microsoft Windows","Valid","true",,,,,,,,,"HOMELAB\pparker","2024-11-20 00:49:33.267","{'Channel':'Microsoft-Windows-Sysmon/Operational','Computer':'HL-WS04.HOMELAB.local','Correlation':'','EventID':'7','EventRecordID':'43049','Execution':{'ProcessID':'2052','ThreadID':'3948'},'Keywords':'0x8000000000000000','Level':'4','Opcode':'0','Provider':{'Guid':'{5770385f-c22a-43e0-bf4c-06f5698ffbd9}','Name':'Microsoft-Windows-Sysmon'},'Security':{'UserID':'S-1-5-18'},'Task':'7','TimeCreated':{'SystemTime':'2024-11-20T00:49:33.2770435Z'},'Version':'3','_event_id':'7'}","7","Microsoft-Windows-Sysmon/Operational","HL-WS04.HOMELAB.local","","7","43049","{'ProcessID':'2052','ThreadID':'3948'}","2052","3948","0x8000000000000000","4","0","{'Guid':'{5770385f-c22a-43e0-bf4c-06f5698ffbd9}','Name':'Microsoft-Windows-Sysmon'}","{5770385f-c22a-43e0-bf4c-06f5698ffbd9}","Microsoft-Windows-Sysmon","S-1-5-18","7","2024-11-20T00:49:33.2770435Z","3","{'arch':2,'did':'','event_id':'e12de984-c876-4822-82bf-e608c9d6382e','event_time':1732063727452,'event_type':'WEL','ext_ip':'108.171.103.70','hostname':'hl-ws04.homelab.local','iid':'7e99630d-d276-4169-bd11-c23115a848fa','int_ip':'10.100.100.133','moduleid':2,'oid':'27c3229e-7f58-40c8-ad1a-799ff00e1781','plat':268435456,'sid':'20884ef9-0b46-4a29-9d58-832837729b10','tags':['workstations'],'this':'5d455fb59196949a038bb1f0673d31ef'}",2,"","e12de984-c876-4822-82bf-e608c9d6382e",1732063727452,"WEL","108.171.103.70","hl-ws04.homelab.local","7e99630d-d276-4169-bd11-c23115a848fa","10.100.100.133",2,"27c3229e-7f58-40c8-ad1a-799ff00e1781",268435456,"20884ef9-0b46-4a29-9d58-832837729b10","['workstations']","5d455fb59196949a038bb1f0673d31ef"
"2024-11-20 00:48:47","{'EventData':{'Company':'Microsoft Corporation','Description':'IP Helper API','FileVersion':'10.0.19041.3636 (WinBuild.160101.0800)','Hashes':'MD5=C5F93114591AB9EFE8DC3A4A98845CDE,SHA256=DD3D073E10F6CBAEE11D73702EB99AE8A9DD73D2FC7FB37B165DD0B04BE7FE5E,IMPHASH=E78CCE9DD51B6DF71895888C3CD7480A','Image':'C:\\Users\\pparker\\Downloads\\DriverUpdate_1_2.exe','ImageLoaded':'C:\\Windows\\SysWOW64\\IPHLPAPI.DLL','OriginalFileName':'iphlpapi.dll','ProcessGuid':'{7b34ed3d-321c-673d-5906-000000000b00}','ProcessId':'368','Product':'Microsoft® Windows® Operating System','RuleName':'-','Signature':'Microsoft Windows','SignatureStatus':'Valid','Signed':'true','User':'HOMELAB\\pparker','UtcTime':'2024-11-20 00:49:33.267'},'System':{'Channel':'Microsoft-Windows-Sysmon/Operational','Computer':'HL-WS04.HOMELAB.local','Correlation':'','EventID':'7','EventRecordID':'43050','Execution':{'ProcessID':'2052','ThreadID':'3948'},'Keywords':'0x8000000000000000','Level':'4','Opcode':'0','Provider':{'Guid':'{5770385f-c22a-43e0-bf4c-06f5698ffbd9}','Name':'Microsoft-Windows-Sysmon'},'Security':{'UserID':'S-1-5-18'},'Task':'7','TimeCreated':{'SystemTime':'2024-11-20T00:49:33.2778498Z'},'Version':'3','_event_id':'7'}}","{'Company':'Microsoft Corporation','Description':'IP Helper API','FileVersion':'10.0.19041.3636 (WinBuild.160101.0800)','Hashes':'MD5=C5F93114591AB9EFE8DC3A4A98845CDE,SHA256=DD3D073E10F6CBAEE11D73702EB99AE8A9DD73D2FC7FB37B165DD0B04BE7FE5E,IMPHASH=E78CCE9DD51B6DF71895888C3CD7480A','Image':'C:\\Users\\pparker\\Downloads\\DriverUpdate_1_2.exe','ImageLoaded':'C:\\Windows\\SysWOW64\\IPHLPAPI.DLL','OriginalFileName':'iphlpapi.dll','ProcessGuid':'{7b34ed3d-321c-673d-5906-000000000b00}','ProcessId':'368','Product':'Microsoft® Windows® Operating System','RuleName':'-','Signature':'Microsoft Windows','SignatureStatus':'Valid','Signed':'true','User':'HOMELAB\\pparker','UtcTime':'2024-11-20 00:49:33.267'}",,"Microsoft Corporation",,,"IP Helper API",,,,,,,,"10.0.19041.3636 (WinBuild.160101.0800)","MD5=C5F93114591AB9EFE8DC3A4A98845CDE,SHA256=DD3D073E10F6CBAEE11D73702EB99AE8A9DD73D2FC7FB37B165DD0B04BE7FE5E,IMPHASH=E78CCE9DD51B6DF71895888C3CD7480A","C:\Users\pparker\Downloads\DriverUpdate_1_2.exe","C:\Windows\SysWOW64\IPHLPAPI.DLL",,,,,"iphlpapi.dll",,,,,,"{7b34ed3d-321c-673d-5906-000000000b00}","368","Microsoft® Windows® Operating System",,"-","Microsoft Windows","Valid","true",,,,,,,,,"HOMELAB\pparker","2024-11-20 00:49:33.267","{'Channel':'Microsoft-Windows-Sysmon/Operational','Computer':'HL-WS04.HOMELAB.local','Correlation':'','EventID':'7','EventRecordID':'43050','Execution':{'ProcessID':'2052','ThreadID':'3948'},'Keywords':'0x8000000000000000','Level':'4','Opcode':'0','Provider':{'Guid':'{5770385f-c22a-43e0-bf4c-06f5698ffbd9}','Name':'Microsoft-Windows-Sysmon'},'Security':{'UserID':'S-1-5-18'},'Task':'7','TimeCreated':{'SystemTime':'2024-11-20T00:49:33.2778498Z'},'Version':'3','_event_id':'7'}","7","Microsoft-Windows-Sysmon/Operational","HL-WS04.HOMELAB.local","","7","43050","{'ProcessID':'2052','ThreadID':'3948'}","2052","3948","0x8000000000000000","4","0","{'Guid':'{5770385f-c22a-43e0-bf4c-06f5698ffbd9}','Name':'Microsoft-Windows-Sysmon'}","{5770385f-c22a-43e0-bf4c-06f5698ffbd9}","Microsoft-Windows-Sysmon","S-1-5-18","7","2024-11-20T00:49:33.2778498Z","3","{'arch':2,'did':'','event_id':'1f7ef0ca-6d08-4ecc-b009-4640cd6d968d','event_time':1732063727452,'event_type':'WEL','ext_ip':'108.171.103.70','hostname':'hl-ws04.homelab.local','iid':'7e99630d-d276-4169-bd11-c23115a848fa','int_ip':'10.100.100.133','moduleid':2,'oid':'27c3229e-7f58-40c8-ad1a-799ff00e1781','plat':268435456,'sid':'20884ef9-0b46-4a29-9d58-832837729b10','tags':['workstations'],'this':'798e4eb82e6e312f1e7762ce673d31ef'}",2,"","1f7ef0ca-6d08-4ecc-b009-4640cd6d968d",1732063727452,"WEL","108.171.103.70","hl-ws04.homelab.local","7e99630d-d276-4169-bd11-c23115a848fa","10.100.100.133",2,"27c3229e-7f58-40c8-ad1a-799ff00e1781",268435456,"20884ef9-0b46-4a29-9d58-832837729b10","['workstations']","798e4eb82e6e312f1e7762ce673d31ef"
"2024-11-20 00:48:47","{'EventData':{'Company':'Microsoft Corporation','Description':'Workstation Service Client DLL','FileVersion':'10.0.19041.3636 (WinBuild.160101.0800)','Hashes':'MD5=1B5144B43F7A8E3C8AF9906267ED4E78,SHA256=227686A78077E172C4380303A1F7CACBCD30664BEC23BE44FAEE7262BB339E2C,IMPHASH=B16EA60831C8BD36D6F710D6B6E38352','Image':'C:\\Users\\pparker\\Downloads\\DriverUpdate_1_2.exe','ImageLoaded':'C:\\Windows\\SysWOW64\\wkscli.dll','OriginalFileName':'WKSCLI.DLL','ProcessGuid':'{7b34ed3d-321c-673d-5906-000000000b00}','ProcessId':'368','Product':'Microsoft® Windows® Operating System','RuleName':'-','Signature':'Microsoft Windows','SignatureStatus':'Valid','Signed':'true','User':'HOMELAB\\pparker','UtcTime':'2024-11-20 00:49:33.421'},'System':{'Channel':'Microsoft-Windows-Sysmon/Operational','Computer':'HL-WS04.HOMELAB.local','Correlation':'','EventID':'7','EventRecordID':'43051','Execution':{'ProcessID':'2052','ThreadID':'3948'},'Keywords':'0x8000000000000000','Level':'4','Opcode':'0','Provider':{'Guid':'{5770385f-c22a-43e0-bf4c-06f5698ffbd9}','Name':'Microsoft-Windows-Sysmon'},'Security':{'UserID':'S-1-5-18'},'Task':'7','TimeCreated':{'SystemTime':'2024-11-20T00:49:33.4323449Z'},'Version':'3','_event_id':'7'}}","{'Company':'Microsoft Corporation','Description':'Workstation Service Client DLL','FileVersion':'10.0.19041.3636 (WinBuild.160101.0800)','Hashes':'MD5=1B5144B43F7A8E3C8AF9906267ED4E78,SHA256=227686A78077E172C4380303A1F7CACBCD30664BEC23BE44FAEE7262BB339E2C,IMPHASH=B16EA60831C8BD36D6F710D6B6E38352','Image':'C:\\Users\\pparker\\Downloads\\DriverUpdate_1_2.exe','ImageLoaded':'C:\\Windows\\SysWOW64\\wkscli.dll','OriginalFileName':'WKSCLI.DLL','ProcessGuid':'{7b34ed3d-321c-673d-5906-000000000b00}','ProcessId':'368','Product':'Microsoft® Windows® Operating System','RuleName':'-','Signature':'Microsoft Windows','SignatureStatus':'Valid','Signed':'true','User':'HOMELAB\\pparker','UtcTime':'2024-11-20 00:49:33.421'}",,"Microsoft Corporation",,,"Workstation Service Client DLL",,,,,,,,"10.0.19041.3636 (WinBuild.160101.0800)","MD5=1B5144B43F7A8E3C8AF9906267ED4E78,SHA256=227686A78077E172C4380303A1F7CACBCD30664BEC23BE44FAEE7262BB339E2C,IMPHASH=B16EA60831C8BD36D6F710D6B6E38352","C:\Users\pparker\Downloads\DriverUpdate_1_2.exe","C:\Windows\SysWOW64\wkscli.dll",,,,,"WKSCLI.DLL",,,,,,"{7b34ed3d-321c-673d-5906-000000000b00}","368","Microsoft® Windows® Operating System",,"-","Microsoft Windows","Valid","true",,,,,,,,,"HOMELAB\pparker","2024-11-20 00:49:33.421","{'Channel':'Microsoft-Windows-Sysmon/Operational','Computer':'HL-WS04.HOMELAB.local','Correlation':'','EventID':'7','EventRecordID':'43051','Execution':{'ProcessID':'2052','ThreadID':'3948'},'Keywords':'0x8000000000000000','Level':'4','Opcode':'0','Provider':{'Guid':'{5770385f-c22a-43e0-bf4c-06f5698ffbd9}','Name':'Microsoft-Windows-Sysmon'},'Security':{'UserID':'S-1-5-18'},'Task':'7','TimeCreated':{'SystemTime':'2024-11-20T00:49:33.4323449Z'},'Version':'3','_event_id':'7'}","7","Microsoft-Windows-Sysmon/Operational","HL-WS04.HOMELAB.local","","7","43051","{'ProcessID':'2052','ThreadID':'3948'}","2052","3948","0x8000000000000000","4","0","{'Guid':'{5770385f-c22a-43e0-bf4c-06f5698ffbd9}','Name':'Microsoft-Windows-Sysmon'}","{5770385f-c22a-43e0-bf4c-06f5698ffbd9}","Microsoft-Windows-Sysmon","S-1-5-18","7","2024-11-20T00:49:33.4323449Z","3","{'arch':2,'did':'','event_id':'43da5aca-bc69-400a-b50b-8d02ba1f8c3a','event_time':1732063727452,'event_type':'WEL','ext_ip':'108.171.103.70','hostname':'hl-ws04.homelab.local','iid':'7e99630d-d276-4169-bd11-c23115a848fa','int_ip':'10.100.100.133','moduleid':2,'oid':'27c3229e-7f58-40c8-ad1a-799ff00e1781','plat':268435456,'sid':'20884ef9-0b46-4a29-9d58-832837729b10','tags':['workstations'],'this':'4979d90f8350bc1b4153b03d673d31ef'}",2,"","43da5aca-bc69-400a-b50b-8d02ba1f8c3a",1732063727452,"WEL","108.171.103.70","hl-ws04.homelab.local","7e99630d-d276-4169-bd11-c23115a848fa","10.100.100.133",2,"27c3229e-7f58-40c8-ad1a-799ff00e1781",268435456,"20884ef9-0b46-4a29-9d58-832837729b10","['workstations']","4979d90f8350bc1b4153b03d673d31ef"
"2024-11-20 00:48:47","{'EventData':{'Company':'Microsoft Corporation','Description':'Offline Files Win32 API','FileVersion':'10.0.19041.3636 (WinBuild.160101.0800)','Hashes':'MD5=46C4F87C83A0198255184D10B79F9095,SHA256=7FA69CE0022452912FC332D5B26137CB5B9040B205E3A6996311AC5EE179160D,IMPHASH=73EEE77E4030C1B056AED9BC1425A55E','Image':'C:\\Users\\pparker\\Downloads\\DriverUpdate_1_2.exe','ImageLoaded':'C:\\Windows\\SysWOW64\\cscapi.dll','OriginalFileName':'cscapi.dll','ProcessGuid':'{7b34ed3d-321c-673d-5906-000000000b00}','ProcessId':'368','Product':'Microsoft® Windows® Operating System','RuleName':'-','Signature':'Microsoft Windows','SignatureStatus':'Valid','Signed':'true','User':'HOMELAB\\pparker','UtcTime':'2024-11-20 00:49:33.421'},'System':{'Channel':'Microsoft-Windows-Sysmon/Operational','Computer':'HL-WS04.HOMELAB.local','Correlation':'','EventID':'7','EventRecordID':'43052','Execution':{'ProcessID':'2052','ThreadID':'3948'},'Keywords':'0x8000000000000000','Level':'4','Opcode':'0','Provider':{'Guid':'{5770385f-c22a-43e0-bf4c-06f5698ffbd9}','Name':'Microsoft-Windows-Sysmon'},'Security':{'UserID':'S-1-5-18'},'Task':'7','TimeCreated':{'SystemTime':'2024-11-20T00:49:33.4364389Z'},'Version':'3','_event_id':'7'}}","{'Company':'Microsoft Corporation','Description':'Offline Files Win32 API','FileVersion':'10.0.19041.3636 (WinBuild.160101.0800)','Hashes':'MD5=46C4F87C83A0198255184D10B79F9095,SHA256=7FA69CE0022452912FC332D5B26137CB5B9040B205E3A6996311AC5EE179160D,IMPHASH=73EEE77E4030C1B056AED9BC1425A55E','Image':'C:\\Users\\pparker\\Downloads\\DriverUpdate_1_2.exe','ImageLoaded':'C:\\Windows\\SysWOW64\\cscapi.dll','OriginalFileName':'cscapi.dll','ProcessGuid':'{7b34ed3d-321c-673d-5906-000000000b00}','ProcessId':'368','Product':'Microsoft® Windows® Operating System','RuleName':'-','Signature':'Microsoft Windows','SignatureStatus':'Valid','Signed':'true','User':'HOMELAB\\pparker','UtcTime':'2024-11-20 00:49:33.421'}",,"Microsoft Corporation",,,"Offline Files Win32 API",,,,,,,,"10.0.19041.3636 (WinBuild.160101.0800)","MD5=46C4F87C83A0198255184D10B79F9095,SHA256=7FA69CE0022452912FC332D5B26137CB5B9040B205E3A6996311AC5EE179160D,IMPHASH=73EEE77E4030C1B056AED9BC1425A55E","C:\Users\pparker\Downloads\DriverUpdate_1_2.exe","C:\Windows\SysWOW64\cscapi.dll",,,,,"cscapi.dll",,,,,,"{7b34ed3d-321c-673d-5906-000000000b00}","368","Microsoft® Windows® Operating System",,"-","Microsoft Windows","Valid","true",,,,,,,,,"HOMELAB\pparker","2024-11-20 00:49:33.421","{'Channel':'Microsoft-Windows-Sysmon/Operational','Computer':'HL-WS04.HOMELAB.local','Correlation':'','EventID':'7','EventRecordID':'43052','Execution':{'ProcessID':'2052','ThreadID':'3948'},'Keywords':'0x8000000000000000','Level':'4','Opcode':'0','Provider':{'Guid':'{5770385f-c22a-43e0-bf4c-06f5698ffbd9}','Name':'Microsoft-Windows-Sysmon'},'Security':{'UserID':'S-1-5-18'},'Task':'7','TimeCreated':{'SystemTime':'2024-11-20T00:49:33.4364389Z'},'Version':'3','_event_id':'7'}","7","Microsoft-Windows-Sysmon/Operational","HL-WS04.HOMELAB.local","","7","43052","{'ProcessID':'2052','ThreadID':'3948'}","2052","3948","0x8000000000000000","4","0","{'Guid':'{5770385f-c22a-43e0-bf4c-06f5698ffbd9}','Name':'Microsoft-Windows-Sysmon'}","{5770385f-c22a-43e0-bf4c-06f5698ffbd9}","Microsoft-Windows-Sysmon","S-1-5-18","7","2024-11-20T00:49:33.4364389Z","3","{'arch':2,'did':'','event_id':'ed16acd2-24b2-4de9-a23a-ef9d51c59df1','event_time':1732063727538,'event_type':'WEL','ext_ip':'108.171.103.70','hostname':'hl-ws04.homelab.local','iid':'7e99630d-d276-4169-bd11-c23115a848fa','int_ip':'10.100.100.133','moduleid':2,'oid':'27c3229e-7f58-40c8-ad1a-799ff00e1781','plat':268435456,'sid':'20884ef9-0b46-4a29-9d58-832837729b10','tags':['workstations'],'this':'722fe4b642d60957475d2268673d31ef'}",2,"","ed16acd2-24b2-4de9-a23a-ef9d51c59df1",1732063727538,"WEL","108.171.103.70","hl-ws04.homelab.local","7e99630d-d276-4169-bd11-c23115a848fa","10.100.100.133",2,"27c3229e-7f58-40c8-ad1a-799ff00e1781",268435456,"20884ef9-0b46-4a29-9d58-832837729b10","['workstations']","722fe4b642d60957475d2268673d31ef"
"2024-11-20 00:48:47","{'EventData':{'Company':'Microsoft Corporation','Description':'NSI User-mode interface DLL','FileVersion':'10.0.19041.3636 (WinBuild.160101.0800)','Hashes':'MD5=D9EF7D5C84236FB52028FA669AC04448,SHA256=2DC55CD2E34F95C522F6B8DE6B24AEEEF79EA1E1015897864CC3477693F62FEA,IMPHASH=9F19B08BA92C5E2D2FFFC1B3724649DB','Image':'C:\\Users\\pparker\\Downloads\\DriverUpdate_1_2.exe','ImageLoaded':'C:\\Windows\\SysWOW64\\nsi.dll','OriginalFileName':'nsi.dll','ProcessGuid':'{7b34ed3d-321c-673d-5906-000000000b00}','ProcessId':'368','Product':'Microsoft® Windows® Operating System','RuleName':'-','Signature':'Microsoft Windows','SignatureStatus':'Valid','Signed':'true','User':'HOMELAB\\pparker','UtcTime':'2024-11-20 00:49:33.484'},'System':{'Channel':'Microsoft-Windows-Sysmon/Operational','Computer':'HL-WS04.HOMELAB.local','Correlation':'','EventID':'7','EventRecordID':'43053','Execution':{'ProcessID':'2052','ThreadID':'3948'},'Keywords':'0x8000000000000000','Level':'4','Opcode':'0','Provider':{'Guid':'{5770385f-c22a-43e0-bf4c-06f5698ffbd9}','Name':'Microsoft-Windows-Sysmon'},'Security':{'UserID':'S-1-5-18'},'Task':'7','TimeCreated':{'SystemTime':'2024-11-20T00:49:33.4870852Z'},'Version':'3','_event_id':'7'}}","{'Company':'Microsoft Corporation','Description':'NSI User-mode interface DLL','FileVersion':'10.0.19041.3636 (WinBuild.160101.0800)','Hashes':'MD5=D9EF7D5C84236FB52028FA669AC04448,SHA256=2DC55CD2E34F95C522F6B8DE6B24AEEEF79EA1E1015897864CC3477693F62FEA,IMPHASH=9F19B08BA92C5E2D2FFFC1B3724649DB','Image':'C:\\Users\\pparker\\Downloads\\DriverUpdate_1_2.exe','ImageLoaded':'C:\\Windows\\SysWOW64\\nsi.dll','OriginalFileName':'nsi.dll','ProcessGuid':'{7b34ed3d-321c-673d-5906-000000000b00}','ProcessId':'368','Product':'Microsoft® Windows® Operating System','RuleName':'-','Signature':'Microsoft Windows','SignatureStatus':'Valid','Signed':'true','User':'HOMELAB\\pparker','UtcTime':'2024-11-20 00:49:33.484'}",,"Microsoft Corporation",,,"NSI User-mode interface DLL",,,,,,,,"10.0.19041.3636 (WinBuild.160101.0800)","MD5=D9EF7D5C84236FB52028FA669AC04448,SHA256=2DC55CD2E34F95C522F6B8DE6B24AEEEF79EA1E1015897864CC3477693F62FEA,IMPHASH=9F19B08BA92C5E2D2FFFC1B3724649DB","C:\Users\pparker\Downloads\DriverUpdate_1_2.exe","C:\Windows\SysWOW64\nsi.dll",,,,,"nsi.dll",,,,,,"{7b34ed3d-321c-673d-5906-000000000b00}","368","Microsoft® Windows® Operating System",,"-","Microsoft Windows","Valid","true",,,,,,,,,"HOMELAB\pparker","2024-11-20 00:49:33.484","{'Channel':'Microsoft-Windows-Sysmon/Operational','Computer':'HL-WS04.HOMELAB.local','Correlation':'','EventID':'7','EventRecordID':'43053','Execution':{'ProcessID':'2052','ThreadID':'3948'},'Keywords':'0x8000000000000000','Level':'4','Opcode':'0','Provider':{'Guid':'{5770385f-c22a-43e0-bf4c-06f5698ffbd9}','Name':'Microsoft-Windows-Sysmon'},'Security':{'UserID':'S-1-5-18'},'Task':'7','TimeCreated':{'SystemTime':'2024-11-20T00:49:33.4870852Z'},'Version':'3','_event_id':'7'}","7","Microsoft-Windows-Sysmon/Operational","HL-WS04.HOMELAB.local","","7","43053","{'ProcessID':'2052','ThreadID':'3948'}","2052","3948","0x8000000000000000","4","0","{'Guid':'{5770385f-c22a-43e0-bf4c-06f5698ffbd9}','Name':'Microsoft-Windows-Sysmon'}","{5770385f-c22a-43e0-bf4c-06f5698ffbd9}","Microsoft-Windows-Sysmon","S-1-5-18","7","2024-11-20T00:49:33.4870852Z","3","{'arch':2,'did':'','event_id':'28412066-ae7f-4c9d-9a8e-952a20f1a7ac','event_time':1732063727538,'event_type':'WEL','ext_ip':'108.171.103.70','hostname':'hl-ws04.homelab.local','iid':'7e99630d-d276-4169-bd11-c23115a848fa','int_ip':'10.100.100.133','moduleid':2,'oid':'27c3229e-7f58-40c8-ad1a-799ff00e1781','plat':268435456,'sid':'20884ef9-0b46-4a29-9d58-832837729b10','tags':['workstations'],'this':'aa7fcc0db6e0c249581c36db673d31ef'}",2,"","28412066-ae7f-4c9d-9a8e-952a20f1a7ac",1732063727538,"WEL","108.171.103.70","hl-ws04.homelab.local","7e99630d-d276-4169-bd11-c23115a848fa","10.100.100.133",2,"27c3229e-7f58-40c8-ad1a-799ff00e1781",268435456,"20884ef9-0b46-4a29-9d58-832837729b10","['workstations']","aa7fcc0db6e0c249581c36db673d31ef"
"2024-11-20 00:48:47","{'EventData':{'Company':'Microsoft Corporation','Description':'DHCPv6 Client','FileVersion':'10.0.19041.3636 (WinBuild.160101.0800)','Hashes':'MD5=1542D0CD7F85E7515DE13E1C1F6C2BAC,SHA256=9857E276B9EC864D051ABBC71368A22B7FCBFC6CD42E3A139E6776798B2C8396,IMPHASH=E94762BBEAB21DC15D0ADC6BDBB8F97F','Image':'C:\\Users\\pparker\\Downloads\\DriverUpdate_1_2.exe','ImageLoaded':'C:\\Windows\\SysWOW64\\dhcpcsvc6.dll','OriginalFileName':'dhcpcsvc6.dll','ProcessGuid':'{7b34ed3d-321c-673d-5906-000000000b00}','ProcessId':'368','Product':'Microsoft® Windows® Operating System','RuleName':'-','Signature':'Microsoft Windows','SignatureStatus':'Valid','Signed':'true','User':'HOMELAB\\pparker','UtcTime':'2024-11-20 00:49:33.484'},'System':{'Channel':'Microsoft-Windows-Sysmon/Operational','Computer':'HL-WS04.HOMELAB.local','Correlation':'','EventID':'7','EventRecordID':'43054','Execution':{'ProcessID':'2052','ThreadID':'3948'},'Keywords':'0x8000000000000000','Level':'4','Opcode':'0','Provider':{'Guid':'{5770385f-c22a-43e0-bf4c-06f5698ffbd9}','Name':'Microsoft-Windows-Sysmon'},'Security':{'UserID':'S-1-5-18'},'Task':'7','TimeCreated':{'SystemTime':'2024-11-20T00:49:33.4879108Z'},'Version':'3','_event_id':'7'}}","{'Company':'Microsoft Corporation','Description':'DHCPv6 Client','FileVersion':'10.0.19041.3636 (WinBuild.160101.0800)','Hashes':'MD5=1542D0CD7F85E7515DE13E1C1F6C2BAC,SHA256=9857E276B9EC864D051ABBC71368A22B7FCBFC6CD42E3A139E6776798B2C8396,IMPHASH=E94762BBEAB21DC15D0ADC6BDBB8F97F','Image':'C:\\Users\\pparker\\Downloads\\DriverUpdate_1_2.exe','ImageLoaded':'C:\\Windows\\SysWOW64\\dhcpcsvc6.dll','OriginalFileName':'dhcpcsvc6.dll','ProcessGuid':'{7b34ed3d-321c-673d-5906-000000000b00}','ProcessId':'368','Product':'Microsoft® Windows® Operating System','RuleName':'-','Signature':'Microsoft Windows','SignatureStatus':'Valid','Signed':'true','User':'HOMELAB\\pparker','UtcTime':'2024-11-20 00:49:33.484'}",,"Microsoft Corporation",,,"DHCPv6 Client",,,,,,,,"10.0.19041.3636 (WinBuild.160101.0800)","MD5=1542D0CD7F85E7515DE13E1C1F6C2BAC,SHA256=9857E276B9EC864D051ABBC71368A22B7FCBFC6CD42E3A139E6776798B2C8396,IMPHASH=E94762BBEAB21DC15D0ADC6BDBB8F97F","C:\Users\pparker\Downloads\DriverUpdate_1_2.exe","C:\Windows\SysWOW64\dhcpcsvc6.dll",,,,,"dhcpcsvc6.dll",,,,,,"{7b34ed3d-321c-673d-5906-000000000b00}","368","Microsoft® Windows® Operating System",,"-","Microsoft Windows","Valid","true",,,,,,,,,"HOMELAB\pparker","2024-11-20 00:49:33.484","{'Channel':'Microsoft-Windows-Sysmon/Operational','Computer':'HL-WS04.HOMELAB.local','Correlation':'','EventID':'7','EventRecordID':'43054','Execution':{'ProcessID':'2052','ThreadID':'3948'},'Keywords':'0x8000000000000000','Level':'4','Opcode':'0','Provider':{'Guid':'{5770385f-c22a-43e0-bf4c-06f5698ffbd9}','Name':'Microsoft-Windows-Sysmon'},'Security':{'UserID':'S-1-5-18'},'Task':'7','TimeCreated':{'SystemTime':'2024-11-20T00:49:33.4879108Z'},'Version':'3','_event_id':'7'}","7","Microsoft-Windows-Sysmon/Operational","HL-WS04.HOMELAB.local","","7","43054","{'ProcessID':'2052','ThreadID':'3948'}","2052","3948","0x8000000000000000","4","0","{'Guid':'{5770385f-c22a-43e0-bf4c-06f5698ffbd9}','Name':'Microsoft-Windows-Sysmon'}","{5770385f-c22a-43e0-bf4c-06f5698ffbd9}","Microsoft-Windows-Sysmon","S-1-5-18","7","2024-11-20T00:49:33.4879108Z","3","{'arch':2,'did':'','event_id':'476555a7-0919-4c4e-a83f-af484614b068','event_time':1732063727538,'event_type':'WEL','ext_ip':'108.171.103.70','hostname':'hl-ws04.homelab.local','iid':'7e99630d-d276-4169-bd11-c23115a848fa','int_ip':'10.100.100.133','moduleid':2,'oid':'27c3229e-7f58-40c8-ad1a-799ff00e1781','plat':268435456,'sid':'20884ef9-0b46-4a29-9d58-832837729b10','tags':['workstations'],'this':'122c045c253493c2c6d8bc62673d31ef'}",2,"","476555a7-0919-4c4e-a83f-af484614b068",1732063727538,"WEL","108.171.103.70","hl-ws04.homelab.local","7e99630d-d276-4169-bd11-c23115a848fa","10.100.100.133",2,"27c3229e-7f58-40c8-ad1a-799ff00e1781",268435456,"20884ef9-0b46-4a29-9d58-832837729b10","['workstations']","122c045c253493c2c6d8bc62673d31ef"
"2024-11-20 00:48:47","{'EventData':{'Company':'Microsoft Corporation','Description':'DHCP Client Service','FileVersion':'10.0.19041.3636 (WinBuild.160101.0800)','Hashes':'MD5=EB4AD4ED7E7862AFFB6C68F250C66794,SHA256=9497D7BA94DFB3327EC40F4CC45F6E015E1D4D332D2A97547A8F5498EE73CAF6,IMPHASH=63FC82444BE0DE4F05C0049583ECF84D','Image':'C:\\Users\\pparker\\Downloads\\DriverUpdate_1_2.exe','ImageLoaded':'C:\\Windows\\SysWOW64\\dhcpcsvc.dll','OriginalFileName':'dhcpcsvc.dll','ProcessGuid':'{7b34ed3d-321c-673d-5906-000000000b00}','ProcessId':'368','Product':'Microsoft® Windows® Operating System','RuleName':'-','Signature':'Microsoft Windows','SignatureStatus':'Valid','Signed':'true','User':'HOMELAB\\pparker','UtcTime':'2024-11-20 00:49:33.484'},'System':{'Channel':'Microsoft-Windows-Sysmon/Operational','Computer':'HL-WS04.HOMELAB.local','Correlation':'','EventID':'7','EventRecordID':'43055','Execution':{'ProcessID':'2052','ThreadID':'3948'},'Keywords':'0x8000000000000000','Level':'4','Opcode':'0','Provider':{'Guid':'{5770385f-c22a-43e0-bf4c-06f5698ffbd9}','Name':'Microsoft-Windows-Sysmon'},'Security':{'UserID':'S-1-5-18'},'Task':'7','TimeCreated':{'SystemTime':'2024-11-20T00:49:33.4886368Z'},'Version':'3','_event_id':'7'}}","{'Company':'Microsoft Corporation','Description':'DHCP Client Service','FileVersion':'10.0.19041.3636 (WinBuild.160101.0800)','Hashes':'MD5=EB4AD4ED7E7862AFFB6C68F250C66794,SHA256=9497D7BA94DFB3327EC40F4CC45F6E015E1D4D332D2A97547A8F5498EE73CAF6,IMPHASH=63FC82444BE0DE4F05C0049583ECF84D','Image':'C:\\Users\\pparker\\Downloads\\DriverUpdate_1_2.exe','ImageLoaded':'C:\\Windows\\SysWOW64\\dhcpcsvc.dll','OriginalFileName':'dhcpcsvc.dll','ProcessGuid':'{7b34ed3d-321c-673d-5906-000000000b00}','ProcessId':'368','Product':'Microsoft® Windows® Operating System','RuleName':'-','Signature':'Microsoft Windows','SignatureStatus':'Valid','Signed':'true','User':'HOMELAB\\pparker','UtcTime':'2024-11-20 00:49:33.484'}",,"Microsoft Corporation",,,"DHCP Client Service",,,,,,,,"10.0.19041.3636 (WinBuild.160101.0800)","MD5=EB4AD4ED7E7862AFFB6C68F250C66794,SHA256=9497D7BA94DFB3327EC40F4CC45F6E015E1D4D332D2A97547A8F5498EE73CAF6,IMPHASH=63FC82444BE0DE4F05C0049583ECF84D","C:\Users\pparker\Downloads\DriverUpdate_1_2.exe","C:\Windows\SysWOW64\dhcpcsvc.dll",,,,,"dhcpcsvc.dll",,,,,,"{7b34ed3d-321c-673d-5906-000000000b00}","368","Microsoft® Windows® Operating System",,"-","Microsoft Windows","Valid","true",,,,,,,,,"HOMELAB\pparker","2024-11-20 00:49:33.484","{'Channel':'Microsoft-Windows-Sysmon/Operational','Computer':'HL-WS04.HOMELAB.local','Correlation':'','EventID':'7','EventRecordID':'43055','Execution':{'ProcessID':'2052','ThreadID':'3948'},'Keywords':'0x8000000000000000','Level':'4','Opcode':'0','Provider':{'Guid':'{5770385f-c22a-43e0-bf4c-06f5698ffbd9}','Name':'Microsoft-Windows-Sysmon'},'Security':{'UserID':'S-1-5-18'},'Task':'7','TimeCreated':{'SystemTime':'2024-11-20T00:49:33.4886368Z'},'Version':'3','_event_id':'7'}","7","Microsoft-Windows-Sysmon/Operational","HL-WS04.HOMELAB.local","","7","43055","{'ProcessID':'2052','ThreadID':'3948'}","2052","3948","0x8000000000000000","4","0","{'Guid':'{5770385f-c22a-43e0-bf4c-06f5698ffbd9}','Name':'Microsoft-Windows-Sysmon'}","{5770385f-c22a-43e0-bf4c-06f5698ffbd9}","Microsoft-Windows-Sysmon","S-1-5-18","7","2024-11-20T00:49:33.4886368Z","3","{'arch':2,'did':'','event_id':'16639026-cb9c-462d-abb6-d25c09782a55','event_time':1732063727538,'event_type':'WEL','ext_ip':'108.171.103.70','hostname':'hl-ws04.homelab.local','iid':'7e99630d-d276-4169-bd11-c23115a848fa','int_ip':'10.100.100.133','moduleid':2,'oid':'27c3229e-7f58-40c8-ad1a-799ff00e1781','plat':268435456,'sid':'20884ef9-0b46-4a29-9d58-832837729b10','tags':['workstations'],'this':'ba50807bb00e88691578224e673d31ef'}",2,"","16639026-cb9c-462d-abb6-d25c09782a55",1732063727538,"WEL","108.171.103.70","hl-ws04.homelab.local","7e99630d-d276-4169-bd11-c23115a848fa","10.100.100.133",2,"27c3229e-7f58-40c8-ad1a-799ff00e1781",268435456,"20884ef9-0b46-4a29-9d58-832837729b10","['workstations']","ba50807bb00e88691578224e673d31ef"
