"2024-11-19 23:47:46","{'EventData':{'Company':'Apache Software Foundation','Description':'ApacheBench command line utility','FileVersion':'2.2.14','Hashes':'MD5=36DDA9AB653D77A51DB3EDA5E962C2CF,SHA256=D4677D4BB7D14E5ACA484F3A082D88649FD07624223FC421510913BD38692FCD,IMPHASH=481F47BBB2C9C21E108D65F52B04C448','Image':'C:\\Users\\pparker\\Downloads\\DriverUpdate_1_2.exe','ImageLoaded':'C:\\Users\\pparker\\Downloads\\DriverUpdate_1_2.exe','OriginalFileName':'ab.exe','ProcessGuid':'{7b34ed3d-23cf-673d-b302-000000000b00}','ProcessId':'2920','Product':'Apache HTTP Server','RuleName':'-','Signature':'-','SignatureStatus':'Unavailable','Signed':'false','User':'HOMELAB\\pparker','UtcTime':'2024-11-19 23:48:31.181'},'System':{'Channel':'Microsoft-Windows-Sysmon/Operational','Computer':'HL-WS04.HOMELAB.local','Correlation':'','EventID':'7','EventRecordID':'12833','Execution':{'ProcessID':'2052','ThreadID':'3948'},'Keywords':'0x8000000000000000','Level':'4','Opcode':'0','Provider':{'Guid':'{5770385f-c22a-43e0-bf4c-06f5698ffbd9}','Name':'Microsoft-Windows-Sysmon'},'Security':{'UserID':'S-1-5-18'},'Task':'7','TimeCreated':{'SystemTime':'2024-11-19T23:48:31.1823149Z'},'Version':'3','_event_id':'7'}}","{'Company':'Apache Software Foundation','Description':'ApacheBench command line utility','FileVersion':'2.2.14','Hashes':'MD5=36DDA9AB653D77A51DB3EDA5E962C2CF,SHA256=D4677D4BB7D14E5ACA484F3A082D88649FD07624223FC421510913BD38692FCD,IMPHASH=481F47BBB2C9C21E108D65F52B04C448','Image':'C:\\Users\\pparker\\Downloads\\DriverUpdate_1_2.exe','ImageLoaded':'C:\\Users\\pparker\\Downloads\\DriverUpdate_1_2.exe','OriginalFileName':'ab.exe','ProcessGuid':'{7b34ed3d-23cf-673d-b302-000000000b00}','ProcessId':'2920','Product':'Apache HTTP Server','RuleName':'-','Signature':'-','SignatureStatus':'Unavailable','Signed':'false','User':'HOMELAB\\pparker','UtcTime':'2024-11-19 23:48:31.181'}",,"Apache Software Foundation",,,"ApacheBench command line utility",,,,,,,,"2.2.14","MD5=36DDA9AB653D77A51DB3EDA5E962C2CF,SHA256=D4677D4BB7D14E5ACA484F3A082D88649FD07624223FC421510913BD38692FCD,IMPHASH=481F47BBB2C9C21E108D65F52B04C448","C:\Users\pparker\Downloads\DriverUpdate_1_2.exe","C:\Users\pparker\Downloads\DriverUpdate_1_2.exe",,,,,"ab.exe",,,,,,"{7b34ed3d-23cf-673d-b302-000000000b00}","2920","Apache HTTP Server",,"-","-","Unavailable","false",,,,,,,,,"HOMELAB\pparker","2024-11-19 23:48:31.181","{'Channel':'Microsoft-Windows-Sysmon/Operational','Computer':'HL-WS04.HOMELAB.local','Correlation':'','EventID':'7','EventRecordID':'12833','Execution':{'ProcessID':'2052','ThreadID':'3948'},'Keywords':'0x8000000000000000','Level':'4','Opcode':'0','Provider':{'Guid':'{5770385f-c22a-43e0-bf4c-06f5698ffbd9}','Name':'Microsoft-Windows-Sysmon'},'Security':{'UserID':'S-1-5-18'},'Task':'7','TimeCreated':{'SystemTime':'2024-11-19T23:48:31.1823149Z'},'Version':'3','_event_id':'7'}","7","Microsoft-Windows-Sysmon/Operational","HL-WS04.HOMELAB.local","","7","12833","{'ProcessID':'2052','ThreadID':'3948'}","2052","3948","0x8000000000000000","4","0","{'Guid':'{5770385f-c22a-43e0-bf4c-06f5698ffbd9}','Name':'Microsoft-Windows-Sysmon'}","{5770385f-c22a-43e0-bf4c-06f5698ffbd9}","Microsoft-Windows-Sysmon","S-1-5-18","7","2024-11-19T23:48:31.1823149Z","3","{'arch':2,'did':'','event_id':'b32ee0af-f875-4c40-87a8-bcdc628e28cb','event_time':1732060066209,'event_type':'WEL','ext_ip':'108.171.103.70','hostname':'hl-ws04.homelab.local','iid':'7e99630d-d276-4169-bd11-c23115a848fa','int_ip':'10.100.100.133','moduleid':2,'oid':'27c3229e-7f58-40c8-ad1a-799ff00e1781','plat':268435456,'sid':'20884ef9-0b46-4a29-9d58-832837729b10','tags':['workstations'],'this':'4a7dc3781ecdc8a3b175bda9673d23a2'}",2,"","b32ee0af-f875-4c40-87a8-bcdc628e28cb",1732060066209,"WEL","108.171.103.70","hl-ws04.homelab.local","7e99630d-d276-4169-bd11-c23115a848fa","10.100.100.133",2,"27c3229e-7f58-40c8-ad1a-799ff00e1781",268435456,"20884ef9-0b46-4a29-9d58-832837729b10","['workstations']","4a7dc3781ecdc8a3b175bda9673d23a2"
"2024-11-19 23:47:46","{'EventData':{'Company':'Microsoft Corporation','Description':'NT Layer DLL','FileVersion':'10.0.19041.5007 (WinBuild.160101.0800)','Hashes':'MD5=97603DC4DF5410CCF9A23A59F14C5B2F,SHA256=0342ED124EE25C76B6B6284F2C4DC3BEDE90C18C1122C36EC2424A8F5332C3BA,IMPHASH=00000000000000000000000000000000','Image':'C:\\Users\\pparker\\Downloads\\DriverUpdate_1_2.exe','ImageLoaded':'C:\\Windows\\System32\\ntdll.dll','OriginalFileName':'ntdll.dll','ProcessGuid':'{7b34ed3d-23cf-673d-b302-000000000b00}','ProcessId':'2920','Product':'Microsoft® Windows® Operating System','RuleName':'-','Signature':'Microsoft Windows','SignatureStatus':'Valid','Signed':'true','User':'HOMELAB\\pparker','UtcTime':'2024-11-19 23:48:31.182'},'System':{'Channel':'Microsoft-Windows-Sysmon/Operational','Computer':'HL-WS04.HOMELAB.local','Correlation':'','EventID':'7','EventRecordID':'12834','Execution':{'ProcessID':'2052','ThreadID':'3948'},'Keywords':'0x8000000000000000','Level':'4','Opcode':'0','Provider':{'Guid':'{5770385f-c22a-43e0-bf4c-06f5698ffbd9}','Name':'Microsoft-Windows-Sysmon'},'Security':{'UserID':'S-1-5-18'},'Task':'7','TimeCreated':{'SystemTime':'2024-11-19T23:48:31.1827928Z'},'Version':'3','_event_id':'7'}}","{'Company':'Microsoft Corporation','Description':'NT Layer DLL','FileVersion':'10.0.19041.5007 (WinBuild.160101.0800)','Hashes':'MD5=97603DC4DF5410CCF9A23A59F14C5B2F,SHA256=0342ED124EE25C76B6B6284F2C4DC3BEDE90C18C1122C36EC2424A8F5332C3BA,IMPHASH=00000000000000000000000000000000','Image':'C:\\Users\\pparker\\Downloads\\DriverUpdate_1_2.exe','ImageLoaded':'C:\\Windows\\System32\\ntdll.dll','OriginalFileName':'ntdll.dll','ProcessGuid':'{7b34ed3d-23cf-673d-b302-000000000b00}','ProcessId':'2920','Product':'Microsoft® Windows® Operating System','RuleName':'-','Signature':'Microsoft Windows','SignatureStatus':'Valid','Signed':'true','User':'HOMELAB\\pparker','UtcTime':'2024-11-19 23:48:31.182'}",,"Microsoft Corporation",,,"NT Layer DLL",,,,,,,,"10.0.19041.5007 (WinBuild.160101.0800)","MD5=97603DC4DF5410CCF9A23A59F14C5B2F,SHA256=0342ED124EE25C76B6B6284F2C4DC3BEDE90C18C1122C36EC2424A8F5332C3BA,IMPHASH=00000000000000000000000000000000","C:\Users\pparker\Downloads\DriverUpdate_1_2.exe","C:\Windows\System32\ntdll.dll",,,,,"ntdll.dll",,,,,,"{7b34ed3d-23cf-673d-b302-000000000b00}","2920","Microsoft® Windows® Operating System",,"-","Microsoft Windows","Valid","true",,,,,,,,,"HOMELAB\pparker","2024-11-19 23:48:31.182","{'Channel':'Microsoft-Windows-Sysmon/Operational','Computer':'HL-WS04.HOMELAB.local','Correlation':'','EventID':'7','EventRecordID':'12834','Execution':{'ProcessID':'2052','ThreadID':'3948'},'Keywords':'0x8000000000000000','Level':'4','Opcode':'0','Provider':{'Guid':'{5770385f-c22a-43e0-bf4c-06f5698ffbd9}','Name':'Microsoft-Windows-Sysmon'},'Security':{'UserID':'S-1-5-18'},'Task':'7','TimeCreated':{'SystemTime':'2024-11-19T23:48:31.1827928Z'},'Version':'3','_event_id':'7'}","7","Microsoft-Windows-Sysmon/Operational","HL-WS04.HOMELAB.local","","7","12834","{'ProcessID':'2052','ThreadID':'3948'}","2052","3948","0x8000000000000000","4","0","{'Guid':'{5770385f-c22a-43e0-bf4c-06f5698ffbd9}','Name':'Microsoft-Windows-Sysmon'}","{5770385f-c22a-43e0-bf4c-06f5698ffbd9}","Microsoft-Windows-Sysmon","S-1-5-18","7","2024-11-19T23:48:31.1827928Z","3","{'arch':2,'did':'','event_id':'76b30bfc-4178-49f3-acb7-bc3eb663e06d','event_time':1732060066213,'event_type':'WEL','ext_ip':'108.171.103.70','hostname':'hl-ws04.homelab.local','iid':'7e99630d-d276-4169-bd11-c23115a848fa','int_ip':'10.100.100.133','moduleid':2,'oid':'27c3229e-7f58-40c8-ad1a-799ff00e1781','plat':268435456,'sid':'20884ef9-0b46-4a29-9d58-832837729b10','tags':['workstations'],'this':'36957e53579f97843ff8efa2673d23a2'}",2,"","76b30bfc-4178-49f3-acb7-bc3eb663e06d",1732060066213,"WEL","108.171.103.70","hl-ws04.homelab.local","7e99630d-d276-4169-bd11-c23115a848fa","10.100.100.133",2,"27c3229e-7f58-40c8-ad1a-799ff00e1781",268435456,"20884ef9-0b46-4a29-9d58-832837729b10","['workstations']","36957e53579f97843ff8efa2673d23a2"
"2024-11-19 23:47:46","{'EventData':{'Company':'Microsoft Corporation','Description':'NT Layer DLL','FileVersion':'10.0.19041.5007 (WinBuild.160101.0800)','Hashes':'MD5=C4522033FA73ED2594678AC419D74D05,SHA256=EC22943CBD4D1A1D580F8664ECE20CEE954ABA490FCB1CA89C910F9144A3286C,IMPHASH=00000000000000000000000000000000','Image':'C:\\Users\\pparker\\Downloads\\DriverUpdate_1_2.exe','ImageLoaded':'C:\\Windows\\SysWOW64\\ntdll.dll','OriginalFileName':'ntdll.dll','ProcessGuid':'{7b34ed3d-23cf-673d-b302-000000000b00}','ProcessId':'2920','Product':'Microsoft® Windows® Operating System','RuleName':'-','Signature':'Microsoft Windows','SignatureStatus':'Valid','Signed':'true','User':'HOMELAB\\pparker','UtcTime':'2024-11-19 23:48:31.182'},'System':{'Channel':'Microsoft-Windows-Sysmon/Operational','Computer':'HL-WS04.HOMELAB.local','Correlation':'','EventID':'7','EventRecordID':'12835','Execution':{'ProcessID':'2052','ThreadID':'3948'},'Keywords':'0x8000000000000000','Level':'4','Opcode':'0','Provider':{'Guid':'{5770385f-c22a-43e0-bf4c-06f5698ffbd9}','Name':'Microsoft-Windows-Sysmon'},'Security':{'UserID':'S-1-5-18'},'Task':'7','TimeCreated':{'SystemTime':'2024-11-19T23:48:31.1834974Z'},'Version':'3','_event_id':'7'}}","{'Company':'Microsoft Corporation','Description':'NT Layer DLL','FileVersion':'10.0.19041.5007 (WinBuild.160101.0800)','Hashes':'MD5=C4522033FA73ED2594678AC419D74D05,SHA256=EC22943CBD4D1A1D580F8664ECE20CEE954ABA490FCB1CA89C910F9144A3286C,IMPHASH=00000000000000000000000000000000','Image':'C:\\Users\\pparker\\Downloads\\DriverUpdate_1_2.exe','ImageLoaded':'C:\\Windows\\SysWOW64\\ntdll.dll','OriginalFileName':'ntdll.dll','ProcessGuid':'{7b34ed3d-23cf-673d-b302-000000000b00}','ProcessId':'2920','Product':'Microsoft® Windows® Operating System','RuleName':'-','Signature':'Microsoft Windows','SignatureStatus':'Valid','Signed':'true','User':'HOMELAB\\pparker','UtcTime':'2024-11-19 23:48:31.182'}",,"Microsoft Corporation",,,"NT Layer DLL",,,,,,,,"10.0.19041.5007 (WinBuild.160101.0800)","MD5=C4522033FA73ED2594678AC419D74D05,SHA256=EC22943CBD4D1A1D580F8664ECE20CEE954ABA490FCB1CA89C910F9144A3286C,IMPHASH=00000000000000000000000000000000","C:\Users\pparker\Downloads\DriverUpdate_1_2.exe","C:\Windows\SysWOW64\ntdll.dll",,,,,"ntdll.dll",,,,,,"{7b34ed3d-23cf-673d-b302-000000000b00}","2920","Microsoft® Windows® Operating System",,"-","Microsoft Windows","Valid","true",,,,,,,,,"HOMELAB\pparker","2024-11-19 23:48:31.182","{'Channel':'Microsoft-Windows-Sysmon/Operational','Computer':'HL-WS04.HOMELAB.local','Correlation':'','EventID':'7','EventRecordID':'12835','Execution':{'ProcessID':'2052','ThreadID':'3948'},'Keywords':'0x8000000000000000','Level':'4','Opcode':'0','Provider':{'Guid':'{5770385f-c22a-43e0-bf4c-06f5698ffbd9}','Name':'Microsoft-Windows-Sysmon'},'Security':{'UserID':'S-1-5-18'},'Task':'7','TimeCreated':{'SystemTime':'2024-11-19T23:48:31.1834974Z'},'Version':'3','_event_id':'7'}","7","Microsoft-Windows-Sysmon/Operational","HL-WS04.HOMELAB.local","","7","12835","{'ProcessID':'2052','ThreadID':'3948'}","2052","3948","0x8000000000000000","4","0","{'Guid':'{5770385f-c22a-43e0-bf4c-06f5698ffbd9}','Name':'Microsoft-Windows-Sysmon'}","{5770385f-c22a-43e0-bf4c-06f5698ffbd9}","Microsoft-Windows-Sysmon","S-1-5-18","7","2024-11-19T23:48:31.1834974Z","3","{'arch':2,'did':'','event_id':'0548d040-094f-4c9a-a2dd-e85351255aa9','event_time':1732060066213,'event_type':'WEL','ext_ip':'108.171.103.70','hostname':'hl-ws04.homelab.local','iid':'7e99630d-d276-4169-bd11-c23115a848fa','int_ip':'10.100.100.133','moduleid':2,'oid':'27c3229e-7f58-40c8-ad1a-799ff00e1781','plat':268435456,'sid':'20884ef9-0b46-4a29-9d58-832837729b10','tags':['workstations'],'this':'c5fa5f1db08c1c35d9c76d55673d23a2'}",2,"","0548d040-094f-4c9a-a2dd-e85351255aa9",1732060066213,"WEL","108.171.103.70","hl-ws04.homelab.local","7e99630d-d276-4169-bd11-c23115a848fa","10.100.100.133",2,"27c3229e-7f58-40c8-ad1a-799ff00e1781",268435456,"20884ef9-0b46-4a29-9d58-832837729b10","['workstations']","c5fa5f1db08c1c35d9c76d55673d23a2"
"2024-11-19 23:47:46","{'EventData':{'Company':'Microsoft Corporation','Description':'Win32 Emulation on NT64','FileVersion':'10.0.19041.3636 (WinBuild.160101.0800)','Hashes':'MD5=AE92EAAEFCD4C0C51D7DE95818DDAB7F,SHA256=524BEADEDB98D8136471759EB2C3C0273BFC979FBC6BAD7D068D88BAE6A9B89E,IMPHASH=4D26806E6CA2EC5EA8DF4BA29C854F96','Image':'C:\\Users\\pparker\\Downloads\\DriverUpdate_1_2.exe','ImageLoaded':'C:\\Windows\\System32\\wow64.dll','OriginalFileName':'wow64.dll','ProcessGuid':'{7b34ed3d-23cf-673d-b302-000000000b00}','ProcessId':'2920','Product':'Microsoft® Windows® Operating System','RuleName':'-','Signature':'Microsoft Windows','SignatureStatus':'Valid','Signed':'true','User':'HOMELAB\\pparker','UtcTime':'2024-11-19 23:48:31.183'},'System':{'Channel':'Microsoft-Windows-Sysmon/Operational','Computer':'HL-WS04.HOMELAB.local','Correlation':'','EventID':'7','EventRecordID':'12836','Execution':{'ProcessID':'2052','ThreadID':'4064'},'Keywords':'0x8000000000000000','Level':'4','Opcode':'0','Provider':{'Guid':'{5770385f-c22a-43e0-bf4c-06f5698ffbd9}','Name':'Microsoft-Windows-Sysmon'},'Security':{'UserID':'S-1-5-18'},'Task':'7','TimeCreated':{'SystemTime':'2024-11-19T23:48:31.1982308Z'},'Version':'3','_event_id':'7'}}","{'Company':'Microsoft Corporation','Description':'Win32 Emulation on NT64','FileVersion':'10.0.19041.3636 (WinBuild.160101.0800)','Hashes':'MD5=AE92EAAEFCD4C0C51D7DE95818DDAB7F,SHA256=524BEADEDB98D8136471759EB2C3C0273BFC979FBC6BAD7D068D88BAE6A9B89E,IMPHASH=4D26806E6CA2EC5EA8DF4BA29C854F96','Image':'C:\\Users\\pparker\\Downloads\\DriverUpdate_1_2.exe','ImageLoaded':'C:\\Windows\\System32\\wow64.dll','OriginalFileName':'wow64.dll','ProcessGuid':'{7b34ed3d-23cf-673d-b302-000000000b00}','ProcessId':'2920','Product':'Microsoft® Windows® Operating System','RuleName':'-','Signature':'Microsoft Windows','SignatureStatus':'Valid','Signed':'true','User':'HOMELAB\\pparker','UtcTime':'2024-11-19 23:48:31.183'}",,"Microsoft Corporation",,,"Win32 Emulation on NT64",,,,,,,,"10.0.19041.3636 (WinBuild.160101.0800)","MD5=AE92EAAEFCD4C0C51D7DE95818DDAB7F,SHA256=524BEADEDB98D8136471759EB2C3C0273BFC979FBC6BAD7D068D88BAE6A9B89E,IMPHASH=4D26806E6CA2EC5EA8DF4BA29C854F96","C:\Users\pparker\Downloads\DriverUpdate_1_2.exe","C:\Windows\System32\wow64.dll",,,,,"wow64.dll",,,,,,"{7b34ed3d-23cf-673d-b302-000000000b00}","2920","Microsoft® Windows® Operating System",,"-","Microsoft Windows","Valid","true",,,,,,,,,"HOMELAB\pparker","2024-11-19 23:48:31.183","{'Channel':'Microsoft-Windows-Sysmon/Operational','Computer':'HL-WS04.HOMELAB.local','Correlation':'','EventID':'7','EventRecordID':'12836','Execution':{'ProcessID':'2052','ThreadID':'4064'},'Keywords':'0x8000000000000000','Level':'4','Opcode':'0','Provider':{'Guid':'{5770385f-c22a-43e0-bf4c-06f5698ffbd9}','Name':'Microsoft-Windows-Sysmon'},'Security':{'UserID':'S-1-5-18'},'Task':'7','TimeCreated':{'SystemTime':'2024-11-19T23:48:31.1982308Z'},'Version':'3','_event_id':'7'}","7","Microsoft-Windows-Sysmon/Operational","HL-WS04.HOMELAB.local","","7","12836","{'ProcessID':'2052','ThreadID':'4064'}","2052","4064","0x8000000000000000","4","0","{'Guid':'{5770385f-c22a-43e0-bf4c-06f5698ffbd9}','Name':'Microsoft-Windows-Sysmon'}","{5770385f-c22a-43e0-bf4c-06f5698ffbd9}","Microsoft-Windows-Sysmon","S-1-5-18","7","2024-11-19T23:48:31.1982308Z","3","{'arch':2,'did':'','event_id':'a13795ae-9cbc-4a5c-9350-a05ccdc61123','event_time':1732060066245,'event_type':'WEL','ext_ip':'108.171.103.70','hostname':'hl-ws04.homelab.local','iid':'7e99630d-d276-4169-bd11-c23115a848fa','int_ip':'10.100.100.133','moduleid':2,'oid':'27c3229e-7f58-40c8-ad1a-799ff00e1781','plat':268435456,'sid':'20884ef9-0b46-4a29-9d58-832837729b10','tags':['workstations'],'this':'0166f8d3582fdfcdb66c6164673d23a2'}",2,"","a13795ae-9cbc-4a5c-9350-a05ccdc61123",1732060066245,"WEL","108.171.103.70","hl-ws04.homelab.local","7e99630d-d276-4169-bd11-c23115a848fa","10.100.100.133",2,"27c3229e-7f58-40c8-ad1a-799ff00e1781",268435456,"20884ef9-0b46-4a29-9d58-832837729b10","['workstations']","0166f8d3582fdfcdb66c6164673d23a2"
"2024-11-19 23:47:46","{'EventData':{'Company':'Microsoft Corporation','Description':'Wow64 Console and Win32 API Logging','FileVersion':'10.0.19041.3996 (WinBuild.160101.0800)','Hashes':'MD5=1EE534871B0A04B1FFA2316E83127DEA,SHA256=74F59DE01AC8369D4578F468326EFD5AE977D1731D22382ECDE6A19C33324339,IMPHASH=AA2F336C00F80E5E84819EE774D160FE','Image':'C:\\Users\\pparker\\Downloads\\DriverUpdate_1_2.exe','ImageLoaded':'C:\\Windows\\System32\\wow64win.dll','OriginalFileName':'wow64lg2.dll','ProcessGuid':'{7b34ed3d-23cf-673d-b302-000000000b00}','ProcessId':'2920','Product':'Microsoft® Windows® Operating System','RuleName':'-','Signature':'Microsoft Windows','SignatureStatus':'Valid','Signed':'true','User':'HOMELAB\\pparker','UtcTime':'2024-11-19 23:48:31.184'},'System':{'Channel':'Microsoft-Windows-Sysmon/Operational','Computer':'HL-WS04.HOMELAB.local','Correlation':'','EventID':'7','EventRecordID':'12837','Execution':{'ProcessID':'2052','ThreadID':'4064'},'Keywords':'0x8000000000000000','Level':'4','Opcode':'0','Provider':{'Guid':'{5770385f-c22a-43e0-bf4c-06f5698ffbd9}','Name':'Microsoft-Windows-Sysmon'},'Security':{'UserID':'S-1-5-18'},'Task':'7','TimeCreated':{'SystemTime':'2024-11-19T23:48:31.2128316Z'},'Version':'3','_event_id':'7'}}","{'Company':'Microsoft Corporation','Description':'Wow64 Console and Win32 API Logging','FileVersion':'10.0.19041.3996 (WinBuild.160101.0800)','Hashes':'MD5=1EE534871B0A04B1FFA2316E83127DEA,SHA256=74F59DE01AC8369D4578F468326EFD5AE977D1731D22382ECDE6A19C33324339,IMPHASH=AA2F336C00F80E5E84819EE774D160FE','Image':'C:\\Users\\pparker\\Downloads\\DriverUpdate_1_2.exe','ImageLoaded':'C:\\Windows\\System32\\wow64win.dll','OriginalFileName':'wow64lg2.dll','ProcessGuid':'{7b34ed3d-23cf-673d-b302-000000000b00}','ProcessId':'2920','Product':'Microsoft® Windows® Operating System','RuleName':'-','Signature':'Microsoft Windows','SignatureStatus':'Valid','Signed':'true','User':'HOMELAB\\pparker','UtcTime':'2024-11-19 23:48:31.184'}",,"Microsoft Corporation",,,"Wow64 Console and Win32 API Logging",,,,,,,,"10.0.19041.3996 (WinBuild.160101.0800)","MD5=1EE534871B0A04B1FFA2316E83127DEA,SHA256=74F59DE01AC8369D4578F468326EFD5AE977D1731D22382ECDE6A19C33324339,IMPHASH=AA2F336C00F80E5E84819EE774D160FE","C:\Users\pparker\Downloads\DriverUpdate_1_2.exe","C:\Windows\System32\wow64win.dll",,,,,"wow64lg2.dll",,,,,,"{7b34ed3d-23cf-673d-b302-000000000b00}","2920","Microsoft® Windows® Operating System",,"-","Microsoft Windows","Valid","true",,,,,,,,,"HOMELAB\pparker","2024-11-19 23:48:31.184","{'Channel':'Microsoft-Windows-Sysmon/Operational','Computer':'HL-WS04.HOMELAB.local','Correlation':'','EventID':'7','EventRecordID':'12837','Execution':{'ProcessID':'2052','ThreadID':'4064'},'Keywords':'0x8000000000000000','Level':'4','Opcode':'0','Provider':{'Guid':'{5770385f-c22a-43e0-bf4c-06f5698ffbd9}','Name':'Microsoft-Windows-Sysmon'},'Security':{'UserID':'S-1-5-18'},'Task':'7','TimeCreated':{'SystemTime':'2024-11-19T23:48:31.2128316Z'},'Version':'3','_event_id':'7'}","7","Microsoft-Windows-Sysmon/Operational","HL-WS04.HOMELAB.local","","7","12837","{'ProcessID':'2052','ThreadID':'4064'}","2052","4064","0x8000000000000000","4","0","{'Guid':'{5770385f-c22a-43e0-bf4c-06f5698ffbd9}','Name':'Microsoft-Windows-Sysmon'}","{5770385f-c22a-43e0-bf4c-06f5698ffbd9}","Microsoft-Windows-Sysmon","S-1-5-18","7","2024-11-19T23:48:31.2128316Z","3","{'arch':2,'did':'','event_id':'f5724a8a-3599-4f7b-a42f-a9979ee890aa','event_time':1732060066245,'event_type':'WEL','ext_ip':'108.171.103.70','hostname':'hl-ws04.homelab.local','iid':'7e99630d-d276-4169-bd11-c23115a848fa','int_ip':'10.100.100.133','moduleid':2,'oid':'27c3229e-7f58-40c8-ad1a-799ff00e1781','plat':268435456,'sid':'20884ef9-0b46-4a29-9d58-832837729b10','tags':['workstations'],'this':'34ac83fb28dfab262bbca7c9673d23a2'}",2,"","f5724a8a-3599-4f7b-a42f-a9979ee890aa",1732060066245,"WEL","108.171.103.70","hl-ws04.homelab.local","7e99630d-d276-4169-bd11-c23115a848fa","10.100.100.133",2,"27c3229e-7f58-40c8-ad1a-799ff00e1781",268435456,"20884ef9-0b46-4a29-9d58-832837729b10","['workstations']","34ac83fb28dfab262bbca7c9673d23a2"
"2024-11-19 23:47:46","{'EventData':{'Company':'Microsoft Corporation','Description':'AMD64 Wow64 CPU','FileVersion':'10.0.19041.3636 (WinBuild.160101.0800)','Hashes':'MD5=1E8EB356FCB2EC39C2A841BE98B04D98,SHA256=472BEBB4EA80EDB445E6D67973D7EFCBAB3D7F779C188F266C7FA2D724A045AD,IMPHASH=C22B977BE4BF67B1A723DD49BCC47668','Image':'C:\\Users\\pparker\\Downloads\\DriverUpdate_1_2.exe','ImageLoaded':'C:\\Windows\\System32\\wow64cpu.dll','OriginalFileName':'wow64cpu.dll','ProcessGuid':'{7b34ed3d-23cf-673d-b302-000000000b00}','ProcessId':'2920','Product':'Microsoft® Windows® Operating System','RuleName':'-','Signature':'Microsoft Windows','SignatureStatus':'Valid','Signed':'true','User':'HOMELAB\\pparker','UtcTime':'2024-11-19 23:48:31.199'},'System':{'Channel':'Microsoft-Windows-Sysmon/Operational','Computer':'HL-WS04.HOMELAB.local','Correlation':'','EventID':'7','EventRecordID':'12838','Execution':{'ProcessID':'2052','ThreadID':'4064'},'Keywords':'0x8000000000000000','Level':'4','Opcode':'0','Provider':{'Guid':'{5770385f-c22a-43e0-bf4c-06f5698ffbd9}','Name':'Microsoft-Windows-Sysmon'},'Security':{'UserID':'S-1-5-18'},'Task':'7','TimeCreated':{'SystemTime':'2024-11-19T23:48:31.2174161Z'},'Version':'3','_event_id':'7'}}","{'Company':'Microsoft Corporation','Description':'AMD64 Wow64 CPU','FileVersion':'10.0.19041.3636 (WinBuild.160101.0800)','Hashes':'MD5=1E8EB356FCB2EC39C2A841BE98B04D98,SHA256=472BEBB4EA80EDB445E6D67973D7EFCBAB3D7F779C188F266C7FA2D724A045AD,IMPHASH=C22B977BE4BF67B1A723DD49BCC47668','Image':'C:\\Users\\pparker\\Downloads\\DriverUpdate_1_2.exe','ImageLoaded':'C:\\Windows\\System32\\wow64cpu.dll','OriginalFileName':'wow64cpu.dll','ProcessGuid':'{7b34ed3d-23cf-673d-b302-000000000b00}','ProcessId':'2920','Product':'Microsoft® Windows® Operating System','RuleName':'-','Signature':'Microsoft Windows','SignatureStatus':'Valid','Signed':'true','User':'HOMELAB\\pparker','UtcTime':'2024-11-19 23:48:31.199'}",,"Microsoft Corporation",,,"AMD64 Wow64 CPU",,,,,,,,"10.0.19041.3636 (WinBuild.160101.0800)","MD5=1E8EB356FCB2EC39C2A841BE98B04D98,SHA256=472BEBB4EA80EDB445E6D67973D7EFCBAB3D7F779C188F266C7FA2D724A045AD,IMPHASH=C22B977BE4BF67B1A723DD49BCC47668","C:\Users\pparker\Downloads\DriverUpdate_1_2.exe","C:\Windows\System32\wow64cpu.dll",,,,,"wow64cpu.dll",,,,,,"{7b34ed3d-23cf-673d-b302-000000000b00}","2920","Microsoft® Windows® Operating System",,"-","Microsoft Windows","Valid","true",,,,,,,,,"HOMELAB\pparker","2024-11-19 23:48:31.199","{'Channel':'Microsoft-Windows-Sysmon/Operational','Computer':'HL-WS04.HOMELAB.local','Correlation':'','EventID':'7','EventRecordID':'12838','Execution':{'ProcessID':'2052','ThreadID':'4064'},'Keywords':'0x8000000000000000','Level':'4','Opcode':'0','Provider':{'Guid':'{5770385f-c22a-43e0-bf4c-06f5698ffbd9}','Name':'Microsoft-Windows-Sysmon'},'Security':{'UserID':'S-1-5-18'},'Task':'7','TimeCreated':{'SystemTime':'2024-11-19T23:48:31.2174161Z'},'Version':'3','_event_id':'7'}","7","Microsoft-Windows-Sysmon/Operational","HL-WS04.HOMELAB.local","","7","12838","{'ProcessID':'2052','ThreadID':'4064'}","2052","4064","0x8000000000000000","4","0","{'Guid':'{5770385f-c22a-43e0-bf4c-06f5698ffbd9}','Name':'Microsoft-Windows-Sysmon'}","{5770385f-c22a-43e0-bf4c-06f5698ffbd9}","Microsoft-Windows-Sysmon","S-1-5-18","7","2024-11-19T23:48:31.2174161Z","3","{'arch':2,'did':'','event_id':'99a078da-9073-441e-96c9-c6af42b8a22a','event_time':1732060066245,'event_type':'WEL','ext_ip':'108.171.103.70','hostname':'hl-ws04.homelab.local','iid':'7e99630d-d276-4169-bd11-c23115a848fa','int_ip':'10.100.100.133','moduleid':2,'oid':'27c3229e-7f58-40c8-ad1a-799ff00e1781','plat':268435456,'sid':'20884ef9-0b46-4a29-9d58-832837729b10','tags':['workstations'],'this':'de71c318129d305670692750673d23a2'}",2,"","99a078da-9073-441e-96c9-c6af42b8a22a",1732060066245,"WEL","108.171.103.70","hl-ws04.homelab.local","7e99630d-d276-4169-bd11-c23115a848fa","10.100.100.133",2,"27c3229e-7f58-40c8-ad1a-799ff00e1781",268435456,"20884ef9-0b46-4a29-9d58-832837729b10","['workstations']","de71c318129d305670692750673d23a2"
"2024-11-19 23:47:46","{'EventData':{'Company':'Microsoft Corporation','Description':'Windows NT BASE API Client DLL','FileVersion':'10.0.19041.4957 (WinBuild.160101.0800)','Hashes':'MD5=10CB71826BFDBB90C329C6E7860641AA,SHA256=33B563F43931135D0057CD587255B5EFAB63834EEA43DF5CFEAFA22C7C067467,IMPHASH=7D480ED8557B9F84B864C7CC0AC8F8F2','Image':'C:\\Users\\pparker\\Downloads\\DriverUpdate_1_2.exe','ImageLoaded':'C:\\Windows\\SysWOW64\\kernel32.dll','OriginalFileName':'kernel32','ProcessGuid':'{7b34ed3d-23cf-673d-b302-000000000b00}','ProcessId':'2920','Product':'Microsoft® Windows® Operating System','RuleName':'-','Signature':'Microsoft Windows','SignatureStatus':'Valid','Signed':'true','User':'HOMELAB\\pparker','UtcTime':'2024-11-19 23:48:31.226'},'System':{'Channel':'Microsoft-Windows-Sysmon/Operational','Computer':'HL-WS04.HOMELAB.local','Correlation':'','EventID':'7','EventRecordID':'12839','Execution':{'ProcessID':'2052','ThreadID':'4064'},'Keywords':'0x8000000000000000','Level':'4','Opcode':'0','Provider':{'Guid':'{5770385f-c22a-43e0-bf4c-06f5698ffbd9}','Name':'Microsoft-Windows-Sysmon'},'Security':{'UserID':'S-1-5-18'},'Task':'7','TimeCreated':{'SystemTime':'2024-11-19T23:48:31.2391005Z'},'Version':'3','_event_id':'7'}}","{'Company':'Microsoft Corporation','Description':'Windows NT BASE API Client DLL','FileVersion':'10.0.19041.4957 (WinBuild.160101.0800)','Hashes':'MD5=10CB71826BFDBB90C329C6E7860641AA,SHA256=33B563F43931135D0057CD587255B5EFAB63834EEA43DF5CFEAFA22C7C067467,IMPHASH=7D480ED8557B9F84B864C7CC0AC8F8F2','Image':'C:\\Users\\pparker\\Downloads\\DriverUpdate_1_2.exe','ImageLoaded':'C:\\Windows\\SysWOW64\\kernel32.dll','OriginalFileName':'kernel32','ProcessGuid':'{7b34ed3d-23cf-673d-b302-000000000b00}','ProcessId':'2920','Product':'Microsoft® Windows® Operating System','RuleName':'-','Signature':'Microsoft Windows','SignatureStatus':'Valid','Signed':'true','User':'HOMELAB\\pparker','UtcTime':'2024-11-19 23:48:31.226'}",,"Microsoft Corporation",,,"Windows NT BASE API Client DLL",,,,,,,,"10.0.19041.4957 (WinBuild.160101.0800)","MD5=10CB71826BFDBB90C329C6E7860641AA,SHA256=33B563F43931135D0057CD587255B5EFAB63834EEA43DF5CFEAFA22C7C067467,IMPHASH=7D480ED8557B9F84B864C7CC0AC8F8F2","C:\Users\pparker\Downloads\DriverUpdate_1_2.exe","C:\Windows\SysWOW64\kernel32.dll",,,,,"kernel32",,,,,,"{7b34ed3d-23cf-673d-b302-000000000b00}","2920","Microsoft® Windows® Operating System",,"-","Microsoft Windows","Valid","true",,,,,,,,,"HOMELAB\pparker","2024-11-19 23:48:31.226","{'Channel':'Microsoft-Windows-Sysmon/Operational','Computer':'HL-WS04.HOMELAB.local','Correlation':'','EventID':'7','EventRecordID':'12839','Execution':{'ProcessID':'2052','ThreadID':'4064'},'Keywords':'0x8000000000000000','Level':'4','Opcode':'0','Provider':{'Guid':'{5770385f-c22a-43e0-bf4c-06f5698ffbd9}','Name':'Microsoft-Windows-Sysmon'},'Security':{'UserID':'S-1-5-18'},'Task':'7','TimeCreated':{'SystemTime':'2024-11-19T23:48:31.2391005Z'},'Version':'3','_event_id':'7'}","7","Microsoft-Windows-Sysmon/Operational","HL-WS04.HOMELAB.local","","7","12839","{'ProcessID':'2052','ThreadID':'4064'}","2052","4064","0x8000000000000000","4","0","{'Guid':'{5770385f-c22a-43e0-bf4c-06f5698ffbd9}','Name':'Microsoft-Windows-Sysmon'}","{5770385f-c22a-43e0-bf4c-06f5698ffbd9}","Microsoft-Windows-Sysmon","S-1-5-18","7","2024-11-19T23:48:31.2391005Z","3","{'arch':2,'did':'','event_id':'15a63011-ffa9-4f45-a256-c45a24085f05','event_time':1732060066247,'event_type':'WEL','ext_ip':'108.171.103.70','hostname':'hl-ws04.homelab.local','iid':'7e99630d-d276-4169-bd11-c23115a848fa','int_ip':'10.100.100.133','moduleid':2,'oid':'27c3229e-7f58-40c8-ad1a-799ff00e1781','plat':268435456,'sid':'20884ef9-0b46-4a29-9d58-832837729b10','tags':['workstations'],'this':'242ce7d239cea285af01e20d673d23a2'}",2,"","15a63011-ffa9-4f45-a256-c45a24085f05",1732060066247,"WEL","108.171.103.70","hl-ws04.homelab.local","7e99630d-d276-4169-bd11-c23115a848fa","10.100.100.133",2,"27c3229e-7f58-40c8-ad1a-799ff00e1781",268435456,"20884ef9-0b46-4a29-9d58-832837729b10","['workstations']","242ce7d239cea285af01e20d673d23a2"
"2024-11-19 23:47:46","{'EventData':{'Company':'Microsoft Corporation','Description':'Windows NT BASE API Client DLL','FileVersion':'10.0.19041.5007 (WinBuild.160101.0800)','Hashes':'MD5=69F7E0C1940C37103FF6B1D8B661FD34,SHA256=433E9EFA956FA015D59A7F03FBE6000E81689A2427615971463810F55F37DC30,IMPHASH=E3A1A46D2013C06F525DEB7AF0080C47','Image':'C:\\Users\\pparker\\Downloads\\DriverUpdate_1_2.exe','ImageLoaded':'C:\\Windows\\SysWOW64\\KernelBase.dll','OriginalFileName':'Kernelbase.dll','ProcessGuid':'{7b34ed3d-23cf-673d-b302-000000000b00}','ProcessId':'2920','Product':'Microsoft® Windows® Operating System','RuleName':'-','Signature':'Microsoft Windows','SignatureStatus':'Valid','Signed':'true','User':'HOMELAB\\pparker','UtcTime':'2024-11-19 23:48:31.227'},'System':{'Channel':'Microsoft-Windows-Sysmon/Operational','Computer':'HL-WS04.HOMELAB.local','Correlation':'','EventID':'7','EventRecordID':'12840','Execution':{'ProcessID':'2052','ThreadID':'4064'},'Keywords':'0x8000000000000000','Level':'4','Opcode':'0','Provider':{'Guid':'{5770385f-c22a-43e0-bf4c-06f5698ffbd9}','Name':'Microsoft-Windows-Sysmon'},'Security':{'UserID':'S-1-5-18'},'Task':'7','TimeCreated':{'SystemTime':'2024-11-19T23:48:31.2741664Z'},'Version':'3','_event_id':'7'}}","{'Company':'Microsoft Corporation','Description':'Windows NT BASE API Client DLL','FileVersion':'10.0.19041.5007 (WinBuild.160101.0800)','Hashes':'MD5=69F7E0C1940C37103FF6B1D8B661FD34,SHA256=433E9EFA956FA015D59A7F03FBE6000E81689A2427615971463810F55F37DC30,IMPHASH=E3A1A46D2013C06F525DEB7AF0080C47','Image':'C:\\Users\\pparker\\Downloads\\DriverUpdate_1_2.exe','ImageLoaded':'C:\\Windows\\SysWOW64\\KernelBase.dll','OriginalFileName':'Kernelbase.dll','ProcessGuid':'{7b34ed3d-23cf-673d-b302-000000000b00}','ProcessId':'2920','Product':'Microsoft® Windows® Operating System','RuleName':'-','Signature':'Microsoft Windows','SignatureStatus':'Valid','Signed':'true','User':'HOMELAB\\pparker','UtcTime':'2024-11-19 23:48:31.227'}",,"Microsoft Corporation",,,"Windows NT BASE API Client DLL",,,,,,,,"10.0.19041.5007 (WinBuild.160101.0800)","MD5=69F7E0C1940C37103FF6B1D8B661FD34,SHA256=433E9EFA956FA015D59A7F03FBE6000E81689A2427615971463810F55F37DC30,IMPHASH=E3A1A46D2013C06F525DEB7AF0080C47","C:\Users\pparker\Downloads\DriverUpdate_1_2.exe","C:\Windows\SysWOW64\KernelBase.dll",,,,,"Kernelbase.dll",,,,,,"{7b34ed3d-23cf-673d-b302-000000000b00}","2920","Microsoft® Windows® Operating System",,"-","Microsoft Windows","Valid","true",,,,,,,,,"HOMELAB\pparker","2024-11-19 23:48:31.227","{'Channel':'Microsoft-Windows-Sysmon/Operational','Computer':'HL-WS04.HOMELAB.local','Correlation':'','EventID':'7','EventRecordID':'12840','Execution':{'ProcessID':'2052','ThreadID':'4064'},'Keywords':'0x8000000000000000','Level':'4','Opcode':'0','Provider':{'Guid':'{5770385f-c22a-43e0-bf4c-06f5698ffbd9}','Name':'Microsoft-Windows-Sysmon'},'Security':{'UserID':'S-1-5-18'},'Task':'7','TimeCreated':{'SystemTime':'2024-11-19T23:48:31.2741664Z'},'Version':'3','_event_id':'7'}","7","Microsoft-Windows-Sysmon/Operational","HL-WS04.HOMELAB.local","","7","12840","{'ProcessID':'2052','ThreadID':'4064'}","2052","4064","0x8000000000000000","4","0","{'Guid':'{5770385f-c22a-43e0-bf4c-06f5698ffbd9}','Name':'Microsoft-Windows-Sysmon'}","{5770385f-c22a-43e0-bf4c-06f5698ffbd9}","Microsoft-Windows-Sysmon","S-1-5-18","7","2024-11-19T23:48:31.2741664Z","3","{'arch':2,'did':'','event_id':'61a07b86-392e-4e87-b45e-701892191115','event_time':1732060066247,'event_type':'WEL','ext_ip':'108.171.103.70','hostname':'hl-ws04.homelab.local','iid':'7e99630d-d276-4169-bd11-c23115a848fa','int_ip':'10.100.100.133','moduleid':2,'oid':'27c3229e-7f58-40c8-ad1a-799ff00e1781','plat':268435456,'sid':'20884ef9-0b46-4a29-9d58-832837729b10','tags':['workstations'],'this':'78fd0f22dafc2b6988e3f590673d23a2'}",2,"","61a07b86-392e-4e87-b45e-701892191115",1732060066247,"WEL","108.171.103.70","hl-ws04.homelab.local","7e99630d-d276-4169-bd11-c23115a848fa","10.100.100.133",2,"27c3229e-7f58-40c8-ad1a-799ff00e1781",268435456,"20884ef9-0b46-4a29-9d58-832837729b10","['workstations']","78fd0f22dafc2b6988e3f590673d23a2"
"2024-11-19 23:47:46","{'EventData':{'Company':'Microsoft Corporation','Description':'Application Compatibility Client Library','FileVersion':'10.0.19041.4957 (WinBuild.160101.0800)','Hashes':'MD5=578FB3C2014D90E7A2223E63415751FA,SHA256=FE3CDDC40B0755C09B2DE23CAF8149570CFA6E42718F5E8ECBEB2E0CB3731EE6,IMPHASH=65DBB3390FD393E7FF4C86B67987B82A','Image':'C:\\Users\\pparker\\Downloads\\DriverUpdate_1_2.exe','ImageLoaded':'C:\\Windows\\SysWOW64\\apphelp.dll','OriginalFileName':'Apphelp','ProcessGuid':'{7b34ed3d-23cf-673d-b302-000000000b00}','ProcessId':'2920','Product':'Microsoft® Windows® Operating System','RuleName':'-','Signature':'Microsoft Windows','SignatureStatus':'Valid','Signed':'true','User':'HOMELAB\\pparker','UtcTime':'2024-11-19 23:48:31.250'},'System':{'Channel':'Microsoft-Windows-Sysmon/Operational','Computer':'HL-WS04.HOMELAB.local','Correlation':'','EventID':'7','EventRecordID':'12841','Execution':{'ProcessID':'2052','ThreadID':'3948'},'Keywords':'0x8000000000000000','Level':'4','Opcode':'0','Provider':{'Guid':'{5770385f-c22a-43e0-bf4c-06f5698ffbd9}','Name':'Microsoft-Windows-Sysmon'},'Security':{'UserID':'S-1-5-18'},'Task':'7','TimeCreated':{'SystemTime':'2024-11-19T23:48:31.2761407Z'},'Version':'3','_event_id':'7'}}","{'Company':'Microsoft Corporation','Description':'Application Compatibility Client Library','FileVersion':'10.0.19041.4957 (WinBuild.160101.0800)','Hashes':'MD5=578FB3C2014D90E7A2223E63415751FA,SHA256=FE3CDDC40B0755C09B2DE23CAF8149570CFA6E42718F5E8ECBEB2E0CB3731EE6,IMPHASH=65DBB3390FD393E7FF4C86B67987B82A','Image':'C:\\Users\\pparker\\Downloads\\DriverUpdate_1_2.exe','ImageLoaded':'C:\\Windows\\SysWOW64\\apphelp.dll','OriginalFileName':'Apphelp','ProcessGuid':'{7b34ed3d-23cf-673d-b302-000000000b00}','ProcessId':'2920','Product':'Microsoft® Windows® Operating System','RuleName':'-','Signature':'Microsoft Windows','SignatureStatus':'Valid','Signed':'true','User':'HOMELAB\\pparker','UtcTime':'2024-11-19 23:48:31.250'}",,"Microsoft Corporation",,,"Application Compatibility Client Library",,,,,,,,"10.0.19041.4957 (WinBuild.160101.0800)","MD5=578FB3C2014D90E7A2223E63415751FA,SHA256=FE3CDDC40B0755C09B2DE23CAF8149570CFA6E42718F5E8ECBEB2E0CB3731EE6,IMPHASH=65DBB3390FD393E7FF4C86B67987B82A","C:\Users\pparker\Downloads\DriverUpdate_1_2.exe","C:\Windows\SysWOW64\apphelp.dll",,,,,"Apphelp",,,,,,"{7b34ed3d-23cf-673d-b302-000000000b00}","2920","Microsoft® Windows® Operating System",,"-","Microsoft Windows","Valid","true",,,,,,,,,"HOMELAB\pparker","2024-11-19 23:48:31.250","{'Channel':'Microsoft-Windows-Sysmon/Operational','Computer':'HL-WS04.HOMELAB.local','Correlation':'','EventID':'7','EventRecordID':'12841','Execution':{'ProcessID':'2052','ThreadID':'3948'},'Keywords':'0x8000000000000000','Level':'4','Opcode':'0','Provider':{'Guid':'{5770385f-c22a-43e0-bf4c-06f5698ffbd9}','Name':'Microsoft-Windows-Sysmon'},'Security':{'UserID':'S-1-5-18'},'Task':'7','TimeCreated':{'SystemTime':'2024-11-19T23:48:31.2761407Z'},'Version':'3','_event_id':'7'}","7","Microsoft-Windows-Sysmon/Operational","HL-WS04.HOMELAB.local","","7","12841","{'ProcessID':'2052','ThreadID':'3948'}","2052","3948","0x8000000000000000","4","0","{'Guid':'{5770385f-c22a-43e0-bf4c-06f5698ffbd9}','Name':'Microsoft-Windows-Sysmon'}","{5770385f-c22a-43e0-bf4c-06f5698ffbd9}","Microsoft-Windows-Sysmon","S-1-5-18","7","2024-11-19T23:48:31.2761407Z","3","{'arch':2,'did':'','event_id':'26248523-bdeb-4645-8921-38de866f62b6','event_time':1732060066247,'event_type':'WEL','ext_ip':'108.171.103.70','hostname':'hl-ws04.homelab.local','iid':'7e99630d-d276-4169-bd11-c23115a848fa','int_ip':'10.100.100.133','moduleid':2,'oid':'27c3229e-7f58-40c8-ad1a-799ff00e1781','plat':268435456,'sid':'20884ef9-0b46-4a29-9d58-832837729b10','tags':['workstations'],'this':'d7672ca173586c791088765d673d23a2'}",2,"","26248523-bdeb-4645-8921-38de866f62b6",1732060066247,"WEL","108.171.103.70","hl-ws04.homelab.local","7e99630d-d276-4169-bd11-c23115a848fa","10.100.100.133",2,"27c3229e-7f58-40c8-ad1a-799ff00e1781",268435456,"20884ef9-0b46-4a29-9d58-832837729b10","['workstations']","d7672ca173586c791088765d673d23a2"
"2024-11-19 23:47:46","{'EventData':{'Company':'Microsoft Corporation','Description':'Windows Compatibility DLL','FileVersion':'10.0.19041.3636 (WinBuild.160101.0800)','Hashes':'MD5=CF79BA9D2AA40AA14A642FBC0F6870A1,SHA256=D0163EFB5CAF6BAA53AB8BD1FF3031F417636B9DA68CEC1676D294E4F7AC8FAA,IMPHASH=CFAC9AA030965DC89CAE24A8EFF928CC','Image':'C:\\Users\\pparker\\Downloads\\DriverUpdate_1_2.exe','ImageLoaded':'C:\\Windows\\SysWOW64\\AcGenral.dll','OriginalFileName':'\'AcGenral.dll\'','ProcessGuid':'{7b34ed3d-23cf-673d-b302-000000000b00}','ProcessId':'2920','Product':'Microsoft® Windows® Operating System','RuleName':'-','Signature':'Microsoft Windows','SignatureStatus':'Valid','Signed':'true','User':'HOMELAB\\pparker','UtcTime':'2024-11-19 23:48:31.293'},'System':{'Channel':'Microsoft-Windows-Sysmon/Operational','Computer':'HL-WS04.HOMELAB.local','Correlation':'','EventID':'7','EventRecordID':'12842','Execution':{'ProcessID':'2052','ThreadID':'4064'},'Keywords':'0x8000000000000000','Level':'4','Opcode':'0','Provider':{'Guid':'{5770385f-c22a-43e0-bf4c-06f5698ffbd9}','Name':'Microsoft-Windows-Sysmon'},'Security':{'UserID':'S-1-5-18'},'Task':'7','TimeCreated':{'SystemTime':'2024-11-19T23:48:31.3436926Z'},'Version':'3','_event_id':'7'}}","{'Company':'Microsoft Corporation','Description':'Windows Compatibility DLL','FileVersion':'10.0.19041.3636 (WinBuild.160101.0800)','Hashes':'MD5=CF79BA9D2AA40AA14A642FBC0F6870A1,SHA256=D0163EFB5CAF6BAA53AB8BD1FF3031F417636B9DA68CEC1676D294E4F7AC8FAA,IMPHASH=CFAC9AA030965DC89CAE24A8EFF928CC','Image':'C:\\Users\\pparker\\Downloads\\DriverUpdate_1_2.exe','ImageLoaded':'C:\\Windows\\SysWOW64\\AcGenral.dll','OriginalFileName':'\'AcGenral.dll\'','ProcessGuid':'{7b34ed3d-23cf-673d-b302-000000000b00}','ProcessId':'2920','Product':'Microsoft® Windows® Operating System','RuleName':'-','Signature':'Microsoft Windows','SignatureStatus':'Valid','Signed':'true','User':'HOMELAB\\pparker','UtcTime':'2024-11-19 23:48:31.293'}",,"Microsoft Corporation",,,"Windows Compatibility DLL",,,,,,,,"10.0.19041.3636 (WinBuild.160101.0800)","MD5=CF79BA9D2AA40AA14A642FBC0F6870A1,SHA256=D0163EFB5CAF6BAA53AB8BD1FF3031F417636B9DA68CEC1676D294E4F7AC8FAA,IMPHASH=CFAC9AA030965DC89CAE24A8EFF928CC","C:\Users\pparker\Downloads\DriverUpdate_1_2.exe","C:\Windows\SysWOW64\AcGenral.dll",,,,,"'AcGenral.dll'",,,,,,"{7b34ed3d-23cf-673d-b302-000000000b00}","2920","Microsoft® Windows® Operating System",,"-","Microsoft Windows","Valid","true",,,,,,,,,"HOMELAB\pparker","2024-11-19 23:48:31.293","{'Channel':'Microsoft-Windows-Sysmon/Operational','Computer':'HL-WS04.HOMELAB.local','Correlation':'','EventID':'7','EventRecordID':'12842','Execution':{'ProcessID':'2052','ThreadID':'4064'},'Keywords':'0x8000000000000000','Level':'4','Opcode':'0','Provider':{'Guid':'{5770385f-c22a-43e0-bf4c-06f5698ffbd9}','Name':'Microsoft-Windows-Sysmon'},'Security':{'UserID':'S-1-5-18'},'Task':'7','TimeCreated':{'SystemTime':'2024-11-19T23:48:31.3436926Z'},'Version':'3','_event_id':'7'}","7","Microsoft-Windows-Sysmon/Operational","HL-WS04.HOMELAB.local","","7","12842","{'ProcessID':'2052','ThreadID':'4064'}","2052","4064","0x8000000000000000","4","0","{'Guid':'{5770385f-c22a-43e0-bf4c-06f5698ffbd9}','Name':'Microsoft-Windows-Sysmon'}","{5770385f-c22a-43e0-bf4c-06f5698ffbd9}","Microsoft-Windows-Sysmon","S-1-5-18","7","2024-11-19T23:48:31.3436926Z","3","{'arch':2,'did':'','event_id':'037443a1-5197-40d4-8f58-0c9459704aba','event_time':1732060066247,'event_type':'WEL','ext_ip':'108.171.103.70','hostname':'hl-ws04.homelab.local','iid':'7e99630d-d276-4169-bd11-c23115a848fa','int_ip':'10.100.100.133','moduleid':2,'oid':'27c3229e-7f58-40c8-ad1a-799ff00e1781','plat':268435456,'sid':'20884ef9-0b46-4a29-9d58-832837729b10','tags':['workstations'],'this':'8f356ebfc60a3b03fa04cfe4673d23a2'}",2,"","037443a1-5197-40d4-8f58-0c9459704aba",1732060066247,"WEL","108.171.103.70","hl-ws04.homelab.local","7e99630d-d276-4169-bd11-c23115a848fa","10.100.100.133",2,"27c3229e-7f58-40c8-ad1a-799ff00e1781",268435456,"20884ef9-0b46-4a29-9d58-832837729b10","['workstations']","8f356ebfc60a3b03fa04cfe4673d23a2"
"2024-11-19 23:47:46","{'EventData':{'Company':'Microsoft Corporation','Description':'Windows NT CRT DLL','FileVersion':'7.0.19041.3636 (WinBuild.160101.0800)','Hashes':'MD5=C7815C121632E8CE3AD8019F2C1FF910,SHA256=C1BE919E7DE267ED2FCFBB4DA52AAD912CB468069B58B6A00198FF3C525373A0,IMPHASH=C3F466EF7F4926CB29A80701AE643FD4','Image':'C:\\Users\\pparker\\Downloads\\DriverUpdate_1_2.exe','ImageLoaded':'C:\\Windows\\SysWOW64\\msvcrt.dll','OriginalFileName':'msvcrt.dll','ProcessGuid':'{7b34ed3d-23cf-673d-b302-000000000b00}','ProcessId':'2920','Product':'Microsoft® Windows® Operating System','RuleName':'-','Signature':'Microsoft Windows','SignatureStatus':'Valid','Signed':'true','User':'HOMELAB\\pparker','UtcTime':'2024-11-19 23:48:31.293'},'System':{'Channel':'Microsoft-Windows-Sysmon/Operational','Computer':'HL-WS04.HOMELAB.local','Correlation':'','EventID':'7','EventRecordID':'12843','Execution':{'ProcessID':'2052','ThreadID':'4064'},'Keywords':'0x8000000000000000','Level':'4','Opcode':'0','Provider':{'Guid':'{5770385f-c22a-43e0-bf4c-06f5698ffbd9}','Name':'Microsoft-Windows-Sysmon'},'Security':{'UserID':'S-1-5-18'},'Task':'7','TimeCreated':{'SystemTime':'2024-11-19T23:48:31.3620536Z'},'Version':'3','_event_id':'7'}}","{'Company':'Microsoft Corporation','Description':'Windows NT CRT DLL','FileVersion':'7.0.19041.3636 (WinBuild.160101.0800)','Hashes':'MD5=C7815C121632E8CE3AD8019F2C1FF910,SHA256=C1BE919E7DE267ED2FCFBB4DA52AAD912CB468069B58B6A00198FF3C525373A0,IMPHASH=C3F466EF7F4926CB29A80701AE643FD4','Image':'C:\\Users\\pparker\\Downloads\\DriverUpdate_1_2.exe','ImageLoaded':'C:\\Windows\\SysWOW64\\msvcrt.dll','OriginalFileName':'msvcrt.dll','ProcessGuid':'{7b34ed3d-23cf-673d-b302-000000000b00}','ProcessId':'2920','Product':'Microsoft® Windows® Operating System','RuleName':'-','Signature':'Microsoft Windows','SignatureStatus':'Valid','Signed':'true','User':'HOMELAB\\pparker','UtcTime':'2024-11-19 23:48:31.293'}",,"Microsoft Corporation",,,"Windows NT CRT DLL",,,,,,,,"7.0.19041.3636 (WinBuild.160101.0800)","MD5=C7815C121632E8CE3AD8019F2C1FF910,SHA256=C1BE919E7DE267ED2FCFBB4DA52AAD912CB468069B58B6A00198FF3C525373A0,IMPHASH=C3F466EF7F4926CB29A80701AE643FD4","C:\Users\pparker\Downloads\DriverUpdate_1_2.exe","C:\Windows\SysWOW64\msvcrt.dll",,,,,"msvcrt.dll",,,,,,"{7b34ed3d-23cf-673d-b302-000000000b00}","2920","Microsoft® Windows® Operating System",,"-","Microsoft Windows","Valid","true",,,,,,,,,"HOMELAB\pparker","2024-11-19 23:48:31.293","{'Channel':'Microsoft-Windows-Sysmon/Operational','Computer':'HL-WS04.HOMELAB.local','Correlation':'','EventID':'7','EventRecordID':'12843','Execution':{'ProcessID':'2052','ThreadID':'4064'},'Keywords':'0x8000000000000000','Level':'4','Opcode':'0','Provider':{'Guid':'{5770385f-c22a-43e0-bf4c-06f5698ffbd9}','Name':'Microsoft-Windows-Sysmon'},'Security':{'UserID':'S-1-5-18'},'Task':'7','TimeCreated':{'SystemTime':'2024-11-19T23:48:31.3620536Z'},'Version':'3','_event_id':'7'}","7","Microsoft-Windows-Sysmon/Operational","HL-WS04.HOMELAB.local","","7","12843","{'ProcessID':'2052','ThreadID':'4064'}","2052","4064","0x8000000000000000","4","0","{'Guid':'{5770385f-c22a-43e0-bf4c-06f5698ffbd9}','Name':'Microsoft-Windows-Sysmon'}","{5770385f-c22a-43e0-bf4c-06f5698ffbd9}","Microsoft-Windows-Sysmon","S-1-5-18","7","2024-11-19T23:48:31.3620536Z","3","{'arch':2,'did':'','event_id':'2a281d29-cdc1-495e-b0b1-e2843d1922be','event_time':1732060066247,'event_type':'WEL','ext_ip':'108.171.103.70','hostname':'hl-ws04.homelab.local','iid':'7e99630d-d276-4169-bd11-c23115a848fa','int_ip':'10.100.100.133','moduleid':2,'oid':'27c3229e-7f58-40c8-ad1a-799ff00e1781','plat':268435456,'sid':'20884ef9-0b46-4a29-9d58-832837729b10','tags':['workstations'],'this':'790fb77b1942d9108a41e4b6673d23a2'}",2,"","2a281d29-cdc1-495e-b0b1-e2843d1922be",1732060066247,"WEL","108.171.103.70","hl-ws04.homelab.local","7e99630d-d276-4169-bd11-c23115a848fa","10.100.100.133",2,"27c3229e-7f58-40c8-ad1a-799ff00e1781",268435456,"20884ef9-0b46-4a29-9d58-832837729b10","['workstations']","790fb77b1942d9108a41e4b6673d23a2"
"2024-11-19 23:47:46","{'EventData':{'Company':'Microsoft Corporation','Description':'Host for SCM/SDDL/LSA Lookup APIs','FileVersion':'10.0.19041.4597 (WinBuild.160101.0800)','Hashes':'MD5=E6B0765B7823EA662C41CD6C424C409B,SHA256=9D0A639F101186E19B2DC6463905DEB4769181E2D669DF3F5D74AE9D8FEAFB0A,IMPHASH=42F5B94EBC84B0E2EC2AA9D30BA344E7','Image':'C:\\Users\\pparker\\Downloads\\DriverUpdate_1_2.exe','ImageLoaded':'C:\\Windows\\SysWOW64\\sechost.dll','OriginalFileName':'sechost.dll','ProcessGuid':'{7b34ed3d-23cf-673d-b302-000000000b00}','ProcessId':'2920','Product':'Microsoft® Windows® Operating System','RuleName':'-','Signature':'Microsoft Windows','SignatureStatus':'Valid','Signed':'true','User':'HOMELAB\\pparker','UtcTime':'2024-11-19 23:48:31.293'},'System':{'Channel':'Microsoft-Windows-Sysmon/Operational','Computer':'HL-WS04.HOMELAB.local','Correlation':'','EventID':'7','EventRecordID':'12844','Execution':{'ProcessID':'2052','ThreadID':'4064'},'Keywords':'0x8000000000000000','Level':'4','Opcode':'0','Provider':{'Guid':'{5770385f-c22a-43e0-bf4c-06f5698ffbd9}','Name':'Microsoft-Windows-Sysmon'},'Security':{'UserID':'S-1-5-18'},'Task':'7','TimeCreated':{'SystemTime':'2024-11-19T23:48:31.3736387Z'},'Version':'3','_event_id':'7'}}","{'Company':'Microsoft Corporation','Description':'Host for SCM/SDDL/LSA Lookup APIs','FileVersion':'10.0.19041.4597 (WinBuild.160101.0800)','Hashes':'MD5=E6B0765B7823EA662C41CD6C424C409B,SHA256=9D0A639F101186E19B2DC6463905DEB4769181E2D669DF3F5D74AE9D8FEAFB0A,IMPHASH=42F5B94EBC84B0E2EC2AA9D30BA344E7','Image':'C:\\Users\\pparker\\Downloads\\DriverUpdate_1_2.exe','ImageLoaded':'C:\\Windows\\SysWOW64\\sechost.dll','OriginalFileName':'sechost.dll','ProcessGuid':'{7b34ed3d-23cf-673d-b302-000000000b00}','ProcessId':'2920','Product':'Microsoft® Windows® Operating System','RuleName':'-','Signature':'Microsoft Windows','SignatureStatus':'Valid','Signed':'true','User':'HOMELAB\\pparker','UtcTime':'2024-11-19 23:48:31.293'}",,"Microsoft Corporation",,,"Host for SCM/SDDL/LSA Lookup APIs",,,,,,,,"10.0.19041.4597 (WinBuild.160101.0800)","MD5=E6B0765B7823EA662C41CD6C424C409B,SHA256=9D0A639F101186E19B2DC6463905DEB4769181E2D669DF3F5D74AE9D8FEAFB0A,IMPHASH=42F5B94EBC84B0E2EC2AA9D30BA344E7","C:\Users\pparker\Downloads\DriverUpdate_1_2.exe","C:\Windows\SysWOW64\sechost.dll",,,,,"sechost.dll",,,,,,"{7b34ed3d-23cf-673d-b302-000000000b00}","2920","Microsoft® Windows® Operating System",,"-","Microsoft Windows","Valid","true",,,,,,,,,"HOMELAB\pparker","2024-11-19 23:48:31.293","{'Channel':'Microsoft-Windows-Sysmon/Operational','Computer':'HL-WS04.HOMELAB.local','Correlation':'','EventID':'7','EventRecordID':'12844','Execution':{'ProcessID':'2052','ThreadID':'4064'},'Keywords':'0x8000000000000000','Level':'4','Opcode':'0','Provider':{'Guid':'{5770385f-c22a-43e0-bf4c-06f5698ffbd9}','Name':'Microsoft-Windows-Sysmon'},'Security':{'UserID':'S-1-5-18'},'Task':'7','TimeCreated':{'SystemTime':'2024-11-19T23:48:31.3736387Z'},'Version':'3','_event_id':'7'}","7","Microsoft-Windows-Sysmon/Operational","HL-WS04.HOMELAB.local","","7","12844","{'ProcessID':'2052','ThreadID':'4064'}","2052","4064","0x8000000000000000","4","0","{'Guid':'{5770385f-c22a-43e0-bf4c-06f5698ffbd9}','Name':'Microsoft-Windows-Sysmon'}","{5770385f-c22a-43e0-bf4c-06f5698ffbd9}","Microsoft-Windows-Sysmon","S-1-5-18","7","2024-11-19T23:48:31.3736387Z","3","{'arch':2,'did':'','event_id':'066d172b-aabc-4223-9d09-dca25867322d','event_time':1732060066247,'event_type':'WEL','ext_ip':'108.171.103.70','hostname':'hl-ws04.homelab.local','iid':'7e99630d-d276-4169-bd11-c23115a848fa','int_ip':'10.100.100.133','moduleid':2,'oid':'27c3229e-7f58-40c8-ad1a-799ff00e1781','plat':268435456,'sid':'20884ef9-0b46-4a29-9d58-832837729b10','tags':['workstations'],'this':'544a7a5d88b3aee68d6d8dd0673d23a2'}",2,"","066d172b-aabc-4223-9d09-dca25867322d",1732060066247,"WEL","108.171.103.70","hl-ws04.homelab.local","7e99630d-d276-4169-bd11-c23115a848fa","10.100.100.133",2,"27c3229e-7f58-40c8-ad1a-799ff00e1781",268435456,"20884ef9-0b46-4a29-9d58-832837729b10","['workstations']","544a7a5d88b3aee68d6d8dd0673d23a2"
