{"EventData":{"Company":"Microsoft Corporation","Description":"Panther Engine Module","FileVersion":"10.0.19041.4950 (WinBuild.160101.0800)","Hashes":"MD5=7AD2CCBFCF3A81E1E2D86FE485E1D985,SHA256=71B14C85AB5DC4FE74D26DA3799EF3EDC56DF783E7D5D9C1DC492CBD9C345280,IMPHASH=A37E0577C1CBE2EB55F887F237382D9A","Image":"C:\\Windows\\WinSxS\\amd64_microsoft-windows-servicingstack_31bf3856ad364e35_10.0.19041.4950_none_7dd913727cb4d87c\\TiWorker.exe","ImageLoaded":"C:\\Windows\\WinSxS\\amd64_microsoft-windows-servicingstack_31bf3856ad364e35_10.0.19041.4950_none_7dd913727cb4d87c\\wdscore.dll","OriginalFileName":"WDSCORE.DLL","ProcessGuid":"{7b34ed3d-9190-673c-9e01-000000000b00}","ProcessId":"1412","Product":"Microsoft® Windows® Operating System","RuleName":"-","Signature":"Microsoft Windows","SignatureStatus":"Valid","Signed":"true","User":"NT AUTHORITY\\SYSTEM","UtcTime":"2024-11-19 13:24:32.086"},"EventId":"7","Image":"C:\\Windows\\WinSxS\\amd64_microsoft-windows-servicingstack_31bf3856ad364e35_10.0.19041.4950_none_7dd913727cb4d87c\\TiWorker.exe","timestamp":"2024-11-19 13:23:47"},{"EventData":{"Company":"Microsoft Corporation","Description":"OLEAUT32.DLL","FileVersion":"10.0.19041.3636 (WinBuild.160101.0800)","Hashes":"MD5=95C8E41A64F90C89DCE4CA64B5EFBD57,SHA256=4DD40579E7254DD553B49B229AA85B9C079586B034E37E564909DA25EB298345,IMPHASH=88D04AF7498CEDC8E8B296BF84CBDB16","Image":"C:\\Windows\\WinSxS\\amd64_microsoft-windows-servicingstack_31bf3856ad364e35_10.0.19041.4950_none_7dd913727cb4d87c\\TiWorker.exe","ImageLoaded":"C:\\Windows\\System32\\oleaut32.dll","OriginalFileName":"OLEAUT32.DLL","ProcessGuid":"{7b34ed3d-9190-673c-9e01-000000000b00}","ProcessId":"1412","Product":"Microsoft® Windows® Operating System","RuleName":"-","Signature":"Microsoft Windows","SignatureStatus":"Valid","Signed":"true","User":"NT AUTHORITY\\SYSTEM","UtcTime":"2024-11-19 13:24:32.086"},"EventId":"7","Image":"C:\\Windows\\WinSxS\\amd64_microsoft-windows-servicingstack_31bf3856ad364e35_10.0.19041.4950_none_7dd913727cb4d87c\\TiWorker.exe","timestamp":"2024-11-19 13:23:47"},{"EventData":{"Company":"Microsoft Corporation","Description":"Microsoft® C Runtime Library","FileVersion":"10.0.19041.3636 (WinBuild.160101.0800)","Hashes":"MD5=EC9F1CDD909F7C0BAE4DB21DCD2033DE,SHA256=2A7825C2925347E0CB767A0DCB611F3EB80D0F71CBEC981069B227BDC7CB871A,IMPHASH=6395B9FE9663F603C53213439199897E","Image":"C:\\Windows\\WinSxS\\amd64_microsoft-windows-servicingstack_31bf3856ad364e35_10.0.19041.4950_none_7dd913727cb4d87c\\TiWorker.exe","ImageLoaded":"C:\\Windows\\System32\\msvcp_win.dll","OriginalFileName":"msvcp_win.dll","ProcessGuid":"{7b34ed3d-9190-673c-9e01-000000000b00}","ProcessId":"1412","Product":"Microsoft® Windows® Operating System","RuleName":"-","Signature":"Microsoft Windows","SignatureStatus":"Valid","Signed":"true","User":"NT AUTHORITY\\SYSTEM","UtcTime":"2024-11-19 13:24:32.086"},"EventId":"7","Image":"C:\\Windows\\WinSxS\\amd64_microsoft-windows-servicingstack_31bf3856ad364e35_10.0.19041.4950_none_7dd913727cb4d87c\\TiWorker.exe","timestamp":"2024-11-19 13:23:47"},{"EventData":{"Company":"Microsoft Corporation","Description":"Windows Image Helper","FileVersion":"10.0.19041.3636 (WinBuild.160101.0800)","Hashes":"MD5=B3A5E819E3CF9834A6B33C606FC50289,SHA256=38818F0389463E8D79CD50E21A79E9D232422080A120B905A4A6335125DB7A63,IMPHASH=CE4AD83A987BB290F3A8EBD351252F29","Image":"C:\\Windows\\WinSxS\\amd64_microsoft-windows-servicingstack_31bf3856ad364e35_10.0.19041.4950_none_7dd913727cb4d87c\\TiWorker.exe","ImageLoaded":"C:\\Windows\\System32\\dbghelp.dll","OriginalFileName":"DBGHELP.DLL","ProcessGuid":"{7b34ed3d-9190-673c-9e01-000000000b00}","ProcessId":"1412","Product":"Microsoft® Windows® Operating System","RuleName":"-","Signature":"Microsoft Windows","SignatureStatus":"Valid","Signed":"true","User":"NT AUTHORITY\\SYSTEM","UtcTime":"2024-11-19 13:24:32.100"},"EventId":"7","Image":"C:\\Windows\\WinSxS\\amd64_microsoft-windows-servicingstack_31bf3856ad364e35_10.0.19041.4950_none_7dd913727cb4d87c\\TiWorker.exe","timestamp":"2024-11-19 13:23:47"},{"EventData":{"Company":"Microsoft Corporation","Description":"Windows Core Debugging Helpers","FileVersion":"10.0.19041.4355 (WinBuild.160101.0800)","Hashes":"MD5=F3420EFEA32FEA5359F9A30AADB70084,SHA256=9FD442EE31934EDB69A2A923671025FCAF71E30891DF01BEDDF3CDBD47E9E8E1,IMPHASH=078EF7696C6172AFAB4385B68B2B778B","Image":"C:\\Windows\\WinSxS\\amd64_microsoft-windows-servicingstack_31bf3856ad364e35_10.0.19041.4950_none_7dd913727cb4d87c\\TiWorker.exe","ImageLoaded":"C:\\Windows\\System32\\dbgcore.dll","OriginalFileName":"DBGCORE.DLL","ProcessGuid":"{7b34ed3d-9190-673c-9e01-000000000b00}","ProcessId":"1412","Product":"Microsoft® Windows® Operating System","RuleName":"-","Signature":"Microsoft Windows","SignatureStatus":"Valid","Signed":"true","User":"NT AUTHORITY\\SYSTEM","UtcTime":"2024-11-19 13:24:32.101"},"EventId":"7","Image":"C:\\Windows\\WinSxS\\amd64_microsoft-windows-servicingstack_31bf3856ad364e35_10.0.19041.4950_none_7dd913727cb4d87c\\TiWorker.exe","timestamp":"2024-11-19 13:23:47"},{"EventData":{"Company":"Microsoft Corporation","Description":"AppModel API Host","FileVersion":"10.0.19041.3758 (WinBuild.160101.0800)","Hashes":"MD5=7402B27BCB9D703A0603013F361FD773,SHA256=ABFF38D9EFACA07602ACC2A31775F8790AC720261842DBB6D7D9E1A46BBA91F8,IMPHASH=C24B24FA5FB3285D15231007B6E54465","Image":"C:\\Windows\\WinSxS\\amd64_microsoft-windows-servicingstack_31bf3856ad364e35_10.0.19041.4950_none_7dd913727cb4d87c\\TiWorker.exe","ImageLoaded":"C:\\Windows\\System32\\kernel.appcore.dll","OriginalFileName":"kernel.appcore.dll","ProcessGuid":"{7b34ed3d-9190-673c-9e01-000000000b00}","ProcessId":"1412","Product":"Microsoft® Windows® Operating System","RuleName":"-","Signature":"Microsoft Windows","SignatureStatus":"Valid","Signed":"true","User":"NT AUTHORITY\\SYSTEM","UtcTime":"2024-11-19 13:24:32.101"},"EventId":"7","Image":"C:\\Windows\\WinSxS\\amd64_microsoft-windows-servicingstack_31bf3856ad364e35_10.0.19041.4950_none_7dd913727cb4d87c\\TiWorker.exe","timestamp":"2024-11-19 13:23:47"},{"EventData":{"Company":"Microsoft Corporation","Description":"Windows Cryptographic Primitives Library","FileVersion":"10.0.19041.5007 (WinBuild.160101.0800)","Hashes":"MD5=777687AB0DA084229F88370973A3CEAB,SHA256=F0A1662D0F55533A21D609F8DC737288EDE77D314D90E885CA9E6EF79D429C3B,IMPHASH=496E42068C9391511CF6EE7C54F73A9B","Image":"C:\\Windows\\WinSxS\\amd64_microsoft-windows-servicingstack_31bf3856ad364e35_10.0.19041.4950_none_7dd913727cb4d87c\\TiWorker.exe","ImageLoaded":"C:\\Windows\\System32\\bcryptprimitives.dll","OriginalFileName":"bcryptprimitives.dll","ProcessGuid":"{7b34ed3d-9190-673c-9e01-000000000b00}","ProcessId":"1412","Product":"Microsoft® Windows® Operating System","RuleName":"-","Signature":"Microsoft Windows","SignatureStatus":"Valid","Signed":"true","User":"NT AUTHORITY\\SYSTEM","UtcTime":"2024-11-19 13:24:32.101"},"EventId":"7","Image":"C:\\Windows\\WinSxS\\amd64_microsoft-windows-servicingstack_31bf3856ad364e35_10.0.19041.4950_none_7dd913727cb4d87c\\TiWorker.exe","timestamp":"2024-11-19 13:23:47"},{"EventData":{"Company":"Microsoft Corporation","Description":"COM+ Configuration Catalog","FileVersion":"2001.12.10941.16384 (WinBuild.160101.0800)","Hashes":"MD5=94A96F09F2A95F21123721D0A140C3EC,SHA256=AF30C5FDDAF675DF238F0DA108843367B1075FE691A76B6642BF8595B62860CF,IMPHASH=86E552D00967273D5B312EF569ADC52F","Image":"C:\\Windows\\WinSxS\\amd64_microsoft-windows-servicingstack_31bf3856ad364e35_10.0.19041.4950_none_7dd913727cb4d87c\\TiWorker.exe","ImageLoaded":"C:\\Windows\\System32\\clbcatq.dll","OriginalFileName":"CLBCATQ.DLL","ProcessGuid":"{7b34ed3d-9190-673c-9e01-000000000b00}","ProcessId":"1412","Product":"Microsoft® Windows® Operating System","RuleName":"-","Signature":"Microsoft Windows","SignatureStatus":"Valid","Signed":"true","User":"NT AUTHORITY\\SYSTEM","UtcTime":"2024-11-19 13:24:32.101"},"EventId":"7","Image":"C:\\Windows\\WinSxS\\amd64_microsoft-windows-servicingstack_31bf3856ad364e35_10.0.19041.4950_none_7dd913727cb4d87c\\TiWorker.exe","timestamp":"2024-11-19 13:23:47"},{"EventData":{"Company":"Microsoft Corporation","Description":"Component Based Servicing API DLL","FileVersion":"10.0.19041.1 (WinBuild.160101.0800)","Hashes":"MD5=C8872BD513F7D80812D9B09A598B03C6,SHA256=DA6307F00C940B9D49975B25F78FC92CC76977F4BDE0D30CFB66BB3AA519884A,IMPHASH=046E476CD767D8DDC9D5CD508ED7ED7B","Image":"C:\\Windows\\WinSxS\\amd64_microsoft-windows-servicingstack_31bf3856ad364e35_10.0.19041.4950_none_7dd913727cb4d87c\\TiWorker.exe","ImageLoaded":"C:\\Windows\\servicing\\CbsApi.dll","OriginalFileName":"cbsapi.dll","ProcessGuid":"{7b34ed3d-9190-673c-9e01-000000000b00}","ProcessId":"1412","Product":"Microsoft® Windows® Operating System","RuleName":"-","Signature":"Microsoft Windows","SignatureStatus":"Valid","Signed":"true","User":"NT AUTHORITY\\SYSTEM","UtcTime":"2024-11-19 13:24:32.101"},"EventId":"7","Image":"C:\\Windows\\WinSxS\\amd64_microsoft-windows-servicingstack_31bf3856ad364e35_10.0.19041.4950_none_7dd913727cb4d87c\\TiWorker.exe","timestamp":"2024-11-19 13:23:47"},{"EventData":{"Company":"Microsoft Corporation","Description":"Component Based Servicing Core DLL","FileVersion":"10.0.19041.4950 (WinBuild.160101.0800)","Hashes":"MD5=B809373250630B087BA2ED0D4788CA90,SHA256=1008223569DF0C694131B48B34EE964A2F04F9DA1AF9EAFBED31ED6FCD7FF53A,IMPHASH=EDB4F241169C55302953597099209900","Image":"C:\\Windows\\WinSxS\\amd64_microsoft-windows-servicingstack_31bf3856ad364e35_10.0.19041.4950_none_7dd913727cb4d87c\\TiWorker.exe","ImageLoaded":"C:\\Windows\\WinSxS\\amd64_microsoft-windows-servicingstack_31bf3856ad364e35_10.0.19041.4950_none_7dd913727cb4d87c\\CbsCore.dll","OriginalFileName":"cbscore.dll","ProcessGuid":"{7b34ed3d-9190-673c-9e01-000000000b00}","ProcessId":"1412","Product":"Microsoft® Windows® Operating System","RuleName":"-","Signature":"Microsoft Windows","SignatureStatus":"Valid","Signed":"true","User":"NT AUTHORITY\\SYSTEM","UtcTime":"2024-11-19 13:24:32.101"},"EventId":"7","Image":"C:\\Windows\\WinSxS\\amd64_microsoft-windows-servicingstack_31bf3856ad364e35_10.0.19041.4950_none_7dd913727cb4d87c\\TiWorker.exe","timestamp":"2024-11-19 13:23:47"},{"EventData":{"Company":"Microsoft Corporation","Description":"Crypto API32","FileVersion":"10.0.19041.4894 (WinBuild.160101.0800)","Hashes":"MD5=43BB6A9F6DC018266C68D4FCE938C14F,SHA256=CFFEA50B60CF7CE13DA60905931C77B11B4EBF956552256E86F31AA7AE36DEC7,IMPHASH=A97F15D316311CED0251A5EF98AA3F9C","Image":"C:\\Windows\\WinSxS\\amd64_microsoft-windows-servicingstack_31bf3856ad364e35_10.0.19041.4950_none_7dd913727cb4d87c\\TiWorker.exe","ImageLoaded":"C:\\Windows\\System32\\crypt32.dll","OriginalFileName":"CRYPT32.DLL","ProcessGuid":"{7b34ed3d-9190-673c-9e01-000000000b00}","ProcessId":"1412","Product":"Microsoft® Windows® Operating System","RuleName":"-","Signature":"Microsoft Windows","SignatureStatus":"Valid","Signed":"true","User":"NT AUTHORITY\\SYSTEM","UtcTime":"2024-11-19 13:24:32.101"},"EventId":"7","Image":"C:\\Windows\\WinSxS\\amd64_microsoft-windows-servicingstack_31bf3856ad364e35_10.0.19041.4950_none_7dd913727cb4d87c\\TiWorker.exe","timestamp":"2024-11-19 13:23:47"},{"EventData":{"Company":"Microsoft Corporation","Description":"Microsoft Trust Verification APIs","FileVersion":"10.0.19041.4957 (WinBuild.160101.0800)","Hashes":"MD5=E461F0C1B32E71ABC35C583DDAC32C0A,SHA256=9C6F53675FE9D921F19B9C3B9212E0A317D34F76B54789F38BE6D8053326554B,IMPHASH=610AD685DC09DDAF105536EF5E9E69FA","Image":"C:\\Windows\\WinSxS\\amd64_microsoft-windows-servicingstack_31bf3856ad364e35_10.0.19041.4950_none_7dd913727cb4d87c\\TiWorker.exe","ImageLoaded":"C:\\Windows\\System32\\wintrust.dll","OriginalFileName":"WINTRUST.DLL","ProcessGuid":"{7b34ed3d-9190-673c-9e01-000000000b00}","ProcessId":"1412","Product":"Microsoft® Windows® Operating System","RuleName":"-","Signature":"Microsoft Windows","SignatureStatus":"Valid","Signed":"true","User":"NT AUTHORITY\\SYSTEM","UtcTime":"2024-11-19 13:24:32.101"},"EventId":"7","Image":"C:\\Windows\\WinSxS\\amd64_microsoft-windows-servicingstack_31bf3856ad364e35_10.0.19041.4950_none_7dd913727cb4d87c\\TiWorker.exe","timestamp":"2024-11-19 13:23:47"},{"EventData":{"Company":"Microsoft Corporation","Description":"Windows NT MARTA provider","FileVersion":"10.0.19041.3636 (WinBuild.160101.0800)","Hashes":"MD5=1A2CE30601518C0DA155C6A87D7B3104,SHA256=252D198D0660D7D021209C25ED91333A63CCB00E47B00521AF9CB562CA1D7E3A,IMPHASH=2A82B57D7A2D3136D8E6670296793FB3","Image":"C:\\Windows\\WinSxS\\amd64_microsoft-windows-servicingstack_31bf3856ad364e35_10.0.19041.4950_none_7dd913727cb4d87c\\TiWorker.exe","ImageLoaded":"C:\\Windows\\System32\\ntmarta.dll","OriginalFileName":"ntmarta.dll","ProcessGuid":"{7b34ed3d-9190-673c-9e01-000000000b00}","ProcessId":"1412","Product":"Microsoft® Windows® Operating System","RuleName":"-","Signature":"Microsoft Windows","SignatureStatus":"Valid","Signed":"true","User":"NT AUTHORITY\\SYSTEM","UtcTime":"2024-11-19 13:24:32.101"},"EventId":"7","Image":"C:\\Windows\\WinSxS\\amd64_microsoft-windows-servicingstack_31bf3856ad364e35_10.0.19041.4950_none_7dd913727cb4d87c\\TiWorker.exe","timestamp":"2024-11-19 13:23:47"},{"EventData":{"Company":"Microsoft Corporation","Description":"Cryptographic Service Provider API","FileVersion":"10.0.19041.3636 (WinBuild.160101.0800)","Hashes":"MD5=96848D64C8A1F38149722D97397D29C3,SHA256=08B2D7415123D1A4A90BC64BC708B23A9D8C2D4ADECBB12F102693397C8D87EF,IMPHASH=A9B9D04D0B53DC48ABB37BE77AD01B55","Image":"C:\\Windows\\WinSxS\\amd64_microsoft-windows-servicingstack_31bf3856ad364e35_10.0.19041.4950_none_7dd913727cb4d87c\\TiWorker.exe","ImageLoaded":"C:\\Windows\\System32\\cryptsp.dll","OriginalFileName":"cryptsp.dll","ProcessGuid":"{7b34ed3d-9190-673c-9e01-000000000b00}","ProcessId":"1412","Product":"Microsoft® Windows® Operating System","RuleName":"-","Signature":"Microsoft Windows","SignatureStatus":"Valid","Signed":"true","User":"NT AUTHORITY\\SYSTEM","UtcTime":"2024-11-19 13:24:32.101"},"EventId":"7","Image":"C:\\Windows\\WinSxS\\amd64_microsoft-windows-servicingstack_31bf3856ad364e35_10.0.19041.4950_none_7dd913727cb4d87c\\TiWorker.exe","timestamp":"2024-11-19 13:23:47"},{"EventData":{"Company":"Microsoft Corporation","Description":"Userenv","FileVersion":"10.0.19041.4355 (WinBuild.160101.0800)","Hashes":"MD5=7E597E43EB42D685DC74535D9D2EF692,SHA256=D0DA2E1FD687F1E9AE3BC16483007140356A06C32106660C145C7DA854F87566,IMPHASH=0C097119893D6CCBCF7462E167C56900","Image":"C:\\Windows\\WinSxS\\amd64_microsoft-windows-servicingstack_31bf3856ad364e35_10.0.19041.4950_none_7dd913727cb4d87c\\TiWorker.exe","ImageLoaded":"C:\\Windows\\System32\\userenv.dll","OriginalFileName":"userenv.dll","ProcessGuid":"{7b34ed3d-9190-673c-9e01-000000000b00}","ProcessId":"1412","Product":"Microsoft® Windows® Operating System","RuleName":"-","Signature":"Microsoft Windows","SignatureStatus":"Valid","Signed":"true","User":"NT AUTHORITY\\SYSTEM","UtcTime":"2024-11-19 13:24:32.101"},"EventId":"7","Image":"C:\\Windows\\WinSxS\\amd64_microsoft-windows-servicingstack_31bf3856ad364e35_10.0.19041.4950_none_7dd913727cb4d87c\\TiWorker.exe","timestamp":"2024-11-19 13:23:47"},{"EventData":{"Company":"Microsoft Corporation","Description":"ASN.1 Runtime APIs","FileVersion":"10.0.19041.3636 (WinBuild.160101.0800)","Hashes":"MD5=AB9535AEBFD8DED1BA9743A1A33C8344,SHA256=A40B90479BEF00F51B15E02D8CCE799A15248237EB68E73A2732C0FA8461BBB6,IMPHASH=F79599CA729D557E0381EC0A41471A27","Image":"C:\\Windows\\WinSxS\\amd64_microsoft-windows-servicingstack_31bf3856ad364e35_10.0.19041.4950_none_7dd913727cb4d87c\\TiWorker.exe","ImageLoaded":"C:\\Windows\\System32\\msasn1.dll","OriginalFileName":"msasn1.dll","ProcessGuid":"{7b34ed3d-9190-673c-9e01-000000000b00}","ProcessId":"1412","Product":"Microsoft® Windows® Operating System","RuleName":"-","Signature":"Microsoft Windows","SignatureStatus":"Valid","Signed":"true","User":"NT AUTHORITY\\SYSTEM","UtcTime":"2024-11-19 13:24:32.101"},"EventId":"7","Image":"C:\\Windows\\WinSxS\\amd64_microsoft-windows-servicingstack_31bf3856ad364e35_10.0.19041.4950_none_7dd913727cb4d87c\\TiWorker.exe","timestamp":"2024-11-19 13:23:47"},{"EventData":{"Company":"Microsoft Corporation","Description":"Microsoft(R) Delta Package Expander","FileVersion":"10.0.19041.4950 (WinBuild.160101.0800)","Hashes":"MD5=7199030BAAA103522DFEC7A50E8045EF,SHA256=D8588CE920777E6E1CFF25C319F96B356450A9EA1953C826240DF162DA583514,IMPHASH=5D1F71F36E7D3779A6599514BDCF59C2","Image":"C:\\Windows\\WinSxS\\amd64_microsoft-windows-servicingstack_31bf3856ad364e35_10.0.19041.4950_none_7dd913727cb4d87c\\TiWorker.exe","ImageLoaded":"C:\\Windows\\WinSxS\\amd64_microsoft-windows-servicingstack_31bf3856ad364e35_10.0.19041.4950_none_7dd913727cb4d87c\\dpx.dll","OriginalFileName":"dpx.dll","ProcessGuid":"{7b34ed3d-9190-673c-9e01-000000000b00}","ProcessId":"1412","Product":"Microsoft® Windows® Operating System","RuleName":"-","Signature":"Microsoft Windows","SignatureStatus":"Valid","Signed":"true","User":"NT AUTHORITY\\SYSTEM","UtcTime":"2024-11-19 13:24:32.101"},"EventId":"7","Image":"C:\\Windows\\WinSxS\\amd64_microsoft-windows-servicingstack_31bf3856ad364e35_10.0.19041.4950_none_7dd913727cb4d87c\\TiWorker.exe","timestamp":"2024-11-19 13:23:47"},{"EventData":{"Company":"Microsoft Corporation","Description":"Windows Componentization Platform Servicing API","FileVersion":"10.0.19041.4950 (WinBuild.160101.0800)","Hashes":"MD5=4CA1D937938FAB4F5CAF42F645CD92A3,SHA256=64B7A0FC70E85DE5BB19BD777ADAD16E5866ACDAB504B2B04720208925E141DF,IMPHASH=A56DE06C3C1281F3F1FD561C2AB69204","Image":"C:\\Windows\\WinSxS\\amd64_microsoft-windows-servicingstack_31bf3856ad364e35_10.0.19041.4950_none_7dd913727cb4d87c\\TiWorker.exe","ImageLoaded":"C:\\Windows\\WinSxS\\amd64_microsoft-windows-servicingstack_31bf3856ad364e35_10.0.19041.4950_none_7dd913727cb4d87c\\wcp.dll","OriginalFileName":"wcp.dll","ProcessGuid":"{7b34ed3d-9190-673c-9e01-000000000b00}","ProcessId":"1412","Product":"Microsoft® Windows® Operating System","RuleName":"-","Signature":"Microsoft Windows","SignatureStatus":"Valid","Signed":"true","User":"NT AUTHORITY\\SYSTEM","UtcTime":"2024-11-19 13:24:32.101"},"EventId":"7","Image":"C:\\Windows\\WinSxS\\amd64_microsoft-windows-servicingstack_31bf3856ad364e35_10.0.19041.4950_none_7dd913727cb4d87c\\TiWorker.exe","timestamp":"2024-11-19 13:23:47"},{"EventData":{"Company":"Microsoft Corporation","Description":"Driver Servicing","FileVersion":"10.0.19041.4950 (WinBuild.160101.0800)","Hashes":"MD5=62196B24F3AC8133CC7AE7931B880D04,SHA256=A223D614B180AC697B8ADD062524AC1B23FAD3BC6D306E8961F16B1371D97462,IMPHASH=3B5256C7D1EAD0DF9A45CA1DCF1480D5","Image":"C:\\Windows\\WinSxS\\amd64_microsoft-windows-servicingstack_31bf3856ad364e35_10.0.19041.4950_none_7dd913727cb4d87c\\TiWorker.exe","ImageLoaded":"C:\\Windows\\WinSxS\\amd64_microsoft-windows-servicingstack_31bf3856ad364e35_10.0.19041.4950_none_7dd913727cb4d87c\\drupdate.dll","OriginalFileName":"drupdate.dll","ProcessGuid":"{7b34ed3d-9190-673c-9e01-000000000b00}","ProcessId":"1412","Product":"Microsoft® Windows® Operating System","RuleName":"-","Signature":"Microsoft Windows","SignatureStatus":"Valid","Signed":"true","User":"NT AUTHORITY\\SYSTEM","UtcTime":"2024-11-19 13:24:32.101"},"EventId":"7","Image":"C:\\Windows\\WinSxS\\amd64_microsoft-windows-servicingstack_31bf3856ad364e35_10.0.19041.4950_none_7dd913727cb4d87c\\TiWorker.exe","timestamp":"2024-11-19 13:23:47"},{"EventData":{"Company":"Microsoft Corporation","Description":"Configuration Manager DLL","FileVersion":"10.0.19041.3996 (WinBuild.160101.0800)","Hashes":"MD5=F90B57D5BBD5A484D2B60020B1C299E8,SHA256=7FEFD329B398827D6BABF33973EAA2C0DC580FE1F3B291EFA4793E795E4DF8FA,IMPHASH=80B33C2BA2398A7ADF65B746E21F8E1F","Image":"C:\\Windows\\WinSxS\\amd64_microsoft-windows-servicingstack_31bf3856ad364e35_10.0.19041.4950_none_7dd913727cb4d87c\\TiWorker.exe","ImageLoaded":"C:\\Windows\\System32\\cfgmgr32.dll","OriginalFileName":"CFGMGR32.DLL","ProcessGuid":"{7b34ed3d-9190-673c-9e01-000000000b00}","ProcessId":"1412","Product":"Microsoft® Windows® Operating System","RuleName":"-","Signature":"Microsoft Windows","SignatureStatus":"Valid","Signed":"true","User":"NT AUTHORITY\\SYSTEM","UtcTime":"2024-11-19 13:24:32.101"},"EventId":"7","Image":"C:\\Windows\\WinSxS\\amd64_microsoft-windows-servicingstack_31bf3856ad364e35_10.0.19041.4950_none_7dd913727cb4d87c\\TiWorker.exe","timestamp":"2024-11-19 13:23:47"},{"EventData":{"Company":"Microsoft Corporation","Description":"Microsoft® Windows System Restore Client Library","FileVersion":"10.0.19041.4957 (WinBuild.160101.0800)","Hashes":"MD5=C26C71641BED137DF69F6A76649E254E,SHA256=E45A7C5C250245D62F079E082D305EAA6594E7AAAA6078AF278F7C1A564B6165,IMPHASH=8588418DE0D99A4079D0A18C0E5D9D47","Image":"C:\\Windows\\WinSxS\\amd64_microsoft-windows-servicingstack_31bf3856ad364e35_10.0.19041.4950_none_7dd913727cb4d87c\\TiWorker.exe","ImageLoaded":"C:\\Windows\\System32\\srclient.dll","OriginalFileName":"srclient.dll","ProcessGuid":"{7b34ed3d-9190-673c-9e01-000000000b00}","ProcessId":"1412","Product":"Microsoft® Windows® Operating System","RuleName":"-","Signature":"Microsoft Windows","SignatureStatus":"Valid","Signed":"true","User":"NT AUTHORITY\\SYSTEM","UtcTime":"2024-11-19 13:24:32.117"},"EventId":"7","Image":"C:\\Windows\\WinSxS\\amd64_microsoft-windows-servicingstack_31bf3856ad364e35_10.0.19041.4950_none_7dd913727cb4d87c\\TiWorker.exe","timestamp":"2024-11-19 13:23:47"},{"EventData":{"Company":"Microsoft Corporation","Description":"Microsoft OLE for Windows","FileVersion":"10.0.19041.4355 (WinBuild.160101.0800)","Hashes":"MD5=9B9AA2F761F9C96F1C8D7B6AC6F918F6,SHA256=2FF2022FFD19510AC7568719370DF4C3D6912EDBE70B47EB8A990B47E878D1E2,IMPHASH=8AAA85769E58DB82D102F2934F676756","Image":"C:\\Windows\\WinSxS\\amd64_microsoft-windows-servicingstack_31bf3856ad364e35_10.0.19041.4950_none_7dd913727cb4d87c\\TiWorker.exe","ImageLoaded":"C:\\Windows\\System32\\ole32.dll","OriginalFileName":"OLE32.DLL","ProcessGuid":"{7b34ed3d-9190-673c-9e01-000000000b00}","ProcessId":"1412","Product":"Microsoft® Windows® Operating System","RuleName":"-","Signature":"Microsoft Windows","SignatureStatus":"Valid","Signed":"true","User":"NT AUTHORITY\\SYSTEM","UtcTime":"2024-11-19 13:24:32.117"},"EventId":"7","Image":"C:\\Windows\\WinSxS\\amd64_microsoft-windows-servicingstack_31bf3856ad364e35_10.0.19041.4950_none_7dd913727cb4d87c\\TiWorker.exe","timestamp":"2024-11-19 13:23:48"},{"EventData":{"Company":"Microsoft Corporation","Description":"GDI Client DLL","FileVersion":"10.0.19041.4474 (WinBuild.160101.0800)","Hashes":"MD5=D9B128DFEE53ED802F24E9004918EDD2,SHA256=A2E4CA9C9C43D94D297031CC5FB6504512A29C7F9B84493B3BE270B74525EC5C,IMPHASH=97E1011CB70811A4C387BADE9741BE4B","Image":"C:\\Windows\\WinSxS\\amd64_microsoft-windows-servicingstack_31bf3856ad364e35_10.0.19041.4950_none_7dd913727cb4d87c\\TiWorker.exe","ImageLoaded":"C:\\Windows\\System32\\gdi32.dll","OriginalFileName":"gdi32","ProcessGuid":"{7b34ed3d-9190-673c-9e01-000000000b00}","ProcessId":"1412","Product":"Microsoft® Windows® Operating System","RuleName":"-","Signature":"Microsoft Windows","SignatureStatus":"Valid","Signed":"true","User":"NT AUTHORITY\\SYSTEM","UtcTime":"2024-11-19 13:24:32.117"},"EventId":"7","Image":"C:\\Windows\\WinSxS\\amd64_microsoft-windows-servicingstack_31bf3856ad364e35_10.0.19041.4950_none_7dd913727cb4d87c\\TiWorker.exe","timestamp":"2024-11-19 13:23:48"},{"EventData":{"Company":"Microsoft Corporation","Description":"Win32u","FileVersion":"10.0.19041.5007 (WinBuild.160101.0800)","Hashes":"MD5=E4035BCF442DEA956DC35270A09894BE,SHA256=462679A4841DE67060F40ACC037E221F4EF64A71E91FB6CD7C5F5B89C4AF7F38,IMPHASH=00000000000000000000000000000000","Image":"C:\\Windows\\WinSxS\\amd64_microsoft-windows-servicingstack_31bf3856ad364e35_10.0.19041.4950_none_7dd913727cb4d87c\\TiWorker.exe","ImageLoaded":"C:\\Windows\\System32\\win32u.dll","OriginalFileName":"Win32u.DLL","ProcessGuid":"{7b34ed3d-9190-673c-9e01-000000000b00}","ProcessId":"1412","Product":"Microsoft® Windows® Operating System","RuleName":"-","Signature":"Microsoft Windows","SignatureStatus":"Valid","Signed":"true","User":"NT AUTHORITY\\SYSTEM","UtcTime":"2024-11-19 13:24:32.117"},"EventId":"7","Image":"C:\\Windows\\WinSxS\\amd64_microsoft-windows-servicingstack_31bf3856ad364e35_10.0.19041.4950_none_7dd913727cb4d87c\\TiWorker.exe","timestamp":"2024-11-19 13:23:48"},{"EventData":{"Company":"Microsoft Corporation","Description":"GDI Client DLL","FileVersion":"10.0.19041.4957 (WinBuild.160101.0800)","Hashes":"MD5=C176045307F7D7B169FEE725693B1C13,SHA256=84B693A8F8838446169455B403F8CB75AF0D89BEFB7BCF9BE22405B6C9DF4695,IMPHASH=8B2A00C9D762BCEE41880B014BAF103D","Image":"C:\\Windows\\WinSxS\\amd64_microsoft-windows-servicingstack_31bf3856ad364e35_10.0.19041.4950_none_7dd913727cb4d87c\\TiWorker.exe","ImageLoaded":"C:\\Windows\\System32\\gdi32full.dll","OriginalFileName":"gdi32","ProcessGuid":"{7b34ed3d-9190-673c-9e01-000000000b00}","ProcessId":"1412","Product":"Microsoft® Windows® Operating System","RuleName":"-","Signature":"Microsoft Windows","SignatureStatus":"Valid","Signed":"true","User":"NT AUTHORITY\\SYSTEM","UtcTime":"2024-11-19 13:24:32.117"},"EventId":"7","Image":"C:\\Windows\\WinSxS\\amd64_microsoft-windows-servicingstack_31bf3856ad364e35_10.0.19041.4950_none_7dd913727cb4d87c\\TiWorker.exe","timestamp":"2024-11-19 13:23:48"},{"EventData":{"Company":"Microsoft Corporation","Description":"Microsoft® Windows Shared Protection Point Library","FileVersion":"10.0.19041.3636 (WinBuild.160101.0800)","Hashes":"MD5=F56CC3EC8E4A7B256C1B26665925D142,SHA256=706A6197C06EB092F495421176E1EBBF69A6FFC58A8FA91A50CA1B8B7437242D,IMPHASH=246018766392FD03712A622EF4C405D6","Image":"C:\\Windows\\WinSxS\\amd64_microsoft-windows-servicingstack_31bf3856ad364e35_10.0.19041.4950_none_7dd913727cb4d87c\\TiWorker.exe","ImageLoaded":"C:\\Windows\\System32\\spp.dll","OriginalFileName":"spp.dll","ProcessGuid":"{7b34ed3d-9190-673c-9e01-000000000b00}","ProcessId":"1412","Product":"Microsoft® Windows® Operating System","RuleName":"-","Signature":"Microsoft Windows","SignatureStatus":"Valid","Signed":"true","User":"NT AUTHORITY\\SYSTEM","UtcTime":"2024-11-19 13:24:32.117"},"EventId":"7","Image":"C:\\Windows\\WinSxS\\amd64_microsoft-windows-servicingstack_31bf3856ad364e35_10.0.19041.4950_none_7dd913727cb4d87c\\TiWorker.exe","timestamp":"2024-11-19 13:23:48"},{"EventData":{"Company":"Microsoft Corporation","Description":"Multi-User Windows USER API Client DLL","FileVersion":"10.0.19041.4717 (WinBuild.160101.0800)","Hashes":"MD5=69D72A21D743029EBF6B61F9BD856D3A,SHA256=8DBC0E66B480969AB6B9A802105376B4EB18481502BCEA7CADDC87BF3E707C33,IMPHASH=5379EA8CE720F2CFBDD7282672C7CF66","Image":"C:\\Windows\\WinSxS\\amd64_microsoft-windows-servicingstack_31bf3856ad364e35_10.0.19041.4950_none_7dd913727cb4d87c\\TiWorker.exe","ImageLoaded":"C:\\Windows\\System32\\user32.dll","OriginalFileName":"user32","ProcessGuid":"{7b34ed3d-9190-673c-9e01-000000000b00}","ProcessId":"1412","Product":"Microsoft® Windows® Operating System","RuleName":"-","Signature":"Microsoft Windows","SignatureStatus":"Valid","Signed":"true","User":"NT AUTHORITY\\SYSTEM","UtcTime":"2024-11-19 13:24:32.117"},"EventId":"7","Image":"C:\\Windows\\WinSxS\\amd64_microsoft-windows-servicingstack_31bf3856ad364e35_10.0.19041.4950_none_7dd913727cb4d87c\\TiWorker.exe","timestamp":"2024-11-19 13:23:48"},{"EventData":{"Company":"Microsoft Corporation","Description":"Multi-User Windows USER API Client DLL","FileVersion":"10.0.19041.4717 (WinBuild.160101.0800)","Hashes":"MD5=69D72A21D743029EBF6B61F9BD856D3A,SHA256=8DBC0E66B480969AB6B9A802105376B4EB18481502BCEA7CADDC87BF3E707C33,IMPHASH=5379EA8CE720F2CFBDD7282672C7CF66","Image":"C:\\Windows\\WinSxS\\amd64_microsoft-windows-servicingstack_31bf3856ad364e35_10.0.19041.4950_none_7dd913727cb4d87c\\TiWorker.exe","ImageLoaded":"C:\\Windows\\System32\\user32.dll","OriginalFileName":"user32","ProcessGuid":"{7b34ed3d-9190-673c-9e01-000000000b00}","ProcessId":"1412","Product":"Microsoft® Windows® Operating System","RuleName":"-","Signature":"Microsoft Windows","SignatureStatus":"Valid","Signed":"true","User":"NT AUTHORITY\\SYSTEM","UtcTime":"2024-11-19 13:24:32.117"},"EventId":"7","Image":"C:\\Windows\\WinSxS\\amd64_microsoft-windows-servicingstack_31bf3856ad364e35_10.0.19041.4950_none_7dd913727cb4d87c\\TiWorker.exe","timestamp":"2024-11-19 13:23:48"},{"EventData":{"Company":"Microsoft Corporation","Description":"Power Profile Helper DLL","FileVersion":"10.0.19041.3636 (WinBuild.160101.0800)","Hashes":"MD5=5E5616CADB11C91CFBADB7C54468A89E,SHA256=D345BA79F99D3AE766875F147FB30E23114E3AB66DAF05BB622D9D0437392641,IMPHASH=1767FC1F6BC4E7E9EA7A40C5731B08E9","Image":"C:\\Windows\\WinSxS\\amd64_microsoft-windows-servicingstack_31bf3856ad364e35_10.0.19041.4950_none_7dd913727cb4d87c\\TiWorker.exe","ImageLoaded":"C:\\Windows\\System32\\powrprof.dll","OriginalFileName":"POWRPROF.DLL","ProcessGuid":"{7b34ed3d-9190-673c-9e01-000000000b00}","ProcessId":"1412","Product":"Microsoft® Windows® Operating System","RuleName":"-","Signature":"Microsoft Windows","SignatureStatus":"Valid","Signed":"true","User":"NT AUTHORITY\\SYSTEM","UtcTime":"2024-11-19 13:24:32.117"},"EventId":"7","Image":"C:\\Windows\\WinSxS\\amd64_microsoft-windows-servicingstack_31bf3856ad364e35_10.0.19041.4950_none_7dd913727cb4d87c\\TiWorker.exe","timestamp":"2024-11-19 13:23:48"},{"EventData":{"Company":"Microsoft Corporation","Description":"Microsoft® Volume Shadow Copy Requestor/Writer Services API DLL","FileVersion":"10.0.19041.4355 (WinBuild.160101.0800)","Hashes":"MD5=BE145726F90A45BF5FD7E421182CAE04,SHA256=8EF41D7A63C3E835D3C987368B1B8594284698B5B3E1DB374EE0D828897C384F,IMPHASH=2D6AB4BE0895E18F906975049D810B7D","Image":"C:\\Windows\\WinSxS\\amd64_microsoft-windows-servicingstack_31bf3856ad364e35_10.0.19041.4950_none_7dd913727cb4d87c\\TiWorker.exe","ImageLoaded":"C:\\Windows\\System32\\vssapi.dll","OriginalFileName":"VSSAPI.DLL","ProcessGuid":"{7b34ed3d-9190-673c-9e01-000000000b00}","ProcessId":"1412","Product":"Microsoft® Windows® Operating System","RuleName":"-","Signature":"Microsoft Windows","SignatureStatus":"Valid","Signed":"true","User":"NT AUTHORITY\\SYSTEM","UtcTime":"2024-11-19 13:24:32.117"},"EventId":"7","Image":"C:\\Windows\\WinSxS\\amd64_microsoft-windows-servicingstack_31bf3856ad364e35_10.0.19041.4950_none_7dd913727cb4d87c\\TiWorker.exe","timestamp":"2024-11-19 13:23:48"},{"EventData":{"Company":"Microsoft Corporation","Description":"Windows Socket 2.0 32-Bit DLL","FileVersion":"10.0.19041.3636 (WinBuild.160101.0800)","Hashes":"MD5=5DEA93CF25DC0FA1E087CF384FD7EAB6,SHA256=5E9857A80A301AD21D0E0A0928A4FF2B5360C305A97BFC88886E3B686BF8D503,IMPHASH=6EEE61EF7874AA59D1A3452C72E61D5C","Image":"C:\\Windows\\WinSxS\\amd64_microsoft-windows-servicingstack_31bf3856ad364e35_10.0.19041.4950_none_7dd913727cb4d87c\\TiWorker.exe","ImageLoaded":"C:\\Windows\\System32\\ws2_32.dll","OriginalFileName":"ws2_32.dll","ProcessGuid":"{7b34ed3d-9190-673c-9e01-000000000b00}","ProcessId":"1412","Product":"Microsoft® Windows® Operating System","RuleName":"-","Signature":"Microsoft Windows","SignatureStatus":"Valid","Signed":"true","User":"NT AUTHORITY\\SYSTEM","UtcTime":"2024-11-19 13:24:32.117"},"EventId":"7","Image":"C:\\Windows\\WinSxS\\amd64_microsoft-windows-servicingstack_31bf3856ad364e35_10.0.19041.4950_none_7dd913727cb4d87c\\TiWorker.exe","timestamp":"2024-11-19 13:23:48"},{"EventData":{"Company":"Microsoft Corporation","Description":"Microsoft® Volume Shadow Copy Service Tracing Library","FileVersion":"10.0.19041.3636 (WinBuild.160101.0800)","Hashes":"MD5=91EB5A566AE8A043C03BCE73FF463CD1,SHA256=B4C9EC87A871382B3447C7906FF266D8DAECBD812DB65387B1E01D0A6C0D4A6D,IMPHASH=0130390D84872DE284D7472944804E18","Image":"C:\\Windows\\WinSxS\\amd64_microsoft-windows-servicingstack_31bf3856ad364e35_10.0.19041.4950_none_7dd913727cb4d87c\\TiWorker.exe","ImageLoaded":"C:\\Windows\\System32\\vsstrace.dll","OriginalFileName":"vsstrace.dll","ProcessGuid":"{7b34ed3d-9190-673c-9e01-000000000b00}","ProcessId":"1412","Product":"Microsoft® Windows® Operating System","RuleName":"-","Signature":"Microsoft Windows","SignatureStatus":"Valid","Signed":"true","User":"NT AUTHORITY\\SYSTEM","UtcTime":"2024-11-19 13:24:32.117"},"EventId":"7","Image":"C:\\Windows\\WinSxS\\amd64_microsoft-windows-servicingstack_31bf3856ad364e35_10.0.19041.4950_none_7dd913727cb4d87c\\TiWorker.exe","timestamp":"2024-11-19 13:23:48"},{"EventData":{"Company":"-","Description":"-","FileVersion":"-","Hashes":"MD5=C836A39340A6981FF4EE71E8903DF93B,SHA256=52149A7FEE76E2022A8B71467B512073C0AC3B10AC763F232ADFB38F69AE057C,IMPHASH=171C26BD72218E670B2C74DB98A744AB","Image":"C:\\Windows\\WinSxS\\amd64_microsoft-windows-servicingstack_31bf3856ad364e35_10.0.19041.4950_none_7dd913727cb4d87c\\TiWorker.exe","ImageLoaded":"C:\\Windows\\System32\\umpdc.dll","OriginalFileName":"-","ProcessGuid":"{7b34ed3d-9190-673c-9e01-000000000b00}","ProcessId":"1412","Product":"-","RuleName":"-","Signature":"Microsoft Windows","SignatureStatus":"Valid","Signed":"true","User":"NT AUTHORITY\\SYSTEM","UtcTime":"2024-11-19 13:24:32.117"},"EventId":"7","Image":"C:\\Windows\\WinSxS\\amd64_microsoft-windows-servicingstack_31bf3856ad364e35_10.0.19041.4950_none_7dd913727cb4d87c\\TiWorker.exe","timestamp":"2024-11-19 13:23:48"},{"EventData":{"Company":"Microsoft Corporation","Description":"Microsoft Patch Engine","FileVersion":"5.00 (WinBuild.160101.0800)","Hashes":"MD5=62350066FC7B4DA05F4BCBA10CB93903,SHA256=44F5DFA1F55C889C93CC2582BB2D2A96A46EE236DF03008C4561DBD572051816,IMPHASH=0548E8ADEC11479E5325E559ACB52553","Image":"C:\\Windows\\WinSxS\\amd64_microsoft-windows-servicingstack_31bf3856ad364e35_10.0.19041.4950_none_7dd913727cb4d87c\\TiWorker.exe","ImageLoaded":"C:\\Windows\\WinSxS\\amd64_microsoft-windows-servicingstack_31bf3856ad364e35_10.0.19041.4950_none_7dd913727cb4d87c\\msdelta.dll","OriginalFileName":"msdelta.dll","ProcessGuid":"{7b34ed3d-9190-673c-9e01-000000000b00}","ProcessId":"1412","Product":"Microsoft® Windows® Operating System","RuleName":"-","Signature":"Microsoft Windows","SignatureStatus":"Valid","Signed":"true","User":"NT AUTHORITY\\SYSTEM","UtcTime":"2024-11-19 13:24:32.821"},"EventId":"7","Image":"C:\\Windows\\WinSxS\\amd64_microsoft-windows-servicingstack_31bf3856ad364e35_10.0.19041.4950_none_7dd913727cb4d87c\\TiWorker.exe","timestamp":"2024-11-19 13:23:48"},{"EventData":{"Company":"Microsoft Corporation","Description":"Microsoft® Cabinet File API","FileVersion":"5.00 (WinBuild.160101.0800)","Hashes":"MD5=A83504D6C9B698834C0EE0923BBFCDB3,SHA256=BC99C4959E74204BD03F02E097E52051650FD17D1CD6DB0055F75B5E3088C138,IMPHASH=43089E1FD23B10D2778868432FE3423A","Image":"C:\\Windows\\WinSxS\\amd64_microsoft-windows-servicingstack_31bf3856ad364e35_10.0.19041.4950_none_7dd913727cb4d87c\\TiWorker.exe","ImageLoaded":"C:\\Windows\\System32\\cabinet.dll","OriginalFileName":"cabinet.dll","ProcessGuid":"{7b34ed3d-9190-673c-9e01-000000000b00}","ProcessId":"1412","Product":"Microsoft® Windows® Operating System","RuleName":"-","Signature":"Microsoft Windows","SignatureStatus":"Valid","Signed":"true","User":"NT AUTHORITY\\SYSTEM","UtcTime":"2024-11-19 13:24:32.821"},"EventId":"7","Image":"C:\\Windows\\WinSxS\\amd64_microsoft-windows-servicingstack_31bf3856ad364e35_10.0.19041.4950_none_7dd913727cb4d87c\\TiWorker.exe","timestamp":"2024-11-19 13:23:48"},{"EventData":{"Company":"Microsoft Corporation","Description":"AppModel API Host","FileVersion":"10.0.19041.3758 (WinBuild.160101.0800)","Hashes":"MD5=7402B27BCB9D703A0603013F361FD773,SHA256=ABFF38D9EFACA07602ACC2A31775F8790AC720261842DBB6D7D9E1A46BBA91F8,IMPHASH=C24B24FA5FB3285D15231007B6E54465","Image":"C:\\Windows\\SoftwareDistribution\\Download\\Install\\AM_Delta.exe","ImageLoaded":"C:\\Windows\\System32\\kernel.appcore.dll","OriginalFileName":"kernel.appcore.dll","ProcessGuid":"{7b34ed3d-9177-673c-9b01-000000000b00}","ProcessId":"7976","Product":"Microsoft® Windows® Operating System","RuleName":"-","Signature":"Microsoft Windows","SignatureStatus":"Valid","Signed":"true","User":"NT AUTHORITY\\SYSTEM","UtcTime":"2024-11-19 13:24:33.367"},"EventId":"7","Image":"C:\\Windows\\SoftwareDistribution\\Download\\Install\\AM_Delta.exe","timestamp":"2024-11-19 13:23:49"},{"EventData":{"Company":"Microsoft Corporation","Description":"Windows Notifications Dynamic Link Library","FileVersion":"10.0.19041.1 (WinBuild.160101.0800)","Hashes":"MD5=BC4A2266921716C36AE3597CA1A9B7E3,SHA256=E9899E73C667135E752CA39AAF00321D92E65DFA83A46ECBC2C232F49E26F035,IMPHASH=FDC3937F1E8E8A9FFEB8E7949870CFCF","Image":"C:\\Windows\\servicing\\TrustedInstaller.exe","ImageLoaded":"C:\\Windows\\System32\\sysntfy.dll","OriginalFileName":"SysNtfy.dll","ProcessGuid":"{7b34ed3d-918f-673c-9d01-000000000b00}","ProcessId":"4564","Product":"Microsoft® Windows® Operating System","RuleName":"-","Signature":"Microsoft Windows","SignatureStatus":"Valid","Signed":"true","User":"NT AUTHORITY\\SYSTEM","UtcTime":"2024-11-19 13:24:39.462"},"EventId":"7","Image":"C:\\Windows\\servicing\\TrustedInstaller.exe","timestamp":"2024-11-19 13:23:55"},{"EventData":{"Company":"Microsoft Corporation","Description":"Software Licensing Client Dll","FileVersion":"10.0.19041.3636 (WinBuild.160101.0800)","Hashes":"MD5=45763098A356EB3A2934BF9D7DA78701,SHA256=8628E22850356640D33E5CBD7F4A5699785C3792131C9E7D9A37352B1B2D9CB7,IMPHASH=B7AB43A52162A8858B92F9B15FBCBD45","Image":"C:\\Windows\\WinSxS\\amd64_microsoft-windows-servicingstack_31bf3856ad364e35_10.0.19041.4950_none_7dd913727cb4d87c\\TiWorker.exe","ImageLoaded":"C:\\Windows\\System32\\slc.dll","OriginalFileName":"slc.dll","ProcessGuid":"{7b34ed3d-9190-673c-9e01-000000000b00}","ProcessId":"1412","Product":"Microsoft® Windows® Operating System","RuleName":"-","Signature":"Microsoft Windows","SignatureStatus":"Valid","Signed":"true","User":"NT AUTHORITY\\SYSTEM","UtcTime":"2024-11-19 13:24:41.570"},"EventId":"7","Image":"C:\\Windows\\WinSxS\\amd64_microsoft-windows-servicingstack_31bf3856ad364e35_10.0.19041.4950_none_7dd913727cb4d87c\\TiWorker.exe","timestamp":"2024-11-19 13:23:57"},{"EventData":{"Company":"Microsoft Corporation","Description":"Software Licensing Client Dll","FileVersion":"10.0.19041.3636 (WinBuild.160101.0800)","Hashes":"MD5=0120A053EB664D8C75899D0780BD96D7,SHA256=39E78EEFA7B9B1FCE2438A0C7C37D5A1AA32546DFE0C090408A4FD9A3705166F,IMPHASH=1A4359CD3755875B2005745DB9522E80","Image":"C:\\Windows\\WinSxS\\amd64_microsoft-windows-servicingstack_31bf3856ad364e35_10.0.19041.4950_none_7dd913727cb4d87c\\TiWorker.exe","ImageLoaded":"C:\\Windows\\System32\\sppc.dll","OriginalFileName":"sppc.dll","ProcessGuid":"{7b34ed3d-9190-673c-9e01-000000000b00}","ProcessId":"1412","Product":"Microsoft® Windows® Operating System","RuleName":"-","Signature":"Microsoft Windows","SignatureStatus":"Valid","Signed":"true","User":"NT AUTHORITY\\SYSTEM","UtcTime":"2024-11-19 13:24:41.570"},"EventId":"7","Image":"C:\\Windows\\WinSxS\\amd64_microsoft-windows-servicingstack_31bf3856ad364e35_10.0.19041.4950_none_7dd913727cb4d87c\\TiWorker.exe","timestamp":"2024-11-19 13:23:57"},{"EventData":{"Company":"Microsoft Corporation","Description":"SMI Primitive Installer","FileVersion":"10.0.19041.4950 (WinBuild.160101.0800)","Hashes":"MD5=00226C89375673D2A6698E6AA3064BC1,SHA256=D1FB3C432B0AB2D2715F51F5302507F39BECA34A517D8C480A4A2B653137F4B9,IMPHASH=B530D69E4F0B324CEA1C175B8CF2C415","Image":"C:\\Windows\\WinSxS\\amd64_microsoft-windows-servicingstack_31bf3856ad364e35_10.0.19041.4950_none_7dd913727cb4d87c\\TiWorker.exe","ImageLoaded":"C:\\Windows\\WinSxS\\amd64_microsoft-windows-servicingstack_31bf3856ad364e35_10.0.19041.4950_none_7dd913727cb4d87c\\smipi.dll","OriginalFileName":"smiPI.dll","ProcessGuid":"{7b34ed3d-9190-673c-9e01-000000000b00}","ProcessId":"1412","Product":"Microsoft® Windows® Operating System","RuleName":"-","Signature":"Microsoft Windows","SignatureStatus":"Valid","Signed":"true","User":"NT AUTHORITY\\SYSTEM","UtcTime":"2024-11-19 13:25:10.773"},"EventId":"7","Image":"C:\\Windows\\WinSxS\\amd64_microsoft-windows-servicingstack_31bf3856ad364e35_10.0.19041.4950_none_7dd913727cb4d87c\\TiWorker.exe","timestamp":"2024-11-19 13:24:26"},{"EventData":{"Company":"Microsoft Corporation","Description":"WMI Configuration Core","FileVersion":"10.0.19041.4950 (WinBuild.160101.0800)","Hashes":"MD5=6E6816D22206F1853F4F72DC74D80DF7,SHA256=1163855F1D043895D96B0154A449E313074FF853396CE0372BD8AC9774B9E5CF,IMPHASH=74E327E6F191ADDA055B3EB4AC0D0807","Image":"C:\\Windows\\WinSxS\\amd64_microsoft-windows-servicingstack_31bf3856ad364e35_10.0.19041.4950_none_7dd913727cb4d87c\\TiWorker.exe","ImageLoaded":"C:\\Windows\\WinSxS\\amd64_microsoft-windows-servicingstack_31bf3856ad364e35_10.0.19041.4950_none_7dd913727cb4d87c\\smiengine.dll","OriginalFileName":"SmiEngine.dll","ProcessGuid":"{7b34ed3d-9190-673c-9e01-000000000b00}","ProcessId":"1412","Product":"Microsoft® Windows® Operating System","RuleName":"-","Signature":"Microsoft Windows","SignatureStatus":"Valid","Signed":"true","User":"NT AUTHORITY\\SYSTEM","UtcTime":"2024-11-19 13:25:10.820"},"EventId":"7","Image":"C:\\Windows\\WinSxS\\amd64_microsoft-windows-servicingstack_31bf3856ad364e35_10.0.19041.4950_none_7dd913727cb4d87c\\TiWorker.exe","timestamp":"2024-11-19 13:24:26"},{"EventData":{"Company":"Microsoft Corporation","Description":"Microsoft Enhanced Cryptographic Provider","FileVersion":"10.0.19041.3636 (WinBuild.160101.0800)","Hashes":"MD5=1D0F6A30D716B5AB031DF16FAF13202D,SHA256=A5AD16C3D3E7949DFB1D0092834FB3BDCE215AB3E479A502130C47706F7D44F5,IMPHASH=A4C20B1A7B632846186AD47A0810709E","Image":"C:\\Windows\\WinSxS\\amd64_microsoft-windows-servicingstack_31bf3856ad364e35_10.0.19041.4950_none_7dd913727cb4d87c\\TiWorker.exe","ImageLoaded":"C:\\Windows\\System32\\rsaenh.dll","OriginalFileName":"rsaenh.dll","ProcessGuid":"{7b34ed3d-9190-673c-9e01-000000000b00}","ProcessId":"1412","Product":"Microsoft® Windows® Operating System","RuleName":"-","Signature":"Microsoft Windows","SignatureStatus":"Valid","Signed":"true","User":"NT AUTHORITY\\SYSTEM","UtcTime":"2024-11-19 13:25:18.586"},"EventId":"7","Image":"C:\\Windows\\WinSxS\\amd64_microsoft-windows-servicingstack_31bf3856ad364e35_10.0.19041.4950_none_7dd913727cb4d87c\\TiWorker.exe","timestamp":"2024-11-19 13:24:34"},{"EventData":{"Company":"Microsoft Corporation","Description":"Base cryptographic API DLL","FileVersion":"10.0.19041.3636 (WinBuild.160101.0800)","Hashes":"MD5=8E85AA14B1F14C5BEA42263B5A14DEDB,SHA256=F2904441A36AA3BB535E42A6AB2DCD004FD84564A0E5A85CC42C8A54AF6176D3,IMPHASH=947563122A564336B8FE403CBB94531C","Image":"C:\\Windows\\WinSxS\\amd64_microsoft-windows-servicingstack_31bf3856ad364e35_10.0.19041.4950_none_7dd913727cb4d87c\\TiWorker.exe","ImageLoaded":"C:\\Windows\\System32\\cryptbase.dll","OriginalFileName":"cryptbase.dll","ProcessGuid":"{7b34ed3d-9190-673c-9e01-000000000b00}","ProcessId":"1412","Product":"Microsoft® Windows® Operating System","RuleName":"-","Signature":"Microsoft Windows","SignatureStatus":"Valid","Signed":"true","User":"NT AUTHORITY\\SYSTEM","UtcTime":"2024-11-19 13:25:18.586"},"EventId":"7","Image":"C:\\Windows\\WinSxS\\amd64_microsoft-windows-servicingstack_31bf3856ad364e35_10.0.19041.4950_none_7dd913727cb4d87c\\TiWorker.exe","timestamp":"2024-11-19 13:24:34"}]