"2024-11-20 00:28:40","{'EventData':{'Image':'C:\\Users\\pparker\\Downloads\\DriverUpdate_1_2.exe','ProcessGuid':'{7b34ed3d-23cf-673d-b302-000000000b00}','ProcessId':'2920','RuleName':'-','User':'HOMELAB\\pparker','UtcTime':'2024-11-20 00:29:26.795'},'System':{'Channel':'Microsoft-Windows-Sysmon/Operational','Computer':'HL-WS04.HOMELAB.local','Correlation':'','EventID':'5','EventRecordID':'35675','Execution':{'ProcessID':'2052','ThreadID':'3948'},'Keywords':'0x8000000000000000','Level':'4','Opcode':'0','Provider':{'Guid':'{5770385f-c22a-43e0-bf4c-06f5698ffbd9}','Name':'Microsoft-Windows-Sysmon'},'Security':{'UserID':'S-1-5-18'},'Task':'5','TimeCreated':{'SystemTime':'2024-11-20T00:29:26.8051517Z'},'Version':'3','_event_id':'5'}}","{'Image':'C:\\Users\\pparker\\Downloads\\DriverUpdate_1_2.exe','ProcessGuid':'{7b34ed3d-23cf-673d-b302-000000000b00}','ProcessId':'2920','RuleName':'-','User':'HOMELAB\\pparker','UtcTime':'2024-11-20 00:29:26.795'}",,,,,,,,,,,,,,,"C:\Users\pparker\Downloads\DriverUpdate_1_2.exe",,,,,,,,,,,,"{7b34ed3d-23cf-673d-b302-000000000b00}","2920",,,"-",,,,,,,,,,,,"HOMELAB\pparker","2024-11-20 00:29:26.795","{'Channel':'Microsoft-Windows-Sysmon/Operational','Computer':'HL-WS04.HOMELAB.local','Correlation':'','EventID':'5','EventRecordID':'35675','Execution':{'ProcessID':'2052','ThreadID':'3948'},'Keywords':'0x8000000000000000','Level':'4','Opcode':'0','Provider':{'Guid':'{5770385f-c22a-43e0-bf4c-06f5698ffbd9}','Name':'Microsoft-Windows-Sysmon'},'Security':{'UserID':'S-1-5-18'},'Task':'5','TimeCreated':{'SystemTime':'2024-11-20T00:29:26.8051517Z'},'Version':'3','_event_id':'5'}","5","Microsoft-Windows-Sysmon/Operational","HL-WS04.HOMELAB.local","","5","35675","{'ProcessID':'2052','ThreadID':'3948'}","2052","3948","0x8000000000000000","4","0","{'Guid':'{5770385f-c22a-43e0-bf4c-06f5698ffbd9}','Name':'Microsoft-Windows-Sysmon'}","{5770385f-c22a-43e0-bf4c-06f5698ffbd9}","Microsoft-Windows-Sysmon","S-1-5-18","5","2024-11-20T00:29:26.8051517Z","3","{'arch':2,'did':'','event_id':'b690de4d-fe6d-49c2-8170-1dd467f2fefd','event_time':1732062520926,'event_type':'WEL','ext_ip':'108.171.103.70','hostname':'hl-ws04.homelab.local','iid':'7e99630d-d276-4169-bd11-c23115a848fa','int_ip':'10.100.100.133','moduleid':2,'oid':'27c3229e-7f58-40c8-ad1a-799ff00e1781','plat':268435456,'sid':'20884ef9-0b46-4a29-9d58-832837729b10','tags':['workstations'],'this':'427d1d91430e3fa5014a3472673d2d38'}",2,"","b690de4d-fe6d-49c2-8170-1dd467f2fefd",1732062520926,"WEL","108.171.103.70","hl-ws04.homelab.local","7e99630d-d276-4169-bd11-c23115a848fa","10.100.100.133",2,"27c3229e-7f58-40c8-ad1a-799ff00e1781",268435456,"20884ef9-0b46-4a29-9d58-832837729b10","['workstations']","427d1d91430e3fa5014a3472673d2d38"
"2024-11-20 00:16:49","{'EventData':{'CreationUtcTime':'2024-11-20 00:17:34.737','Image':'C:\\Users\\pparker\\Downloads\\DriverUpdate_1_2.exe','ProcessGuid':'{7b34ed3d-23cf-673d-b302-000000000b00}','ProcessId':'2920','RuleName':'-','TargetFilename':'C:\\Users\\pparker\\AppData\\Local\\Temp\\BVHGWmzbVJ.vbs','User':'HOMELAB\\pparker','UtcTime':'2024-11-20 00:17:34.737'},'System':{'Channel':'Microsoft-Windows-Sysmon/Operational','Computer':'HL-WS04.HOMELAB.local','Correlation':'','EventID':'11','EventRecordID':'26046','Execution':{'ProcessID':'2052','ThreadID':'3948'},'Keywords':'0x8000000000000000','Level':'4','Opcode':'0','Provider':{'Guid':'{5770385f-c22a-43e0-bf4c-06f5698ffbd9}','Name':'Microsoft-Windows-Sysmon'},'Security':{'UserID':'S-1-5-18'},'Task':'11','TimeCreated':{'SystemTime':'2024-11-20T00:17:34.7512412Z'},'Version':'2','_event_id':'11'}}","{'CreationUtcTime':'2024-11-20 00:17:34.737','Image':'C:\\Users\\pparker\\Downloads\\DriverUpdate_1_2.exe','ProcessGuid':'{7b34ed3d-23cf-673d-b302-000000000b00}','ProcessId':'2920','RuleName':'-','TargetFilename':'C:\\Users\\pparker\\AppData\\Local\\Temp\\BVHGWmzbVJ.vbs','User':'HOMELAB\\pparker','UtcTime':'2024-11-20 00:17:34.737'}",,,"2024-11-20 00:17:34.737",,,,,,,,,,,,"C:\Users\pparker\Downloads\DriverUpdate_1_2.exe",,,,,,,,,,,,"{7b34ed3d-23cf-673d-b302-000000000b00}","2920",,,"-",,,,,,,,,"C:\Users\pparker\AppData\Local\Temp\BVHGWmzbVJ.vbs",,,"HOMELAB\pparker","2024-11-20 00:17:34.737","{'Channel':'Microsoft-Windows-Sysmon/Operational','Computer':'HL-WS04.HOMELAB.local','Correlation':'','EventID':'11','EventRecordID':'26046','Execution':{'ProcessID':'2052','ThreadID':'3948'},'Keywords':'0x8000000000000000','Level':'4','Opcode':'0','Provider':{'Guid':'{5770385f-c22a-43e0-bf4c-06f5698ffbd9}','Name':'Microsoft-Windows-Sysmon'},'Security':{'UserID':'S-1-5-18'},'Task':'11','TimeCreated':{'SystemTime':'2024-11-20T00:17:34.7512412Z'},'Version':'2','_event_id':'11'}","11","Microsoft-Windows-Sysmon/Operational","HL-WS04.HOMELAB.local","","11","26046","{'ProcessID':'2052','ThreadID':'3948'}","2052","3948","0x8000000000000000","4","0","{'Guid':'{5770385f-c22a-43e0-bf4c-06f5698ffbd9}','Name':'Microsoft-Windows-Sysmon'}","{5770385f-c22a-43e0-bf4c-06f5698ffbd9}","Microsoft-Windows-Sysmon","S-1-5-18","11","2024-11-20T00:17:34.7512412Z","2","{'arch':2,'did':'','event_id':'c025d392-7f0c-4cf3-a6ad-e7c67e2ecaf0','event_time':1732061809743,'event_type':'WEL','ext_ip':'108.171.103.70','hostname':'hl-ws04.homelab.local','iid':'7e99630d-d276-4169-bd11-c23115a848fa','int_ip':'10.100.100.133','moduleid':2,'oid':'27c3229e-7f58-40c8-ad1a-799ff00e1781','plat':268435456,'sid':'20884ef9-0b46-4a29-9d58-832837729b10','tags':['workstations'],'this':'7cdad49a738de447932c0014673d2a71'}",2,"","c025d392-7f0c-4cf3-a6ad-e7c67e2ecaf0",1732061809743,"WEL","108.171.103.70","hl-ws04.homelab.local","7e99630d-d276-4169-bd11-c23115a848fa","10.100.100.133",2,"27c3229e-7f58-40c8-ad1a-799ff00e1781",268435456,"20884ef9-0b46-4a29-9d58-832837729b10","['workstations']","7cdad49a738de447932c0014673d2a71"
"2024-11-20 00:16:49","{'EventData':{'Details':'C:\\Users\\pparker\\AppData\\Local\\Temp\\BVHGWmzbVJ.vbs','EventType':'SetValue','Image':'C:\\Users\\pparker\\Downloads\\DriverUpdate_1_2.exe','ProcessGuid':'{7b34ed3d-23cf-673d-b302-000000000b00}','ProcessId':'2920','RuleName':'T1060,RunKey','TargetObject':'HKU\\S-1-5-21-4055086815-3706956271-1845752489-1106\\SOFTWARE\\Microsoft\\Windows\\CurrentVersion\\Run\\bqUPhMkK','User':'HOMELAB\\pparker','UtcTime':'2024-11-20 00:17:35.024'},'System':{'Channel':'Microsoft-Windows-Sysmon/Operational','Computer':'HL-WS04.HOMELAB.local','Correlation':'','EventID':'13','EventRecordID':'26047','Execution':{'ProcessID':'2052','ThreadID':'3948'},'Keywords':'0x8000000000000000','Level':'4','Opcode':'0','Provider':{'Guid':'{5770385f-c22a-43e0-bf4c-06f5698ffbd9}','Name':'Microsoft-Windows-Sysmon'},'Security':{'UserID':'S-1-5-18'},'Task':'13','TimeCreated':{'SystemTime':'2024-11-20T00:17:35.0280344Z'},'Version':'2','_event_id':'13'}}","{'Details':'C:\\Users\\pparker\\AppData\\Local\\Temp\\BVHGWmzbVJ.vbs','EventType':'SetValue','Image':'C:\\Users\\pparker\\Downloads\\DriverUpdate_1_2.exe','ProcessGuid':'{7b34ed3d-23cf-673d-b302-000000000b00}','ProcessId':'2920','RuleName':'T1060,RunKey','TargetObject':'HKU\\S-1-5-21-4055086815-3706956271-1845752489-1106\\SOFTWARE\\Microsoft\\Windows\\CurrentVersion\\Run\\bqUPhMkK','User':'HOMELAB\\pparker','UtcTime':'2024-11-20 00:17:35.024'}",,,,,,,,,,,"C:\Users\pparker\AppData\Local\Temp\BVHGWmzbVJ.vbs","SetValue",,,"C:\Users\pparker\Downloads\DriverUpdate_1_2.exe",,,,,,,,,,,,"{7b34ed3d-23cf-673d-b302-000000000b00}","2920",,,"T1060,RunKey",,,,,,,,,,"HKU\S-1-5-21-4055086815-3706956271-1845752489-1106\SOFTWARE\Microsoft\Windows\CurrentVersion\Run\bqUPhMkK",,"HOMELAB\pparker","2024-11-20 00:17:35.024","{'Channel':'Microsoft-Windows-Sysmon/Operational','Computer':'HL-WS04.HOMELAB.local','Correlation':'','EventID':'13','EventRecordID':'26047','Execution':{'ProcessID':'2052','ThreadID':'3948'},'Keywords':'0x8000000000000000','Level':'4','Opcode':'0','Provider':{'Guid':'{5770385f-c22a-43e0-bf4c-06f5698ffbd9}','Name':'Microsoft-Windows-Sysmon'},'Security':{'UserID':'S-1-5-18'},'Task':'13','TimeCreated':{'SystemTime':'2024-11-20T00:17:35.0280344Z'},'Version':'2','_event_id':'13'}","13","Microsoft-Windows-Sysmon/Operational","HL-WS04.HOMELAB.local","","13","26047","{'ProcessID':'2052','ThreadID':'3948'}","2052","3948","0x8000000000000000","4","0","{'Guid':'{5770385f-c22a-43e0-bf4c-06f5698ffbd9}','Name':'Microsoft-Windows-Sysmon'}","{5770385f-c22a-43e0-bf4c-06f5698ffbd9}","Microsoft-Windows-Sysmon","S-1-5-18","13","2024-11-20T00:17:35.0280344Z","2","{'arch':2,'did':'','event_id':'620773dc-c5e8-4ed5-a266-6ad7485d266a','event_time':1732061809743,'event_type':'WEL','ext_ip':'108.171.103.70','hostname':'hl-ws04.homelab.local','iid':'7e99630d-d276-4169-bd11-c23115a848fa','int_ip':'10.100.100.133','moduleid':2,'oid':'27c3229e-7f58-40c8-ad1a-799ff00e1781','plat':268435456,'sid':'20884ef9-0b46-4a29-9d58-832837729b10','tags':['workstations'],'this':'b86dc3a05f4be4e86818e8e6673d2a71'}",2,"","620773dc-c5e8-4ed5-a266-6ad7485d266a",1732061809743,"WEL","108.171.103.70","hl-ws04.homelab.local","7e99630d-d276-4169-bd11-c23115a848fa","10.100.100.133",2,"27c3229e-7f58-40c8-ad1a-799ff00e1781",268435456,"20884ef9-0b46-4a29-9d58-832837729b10","['workstations']","b86dc3a05f4be4e86818e8e6673d2a71"
"2024-11-20 00:10:18","{'EventData':{'Company':'Microsoft Corporation','Description':'AppModel API Host','FileVersion':'10.0.19041.3758 (WinBuild.160101.0800)','Hashes':'MD5=A4FDE935186CAF14953B25DCE8521820,SHA256=7297571B7F62C6D991200A73CE9145B046625FE9514249EC0873C05F78DFBB99,IMPHASH=5E7676746C605D2837550653B776CCFF','Image':'C:\\Users\\pparker\\Downloads\\DriverUpdate_1_2.exe','ImageLoaded':'C:\\Windows\\SysWOW64\\kernel.appcore.dll','OriginalFileName':'kernel.appcore.dll','ProcessGuid':'{7b34ed3d-23cf-673d-b302-000000000b00}','ProcessId':'2920','Product':'Microsoft® Windows® Operating System','RuleName':'-','Signature':'Microsoft Windows','SignatureStatus':'Valid','Signed':'true','User':'HOMELAB\\pparker','UtcTime':'2024-11-20 00:11:02.796'},'System':{'Channel':'Microsoft-Windows-Sysmon/Operational','Computer':'HL-WS04.HOMELAB.local','Correlation':'','EventID':'7','EventRecordID':'17806','Execution':{'ProcessID':'2052','ThreadID':'3948'},'Keywords':'0x8000000000000000','Level':'4','Opcode':'0','Provider':{'Guid':'{5770385f-c22a-43e0-bf4c-06f5698ffbd9}','Name':'Microsoft-Windows-Sysmon'},'Security':{'UserID':'S-1-5-18'},'Task':'7','TimeCreated':{'SystemTime':'2024-11-20T00:11:02.8024071Z'},'Version':'3','_event_id':'7'}}","{'Company':'Microsoft Corporation','Description':'AppModel API Host','FileVersion':'10.0.19041.3758 (WinBuild.160101.0800)','Hashes':'MD5=A4FDE935186CAF14953B25DCE8521820,SHA256=7297571B7F62C6D991200A73CE9145B046625FE9514249EC0873C05F78DFBB99,IMPHASH=5E7676746C605D2837550653B776CCFF','Image':'C:\\Users\\pparker\\Downloads\\DriverUpdate_1_2.exe','ImageLoaded':'C:\\Windows\\SysWOW64\\kernel.appcore.dll','OriginalFileName':'kernel.appcore.dll','ProcessGuid':'{7b34ed3d-23cf-673d-b302-000000000b00}','ProcessId':'2920','Product':'Microsoft® Windows® Operating System','RuleName':'-','Signature':'Microsoft Windows','SignatureStatus':'Valid','Signed':'true','User':'HOMELAB\\pparker','UtcTime':'2024-11-20 00:11:02.796'}",,"Microsoft Corporation",,,"AppModel API Host",,,,,,,,"10.0.19041.3758 (WinBuild.160101.0800)","MD5=A4FDE935186CAF14953B25DCE8521820,SHA256=7297571B7F62C6D991200A73CE9145B046625FE9514249EC0873C05F78DFBB99,IMPHASH=5E7676746C605D2837550653B776CCFF","C:\Users\pparker\Downloads\DriverUpdate_1_2.exe","C:\Windows\SysWOW64\kernel.appcore.dll",,,,,"kernel.appcore.dll",,,,,,"{7b34ed3d-23cf-673d-b302-000000000b00}","2920","Microsoft® Windows® Operating System",,"-","Microsoft Windows","Valid","true",,,,,,,,,"HOMELAB\pparker","2024-11-20 00:11:02.796","{'Channel':'Microsoft-Windows-Sysmon/Operational','Computer':'HL-WS04.HOMELAB.local','Correlation':'','EventID':'7','EventRecordID':'17806','Execution':{'ProcessID':'2052','ThreadID':'3948'},'Keywords':'0x8000000000000000','Level':'4','Opcode':'0','Provider':{'Guid':'{5770385f-c22a-43e0-bf4c-06f5698ffbd9}','Name':'Microsoft-Windows-Sysmon'},'Security':{'UserID':'S-1-5-18'},'Task':'7','TimeCreated':{'SystemTime':'2024-11-20T00:11:02.8024071Z'},'Version':'3','_event_id':'7'}","7","Microsoft-Windows-Sysmon/Operational","HL-WS04.HOMELAB.local","","7","17806","{'ProcessID':'2052','ThreadID':'3948'}","2052","3948","0x8000000000000000","4","0","{'Guid':'{5770385f-c22a-43e0-bf4c-06f5698ffbd9}','Name':'Microsoft-Windows-Sysmon'}","{5770385f-c22a-43e0-bf4c-06f5698ffbd9}","Microsoft-Windows-Sysmon","S-1-5-18","7","2024-11-20T00:11:02.8024071Z","3","{'arch':2,'did':'','event_id':'2f49c462-ccf4-4de7-9ef7-4c48fe4196cb','event_time':1732061418801,'event_type':'WEL','ext_ip':'108.171.103.70','hostname':'hl-ws04.homelab.local','iid':'7e99630d-d276-4169-bd11-c23115a848fa','int_ip':'10.100.100.133','moduleid':2,'oid':'27c3229e-7f58-40c8-ad1a-799ff00e1781','plat':268435456,'sid':'20884ef9-0b46-4a29-9d58-832837729b10','tags':['workstations'],'this':'1356dd910d87d007d2731a69673d28ea'}",2,"","2f49c462-ccf4-4de7-9ef7-4c48fe4196cb",1732061418801,"WEL","108.171.103.70","hl-ws04.homelab.local","7e99630d-d276-4169-bd11-c23115a848fa","10.100.100.133",2,"27c3229e-7f58-40c8-ad1a-799ff00e1781",268435456,"20884ef9-0b46-4a29-9d58-832837729b10","['workstations']","1356dd910d87d007d2731a69673d28ea"
"2024-11-20 00:10:18","{'EventData':{'Company':'Microsoft Corporation','Description':'COM+ Configuration Catalog','FileVersion':'2001.12.10941.16384 (WinBuild.160101.0800)','Hashes':'MD5=C3C9EC3C7FFAD50357DE152607E855D9,SHA256=D9322320330EBF3FA3D4608AD81E98ADAB63F53DF0693E9C97AF7FA19191D71A,IMPHASH=72E996BD66DB98942D19F8D0D6F7E897','Image':'C:\\Users\\pparker\\Downloads\\DriverUpdate_1_2.exe','ImageLoaded':'C:\\Windows\\SysWOW64\\clbcatq.dll','OriginalFileName':'CLBCATQ.DLL','ProcessGuid':'{7b34ed3d-23cf-673d-b302-000000000b00}','ProcessId':'2920','Product':'Microsoft® Windows® Operating System','RuleName':'-','Signature':'Microsoft Windows','SignatureStatus':'Valid','Signed':'true','User':'HOMELAB\\pparker','UtcTime':'2024-11-20 00:11:02.809'},'System':{'Channel':'Microsoft-Windows-Sysmon/Operational','Computer':'HL-WS04.HOMELAB.local','Correlation':'','EventID':'7','EventRecordID':'17807','Execution':{'ProcessID':'2052','ThreadID':'3948'},'Keywords':'0x8000000000000000','Level':'4','Opcode':'0','Provider':{'Guid':'{5770385f-c22a-43e0-bf4c-06f5698ffbd9}','Name':'Microsoft-Windows-Sysmon'},'Security':{'UserID':'S-1-5-18'},'Task':'7','TimeCreated':{'SystemTime':'2024-11-20T00:11:02.8155670Z'},'Version':'3','_event_id':'7'}}","{'Company':'Microsoft Corporation','Description':'COM+ Configuration Catalog','FileVersion':'2001.12.10941.16384 (WinBuild.160101.0800)','Hashes':'MD5=C3C9EC3C7FFAD50357DE152607E855D9,SHA256=D9322320330EBF3FA3D4608AD81E98ADAB63F53DF0693E9C97AF7FA19191D71A,IMPHASH=72E996BD66DB98942D19F8D0D6F7E897','Image':'C:\\Users\\pparker\\Downloads\\DriverUpdate_1_2.exe','ImageLoaded':'C:\\Windows\\SysWOW64\\clbcatq.dll','OriginalFileName':'CLBCATQ.DLL','ProcessGuid':'{7b34ed3d-23cf-673d-b302-000000000b00}','ProcessId':'2920','Product':'Microsoft® Windows® Operating System','RuleName':'-','Signature':'Microsoft Windows','SignatureStatus':'Valid','Signed':'true','User':'HOMELAB\\pparker','UtcTime':'2024-11-20 00:11:02.809'}",,"Microsoft Corporation",,,"COM+ Configuration Catalog",,,,,,,,"2001.12.10941.16384 (WinBuild.160101.0800)","MD5=C3C9EC3C7FFAD50357DE152607E855D9,SHA256=D9322320330EBF3FA3D4608AD81E98ADAB63F53DF0693E9C97AF7FA19191D71A,IMPHASH=72E996BD66DB98942D19F8D0D6F7E897","C:\Users\pparker\Downloads\DriverUpdate_1_2.exe","C:\Windows\SysWOW64\clbcatq.dll",,,,,"CLBCATQ.DLL",,,,,,"{7b34ed3d-23cf-673d-b302-000000000b00}","2920","Microsoft® Windows® Operating System",,"-","Microsoft Windows","Valid","true",,,,,,,,,"HOMELAB\pparker","2024-11-20 00:11:02.809","{'Channel':'Microsoft-Windows-Sysmon/Operational','Computer':'HL-WS04.HOMELAB.local','Correlation':'','EventID':'7','EventRecordID':'17807','Execution':{'ProcessID':'2052','ThreadID':'3948'},'Keywords':'0x8000000000000000','Level':'4','Opcode':'0','Provider':{'Guid':'{5770385f-c22a-43e0-bf4c-06f5698ffbd9}','Name':'Microsoft-Windows-Sysmon'},'Security':{'UserID':'S-1-5-18'},'Task':'7','TimeCreated':{'SystemTime':'2024-11-20T00:11:02.8155670Z'},'Version':'3','_event_id':'7'}","7","Microsoft-Windows-Sysmon/Operational","HL-WS04.HOMELAB.local","","7","17807","{'ProcessID':'2052','ThreadID':'3948'}","2052","3948","0x8000000000000000","4","0","{'Guid':'{5770385f-c22a-43e0-bf4c-06f5698ffbd9}','Name':'Microsoft-Windows-Sysmon'}","{5770385f-c22a-43e0-bf4c-06f5698ffbd9}","Microsoft-Windows-Sysmon","S-1-5-18","7","2024-11-20T00:11:02.8155670Z","3","{'arch':2,'did':'','event_id':'4213a66d-d5c1-4028-b9f8-1f5cb22f83fa','event_time':1732061418801,'event_type':'WEL','ext_ip':'108.171.103.70','hostname':'hl-ws04.homelab.local','iid':'7e99630d-d276-4169-bd11-c23115a848fa','int_ip':'10.100.100.133','moduleid':2,'oid':'27c3229e-7f58-40c8-ad1a-799ff00e1781','plat':268435456,'sid':'20884ef9-0b46-4a29-9d58-832837729b10','tags':['workstations'],'this':'c929c19cd3848ff066953b94673d28ea'}",2,"","4213a66d-d5c1-4028-b9f8-1f5cb22f83fa",1732061418801,"WEL","108.171.103.70","hl-ws04.homelab.local","7e99630d-d276-4169-bd11-c23115a848fa","10.100.100.133",2,"27c3229e-7f58-40c8-ad1a-799ff00e1781",268435456,"20884ef9-0b46-4a29-9d58-832837729b10","['workstations']","c929c19cd3848ff066953b94673d28ea"
"2024-11-20 00:10:18","{'EventData':{'Company':'Microsoft Corporation','Description':'Microsoft Search Proxy','FileVersion':'7.0.19041.4957 (WinBuild.160101.0800)','Hashes':'MD5=3C56710F9FF746C216616F0EB597B460,SHA256=0D4D737BC5D619D555AD953C000E4B986BBBF2D0E4D0C7E317AFBB8C48F8B6BB,IMPHASH=569CCC44531DDCCB4124392AE58EE234','Image':'C:\\Users\\pparker\\Downloads\\DriverUpdate_1_2.exe','ImageLoaded':'C:\\Windows\\SysWOW64\\mssprxy.dll','OriginalFileName':'mssprxy.dll','ProcessGuid':'{7b34ed3d-23cf-673d-b302-000000000b00}','ProcessId':'2920','Product':'Windows® Search','RuleName':'-','Signature':'Microsoft Windows','SignatureStatus':'Valid','Signed':'true','User':'HOMELAB\\pparker','UtcTime':'2024-11-20 00:11:02.817'},'System':{'Channel':'Microsoft-Windows-Sysmon/Operational','Computer':'HL-WS04.HOMELAB.local','Correlation':'','EventID':'7','EventRecordID':'17808','Execution':{'ProcessID':'2052','ThreadID':'3948'},'Keywords':'0x8000000000000000','Level':'4','Opcode':'0','Provider':{'Guid':'{5770385f-c22a-43e0-bf4c-06f5698ffbd9}','Name':'Microsoft-Windows-Sysmon'},'Security':{'UserID':'S-1-5-18'},'Task':'7','TimeCreated':{'SystemTime':'2024-11-20T00:11:02.8253967Z'},'Version':'3','_event_id':'7'}}","{'Company':'Microsoft Corporation','Description':'Microsoft Search Proxy','FileVersion':'7.0.19041.4957 (WinBuild.160101.0800)','Hashes':'MD5=3C56710F9FF746C216616F0EB597B460,SHA256=0D4D737BC5D619D555AD953C000E4B986BBBF2D0E4D0C7E317AFBB8C48F8B6BB,IMPHASH=569CCC44531DDCCB4124392AE58EE234','Image':'C:\\Users\\pparker\\Downloads\\DriverUpdate_1_2.exe','ImageLoaded':'C:\\Windows\\SysWOW64\\mssprxy.dll','OriginalFileName':'mssprxy.dll','ProcessGuid':'{7b34ed3d-23cf-673d-b302-000000000b00}','ProcessId':'2920','Product':'Windows® Search','RuleName':'-','Signature':'Microsoft Windows','SignatureStatus':'Valid','Signed':'true','User':'HOMELAB\\pparker','UtcTime':'2024-11-20 00:11:02.817'}",,"Microsoft Corporation",,,"Microsoft Search Proxy",,,,,,,,"7.0.19041.4957 (WinBuild.160101.0800)","MD5=3C56710F9FF746C216616F0EB597B460,SHA256=0D4D737BC5D619D555AD953C000E4B986BBBF2D0E4D0C7E317AFBB8C48F8B6BB,IMPHASH=569CCC44531DDCCB4124392AE58EE234","C:\Users\pparker\Downloads\DriverUpdate_1_2.exe","C:\Windows\SysWOW64\mssprxy.dll",,,,,"mssprxy.dll",,,,,,"{7b34ed3d-23cf-673d-b302-000000000b00}","2920","Windows® Search",,"-","Microsoft Windows","Valid","true",,,,,,,,,"HOMELAB\pparker","2024-11-20 00:11:02.817","{'Channel':'Microsoft-Windows-Sysmon/Operational','Computer':'HL-WS04.HOMELAB.local','Correlation':'','EventID':'7','EventRecordID':'17808','Execution':{'ProcessID':'2052','ThreadID':'3948'},'Keywords':'0x8000000000000000','Level':'4','Opcode':'0','Provider':{'Guid':'{5770385f-c22a-43e0-bf4c-06f5698ffbd9}','Name':'Microsoft-Windows-Sysmon'},'Security':{'UserID':'S-1-5-18'},'Task':'7','TimeCreated':{'SystemTime':'2024-11-20T00:11:02.8253967Z'},'Version':'3','_event_id':'7'}","7","Microsoft-Windows-Sysmon/Operational","HL-WS04.HOMELAB.local","","7","17808","{'ProcessID':'2052','ThreadID':'3948'}","2052","3948","0x8000000000000000","4","0","{'Guid':'{5770385f-c22a-43e0-bf4c-06f5698ffbd9}','Name':'Microsoft-Windows-Sysmon'}","{5770385f-c22a-43e0-bf4c-06f5698ffbd9}","Microsoft-Windows-Sysmon","S-1-5-18","7","2024-11-20T00:11:02.8253967Z","3","{'arch':2,'did':'','event_id':'464cc625-9f9a-4f2d-bd3d-a2e582e42e5b','event_time':1732061418801,'event_type':'WEL','ext_ip':'108.171.103.70','hostname':'hl-ws04.homelab.local','iid':'7e99630d-d276-4169-bd11-c23115a848fa','int_ip':'10.100.100.133','moduleid':2,'oid':'27c3229e-7f58-40c8-ad1a-799ff00e1781','plat':268435456,'sid':'20884ef9-0b46-4a29-9d58-832837729b10','tags':['workstations'],'this':'3e3c710a0342e1b3eddf8171673d28ea'}",2,"","464cc625-9f9a-4f2d-bd3d-a2e582e42e5b",1732061418801,"WEL","108.171.103.70","hl-ws04.homelab.local","7e99630d-d276-4169-bd11-c23115a848fa","10.100.100.133",2,"27c3229e-7f58-40c8-ad1a-799ff00e1781",268435456,"20884ef9-0b46-4a29-9d58-832837729b10","['workstations']","3e3c710a0342e1b3eddf8171673d28ea"
"2024-11-20 00:10:18","{'EventData':{'Company':'Microsoft Corporation','Description':'Content Index Utility DLL','FileVersion':'10.0.19041.4355 (WinBuild.160101.0800)','Hashes':'MD5=A60A57D282E230EFB03B21EDADD0F78B,SHA256=6651A74DA5872AA670BF9BE53047BF02D6B67797A512BB685582742A6BA5D610,IMPHASH=FB575F462A1DB6FCACADF4100004F438','Image':'C:\\Users\\pparker\\Downloads\\DriverUpdate_1_2.exe','ImageLoaded':'C:\\Windows\\SysWOW64\\Query.dll','OriginalFileName':'query.dll','ProcessGuid':'{7b34ed3d-23cf-673d-b302-000000000b00}','ProcessId':'2920','Product':'Microsoft® Windows® Operating System','RuleName':'-','Signature':'Microsoft Windows','SignatureStatus':'Valid','Signed':'true','User':'HOMELAB\\pparker','UtcTime':'2024-11-20 00:11:02.796'},'System':{'Channel':'Microsoft-Windows-Sysmon/Operational','Computer':'HL-WS04.HOMELAB.local','Correlation':'','EventID':'7','EventRecordID':'17809','Execution':{'ProcessID':'2052','ThreadID':'4064'},'Keywords':'0x8000000000000000','Level':'4','Opcode':'0','Provider':{'Guid':'{5770385f-c22a-43e0-bf4c-06f5698ffbd9}','Name':'Microsoft-Windows-Sysmon'},'Security':{'UserID':'S-1-5-18'},'Task':'7','TimeCreated':{'SystemTime':'2024-11-20T00:11:02.8277355Z'},'Version':'3','_event_id':'7'}}","{'Company':'Microsoft Corporation','Description':'Content Index Utility DLL','FileVersion':'10.0.19041.4355 (WinBuild.160101.0800)','Hashes':'MD5=A60A57D282E230EFB03B21EDADD0F78B,SHA256=6651A74DA5872AA670BF9BE53047BF02D6B67797A512BB685582742A6BA5D610,IMPHASH=FB575F462A1DB6FCACADF4100004F438','Image':'C:\\Users\\pparker\\Downloads\\DriverUpdate_1_2.exe','ImageLoaded':'C:\\Windows\\SysWOW64\\Query.dll','OriginalFileName':'query.dll','ProcessGuid':'{7b34ed3d-23cf-673d-b302-000000000b00}','ProcessId':'2920','Product':'Microsoft® Windows® Operating System','RuleName':'-','Signature':'Microsoft Windows','SignatureStatus':'Valid','Signed':'true','User':'HOMELAB\\pparker','UtcTime':'2024-11-20 00:11:02.796'}",,"Microsoft Corporation",,,"Content Index Utility DLL",,,,,,,,"10.0.19041.4355 (WinBuild.160101.0800)","MD5=A60A57D282E230EFB03B21EDADD0F78B,SHA256=6651A74DA5872AA670BF9BE53047BF02D6B67797A512BB685582742A6BA5D610,IMPHASH=FB575F462A1DB6FCACADF4100004F438","C:\Users\pparker\Downloads\DriverUpdate_1_2.exe","C:\Windows\SysWOW64\Query.dll",,,,,"query.dll",,,,,,"{7b34ed3d-23cf-673d-b302-000000000b00}","2920","Microsoft® Windows® Operating System",,"-","Microsoft Windows","Valid","true",,,,,,,,,"HOMELAB\pparker","2024-11-20 00:11:02.796","{'Channel':'Microsoft-Windows-Sysmon/Operational','Computer':'HL-WS04.HOMELAB.local','Correlation':'','EventID':'7','EventRecordID':'17809','Execution':{'ProcessID':'2052','ThreadID':'4064'},'Keywords':'0x8000000000000000','Level':'4','Opcode':'0','Provider':{'Guid':'{5770385f-c22a-43e0-bf4c-06f5698ffbd9}','Name':'Microsoft-Windows-Sysmon'},'Security':{'UserID':'S-1-5-18'},'Task':'7','TimeCreated':{'SystemTime':'2024-11-20T00:11:02.8277355Z'},'Version':'3','_event_id':'7'}","7","Microsoft-Windows-Sysmon/Operational","HL-WS04.HOMELAB.local","","7","17809","{'ProcessID':'2052','ThreadID':'4064'}","2052","4064","0x8000000000000000","4","0","{'Guid':'{5770385f-c22a-43e0-bf4c-06f5698ffbd9}','Name':'Microsoft-Windows-Sysmon'}","{5770385f-c22a-43e0-bf4c-06f5698ffbd9}","Microsoft-Windows-Sysmon","S-1-5-18","7","2024-11-20T00:11:02.8277355Z","3","{'arch':2,'did':'','event_id':'a4e7eb7a-8bb3-4a37-949c-7622fed2be6a','event_time':1732061418801,'event_type':'WEL','ext_ip':'108.171.103.70','hostname':'hl-ws04.homelab.local','iid':'7e99630d-d276-4169-bd11-c23115a848fa','int_ip':'10.100.100.133','moduleid':2,'oid':'27c3229e-7f58-40c8-ad1a-799ff00e1781','plat':268435456,'sid':'20884ef9-0b46-4a29-9d58-832837729b10','tags':['workstations'],'this':'6bda894390b25db791f5acd3673d28ea'}",2,"","a4e7eb7a-8bb3-4a37-949c-7622fed2be6a",1732061418801,"WEL","108.171.103.70","hl-ws04.homelab.local","7e99630d-d276-4169-bd11-c23115a848fa","10.100.100.133",2,"27c3229e-7f58-40c8-ad1a-799ff00e1781",268435456,"20884ef9-0b46-4a29-9d58-832837729b10","['workstations']","6bda894390b25db791f5acd3673d28ea"
"2024-11-20 00:10:18","{'EventData':{'Company':'Microsoft Corporation','Description':'OLE DB Core Services','FileVersion':'10.0.19041.4474 (WinBuild.160101.0800)','Hashes':'MD5=477304FECC8C6974B5C84EE6B6129198,SHA256=74DFC2A28C1365E9474860304CE826A185B724947190823EB26A86E6275974CE,IMPHASH=3F046D9AB0FFBED7A312ECD46ECD72E9','Image':'C:\\Users\\pparker\\Downloads\\DriverUpdate_1_2.exe','ImageLoaded':'C:\\Program Files (x86)\\Common Files\\System\\Ole DB\\oledb32.dll','OriginalFileName':'oledb32.dll','ProcessGuid':'{7b34ed3d-23cf-673d-b302-000000000b00}','ProcessId':'2920','Product':'Microsoft® Windows® Operating System','RuleName':'-','Signature':'Microsoft Windows','SignatureStatus':'Valid','Signed':'true','User':'HOMELAB\\pparker','UtcTime':'2024-11-20 00:11:02.849'},'System':{'Channel':'Microsoft-Windows-Sysmon/Operational','Computer':'HL-WS04.HOMELAB.local','Correlation':'','EventID':'7','EventRecordID':'17810','Execution':{'ProcessID':'2052','ThreadID':'4064'},'Keywords':'0x8000000000000000','Level':'4','Opcode':'0','Provider':{'Guid':'{5770385f-c22a-43e0-bf4c-06f5698ffbd9}','Name':'Microsoft-Windows-Sysmon'},'Security':{'UserID':'S-1-5-18'},'Task':'7','TimeCreated':{'SystemTime':'2024-11-20T00:11:02.8769697Z'},'Version':'3','_event_id':'7'}}","{'Company':'Microsoft Corporation','Description':'OLE DB Core Services','FileVersion':'10.0.19041.4474 (WinBuild.160101.0800)','Hashes':'MD5=477304FECC8C6974B5C84EE6B6129198,SHA256=74DFC2A28C1365E9474860304CE826A185B724947190823EB26A86E6275974CE,IMPHASH=3F046D9AB0FFBED7A312ECD46ECD72E9','Image':'C:\\Users\\pparker\\Downloads\\DriverUpdate_1_2.exe','ImageLoaded':'C:\\Program Files (x86)\\Common Files\\System\\Ole DB\\oledb32.dll','OriginalFileName':'oledb32.dll','ProcessGuid':'{7b34ed3d-23cf-673d-b302-000000000b00}','ProcessId':'2920','Product':'Microsoft® Windows® Operating System','RuleName':'-','Signature':'Microsoft Windows','SignatureStatus':'Valid','Signed':'true','User':'HOMELAB\\pparker','UtcTime':'2024-11-20 00:11:02.849'}",,"Microsoft Corporation",,,"OLE DB Core Services",,,,,,,,"10.0.19041.4474 (WinBuild.160101.0800)","MD5=477304FECC8C6974B5C84EE6B6129198,SHA256=74DFC2A28C1365E9474860304CE826A185B724947190823EB26A86E6275974CE,IMPHASH=3F046D9AB0FFBED7A312ECD46ECD72E9","C:\Users\pparker\Downloads\DriverUpdate_1_2.exe","C:\Program Files (x86)\Common Files\System\Ole DB\oledb32.dll",,,,,"oledb32.dll",,,,,,"{7b34ed3d-23cf-673d-b302-000000000b00}","2920","Microsoft® Windows® Operating System",,"-","Microsoft Windows","Valid","true",,,,,,,,,"HOMELAB\pparker","2024-11-20 00:11:02.849","{'Channel':'Microsoft-Windows-Sysmon/Operational','Computer':'HL-WS04.HOMELAB.local','Correlation':'','EventID':'7','EventRecordID':'17810','Execution':{'ProcessID':'2052','ThreadID':'4064'},'Keywords':'0x8000000000000000','Level':'4','Opcode':'0','Provider':{'Guid':'{5770385f-c22a-43e0-bf4c-06f5698ffbd9}','Name':'Microsoft-Windows-Sysmon'},'Security':{'UserID':'S-1-5-18'},'Task':'7','TimeCreated':{'SystemTime':'2024-11-20T00:11:02.8769697Z'},'Version':'3','_event_id':'7'}","7","Microsoft-Windows-Sysmon/Operational","HL-WS04.HOMELAB.local","","7","17810","{'ProcessID':'2052','ThreadID':'4064'}","2052","4064","0x8000000000000000","4","0","{'Guid':'{5770385f-c22a-43e0-bf4c-06f5698ffbd9}','Name':'Microsoft-Windows-Sysmon'}","{5770385f-c22a-43e0-bf4c-06f5698ffbd9}","Microsoft-Windows-Sysmon","S-1-5-18","7","2024-11-20T00:11:02.8769697Z","3","{'arch':2,'did':'','event_id':'456f7b8b-6f59-4180-a8df-6637a33c5a5c','event_time':1732061418801,'event_type':'WEL','ext_ip':'108.171.103.70','hostname':'hl-ws04.homelab.local','iid':'7e99630d-d276-4169-bd11-c23115a848fa','int_ip':'10.100.100.133','moduleid':2,'oid':'27c3229e-7f58-40c8-ad1a-799ff00e1781','plat':268435456,'sid':'20884ef9-0b46-4a29-9d58-832837729b10','tags':['workstations'],'this':'b21053f3546600e9de294bb5673d28ea'}",2,"","456f7b8b-6f59-4180-a8df-6637a33c5a5c",1732061418801,"WEL","108.171.103.70","hl-ws04.homelab.local","7e99630d-d276-4169-bd11-c23115a848fa","10.100.100.133",2,"27c3229e-7f58-40c8-ad1a-799ff00e1781",268435456,"20884ef9-0b46-4a29-9d58-832837729b10","['workstations']","b21053f3546600e9de294bb5673d28ea"
"2024-11-20 00:10:18","{'EventData':{'Company':'Microsoft Corporation','Description':'OLE DB Runtime Routines','FileVersion':'10.0.19041.5007 (WinBuild.160101.0800)','Hashes':'MD5=296D9B97E3C2A05D798961D38014BCF1,SHA256=ECE8840DD272AA49C1DE01FADC6268A29CD85EEB416B9DB2777DD238730B4751,IMPHASH=3FB330001FC3C22BDF5240595CBF5542','Image':'C:\\Users\\pparker\\Downloads\\DriverUpdate_1_2.exe','ImageLoaded':'C:\\Windows\\SysWOW64\\msdart.dll','OriginalFileName':'msdart.dll','ProcessGuid':'{7b34ed3d-23cf-673d-b302-000000000b00}','ProcessId':'2920','Product':'Microsoft® Windows® Operating System','RuleName':'-','Signature':'Microsoft Windows','SignatureStatus':'Valid','Signed':'true','User':'HOMELAB\\pparker','UtcTime':'2024-11-20 00:11:02.866'},'System':{'Channel':'Microsoft-Windows-Sysmon/Operational','Computer':'HL-WS04.HOMELAB.local','Correlation':'','EventID':'7','EventRecordID':'17811','Execution':{'ProcessID':'2052','ThreadID':'4064'},'Keywords':'0x8000000000000000','Level':'4','Opcode':'0','Provider':{'Guid':'{5770385f-c22a-43e0-bf4c-06f5698ffbd9}','Name':'Microsoft-Windows-Sysmon'},'Security':{'UserID':'S-1-5-18'},'Task':'7','TimeCreated':{'SystemTime':'2024-11-20T00:11:02.8853259Z'},'Version':'3','_event_id':'7'}}","{'Company':'Microsoft Corporation','Description':'OLE DB Runtime Routines','FileVersion':'10.0.19041.5007 (WinBuild.160101.0800)','Hashes':'MD5=296D9B97E3C2A05D798961D38014BCF1,SHA256=ECE8840DD272AA49C1DE01FADC6268A29CD85EEB416B9DB2777DD238730B4751,IMPHASH=3FB330001FC3C22BDF5240595CBF5542','Image':'C:\\Users\\pparker\\Downloads\\DriverUpdate_1_2.exe','ImageLoaded':'C:\\Windows\\SysWOW64\\msdart.dll','OriginalFileName':'msdart.dll','ProcessGuid':'{7b34ed3d-23cf-673d-b302-000000000b00}','ProcessId':'2920','Product':'Microsoft® Windows® Operating System','RuleName':'-','Signature':'Microsoft Windows','SignatureStatus':'Valid','Signed':'true','User':'HOMELAB\\pparker','UtcTime':'2024-11-20 00:11:02.866'}",,"Microsoft Corporation",,,"OLE DB Runtime Routines",,,,,,,,"10.0.19041.5007 (WinBuild.160101.0800)","MD5=296D9B97E3C2A05D798961D38014BCF1,SHA256=ECE8840DD272AA49C1DE01FADC6268A29CD85EEB416B9DB2777DD238730B4751,IMPHASH=3FB330001FC3C22BDF5240595CBF5542","C:\Users\pparker\Downloads\DriverUpdate_1_2.exe","C:\Windows\SysWOW64\msdart.dll",,,,,"msdart.dll",,,,,,"{7b34ed3d-23cf-673d-b302-000000000b00}","2920","Microsoft® Windows® Operating System",,"-","Microsoft Windows","Valid","true",,,,,,,,,"HOMELAB\pparker","2024-11-20 00:11:02.866","{'Channel':'Microsoft-Windows-Sysmon/Operational','Computer':'HL-WS04.HOMELAB.local','Correlation':'','EventID':'7','EventRecordID':'17811','Execution':{'ProcessID':'2052','ThreadID':'4064'},'Keywords':'0x8000000000000000','Level':'4','Opcode':'0','Provider':{'Guid':'{5770385f-c22a-43e0-bf4c-06f5698ffbd9}','Name':'Microsoft-Windows-Sysmon'},'Security':{'UserID':'S-1-5-18'},'Task':'7','TimeCreated':{'SystemTime':'2024-11-20T00:11:02.8853259Z'},'Version':'3','_event_id':'7'}","7","Microsoft-Windows-Sysmon/Operational","HL-WS04.HOMELAB.local","","7","17811","{'ProcessID':'2052','ThreadID':'4064'}","2052","4064","0x8000000000000000","4","0","{'Guid':'{5770385f-c22a-43e0-bf4c-06f5698ffbd9}','Name':'Microsoft-Windows-Sysmon'}","{5770385f-c22a-43e0-bf4c-06f5698ffbd9}","Microsoft-Windows-Sysmon","S-1-5-18","7","2024-11-20T00:11:02.8853259Z","3","{'arch':2,'did':'','event_id':'06297a9e-deec-4e84-b5c5-7a36088e983e','event_time':1732061418801,'event_type':'WEL','ext_ip':'108.171.103.70','hostname':'hl-ws04.homelab.local','iid':'7e99630d-d276-4169-bd11-c23115a848fa','int_ip':'10.100.100.133','moduleid':2,'oid':'27c3229e-7f58-40c8-ad1a-799ff00e1781','plat':268435456,'sid':'20884ef9-0b46-4a29-9d58-832837729b10','tags':['workstations'],'this':'654507d5c0b38b8494ee69ac673d28ea'}",2,"","06297a9e-deec-4e84-b5c5-7a36088e983e",1732061418801,"WEL","108.171.103.70","hl-ws04.homelab.local","7e99630d-d276-4169-bd11-c23115a848fa","10.100.100.133",2,"27c3229e-7f58-40c8-ad1a-799ff00e1781",268435456,"20884ef9-0b46-4a29-9d58-832837729b10","['workstations']","654507d5c0b38b8494ee69ac673d28ea"
"2024-11-20 00:10:18","{'EventData':{'Company':'Microsoft Corporation','Description':'User Experience Controls Library','FileVersion':'6.10 (WinBuild.160101.0800)','Hashes':'MD5=3A28DA2DB9785E6C0CCBE2BDFEEFEB05,SHA256=095071CD14F90B35CEA4FFD316998A85B082D7C26B72F77D90AB5E0FE1EFDD8D,IMPHASH=4C785210B7FAF4D044403664E156F2E7','Image':'C:\\Users\\pparker\\Downloads\\DriverUpdate_1_2.exe','ImageLoaded':'C:\\Windows\\WinSxS\\x86_microsoft.windows.common-controls_6595b64144ccf1df_6.0.19041.4355_none_a865f0c28672571c\\comctl32.dll','OriginalFileName':'comctl32.DLL','ProcessGuid':'{7b34ed3d-23cf-673d-b302-000000000b00}','ProcessId':'2920','Product':'Microsoft® Windows® Operating System','RuleName':'-','Signature':'Microsoft Windows','SignatureStatus':'Valid','Signed':'true','User':'HOMELAB\\pparker','UtcTime':'2024-11-20 00:11:02.882'},'System':{'Channel':'Microsoft-Windows-Sysmon/Operational','Computer':'HL-WS04.HOMELAB.local','Correlation':'','EventID':'7','EventRecordID':'17812','Execution':{'ProcessID':'2052','ThreadID':'3948'},'Keywords':'0x8000000000000000','Level':'4','Opcode':'0','Provider':{'Guid':'{5770385f-c22a-43e0-bf4c-06f5698ffbd9}','Name':'Microsoft-Windows-Sysmon'},'Security':{'UserID':'S-1-5-18'},'Task':'7','TimeCreated':{'SystemTime':'2024-11-20T00:11:02.8892727Z'},'Version':'3','_event_id':'7'}}","{'Company':'Microsoft Corporation','Description':'User Experience Controls Library','FileVersion':'6.10 (WinBuild.160101.0800)','Hashes':'MD5=3A28DA2DB9785E6C0CCBE2BDFEEFEB05,SHA256=095071CD14F90B35CEA4FFD316998A85B082D7C26B72F77D90AB5E0FE1EFDD8D,IMPHASH=4C785210B7FAF4D044403664E156F2E7','Image':'C:\\Users\\pparker\\Downloads\\DriverUpdate_1_2.exe','ImageLoaded':'C:\\Windows\\WinSxS\\x86_microsoft.windows.common-controls_6595b64144ccf1df_6.0.19041.4355_none_a865f0c28672571c\\comctl32.dll','OriginalFileName':'comctl32.DLL','ProcessGuid':'{7b34ed3d-23cf-673d-b302-000000000b00}','ProcessId':'2920','Product':'Microsoft® Windows® Operating System','RuleName':'-','Signature':'Microsoft Windows','SignatureStatus':'Valid','Signed':'true','User':'HOMELAB\\pparker','UtcTime':'2024-11-20 00:11:02.882'}",,"Microsoft Corporation",,,"User Experience Controls Library",,,,,,,,"6.10 (WinBuild.160101.0800)","MD5=3A28DA2DB9785E6C0CCBE2BDFEEFEB05,SHA256=095071CD14F90B35CEA4FFD316998A85B082D7C26B72F77D90AB5E0FE1EFDD8D,IMPHASH=4C785210B7FAF4D044403664E156F2E7","C:\Users\pparker\Downloads\DriverUpdate_1_2.exe","C:\Windows\WinSxS\x86_microsoft.windows.common-controls_6595b64144ccf1df_6.0.19041.4355_none_a865f0c28672571c\comctl32.dll",,,,,"comctl32.DLL",,,,,,"{7b34ed3d-23cf-673d-b302-000000000b00}","2920","Microsoft® Windows® Operating System",,"-","Microsoft Windows","Valid","true",,,,,,,,,"HOMELAB\pparker","2024-11-20 00:11:02.882","{'Channel':'Microsoft-Windows-Sysmon/Operational','Computer':'HL-WS04.HOMELAB.local','Correlation':'','EventID':'7','EventRecordID':'17812','Execution':{'ProcessID':'2052','ThreadID':'3948'},'Keywords':'0x8000000000000000','Level':'4','Opcode':'0','Provider':{'Guid':'{5770385f-c22a-43e0-bf4c-06f5698ffbd9}','Name':'Microsoft-Windows-Sysmon'},'Security':{'UserID':'S-1-5-18'},'Task':'7','TimeCreated':{'SystemTime':'2024-11-20T00:11:02.8892727Z'},'Version':'3','_event_id':'7'}","7","Microsoft-Windows-Sysmon/Operational","HL-WS04.HOMELAB.local","","7","17812","{'ProcessID':'2052','ThreadID':'3948'}","2052","3948","0x8000000000000000","4","0","{'Guid':'{5770385f-c22a-43e0-bf4c-06f5698ffbd9}','Name':'Microsoft-Windows-Sysmon'}","{5770385f-c22a-43e0-bf4c-06f5698ffbd9}","Microsoft-Windows-Sysmon","S-1-5-18","7","2024-11-20T00:11:02.8892727Z","3","{'arch':2,'did':'','event_id':'2b6b252a-016c-4be8-a184-cd93438ee653','event_time':1732061418801,'event_type':'WEL','ext_ip':'108.171.103.70','hostname':'hl-ws04.homelab.local','iid':'7e99630d-d276-4169-bd11-c23115a848fa','int_ip':'10.100.100.133','moduleid':2,'oid':'27c3229e-7f58-40c8-ad1a-799ff00e1781','plat':268435456,'sid':'20884ef9-0b46-4a29-9d58-832837729b10','tags':['workstations'],'this':'4fc12862e8457abd4ae51582673d28ea'}",2,"","2b6b252a-016c-4be8-a184-cd93438ee653",1732061418801,"WEL","108.171.103.70","hl-ws04.homelab.local","7e99630d-d276-4169-bd11-c23115a848fa","10.100.100.133",2,"27c3229e-7f58-40c8-ad1a-799ff00e1781",268435456,"20884ef9-0b46-4a29-9d58-832837729b10","['workstations']","4fc12862e8457abd4ae51582673d28ea"
"2024-11-20 00:10:18","{'EventData':{'Company':'Microsoft Corporation','Description':'COM+ Services','FileVersion':'2001.12.10941.16384 (WinBuild.160101.0800)','Hashes':'MD5=D612A8C1CF88488EC30EB445337E7370,SHA256=375BC7FEC3401110AE282B32295BD97E6FE7A08160C02D4C0476B0F4A28447EE,IMPHASH=92E7A32E8EE7EE6137DA7D0F94C60862','Image':'C:\\Users\\pparker\\Downloads\\DriverUpdate_1_2.exe','ImageLoaded':'C:\\Windows\\SysWOW64\\comsvcs.dll','OriginalFileName':'COMSVCS.DLL','ProcessGuid':'{7b34ed3d-23cf-673d-b302-000000000b00}','ProcessId':'2920','Product':'Microsoft® Windows® Operating System','RuleName':'-','Signature':'Microsoft Windows','SignatureStatus':'Valid','Signed':'true','User':'HOMELAB\\pparker','UtcTime':'2024-11-20 00:11:02.896'},'System':{'Channel':'Microsoft-Windows-Sysmon/Operational','Computer':'HL-WS04.HOMELAB.local','Correlation':'','EventID':'7','EventRecordID':'17813','Execution':{'ProcessID':'2052','ThreadID':'4064'},'Keywords':'0x8000000000000000','Level':'4','Opcode':'0','Provider':{'Guid':'{5770385f-c22a-43e0-bf4c-06f5698ffbd9}','Name':'Microsoft-Windows-Sysmon'},'Security':{'UserID':'S-1-5-18'},'Task':'7','TimeCreated':{'SystemTime':'2024-11-20T00:11:02.9369833Z'},'Version':'3','_event_id':'7'}}","{'Company':'Microsoft Corporation','Description':'COM+ Services','FileVersion':'2001.12.10941.16384 (WinBuild.160101.0800)','Hashes':'MD5=D612A8C1CF88488EC30EB445337E7370,SHA256=375BC7FEC3401110AE282B32295BD97E6FE7A08160C02D4C0476B0F4A28447EE,IMPHASH=92E7A32E8EE7EE6137DA7D0F94C60862','Image':'C:\\Users\\pparker\\Downloads\\DriverUpdate_1_2.exe','ImageLoaded':'C:\\Windows\\SysWOW64\\comsvcs.dll','OriginalFileName':'COMSVCS.DLL','ProcessGuid':'{7b34ed3d-23cf-673d-b302-000000000b00}','ProcessId':'2920','Product':'Microsoft® Windows® Operating System','RuleName':'-','Signature':'Microsoft Windows','SignatureStatus':'Valid','Signed':'true','User':'HOMELAB\\pparker','UtcTime':'2024-11-20 00:11:02.896'}",,"Microsoft Corporation",,,"COM+ Services",,,,,,,,"2001.12.10941.16384 (WinBuild.160101.0800)","MD5=D612A8C1CF88488EC30EB445337E7370,SHA256=375BC7FEC3401110AE282B32295BD97E6FE7A08160C02D4C0476B0F4A28447EE,IMPHASH=92E7A32E8EE7EE6137DA7D0F94C60862","C:\Users\pparker\Downloads\DriverUpdate_1_2.exe","C:\Windows\SysWOW64\comsvcs.dll",,,,,"COMSVCS.DLL",,,,,,"{7b34ed3d-23cf-673d-b302-000000000b00}","2920","Microsoft® Windows® Operating System",,"-","Microsoft Windows","Valid","true",,,,,,,,,"HOMELAB\pparker","2024-11-20 00:11:02.896","{'Channel':'Microsoft-Windows-Sysmon/Operational','Computer':'HL-WS04.HOMELAB.local','Correlation':'','EventID':'7','EventRecordID':'17813','Execution':{'ProcessID':'2052','ThreadID':'4064'},'Keywords':'0x8000000000000000','Level':'4','Opcode':'0','Provider':{'Guid':'{5770385f-c22a-43e0-bf4c-06f5698ffbd9}','Name':'Microsoft-Windows-Sysmon'},'Security':{'UserID':'S-1-5-18'},'Task':'7','TimeCreated':{'SystemTime':'2024-11-20T00:11:02.9369833Z'},'Version':'3','_event_id':'7'}","7","Microsoft-Windows-Sysmon/Operational","HL-WS04.HOMELAB.local","","7","17813","{'ProcessID':'2052','ThreadID':'4064'}","2052","4064","0x8000000000000000","4","0","{'Guid':'{5770385f-c22a-43e0-bf4c-06f5698ffbd9}','Name':'Microsoft-Windows-Sysmon'}","{5770385f-c22a-43e0-bf4c-06f5698ffbd9}","Microsoft-Windows-Sysmon","S-1-5-18","7","2024-11-20T00:11:02.9369833Z","3","{'arch':2,'did':'','event_id':'977123e2-c14f-4919-a165-5f9d486b5f14','event_time':1732061418801,'event_type':'WEL','ext_ip':'108.171.103.70','hostname':'hl-ws04.homelab.local','iid':'7e99630d-d276-4169-bd11-c23115a848fa','int_ip':'10.100.100.133','moduleid':2,'oid':'27c3229e-7f58-40c8-ad1a-799ff00e1781','plat':268435456,'sid':'20884ef9-0b46-4a29-9d58-832837729b10','tags':['workstations'],'this':'515b20262c94b3433efec9b0673d28ea'}",2,"","977123e2-c14f-4919-a165-5f9d486b5f14",1732061418801,"WEL","108.171.103.70","hl-ws04.homelab.local","7e99630d-d276-4169-bd11-c23115a848fa","10.100.100.133",2,"27c3229e-7f58-40c8-ad1a-799ff00e1781",268435456,"20884ef9-0b46-4a29-9d58-832837729b10","['workstations']","515b20262c94b3433efec9b0673d28ea"
"2024-11-20 00:10:18","{'EventData':{'Company':'Microsoft Corporation','Description':'Microsoft WinRT Storage API','FileVersion':'10.0.19041.4957 (WinBuild.160101.0800)','Hashes':'MD5=D699288FC13D16ED812A411543C2EA17,SHA256=2780EC2FBCE8F774D42F13DFB2BE2D6C7F0E25390ECDBA8E1C648926A59A53DF,IMPHASH=6A606534006413D46D94744CC8620243','Image':'C:\\Users\\pparker\\Downloads\\DriverUpdate_1_2.exe','ImageLoaded':'C:\\Windows\\SysWOW64\\windows.storage.dll','OriginalFileName':'Windows.Storage.dll','ProcessGuid':'{7b34ed3d-23cf-673d-b302-000000000b00}','ProcessId':'2920','Product':'Microsoft® Windows® Operating System','RuleName':'-','Signature':'Microsoft Windows','SignatureStatus':'Valid','Signed':'true','User':'HOMELAB\\pparker','UtcTime':'2024-11-20 00:11:02.981'},'System':{'Channel':'Microsoft-Windows-Sysmon/Operational','Computer':'HL-WS04.HOMELAB.local','Correlation':'','EventID':'7','EventRecordID':'17814','Execution':{'ProcessID':'2052','ThreadID':'3948'},'Keywords':'0x8000000000000000','Level':'4','Opcode':'0','Provider':{'Guid':'{5770385f-c22a-43e0-bf4c-06f5698ffbd9}','Name':'Microsoft-Windows-Sysmon'},'Security':{'UserID':'S-1-5-18'},'Task':'7','TimeCreated':{'SystemTime':'2024-11-20T00:11:02.9875077Z'},'Version':'3','_event_id':'7'}}","{'Company':'Microsoft Corporation','Description':'Microsoft WinRT Storage API','FileVersion':'10.0.19041.4957 (WinBuild.160101.0800)','Hashes':'MD5=D699288FC13D16ED812A411543C2EA17,SHA256=2780EC2FBCE8F774D42F13DFB2BE2D6C7F0E25390ECDBA8E1C648926A59A53DF,IMPHASH=6A606534006413D46D94744CC8620243','Image':'C:\\Users\\pparker\\Downloads\\DriverUpdate_1_2.exe','ImageLoaded':'C:\\Windows\\SysWOW64\\windows.storage.dll','OriginalFileName':'Windows.Storage.dll','ProcessGuid':'{7b34ed3d-23cf-673d-b302-000000000b00}','ProcessId':'2920','Product':'Microsoft® Windows® Operating System','RuleName':'-','Signature':'Microsoft Windows','SignatureStatus':'Valid','Signed':'true','User':'HOMELAB\\pparker','UtcTime':'2024-11-20 00:11:02.981'}",,"Microsoft Corporation",,,"Microsoft WinRT Storage API",,,,,,,,"10.0.19041.4957 (WinBuild.160101.0800)","MD5=D699288FC13D16ED812A411543C2EA17,SHA256=2780EC2FBCE8F774D42F13DFB2BE2D6C7F0E25390ECDBA8E1C648926A59A53DF,IMPHASH=6A606534006413D46D94744CC8620243","C:\Users\pparker\Downloads\DriverUpdate_1_2.exe","C:\Windows\SysWOW64\windows.storage.dll",,,,,"Windows.Storage.dll",,,,,,"{7b34ed3d-23cf-673d-b302-000000000b00}","2920","Microsoft® Windows® Operating System",,"-","Microsoft Windows","Valid","true",,,,,,,,,"HOMELAB\pparker","2024-11-20 00:11:02.981","{'Channel':'Microsoft-Windows-Sysmon/Operational','Computer':'HL-WS04.HOMELAB.local','Correlation':'','EventID':'7','EventRecordID':'17814','Execution':{'ProcessID':'2052','ThreadID':'3948'},'Keywords':'0x8000000000000000','Level':'4','Opcode':'0','Provider':{'Guid':'{5770385f-c22a-43e0-bf4c-06f5698ffbd9}','Name':'Microsoft-Windows-Sysmon'},'Security':{'UserID':'S-1-5-18'},'Task':'7','TimeCreated':{'SystemTime':'2024-11-20T00:11:02.9875077Z'},'Version':'3','_event_id':'7'}","7","Microsoft-Windows-Sysmon/Operational","HL-WS04.HOMELAB.local","","7","17814","{'ProcessID':'2052','ThreadID':'3948'}","2052","3948","0x8000000000000000","4","0","{'Guid':'{5770385f-c22a-43e0-bf4c-06f5698ffbd9}','Name':'Microsoft-Windows-Sysmon'}","{5770385f-c22a-43e0-bf4c-06f5698ffbd9}","Microsoft-Windows-Sysmon","S-1-5-18","7","2024-11-20T00:11:02.9875077Z","3","{'arch':2,'did':'','event_id':'34f00d10-ada0-4bf2-b142-774e95007858','event_time':1732061418801,'event_type':'WEL','ext_ip':'108.171.103.70','hostname':'hl-ws04.homelab.local','iid':'7e99630d-d276-4169-bd11-c23115a848fa','int_ip':'10.100.100.133','moduleid':2,'oid':'27c3229e-7f58-40c8-ad1a-799ff00e1781','plat':268435456,'sid':'20884ef9-0b46-4a29-9d58-832837729b10','tags':['workstations'],'this':'d109701f5d42e4510b079c53673d28ea'}",2,"","34f00d10-ada0-4bf2-b142-774e95007858",1732061418801,"WEL","108.171.103.70","hl-ws04.homelab.local","7e99630d-d276-4169-bd11-c23115a848fa","10.100.100.133",2,"27c3229e-7f58-40c8-ad1a-799ff00e1781",268435456,"20884ef9-0b46-4a29-9d58-832837729b10","['workstations']","d109701f5d42e4510b079c53673d28ea"
