"2024-11-19 23:47:46","{'EventData':{'Company':'Microsoft Corporation','Description':'Windows File Protection','FileVersion':'10.0.19041.4842 (WinBuild.160101.0800)','Hashes':'MD5=30C52B48550C1624E6582B55FF8F5E40,SHA256=72C44D76FBAE892D9B9431146CD162BEDA3ACA0072D5B58028BFD73286E13D5D,IMPHASH=3BC0CDB02B59F7C5EC49B1180EECD9DC','Image':'C:\\Users\\pparker\\Downloads\\DriverUpdate_1_2.exe','ImageLoaded':'C:\\Windows\\SysWOW64\\sfc_os.dll','OriginalFileName':'sfc_os.dll','ProcessGuid':'{7b34ed3d-23cf-673d-b302-000000000b00}','ProcessId':'2920','Product':'Microsoft® Windows® Operating System','RuleName':'-','Signature':'Microsoft Windows','SignatureStatus':'Valid','Signed':'true','User':'HOMELAB\\pparker','UtcTime':'2024-11-19 23:48:31.568'},'System':{'Channel':'Microsoft-Windows-Sysmon/Operational','Computer':'HL-WS04.HOMELAB.local','Correlation':'','EventID':'7','EventRecordID':'12882','Execution':{'ProcessID':'2052','ThreadID':'4064'},'Keywords':'0x8000000000000000','Level':'4','Opcode':'0','Provider':{'Guid':'{5770385f-c22a-43e0-bf4c-06f5698ffbd9}','Name':'Microsoft-Windows-Sysmon'},'Security':{'UserID':'S-1-5-18'},'Task':'7','TimeCreated':{'SystemTime':'2024-11-19T23:48:32.0620330Z'},'Version':'3','_event_id':'7'}}","{'Company':'Microsoft Corporation','Description':'Windows File Protection','FileVersion':'10.0.19041.4842 (WinBuild.160101.0800)','Hashes':'MD5=30C52B48550C1624E6582B55FF8F5E40,SHA256=72C44D76FBAE892D9B9431146CD162BEDA3ACA0072D5B58028BFD73286E13D5D,IMPHASH=3BC0CDB02B59F7C5EC49B1180EECD9DC','Image':'C:\\Users\\pparker\\Downloads\\DriverUpdate_1_2.exe','ImageLoaded':'C:\\Windows\\SysWOW64\\sfc_os.dll','OriginalFileName':'sfc_os.dll','ProcessGuid':'{7b34ed3d-23cf-673d-b302-000000000b00}','ProcessId':'2920','Product':'Microsoft® Windows® Operating System','RuleName':'-','Signature':'Microsoft Windows','SignatureStatus':'Valid','Signed':'true','User':'HOMELAB\\pparker','UtcTime':'2024-11-19 23:48:31.568'}",,"Microsoft Corporation",,,"Windows File Protection",,,,,,,,"10.0.19041.4842 (WinBuild.160101.0800)","MD5=30C52B48550C1624E6582B55FF8F5E40,SHA256=72C44D76FBAE892D9B9431146CD162BEDA3ACA0072D5B58028BFD73286E13D5D,IMPHASH=3BC0CDB02B59F7C5EC49B1180EECD9DC","C:\Users\pparker\Downloads\DriverUpdate_1_2.exe","C:\Windows\SysWOW64\sfc_os.dll",,,,,"sfc_os.dll",,,,,,"{7b34ed3d-23cf-673d-b302-000000000b00}","2920","Microsoft® Windows® Operating System",,"-","Microsoft Windows","Valid","true",,,,,,,,,"HOMELAB\pparker","2024-11-19 23:48:31.568","{'Channel':'Microsoft-Windows-Sysmon/Operational','Computer':'HL-WS04.HOMELAB.local','Correlation':'','EventID':'7','EventRecordID':'12882','Execution':{'ProcessID':'2052','ThreadID':'4064'},'Keywords':'0x8000000000000000','Level':'4','Opcode':'0','Provider':{'Guid':'{5770385f-c22a-43e0-bf4c-06f5698ffbd9}','Name':'Microsoft-Windows-Sysmon'},'Security':{'UserID':'S-1-5-18'},'Task':'7','TimeCreated':{'SystemTime':'2024-11-19T23:48:32.0620330Z'},'Version':'3','_event_id':'7'}","7","Microsoft-Windows-Sysmon/Operational","HL-WS04.HOMELAB.local","","7","12882","{'ProcessID':'2052','ThreadID':'4064'}","2052","4064","0x8000000000000000","4","0","{'Guid':'{5770385f-c22a-43e0-bf4c-06f5698ffbd9}','Name':'Microsoft-Windows-Sysmon'}","{5770385f-c22a-43e0-bf4c-06f5698ffbd9}","Microsoft-Windows-Sysmon","S-1-5-18","7","2024-11-19T23:48:32.0620330Z","3","{'arch':2,'did':'','event_id':'30b790d5-3aeb-4754-8dcd-81e246b6e488','event_time':1732060066272,'event_type':'WEL','ext_ip':'108.171.103.70','hostname':'hl-ws04.homelab.local','iid':'7e99630d-d276-4169-bd11-c23115a848fa','int_ip':'10.100.100.133','moduleid':2,'oid':'27c3229e-7f58-40c8-ad1a-799ff00e1781','plat':268435456,'sid':'20884ef9-0b46-4a29-9d58-832837729b10','tags':['workstations'],'this':'72ba7454cd819c26081d79fb673d23a2'}",2,"","30b790d5-3aeb-4754-8dcd-81e246b6e488",1732060066272,"WEL","108.171.103.70","hl-ws04.homelab.local","7e99630d-d276-4169-bd11-c23115a848fa","10.100.100.133",2,"27c3229e-7f58-40c8-ad1a-799ff00e1781",268435456,"20884ef9-0b46-4a29-9d58-832837729b10","['workstations']","72ba7454cd819c26081d79fb673d23a2"
"2024-11-19 23:47:46","{'EventData':{'Company':'Microsoft Corporation','Description':'Multi-User Windows IMM32 API Client DLL','FileVersion':'10.0.19041.4474 (WinBuild.160101.0800)','Hashes':'MD5=B69D292E1271C3F13876C05090017C7D,SHA256=EA85A32F968DF691768967A1FB4AA8819CB8A65E6B429B2401CBD5CC4CCFC891,IMPHASH=0A59C266C86B725AFF2A51A9A37BF73C','Image':'C:\\Users\\pparker\\Downloads\\DriverUpdate_1_2.exe','ImageLoaded':'C:\\Windows\\SysWOW64\\imm32.dll','OriginalFileName':'imm32','ProcessGuid':'{7b34ed3d-23cf-673d-b302-000000000b00}','ProcessId':'2920','Product':'Microsoft® Windows® Operating System','RuleName':'-','Signature':'Microsoft Windows','SignatureStatus':'Valid','Signed':'true','User':'HOMELAB\\pparker','UtcTime':'2024-11-19 23:48:31.584'},'System':{'Channel':'Microsoft-Windows-Sysmon/Operational','Computer':'HL-WS04.HOMELAB.local','Correlation':'','EventID':'7','EventRecordID':'12883','Execution':{'ProcessID':'2052','ThreadID':'4064'},'Keywords':'0x8000000000000000','Level':'4','Opcode':'0','Provider':{'Guid':'{5770385f-c22a-43e0-bf4c-06f5698ffbd9}','Name':'Microsoft-Windows-Sysmon'},'Security':{'UserID':'S-1-5-18'},'Task':'7','TimeCreated':{'SystemTime':'2024-11-19T23:48:32.0684730Z'},'Version':'3','_event_id':'7'}}","{'Company':'Microsoft Corporation','Description':'Multi-User Windows IMM32 API Client DLL','FileVersion':'10.0.19041.4474 (WinBuild.160101.0800)','Hashes':'MD5=B69D292E1271C3F13876C05090017C7D,SHA256=EA85A32F968DF691768967A1FB4AA8819CB8A65E6B429B2401CBD5CC4CCFC891,IMPHASH=0A59C266C86B725AFF2A51A9A37BF73C','Image':'C:\\Users\\pparker\\Downloads\\DriverUpdate_1_2.exe','ImageLoaded':'C:\\Windows\\SysWOW64\\imm32.dll','OriginalFileName':'imm32','ProcessGuid':'{7b34ed3d-23cf-673d-b302-000000000b00}','ProcessId':'2920','Product':'Microsoft® Windows® Operating System','RuleName':'-','Signature':'Microsoft Windows','SignatureStatus':'Valid','Signed':'true','User':'HOMELAB\\pparker','UtcTime':'2024-11-19 23:48:31.584'}",,"Microsoft Corporation",,,"Multi-User Windows IMM32 API Client DLL",,,,,,,,"10.0.19041.4474 (WinBuild.160101.0800)","MD5=B69D292E1271C3F13876C05090017C7D,SHA256=EA85A32F968DF691768967A1FB4AA8819CB8A65E6B429B2401CBD5CC4CCFC891,IMPHASH=0A59C266C86B725AFF2A51A9A37BF73C","C:\Users\pparker\Downloads\DriverUpdate_1_2.exe","C:\Windows\SysWOW64\imm32.dll",,,,,"imm32",,,,,,"{7b34ed3d-23cf-673d-b302-000000000b00}","2920","Microsoft® Windows® Operating System",,"-","Microsoft Windows","Valid","true",,,,,,,,,"HOMELAB\pparker","2024-11-19 23:48:31.584","{'Channel':'Microsoft-Windows-Sysmon/Operational','Computer':'HL-WS04.HOMELAB.local','Correlation':'','EventID':'7','EventRecordID':'12883','Execution':{'ProcessID':'2052','ThreadID':'4064'},'Keywords':'0x8000000000000000','Level':'4','Opcode':'0','Provider':{'Guid':'{5770385f-c22a-43e0-bf4c-06f5698ffbd9}','Name':'Microsoft-Windows-Sysmon'},'Security':{'UserID':'S-1-5-18'},'Task':'7','TimeCreated':{'SystemTime':'2024-11-19T23:48:32.0684730Z'},'Version':'3','_event_id':'7'}","7","Microsoft-Windows-Sysmon/Operational","HL-WS04.HOMELAB.local","","7","12883","{'ProcessID':'2052','ThreadID':'4064'}","2052","4064","0x8000000000000000","4","0","{'Guid':'{5770385f-c22a-43e0-bf4c-06f5698ffbd9}','Name':'Microsoft-Windows-Sysmon'}","{5770385f-c22a-43e0-bf4c-06f5698ffbd9}","Microsoft-Windows-Sysmon","S-1-5-18","7","2024-11-19T23:48:32.0684730Z","3","{'arch':2,'did':'','event_id':'01b5eb9c-7113-444d-929f-5f364e41caf8','event_time':1732060066272,'event_type':'WEL','ext_ip':'108.171.103.70','hostname':'hl-ws04.homelab.local','iid':'7e99630d-d276-4169-bd11-c23115a848fa','int_ip':'10.100.100.133','moduleid':2,'oid':'27c3229e-7f58-40c8-ad1a-799ff00e1781','plat':268435456,'sid':'20884ef9-0b46-4a29-9d58-832837729b10','tags':['workstations'],'this':'67e859fb109040daaffba67d673d23a2'}",2,"","01b5eb9c-7113-444d-929f-5f364e41caf8",1732060066272,"WEL","108.171.103.70","hl-ws04.homelab.local","7e99630d-d276-4169-bd11-c23115a848fa","10.100.100.133",2,"27c3229e-7f58-40c8-ad1a-799ff00e1781",268435456,"20884ef9-0b46-4a29-9d58-832837729b10","['workstations']","67e859fb109040daaffba67d673d23a2"
"2024-11-19 23:47:46","{'EventData':{'Company':'Microsoft Corporation','Description':'Windows Socket 2.0 32-Bit DLL','FileVersion':'10.0.19041.3636 (WinBuild.160101.0800)','Hashes':'MD5=FC4A6145DDD1B64983E8700601C71FC6,SHA256=5D920A7A5486E7C1693334D59271F2A59A64B59A8FA87FA4BA71AACCE4CDF8A6,IMPHASH=EE5D442F1418DBA7B8404A20C0DBBA4F','Image':'C:\\Users\\pparker\\Downloads\\DriverUpdate_1_2.exe','ImageLoaded':'C:\\Windows\\SysWOW64\\ws2_32.dll','OriginalFileName':'ws2_32.dll','ProcessGuid':'{7b34ed3d-23cf-673d-b302-000000000b00}','ProcessId':'2920','Product':'Microsoft® Windows® Operating System','RuleName':'-','Signature':'Microsoft Windows','SignatureStatus':'Valid','Signed':'true','User':'HOMELAB\\pparker','UtcTime':'2024-11-19 23:48:31.589'},'System':{'Channel':'Microsoft-Windows-Sysmon/Operational','Computer':'HL-WS04.HOMELAB.local','Correlation':'','EventID':'7','EventRecordID':'12884','Execution':{'ProcessID':'2052','ThreadID':'4064'},'Keywords':'0x8000000000000000','Level':'4','Opcode':'0','Provider':{'Guid':'{5770385f-c22a-43e0-bf4c-06f5698ffbd9}','Name':'Microsoft-Windows-Sysmon'},'Security':{'UserID':'S-1-5-18'},'Task':'7','TimeCreated':{'SystemTime':'2024-11-19T23:48:32.0817983Z'},'Version':'3','_event_id':'7'}}","{'Company':'Microsoft Corporation','Description':'Windows Socket 2.0 32-Bit DLL','FileVersion':'10.0.19041.3636 (WinBuild.160101.0800)','Hashes':'MD5=FC4A6145DDD1B64983E8700601C71FC6,SHA256=5D920A7A5486E7C1693334D59271F2A59A64B59A8FA87FA4BA71AACCE4CDF8A6,IMPHASH=EE5D442F1418DBA7B8404A20C0DBBA4F','Image':'C:\\Users\\pparker\\Downloads\\DriverUpdate_1_2.exe','ImageLoaded':'C:\\Windows\\SysWOW64\\ws2_32.dll','OriginalFileName':'ws2_32.dll','ProcessGuid':'{7b34ed3d-23cf-673d-b302-000000000b00}','ProcessId':'2920','Product':'Microsoft® Windows® Operating System','RuleName':'-','Signature':'Microsoft Windows','SignatureStatus':'Valid','Signed':'true','User':'HOMELAB\\pparker','UtcTime':'2024-11-19 23:48:31.589'}",,"Microsoft Corporation",,,"Windows Socket 2.0 32-Bit DLL",,,,,,,,"10.0.19041.3636 (WinBuild.160101.0800)","MD5=FC4A6145DDD1B64983E8700601C71FC6,SHA256=5D920A7A5486E7C1693334D59271F2A59A64B59A8FA87FA4BA71AACCE4CDF8A6,IMPHASH=EE5D442F1418DBA7B8404A20C0DBBA4F","C:\Users\pparker\Downloads\DriverUpdate_1_2.exe","C:\Windows\SysWOW64\ws2_32.dll",,,,,"ws2_32.dll",,,,,,"{7b34ed3d-23cf-673d-b302-000000000b00}","2920","Microsoft® Windows® Operating System",,"-","Microsoft Windows","Valid","true",,,,,,,,,"HOMELAB\pparker","2024-11-19 23:48:31.589","{'Channel':'Microsoft-Windows-Sysmon/Operational','Computer':'HL-WS04.HOMELAB.local','Correlation':'','EventID':'7','EventRecordID':'12884','Execution':{'ProcessID':'2052','ThreadID':'4064'},'Keywords':'0x8000000000000000','Level':'4','Opcode':'0','Provider':{'Guid':'{5770385f-c22a-43e0-bf4c-06f5698ffbd9}','Name':'Microsoft-Windows-Sysmon'},'Security':{'UserID':'S-1-5-18'},'Task':'7','TimeCreated':{'SystemTime':'2024-11-19T23:48:32.0817983Z'},'Version':'3','_event_id':'7'}","7","Microsoft-Windows-Sysmon/Operational","HL-WS04.HOMELAB.local","","7","12884","{'ProcessID':'2052','ThreadID':'4064'}","2052","4064","0x8000000000000000","4","0","{'Guid':'{5770385f-c22a-43e0-bf4c-06f5698ffbd9}','Name':'Microsoft-Windows-Sysmon'}","{5770385f-c22a-43e0-bf4c-06f5698ffbd9}","Microsoft-Windows-Sysmon","S-1-5-18","7","2024-11-19T23:48:32.0817983Z","3","{'arch':2,'did':'','event_id':'027dbaa0-c920-4be1-af5b-4892faad5384','event_time':1732060066272,'event_type':'WEL','ext_ip':'108.171.103.70','hostname':'hl-ws04.homelab.local','iid':'7e99630d-d276-4169-bd11-c23115a848fa','int_ip':'10.100.100.133','moduleid':2,'oid':'27c3229e-7f58-40c8-ad1a-799ff00e1781','plat':268435456,'sid':'20884ef9-0b46-4a29-9d58-832837729b10','tags':['workstations'],'this':'36be19718910901d38b1eb38673d23a2'}",2,"","027dbaa0-c920-4be1-af5b-4892faad5384",1732060066272,"WEL","108.171.103.70","hl-ws04.homelab.local","7e99630d-d276-4169-bd11-c23115a848fa","10.100.100.133",2,"27c3229e-7f58-40c8-ad1a-799ff00e1781",268435456,"20884ef9-0b46-4a29-9d58-832837729b10","['workstations']","36be19718910901d38b1eb38673d23a2"
"2024-11-19 23:47:46","{'EventData':{'Company':'Microsoft Corporation','Description':'Windows Socket 32-Bit DLL','FileVersion':'10.0.19041.1 (WinBuild.160101.0800)','Hashes':'MD5=8AFEEDA0F4402A363E9BBE612270554A,SHA256=3C6F947118F434BC2070E90BE7FC487FD413A02F58296F17024915873D15C4F8,IMPHASH=A19CFAB1A21C41E96EFE91202CA2074F','Image':'C:\\Users\\pparker\\Downloads\\DriverUpdate_1_2.exe','ImageLoaded':'C:\\Windows\\SysWOW64\\wsock32.dll','OriginalFileName':'wsock32.dll','ProcessGuid':'{7b34ed3d-23cf-673d-b302-000000000b00}','ProcessId':'2920','Product':'Microsoft® Windows® Operating System','RuleName':'-','Signature':'Microsoft Windows','SignatureStatus':'Valid','Signed':'true','User':'HOMELAB\\pparker','UtcTime':'2024-11-19 23:48:31.590'},'System':{'Channel':'Microsoft-Windows-Sysmon/Operational','Computer':'HL-WS04.HOMELAB.local','Correlation':'','EventID':'7','EventRecordID':'12885','Execution':{'ProcessID':'2052','ThreadID':'4064'},'Keywords':'0x8000000000000000','Level':'4','Opcode':'0','Provider':{'Guid':'{5770385f-c22a-43e0-bf4c-06f5698ffbd9}','Name':'Microsoft-Windows-Sysmon'},'Security':{'UserID':'S-1-5-18'},'Task':'7','TimeCreated':{'SystemTime':'2024-11-19T23:48:32.0953269Z'},'Version':'3','_event_id':'7'}}","{'Company':'Microsoft Corporation','Description':'Windows Socket 32-Bit DLL','FileVersion':'10.0.19041.1 (WinBuild.160101.0800)','Hashes':'MD5=8AFEEDA0F4402A363E9BBE612270554A,SHA256=3C6F947118F434BC2070E90BE7FC487FD413A02F58296F17024915873D15C4F8,IMPHASH=A19CFAB1A21C41E96EFE91202CA2074F','Image':'C:\\Users\\pparker\\Downloads\\DriverUpdate_1_2.exe','ImageLoaded':'C:\\Windows\\SysWOW64\\wsock32.dll','OriginalFileName':'wsock32.dll','ProcessGuid':'{7b34ed3d-23cf-673d-b302-000000000b00}','ProcessId':'2920','Product':'Microsoft® Windows® Operating System','RuleName':'-','Signature':'Microsoft Windows','SignatureStatus':'Valid','Signed':'true','User':'HOMELAB\\pparker','UtcTime':'2024-11-19 23:48:31.590'}",,"Microsoft Corporation",,,"Windows Socket 32-Bit DLL",,,,,,,,"10.0.19041.1 (WinBuild.160101.0800)","MD5=8AFEEDA0F4402A363E9BBE612270554A,SHA256=3C6F947118F434BC2070E90BE7FC487FD413A02F58296F17024915873D15C4F8,IMPHASH=A19CFAB1A21C41E96EFE91202CA2074F","C:\Users\pparker\Downloads\DriverUpdate_1_2.exe","C:\Windows\SysWOW64\wsock32.dll",,,,,"wsock32.dll",,,,,,"{7b34ed3d-23cf-673d-b302-000000000b00}","2920","Microsoft® Windows® Operating System",,"-","Microsoft Windows","Valid","true",,,,,,,,,"HOMELAB\pparker","2024-11-19 23:48:31.590","{'Channel':'Microsoft-Windows-Sysmon/Operational','Computer':'HL-WS04.HOMELAB.local','Correlation':'','EventID':'7','EventRecordID':'12885','Execution':{'ProcessID':'2052','ThreadID':'4064'},'Keywords':'0x8000000000000000','Level':'4','Opcode':'0','Provider':{'Guid':'{5770385f-c22a-43e0-bf4c-06f5698ffbd9}','Name':'Microsoft-Windows-Sysmon'},'Security':{'UserID':'S-1-5-18'},'Task':'7','TimeCreated':{'SystemTime':'2024-11-19T23:48:32.0953269Z'},'Version':'3','_event_id':'7'}","7","Microsoft-Windows-Sysmon/Operational","HL-WS04.HOMELAB.local","","7","12885","{'ProcessID':'2052','ThreadID':'4064'}","2052","4064","0x8000000000000000","4","0","{'Guid':'{5770385f-c22a-43e0-bf4c-06f5698ffbd9}','Name':'Microsoft-Windows-Sysmon'}","{5770385f-c22a-43e0-bf4c-06f5698ffbd9}","Microsoft-Windows-Sysmon","S-1-5-18","7","2024-11-19T23:48:32.0953269Z","3","{'arch':2,'did':'','event_id':'d56438ca-3d23-43b8-883c-f14fe7559595','event_time':1732060066272,'event_type':'WEL','ext_ip':'108.171.103.70','hostname':'hl-ws04.homelab.local','iid':'7e99630d-d276-4169-bd11-c23115a848fa','int_ip':'10.100.100.133','moduleid':2,'oid':'27c3229e-7f58-40c8-ad1a-799ff00e1781','plat':268435456,'sid':'20884ef9-0b46-4a29-9d58-832837729b10','tags':['workstations'],'this':'59e0f95d9626491def146988673d23a2'}",2,"","d56438ca-3d23-43b8-883c-f14fe7559595",1732060066272,"WEL","108.171.103.70","hl-ws04.homelab.local","7e99630d-d276-4169-bd11-c23115a848fa","10.100.100.133",2,"27c3229e-7f58-40c8-ad1a-799ff00e1781",268435456,"20884ef9-0b46-4a29-9d58-832837729b10","['workstations']","59e0f95d9626491def146988673d23a2"
"2024-11-19 23:47:46","{'EventData':{'Company':'Microsoft Corporation','Description':'Microsoft Windows Sockets 2.0 Service Provider','FileVersion':'10.0.19041.3636 (WinBuild.160101.0800)','Hashes':'MD5=CC514B14DED2CBFE8D2EF9C2D16F3341,SHA256=7CB9D857993AACCF60F2FEDB21D92A896AEFDABA923E6E0D4BA85E2CD97CC07A,IMPHASH=071027C1CB3C97B7FB28CFC5C2C5A45C','Image':'C:\\Users\\pparker\\Downloads\\DriverUpdate_1_2.exe','ImageLoaded':'C:\\Windows\\SysWOW64\\mswsock.dll','OriginalFileName':'mswsock.dll','ProcessGuid':'{7b34ed3d-23cf-673d-b302-000000000b00}','ProcessId':'2920','Product':'Microsoft® Windows® Operating System','RuleName':'-','Signature':'Microsoft Windows','SignatureStatus':'Valid','Signed':'true','User':'HOMELAB\\pparker','UtcTime':'2024-11-19 23:48:31.592'},'System':{'Channel':'Microsoft-Windows-Sysmon/Operational','Computer':'HL-WS04.HOMELAB.local','Correlation':'','EventID':'7','EventRecordID':'12886','Execution':{'ProcessID':'2052','ThreadID':'4064'},'Keywords':'0x8000000000000000','Level':'4','Opcode':'0','Provider':{'Guid':'{5770385f-c22a-43e0-bf4c-06f5698ffbd9}','Name':'Microsoft-Windows-Sysmon'},'Security':{'UserID':'S-1-5-18'},'Task':'7','TimeCreated':{'SystemTime':'2024-11-19T23:48:32.1102272Z'},'Version':'3','_event_id':'7'}}","{'Company':'Microsoft Corporation','Description':'Microsoft Windows Sockets 2.0 Service Provider','FileVersion':'10.0.19041.3636 (WinBuild.160101.0800)','Hashes':'MD5=CC514B14DED2CBFE8D2EF9C2D16F3341,SHA256=7CB9D857993AACCF60F2FEDB21D92A896AEFDABA923E6E0D4BA85E2CD97CC07A,IMPHASH=071027C1CB3C97B7FB28CFC5C2C5A45C','Image':'C:\\Users\\pparker\\Downloads\\DriverUpdate_1_2.exe','ImageLoaded':'C:\\Windows\\SysWOW64\\mswsock.dll','OriginalFileName':'mswsock.dll','ProcessGuid':'{7b34ed3d-23cf-673d-b302-000000000b00}','ProcessId':'2920','Product':'Microsoft® Windows® Operating System','RuleName':'-','Signature':'Microsoft Windows','SignatureStatus':'Valid','Signed':'true','User':'HOMELAB\\pparker','UtcTime':'2024-11-19 23:48:31.592'}",,"Microsoft Corporation",,,"Microsoft Windows Sockets 2.0 Service Provider",,,,,,,,"10.0.19041.3636 (WinBuild.160101.0800)","MD5=CC514B14DED2CBFE8D2EF9C2D16F3341,SHA256=7CB9D857993AACCF60F2FEDB21D92A896AEFDABA923E6E0D4BA85E2CD97CC07A,IMPHASH=071027C1CB3C97B7FB28CFC5C2C5A45C","C:\Users\pparker\Downloads\DriverUpdate_1_2.exe","C:\Windows\SysWOW64\mswsock.dll",,,,,"mswsock.dll",,,,,,"{7b34ed3d-23cf-673d-b302-000000000b00}","2920","Microsoft® Windows® Operating System",,"-","Microsoft Windows","Valid","true",,,,,,,,,"HOMELAB\pparker","2024-11-19 23:48:31.592","{'Channel':'Microsoft-Windows-Sysmon/Operational','Computer':'HL-WS04.HOMELAB.local','Correlation':'','EventID':'7','EventRecordID':'12886','Execution':{'ProcessID':'2052','ThreadID':'4064'},'Keywords':'0x8000000000000000','Level':'4','Opcode':'0','Provider':{'Guid':'{5770385f-c22a-43e0-bf4c-06f5698ffbd9}','Name':'Microsoft-Windows-Sysmon'},'Security':{'UserID':'S-1-5-18'},'Task':'7','TimeCreated':{'SystemTime':'2024-11-19T23:48:32.1102272Z'},'Version':'3','_event_id':'7'}","7","Microsoft-Windows-Sysmon/Operational","HL-WS04.HOMELAB.local","","7","12886","{'ProcessID':'2052','ThreadID':'4064'}","2052","4064","0x8000000000000000","4","0","{'Guid':'{5770385f-c22a-43e0-bf4c-06f5698ffbd9}','Name':'Microsoft-Windows-Sysmon'}","{5770385f-c22a-43e0-bf4c-06f5698ffbd9}","Microsoft-Windows-Sysmon","S-1-5-18","7","2024-11-19T23:48:32.1102272Z","3","{'arch':2,'did':'','event_id':'96b7f791-b1ac-41cc-9492-5bf5df502219','event_time':1732060066273,'event_type':'WEL','ext_ip':'108.171.103.70','hostname':'hl-ws04.homelab.local','iid':'7e99630d-d276-4169-bd11-c23115a848fa','int_ip':'10.100.100.133','moduleid':2,'oid':'27c3229e-7f58-40c8-ad1a-799ff00e1781','plat':268435456,'sid':'20884ef9-0b46-4a29-9d58-832837729b10','tags':['workstations'],'this':'43e08f67fce72e8fc2f6435a673d23a2'}",2,"","96b7f791-b1ac-41cc-9492-5bf5df502219",1732060066273,"WEL","108.171.103.70","hl-ws04.homelab.local","7e99630d-d276-4169-bd11-c23115a848fa","10.100.100.133",2,"27c3229e-7f58-40c8-ad1a-799ff00e1781",268435456,"20884ef9-0b46-4a29-9d58-832837729b10","['workstations']","43e08f67fce72e8fc2f6435a673d23a2"
"2024-11-19 23:47:44","{'EventData':{'CommandLine':'\'C:\\Users\\pparker\\Downloads\\DriverUpdate_1_2.exe\'','Company':'Apache Software Foundation','CurrentDirectory':'C:\\Users\\pparker\\Downloads\\','Description':'ApacheBench command line utility','FileVersion':'2.2.14','Hashes':'MD5=36DDA9AB653D77A51DB3EDA5E962C2CF,SHA256=D4677D4BB7D14E5ACA484F3A082D88649FD07624223FC421510913BD38692FCD,IMPHASH=481F47BBB2C9C21E108D65F52B04C448','Image':'C:\\Users\\pparker\\Downloads\\DriverUpdate_1_2.exe','IntegrityLevel':'Medium','LogonGuid':'{7b34ed3d-4002-6730-ceff-4b0000000000}','LogonId':'0x4bffce','OriginalFileName':'ab.exe','ParentCommandLine':'\'C:\\Program Files (x86)\\Microsoft\\Edge\\Application\\msedge.exe\' --no-startup-window --win-session-start','ParentImage':'C:\\Program Files (x86)\\Microsoft\\Edge\\Application\\msedge.exe','ParentProcessGuid':'{7b34ed3d-1f11-673d-ab01-000000000b00}','ParentProcessId':'3088','ParentUser':'HOMELAB\\pparker','ProcessGuid':'{7b34ed3d-23cd-673d-b002-000000000b00}','ProcessId':'6896','Product':'Apache HTTP Server','RuleName':'-','TerminalSessionId':'2','User':'HOMELAB\\pparker','UtcTime':'2024-11-19 23:48:29.481'},'System':{'Channel':'Microsoft-Windows-Sysmon/Operational','Computer':'HL-WS04.HOMELAB.local','Correlation':'','EventID':'1','EventRecordID':'12800','Execution':{'ProcessID':'2052','ThreadID':'3948'},'Keywords':'0x8000000000000000','Level':'4','Opcode':'0','Provider':{'Guid':'{5770385f-c22a-43e0-bf4c-06f5698ffbd9}','Name':'Microsoft-Windows-Sysmon'},'Security':{'UserID':'S-1-5-18'},'Task':'1','TimeCreated':{'SystemTime':'2024-11-19T23:48:29.4865576Z'},'Version':'5','_event_id':'1'}}","{'CommandLine':'\'C:\\Users\\pparker\\Downloads\\DriverUpdate_1_2.exe\'','Company':'Apache Software Foundation','CurrentDirectory':'C:\\Users\\pparker\\Downloads\\','Description':'ApacheBench command line utility','FileVersion':'2.2.14','Hashes':'MD5=36DDA9AB653D77A51DB3EDA5E962C2CF,SHA256=D4677D4BB7D14E5ACA484F3A082D88649FD07624223FC421510913BD38692FCD,IMPHASH=481F47BBB2C9C21E108D65F52B04C448','Image':'C:\\Users\\pparker\\Downloads\\DriverUpdate_1_2.exe','IntegrityLevel':'Medium','LogonGuid':'{7b34ed3d-4002-6730-ceff-4b0000000000}','LogonId':'0x4bffce','OriginalFileName':'ab.exe','ParentCommandLine':'\'C:\\Program Files (x86)\\Microsoft\\Edge\\Application\\msedge.exe\' --no-startup-window --win-session-start','ParentImage':'C:\\Program Files (x86)\\Microsoft\\Edge\\Application\\msedge.exe','ParentProcessGuid':'{7b34ed3d-1f11-673d-ab01-000000000b00}','ParentProcessId':'3088','ParentUser':'HOMELAB\\pparker','ProcessGuid':'{7b34ed3d-23cd-673d-b002-000000000b00}','ProcessId':'6896','Product':'Apache HTTP Server','RuleName':'-','TerminalSessionId':'2','User':'HOMELAB\\pparker','UtcTime':'2024-11-19 23:48:29.481'}","'C:\Users\pparker\Downloads\DriverUpdate_1_2.exe'","Apache Software Foundation",,"C:\Users\pparker\Downloads\","ApacheBench command line utility",,,,,,,,"2.2.14","MD5=36DDA9AB653D77A51DB3EDA5E962C2CF,SHA256=D4677D4BB7D14E5ACA484F3A082D88649FD07624223FC421510913BD38692FCD,IMPHASH=481F47BBB2C9C21E108D65F52B04C448","C:\Users\pparker\Downloads\DriverUpdate_1_2.exe",,,"Medium","{7b34ed3d-4002-6730-ceff-4b0000000000}","0x4bffce","ab.exe","'C:\Program Files (x86)\Microsoft\Edge\Application\msedge.exe' --no-startup-window --win-session-start","C:\Program Files (x86)\Microsoft\Edge\Application\msedge.exe","{7b34ed3d-1f11-673d-ab01-000000000b00}","3088","HOMELAB\pparker","{7b34ed3d-23cd-673d-b002-000000000b00}","6896","Apache HTTP Server",,"-",,,,,,,,,,,"2","HOMELAB\pparker","2024-11-19 23:48:29.481","{'Channel':'Microsoft-Windows-Sysmon/Operational','Computer':'HL-WS04.HOMELAB.local','Correlation':'','EventID':'1','EventRecordID':'12800','Execution':{'ProcessID':'2052','ThreadID':'3948'},'Keywords':'0x8000000000000000','Level':'4','Opcode':'0','Provider':{'Guid':'{5770385f-c22a-43e0-bf4c-06f5698ffbd9}','Name':'Microsoft-Windows-Sysmon'},'Security':{'UserID':'S-1-5-18'},'Task':'1','TimeCreated':{'SystemTime':'2024-11-19T23:48:29.4865576Z'},'Version':'5','_event_id':'1'}","1","Microsoft-Windows-Sysmon/Operational","HL-WS04.HOMELAB.local","","1","12800","{'ProcessID':'2052','ThreadID':'3948'}","2052","3948","0x8000000000000000","4","0","{'Guid':'{5770385f-c22a-43e0-bf4c-06f5698ffbd9}','Name':'Microsoft-Windows-Sysmon'}","{5770385f-c22a-43e0-bf4c-06f5698ffbd9}","Microsoft-Windows-Sysmon","S-1-5-18","1","2024-11-19T23:48:29.4865576Z","5","{'arch':2,'did':'','event_id':'5225699d-c339-449a-bbd7-21af782d5594','event_time':1732060064474,'event_type':'WEL','ext_ip':'108.171.103.70','hostname':'hl-ws04.homelab.local','iid':'7e99630d-d276-4169-bd11-c23115a848fa','int_ip':'10.100.100.133','moduleid':2,'oid':'27c3229e-7f58-40c8-ad1a-799ff00e1781','plat':268435456,'sid':'20884ef9-0b46-4a29-9d58-832837729b10','tags':['workstations'],'this':'fd2748f60036aa817e96056e673d23a0'}",2,"","5225699d-c339-449a-bbd7-21af782d5594",1732060064474,"WEL","108.171.103.70","hl-ws04.homelab.local","7e99630d-d276-4169-bd11-c23115a848fa","10.100.100.133",2,"27c3229e-7f58-40c8-ad1a-799ff00e1781",268435456,"20884ef9-0b46-4a29-9d58-832837729b10","['workstations']","fd2748f60036aa817e96056e673d23a0"
"2024-11-19 23:47:44","{'EventData':{'Company':'Microsoft Corporation','Description':'NT Layer DLL','FileVersion':'10.0.19041.5007 (WinBuild.160101.0800)','Hashes':'MD5=97603DC4DF5410CCF9A23A59F14C5B2F,SHA256=0342ED124EE25C76B6B6284F2C4DC3BEDE90C18C1122C36EC2424A8F5332C3BA,IMPHASH=00000000000000000000000000000000','Image':'C:\\Users\\pparker\\Downloads\\DriverUpdate_1_2.exe','ImageLoaded':'C:\\Windows\\System32\\ntdll.dll','OriginalFileName':'ntdll.dll','ProcessGuid':'{7b34ed3d-23cd-673d-b002-000000000b00}','ProcessId':'6896','Product':'Microsoft® Windows® Operating System','RuleName':'-','Signature':'Microsoft Windows','SignatureStatus':'Valid','Signed':'true','User':'HOMELAB\\pparker','UtcTime':'2024-11-19 23:48:29.487'},'System':{'Channel':'Microsoft-Windows-Sysmon/Operational','Computer':'HL-WS04.HOMELAB.local','Correlation':'','EventID':'7','EventRecordID':'12801','Execution':{'ProcessID':'2052','ThreadID':'3948'},'Keywords':'0x8000000000000000','Level':'4','Opcode':'0','Provider':{'Guid':'{5770385f-c22a-43e0-bf4c-06f5698ffbd9}','Name':'Microsoft-Windows-Sysmon'},'Security':{'UserID':'S-1-5-18'},'Task':'7','TimeCreated':{'SystemTime':'2024-11-19T23:48:29.4984754Z'},'Version':'3','_event_id':'7'}}","{'Company':'Microsoft Corporation','Description':'NT Layer DLL','FileVersion':'10.0.19041.5007 (WinBuild.160101.0800)','Hashes':'MD5=97603DC4DF5410CCF9A23A59F14C5B2F,SHA256=0342ED124EE25C76B6B6284F2C4DC3BEDE90C18C1122C36EC2424A8F5332C3BA,IMPHASH=00000000000000000000000000000000','Image':'C:\\Users\\pparker\\Downloads\\DriverUpdate_1_2.exe','ImageLoaded':'C:\\Windows\\System32\\ntdll.dll','OriginalFileName':'ntdll.dll','ProcessGuid':'{7b34ed3d-23cd-673d-b002-000000000b00}','ProcessId':'6896','Product':'Microsoft® Windows® Operating System','RuleName':'-','Signature':'Microsoft Windows','SignatureStatus':'Valid','Signed':'true','User':'HOMELAB\\pparker','UtcTime':'2024-11-19 23:48:29.487'}",,"Microsoft Corporation",,,"NT Layer DLL",,,,,,,,"10.0.19041.5007 (WinBuild.160101.0800)","MD5=97603DC4DF5410CCF9A23A59F14C5B2F,SHA256=0342ED124EE25C76B6B6284F2C4DC3BEDE90C18C1122C36EC2424A8F5332C3BA,IMPHASH=00000000000000000000000000000000","C:\Users\pparker\Downloads\DriverUpdate_1_2.exe","C:\Windows\System32\ntdll.dll",,,,,"ntdll.dll",,,,,,"{7b34ed3d-23cd-673d-b002-000000000b00}","6896","Microsoft® Windows® Operating System",,"-","Microsoft Windows","Valid","true",,,,,,,,,"HOMELAB\pparker","2024-11-19 23:48:29.487","{'Channel':'Microsoft-Windows-Sysmon/Operational','Computer':'HL-WS04.HOMELAB.local','Correlation':'','EventID':'7','EventRecordID':'12801','Execution':{'ProcessID':'2052','ThreadID':'3948'},'Keywords':'0x8000000000000000','Level':'4','Opcode':'0','Provider':{'Guid':'{5770385f-c22a-43e0-bf4c-06f5698ffbd9}','Name':'Microsoft-Windows-Sysmon'},'Security':{'UserID':'S-1-5-18'},'Task':'7','TimeCreated':{'SystemTime':'2024-11-19T23:48:29.4984754Z'},'Version':'3','_event_id':'7'}","7","Microsoft-Windows-Sysmon/Operational","HL-WS04.HOMELAB.local","","7","12801","{'ProcessID':'2052','ThreadID':'3948'}","2052","3948","0x8000000000000000","4","0","{'Guid':'{5770385f-c22a-43e0-bf4c-06f5698ffbd9}','Name':'Microsoft-Windows-Sysmon'}","{5770385f-c22a-43e0-bf4c-06f5698ffbd9}","Microsoft-Windows-Sysmon","S-1-5-18","7","2024-11-19T23:48:29.4984754Z","3","{'arch':2,'did':'','event_id':'dfcbd9ef-be77-479a-87cb-e65d5ac7a76a','event_time':1732060064475,'event_type':'WEL','ext_ip':'108.171.103.70','hostname':'hl-ws04.homelab.local','iid':'7e99630d-d276-4169-bd11-c23115a848fa','int_ip':'10.100.100.133','moduleid':2,'oid':'27c3229e-7f58-40c8-ad1a-799ff00e1781','plat':268435456,'sid':'20884ef9-0b46-4a29-9d58-832837729b10','tags':['workstations'],'this':'7ce0b2eb5c9bfa302c893792673d23a0'}",2,"","dfcbd9ef-be77-479a-87cb-e65d5ac7a76a",1732060064475,"WEL","108.171.103.70","hl-ws04.homelab.local","7e99630d-d276-4169-bd11-c23115a848fa","10.100.100.133",2,"27c3229e-7f58-40c8-ad1a-799ff00e1781",268435456,"20884ef9-0b46-4a29-9d58-832837729b10","['workstations']","7ce0b2eb5c9bfa302c893792673d23a0"
"2024-11-19 23:47:44","{'EventData':{'Image':'C:\\Users\\pparker\\Downloads\\DriverUpdate_1_2.exe','ProcessGuid':'{7b34ed3d-23cd-673d-b002-000000000b00}','ProcessId':'6896','RuleName':'-','User':'HOMELAB\\pparker','UtcTime':'2024-11-19 23:48:29.487'},'System':{'Channel':'Microsoft-Windows-Sysmon/Operational','Computer':'HL-WS04.HOMELAB.local','Correlation':'','EventID':'5','EventRecordID':'12802','Execution':{'ProcessID':'2052','ThreadID':'3948'},'Keywords':'0x8000000000000000','Level':'4','Opcode':'0','Provider':{'Guid':'{5770385f-c22a-43e0-bf4c-06f5698ffbd9}','Name':'Microsoft-Windows-Sysmon'},'Security':{'UserID':'S-1-5-18'},'Task':'5','TimeCreated':{'SystemTime':'2024-11-19T23:48:29.4995004Z'},'Version':'3','_event_id':'5'}}","{'Image':'C:\\Users\\pparker\\Downloads\\DriverUpdate_1_2.exe','ProcessGuid':'{7b34ed3d-23cd-673d-b002-000000000b00}','ProcessId':'6896','RuleName':'-','User':'HOMELAB\\pparker','UtcTime':'2024-11-19 23:48:29.487'}",,,,,,,,,,,,,,,"C:\Users\pparker\Downloads\DriverUpdate_1_2.exe",,,,,,,,,,,,"{7b34ed3d-23cd-673d-b002-000000000b00}","6896",,,"-",,,,,,,,,,,,"HOMELAB\pparker","2024-11-19 23:48:29.487","{'Channel':'Microsoft-Windows-Sysmon/Operational','Computer':'HL-WS04.HOMELAB.local','Correlation':'','EventID':'5','EventRecordID':'12802','Execution':{'ProcessID':'2052','ThreadID':'3948'},'Keywords':'0x8000000000000000','Level':'4','Opcode':'0','Provider':{'Guid':'{5770385f-c22a-43e0-bf4c-06f5698ffbd9}','Name':'Microsoft-Windows-Sysmon'},'Security':{'UserID':'S-1-5-18'},'Task':'5','TimeCreated':{'SystemTime':'2024-11-19T23:48:29.4995004Z'},'Version':'3','_event_id':'5'}","5","Microsoft-Windows-Sysmon/Operational","HL-WS04.HOMELAB.local","","5","12802","{'ProcessID':'2052','ThreadID':'3948'}","2052","3948","0x8000000000000000","4","0","{'Guid':'{5770385f-c22a-43e0-bf4c-06f5698ffbd9}','Name':'Microsoft-Windows-Sysmon'}","{5770385f-c22a-43e0-bf4c-06f5698ffbd9}","Microsoft-Windows-Sysmon","S-1-5-18","5","2024-11-19T23:48:29.4995004Z","3","{'arch':2,'did':'','event_id':'5cd0e851-a1ad-42e7-8c46-706674e93461','event_time':1732060064475,'event_type':'WEL','ext_ip':'108.171.103.70','hostname':'hl-ws04.homelab.local','iid':'7e99630d-d276-4169-bd11-c23115a848fa','int_ip':'10.100.100.133','moduleid':2,'oid':'27c3229e-7f58-40c8-ad1a-799ff00e1781','plat':268435456,'sid':'20884ef9-0b46-4a29-9d58-832837729b10','tags':['workstations'],'this':'abe0241f7f7c2e7732f0309e673d23a0'}",2,"","5cd0e851-a1ad-42e7-8c46-706674e93461",1732060064475,"WEL","108.171.103.70","hl-ws04.homelab.local","7e99630d-d276-4169-bd11-c23115a848fa","10.100.100.133",2,"27c3229e-7f58-40c8-ad1a-799ff00e1781",268435456,"20884ef9-0b46-4a29-9d58-832837729b10","['workstations']","abe0241f7f7c2e7732f0309e673d23a0"
"2024-11-19 23:47:44","{'EventData':{'Company':'Apache Software Foundation','Description':'ApacheBench command line utility','FileVersion':'2.2.14','Hashes':'MD5=36DDA9AB653D77A51DB3EDA5E962C2CF,SHA256=D4677D4BB7D14E5ACA484F3A082D88649FD07624223FC421510913BD38692FCD,IMPHASH=481F47BBB2C9C21E108D65F52B04C448','Image':'C:\\Users\\pparker\\Downloads\\DriverUpdate_1_2.exe','ImageLoaded':'C:\\Users\\pparker\\Downloads\\DriverUpdate_1_2.exe','OriginalFileName':'ab.exe','ProcessGuid':'{7b34ed3d-23cd-673d-b002-000000000b00}','ProcessId':'6896','Product':'Apache HTTP Server','RuleName':'-','Signature':'-','SignatureStatus':'Unavailable','Signed':'false','User':'HOMELAB\\pparker','UtcTime':'2024-11-19 23:48:29.487'},'System':{'Channel':'Microsoft-Windows-Sysmon/Operational','Computer':'HL-WS04.HOMELAB.local','Correlation':'','EventID':'7','EventRecordID':'12805','Execution':{'ProcessID':'2052','ThreadID':'4064'},'Keywords':'0x8000000000000000','Level':'4','Opcode':'0','Provider':{'Guid':'{5770385f-c22a-43e0-bf4c-06f5698ffbd9}','Name':'Microsoft-Windows-Sysmon'},'Security':{'UserID':'S-1-5-18'},'Task':'7','TimeCreated':{'SystemTime':'2024-11-19T23:48:29.5183677Z'},'Version':'3','_event_id':'7'}}","{'Company':'Apache Software Foundation','Description':'ApacheBench command line utility','FileVersion':'2.2.14','Hashes':'MD5=36DDA9AB653D77A51DB3EDA5E962C2CF,SHA256=D4677D4BB7D14E5ACA484F3A082D88649FD07624223FC421510913BD38692FCD,IMPHASH=481F47BBB2C9C21E108D65F52B04C448','Image':'C:\\Users\\pparker\\Downloads\\DriverUpdate_1_2.exe','ImageLoaded':'C:\\Users\\pparker\\Downloads\\DriverUpdate_1_2.exe','OriginalFileName':'ab.exe','ProcessGuid':'{7b34ed3d-23cd-673d-b002-000000000b00}','ProcessId':'6896','Product':'Apache HTTP Server','RuleName':'-','Signature':'-','SignatureStatus':'Unavailable','Signed':'false','User':'HOMELAB\\pparker','UtcTime':'2024-11-19 23:48:29.487'}",,"Apache Software Foundation",,,"ApacheBench command line utility",,,,,,,,"2.2.14","MD5=36DDA9AB653D77A51DB3EDA5E962C2CF,SHA256=D4677D4BB7D14E5ACA484F3A082D88649FD07624223FC421510913BD38692FCD,IMPHASH=481F47BBB2C9C21E108D65F52B04C448","C:\Users\pparker\Downloads\DriverUpdate_1_2.exe","C:\Users\pparker\Downloads\DriverUpdate_1_2.exe",,,,,"ab.exe",,,,,,"{7b34ed3d-23cd-673d-b002-000000000b00}","6896","Apache HTTP Server",,"-","-","Unavailable","false",,,,,,,,,"HOMELAB\pparker","2024-11-19 23:48:29.487","{'Channel':'Microsoft-Windows-Sysmon/Operational','Computer':'HL-WS04.HOMELAB.local','Correlation':'','EventID':'7','EventRecordID':'12805','Execution':{'ProcessID':'2052','ThreadID':'4064'},'Keywords':'0x8000000000000000','Level':'4','Opcode':'0','Provider':{'Guid':'{5770385f-c22a-43e0-bf4c-06f5698ffbd9}','Name':'Microsoft-Windows-Sysmon'},'Security':{'UserID':'S-1-5-18'},'Task':'7','TimeCreated':{'SystemTime':'2024-11-19T23:48:29.5183677Z'},'Version':'3','_event_id':'7'}","7","Microsoft-Windows-Sysmon/Operational","HL-WS04.HOMELAB.local","","7","12805","{'ProcessID':'2052','ThreadID':'4064'}","2052","4064","0x8000000000000000","4","0","{'Guid':'{5770385f-c22a-43e0-bf4c-06f5698ffbd9}','Name':'Microsoft-Windows-Sysmon'}","{5770385f-c22a-43e0-bf4c-06f5698ffbd9}","Microsoft-Windows-Sysmon","S-1-5-18","7","2024-11-19T23:48:29.5183677Z","3","{'arch':2,'did':'','event_id':'d4e10a07-c35c-46d3-98e8-fe992a26aeb4','event_time':1732060064475,'event_type':'WEL','ext_ip':'108.171.103.70','hostname':'hl-ws04.homelab.local','iid':'7e99630d-d276-4169-bd11-c23115a848fa','int_ip':'10.100.100.133','moduleid':2,'oid':'27c3229e-7f58-40c8-ad1a-799ff00e1781','plat':268435456,'sid':'20884ef9-0b46-4a29-9d58-832837729b10','tags':['workstations'],'this':'5b2ae34ce501bffcdccf98f6673d23a0'}",2,"","d4e10a07-c35c-46d3-98e8-fe992a26aeb4",1732060064475,"WEL","108.171.103.70","hl-ws04.homelab.local","7e99630d-d276-4169-bd11-c23115a848fa","10.100.100.133",2,"27c3229e-7f58-40c8-ad1a-799ff00e1781",268435456,"20884ef9-0b46-4a29-9d58-832837729b10","['workstations']","5b2ae34ce501bffcdccf98f6673d23a0"
"2024-11-19 23:47:44","{'EventData':{'Company':'Microsoft Corporation','Description':'NT Layer DLL','FileVersion':'10.0.19041.5007 (WinBuild.160101.0800)','Hashes':'MD5=C4522033FA73ED2594678AC419D74D05,SHA256=EC22943CBD4D1A1D580F8664ECE20CEE954ABA490FCB1CA89C910F9144A3286C,IMPHASH=00000000000000000000000000000000','Image':'C:\\Users\\pparker\\Downloads\\DriverUpdate_1_2.exe','ImageLoaded':'C:\\Windows\\SysWOW64\\ntdll.dll','OriginalFileName':'ntdll.dll','ProcessGuid':'{7b34ed3d-23cd-673d-b002-000000000b00}','ProcessId':'6896','Product':'Microsoft® Windows® Operating System','RuleName':'-','Signature':'Microsoft Windows','SignatureStatus':'Valid','Signed':'true','User':'HOMELAB\\pparker','UtcTime':'2024-11-19 23:48:29.487'},'System':{'Channel':'Microsoft-Windows-Sysmon/Operational','Computer':'HL-WS04.HOMELAB.local','Correlation':'','EventID':'7','EventRecordID':'12806','Execution':{'ProcessID':'2052','ThreadID':'4064'},'Keywords':'0x8000000000000000','Level':'4','Opcode':'0','Provider':{'Guid':'{5770385f-c22a-43e0-bf4c-06f5698ffbd9}','Name':'Microsoft-Windows-Sysmon'},'Security':{'UserID':'S-1-5-18'},'Task':'7','TimeCreated':{'SystemTime':'2024-11-19T23:48:29.5380124Z'},'Version':'3','_event_id':'7'}}","{'Company':'Microsoft Corporation','Description':'NT Layer DLL','FileVersion':'10.0.19041.5007 (WinBuild.160101.0800)','Hashes':'MD5=C4522033FA73ED2594678AC419D74D05,SHA256=EC22943CBD4D1A1D580F8664ECE20CEE954ABA490FCB1CA89C910F9144A3286C,IMPHASH=00000000000000000000000000000000','Image':'C:\\Users\\pparker\\Downloads\\DriverUpdate_1_2.exe','ImageLoaded':'C:\\Windows\\SysWOW64\\ntdll.dll','OriginalFileName':'ntdll.dll','ProcessGuid':'{7b34ed3d-23cd-673d-b002-000000000b00}','ProcessId':'6896','Product':'Microsoft® Windows® Operating System','RuleName':'-','Signature':'Microsoft Windows','SignatureStatus':'Valid','Signed':'true','User':'HOMELAB\\pparker','UtcTime':'2024-11-19 23:48:29.487'}",,"Microsoft Corporation",,,"NT Layer DLL",,,,,,,,"10.0.19041.5007 (WinBuild.160101.0800)","MD5=C4522033FA73ED2594678AC419D74D05,SHA256=EC22943CBD4D1A1D580F8664ECE20CEE954ABA490FCB1CA89C910F9144A3286C,IMPHASH=00000000000000000000000000000000","C:\Users\pparker\Downloads\DriverUpdate_1_2.exe","C:\Windows\SysWOW64\ntdll.dll",,,,,"ntdll.dll",,,,,,"{7b34ed3d-23cd-673d-b002-000000000b00}","6896","Microsoft® Windows® Operating System",,"-","Microsoft Windows","Valid","true",,,,,,,,,"HOMELAB\pparker","2024-11-19 23:48:29.487","{'Channel':'Microsoft-Windows-Sysmon/Operational','Computer':'HL-WS04.HOMELAB.local','Correlation':'','EventID':'7','EventRecordID':'12806','Execution':{'ProcessID':'2052','ThreadID':'4064'},'Keywords':'0x8000000000000000','Level':'4','Opcode':'0','Provider':{'Guid':'{5770385f-c22a-43e0-bf4c-06f5698ffbd9}','Name':'Microsoft-Windows-Sysmon'},'Security':{'UserID':'S-1-5-18'},'Task':'7','TimeCreated':{'SystemTime':'2024-11-19T23:48:29.5380124Z'},'Version':'3','_event_id':'7'}","7","Microsoft-Windows-Sysmon/Operational","HL-WS04.HOMELAB.local","","7","12806","{'ProcessID':'2052','ThreadID':'4064'}","2052","4064","0x8000000000000000","4","0","{'Guid':'{5770385f-c22a-43e0-bf4c-06f5698ffbd9}','Name':'Microsoft-Windows-Sysmon'}","{5770385f-c22a-43e0-bf4c-06f5698ffbd9}","Microsoft-Windows-Sysmon","S-1-5-18","7","2024-11-19T23:48:29.5380124Z","3","{'arch':2,'did':'','event_id':'f7a7cd65-bf3a-424e-b6ff-685361366eea','event_time':1732060064475,'event_type':'WEL','ext_ip':'108.171.103.70','hostname':'hl-ws04.homelab.local','iid':'7e99630d-d276-4169-bd11-c23115a848fa','int_ip':'10.100.100.133','moduleid':2,'oid':'27c3229e-7f58-40c8-ad1a-799ff00e1781','plat':268435456,'sid':'20884ef9-0b46-4a29-9d58-832837729b10','tags':['workstations'],'this':'a404a324e680464e176f458d673d23a0'}",2,"","f7a7cd65-bf3a-424e-b6ff-685361366eea",1732060064475,"WEL","108.171.103.70","hl-ws04.homelab.local","7e99630d-d276-4169-bd11-c23115a848fa","10.100.100.133",2,"27c3229e-7f58-40c8-ad1a-799ff00e1781",268435456,"20884ef9-0b46-4a29-9d58-832837729b10","['workstations']","a404a324e680464e176f458d673d23a0"