"2024-11-20 00:47:07","{'EventData':{'Company':'Microsoft Corporation','Description':'Userenv','FileVersion':'10.0.19041.4355 (WinBuild.160101.0800)','Hashes':'MD5=A3D62AA8A4DD1DF8C0CCB9F53B858036,SHA256=E7A51CE52FF62776836703EE37BF96611A0B387A692FC750D7D8745A3F98D8C0,IMPHASH=30E1E8E8FF1FB6426A4FCC7356C25B9D','Image':'C:\\Users\\pparker\\Downloads\\DriverUpdate_1_2.exe','ImageLoaded':'C:\\Windows\\SysWOW64\\userenv.dll','OriginalFileName':'userenv.dll','ProcessGuid':'{7b34ed3d-31b8-673d-4306-000000000b00}','ProcessId':'6720','Product':'Microsoft® Windows® Operating System','RuleName':'-','Signature':'Microsoft Windows','SignatureStatus':'Valid','Signed':'true','User':'HOMELAB\\pparker','UtcTime':'2024-11-20 00:47:53.070'},'System':{'Channel':'Microsoft-Windows-Sysmon/Operational','Computer':'HL-WS04.HOMELAB.local','Correlation':'','EventID':'7','EventRecordID':'42253','Execution':{'ProcessID':'2052','ThreadID':'3948'},'Keywords':'0x8000000000000000','Level':'4','Opcode':'0','Provider':{'Guid':'{5770385f-c22a-43e0-bf4c-06f5698ffbd9}','Name':'Microsoft-Windows-Sysmon'},'Security':{'UserID':'S-1-5-18'},'Task':'7','TimeCreated':{'SystemTime':'2024-11-20T00:47:53.0797843Z'},'Version':'3','_event_id':'7'}}","{'Company':'Microsoft Corporation','Description':'Userenv','FileVersion':'10.0.19041.4355 (WinBuild.160101.0800)','Hashes':'MD5=A3D62AA8A4DD1DF8C0CCB9F53B858036,SHA256=E7A51CE52FF62776836703EE37BF96611A0B387A692FC750D7D8745A3F98D8C0,IMPHASH=30E1E8E8FF1FB6426A4FCC7356C25B9D','Image':'C:\\Users\\pparker\\Downloads\\DriverUpdate_1_2.exe','ImageLoaded':'C:\\Windows\\SysWOW64\\userenv.dll','OriginalFileName':'userenv.dll','ProcessGuid':'{7b34ed3d-31b8-673d-4306-000000000b00}','ProcessId':'6720','Product':'Microsoft® Windows® Operating System','RuleName':'-','Signature':'Microsoft Windows','SignatureStatus':'Valid','Signed':'true','User':'HOMELAB\\pparker','UtcTime':'2024-11-20 00:47:53.070'}",,"Microsoft Corporation",,,"Userenv",,,,,,,,"10.0.19041.4355 (WinBuild.160101.0800)","MD5=A3D62AA8A4DD1DF8C0CCB9F53B858036,SHA256=E7A51CE52FF62776836703EE37BF96611A0B387A692FC750D7D8745A3F98D8C0,IMPHASH=30E1E8E8FF1FB6426A4FCC7356C25B9D","C:\Users\pparker\Downloads\DriverUpdate_1_2.exe","C:\Windows\SysWOW64\userenv.dll",,,,,"userenv.dll",,,,,,"{7b34ed3d-31b8-673d-4306-000000000b00}","6720","Microsoft® Windows® Operating System",,"-","Microsoft Windows","Valid","true",,,,,,,,,"HOMELAB\pparker","2024-11-20 00:47:53.070","{'Channel':'Microsoft-Windows-Sysmon/Operational','Computer':'HL-WS04.HOMELAB.local','Correlation':'','EventID':'7','EventRecordID':'42253','Execution':{'ProcessID':'2052','ThreadID':'3948'},'Keywords':'0x8000000000000000','Level':'4','Opcode':'0','Provider':{'Guid':'{5770385f-c22a-43e0-bf4c-06f5698ffbd9}','Name':'Microsoft-Windows-Sysmon'},'Security':{'UserID':'S-1-5-18'},'Task':'7','TimeCreated':{'SystemTime':'2024-11-20T00:47:53.0797843Z'},'Version':'3','_event_id':'7'}","7","Microsoft-Windows-Sysmon/Operational","HL-WS04.HOMELAB.local","","7","42253","{'ProcessID':'2052','ThreadID':'3948'}","2052","3948","0x8000000000000000","4","0","{'Guid':'{5770385f-c22a-43e0-bf4c-06f5698ffbd9}','Name':'Microsoft-Windows-Sysmon'}","{5770385f-c22a-43e0-bf4c-06f5698ffbd9}","Microsoft-Windows-Sysmon","S-1-5-18","7","2024-11-20T00:47:53.0797843Z","3","{'arch':2,'did':'','event_id':'bae0cc6f-6a3d-48fb-baec-4b060f991cde','event_time':1732063627806,'event_type':'WEL','ext_ip':'108.171.103.70','hostname':'hl-ws04.homelab.local','iid':'7e99630d-d276-4169-bd11-c23115a848fa','int_ip':'10.100.100.133','moduleid':2,'oid':'27c3229e-7f58-40c8-ad1a-799ff00e1781','plat':268435456,'sid':'20884ef9-0b46-4a29-9d58-832837729b10','tags':['workstations'],'this':'cf1ca898f4e72cbaeeff9223673d318b'}",2,"","bae0cc6f-6a3d-48fb-baec-4b060f991cde",1732063627806,"WEL","108.171.103.70","hl-ws04.homelab.local","7e99630d-d276-4169-bd11-c23115a848fa","10.100.100.133",2,"27c3229e-7f58-40c8-ad1a-799ff00e1781",268435456,"20884ef9-0b46-4a29-9d58-832837729b10","['workstations']","cf1ca898f4e72cbaeeff9223673d318b"
"2024-11-20 00:47:07","{'EventData':{'Company':'Microsoft Corporation','Description':'Windows NT BASE API Client DLL','FileVersion':'10.0.19041.5007 (WinBuild.160101.0800)','Hashes':'MD5=69F7E0C1940C37103FF6B1D8B661FD34,SHA256=433E9EFA956FA015D59A7F03FBE6000E81689A2427615971463810F55F37DC30,IMPHASH=E3A1A46D2013C06F525DEB7AF0080C47','Image':'C:\\Users\\pparker\\Downloads\\DriverUpdate_1_2.exe','ImageLoaded':'C:\\Windows\\SysWOW64\\KernelBase.dll','OriginalFileName':'Kernelbase.dll','ProcessGuid':'{7b34ed3d-31b8-673d-4306-000000000b00}','ProcessId':'6720','Product':'Microsoft® Windows® Operating System','RuleName':'-','Signature':'Microsoft Windows','SignatureStatus':'Valid','Signed':'true','User':'HOMELAB\\pparker','UtcTime':'2024-11-20 00:47:53.015'},'System':{'Channel':'Microsoft-Windows-Sysmon/Operational','Computer':'HL-WS04.HOMELAB.local','Correlation':'','EventID':'7','EventRecordID':'42254','Execution':{'ProcessID':'2052','ThreadID':'4064'},'Keywords':'0x8000000000000000','Level':'4','Opcode':'0','Provider':{'Guid':'{5770385f-c22a-43e0-bf4c-06f5698ffbd9}','Name':'Microsoft-Windows-Sysmon'},'Security':{'UserID':'S-1-5-18'},'Task':'7','TimeCreated':{'SystemTime':'2024-11-20T00:47:53.0979343Z'},'Version':'3','_event_id':'7'}}","{'Company':'Microsoft Corporation','Description':'Windows NT BASE API Client DLL','FileVersion':'10.0.19041.5007 (WinBuild.160101.0800)','Hashes':'MD5=69F7E0C1940C37103FF6B1D8B661FD34,SHA256=433E9EFA956FA015D59A7F03FBE6000E81689A2427615971463810F55F37DC30,IMPHASH=E3A1A46D2013C06F525DEB7AF0080C47','Image':'C:\\Users\\pparker\\Downloads\\DriverUpdate_1_2.exe','ImageLoaded':'C:\\Windows\\SysWOW64\\KernelBase.dll','OriginalFileName':'Kernelbase.dll','ProcessGuid':'{7b34ed3d-31b8-673d-4306-000000000b00}','ProcessId':'6720','Product':'Microsoft® Windows® Operating System','RuleName':'-','Signature':'Microsoft Windows','SignatureStatus':'Valid','Signed':'true','User':'HOMELAB\\pparker','UtcTime':'2024-11-20 00:47:53.015'}",,"Microsoft Corporation",,,"Windows NT BASE API Client DLL",,,,,,,,"10.0.19041.5007 (WinBuild.160101.0800)","MD5=69F7E0C1940C37103FF6B1D8B661FD34,SHA256=433E9EFA956FA015D59A7F03FBE6000E81689A2427615971463810F55F37DC30,IMPHASH=E3A1A46D2013C06F525DEB7AF0080C47","C:\Users\pparker\Downloads\DriverUpdate_1_2.exe","C:\Windows\SysWOW64\KernelBase.dll",,,,,"Kernelbase.dll",,,,,,"{7b34ed3d-31b8-673d-4306-000000000b00}","6720","Microsoft® Windows® Operating System",,"-","Microsoft Windows","Valid","true",,,,,,,,,"HOMELAB\pparker","2024-11-20 00:47:53.015","{'Channel':'Microsoft-Windows-Sysmon/Operational','Computer':'HL-WS04.HOMELAB.local','Correlation':'','EventID':'7','EventRecordID':'42254','Execution':{'ProcessID':'2052','ThreadID':'4064'},'Keywords':'0x8000000000000000','Level':'4','Opcode':'0','Provider':{'Guid':'{5770385f-c22a-43e0-bf4c-06f5698ffbd9}','Name':'Microsoft-Windows-Sysmon'},'Security':{'UserID':'S-1-5-18'},'Task':'7','TimeCreated':{'SystemTime':'2024-11-20T00:47:53.0979343Z'},'Version':'3','_event_id':'7'}","7","Microsoft-Windows-Sysmon/Operational","HL-WS04.HOMELAB.local","","7","42254","{'ProcessID':'2052','ThreadID':'4064'}","2052","4064","0x8000000000000000","4","0","{'Guid':'{5770385f-c22a-43e0-bf4c-06f5698ffbd9}','Name':'Microsoft-Windows-Sysmon'}","{5770385f-c22a-43e0-bf4c-06f5698ffbd9}","Microsoft-Windows-Sysmon","S-1-5-18","7","2024-11-20T00:47:53.0979343Z","3","{'arch':2,'did':'','event_id':'4e7a8542-b289-4ff8-98c5-eba1393ed0b4','event_time':1732063627806,'event_type':'WEL','ext_ip':'108.171.103.70','hostname':'hl-ws04.homelab.local','iid':'7e99630d-d276-4169-bd11-c23115a848fa','int_ip':'10.100.100.133','moduleid':2,'oid':'27c3229e-7f58-40c8-ad1a-799ff00e1781','plat':268435456,'sid':'20884ef9-0b46-4a29-9d58-832837729b10','tags':['workstations'],'this':'dd58abe818a56354c563a68d673d318b'}",2,"","4e7a8542-b289-4ff8-98c5-eba1393ed0b4",1732063627806,"WEL","108.171.103.70","hl-ws04.homelab.local","7e99630d-d276-4169-bd11-c23115a848fa","10.100.100.133",2,"27c3229e-7f58-40c8-ad1a-799ff00e1781",268435456,"20884ef9-0b46-4a29-9d58-832837729b10","['workstations']","dd58abe818a56354c563a68d673d318b"
"2024-11-20 00:47:07","{'EventData':{'Company':'Microsoft Corporation','Description':'SHCORE','FileVersion':'10.0.19041.4522 (WinBuild.160101.0800)','Hashes':'MD5=5A7428AF0428E5DCDC7DFFA81DC374E9,SHA256=5909567619AD2991F1FF8093EEB0F2ADF79731E75006A1B1F1E90DF5F28B5AC6,IMPHASH=0DDCDD6020D74CA7555FB0D07CFD262B','Image':'C:\\Users\\pparker\\Downloads\\DriverUpdate_1_2.exe','ImageLoaded':'C:\\Windows\\SysWOW64\\SHCore.dll','OriginalFileName':'SHCORE.dll','ProcessGuid':'{7b34ed3d-31b8-673d-4306-000000000b00}','ProcessId':'6720','Product':'Microsoft® Windows® Operating System','RuleName':'-','Signature':'Microsoft Windows','SignatureStatus':'Valid','Signed':'true','User':'HOMELAB\\pparker','UtcTime':'2024-11-20 00:47:53.101'},'System':{'Channel':'Microsoft-Windows-Sysmon/Operational','Computer':'HL-WS04.HOMELAB.local','Correlation':'','EventID':'7','EventRecordID':'42255','Execution':{'ProcessID':'2052','ThreadID':'3948'},'Keywords':'0x8000000000000000','Level':'4','Opcode':'0','Provider':{'Guid':'{5770385f-c22a-43e0-bf4c-06f5698ffbd9}','Name':'Microsoft-Windows-Sysmon'},'Security':{'UserID':'S-1-5-18'},'Task':'7','TimeCreated':{'SystemTime':'2024-11-20T00:47:53.1147014Z'},'Version':'3','_event_id':'7'}}","{'Company':'Microsoft Corporation','Description':'SHCORE','FileVersion':'10.0.19041.4522 (WinBuild.160101.0800)','Hashes':'MD5=5A7428AF0428E5DCDC7DFFA81DC374E9,SHA256=5909567619AD2991F1FF8093EEB0F2ADF79731E75006A1B1F1E90DF5F28B5AC6,IMPHASH=0DDCDD6020D74CA7555FB0D07CFD262B','Image':'C:\\Users\\pparker\\Downloads\\DriverUpdate_1_2.exe','ImageLoaded':'C:\\Windows\\SysWOW64\\SHCore.dll','OriginalFileName':'SHCORE.dll','ProcessGuid':'{7b34ed3d-31b8-673d-4306-000000000b00}','ProcessId':'6720','Product':'Microsoft® Windows® Operating System','RuleName':'-','Signature':'Microsoft Windows','SignatureStatus':'Valid','Signed':'true','User':'HOMELAB\\pparker','UtcTime':'2024-11-20 00:47:53.101'}",,"Microsoft Corporation",,,"SHCORE",,,,,,,,"10.0.19041.4522 (WinBuild.160101.0800)","MD5=5A7428AF0428E5DCDC7DFFA81DC374E9,SHA256=5909567619AD2991F1FF8093EEB0F2ADF79731E75006A1B1F1E90DF5F28B5AC6,IMPHASH=0DDCDD6020D74CA7555FB0D07CFD262B","C:\Users\pparker\Downloads\DriverUpdate_1_2.exe","C:\Windows\SysWOW64\SHCore.dll",,,,,"SHCORE.dll",,,,,,"{7b34ed3d-31b8-673d-4306-000000000b00}","6720","Microsoft® Windows® Operating System",,"-","Microsoft Windows","Valid","true",,,,,,,,,"HOMELAB\pparker","2024-11-20 00:47:53.101","{'Channel':'Microsoft-Windows-Sysmon/Operational','Computer':'HL-WS04.HOMELAB.local','Correlation':'','EventID':'7','EventRecordID':'42255','Execution':{'ProcessID':'2052','ThreadID':'3948'},'Keywords':'0x8000000000000000','Level':'4','Opcode':'0','Provider':{'Guid':'{5770385f-c22a-43e0-bf4c-06f5698ffbd9}','Name':'Microsoft-Windows-Sysmon'},'Security':{'UserID':'S-1-5-18'},'Task':'7','TimeCreated':{'SystemTime':'2024-11-20T00:47:53.1147014Z'},'Version':'3','_event_id':'7'}","7","Microsoft-Windows-Sysmon/Operational","HL-WS04.HOMELAB.local","","7","42255","{'ProcessID':'2052','ThreadID':'3948'}","2052","3948","0x8000000000000000","4","0","{'Guid':'{5770385f-c22a-43e0-bf4c-06f5698ffbd9}','Name':'Microsoft-Windows-Sysmon'}","{5770385f-c22a-43e0-bf4c-06f5698ffbd9}","Microsoft-Windows-Sysmon","S-1-5-18","7","2024-11-20T00:47:53.1147014Z","3","{'arch':2,'did':'','event_id':'0198acce-630c-458b-a21a-cdcacf4da178','event_time':1732063627806,'event_type':'WEL','ext_ip':'108.171.103.70','hostname':'hl-ws04.homelab.local','iid':'7e99630d-d276-4169-bd11-c23115a848fa','int_ip':'10.100.100.133','moduleid':2,'oid':'27c3229e-7f58-40c8-ad1a-799ff00e1781','plat':268435456,'sid':'20884ef9-0b46-4a29-9d58-832837729b10','tags':['workstations'],'this':'81889d6508f49ef2733014d6673d318b'}",2,"","0198acce-630c-458b-a21a-cdcacf4da178",1732063627806,"WEL","108.171.103.70","hl-ws04.homelab.local","7e99630d-d276-4169-bd11-c23115a848fa","10.100.100.133",2,"27c3229e-7f58-40c8-ad1a-799ff00e1781",268435456,"20884ef9-0b46-4a29-9d58-832837729b10","['workstations']","81889d6508f49ef2733014d6673d318b"
"2024-11-20 00:47:07","{'EventData':{'Company':'Microsoft Corporation','Description':'Security Support Provider Interface','FileVersion':'10.0.19041.4239 (WinBuild.160101.0800)','Hashes':'MD5=CBBACBB3FEF027EBAA776907DE889217,SHA256=AF6B89DB03625EE477D29211E9ED4DFB086EE4986C8D94CE1B7927BAC13B9FFF,IMPHASH=6D3B6BCF49F41B18A29B95CF2230F0A5','Image':'C:\\Users\\pparker\\Downloads\\DriverUpdate_1_2.exe','ImageLoaded':'C:\\Windows\\SysWOW64\\sspicli.dll','OriginalFileName':'security.dll','ProcessGuid':'{7b34ed3d-31b8-673d-4306-000000000b00}','ProcessId':'6720','Product':'Microsoft® Windows® Operating System','RuleName':'-','Signature':'Microsoft Windows','SignatureStatus':'Valid','Signed':'true','User':'HOMELAB\\pparker','UtcTime':'2024-11-20 00:47:53.116'},'System':{'Channel':'Microsoft-Windows-Sysmon/Operational','Computer':'HL-WS04.HOMELAB.local','Correlation':'','EventID':'7','EventRecordID':'42256','Execution':{'ProcessID':'2052','ThreadID':'3948'},'Keywords':'0x8000000000000000','Level':'4','Opcode':'0','Provider':{'Guid':'{5770385f-c22a-43e0-bf4c-06f5698ffbd9}','Name':'Microsoft-Windows-Sysmon'},'Security':{'UserID':'S-1-5-18'},'Task':'7','TimeCreated':{'SystemTime':'2024-11-20T00:47:53.1173767Z'},'Version':'3','_event_id':'7'}}","{'Company':'Microsoft Corporation','Description':'Security Support Provider Interface','FileVersion':'10.0.19041.4239 (WinBuild.160101.0800)','Hashes':'MD5=CBBACBB3FEF027EBAA776907DE889217,SHA256=AF6B89DB03625EE477D29211E9ED4DFB086EE4986C8D94CE1B7927BAC13B9FFF,IMPHASH=6D3B6BCF49F41B18A29B95CF2230F0A5','Image':'C:\\Users\\pparker\\Downloads\\DriverUpdate_1_2.exe','ImageLoaded':'C:\\Windows\\SysWOW64\\sspicli.dll','OriginalFileName':'security.dll','ProcessGuid':'{7b34ed3d-31b8-673d-4306-000000000b00}','ProcessId':'6720','Product':'Microsoft® Windows® Operating System','RuleName':'-','Signature':'Microsoft Windows','SignatureStatus':'Valid','Signed':'true','User':'HOMELAB\\pparker','UtcTime':'2024-11-20 00:47:53.116'}",,"Microsoft Corporation",,,"Security Support Provider Interface",,,,,,,,"10.0.19041.4239 (WinBuild.160101.0800)","MD5=CBBACBB3FEF027EBAA776907DE889217,SHA256=AF6B89DB03625EE477D29211E9ED4DFB086EE4986C8D94CE1B7927BAC13B9FFF,IMPHASH=6D3B6BCF49F41B18A29B95CF2230F0A5","C:\Users\pparker\Downloads\DriverUpdate_1_2.exe","C:\Windows\SysWOW64\sspicli.dll",,,,,"security.dll",,,,,,"{7b34ed3d-31b8-673d-4306-000000000b00}","6720","Microsoft® Windows® Operating System",,"-","Microsoft Windows","Valid","true",,,,,,,,,"HOMELAB\pparker","2024-11-20 00:47:53.116","{'Channel':'Microsoft-Windows-Sysmon/Operational','Computer':'HL-WS04.HOMELAB.local','Correlation':'','EventID':'7','EventRecordID':'42256','Execution':{'ProcessID':'2052','ThreadID':'3948'},'Keywords':'0x8000000000000000','Level':'4','Opcode':'0','Provider':{'Guid':'{5770385f-c22a-43e0-bf4c-06f5698ffbd9}','Name':'Microsoft-Windows-Sysmon'},'Security':{'UserID':'S-1-5-18'},'Task':'7','TimeCreated':{'SystemTime':'2024-11-20T00:47:53.1173767Z'},'Version':'3','_event_id':'7'}","7","Microsoft-Windows-Sysmon/Operational","HL-WS04.HOMELAB.local","","7","42256","{'ProcessID':'2052','ThreadID':'3948'}","2052","3948","0x8000000000000000","4","0","{'Guid':'{5770385f-c22a-43e0-bf4c-06f5698ffbd9}','Name':'Microsoft-Windows-Sysmon'}","{5770385f-c22a-43e0-bf4c-06f5698ffbd9}","Microsoft-Windows-Sysmon","S-1-5-18","7","2024-11-20T00:47:53.1173767Z","3","{'arch':2,'did':'','event_id':'95b7e973-2708-4748-b9c6-7466fe056691','event_time':1732063627806,'event_type':'WEL','ext_ip':'108.171.103.70','hostname':'hl-ws04.homelab.local','iid':'7e99630d-d276-4169-bd11-c23115a848fa','int_ip':'10.100.100.133','moduleid':2,'oid':'27c3229e-7f58-40c8-ad1a-799ff00e1781','plat':268435456,'sid':'20884ef9-0b46-4a29-9d58-832837729b10','tags':['workstations'],'this':'2edc7eae44a4274255ff9d81673d318b'}",2,"","95b7e973-2708-4748-b9c6-7466fe056691",1732063627806,"WEL","108.171.103.70","hl-ws04.homelab.local","7e99630d-d276-4169-bd11-c23115a848fa","10.100.100.133",2,"27c3229e-7f58-40c8-ad1a-799ff00e1781",268435456,"20884ef9-0b46-4a29-9d58-832837729b10","['workstations']","2edc7eae44a4274255ff9d81673d318b"
"2024-11-20 00:47:07","{'EventData':{'Company':'Microsoft Corporation','Description':'Run time utility for Internet Explorer','FileVersion':'11.00.19041.5007 (WinBuild.160101.0800)','Hashes':'MD5=70BEBEBF5399B988C88E2A07CBE29760,SHA256=6765F62F4E8C69EE6F39B105A821B95A315CC429664993A66F5576CFC0E1AA0E,IMPHASH=96D5F357BF219F683CCE0B277D79E26F','Image':'C:\\Users\\pparker\\Downloads\\DriverUpdate_1_2.exe','ImageLoaded':'C:\\Windows\\SysWOW64\\iertutil.dll','OriginalFileName':'IeRtUtil.dll','ProcessGuid':'{7b34ed3d-31b8-673d-4306-000000000b00}','ProcessId':'6720','Product':'Internet Explorer','RuleName':'-','Signature':'Microsoft Windows','SignatureStatus':'Valid','Signed':'true','User':'HOMELAB\\pparker','UtcTime':'2024-11-20 00:47:53.116'},'System':{'Channel':'Microsoft-Windows-Sysmon/Operational','Computer':'HL-WS04.HOMELAB.local','Correlation':'','EventID':'7','EventRecordID':'42257','Execution':{'ProcessID':'2052','ThreadID':'3948'},'Keywords':'0x8000000000000000','Level':'4','Opcode':'0','Provider':{'Guid':'{5770385f-c22a-43e0-bf4c-06f5698ffbd9}','Name':'Microsoft-Windows-Sysmon'},'Security':{'UserID':'S-1-5-18'},'Task':'7','TimeCreated':{'SystemTime':'2024-11-20T00:47:53.1211005Z'},'Version':'3','_event_id':'7'}}","{'Company':'Microsoft Corporation','Description':'Run time utility for Internet Explorer','FileVersion':'11.00.19041.5007 (WinBuild.160101.0800)','Hashes':'MD5=70BEBEBF5399B988C88E2A07CBE29760,SHA256=6765F62F4E8C69EE6F39B105A821B95A315CC429664993A66F5576CFC0E1AA0E,IMPHASH=96D5F357BF219F683CCE0B277D79E26F','Image':'C:\\Users\\pparker\\Downloads\\DriverUpdate_1_2.exe','ImageLoaded':'C:\\Windows\\SysWOW64\\iertutil.dll','OriginalFileName':'IeRtUtil.dll','ProcessGuid':'{7b34ed3d-31b8-673d-4306-000000000b00}','ProcessId':'6720','Product':'Internet Explorer','RuleName':'-','Signature':'Microsoft Windows','SignatureStatus':'Valid','Signed':'true','User':'HOMELAB\\pparker','UtcTime':'2024-11-20 00:47:53.116'}",,"Microsoft Corporation",,,"Run time utility for Internet Explorer",,,,,,,,"11.00.19041.5007 (WinBuild.160101.0800)","MD5=70BEBEBF5399B988C88E2A07CBE29760,SHA256=6765F62F4E8C69EE6F39B105A821B95A315CC429664993A66F5576CFC0E1AA0E,IMPHASH=96D5F357BF219F683CCE0B277D79E26F","C:\Users\pparker\Downloads\DriverUpdate_1_2.exe","C:\Windows\SysWOW64\iertutil.dll",,,,,"IeRtUtil.dll",,,,,,"{7b34ed3d-31b8-673d-4306-000000000b00}","6720","Internet Explorer",,"-","Microsoft Windows","Valid","true",,,,,,,,,"HOMELAB\pparker","2024-11-20 00:47:53.116","{'Channel':'Microsoft-Windows-Sysmon/Operational','Computer':'HL-WS04.HOMELAB.local','Correlation':'','EventID':'7','EventRecordID':'42257','Execution':{'ProcessID':'2052','ThreadID':'3948'},'Keywords':'0x8000000000000000','Level':'4','Opcode':'0','Provider':{'Guid':'{5770385f-c22a-43e0-bf4c-06f5698ffbd9}','Name':'Microsoft-Windows-Sysmon'},'Security':{'UserID':'S-1-5-18'},'Task':'7','TimeCreated':{'SystemTime':'2024-11-20T00:47:53.1211005Z'},'Version':'3','_event_id':'7'}","7","Microsoft-Windows-Sysmon/Operational","HL-WS04.HOMELAB.local","","7","42257","{'ProcessID':'2052','ThreadID':'3948'}","2052","3948","0x8000000000000000","4","0","{'Guid':'{5770385f-c22a-43e0-bf4c-06f5698ffbd9}','Name':'Microsoft-Windows-Sysmon'}","{5770385f-c22a-43e0-bf4c-06f5698ffbd9}","Microsoft-Windows-Sysmon","S-1-5-18","7","2024-11-20T00:47:53.1211005Z","3","{'arch':2,'did':'','event_id':'f6c1fd4b-4425-4147-b0c7-8eb841a51a11','event_time':1732063627806,'event_type':'WEL','ext_ip':'108.171.103.70','hostname':'hl-ws04.homelab.local','iid':'7e99630d-d276-4169-bd11-c23115a848fa','int_ip':'10.100.100.133','moduleid':2,'oid':'27c3229e-7f58-40c8-ad1a-799ff00e1781','plat':268435456,'sid':'20884ef9-0b46-4a29-9d58-832837729b10','tags':['workstations'],'this':'30717951ea0089b82b1d3fb1673d318b'}",2,"","f6c1fd4b-4425-4147-b0c7-8eb841a51a11",1732063627806,"WEL","108.171.103.70","hl-ws04.homelab.local","7e99630d-d276-4169-bd11-c23115a848fa","10.100.100.133",2,"27c3229e-7f58-40c8-ad1a-799ff00e1781",268435456,"20884ef9-0b46-4a29-9d58-832837729b10","['workstations']","30717951ea0089b82b1d3fb1673d318b"
"2024-11-20 00:47:07","{'EventData':{'Company':'Microsoft Corporation','Description':'Server Service Client DLL','FileVersion':'10.0.19041.3636 (WinBuild.160101.0800)','Hashes':'MD5=7E7D3B15235137E5F6030A575CCDB801,SHA256=75D411B204AC8A288DBDE8892394569439E9D163D21FDB8C5E719A84382F420E,IMPHASH=BBE941A2A85F5FF19EADE44269115FC4','Image':'C:\\Users\\pparker\\Downloads\\DriverUpdate_1_2.exe','ImageLoaded':'C:\\Windows\\SysWOW64\\srvcli.dll','OriginalFileName':'SRVCLI.DLL','ProcessGuid':'{7b34ed3d-31b8-673d-4306-000000000b00}','ProcessId':'6720','Product':'Microsoft® Windows® Operating System','RuleName':'-','Signature':'Microsoft Windows','SignatureStatus':'Valid','Signed':'true','User':'HOMELAB\\pparker','UtcTime':'2024-11-20 00:47:53.116'},'System':{'Channel':'Microsoft-Windows-Sysmon/Operational','Computer':'HL-WS04.HOMELAB.local','Correlation':'','EventID':'7','EventRecordID':'42258','Execution':{'ProcessID':'2052','ThreadID':'3948'},'Keywords':'0x8000000000000000','Level':'4','Opcode':'0','Provider':{'Guid':'{5770385f-c22a-43e0-bf4c-06f5698ffbd9}','Name':'Microsoft-Windows-Sysmon'},'Security':{'UserID':'S-1-5-18'},'Task':'7','TimeCreated':{'SystemTime':'2024-11-20T00:47:53.1216080Z'},'Version':'3','_event_id':'7'}}","{'Company':'Microsoft Corporation','Description':'Server Service Client DLL','FileVersion':'10.0.19041.3636 (WinBuild.160101.0800)','Hashes':'MD5=7E7D3B15235137E5F6030A575CCDB801,SHA256=75D411B204AC8A288DBDE8892394569439E9D163D21FDB8C5E719A84382F420E,IMPHASH=BBE941A2A85F5FF19EADE44269115FC4','Image':'C:\\Users\\pparker\\Downloads\\DriverUpdate_1_2.exe','ImageLoaded':'C:\\Windows\\SysWOW64\\srvcli.dll','OriginalFileName':'SRVCLI.DLL','ProcessGuid':'{7b34ed3d-31b8-673d-4306-000000000b00}','ProcessId':'6720','Product':'Microsoft® Windows® Operating System','RuleName':'-','Signature':'Microsoft Windows','SignatureStatus':'Valid','Signed':'true','User':'HOMELAB\\pparker','UtcTime':'2024-11-20 00:47:53.116'}",,"Microsoft Corporation",,,"Server Service Client DLL",,,,,,,,"10.0.19041.3636 (WinBuild.160101.0800)","MD5=7E7D3B15235137E5F6030A575CCDB801,SHA256=75D411B204AC8A288DBDE8892394569439E9D163D21FDB8C5E719A84382F420E,IMPHASH=BBE941A2A85F5FF19EADE44269115FC4","C:\Users\pparker\Downloads\DriverUpdate_1_2.exe","C:\Windows\SysWOW64\srvcli.dll",,,,,"SRVCLI.DLL",,,,,,"{7b34ed3d-31b8-673d-4306-000000000b00}","6720","Microsoft® Windows® Operating System",,"-","Microsoft Windows","Valid","true",,,,,,,,,"HOMELAB\pparker","2024-11-20 00:47:53.116","{'Channel':'Microsoft-Windows-Sysmon/Operational','Computer':'HL-WS04.HOMELAB.local','Correlation':'','EventID':'7','EventRecordID':'42258','Execution':{'ProcessID':'2052','ThreadID':'3948'},'Keywords':'0x8000000000000000','Level':'4','Opcode':'0','Provider':{'Guid':'{5770385f-c22a-43e0-bf4c-06f5698ffbd9}','Name':'Microsoft-Windows-Sysmon'},'Security':{'UserID':'S-1-5-18'},'Task':'7','TimeCreated':{'SystemTime':'2024-11-20T00:47:53.1216080Z'},'Version':'3','_event_id':'7'}","7","Microsoft-Windows-Sysmon/Operational","HL-WS04.HOMELAB.local","","7","42258","{'ProcessID':'2052','ThreadID':'3948'}","2052","3948","0x8000000000000000","4","0","{'Guid':'{5770385f-c22a-43e0-bf4c-06f5698ffbd9}','Name':'Microsoft-Windows-Sysmon'}","{5770385f-c22a-43e0-bf4c-06f5698ffbd9}","Microsoft-Windows-Sysmon","S-1-5-18","7","2024-11-20T00:47:53.1216080Z","3","{'arch':2,'did':'','event_id':'3117294d-5d66-4bba-ab5c-7fb480df41df','event_time':1732063627806,'event_type':'WEL','ext_ip':'108.171.103.70','hostname':'hl-ws04.homelab.local','iid':'7e99630d-d276-4169-bd11-c23115a848fa','int_ip':'10.100.100.133','moduleid':2,'oid':'27c3229e-7f58-40c8-ad1a-799ff00e1781','plat':268435456,'sid':'20884ef9-0b46-4a29-9d58-832837729b10','tags':['workstations'],'this':'e85506afcdf478f88d6b483b673d318b'}",2,"","3117294d-5d66-4bba-ab5c-7fb480df41df",1732063627806,"WEL","108.171.103.70","hl-ws04.homelab.local","7e99630d-d276-4169-bd11-c23115a848fa","10.100.100.133",2,"27c3229e-7f58-40c8-ad1a-799ff00e1781",268435456,"20884ef9-0b46-4a29-9d58-832837729b10","['workstations']","e85506afcdf478f88d6b483b673d318b"
"2024-11-20 00:47:07","{'EventData':{'Company':'Microsoft Corporation','Description':'Net Win32 API Helpers DLL','FileVersion':'10.0.19041.3636 (WinBuild.160101.0800)','Hashes':'MD5=C1B2AB673E4A2784DC46D6F61E3463C2,SHA256=567C9D7D50AE470D957195A2AC1DFFA373C1606AF465639B16A2647558059563,IMPHASH=27B3D4DB18CEDDD65F4834C6B9F1A77A','Image':'C:\\Users\\pparker\\Downloads\\DriverUpdate_1_2.exe','ImageLoaded':'C:\\Windows\\SysWOW64\\netutils.dll','OriginalFileName':'NETUTILS.DLL','ProcessGuid':'{7b34ed3d-31b8-673d-4306-000000000b00}','ProcessId':'6720','Product':'Microsoft® Windows® Operating System','RuleName':'-','Signature':'Microsoft Windows','SignatureStatus':'Valid','Signed':'true','User':'HOMELAB\\pparker','UtcTime':'2024-11-20 00:47:53.116'},'System':{'Channel':'Microsoft-Windows-Sysmon/Operational','Computer':'HL-WS04.HOMELAB.local','Correlation':'','EventID':'7','EventRecordID':'42259','Execution':{'ProcessID':'2052','ThreadID':'3948'},'Keywords':'0x8000000000000000','Level':'4','Opcode':'0','Provider':{'Guid':'{5770385f-c22a-43e0-bf4c-06f5698ffbd9}','Name':'Microsoft-Windows-Sysmon'},'Security':{'UserID':'S-1-5-18'},'Task':'7','TimeCreated':{'SystemTime':'2024-11-20T00:47:53.1221121Z'},'Version':'3','_event_id':'7'}}","{'Company':'Microsoft Corporation','Description':'Net Win32 API Helpers DLL','FileVersion':'10.0.19041.3636 (WinBuild.160101.0800)','Hashes':'MD5=C1B2AB673E4A2784DC46D6F61E3463C2,SHA256=567C9D7D50AE470D957195A2AC1DFFA373C1606AF465639B16A2647558059563,IMPHASH=27B3D4DB18CEDDD65F4834C6B9F1A77A','Image':'C:\\Users\\pparker\\Downloads\\DriverUpdate_1_2.exe','ImageLoaded':'C:\\Windows\\SysWOW64\\netutils.dll','OriginalFileName':'NETUTILS.DLL','ProcessGuid':'{7b34ed3d-31b8-673d-4306-000000000b00}','ProcessId':'6720','Product':'Microsoft® Windows® Operating System','RuleName':'-','Signature':'Microsoft Windows','SignatureStatus':'Valid','Signed':'true','User':'HOMELAB\\pparker','UtcTime':'2024-11-20 00:47:53.116'}",,"Microsoft Corporation",,,"Net Win32 API Helpers DLL",,,,,,,,"10.0.19041.3636 (WinBuild.160101.0800)","MD5=C1B2AB673E4A2784DC46D6F61E3463C2,SHA256=567C9D7D50AE470D957195A2AC1DFFA373C1606AF465639B16A2647558059563,IMPHASH=27B3D4DB18CEDDD65F4834C6B9F1A77A","C:\Users\pparker\Downloads\DriverUpdate_1_2.exe","C:\Windows\SysWOW64\netutils.dll",,,,,"NETUTILS.DLL",,,,,,"{7b34ed3d-31b8-673d-4306-000000000b00}","6720","Microsoft® Windows® Operating System",,"-","Microsoft Windows","Valid","true",,,,,,,,,"HOMELAB\pparker","2024-11-20 00:47:53.116","{'Channel':'Microsoft-Windows-Sysmon/Operational','Computer':'HL-WS04.HOMELAB.local','Correlation':'','EventID':'7','EventRecordID':'42259','Execution':{'ProcessID':'2052','ThreadID':'3948'},'Keywords':'0x8000000000000000','Level':'4','Opcode':'0','Provider':{'Guid':'{5770385f-c22a-43e0-bf4c-06f5698ffbd9}','Name':'Microsoft-Windows-Sysmon'},'Security':{'UserID':'S-1-5-18'},'Task':'7','TimeCreated':{'SystemTime':'2024-11-20T00:47:53.1221121Z'},'Version':'3','_event_id':'7'}","7","Microsoft-Windows-Sysmon/Operational","HL-WS04.HOMELAB.local","","7","42259","{'ProcessID':'2052','ThreadID':'3948'}","2052","3948","0x8000000000000000","4","0","{'Guid':'{5770385f-c22a-43e0-bf4c-06f5698ffbd9}','Name':'Microsoft-Windows-Sysmon'}","{5770385f-c22a-43e0-bf4c-06f5698ffbd9}","Microsoft-Windows-Sysmon","S-1-5-18","7","2024-11-20T00:47:53.1221121Z","3","{'arch':2,'did':'','event_id':'b5e14257-ef0f-4029-9eb8-4c5980c6c451','event_time':1732063627806,'event_type':'WEL','ext_ip':'108.171.103.70','hostname':'hl-ws04.homelab.local','iid':'7e99630d-d276-4169-bd11-c23115a848fa','int_ip':'10.100.100.133','moduleid':2,'oid':'27c3229e-7f58-40c8-ad1a-799ff00e1781','plat':268435456,'sid':'20884ef9-0b46-4a29-9d58-832837729b10','tags':['workstations'],'this':'c788a119015850b68427e2ea673d318b'}",2,"","b5e14257-ef0f-4029-9eb8-4c5980c6c451",1732063627806,"WEL","108.171.103.70","hl-ws04.homelab.local","7e99630d-d276-4169-bd11-c23115a848fa","10.100.100.133",2,"27c3229e-7f58-40c8-ad1a-799ff00e1781",268435456,"20884ef9-0b46-4a29-9d58-832837729b10","['workstations']","c788a119015850b68427e2ea673d318b"
"2024-11-20 00:47:07","{'EventData':{'Company':'Microsoft Corporation','Description':'Application Compatibility Client Library','FileVersion':'10.0.19041.4957 (WinBuild.160101.0800)','Hashes':'MD5=578FB3C2014D90E7A2223E63415751FA,SHA256=FE3CDDC40B0755C09B2DE23CAF8149570CFA6E42718F5E8ECBEB2E0CB3731EE6,IMPHASH=65DBB3390FD393E7FF4C86B67987B82A','Image':'C:\\Users\\pparker\\Downloads\\DriverUpdate_1_2.exe','ImageLoaded':'C:\\Windows\\SysWOW64\\apphelp.dll','OriginalFileName':'Apphelp','ProcessGuid':'{7b34ed3d-31b8-673d-4306-000000000b00}','ProcessId':'6720','Product':'Microsoft® Windows® Operating System','RuleName':'-','Signature':'Microsoft Windows','SignatureStatus':'Valid','Signed':'true','User':'HOMELAB\\pparker','UtcTime':'2024-11-20 00:47:53.024'},'System':{'Channel':'Microsoft-Windows-Sysmon/Operational','Computer':'HL-WS04.HOMELAB.local','Correlation':'','EventID':'7','EventRecordID':'42260','Execution':{'ProcessID':'2052','ThreadID':'4064'},'Keywords':'0x8000000000000000','Level':'4','Opcode':'0','Provider':{'Guid':'{5770385f-c22a-43e0-bf4c-06f5698ffbd9}','Name':'Microsoft-Windows-Sysmon'},'Security':{'UserID':'S-1-5-18'},'Task':'7','TimeCreated':{'SystemTime':'2024-11-20T00:47:53.1284172Z'},'Version':'3','_event_id':'7'}}","{'Company':'Microsoft Corporation','Description':'Application Compatibility Client Library','FileVersion':'10.0.19041.4957 (WinBuild.160101.0800)','Hashes':'MD5=578FB3C2014D90E7A2223E63415751FA,SHA256=FE3CDDC40B0755C09B2DE23CAF8149570CFA6E42718F5E8ECBEB2E0CB3731EE6,IMPHASH=65DBB3390FD393E7FF4C86B67987B82A','Image':'C:\\Users\\pparker\\Downloads\\DriverUpdate_1_2.exe','ImageLoaded':'C:\\Windows\\SysWOW64\\apphelp.dll','OriginalFileName':'Apphelp','ProcessGuid':'{7b34ed3d-31b8-673d-4306-000000000b00}','ProcessId':'6720','Product':'Microsoft® Windows® Operating System','RuleName':'-','Signature':'Microsoft Windows','SignatureStatus':'Valid','Signed':'true','User':'HOMELAB\\pparker','UtcTime':'2024-11-20 00:47:53.024'}",,"Microsoft Corporation",,,"Application Compatibility Client Library",,,,,,,,"10.0.19041.4957 (WinBuild.160101.0800)","MD5=578FB3C2014D90E7A2223E63415751FA,SHA256=FE3CDDC40B0755C09B2DE23CAF8149570CFA6E42718F5E8ECBEB2E0CB3731EE6,IMPHASH=65DBB3390FD393E7FF4C86B67987B82A","C:\Users\pparker\Downloads\DriverUpdate_1_2.exe","C:\Windows\SysWOW64\apphelp.dll",,,,,"Apphelp",,,,,,"{7b34ed3d-31b8-673d-4306-000000000b00}","6720","Microsoft® Windows® Operating System",,"-","Microsoft Windows","Valid","true",,,,,,,,,"HOMELAB\pparker","2024-11-20 00:47:53.024","{'Channel':'Microsoft-Windows-Sysmon/Operational','Computer':'HL-WS04.HOMELAB.local','Correlation':'','EventID':'7','EventRecordID':'42260','Execution':{'ProcessID':'2052','ThreadID':'4064'},'Keywords':'0x8000000000000000','Level':'4','Opcode':'0','Provider':{'Guid':'{5770385f-c22a-43e0-bf4c-06f5698ffbd9}','Name':'Microsoft-Windows-Sysmon'},'Security':{'UserID':'S-1-5-18'},'Task':'7','TimeCreated':{'SystemTime':'2024-11-20T00:47:53.1284172Z'},'Version':'3','_event_id':'7'}","7","Microsoft-Windows-Sysmon/Operational","HL-WS04.HOMELAB.local","","7","42260","{'ProcessID':'2052','ThreadID':'4064'}","2052","4064","0x8000000000000000","4","0","{'Guid':'{5770385f-c22a-43e0-bf4c-06f5698ffbd9}','Name':'Microsoft-Windows-Sysmon'}","{5770385f-c22a-43e0-bf4c-06f5698ffbd9}","Microsoft-Windows-Sysmon","S-1-5-18","7","2024-11-20T00:47:53.1284172Z","3","{'arch':2,'did':'','event_id':'89d12668-13da-42f8-92cb-faa71ddd3b0c','event_time':1732063627806,'event_type':'WEL','ext_ip':'108.171.103.70','hostname':'hl-ws04.homelab.local','iid':'7e99630d-d276-4169-bd11-c23115a848fa','int_ip':'10.100.100.133','moduleid':2,'oid':'27c3229e-7f58-40c8-ad1a-799ff00e1781','plat':268435456,'sid':'20884ef9-0b46-4a29-9d58-832837729b10','tags':['workstations'],'this':'107f1ceb4a97207cae763132673d318b'}",2,"","89d12668-13da-42f8-92cb-faa71ddd3b0c",1732063627806,"WEL","108.171.103.70","hl-ws04.homelab.local","7e99630d-d276-4169-bd11-c23115a848fa","10.100.100.133",2,"27c3229e-7f58-40c8-ad1a-799ff00e1781",268435456,"20884ef9-0b46-4a29-9d58-832837729b10","['workstations']","107f1ceb4a97207cae763132673d318b"
"2024-11-20 00:47:07","{'EventData':{'Company':'Microsoft Corporation','Description':'Windows Compatibility DLL','FileVersion':'10.0.19041.3636 (WinBuild.160101.0800)','Hashes':'MD5=CF79BA9D2AA40AA14A642FBC0F6870A1,SHA256=D0163EFB5CAF6BAA53AB8BD1FF3031F417636B9DA68CEC1676D294E4F7AC8FAA,IMPHASH=CFAC9AA030965DC89CAE24A8EFF928CC','Image':'C:\\Users\\pparker\\Downloads\\DriverUpdate_1_2.exe','ImageLoaded':'C:\\Windows\\SysWOW64\\AcGenral.dll','OriginalFileName':'\'AcGenral.dll\'','ProcessGuid':'{7b34ed3d-31b8-673d-4306-000000000b00}','ProcessId':'6720','Product':'Microsoft® Windows® Operating System','RuleName':'-','Signature':'Microsoft Windows','SignatureStatus':'Valid','Signed':'true','User':'HOMELAB\\pparker','UtcTime':'2024-11-20 00:47:53.053'},'System':{'Channel':'Microsoft-Windows-Sysmon/Operational','Computer':'HL-WS04.HOMELAB.local','Correlation':'','EventID':'7','EventRecordID':'42261','Execution':{'ProcessID':'2052','ThreadID':'4064'},'Keywords':'0x8000000000000000','Level':'4','Opcode':'0','Provider':{'Guid':'{5770385f-c22a-43e0-bf4c-06f5698ffbd9}','Name':'Microsoft-Windows-Sysmon'},'Security':{'UserID':'S-1-5-18'},'Task':'7','TimeCreated':{'SystemTime':'2024-11-20T00:47:53.1624629Z'},'Version':'3','_event_id':'7'}}","{'Company':'Microsoft Corporation','Description':'Windows Compatibility DLL','FileVersion':'10.0.19041.3636 (WinBuild.160101.0800)','Hashes':'MD5=CF79BA9D2AA40AA14A642FBC0F6870A1,SHA256=D0163EFB5CAF6BAA53AB8BD1FF3031F417636B9DA68CEC1676D294E4F7AC8FAA,IMPHASH=CFAC9AA030965DC89CAE24A8EFF928CC','Image':'C:\\Users\\pparker\\Downloads\\DriverUpdate_1_2.exe','ImageLoaded':'C:\\Windows\\SysWOW64\\AcGenral.dll','OriginalFileName':'\'AcGenral.dll\'','ProcessGuid':'{7b34ed3d-31b8-673d-4306-000000000b00}','ProcessId':'6720','Product':'Microsoft® Windows® Operating System','RuleName':'-','Signature':'Microsoft Windows','SignatureStatus':'Valid','Signed':'true','User':'HOMELAB\\pparker','UtcTime':'2024-11-20 00:47:53.053'}",,"Microsoft Corporation",,,"Windows Compatibility DLL",,,,,,,,"10.0.19041.3636 (WinBuild.160101.0800)","MD5=CF79BA9D2AA40AA14A642FBC0F6870A1,SHA256=D0163EFB5CAF6BAA53AB8BD1FF3031F417636B9DA68CEC1676D294E4F7AC8FAA,IMPHASH=CFAC9AA030965DC89CAE24A8EFF928CC","C:\Users\pparker\Downloads\DriverUpdate_1_2.exe","C:\Windows\SysWOW64\AcGenral.dll",,,,,"'AcGenral.dll'",,,,,,"{7b34ed3d-31b8-673d-4306-000000000b00}","6720","Microsoft® Windows® Operating System",,"-","Microsoft Windows","Valid","true",,,,,,,,,"HOMELAB\pparker","2024-11-20 00:47:53.053","{'Channel':'Microsoft-Windows-Sysmon/Operational','Computer':'HL-WS04.HOMELAB.local','Correlation':'','EventID':'7','EventRecordID':'42261','Execution':{'ProcessID':'2052','ThreadID':'4064'},'Keywords':'0x8000000000000000','Level':'4','Opcode':'0','Provider':{'Guid':'{5770385f-c22a-43e0-bf4c-06f5698ffbd9}','Name':'Microsoft-Windows-Sysmon'},'Security':{'UserID':'S-1-5-18'},'Task':'7','TimeCreated':{'SystemTime':'2024-11-20T00:47:53.1624629Z'},'Version':'3','_event_id':'7'}","7","Microsoft-Windows-Sysmon/Operational","HL-WS04.HOMELAB.local","","7","42261","{'ProcessID':'2052','ThreadID':'4064'}","2052","4064","0x8000000000000000","4","0","{'Guid':'{5770385f-c22a-43e0-bf4c-06f5698ffbd9}','Name':'Microsoft-Windows-Sysmon'}","{5770385f-c22a-43e0-bf4c-06f5698ffbd9}","Microsoft-Windows-Sysmon","S-1-5-18","7","2024-11-20T00:47:53.1624629Z","3","{'arch':2,'did':'','event_id':'0a157c29-c04c-4c71-97fe-0f1ab76a36b8','event_time':1732063627806,'event_type':'WEL','ext_ip':'108.171.103.70','hostname':'hl-ws04.homelab.local','iid':'7e99630d-d276-4169-bd11-c23115a848fa','int_ip':'10.100.100.133','moduleid':2,'oid':'27c3229e-7f58-40c8-ad1a-799ff00e1781','plat':268435456,'sid':'20884ef9-0b46-4a29-9d58-832837729b10','tags':['workstations'],'this':'76fcb01866d17c34794f7857673d318b'}",2,"","0a157c29-c04c-4c71-97fe-0f1ab76a36b8",1732063627806,"WEL","108.171.103.70","hl-ws04.homelab.local","7e99630d-d276-4169-bd11-c23115a848fa","10.100.100.133",2,"27c3229e-7f58-40c8-ad1a-799ff00e1781",268435456,"20884ef9-0b46-4a29-9d58-832837729b10","['workstations']","76fcb01866d17c34794f7857673d318b"
"2024-11-20 00:47:07","{'EventData':{'Company':'Microsoft Corporation','Description':'Configuration Manager DLL','FileVersion':'10.0.19041.3996 (WinBuild.160101.0800)','Hashes':'MD5=4C4612DDFFA61E711667C526287C9742,SHA256=8440D611230B121F525033B26D6774EC781BA4339B34FF82BB21F3F54B2C6EB0,IMPHASH=BCAE3553D731BEB07A0959D30F946975','Image':'C:\\Users\\pparker\\Downloads\\DriverUpdate_1_2.exe','ImageLoaded':'C:\\Windows\\SysWOW64\\cfgmgr32.dll','OriginalFileName':'CFGMGR32.DLL','ProcessGuid':'{7b34ed3d-31b8-673d-4306-000000000b00}','ProcessId':'6720','Product':'Microsoft® Windows® Operating System','RuleName':'-','Signature':'Microsoft Windows','SignatureStatus':'Valid','Signed':'true','User':'HOMELAB\\pparker','UtcTime':'2024-11-20 00:47:53.154'},'System':{'Channel':'Microsoft-Windows-Sysmon/Operational','Computer':'HL-WS04.HOMELAB.local','Correlation':'','EventID':'7','EventRecordID':'42262','Execution':{'ProcessID':'2052','ThreadID':'3948'},'Keywords':'0x8000000000000000','Level':'4','Opcode':'0','Provider':{'Guid':'{5770385f-c22a-43e0-bf4c-06f5698ffbd9}','Name':'Microsoft-Windows-Sysmon'},'Security':{'UserID':'S-1-5-18'},'Task':'7','TimeCreated':{'SystemTime':'2024-11-20T00:47:53.1695444Z'},'Version':'3','_event_id':'7'}}","{'Company':'Microsoft Corporation','Description':'Configuration Manager DLL','FileVersion':'10.0.19041.3996 (WinBuild.160101.0800)','Hashes':'MD5=4C4612DDFFA61E711667C526287C9742,SHA256=8440D611230B121F525033B26D6774EC781BA4339B34FF82BB21F3F54B2C6EB0,IMPHASH=BCAE3553D731BEB07A0959D30F946975','Image':'C:\\Users\\pparker\\Downloads\\DriverUpdate_1_2.exe','ImageLoaded':'C:\\Windows\\SysWOW64\\cfgmgr32.dll','OriginalFileName':'CFGMGR32.DLL','ProcessGuid':'{7b34ed3d-31b8-673d-4306-000000000b00}','ProcessId':'6720','Product':'Microsoft® Windows® Operating System','RuleName':'-','Signature':'Microsoft Windows','SignatureStatus':'Valid','Signed':'true','User':'HOMELAB\\pparker','UtcTime':'2024-11-20 00:47:53.154'}",,"Microsoft Corporation",,,"Configuration Manager DLL",,,,,,,,"10.0.19041.3996 (WinBuild.160101.0800)","MD5=4C4612DDFFA61E711667C526287C9742,SHA256=8440D611230B121F525033B26D6774EC781BA4339B34FF82BB21F3F54B2C6EB0,IMPHASH=BCAE3553D731BEB07A0959D30F946975","C:\Users\pparker\Downloads\DriverUpdate_1_2.exe","C:\Windows\SysWOW64\cfgmgr32.dll",,,,,"CFGMGR32.DLL",,,,,,"{7b34ed3d-31b8-673d-4306-000000000b00}","6720","Microsoft® Windows® Operating System",,"-","Microsoft Windows","Valid","true",,,,,,,,,"HOMELAB\pparker","2024-11-20 00:47:53.154","{'Channel':'Microsoft-Windows-Sysmon/Operational','Computer':'HL-WS04.HOMELAB.local','Correlation':'','EventID':'7','EventRecordID':'42262','Execution':{'ProcessID':'2052','ThreadID':'3948'},'Keywords':'0x8000000000000000','Level':'4','Opcode':'0','Provider':{'Guid':'{5770385f-c22a-43e0-bf4c-06f5698ffbd9}','Name':'Microsoft-Windows-Sysmon'},'Security':{'UserID':'S-1-5-18'},'Task':'7','TimeCreated':{'SystemTime':'2024-11-20T00:47:53.1695444Z'},'Version':'3','_event_id':'7'}","7","Microsoft-Windows-Sysmon/Operational","HL-WS04.HOMELAB.local","","7","42262","{'ProcessID':'2052','ThreadID':'3948'}","2052","3948","0x8000000000000000","4","0","{'Guid':'{5770385f-c22a-43e0-bf4c-06f5698ffbd9}','Name':'Microsoft-Windows-Sysmon'}","{5770385f-c22a-43e0-bf4c-06f5698ffbd9}","Microsoft-Windows-Sysmon","S-1-5-18","7","2024-11-20T00:47:53.1695444Z","3","{'arch':2,'did':'','event_id':'b410789b-5895-4ea3-bc6f-efb1f7b1c437','event_time':1732063627806,'event_type':'WEL','ext_ip':'108.171.103.70','hostname':'hl-ws04.homelab.local','iid':'7e99630d-d276-4169-bd11-c23115a848fa','int_ip':'10.100.100.133','moduleid':2,'oid':'27c3229e-7f58-40c8-ad1a-799ff00e1781','plat':268435456,'sid':'20884ef9-0b46-4a29-9d58-832837729b10','tags':['workstations'],'this':'c09450e392c52b836c5e847c673d318b'}",2,"","b410789b-5895-4ea3-bc6f-efb1f7b1c437",1732063627806,"WEL","108.171.103.70","hl-ws04.homelab.local","7e99630d-d276-4169-bd11-c23115a848fa","10.100.100.133",2,"27c3229e-7f58-40c8-ad1a-799ff00e1781",268435456,"20884ef9-0b46-4a29-9d58-832837729b10","['workstations']","c09450e392c52b836c5e847c673d318b"
"2024-11-20 00:47:07","{'EventData':{'Company':'Microsoft Corporation','Description':'Windows NT CRT DLL','FileVersion':'7.0.19041.3636 (WinBuild.160101.0800)','Hashes':'MD5=C7815C121632E8CE3AD8019F2C1FF910,SHA256=C1BE919E7DE267ED2FCFBB4DA52AAD912CB468069B58B6A00198FF3C525373A0,IMPHASH=C3F466EF7F4926CB29A80701AE643FD4','Image':'C:\\Users\\pparker\\Downloads\\DriverUpdate_1_2.exe','ImageLoaded':'C:\\Windows\\SysWOW64\\msvcrt.dll','OriginalFileName':'msvcrt.dll','ProcessGuid':'{7b34ed3d-31b8-673d-4306-000000000b00}','ProcessId':'6720','Product':'Microsoft® Windows® Operating System','RuleName':'-','Signature':'Microsoft Windows','SignatureStatus':'Valid','Signed':'true','User':'HOMELAB\\pparker','UtcTime':'2024-11-20 00:47:53.053'},'System':{'Channel':'Microsoft-Windows-Sysmon/Operational','Computer':'HL-WS04.HOMELAB.local','Correlation':'','EventID':'7','EventRecordID':'42263','Execution':{'ProcessID':'2052','ThreadID':'4064'},'Keywords':'0x8000000000000000','Level':'4','Opcode':'0','Provider':{'Guid':'{5770385f-c22a-43e0-bf4c-06f5698ffbd9}','Name':'Microsoft-Windows-Sysmon'},'Security':{'UserID':'S-1-5-18'},'Task':'7','TimeCreated':{'SystemTime':'2024-11-20T00:47:53.1730598Z'},'Version':'3','_event_id':'7'}}","{'Company':'Microsoft Corporation','Description':'Windows NT CRT DLL','FileVersion':'7.0.19041.3636 (WinBuild.160101.0800)','Hashes':'MD5=C7815C121632E8CE3AD8019F2C1FF910,SHA256=C1BE919E7DE267ED2FCFBB4DA52AAD912CB468069B58B6A00198FF3C525373A0,IMPHASH=C3F466EF7F4926CB29A80701AE643FD4','Image':'C:\\Users\\pparker\\Downloads\\DriverUpdate_1_2.exe','ImageLoaded':'C:\\Windows\\SysWOW64\\msvcrt.dll','OriginalFileName':'msvcrt.dll','ProcessGuid':'{7b34ed3d-31b8-673d-4306-000000000b00}','ProcessId':'6720','Product':'Microsoft® Windows® Operating System','RuleName':'-','Signature':'Microsoft Windows','SignatureStatus':'Valid','Signed':'true','User':'HOMELAB\\pparker','UtcTime':'2024-11-20 00:47:53.053'}",,"Microsoft Corporation",,,"Windows NT CRT DLL",,,,,,,,"7.0.19041.3636 (WinBuild.160101.0800)","MD5=C7815C121632E8CE3AD8019F2C1FF910,SHA256=C1BE919E7DE267ED2FCFBB4DA52AAD912CB468069B58B6A00198FF3C525373A0,IMPHASH=C3F466EF7F4926CB29A80701AE643FD4","C:\Users\pparker\Downloads\DriverUpdate_1_2.exe","C:\Windows\SysWOW64\msvcrt.dll",,,,,"msvcrt.dll",,,,,,"{7b34ed3d-31b8-673d-4306-000000000b00}","6720","Microsoft® Windows® Operating System",,"-","Microsoft Windows","Valid","true",,,,,,,,,"HOMELAB\pparker","2024-11-20 00:47:53.053","{'Channel':'Microsoft-Windows-Sysmon/Operational','Computer':'HL-WS04.HOMELAB.local','Correlation':'','EventID':'7','EventRecordID':'42263','Execution':{'ProcessID':'2052','ThreadID':'4064'},'Keywords':'0x8000000000000000','Level':'4','Opcode':'0','Provider':{'Guid':'{5770385f-c22a-43e0-bf4c-06f5698ffbd9}','Name':'Microsoft-Windows-Sysmon'},'Security':{'UserID':'S-1-5-18'},'Task':'7','TimeCreated':{'SystemTime':'2024-11-20T00:47:53.1730598Z'},'Version':'3','_event_id':'7'}","7","Microsoft-Windows-Sysmon/Operational","HL-WS04.HOMELAB.local","","7","42263","{'ProcessID':'2052','ThreadID':'4064'}","2052","4064","0x8000000000000000","4","0","{'Guid':'{5770385f-c22a-43e0-bf4c-06f5698ffbd9}','Name':'Microsoft-Windows-Sysmon'}","{5770385f-c22a-43e0-bf4c-06f5698ffbd9}","Microsoft-Windows-Sysmon","S-1-5-18","7","2024-11-20T00:47:53.1730598Z","3","{'arch':2,'did':'','event_id':'7d43cc35-adad-4a49-9254-0fcde52528e7','event_time':1732063627806,'event_type':'WEL','ext_ip':'108.171.103.70','hostname':'hl-ws04.homelab.local','iid':'7e99630d-d276-4169-bd11-c23115a848fa','int_ip':'10.100.100.133','moduleid':2,'oid':'27c3229e-7f58-40c8-ad1a-799ff00e1781','plat':268435456,'sid':'20884ef9-0b46-4a29-9d58-832837729b10','tags':['workstations'],'this':'a0b790d7fda39cb08aa3c830673d318b'}",2,"","7d43cc35-adad-4a49-9254-0fcde52528e7",1732063627806,"WEL","108.171.103.70","hl-ws04.homelab.local","7e99630d-d276-4169-bd11-c23115a848fa","10.100.100.133",2,"27c3229e-7f58-40c8-ad1a-799ff00e1781",268435456,"20884ef9-0b46-4a29-9d58-832837729b10","['workstations']","a0b790d7fda39cb08aa3c830673d318b"
"2024-11-20 00:47:07","{'EventData':{'Company':'Microsoft Corporation','Description':'Multi-User Windows IMM32 API Client DLL','FileVersion':'10.0.19041.4474 (WinBuild.160101.0800)','Hashes':'MD5=B69D292E1271C3F13876C05090017C7D,SHA256=EA85A32F968DF691768967A1FB4AA8819CB8A65E6B429B2401CBD5CC4CCFC891,IMPHASH=0A59C266C86B725AFF2A51A9A37BF73C','Image':'C:\\Users\\pparker\\Downloads\\DriverUpdate_1_2.exe','ImageLoaded':'C:\\Windows\\SysWOW64\\imm32.dll','OriginalFileName':'imm32','ProcessGuid':'{7b34ed3d-31b8-673d-4306-000000000b00}','ProcessId':'6720','Product':'Microsoft® Windows® Operating System','RuleName':'-','Signature':'Microsoft Windows','SignatureStatus':'Valid','Signed':'true','User':'HOMELAB\\pparker','UtcTime':'2024-11-20 00:47:53.170'},'System':{'Channel':'Microsoft-Windows-Sysmon/Operational','Computer':'HL-WS04.HOMELAB.local','Correlation':'','EventID':'7','EventRecordID':'42264','Execution':{'ProcessID':'2052','ThreadID':'3948'},'Keywords':'0x8000000000000000','Level':'4','Opcode':'0','Provider':{'Guid':'{5770385f-c22a-43e0-bf4c-06f5698ffbd9}','Name':'Microsoft-Windows-Sysmon'},'Security':{'UserID':'S-1-5-18'},'Task':'7','TimeCreated':{'SystemTime':'2024-11-20T00:47:53.1821825Z'},'Version':'3','_event_id':'7'}}","{'Company':'Microsoft Corporation','Description':'Multi-User Windows IMM32 API Client DLL','FileVersion':'10.0.19041.4474 (WinBuild.160101.0800)','Hashes':'MD5=B69D292E1271C3F13876C05090017C7D,SHA256=EA85A32F968DF691768967A1FB4AA8819CB8A65E6B429B2401CBD5CC4CCFC891,IMPHASH=0A59C266C86B725AFF2A51A9A37BF73C','Image':'C:\\Users\\pparker\\Downloads\\DriverUpdate_1_2.exe','ImageLoaded':'C:\\Windows\\SysWOW64\\imm32.dll','OriginalFileName':'imm32','ProcessGuid':'{7b34ed3d-31b8-673d-4306-000000000b00}','ProcessId':'6720','Product':'Microsoft® Windows® Operating System','RuleName':'-','Signature':'Microsoft Windows','SignatureStatus':'Valid','Signed':'true','User':'HOMELAB\\pparker','UtcTime':'2024-11-20 00:47:53.170'}",,"Microsoft Corporation",,,"Multi-User Windows IMM32 API Client DLL",,,,,,,,"10.0.19041.4474 (WinBuild.160101.0800)","MD5=B69D292E1271C3F13876C05090017C7D,SHA256=EA85A32F968DF691768967A1FB4AA8819CB8A65E6B429B2401CBD5CC4CCFC891,IMPHASH=0A59C266C86B725AFF2A51A9A37BF73C","C:\Users\pparker\Downloads\DriverUpdate_1_2.exe","C:\Windows\SysWOW64\imm32.dll",,,,,"imm32",,,,,,"{7b34ed3d-31b8-673d-4306-000000000b00}","6720","Microsoft® Windows® Operating System",,"-","Microsoft Windows","Valid","true",,,,,,,,,"HOMELAB\pparker","2024-11-20 00:47:53.170","{'Channel':'Microsoft-Windows-Sysmon/Operational','Computer':'HL-WS04.HOMELAB.local','Correlation':'','EventID':'7','EventRecordID':'42264','Execution':{'ProcessID':'2052','ThreadID':'3948'},'Keywords':'0x8000000000000000','Level':'4','Opcode':'0','Provider':{'Guid':'{5770385f-c22a-43e0-bf4c-06f5698ffbd9}','Name':'Microsoft-Windows-Sysmon'},'Security':{'UserID':'S-1-5-18'},'Task':'7','TimeCreated':{'SystemTime':'2024-11-20T00:47:53.1821825Z'},'Version':'3','_event_id':'7'}","7","Microsoft-Windows-Sysmon/Operational","HL-WS04.HOMELAB.local","","7","42264","{'ProcessID':'2052','ThreadID':'3948'}","2052","3948","0x8000000000000000","4","0","{'Guid':'{5770385f-c22a-43e0-bf4c-06f5698ffbd9}','Name':'Microsoft-Windows-Sysmon'}","{5770385f-c22a-43e0-bf4c-06f5698ffbd9}","Microsoft-Windows-Sysmon","S-1-5-18","7","2024-11-20T00:47:53.1821825Z","3","{'arch':2,'did':'','event_id':'6e157a4e-ccc2-473b-94da-10a467fc5e50','event_time':1732063627806,'event_type':'WEL','ext_ip':'108.171.103.70','hostname':'hl-ws04.homelab.local','iid':'7e99630d-d276-4169-bd11-c23115a848fa','int_ip':'10.100.100.133','moduleid':2,'oid':'27c3229e-7f58-40c8-ad1a-799ff00e1781','plat':268435456,'sid':'20884ef9-0b46-4a29-9d58-832837729b10','tags':['workstations'],'this':'ccdea19775164b8d44c77a58673d318b'}",2,"","6e157a4e-ccc2-473b-94da-10a467fc5e50",1732063627806,"WEL","108.171.103.70","hl-ws04.homelab.local","7e99630d-d276-4169-bd11-c23115a848fa","10.100.100.133",2,"27c3229e-7f58-40c8-ad1a-799ff00e1781",268435456,"20884ef9-0b46-4a29-9d58-832837729b10","['workstations']","ccdea19775164b8d44c77a58673d318b"
