"2024-11-19 23:47:50","{'EventData':{'Company':'Microsoft Corporation','Description':'DNS Client API DLL','FileVersion':'10.0.19041.4474 (WinBuild.160101.0800)','Hashes':'MD5=DE5762BFDE6D02F60FED8702089B2792,SHA256=A85E985D7F3E56B3FFA5D8CEA9C22CFEED3620836C1255F59BFF4FFA696447B1,IMPHASH=B63042FCD2F55E6C69419576A45AC7EB','Image':'C:\\Users\\pparker\\Downloads\\DriverUpdate_1_2.exe','ImageLoaded':'C:\\Windows\\SysWOW64\\dnsapi.dll','OriginalFileName':'dnsapi','ProcessGuid':'{7b34ed3d-23cf-673d-b302-000000000b00}','ProcessId':'2920','Product':'Microsoft® Windows® Operating System','RuleName':'-','Signature':'Microsoft Windows','SignatureStatus':'Valid','Signed':'true','User':'HOMELAB\\pparker','UtcTime':'2024-11-19 23:48:34.456'},'System':{'Channel':'Microsoft-Windows-Sysmon/Operational','Computer':'HL-WS04.HOMELAB.local','Correlation':'','EventID':'7','EventRecordID':'12912','Execution':{'ProcessID':'2052','ThreadID':'4064'},'Keywords':'0x8000000000000000','Level':'4','Opcode':'0','Provider':{'Guid':'{5770385f-c22a-43e0-bf4c-06f5698ffbd9}','Name':'Microsoft-Windows-Sysmon'},'Security':{'UserID':'S-1-5-18'},'Task':'7','TimeCreated':{'SystemTime':'2024-11-19T23:48:34.4806520Z'},'Version':'3','_event_id':'7'}}","{'Company':'Microsoft Corporation','Description':'DNS Client API DLL','FileVersion':'10.0.19041.4474 (WinBuild.160101.0800)','Hashes':'MD5=DE5762BFDE6D02F60FED8702089B2792,SHA256=A85E985D7F3E56B3FFA5D8CEA9C22CFEED3620836C1255F59BFF4FFA696447B1,IMPHASH=B63042FCD2F55E6C69419576A45AC7EB','Image':'C:\\Users\\pparker\\Downloads\\DriverUpdate_1_2.exe','ImageLoaded':'C:\\Windows\\SysWOW64\\dnsapi.dll','OriginalFileName':'dnsapi','ProcessGuid':'{7b34ed3d-23cf-673d-b302-000000000b00}','ProcessId':'2920','Product':'Microsoft® Windows® Operating System','RuleName':'-','Signature':'Microsoft Windows','SignatureStatus':'Valid','Signed':'true','User':'HOMELAB\\pparker','UtcTime':'2024-11-19 23:48:34.456'}",,"Microsoft Corporation",,,"DNS Client API DLL",,,,,,,,"10.0.19041.4474 (WinBuild.160101.0800)","MD5=DE5762BFDE6D02F60FED8702089B2792,SHA256=A85E985D7F3E56B3FFA5D8CEA9C22CFEED3620836C1255F59BFF4FFA696447B1,IMPHASH=B63042FCD2F55E6C69419576A45AC7EB","C:\Users\pparker\Downloads\DriverUpdate_1_2.exe","C:\Windows\SysWOW64\dnsapi.dll",,,,,"dnsapi",,,,,,"{7b34ed3d-23cf-673d-b302-000000000b00}","2920","Microsoft® Windows® Operating System",,"-","Microsoft Windows","Valid","true",,,,,,,,,"HOMELAB\pparker","2024-11-19 23:48:34.456","{'Channel':'Microsoft-Windows-Sysmon/Operational','Computer':'HL-WS04.HOMELAB.local','Correlation':'','EventID':'7','EventRecordID':'12912','Execution':{'ProcessID':'2052','ThreadID':'4064'},'Keywords':'0x8000000000000000','Level':'4','Opcode':'0','Provider':{'Guid':'{5770385f-c22a-43e0-bf4c-06f5698ffbd9}','Name':'Microsoft-Windows-Sysmon'},'Security':{'UserID':'S-1-5-18'},'Task':'7','TimeCreated':{'SystemTime':'2024-11-19T23:48:34.4806520Z'},'Version':'3','_event_id':'7'}","7","Microsoft-Windows-Sysmon/Operational","HL-WS04.HOMELAB.local","","7","12912","{'ProcessID':'2052','ThreadID':'4064'}","2052","4064","0x8000000000000000","4","0","{'Guid':'{5770385f-c22a-43e0-bf4c-06f5698ffbd9}','Name':'Microsoft-Windows-Sysmon'}","{5770385f-c22a-43e0-bf4c-06f5698ffbd9}","Microsoft-Windows-Sysmon","S-1-5-18","7","2024-11-19T23:48:34.4806520Z","3","{'arch':2,'did':'','event_id':'f6845559-699c-420f-8aaa-f6dd00fcee22','event_time':1732060070783,'event_type':'WEL','ext_ip':'108.171.103.70','hostname':'hl-ws04.homelab.local','iid':'7e99630d-d276-4169-bd11-c23115a848fa','int_ip':'10.100.100.133','moduleid':2,'oid':'27c3229e-7f58-40c8-ad1a-799ff00e1781','plat':268435456,'sid':'20884ef9-0b46-4a29-9d58-832837729b10','tags':['workstations'],'this':'3d928294d9469035c0c32953673d23a6'}",2,"","f6845559-699c-420f-8aaa-f6dd00fcee22",1732060070783,"WEL","108.171.103.70","hl-ws04.homelab.local","7e99630d-d276-4169-bd11-c23115a848fa","10.100.100.133",2,"27c3229e-7f58-40c8-ad1a-799ff00e1781",268435456,"20884ef9-0b46-4a29-9d58-832837729b10","['workstations']","3d928294d9469035c0c32953673d23a6"
"2024-11-19 23:47:49","{'EventData':{'Company':'Microsoft Corporation','Description':'Net Win32 API DLL','FileVersion':'10.0.19041.3636 (WinBuild.160101.0800)','Hashes':'MD5=B87C412295A901B441E06549FC7798C2,SHA256=BDF270B3A325847CD62F96827A8E47AA0F00A4FE588F2621C8F80F22A025130A,IMPHASH=78DE637967C5DAB46E91FE92DD9B62BD','Image':'C:\\Users\\pparker\\Downloads\\DriverUpdate_1_2.exe','ImageLoaded':'C:\\Windows\\SysWOW64\\netapi32.dll','OriginalFileName':'NetApi32.DLL','ProcessGuid':'{7b34ed3d-23cf-673d-b302-000000000b00}','ProcessId':'2920','Product':'Microsoft® Windows® Operating System','RuleName':'-','Signature':'Microsoft Windows','SignatureStatus':'Valid','Signed':'true','User':'HOMELAB\\pparker','UtcTime':'2024-11-19 23:48:32.586'},'System':{'Channel':'Microsoft-Windows-Sysmon/Operational','Computer':'HL-WS04.HOMELAB.local','Correlation':'','EventID':'7','EventRecordID':'12898','Execution':{'ProcessID':'2052','ThreadID':'4064'},'Keywords':'0x8000000000000000','Level':'4','Opcode':'0','Provider':{'Guid':'{5770385f-c22a-43e0-bf4c-06f5698ffbd9}','Name':'Microsoft-Windows-Sysmon'},'Security':{'UserID':'S-1-5-18'},'Task':'7','TimeCreated':{'SystemTime':'2024-11-19T23:48:34.2403904Z'},'Version':'3','_event_id':'7'}}","{'Company':'Microsoft Corporation','Description':'Net Win32 API DLL','FileVersion':'10.0.19041.3636 (WinBuild.160101.0800)','Hashes':'MD5=B87C412295A901B441E06549FC7798C2,SHA256=BDF270B3A325847CD62F96827A8E47AA0F00A4FE588F2621C8F80F22A025130A,IMPHASH=78DE637967C5DAB46E91FE92DD9B62BD','Image':'C:\\Users\\pparker\\Downloads\\DriverUpdate_1_2.exe','ImageLoaded':'C:\\Windows\\SysWOW64\\netapi32.dll','OriginalFileName':'NetApi32.DLL','ProcessGuid':'{7b34ed3d-23cf-673d-b302-000000000b00}','ProcessId':'2920','Product':'Microsoft® Windows® Operating System','RuleName':'-','Signature':'Microsoft Windows','SignatureStatus':'Valid','Signed':'true','User':'HOMELAB\\pparker','UtcTime':'2024-11-19 23:48:32.586'}",,"Microsoft Corporation",,,"Net Win32 API DLL",,,,,,,,"10.0.19041.3636 (WinBuild.160101.0800)","MD5=B87C412295A901B441E06549FC7798C2,SHA256=BDF270B3A325847CD62F96827A8E47AA0F00A4FE588F2621C8F80F22A025130A,IMPHASH=78DE637967C5DAB46E91FE92DD9B62BD","C:\Users\pparker\Downloads\DriverUpdate_1_2.exe","C:\Windows\SysWOW64\netapi32.dll",,,,,"NetApi32.DLL",,,,,,"{7b34ed3d-23cf-673d-b302-000000000b00}","2920","Microsoft® Windows® Operating System",,"-","Microsoft Windows","Valid","true",,,,,,,,,"HOMELAB\pparker","2024-11-19 23:48:32.586","{'Channel':'Microsoft-Windows-Sysmon/Operational','Computer':'HL-WS04.HOMELAB.local','Correlation':'','EventID':'7','EventRecordID':'12898','Execution':{'ProcessID':'2052','ThreadID':'4064'},'Keywords':'0x8000000000000000','Level':'4','Opcode':'0','Provider':{'Guid':'{5770385f-c22a-43e0-bf4c-06f5698ffbd9}','Name':'Microsoft-Windows-Sysmon'},'Security':{'UserID':'S-1-5-18'},'Task':'7','TimeCreated':{'SystemTime':'2024-11-19T23:48:34.2403904Z'},'Version':'3','_event_id':'7'}","7","Microsoft-Windows-Sysmon/Operational","HL-WS04.HOMELAB.local","","7","12898","{'ProcessID':'2052','ThreadID':'4064'}","2052","4064","0x8000000000000000","4","0","{'Guid':'{5770385f-c22a-43e0-bf4c-06f5698ffbd9}','Name':'Microsoft-Windows-Sysmon'}","{5770385f-c22a-43e0-bf4c-06f5698ffbd9}","Microsoft-Windows-Sysmon","S-1-5-18","7","2024-11-19T23:48:34.2403904Z","3","{'arch':2,'did':'','event_id':'6256127d-cb12-4163-8746-fa4eda80cda5','event_time':1732060069252,'event_type':'WEL','ext_ip':'108.171.103.70','hostname':'hl-ws04.homelab.local','iid':'7e99630d-d276-4169-bd11-c23115a848fa','int_ip':'10.100.100.133','moduleid':2,'oid':'27c3229e-7f58-40c8-ad1a-799ff00e1781','plat':268435456,'sid':'20884ef9-0b46-4a29-9d58-832837729b10','tags':['workstations'],'this':'7d252234386cd6196b069975673d23a5'}",2,"","6256127d-cb12-4163-8746-fa4eda80cda5",1732060069252,"WEL","108.171.103.70","hl-ws04.homelab.local","7e99630d-d276-4169-bd11-c23115a848fa","10.100.100.133",2,"27c3229e-7f58-40c8-ad1a-799ff00e1781",268435456,"20884ef9-0b46-4a29-9d58-832837729b10","['workstations']","7d252234386cd6196b069975673d23a5"
"2024-11-19 23:47:47","{'EventData':{'Company':'Microsoft Corporation','Description':'Crypto API32','FileVersion':'10.0.19041.4894 (WinBuild.160101.0800)','Hashes':'MD5=94D85B34388D27876D54442EBB6F91D4,SHA256=B33F30BBA16DE2BC95D13FE89637828CBA24C688663E56DF86F9BECA953E154E,IMPHASH=11A83F184265D7EF4BF61ABA711A40A7','Image':'C:\\Users\\pparker\\Downloads\\DriverUpdate_1_2.exe','ImageLoaded':'C:\\Windows\\SysWOW64\\crypt32.dll','OriginalFileName':'CRYPT32.DLL','ProcessGuid':'{7b34ed3d-23cf-673d-b302-000000000b00}','ProcessId':'2920','Product':'Microsoft® Windows® Operating System','RuleName':'-','Signature':'Microsoft Windows','SignatureStatus':'Valid','Signed':'true','User':'HOMELAB\\pparker','UtcTime':'2024-11-19 23:48:31.676'},'System':{'Channel':'Microsoft-Windows-Sysmon/Operational','Computer':'HL-WS04.HOMELAB.local','Correlation':'','EventID':'7','EventRecordID':'12887','Execution':{'ProcessID':'2052','ThreadID':'4064'},'Keywords':'0x8000000000000000','Level':'4','Opcode':'0','Provider':{'Guid':'{5770385f-c22a-43e0-bf4c-06f5698ffbd9}','Name':'Microsoft-Windows-Sysmon'},'Security':{'UserID':'S-1-5-18'},'Task':'7','TimeCreated':{'SystemTime':'2024-11-19T23:48:32.1283809Z'},'Version':'3','_event_id':'7'}}","{'Company':'Microsoft Corporation','Description':'Crypto API32','FileVersion':'10.0.19041.4894 (WinBuild.160101.0800)','Hashes':'MD5=94D85B34388D27876D54442EBB6F91D4,SHA256=B33F30BBA16DE2BC95D13FE89637828CBA24C688663E56DF86F9BECA953E154E,IMPHASH=11A83F184265D7EF4BF61ABA711A40A7','Image':'C:\\Users\\pparker\\Downloads\\DriverUpdate_1_2.exe','ImageLoaded':'C:\\Windows\\SysWOW64\\crypt32.dll','OriginalFileName':'CRYPT32.DLL','ProcessGuid':'{7b34ed3d-23cf-673d-b302-000000000b00}','ProcessId':'2920','Product':'Microsoft® Windows® Operating System','RuleName':'-','Signature':'Microsoft Windows','SignatureStatus':'Valid','Signed':'true','User':'HOMELAB\\pparker','UtcTime':'2024-11-19 23:48:31.676'}",,"Microsoft Corporation",,,"Crypto API32",,,,,,,,"10.0.19041.4894 (WinBuild.160101.0800)","MD5=94D85B34388D27876D54442EBB6F91D4,SHA256=B33F30BBA16DE2BC95D13FE89637828CBA24C688663E56DF86F9BECA953E154E,IMPHASH=11A83F184265D7EF4BF61ABA711A40A7","C:\Users\pparker\Downloads\DriverUpdate_1_2.exe","C:\Windows\SysWOW64\crypt32.dll",,,,,"CRYPT32.DLL",,,,,,"{7b34ed3d-23cf-673d-b302-000000000b00}","2920","Microsoft® Windows® Operating System",,"-","Microsoft Windows","Valid","true",,,,,,,,,"HOMELAB\pparker","2024-11-19 23:48:31.676","{'Channel':'Microsoft-Windows-Sysmon/Operational','Computer':'HL-WS04.HOMELAB.local','Correlation':'','EventID':'7','EventRecordID':'12887','Execution':{'ProcessID':'2052','ThreadID':'4064'},'Keywords':'0x8000000000000000','Level':'4','Opcode':'0','Provider':{'Guid':'{5770385f-c22a-43e0-bf4c-06f5698ffbd9}','Name':'Microsoft-Windows-Sysmon'},'Security':{'UserID':'S-1-5-18'},'Task':'7','TimeCreated':{'SystemTime':'2024-11-19T23:48:32.1283809Z'},'Version':'3','_event_id':'7'}","7","Microsoft-Windows-Sysmon/Operational","HL-WS04.HOMELAB.local","","7","12887","{'ProcessID':'2052','ThreadID':'4064'}","2052","4064","0x8000000000000000","4","0","{'Guid':'{5770385f-c22a-43e0-bf4c-06f5698ffbd9}','Name':'Microsoft-Windows-Sysmon'}","{5770385f-c22a-43e0-bf4c-06f5698ffbd9}","Microsoft-Windows-Sysmon","S-1-5-18","7","2024-11-19T23:48:32.1283809Z","3","{'arch':2,'did':'','event_id':'a5db175d-da14-4666-b4a4-b24ba23359cb','event_time':1732060067144,'event_type':'WEL','ext_ip':'108.171.103.70','hostname':'hl-ws04.homelab.local','iid':'7e99630d-d276-4169-bd11-c23115a848fa','int_ip':'10.100.100.133','moduleid':2,'oid':'27c3229e-7f58-40c8-ad1a-799ff00e1781','plat':268435456,'sid':'20884ef9-0b46-4a29-9d58-832837729b10','tags':['workstations'],'this':'da83b057878f667b7c21458c673d23a3'}",2,"","a5db175d-da14-4666-b4a4-b24ba23359cb",1732060067144,"WEL","108.171.103.70","hl-ws04.homelab.local","7e99630d-d276-4169-bd11-c23115a848fa","10.100.100.133",2,"27c3229e-7f58-40c8-ad1a-799ff00e1781",268435456,"20884ef9-0b46-4a29-9d58-832837729b10","['workstations']","da83b057878f667b7c21458c673d23a3"
"2024-11-19 23:47:47","{'EventData':{'Company':'Microsoft Corporation','Description':'Internet Extensions for Win32','FileVersion':'11.00.19041.4717 (WinBuild.160101.0800)','Hashes':'MD5=74DEE7D0669D447C1D6782A5EFC9228F,SHA256=43EBF05776BBF37D9D1FD4EF77007746F5EB0427F1C9E9C49AE4A21B21B5BB7E,IMPHASH=007CDDB46602F7A467D46B006D5D298C','Image':'C:\\Users\\pparker\\Downloads\\DriverUpdate_1_2.exe','ImageLoaded':'C:\\Windows\\SysWOW64\\wininet.dll','OriginalFileName':'wininet.dll','ProcessGuid':'{7b34ed3d-23cf-673d-b302-000000000b00}','ProcessId':'2920','Product':'Internet Explorer','RuleName':'-','Signature':'Microsoft Windows','SignatureStatus':'Valid','Signed':'true','User':'HOMELAB\\pparker','UtcTime':'2024-11-19 23:48:31.709'},'System':{'Channel':'Microsoft-Windows-Sysmon/Operational','Computer':'HL-WS04.HOMELAB.local','Correlation':'','EventID':'7','EventRecordID':'12888','Execution':{'ProcessID':'2052','ThreadID':'4064'},'Keywords':'0x8000000000000000','Level':'4','Opcode':'0','Provider':{'Guid':'{5770385f-c22a-43e0-bf4c-06f5698ffbd9}','Name':'Microsoft-Windows-Sysmon'},'Security':{'UserID':'S-1-5-18'},'Task':'7','TimeCreated':{'SystemTime':'2024-11-19T23:48:32.1941703Z'},'Version':'3','_event_id':'7'}}","{'Company':'Microsoft Corporation','Description':'Internet Extensions for Win32','FileVersion':'11.00.19041.4717 (WinBuild.160101.0800)','Hashes':'MD5=74DEE7D0669D447C1D6782A5EFC9228F,SHA256=43EBF05776BBF37D9D1FD4EF77007746F5EB0427F1C9E9C49AE4A21B21B5BB7E,IMPHASH=007CDDB46602F7A467D46B006D5D298C','Image':'C:\\Users\\pparker\\Downloads\\DriverUpdate_1_2.exe','ImageLoaded':'C:\\Windows\\SysWOW64\\wininet.dll','OriginalFileName':'wininet.dll','ProcessGuid':'{7b34ed3d-23cf-673d-b302-000000000b00}','ProcessId':'2920','Product':'Internet Explorer','RuleName':'-','Signature':'Microsoft Windows','SignatureStatus':'Valid','Signed':'true','User':'HOMELAB\\pparker','UtcTime':'2024-11-19 23:48:31.709'}",,"Microsoft Corporation",,,"Internet Extensions for Win32",,,,,,,,"11.00.19041.4717 (WinBuild.160101.0800)","MD5=74DEE7D0669D447C1D6782A5EFC9228F,SHA256=43EBF05776BBF37D9D1FD4EF77007746F5EB0427F1C9E9C49AE4A21B21B5BB7E,IMPHASH=007CDDB46602F7A467D46B006D5D298C","C:\Users\pparker\Downloads\DriverUpdate_1_2.exe","C:\Windows\SysWOW64\wininet.dll",,,,,"wininet.dll",,,,,,"{7b34ed3d-23cf-673d-b302-000000000b00}","2920","Internet Explorer",,"-","Microsoft Windows","Valid","true",,,,,,,,,"HOMELAB\pparker","2024-11-19 23:48:31.709","{'Channel':'Microsoft-Windows-Sysmon/Operational','Computer':'HL-WS04.HOMELAB.local','Correlation':'','EventID':'7','EventRecordID':'12888','Execution':{'ProcessID':'2052','ThreadID':'4064'},'Keywords':'0x8000000000000000','Level':'4','Opcode':'0','Provider':{'Guid':'{5770385f-c22a-43e0-bf4c-06f5698ffbd9}','Name':'Microsoft-Windows-Sysmon'},'Security':{'UserID':'S-1-5-18'},'Task':'7','TimeCreated':{'SystemTime':'2024-11-19T23:48:32.1941703Z'},'Version':'3','_event_id':'7'}","7","Microsoft-Windows-Sysmon/Operational","HL-WS04.HOMELAB.local","","7","12888","{'ProcessID':'2052','ThreadID':'4064'}","2052","4064","0x8000000000000000","4","0","{'Guid':'{5770385f-c22a-43e0-bf4c-06f5698ffbd9}','Name':'Microsoft-Windows-Sysmon'}","{5770385f-c22a-43e0-bf4c-06f5698ffbd9}","Microsoft-Windows-Sysmon","S-1-5-18","7","2024-11-19T23:48:32.1941703Z","3","{'arch':2,'did':'','event_id':'1bf0b1bc-aa2f-453d-aac1-f6fe1cebc011','event_time':1732060067144,'event_type':'WEL','ext_ip':'108.171.103.70','hostname':'hl-ws04.homelab.local','iid':'7e99630d-d276-4169-bd11-c23115a848fa','int_ip':'10.100.100.133','moduleid':2,'oid':'27c3229e-7f58-40c8-ad1a-799ff00e1781','plat':268435456,'sid':'20884ef9-0b46-4a29-9d58-832837729b10','tags':['workstations'],'this':'06b2e6f892c25a4c05442c8d673d23a3'}",2,"","1bf0b1bc-aa2f-453d-aac1-f6fe1cebc011",1732060067144,"WEL","108.171.103.70","hl-ws04.homelab.local","7e99630d-d276-4169-bd11-c23115a848fa","10.100.100.133",2,"27c3229e-7f58-40c8-ad1a-799ff00e1781",268435456,"20884ef9-0b46-4a29-9d58-832837729b10","['workstations']","06b2e6f892c25a4c05442c8d673d23a3"
"2024-11-19 23:47:47","{'EventData':{'Company':'Microsoft Corporation','Description':'Windows HTTP Services','FileVersion':'10.0.19041.4717 (WinBuild.160101.0800)','Hashes':'MD5=949F60325131F3CCD983253563F38ED5,SHA256=FB3655096AA80BB0A2E5E56FDBD4C34B0E610E5529DF46FD321539BD7F6A0565,IMPHASH=CE2F72A01BA427DCF567162432545802','Image':'C:\\Users\\pparker\\Downloads\\DriverUpdate_1_2.exe','ImageLoaded':'C:\\Windows\\SysWOW64\\winhttp.dll','OriginalFileName':'winhttp.dll','ProcessGuid':'{7b34ed3d-23cf-673d-b302-000000000b00}','ProcessId':'2920','Product':'Microsoft® Windows® Operating System','RuleName':'-','Signature':'Microsoft Windows','SignatureStatus':'Valid','Signed':'true','User':'HOMELAB\\pparker','UtcTime':'2024-11-19 23:48:31.709'},'System':{'Channel':'Microsoft-Windows-Sysmon/Operational','Computer':'HL-WS04.HOMELAB.local','Correlation':'','EventID':'7','EventRecordID':'12889','Execution':{'ProcessID':'2052','ThreadID':'4064'},'Keywords':'0x8000000000000000','Level':'4','Opcode':'0','Provider':{'Guid':'{5770385f-c22a-43e0-bf4c-06f5698ffbd9}','Name':'Microsoft-Windows-Sysmon'},'Security':{'UserID':'S-1-5-18'},'Task':'7','TimeCreated':{'SystemTime':'2024-11-19T23:48:32.2068692Z'},'Version':'3','_event_id':'7'}}","{'Company':'Microsoft Corporation','Description':'Windows HTTP Services','FileVersion':'10.0.19041.4717 (WinBuild.160101.0800)','Hashes':'MD5=949F60325131F3CCD983253563F38ED5,SHA256=FB3655096AA80BB0A2E5E56FDBD4C34B0E610E5529DF46FD321539BD7F6A0565,IMPHASH=CE2F72A01BA427DCF567162432545802','Image':'C:\\Users\\pparker\\Downloads\\DriverUpdate_1_2.exe','ImageLoaded':'C:\\Windows\\SysWOW64\\winhttp.dll','OriginalFileName':'winhttp.dll','ProcessGuid':'{7b34ed3d-23cf-673d-b302-000000000b00}','ProcessId':'2920','Product':'Microsoft® Windows® Operating System','RuleName':'-','Signature':'Microsoft Windows','SignatureStatus':'Valid','Signed':'true','User':'HOMELAB\\pparker','UtcTime':'2024-11-19 23:48:31.709'}",,"Microsoft Corporation",,,"Windows HTTP Services",,,,,,,,"10.0.19041.4717 (WinBuild.160101.0800)","MD5=949F60325131F3CCD983253563F38ED5,SHA256=FB3655096AA80BB0A2E5E56FDBD4C34B0E610E5529DF46FD321539BD7F6A0565,IMPHASH=CE2F72A01BA427DCF567162432545802","C:\Users\pparker\Downloads\DriverUpdate_1_2.exe","C:\Windows\SysWOW64\winhttp.dll",,,,,"winhttp.dll",,,,,,"{7b34ed3d-23cf-673d-b302-000000000b00}","2920","Microsoft® Windows® Operating System",,"-","Microsoft Windows","Valid","true",,,,,,,,,"HOMELAB\pparker","2024-11-19 23:48:31.709","{'Channel':'Microsoft-Windows-Sysmon/Operational','Computer':'HL-WS04.HOMELAB.local','Correlation':'','EventID':'7','EventRecordID':'12889','Execution':{'ProcessID':'2052','ThreadID':'4064'},'Keywords':'0x8000000000000000','Level':'4','Opcode':'0','Provider':{'Guid':'{5770385f-c22a-43e0-bf4c-06f5698ffbd9}','Name':'Microsoft-Windows-Sysmon'},'Security':{'UserID':'S-1-5-18'},'Task':'7','TimeCreated':{'SystemTime':'2024-11-19T23:48:32.2068692Z'},'Version':'3','_event_id':'7'}","7","Microsoft-Windows-Sysmon/Operational","HL-WS04.HOMELAB.local","","7","12889","{'ProcessID':'2052','ThreadID':'4064'}","2052","4064","0x8000000000000000","4","0","{'Guid':'{5770385f-c22a-43e0-bf4c-06f5698ffbd9}','Name':'Microsoft-Windows-Sysmon'}","{5770385f-c22a-43e0-bf4c-06f5698ffbd9}","Microsoft-Windows-Sysmon","S-1-5-18","7","2024-11-19T23:48:32.2068692Z","3","{'arch':2,'did':'','event_id':'db10cc28-2c47-4dd2-8bf9-2077581dfe00','event_time':1732060067144,'event_type':'WEL','ext_ip':'108.171.103.70','hostname':'hl-ws04.homelab.local','iid':'7e99630d-d276-4169-bd11-c23115a848fa','int_ip':'10.100.100.133','moduleid':2,'oid':'27c3229e-7f58-40c8-ad1a-799ff00e1781','plat':268435456,'sid':'20884ef9-0b46-4a29-9d58-832837729b10','tags':['workstations'],'this':'082a0b90a835026405317ed7673d23a3'}",2,"","db10cc28-2c47-4dd2-8bf9-2077581dfe00",1732060067144,"WEL","108.171.103.70","hl-ws04.homelab.local","7e99630d-d276-4169-bd11-c23115a848fa","10.100.100.133",2,"27c3229e-7f58-40c8-ad1a-799ff00e1781",268435456,"20884ef9-0b46-4a29-9d58-832837729b10","['workstations']","082a0b90a835026405317ed7673d23a3"
"2024-11-19 23:47:47","{'EventData':{'Company':'Microsoft Corporation','Description':'Cryptographic Service Provider API','FileVersion':'10.0.19041.3636 (WinBuild.160101.0800)','Hashes':'MD5=19BAEE15EEBE5A6B765ECF95E0DABC96,SHA256=72450FB39087AF34AF4F0C09BFBE8C2D13F4E4AF76952E8B565D07799066A92B,IMPHASH=C54E88E35A24F5BA0A76FE0038B038A7','Image':'C:\\Users\\pparker\\Downloads\\DriverUpdate_1_2.exe','ImageLoaded':'C:\\Windows\\SysWOW64\\cryptsp.dll','OriginalFileName':'cryptsp.dll','ProcessGuid':'{7b34ed3d-23cf-673d-b302-000000000b00}','ProcessId':'2920','Product':'Microsoft® Windows® Operating System','RuleName':'-','Signature':'Microsoft Windows','SignatureStatus':'Valid','Signed':'true','User':'HOMELAB\\pparker','UtcTime':'2024-11-19 23:48:31.779'},'System':{'Channel':'Microsoft-Windows-Sysmon/Operational','Computer':'HL-WS04.HOMELAB.local','Correlation':'','EventID':'7','EventRecordID':'12890','Execution':{'ProcessID':'2052','ThreadID':'4064'},'Keywords':'0x8000000000000000','Level':'4','Opcode':'0','Provider':{'Guid':'{5770385f-c22a-43e0-bf4c-06f5698ffbd9}','Name':'Microsoft-Windows-Sysmon'},'Security':{'UserID':'S-1-5-18'},'Task':'7','TimeCreated':{'SystemTime':'2024-11-19T23:48:32.2135233Z'},'Version':'3','_event_id':'7'}}","{'Company':'Microsoft Corporation','Description':'Cryptographic Service Provider API','FileVersion':'10.0.19041.3636 (WinBuild.160101.0800)','Hashes':'MD5=19BAEE15EEBE5A6B765ECF95E0DABC96,SHA256=72450FB39087AF34AF4F0C09BFBE8C2D13F4E4AF76952E8B565D07799066A92B,IMPHASH=C54E88E35A24F5BA0A76FE0038B038A7','Image':'C:\\Users\\pparker\\Downloads\\DriverUpdate_1_2.exe','ImageLoaded':'C:\\Windows\\SysWOW64\\cryptsp.dll','OriginalFileName':'cryptsp.dll','ProcessGuid':'{7b34ed3d-23cf-673d-b302-000000000b00}','ProcessId':'2920','Product':'Microsoft® Windows® Operating System','RuleName':'-','Signature':'Microsoft Windows','SignatureStatus':'Valid','Signed':'true','User':'HOMELAB\\pparker','UtcTime':'2024-11-19 23:48:31.779'}",,"Microsoft Corporation",,,"Cryptographic Service Provider API",,,,,,,,"10.0.19041.3636 (WinBuild.160101.0800)","MD5=19BAEE15EEBE5A6B765ECF95E0DABC96,SHA256=72450FB39087AF34AF4F0C09BFBE8C2D13F4E4AF76952E8B565D07799066A92B,IMPHASH=C54E88E35A24F5BA0A76FE0038B038A7","C:\Users\pparker\Downloads\DriverUpdate_1_2.exe","C:\Windows\SysWOW64\cryptsp.dll",,,,,"cryptsp.dll",,,,,,"{7b34ed3d-23cf-673d-b302-000000000b00}","2920","Microsoft® Windows® Operating System",,"-","Microsoft Windows","Valid","true",,,,,,,,,"HOMELAB\pparker","2024-11-19 23:48:31.779","{'Channel':'Microsoft-Windows-Sysmon/Operational','Computer':'HL-WS04.HOMELAB.local','Correlation':'','EventID':'7','EventRecordID':'12890','Execution':{'ProcessID':'2052','ThreadID':'4064'},'Keywords':'0x8000000000000000','Level':'4','Opcode':'0','Provider':{'Guid':'{5770385f-c22a-43e0-bf4c-06f5698ffbd9}','Name':'Microsoft-Windows-Sysmon'},'Security':{'UserID':'S-1-5-18'},'Task':'7','TimeCreated':{'SystemTime':'2024-11-19T23:48:32.2135233Z'},'Version':'3','_event_id':'7'}","7","Microsoft-Windows-Sysmon/Operational","HL-WS04.HOMELAB.local","","7","12890","{'ProcessID':'2052','ThreadID':'4064'}","2052","4064","0x8000000000000000","4","0","{'Guid':'{5770385f-c22a-43e0-bf4c-06f5698ffbd9}','Name':'Microsoft-Windows-Sysmon'}","{5770385f-c22a-43e0-bf4c-06f5698ffbd9}","Microsoft-Windows-Sysmon","S-1-5-18","7","2024-11-19T23:48:32.2135233Z","3","{'arch':2,'did':'','event_id':'decf4599-ff3e-4bd5-968a-0e7ca9ea1190','event_time':1732060067144,'event_type':'WEL','ext_ip':'108.171.103.70','hostname':'hl-ws04.homelab.local','iid':'7e99630d-d276-4169-bd11-c23115a848fa','int_ip':'10.100.100.133','moduleid':2,'oid':'27c3229e-7f58-40c8-ad1a-799ff00e1781','plat':268435456,'sid':'20884ef9-0b46-4a29-9d58-832837729b10','tags':['workstations'],'this':'d6cf351839fb391516568194673d23a3'}",2,"","decf4599-ff3e-4bd5-968a-0e7ca9ea1190",1732060067144,"WEL","108.171.103.70","hl-ws04.homelab.local","7e99630d-d276-4169-bd11-c23115a848fa","10.100.100.133",2,"27c3229e-7f58-40c8-ad1a-799ff00e1781",268435456,"20884ef9-0b46-4a29-9d58-832837729b10","['workstations']","d6cf351839fb391516568194673d23a3"
"2024-11-19 23:47:47","{'EventData':{'Company':'Microsoft Corporation','Description':'User Profile Basic API','FileVersion':'10.0.19041.4355 (WinBuild.160101.0800)','Hashes':'MD5=5848C402E75D41D563CF1F01E4DEF886,SHA256=B83253446951BEC5BACF5ECF057FAA68A6257879CB919DC90030A10288550B6B,IMPHASH=9316C5657859E2CD478276DF8244B5E4','Image':'C:\\Users\\pparker\\Downloads\\DriverUpdate_1_2.exe','ImageLoaded':'C:\\Windows\\SysWOW64\\profapi.dll','OriginalFileName':'PROFAPI.DLL','ProcessGuid':'{7b34ed3d-23cf-673d-b302-000000000b00}','ProcessId':'2920','Product':'Microsoft® Windows® Operating System','RuleName':'-','Signature':'Microsoft Windows','SignatureStatus':'Valid','Signed':'true','User':'HOMELAB\\pparker','UtcTime':'2024-11-19 23:48:31.783'},'System':{'Channel':'Microsoft-Windows-Sysmon/Operational','Computer':'HL-WS04.HOMELAB.local','Correlation':'','EventID':'7','EventRecordID':'12891','Execution':{'ProcessID':'2052','ThreadID':'4064'},'Keywords':'0x8000000000000000','Level':'4','Opcode':'0','Provider':{'Guid':'{5770385f-c22a-43e0-bf4c-06f5698ffbd9}','Name':'Microsoft-Windows-Sysmon'},'Security':{'UserID':'S-1-5-18'},'Task':'7','TimeCreated':{'SystemTime':'2024-11-19T23:48:32.2203647Z'},'Version':'3','_event_id':'7'}}","{'Company':'Microsoft Corporation','Description':'User Profile Basic API','FileVersion':'10.0.19041.4355 (WinBuild.160101.0800)','Hashes':'MD5=5848C402E75D41D563CF1F01E4DEF886,SHA256=B83253446951BEC5BACF5ECF057FAA68A6257879CB919DC90030A10288550B6B,IMPHASH=9316C5657859E2CD478276DF8244B5E4','Image':'C:\\Users\\pparker\\Downloads\\DriverUpdate_1_2.exe','ImageLoaded':'C:\\Windows\\SysWOW64\\profapi.dll','OriginalFileName':'PROFAPI.DLL','ProcessGuid':'{7b34ed3d-23cf-673d-b302-000000000b00}','ProcessId':'2920','Product':'Microsoft® Windows® Operating System','RuleName':'-','Signature':'Microsoft Windows','SignatureStatus':'Valid','Signed':'true','User':'HOMELAB\\pparker','UtcTime':'2024-11-19 23:48:31.783'}",,"Microsoft Corporation",,,"User Profile Basic API",,,,,,,,"10.0.19041.4355 (WinBuild.160101.0800)","MD5=5848C402E75D41D563CF1F01E4DEF886,SHA256=B83253446951BEC5BACF5ECF057FAA68A6257879CB919DC90030A10288550B6B,IMPHASH=9316C5657859E2CD478276DF8244B5E4","C:\Users\pparker\Downloads\DriverUpdate_1_2.exe","C:\Windows\SysWOW64\profapi.dll",,,,,"PROFAPI.DLL",,,,,,"{7b34ed3d-23cf-673d-b302-000000000b00}","2920","Microsoft® Windows® Operating System",,"-","Microsoft Windows","Valid","true",,,,,,,,,"HOMELAB\pparker","2024-11-19 23:48:31.783","{'Channel':'Microsoft-Windows-Sysmon/Operational','Computer':'HL-WS04.HOMELAB.local','Correlation':'','EventID':'7','EventRecordID':'12891','Execution':{'ProcessID':'2052','ThreadID':'4064'},'Keywords':'0x8000000000000000','Level':'4','Opcode':'0','Provider':{'Guid':'{5770385f-c22a-43e0-bf4c-06f5698ffbd9}','Name':'Microsoft-Windows-Sysmon'},'Security':{'UserID':'S-1-5-18'},'Task':'7','TimeCreated':{'SystemTime':'2024-11-19T23:48:32.2203647Z'},'Version':'3','_event_id':'7'}","7","Microsoft-Windows-Sysmon/Operational","HL-WS04.HOMELAB.local","","7","12891","{'ProcessID':'2052','ThreadID':'4064'}","2052","4064","0x8000000000000000","4","0","{'Guid':'{5770385f-c22a-43e0-bf4c-06f5698ffbd9}','Name':'Microsoft-Windows-Sysmon'}","{5770385f-c22a-43e0-bf4c-06f5698ffbd9}","Microsoft-Windows-Sysmon","S-1-5-18","7","2024-11-19T23:48:32.2203647Z","3","{'arch':2,'did':'','event_id':'4b26655d-fb00-48a7-9085-49ff02d13033','event_time':1732060067144,'event_type':'WEL','ext_ip':'108.171.103.70','hostname':'hl-ws04.homelab.local','iid':'7e99630d-d276-4169-bd11-c23115a848fa','int_ip':'10.100.100.133','moduleid':2,'oid':'27c3229e-7f58-40c8-ad1a-799ff00e1781','plat':268435456,'sid':'20884ef9-0b46-4a29-9d58-832837729b10','tags':['workstations'],'this':'88b5dc97f11a2c5f911172f3673d23a3'}",2,"","4b26655d-fb00-48a7-9085-49ff02d13033",1732060067144,"WEL","108.171.103.70","hl-ws04.homelab.local","7e99630d-d276-4169-bd11-c23115a848fa","10.100.100.133",2,"27c3229e-7f58-40c8-ad1a-799ff00e1781",268435456,"20884ef9-0b46-4a29-9d58-832837729b10","['workstations']","88b5dc97f11a2c5f911172f3673d23a3"
"2024-11-19 23:47:47","{'EventData':{'Company':'Microsoft Corporation','Description':'Windows Cryptographic Primitives Library','FileVersion':'10.0.19041.5007 (WinBuild.160101.0800)','Hashes':'MD5=6D18EDE65422902AF6976A5121EBA761,SHA256=ED60E23BECE1AE79A8453E2F86AF74747E67BDADFC016E8B82224F134011FB10,IMPHASH=4CCE8D9ECC924490B99F23B06CC1BE0C','Image':'C:\\Users\\pparker\\Downloads\\DriverUpdate_1_2.exe','ImageLoaded':'C:\\Windows\\SysWOW64\\bcryptprimitives.dll','OriginalFileName':'bcryptprimitives.dll','ProcessGuid':'{7b34ed3d-23cf-673d-b302-000000000b00}','ProcessId':'2920','Product':'Microsoft® Windows® Operating System','RuleName':'-','Signature':'Microsoft Windows','SignatureStatus':'Valid','Signed':'true','User':'HOMELAB\\pparker','UtcTime':'2024-11-19 23:48:31.798'},'System':{'Channel':'Microsoft-Windows-Sysmon/Operational','Computer':'HL-WS04.HOMELAB.local','Correlation':'','EventID':'7','EventRecordID':'12892','Execution':{'ProcessID':'2052','ThreadID':'4064'},'Keywords':'0x8000000000000000','Level':'4','Opcode':'0','Provider':{'Guid':'{5770385f-c22a-43e0-bf4c-06f5698ffbd9}','Name':'Microsoft-Windows-Sysmon'},'Security':{'UserID':'S-1-5-18'},'Task':'7','TimeCreated':{'SystemTime':'2024-11-19T23:48:32.2302717Z'},'Version':'3','_event_id':'7'}}","{'Company':'Microsoft Corporation','Description':'Windows Cryptographic Primitives Library','FileVersion':'10.0.19041.5007 (WinBuild.160101.0800)','Hashes':'MD5=6D18EDE65422902AF6976A5121EBA761,SHA256=ED60E23BECE1AE79A8453E2F86AF74747E67BDADFC016E8B82224F134011FB10,IMPHASH=4CCE8D9ECC924490B99F23B06CC1BE0C','Image':'C:\\Users\\pparker\\Downloads\\DriverUpdate_1_2.exe','ImageLoaded':'C:\\Windows\\SysWOW64\\bcryptprimitives.dll','OriginalFileName':'bcryptprimitives.dll','ProcessGuid':'{7b34ed3d-23cf-673d-b302-000000000b00}','ProcessId':'2920','Product':'Microsoft® Windows® Operating System','RuleName':'-','Signature':'Microsoft Windows','SignatureStatus':'Valid','Signed':'true','User':'HOMELAB\\pparker','UtcTime':'2024-11-19 23:48:31.798'}",,"Microsoft Corporation",,,"Windows Cryptographic Primitives Library",,,,,,,,"10.0.19041.5007 (WinBuild.160101.0800)","MD5=6D18EDE65422902AF6976A5121EBA761,SHA256=ED60E23BECE1AE79A8453E2F86AF74747E67BDADFC016E8B82224F134011FB10,IMPHASH=4CCE8D9ECC924490B99F23B06CC1BE0C","C:\Users\pparker\Downloads\DriverUpdate_1_2.exe","C:\Windows\SysWOW64\bcryptprimitives.dll",,,,,"bcryptprimitives.dll",,,,,,"{7b34ed3d-23cf-673d-b302-000000000b00}","2920","Microsoft® Windows® Operating System",,"-","Microsoft Windows","Valid","true",,,,,,,,,"HOMELAB\pparker","2024-11-19 23:48:31.798","{'Channel':'Microsoft-Windows-Sysmon/Operational','Computer':'HL-WS04.HOMELAB.local','Correlation':'','EventID':'7','EventRecordID':'12892','Execution':{'ProcessID':'2052','ThreadID':'4064'},'Keywords':'0x8000000000000000','Level':'4','Opcode':'0','Provider':{'Guid':'{5770385f-c22a-43e0-bf4c-06f5698ffbd9}','Name':'Microsoft-Windows-Sysmon'},'Security':{'UserID':'S-1-5-18'},'Task':'7','TimeCreated':{'SystemTime':'2024-11-19T23:48:32.2302717Z'},'Version':'3','_event_id':'7'}","7","Microsoft-Windows-Sysmon/Operational","HL-WS04.HOMELAB.local","","7","12892","{'ProcessID':'2052','ThreadID':'4064'}","2052","4064","0x8000000000000000","4","0","{'Guid':'{5770385f-c22a-43e0-bf4c-06f5698ffbd9}','Name':'Microsoft-Windows-Sysmon'}","{5770385f-c22a-43e0-bf4c-06f5698ffbd9}","Microsoft-Windows-Sysmon","S-1-5-18","7","2024-11-19T23:48:32.2302717Z","3","{'arch':2,'did':'','event_id':'14359c3b-0af1-4ece-b959-7770d8ffc2ef','event_time':1732060067144,'event_type':'WEL','ext_ip':'108.171.103.70','hostname':'hl-ws04.homelab.local','iid':'7e99630d-d276-4169-bd11-c23115a848fa','int_ip':'10.100.100.133','moduleid':2,'oid':'27c3229e-7f58-40c8-ad1a-799ff00e1781','plat':268435456,'sid':'20884ef9-0b46-4a29-9d58-832837729b10','tags':['workstations'],'this':'2b1df1972bbd2e256ac88619673d23a3'}",2,"","14359c3b-0af1-4ece-b959-7770d8ffc2ef",1732060067144,"WEL","108.171.103.70","hl-ws04.homelab.local","7e99630d-d276-4169-bd11-c23115a848fa","10.100.100.133",2,"27c3229e-7f58-40c8-ad1a-799ff00e1781",268435456,"20884ef9-0b46-4a29-9d58-832837729b10","['workstations']","2b1df1972bbd2e256ac88619673d23a3"
"2024-11-19 23:47:47","{'EventData':{'Company':'Microsoft Corporation','Description':'Data Protection API','FileVersion':'10.0.19041.3636 (WinBuild.160101.0800)','Hashes':'MD5=95D14A2B6A91990C30094A540D06EA15,SHA256=F7D6643028750ABE94C86506A11DDD67D68064AED89FF52AB3331C508CE47036,IMPHASH=CDAC1DB4215AC1D17520C1DE9681D5AC','Image':'C:\\Users\\pparker\\Downloads\\DriverUpdate_1_2.exe','ImageLoaded':'C:\\Windows\\SysWOW64\\dpapi.dll','OriginalFileName':'dpapi.dll','ProcessGuid':'{7b34ed3d-23cf-673d-b302-000000000b00}','ProcessId':'2920','Product':'Microsoft® Windows® Operating System','RuleName':'-','Signature':'Microsoft Windows','SignatureStatus':'Valid','Signed':'true','User':'HOMELAB\\pparker','UtcTime':'2024-11-19 23:48:31.798'},'System':{'Channel':'Microsoft-Windows-Sysmon/Operational','Computer':'HL-WS04.HOMELAB.local','Correlation':'','EventID':'7','EventRecordID':'12893','Execution':{'ProcessID':'2052','ThreadID':'4064'},'Keywords':'0x8000000000000000','Level':'4','Opcode':'0','Provider':{'Guid':'{5770385f-c22a-43e0-bf4c-06f5698ffbd9}','Name':'Microsoft-Windows-Sysmon'},'Security':{'UserID':'S-1-5-18'},'Task':'7','TimeCreated':{'SystemTime':'2024-11-19T23:48:32.2412565Z'},'Version':'3','_event_id':'7'}}","{'Company':'Microsoft Corporation','Description':'Data Protection API','FileVersion':'10.0.19041.3636 (WinBuild.160101.0800)','Hashes':'MD5=95D14A2B6A91990C30094A540D06EA15,SHA256=F7D6643028750ABE94C86506A11DDD67D68064AED89FF52AB3331C508CE47036,IMPHASH=CDAC1DB4215AC1D17520C1DE9681D5AC','Image':'C:\\Users\\pparker\\Downloads\\DriverUpdate_1_2.exe','ImageLoaded':'C:\\Windows\\SysWOW64\\dpapi.dll','OriginalFileName':'dpapi.dll','ProcessGuid':'{7b34ed3d-23cf-673d-b302-000000000b00}','ProcessId':'2920','Product':'Microsoft® Windows® Operating System','RuleName':'-','Signature':'Microsoft Windows','SignatureStatus':'Valid','Signed':'true','User':'HOMELAB\\pparker','UtcTime':'2024-11-19 23:48:31.798'}",,"Microsoft Corporation",,,"Data Protection API",,,,,,,,"10.0.19041.3636 (WinBuild.160101.0800)","MD5=95D14A2B6A91990C30094A540D06EA15,SHA256=F7D6643028750ABE94C86506A11DDD67D68064AED89FF52AB3331C508CE47036,IMPHASH=CDAC1DB4215AC1D17520C1DE9681D5AC","C:\Users\pparker\Downloads\DriverUpdate_1_2.exe","C:\Windows\SysWOW64\dpapi.dll",,,,,"dpapi.dll",,,,,,"{7b34ed3d-23cf-673d-b302-000000000b00}","2920","Microsoft® Windows® Operating System",,"-","Microsoft Windows","Valid","true",,,,,,,,,"HOMELAB\pparker","2024-11-19 23:48:31.798","{'Channel':'Microsoft-Windows-Sysmon/Operational','Computer':'HL-WS04.HOMELAB.local','Correlation':'','EventID':'7','EventRecordID':'12893','Execution':{'ProcessID':'2052','ThreadID':'4064'},'Keywords':'0x8000000000000000','Level':'4','Opcode':'0','Provider':{'Guid':'{5770385f-c22a-43e0-bf4c-06f5698ffbd9}','Name':'Microsoft-Windows-Sysmon'},'Security':{'UserID':'S-1-5-18'},'Task':'7','TimeCreated':{'SystemTime':'2024-11-19T23:48:32.2412565Z'},'Version':'3','_event_id':'7'}","7","Microsoft-Windows-Sysmon/Operational","HL-WS04.HOMELAB.local","","7","12893","{'ProcessID':'2052','ThreadID':'4064'}","2052","4064","0x8000000000000000","4","0","{'Guid':'{5770385f-c22a-43e0-bf4c-06f5698ffbd9}','Name':'Microsoft-Windows-Sysmon'}","{5770385f-c22a-43e0-bf4c-06f5698ffbd9}","Microsoft-Windows-Sysmon","S-1-5-18","7","2024-11-19T23:48:32.2412565Z","3","{'arch':2,'did':'','event_id':'cc676d00-b422-4713-8e9a-247e8b92d289','event_time':1732060067144,'event_type':'WEL','ext_ip':'108.171.103.70','hostname':'hl-ws04.homelab.local','iid':'7e99630d-d276-4169-bd11-c23115a848fa','int_ip':'10.100.100.133','moduleid':2,'oid':'27c3229e-7f58-40c8-ad1a-799ff00e1781','plat':268435456,'sid':'20884ef9-0b46-4a29-9d58-832837729b10','tags':['workstations'],'this':'6d531a66275dc49eacd88211673d23a3'}",2,"","cc676d00-b422-4713-8e9a-247e8b92d289",1732060067144,"WEL","108.171.103.70","hl-ws04.homelab.local","7e99630d-d276-4169-bd11-c23115a848fa","10.100.100.133",2,"27c3229e-7f58-40c8-ad1a-799ff00e1781",268435456,"20884ef9-0b46-4a29-9d58-832837729b10","['workstations']","6d531a66275dc49eacd88211673d23a3"
"2024-11-19 23:47:47","{'EventData':{'Company':'Microsoft Corporation','Description':'Base cryptographic API DLL','FileVersion':'10.0.19041.3636 (WinBuild.160101.0800)','Hashes':'MD5=086A6EC252DA93388C8A2507932775CE,SHA256=2EF73ABBD2BAED205993F6550C40CAC88F76D643DC2D498F28DA1386C360C9E8,IMPHASH=0BE75B543C0F25B405F5788FEEC9F429','Image':'C:\\Users\\pparker\\Downloads\\DriverUpdate_1_2.exe','ImageLoaded':'C:\\Windows\\SysWOW64\\cryptbase.dll','OriginalFileName':'cryptbase.dll','ProcessGuid':'{7b34ed3d-23cf-673d-b302-000000000b00}','ProcessId':'2920','Product':'Microsoft® Windows® Operating System','RuleName':'-','Signature':'Microsoft Windows','SignatureStatus':'Valid','Signed':'true','User':'HOMELAB\\pparker','UtcTime':'2024-11-19 23:48:31.798'},'System':{'Channel':'Microsoft-Windows-Sysmon/Operational','Computer':'HL-WS04.HOMELAB.local','Correlation':'','EventID':'7','EventRecordID':'12894','Execution':{'ProcessID':'2052','ThreadID':'4064'},'Keywords':'0x8000000000000000','Level':'4','Opcode':'0','Provider':{'Guid':'{5770385f-c22a-43e0-bf4c-06f5698ffbd9}','Name':'Microsoft-Windows-Sysmon'},'Security':{'UserID':'S-1-5-18'},'Task':'7','TimeCreated':{'SystemTime':'2024-11-19T23:48:32.2460777Z'},'Version':'3','_event_id':'7'}}","{'Company':'Microsoft Corporation','Description':'Base cryptographic API DLL','FileVersion':'10.0.19041.3636 (WinBuild.160101.0800)','Hashes':'MD5=086A6EC252DA93388C8A2507932775CE,SHA256=2EF73ABBD2BAED205993F6550C40CAC88F76D643DC2D498F28DA1386C360C9E8,IMPHASH=0BE75B543C0F25B405F5788FEEC9F429','Image':'C:\\Users\\pparker\\Downloads\\DriverUpdate_1_2.exe','ImageLoaded':'C:\\Windows\\SysWOW64\\cryptbase.dll','OriginalFileName':'cryptbase.dll','ProcessGuid':'{7b34ed3d-23cf-673d-b302-000000000b00}','ProcessId':'2920','Product':'Microsoft® Windows® Operating System','RuleName':'-','Signature':'Microsoft Windows','SignatureStatus':'Valid','Signed':'true','User':'HOMELAB\\pparker','UtcTime':'2024-11-19 23:48:31.798'}",,"Microsoft Corporation",,,"Base cryptographic API DLL",,,,,,,,"10.0.19041.3636 (WinBuild.160101.0800)","MD5=086A6EC252DA93388C8A2507932775CE,SHA256=2EF73ABBD2BAED205993F6550C40CAC88F76D643DC2D498F28DA1386C360C9E8,IMPHASH=0BE75B543C0F25B405F5788FEEC9F429","C:\Users\pparker\Downloads\DriverUpdate_1_2.exe","C:\Windows\SysWOW64\cryptbase.dll",,,,,"cryptbase.dll",,,,,,"{7b34ed3d-23cf-673d-b302-000000000b00}","2920","Microsoft® Windows® Operating System",,"-","Microsoft Windows","Valid","true",,,,,,,,,"HOMELAB\pparker","2024-11-19 23:48:31.798","{'Channel':'Microsoft-Windows-Sysmon/Operational','Computer':'HL-WS04.HOMELAB.local','Correlation':'','EventID':'7','EventRecordID':'12894','Execution':{'ProcessID':'2052','ThreadID':'4064'},'Keywords':'0x8000000000000000','Level':'4','Opcode':'0','Provider':{'Guid':'{5770385f-c22a-43e0-bf4c-06f5698ffbd9}','Name':'Microsoft-Windows-Sysmon'},'Security':{'UserID':'S-1-5-18'},'Task':'7','TimeCreated':{'SystemTime':'2024-11-19T23:48:32.2460777Z'},'Version':'3','_event_id':'7'}","7","Microsoft-Windows-Sysmon/Operational","HL-WS04.HOMELAB.local","","7","12894","{'ProcessID':'2052','ThreadID':'4064'}","2052","4064","0x8000000000000000","4","0","{'Guid':'{5770385f-c22a-43e0-bf4c-06f5698ffbd9}','Name':'Microsoft-Windows-Sysmon'}","{5770385f-c22a-43e0-bf4c-06f5698ffbd9}","Microsoft-Windows-Sysmon","S-1-5-18","7","2024-11-19T23:48:32.2460777Z","3","{'arch':2,'did':'','event_id':'8ae96d30-7fba-4e99-9c44-0be8f4fbc1a8','event_time':1732060067144,'event_type':'WEL','ext_ip':'108.171.103.70','hostname':'hl-ws04.homelab.local','iid':'7e99630d-d276-4169-bd11-c23115a848fa','int_ip':'10.100.100.133','moduleid':2,'oid':'27c3229e-7f58-40c8-ad1a-799ff00e1781','plat':268435456,'sid':'20884ef9-0b46-4a29-9d58-832837729b10','tags':['workstations'],'this':'723b20897d27b956ced9e912673d23a3'}",2,"","8ae96d30-7fba-4e99-9c44-0be8f4fbc1a8",1732060067144,"WEL","108.171.103.70","hl-ws04.homelab.local","7e99630d-d276-4169-bd11-c23115a848fa","10.100.100.133",2,"27c3229e-7f58-40c8-ad1a-799ff00e1781",268435456,"20884ef9-0b46-4a29-9d58-832837729b10","['workstations']","723b20897d27b956ced9e912673d23a3"
"2024-11-19 23:47:47","{'EventData':{'DestinationHostname':'-','DestinationIp':'10.100.100.135','DestinationIsIpv6':'false','DestinationPort':'4444','DestinationPortName':'-','Image':'C:\\Users\\pparker\\Downloads\\DriverUpdate_1_2.exe','Initiated':'true','ProcessGuid':'{7b34ed3d-23cf-673d-b302-000000000b00}','ProcessId':'2920','Protocol':'tcp','RuleName':'Usermode','SourceHostname':'HL-WS04.HOMELAB.local','SourceIp':'10.100.100.133','SourceIsIpv6':'false','SourcePort':'51307','SourcePortName':'-','User':'HOMELAB\\pparker','UtcTime':'2024-11-10 05:30:35.671'},'System':{'Channel':'Microsoft-Windows-Sysmon/Operational','Computer':'HL-WS04.HOMELAB.local','Correlation':'','EventID':'3','EventRecordID':'12896','Execution':{'ProcessID':'2052','ThreadID':'3820'},'Keywords':'0x8000000000000000','Level':'4','Opcode':'0','Provider':{'Guid':'{5770385f-c22a-43e0-bf4c-06f5698ffbd9}','Name':'Microsoft-Windows-Sysmon'},'Security':{'UserID':'S-1-5-18'},'Task':'3','TimeCreated':{'SystemTime':'2024-11-19T23:48:32.7554663Z'},'Version':'5','_event_id':'3'}}","{'DestinationHostname':'-','DestinationIp':'10.100.100.135','DestinationIsIpv6':'false','DestinationPort':'4444','DestinationPortName':'-','Image':'C:\\Users\\pparker\\Downloads\\DriverUpdate_1_2.exe','Initiated':'true','ProcessGuid':'{7b34ed3d-23cf-673d-b302-000000000b00}','ProcessId':'2920','Protocol':'tcp','RuleName':'Usermode','SourceHostname':'HL-WS04.HOMELAB.local','SourceIp':'10.100.100.133','SourceIsIpv6':'false','SourcePort':'51307','SourcePortName':'-','User':'HOMELAB\\pparker','UtcTime':'2024-11-10 05:30:35.671'}",,,,,,"-","10.100.100.135","false","4444","-",,,,,"C:\Users\pparker\Downloads\DriverUpdate_1_2.exe",,"true",,,,,,,,,,"{7b34ed3d-23cf-673d-b302-000000000b00}","2920",,"tcp","Usermode",,,,"HL-WS04.HOMELAB.local","10.100.100.133","false","51307","-",,,,"HOMELAB\pparker","2024-11-10 05:30:35.671","{'Channel':'Microsoft-Windows-Sysmon/Operational','Computer':'HL-WS04.HOMELAB.local','Correlation':'','EventID':'3','EventRecordID':'12896','Execution':{'ProcessID':'2052','ThreadID':'3820'},'Keywords':'0x8000000000000000','Level':'4','Opcode':'0','Provider':{'Guid':'{5770385f-c22a-43e0-bf4c-06f5698ffbd9}','Name':'Microsoft-Windows-Sysmon'},'Security':{'UserID':'S-1-5-18'},'Task':'3','TimeCreated':{'SystemTime':'2024-11-19T23:48:32.7554663Z'},'Version':'5','_event_id':'3'}","3","Microsoft-Windows-Sysmon/Operational","HL-WS04.HOMELAB.local","","3","12896","{'ProcessID':'2052','ThreadID':'3820'}","2052","3820","0x8000000000000000","4","0","{'Guid':'{5770385f-c22a-43e0-bf4c-06f5698ffbd9}','Name':'Microsoft-Windows-Sysmon'}","{5770385f-c22a-43e0-bf4c-06f5698ffbd9}","Microsoft-Windows-Sysmon","S-1-5-18","3","2024-11-19T23:48:32.7554663Z","5","{'arch':2,'did':'','event_id':'6636cd75-3063-4ef4-9ded-5f6fa0d1bb32','event_time':1732060067144,'event_type':'WEL','ext_ip':'108.171.103.70','hostname':'hl-ws04.homelab.local','iid':'7e99630d-d276-4169-bd11-c23115a848fa','int_ip':'10.100.100.133','moduleid':2,'oid':'27c3229e-7f58-40c8-ad1a-799ff00e1781','plat':268435456,'sid':'20884ef9-0b46-4a29-9d58-832837729b10','tags':['workstations'],'this':'536f0fff7748d4dde5a37168673d23a3'}",2,"","6636cd75-3063-4ef4-9ded-5f6fa0d1bb32",1732060067144,"WEL","108.171.103.70","hl-ws04.homelab.local","7e99630d-d276-4169-bd11-c23115a848fa","10.100.100.133",2,"27c3229e-7f58-40c8-ad1a-799ff00e1781",268435456,"20884ef9-0b46-4a29-9d58-832837729b10","['workstations']","536f0fff7748d4dde5a37168673d23a3"
"2024-11-19 23:47:46","{'EventData':{'CommandLine':'\'C:\\Users\\pparker\\Downloads\\DriverUpdate_1_2.exe\'','Company':'Apache Software Foundation','CurrentDirectory':'C:\\Users\\pparker\\Downloads\\','Description':'ApacheBench command line utility','FileVersion':'2.2.14','Hashes':'MD5=36DDA9AB653D77A51DB3EDA5E962C2CF,SHA256=D4677D4BB7D14E5ACA484F3A082D88649FD07624223FC421510913BD38692FCD,IMPHASH=481F47BBB2C9C21E108D65F52B04C448','Image':'C:\\Users\\pparker\\Downloads\\DriverUpdate_1_2.exe','IntegrityLevel':'High','LogonGuid':'{7b34ed3d-4002-6730-b3ff-4b0000000000}','LogonId':'0x4bffb3','OriginalFileName':'ab.exe','ParentCommandLine':'\'C:\\Program Files (x86)\\Microsoft\\Edge\\Application\\msedge.exe\' --no-startup-window --win-session-start','ParentImage':'C:\\Program Files (x86)\\Microsoft\\Edge\\Application\\msedge.exe','ParentProcessGuid':'{7b34ed3d-1f11-673d-ab01-000000000b00}','ParentProcessId':'3088','ParentUser':'HOMELAB\\pparker','ProcessGuid':'{7b34ed3d-23cf-673d-b302-000000000b00}','ProcessId':'2920','Product':'Apache HTTP Server','RuleName':'-','TerminalSessionId':'2','User':'HOMELAB\\pparker','UtcTime':'2024-11-19 23:48:31.056'},'System':{'Channel':'Microsoft-Windows-Sysmon/Operational','Computer':'HL-WS04.HOMELAB.local','Correlation':'','EventID':'1','EventRecordID':'12825','Execution':{'ProcessID':'2052','ThreadID':'3948'},'Keywords':'0x8000000000000000','Level':'4','Opcode':'0','Provider':{'Guid':'{5770385f-c22a-43e0-bf4c-06f5698ffbd9}','Name':'Microsoft-Windows-Sysmon'},'Security':{'UserID':'S-1-5-18'},'Task':'1','TimeCreated':{'SystemTime':'2024-11-19T23:48:31.1081078Z'},'Version':'5','_event_id':'1'}}","{'CommandLine':'\'C:\\Users\\pparker\\Downloads\\DriverUpdate_1_2.exe\'','Company':'Apache Software Foundation','CurrentDirectory':'C:\\Users\\pparker\\Downloads\\','Description':'ApacheBench command line utility','FileVersion':'2.2.14','Hashes':'MD5=36DDA9AB653D77A51DB3EDA5E962C2CF,SHA256=D4677D4BB7D14E5ACA484F3A082D88649FD07624223FC421510913BD38692FCD,IMPHASH=481F47BBB2C9C21E108D65F52B04C448','Image':'C:\\Users\\pparker\\Downloads\\DriverUpdate_1_2.exe','IntegrityLevel':'High','LogonGuid':'{7b34ed3d-4002-6730-b3ff-4b0000000000}','LogonId':'0x4bffb3','OriginalFileName':'ab.exe','ParentCommandLine':'\'C:\\Program Files (x86)\\Microsoft\\Edge\\Application\\msedge.exe\' --no-startup-window --win-session-start','ParentImage':'C:\\Program Files (x86)\\Microsoft\\Edge\\Application\\msedge.exe','ParentProcessGuid':'{7b34ed3d-1f11-673d-ab01-000000000b00}','ParentProcessId':'3088','ParentUser':'HOMELAB\\pparker','ProcessGuid':'{7b34ed3d-23cf-673d-b302-000000000b00}','ProcessId':'2920','Product':'Apache HTTP Server','RuleName':'-','TerminalSessionId':'2','User':'HOMELAB\\pparker','UtcTime':'2024-11-19 23:48:31.056'}","'C:\Users\pparker\Downloads\DriverUpdate_1_2.exe'","Apache Software Foundation",,"C:\Users\pparker\Downloads\","ApacheBench command line utility",,,,,,,,"2.2.14","MD5=36DDA9AB653D77A51DB3EDA5E962C2CF,SHA256=D4677D4BB7D14E5ACA484F3A082D88649FD07624223FC421510913BD38692FCD,IMPHASH=481F47BBB2C9C21E108D65F52B04C448","C:\Users\pparker\Downloads\DriverUpdate_1_2.exe",,,"High","{7b34ed3d-4002-6730-b3ff-4b0000000000}","0x4bffb3","ab.exe","'C:\Program Files (x86)\Microsoft\Edge\Application\msedge.exe' --no-startup-window --win-session-start","C:\Program Files (x86)\Microsoft\Edge\Application\msedge.exe","{7b34ed3d-1f11-673d-ab01-000000000b00}","3088","HOMELAB\pparker","{7b34ed3d-23cf-673d-b302-000000000b00}","2920","Apache HTTP Server",,"-",,,,,,,,,,,"2","HOMELAB\pparker","2024-11-19 23:48:31.056","{'Channel':'Microsoft-Windows-Sysmon/Operational','Computer':'HL-WS04.HOMELAB.local','Correlation':'','EventID':'1','EventRecordID':'12825','Execution':{'ProcessID':'2052','ThreadID':'3948'},'Keywords':'0x8000000000000000','Level':'4','Opcode':'0','Provider':{'Guid':'{5770385f-c22a-43e0-bf4c-06f5698ffbd9}','Name':'Microsoft-Windows-Sysmon'},'Security':{'UserID':'S-1-5-18'},'Task':'1','TimeCreated':{'SystemTime':'2024-11-19T23:48:31.1081078Z'},'Version':'5','_event_id':'1'}","1","Microsoft-Windows-Sysmon/Operational","HL-WS04.HOMELAB.local","","1","12825","{'ProcessID':'2052','ThreadID':'3948'}","2052","3948","0x8000000000000000","4","0","{'Guid':'{5770385f-c22a-43e0-bf4c-06f5698ffbd9}','Name':'Microsoft-Windows-Sysmon'}","{5770385f-c22a-43e0-bf4c-06f5698ffbd9}","Microsoft-Windows-Sysmon","S-1-5-18","1","2024-11-19T23:48:31.1081078Z","5","{'arch':2,'did':'','event_id':'88ba9bbf-fe94-4ab3-a9e2-7f0ee6fe1e9c','event_time':1732060066177,'event_type':'WEL','ext_ip':'108.171.103.70','hostname':'hl-ws04.homelab.local','iid':'7e99630d-d276-4169-bd11-c23115a848fa','int_ip':'10.100.100.133','moduleid':2,'oid':'27c3229e-7f58-40c8-ad1a-799ff00e1781','plat':268435456,'sid':'20884ef9-0b46-4a29-9d58-832837729b10','tags':['workstations'],'this':'8386ee07bfdfcce79cb4d0be673d23a2'}",2,"","88ba9bbf-fe94-4ab3-a9e2-7f0ee6fe1e9c",1732060066177,"WEL","108.171.103.70","hl-ws04.homelab.local","7e99630d-d276-4169-bd11-c23115a848fa","10.100.100.133",2,"27c3229e-7f58-40c8-ad1a-799ff00e1781",268435456,"20884ef9-0b46-4a29-9d58-832837729b10","['workstations']","8386ee07bfdfcce79cb4d0be673d23a2"
