[{"EventData":{"Company":"Microsoft Corporation","Description":"Microsoft Edge Update","FileVersion":"1.3.147.37","Hashes":"MD5=C019E421D9F897108E51666CBAE2C8B0,SHA256=3096D8E82917A9B73F322F4B1743E52E9B0C8B3C5933A957E73E29D6973CDD5B,IMPHASH=E00D60405A249A05D3B09AA7FE924B17","Image":"C:\\Program Files (x86)\\Microsoft\\EdgeUpdate\\MicrosoftEdgeUpdate.exe","ImageLoaded":"C:\\Program Files (x86)\\Microsoft\\EdgeUpdate\\MicrosoftEdgeUpdate.exe","OriginalFileName":"msedgeupdate.dll","ProcessGuid":"{7b34ed3d-90c8-673c-5a01-000000000b00}","ProcessId":"7348","Product":"Microsoft Edge Update","RuleName":"-","Signature":"Microsoft Corporation","SignatureStatus":"Valid","Signed":"true","User":"NT AUTHORITY\\SYSTEM","UtcTime":"2024-11-19 13:21:12.835"},"EventId":"7","Image":"C:\\Program Files (x86)\\Microsoft\\EdgeUpdate\\MicrosoftEdgeUpdate.exe","timestamp":"2024-11-19 13:20:40"},{"EventData":{"Company":"Microsoft Corporation","Description":"NT Layer DLL","FileVersion":"10.0.19041.5007 (WinBuild.160101.0800)","Hashes":"MD5=97603DC4DF5410CCF9A23A59F14C5B2F,SHA256=0342ED124EE25C76B6B6284F2C4DC3BEDE90C18C1122C36EC2424A8F5332C3BA,IMPHASH=00000000000000000000000000000000","Image":"C:\\Program Files (x86)\\Microsoft\\EdgeUpdate\\MicrosoftEdgeUpdate.exe","ImageLoaded":"C:\\Windows\\System32\\ntdll.dll","OriginalFileName":"ntdll.dll","ProcessGuid":"{7b34ed3d-90c8-673c-6401-000000000b00}","ProcessId":"5076","Product":"Microsoft® Windows® Operating System","RuleName":"-","Signature":"Microsoft Windows","SignatureStatus":"Valid","Signed":"true","User":"NT AUTHORITY\\SYSTEM","UtcTime":"2024-11-19 13:21:12.960"},"EventId":"7","Image":"C:\\Program Files (x86)\\Microsoft\\EdgeUpdate\\MicrosoftEdgeUpdate.exe","timestamp":"2024-11-19 13:20:40"},{"EventData":{"Company":"Microsoft Corporation","Description":"NT Layer DLL","FileVersion":"10.0.19041.5007 (WinBuild.160101.0800)","Hashes":"MD5=97603DC4DF5410CCF9A23A59F14C5B2F,SHA256=0342ED124EE25C76B6B6284F2C4DC3BEDE90C18C1122C36EC2424A8F5332C3BA,IMPHASH=00000000000000000000000000000000","Image":"C:\\Program Files (x86)\\Microsoft\\EdgeUpdate\\MicrosoftEdgeUpdate.exe","ImageLoaded":"C:\\Windows\\System32\\ntdll.dll","OriginalFileName":"ntdll.dll","ProcessGuid":"{7b34ed3d-90c8-673c-5a01-000000000b00}","ProcessId":"7348","Product":"Microsoft® Windows® Operating System","RuleName":"-","Signature":"Microsoft Windows","SignatureStatus":"Valid","Signed":"true","User":"NT AUTHORITY\\SYSTEM","UtcTime":"2024-11-19 13:21:12.851"},"EventId":"7","Image":"C:\\Program Files (x86)\\Microsoft\\EdgeUpdate\\MicrosoftEdgeUpdate.exe","timestamp":"2024-11-19 13:20:40"},{"EventData":{"Company":"Microsoft Corporation","Description":"NT Layer DLL","FileVersion":"10.0.19041.5007 (WinBuild.160101.0800)","Hashes":"MD5=C4522033FA73ED2594678AC419D74D05,SHA256=EC22943CBD4D1A1D580F8664ECE20CEE954ABA490FCB1CA89C910F9144A3286C,IMPHASH=00000000000000000000000000000000","Image":"C:\\Program Files (x86)\\Microsoft\\EdgeUpdate\\MicrosoftEdgeUpdate.exe","ImageLoaded":"C:\\Windows\\SysWOW64\\ntdll.dll","OriginalFileName":"ntdll.dll","ProcessGuid":"{7b34ed3d-90c8-673c-6401-000000000b00}","ProcessId":"5076","Product":"Microsoft® Windows® Operating System","RuleName":"-","Signature":"Microsoft Windows","SignatureStatus":"Valid","Signed":"true","User":"NT AUTHORITY\\SYSTEM","UtcTime":"2024-11-19 13:21:12.960"},"EventId":"7","Image":"C:\\Program Files (x86)\\Microsoft\\EdgeUpdate\\MicrosoftEdgeUpdate.exe","timestamp":"2024-11-19 13:20:40"},{"EventData":{"Company":"Microsoft Corporation","Description":"NT Layer DLL","FileVersion":"10.0.19041.5007 (WinBuild.160101.0800)","Hashes":"MD5=C4522033FA73ED2594678AC419D74D05,SHA256=EC22943CBD4D1A1D580F8664ECE20CEE954ABA490FCB1CA89C910F9144A3286C,IMPHASH=00000000000000000000000000000000","Image":"C:\\Program Files (x86)\\Microsoft\\EdgeUpdate\\MicrosoftEdgeUpdate.exe","ImageLoaded":"C:\\Windows\\SysWOW64\\ntdll.dll","OriginalFileName":"ntdll.dll","ProcessGuid":"{7b34ed3d-90c8-673c-5a01-000000000b00}","ProcessId":"7348","Product":"Microsoft® Windows® Operating System","RuleName":"-","Signature":"Microsoft Windows","SignatureStatus":"Valid","Signed":"true","User":"NT AUTHORITY\\SYSTEM","UtcTime":"2024-11-19 13:21:12.898"},"EventId":"7","Image":"C:\\Program Files (x86)\\Microsoft\\EdgeUpdate\\MicrosoftEdgeUpdate.exe","timestamp":"2024-11-19 13:20:40"},{"EventData":{"Company":"Microsoft Corporation","Description":"Win32 Emulation on NT64","FileVersion":"10.0.19041.3636 (WinBuild.160101.0800)","Hashes":"MD5=AE92EAAEFCD4C0C51D7DE95818DDAB7F,SHA256=524BEADEDB98D8136471759EB2C3C0273BFC979FBC6BAD7D068D88BAE6A9B89E,IMPHASH=4D26806E6CA2EC5EA8DF4BA29C854F96","Image":"C:\\Program Files (x86)\\Microsoft\\EdgeUpdate\\MicrosoftEdgeUpdate.exe","ImageLoaded":"C:\\Windows\\System32\\wow64.dll","OriginalFileName":"wow64.dll","ProcessGuid":"{7b34ed3d-90c8-673c-6401-000000000b00}","ProcessId":"5076","Product":"Microsoft® Windows® Operating System","RuleName":"-","Signature":"Microsoft Windows","SignatureStatus":"Valid","Signed":"true","User":"NT AUTHORITY\\SYSTEM","UtcTime":"2024-11-19 13:21:13.023"},"EventId":"7","Image":"C:\\Program Files (x86)\\Microsoft\\EdgeUpdate\\MicrosoftEdgeUpdate.exe","timestamp":"2024-11-19 13:20:40"},{"EventData":{"Company":"Microsoft Corporation","Description":"Win32 Emulation on NT64","FileVersion":"10.0.19041.3636 (WinBuild.160101.0800)","Hashes":"MD5=AE92EAAEFCD4C0C51D7DE95818DDAB7F,SHA256=524BEADEDB98D8136471759EB2C3C0273BFC979FBC6BAD7D068D88BAE6A9B89E,IMPHASH=4D26806E6CA2EC5EA8DF4BA29C854F96","Image":"C:\\Program Files (x86)\\Microsoft\\EdgeUpdate\\MicrosoftEdgeUpdate.exe","ImageLoaded":"C:\\Windows\\System32\\wow64.dll","OriginalFileName":"wow64.dll","ProcessGuid":"{7b34ed3d-90c8-673c-5a01-000000000b00}","ProcessId":"7348","Product":"Microsoft® Windows® Operating System","RuleName":"-","Signature":"Microsoft Windows","SignatureStatus":"Valid","Signed":"true","User":"NT AUTHORITY\\SYSTEM","UtcTime":"2024-11-19 13:21:12.960"},"EventId":"7","Image":"C:\\Program Files (x86)\\Microsoft\\EdgeUpdate\\MicrosoftEdgeUpdate.exe","timestamp":"2024-11-19 13:20:40"},{"EventData":{"Company":"Microsoft Corporation","Description":"Wow64 Console and Win32 API Logging","FileVersion":"10.0.19041.3996 (WinBuild.160101.0800)","Hashes":"MD5=1EE534871B0A04B1FFA2316E83127DEA,SHA256=74F59DE01AC8369D4578F468326EFD5AE977D1731D22382ECDE6A19C33324339,IMPHASH=AA2F336C00F80E5E84819EE774D160FE","Image":"C:\\Program Files (x86)\\Microsoft\\EdgeUpdate\\MicrosoftEdgeUpdate.exe","ImageLoaded":"C:\\Windows\\System32\\wow64win.dll","OriginalFileName":"wow64lg2.dll","ProcessGuid":"{7b34ed3d-90c8-673c-6401-000000000b00}","ProcessId":"5076","Product":"Microsoft® Windows® Operating System","RuleName":"-","Signature":"Microsoft Windows","SignatureStatus":"Valid","Signed":"true","User":"NT AUTHORITY\\SYSTEM","UtcTime":"2024-11-19 13:21:13.023"},"EventId":"7","Image":"C:\\Program Files (x86)\\Microsoft\\EdgeUpdate\\MicrosoftEdgeUpdate.exe","timestamp":"2024-11-19 13:20:40"},{"EventData":{"Company":"Microsoft Corporation","Description":"Wow64 Console and Win32 API Logging","FileVersion":"10.0.19041.3996 (WinBuild.160101.0800)","Hashes":"MD5=1EE534871B0A04B1FFA2316E83127DEA,SHA256=74F59DE01AC8369D4578F468326EFD5AE977D1731D22382ECDE6A19C33324339,IMPHASH=AA2F336C00F80E5E84819EE774D160FE","Image":"C:\\Program Files (x86)\\Microsoft\\EdgeUpdate\\MicrosoftEdgeUpdate.exe","ImageLoaded":"C:\\Windows\\System32\\wow64win.dll","OriginalFileName":"wow64lg2.dll","ProcessGuid":"{7b34ed3d-90c8-673c-5a01-000000000b00}","ProcessId":"7348","Product":"Microsoft® Windows® Operating System","RuleName":"-","Signature":"Microsoft Windows","SignatureStatus":"Valid","Signed":"true","User":"NT AUTHORITY\\SYSTEM","UtcTime":"2024-11-19 13:21:12.960"},"EventId":"7","Image":"C:\\Program Files (x86)\\Microsoft\\EdgeUpdate\\MicrosoftEdgeUpdate.exe","timestamp":"2024-11-19 13:20:40"},{"EventData":{"Company":"Microsoft Corporation","Description":"Microsoft Edge Update","FileVersion":"1.3.147.37","Hashes":"MD5=C019E421D9F897108E51666CBAE2C8B0,SHA256=3096D8E82917A9B73F322F4B1743E52E9B0C8B3C5933A957E73E29D6973CDD5B,IMPHASH=E00D60405A249A05D3B09AA7FE924B17","Image":"C:\\Program Files (x86)\\Microsoft\\EdgeUpdate\\MicrosoftEdgeUpdate.exe","ImageLoaded":"C:\\Program Files (x86)\\Microsoft\\EdgeUpdate\\MicrosoftEdgeUpdate.exe","OriginalFileName":"msedgeupdate.dll","ProcessGuid":"{7b34ed3d-90c8-673c-6401-000000000b00}","ProcessId":"5076","Product":"Microsoft Edge Update","RuleName":"-","Signature":"Microsoft Corporation","SignatureStatus":"Valid","Signed":"true","User":"NT AUTHORITY\\SYSTEM","UtcTime":"2024-11-19 13:21:12.960"},"EventId":"7","Image":"C:\\Program Files (x86)\\Microsoft\\EdgeUpdate\\MicrosoftEdgeUpdate.exe","timestamp":"2024-11-19 13:20:40"},{"EventData":{"Company":"Microsoft Corporation","Description":"AMD64 Wow64 CPU","FileVersion":"10.0.19041.3636 (WinBuild.160101.0800)","Hashes":"MD5=1E8EB356FCB2EC39C2A841BE98B04D98,SHA256=472BEBB4EA80EDB445E6D67973D7EFCBAB3D7F779C188F266C7FA2D724A045AD,IMPHASH=C22B977BE4BF67B1A723DD49BCC47668","Image":"C:\\Program Files (x86)\\Microsoft\\EdgeUpdate\\MicrosoftEdgeUpdate.exe","ImageLoaded":"C:\\Windows\\System32\\wow64cpu.dll","OriginalFileName":"wow64cpu.dll","ProcessGuid":"{7b34ed3d-90c8-673c-6401-000000000b00}","ProcessId":"5076","Product":"Microsoft® Windows® Operating System","RuleName":"-","Signature":"Microsoft Windows","SignatureStatus":"Valid","Signed":"true","User":"NT AUTHORITY\\SYSTEM","UtcTime":"2024-11-19 13:21:13.023"},"EventId":"7","Image":"C:\\Program Files (x86)\\Microsoft\\EdgeUpdate\\MicrosoftEdgeUpdate.exe","timestamp":"2024-11-19 13:20:40"},{"EventData":{"Company":"Microsoft Corporation","Description":"AMD64 Wow64 CPU","FileVersion":"10.0.19041.3636 (WinBuild.160101.0800)","Hashes":"MD5=1E8EB356FCB2EC39C2A841BE98B04D98,SHA256=472BEBB4EA80EDB445E6D67973D7EFCBAB3D7F779C188F266C7FA2D724A045AD,IMPHASH=C22B977BE4BF67B1A723DD49BCC47668","Image":"C:\\Program Files (x86)\\Microsoft\\EdgeUpdate\\MicrosoftEdgeUpdate.exe","ImageLoaded":"C:\\Windows\\System32\\wow64cpu.dll","OriginalFileName":"wow64cpu.dll","ProcessGuid":"{7b34ed3d-90c8-673c-5a01-000000000b00}","ProcessId":"7348","Product":"Microsoft® Windows® Operating System","RuleName":"-","Signature":"Microsoft Windows","SignatureStatus":"Valid","Signed":"true","User":"NT AUTHORITY\\SYSTEM","UtcTime":"2024-11-19 13:21:12.960"},"EventId":"7","Image":"C:\\Program Files (x86)\\Microsoft\\EdgeUpdate\\MicrosoftEdgeUpdate.exe","timestamp":"2024-11-19 13:20:40"},{"EventData":{"Company":"Microsoft Corporation","Description":"Windows NT BASE API Client DLL","FileVersion":"10.0.19041.4957 (WinBuild.160101.0800)","Hashes":"MD5=10CB71826BFDBB90C329C6E7860641AA,SHA256=33B563F43931135D0057CD587255B5EFAB63834EEA43DF5CFEAFA22C7C067467,IMPHASH=7D480ED8557B9F84B864C7CC0AC8F8F2","Image":"C:\\Program Files (x86)\\Microsoft\\EdgeUpdate\\MicrosoftEdgeUpdate.exe","ImageLoaded":"C:\\Windows\\SysWOW64\\kernel32.dll","OriginalFileName":"kernel32","ProcessGuid":"{7b34ed3d-90c8-673c-6401-000000000b00}","ProcessId":"5076","Product":"Microsoft® Windows® Operating System","RuleName":"-","Signature":"Microsoft Windows","SignatureStatus":"Valid","Signed":"true","User":"NT AUTHORITY\\SYSTEM","UtcTime":"2024-11-19 13:21:13.023"},"EventId":"7","Image":"C:\\Program Files (x86)\\Microsoft\\EdgeUpdate\\MicrosoftEdgeUpdate.exe","timestamp":"2024-11-19 13:20:40"},{"EventData":{"Company":"Microsoft Corporation","Description":"Windows NT BASE API Client DLL","FileVersion":"10.0.19041.4957 (WinBuild.160101.0800)","Hashes":"MD5=10CB71826BFDBB90C329C6E7860641AA,SHA256=33B563F43931135D0057CD587255B5EFAB63834EEA43DF5CFEAFA22C7C067467,IMPHASH=7D480ED8557B9F84B864C7CC0AC8F8F2","Image":"C:\\Program Files (x86)\\Microsoft\\EdgeUpdate\\MicrosoftEdgeUpdate.exe","ImageLoaded":"C:\\Windows\\SysWOW64\\kernel32.dll","OriginalFileName":"kernel32","ProcessGuid":"{7b34ed3d-90c8-673c-5a01-000000000b00}","ProcessId":"7348","Product":"Microsoft® Windows® Operating System","RuleName":"-","Signature":"Microsoft Windows","SignatureStatus":"Valid","Signed":"true","User":"NT AUTHORITY\\SYSTEM","UtcTime":"2024-11-19 13:21:12.975"},"EventId":"7","Image":"C:\\Program Files (x86)\\Microsoft\\EdgeUpdate\\MicrosoftEdgeUpdate.exe","timestamp":"2024-11-19 13:20:40"},{"EventData":{"Company":"Microsoft Corporation","Description":"Windows NT BASE API Client DLL","FileVersion":"10.0.19041.5007 (WinBuild.160101.0800)","Hashes":"MD5=69F7E0C1940C37103FF6B1D8B661FD34,SHA256=433E9EFA956FA015D59A7F03FBE6000E81689A2427615971463810F55F37DC30,IMPHASH=E3A1A46D2013C06F525DEB7AF0080C47","Image":"C:\\Program Files (x86)\\Microsoft\\EdgeUpdate\\MicrosoftEdgeUpdate.exe","ImageLoaded":"C:\\Windows\\SysWOW64\\KernelBase.dll","OriginalFileName":"Kernelbase.dll","ProcessGuid":"{7b34ed3d-90c8-673c-6401-000000000b00}","ProcessId":"5076","Product":"Microsoft® Windows® Operating System","RuleName":"-","Signature":"Microsoft Windows","SignatureStatus":"Valid","Signed":"true","User":"NT AUTHORITY\\SYSTEM","UtcTime":"2024-11-19 13:21:13.023"},"EventId":"7","Image":"C:\\Program Files (x86)\\Microsoft\\EdgeUpdate\\MicrosoftEdgeUpdate.exe","timestamp":"2024-11-19 13:20:40"},{"EventData":{"Company":"Microsoft Corporation","Description":"Windows NT BASE API Client DLL","FileVersion":"10.0.19041.5007 (WinBuild.160101.0800)","Hashes":"MD5=69F7E0C1940C37103FF6B1D8B661FD34,SHA256=433E9EFA956FA015D59A7F03FBE6000E81689A2427615971463810F55F37DC30,IMPHASH=E3A1A46D2013C06F525DEB7AF0080C47","Image":"C:\\Program Files (x86)\\Microsoft\\EdgeUpdate\\MicrosoftEdgeUpdate.exe","ImageLoaded":"C:\\Windows\\SysWOW64\\KernelBase.dll","OriginalFileName":"Kernelbase.dll","ProcessGuid":"{7b34ed3d-90c8-673c-5a01-000000000b00}","ProcessId":"7348","Product":"Microsoft® Windows® Operating System","RuleName":"-","Signature":"Microsoft Windows","SignatureStatus":"Valid","Signed":"true","User":"NT AUTHORITY\\SYSTEM","UtcTime":"2024-11-19 13:21:12.991"},"EventId":"7","Image":"C:\\Program Files (x86)\\Microsoft\\EdgeUpdate\\MicrosoftEdgeUpdate.exe","timestamp":"2024-11-19 13:20:40"},{"EventData":{"Company":"Microsoft Corporation","Description":"Microsoft OLE for Windows","FileVersion":"10.0.19041.4355 (WinBuild.160101.0800)","Hashes":"MD5=876E253CF522CB8BA268710C6BA9CE46,SHA256=5730D36C4A1ABDCBBDF31FB1AD2E65901F4D62BDE669E11736D1138C606895F1,IMPHASH=C60C57DA1BF71493145215470F08AD9A","Image":"C:\\Program Files (x86)\\Microsoft\\EdgeUpdate\\MicrosoftEdgeUpdate.exe","ImageLoaded":"C:\\Windows\\SysWOW64\\ole32.dll","OriginalFileName":"OLE32.DLL","ProcessGuid":"{7b34ed3d-90c8-673c-6401-000000000b00}","ProcessId":"5076","Product":"Microsoft® Windows® Operating System","RuleName":"-","Signature":"Microsoft Windows","SignatureStatus":"Valid","Signed":"true","User":"NT AUTHORITY\\SYSTEM","UtcTime":"2024-11-19 13:21:13.023"},"EventId":"7","Image":"C:\\Program Files (x86)\\Microsoft\\EdgeUpdate\\MicrosoftEdgeUpdate.exe","timestamp":"2024-11-19 13:20:40"},{"EventData":{"Company":"Microsoft Corporation","Description":"Microsoft OLE for Windows","FileVersion":"10.0.19041.4355 (WinBuild.160101.0800)","Hashes":"MD5=876E253CF522CB8BA268710C6BA9CE46,SHA256=5730D36C4A1ABDCBBDF31FB1AD2E65901F4D62BDE669E11736D1138C606895F1,IMPHASH=C60C57DA1BF71493145215470F08AD9A","Image":"C:\\Program Files (x86)\\Microsoft\\EdgeUpdate\\MicrosoftEdgeUpdate.exe","ImageLoaded":"C:\\Windows\\SysWOW64\\ole32.dll","OriginalFileName":"OLE32.DLL","ProcessGuid":"{7b34ed3d-90c8-673c-5a01-000000000b00}","ProcessId":"7348","Product":"Microsoft® Windows® Operating System","RuleName":"-","Signature":"Microsoft Windows","SignatureStatus":"Valid","Signed":"true","User":"NT AUTHORITY\\SYSTEM","UtcTime":"2024-11-19 13:21:12.991"},"EventId":"7","Image":"C:\\Program Files (x86)\\Microsoft\\EdgeUpdate\\MicrosoftEdgeUpdate.exe","timestamp":"2024-11-19 13:20:40"},{"EventData":{"Company":"Microsoft Corporation","Description":"Microsoft® C Runtime Library","FileVersion":"10.0.19041.3636 (WinBuild.160101.0800)","Hashes":"MD5=D4CF3FD5E8EE95431CFEA69FA84AE57D,SHA256=71358D729B01BDF38DBE5440705EA68EA9225F93C834F45C5687B0EA2B417C4E,IMPHASH=EA37CB467EA2ADB2B776C1C8C105007C","Image":"C:\\Program Files (x86)\\Microsoft\\EdgeUpdate\\MicrosoftEdgeUpdate.exe","ImageLoaded":"C:\\Windows\\SysWOW64\\ucrtbase.dll","OriginalFileName":"ucrtbase.dll","ProcessGuid":"{7b34ed3d-90c8-673c-6401-000000000b00}","ProcessId":"5076","Product":"Microsoft® Windows® Operating System","RuleName":"-","Signature":"Microsoft Windows","SignatureStatus":"Valid","Signed":"true","User":"NT AUTHORITY\\SYSTEM","UtcTime":"2024-11-19 13:21:13.023"},"EventId":"7","Image":"C:\\Program Files (x86)\\Microsoft\\EdgeUpdate\\MicrosoftEdgeUpdate.exe","timestamp":"2024-11-19 13:20:40"},{"EventData":{"Company":"Microsoft Corporation","Description":"Microsoft® C Runtime Library","FileVersion":"10.0.19041.3636 (WinBuild.160101.0800)","Hashes":"MD5=D4CF3FD5E8EE95431CFEA69FA84AE57D,SHA256=71358D729B01BDF38DBE5440705EA68EA9225F93C834F45C5687B0EA2B417C4E,IMPHASH=EA37CB467EA2ADB2B776C1C8C105007C","Image":"C:\\Program Files (x86)\\Microsoft\\EdgeUpdate\\MicrosoftEdgeUpdate.exe","ImageLoaded":"C:\\Windows\\SysWOW64\\ucrtbase.dll","OriginalFileName":"ucrtbase.dll","ProcessGuid":"{7b34ed3d-90c8-673c-5a01-000000000b00}","ProcessId":"7348","Product":"Microsoft® Windows® Operating System","RuleName":"-","Signature":"Microsoft Windows","SignatureStatus":"Valid","Signed":"true","User":"NT AUTHORITY\\SYSTEM","UtcTime":"2024-11-19 13:21:13.007"},"EventId":"7","Image":"C:\\Program Files (x86)\\Microsoft\\EdgeUpdate\\MicrosoftEdgeUpdate.exe","timestamp":"2024-11-19 13:20:40"},{"EventData":{"Company":"Microsoft Corporation","Description":"Remote Procedure Call Runtime","FileVersion":"10.0.19041.4957 (WinBuild.160101.0800)","Hashes":"MD5=F234A2926A772EC10715D20DE8007CFD,SHA256=26D089FC190A9E34AEB1E9DBA49F2C88D802E17801999527D960DA24114BAF0D,IMPHASH=15D5DF23DC41C8C2FE52E82BF924BFFC","Image":"C:\\Program Files (x86)\\Microsoft\\EdgeUpdate\\MicrosoftEdgeUpdate.exe","ImageLoaded":"C:\\Windows\\SysWOW64\\rpcrt4.dll","OriginalFileName":"rpcrt4.dll","ProcessGuid":"{7b34ed3d-90c8-673c-6401-000000000b00}","ProcessId":"5076","Product":"Microsoft® Windows® Operating System","RuleName":"-","Signature":"Microsoft Windows","SignatureStatus":"Valid","Signed":"true","User":"NT AUTHORITY\\SYSTEM","UtcTime":"2024-11-19 13:21:13.023"},"EventId":"7","Image":"C:\\Program Files (x86)\\Microsoft\\EdgeUpdate\\MicrosoftEdgeUpdate.exe","timestamp":"2024-11-19 13:20:40"},{"EventData":{"Company":"Microsoft Corporation","Description":"Remote Procedure Call Runtime","FileVersion":"10.0.19041.4957 (WinBuild.160101.0800)","Hashes":"MD5=F234A2926A772EC10715D20DE8007CFD,SHA256=26D089FC190A9E34AEB1E9DBA49F2C88D802E17801999527D960DA24114BAF0D,IMPHASH=15D5DF23DC41C8C2FE52E82BF924BFFC","Image":"C:\\Program Files (x86)\\Microsoft\\EdgeUpdate\\MicrosoftEdgeUpdate.exe","ImageLoaded":"C:\\Windows\\SysWOW64\\rpcrt4.dll","OriginalFileName":"rpcrt4.dll","ProcessGuid":"{7b34ed3d-90c8-673c-5a01-000000000b00}","ProcessId":"7348","Product":"Microsoft® Windows® Operating System","RuleName":"-","Signature":"Microsoft Windows","SignatureStatus":"Valid","Signed":"true","User":"NT AUTHORITY\\SYSTEM","UtcTime":"2024-11-19 13:21:13.007"},"EventId":"7","Image":"C:\\Program Files (x86)\\Microsoft\\EdgeUpdate\\MicrosoftEdgeUpdate.exe","timestamp":"2024-11-19 13:20:40"},{"EventData":{"Company":"Microsoft Corporation","Description":"Microsoft COM for Windows","FileVersion":"10.0.19041.4894 (WinBuild.160101.0800)","Hashes":"MD5=EFE0047B8DBC22A0DD4489B9AF4382DA,SHA256=CDF0F2CCFF16380A44D6E301D30510FD1FD6B641BC3CD6415B4CE66A36B9BCE8,IMPHASH=0E7DBCDD9169F88354984E1C8B8310BD","Image":"C:\\Program Files (x86)\\Microsoft\\EdgeUpdate\\MicrosoftEdgeUpdate.exe","ImageLoaded":"C:\\Windows\\SysWOW64\\combase.dll","OriginalFileName":"COMBASE.DLL","ProcessGuid":"{7b34ed3d-90c8-673c-6401-000000000b00}","ProcessId":"5076","Product":"Microsoft® Windows® Operating System","RuleName":"-","Signature":"Microsoft Windows","SignatureStatus":"Valid","Signed":"true","User":"NT AUTHORITY\\SYSTEM","UtcTime":"2024-11-19 13:21:13.023"},"EventId":"7","Image":"C:\\Program Files (x86)\\Microsoft\\EdgeUpdate\\MicrosoftEdgeUpdate.exe","timestamp":"2024-11-19 13:20:40"},{"EventData":{"Company":"Microsoft Corporation","Description":"Microsoft COM for Windows","FileVersion":"10.0.19041.4894 (WinBuild.160101.0800)","Hashes":"MD5=EFE0047B8DBC22A0DD4489B9AF4382DA,SHA256=CDF0F2CCFF16380A44D6E301D30510FD1FD6B641BC3CD6415B4CE66A36B9BCE8,IMPHASH=0E7DBCDD9169F88354984E1C8B8310BD","Image":"C:\\Program Files (x86)\\Microsoft\\EdgeUpdate\\MicrosoftEdgeUpdate.exe","ImageLoaded":"C:\\Windows\\SysWOW64\\combase.dll","OriginalFileName":"COMBASE.DLL","ProcessGuid":"{7b34ed3d-90c8-673c-5a01-000000000b00}","ProcessId":"7348","Product":"Microsoft® Windows® Operating System","RuleName":"-","Signature":"Microsoft Windows","SignatureStatus":"Valid","Signed":"true","User":"NT AUTHORITY\\SYSTEM","UtcTime":"2024-11-19 13:21:13.023"},"EventId":"7","Image":"C:\\Program Files (x86)\\Microsoft\\EdgeUpdate\\MicrosoftEdgeUpdate.exe","timestamp":"2024-11-19 13:20:40"},{"EventData":{"Company":"Microsoft Corporation","Description":"GDI Client DLL","FileVersion":"10.0.19041.4474 (WinBuild.160101.0800)","Hashes":"MD5=AF54E72FD8BA0357763B85DCFF367F0D,SHA256=5F371373CFEB61533386BB327EFC9032907572074C82E3B41330839DF9969417,IMPHASH=D6485FF25987C4EE7930F552022263DC","Image":"C:\\Program Files (x86)\\Microsoft\\EdgeUpdate\\MicrosoftEdgeUpdate.exe","ImageLoaded":"C:\\Windows\\SysWOW64\\gdi32.dll","OriginalFileName":"gdi32","ProcessGuid":"{7b34ed3d-90c8-673c-6401-000000000b00}","ProcessId":"5076","Product":"Microsoft® Windows® Operating System","RuleName":"-","Signature":"Microsoft Windows","SignatureStatus":"Valid","Signed":"true","User":"NT AUTHORITY\\SYSTEM","UtcTime":"2024-11-19 13:21:13.038"},"EventId":"7","Image":"C:\\Program Files (x86)\\Microsoft\\EdgeUpdate\\MicrosoftEdgeUpdate.exe","timestamp":"2024-11-19 13:20:40"},{"EventData":{"Company":"Microsoft Corporation","Description":"GDI Client DLL","FileVersion":"10.0.19041.4474 (WinBuild.160101.0800)","Hashes":"MD5=AF54E72FD8BA0357763B85DCFF367F0D,SHA256=5F371373CFEB61533386BB327EFC9032907572074C82E3B41330839DF9969417,IMPHASH=D6485FF25987C4EE7930F552022263DC","Image":"C:\\Program Files (x86)\\Microsoft\\EdgeUpdate\\MicrosoftEdgeUpdate.exe","ImageLoaded":"C:\\Windows\\SysWOW64\\gdi32.dll","OriginalFileName":"gdi32","ProcessGuid":"{7b34ed3d-90c8-673c-5a01-000000000b00}","ProcessId":"7348","Product":"Microsoft® Windows® Operating System","RuleName":"-","Signature":"Microsoft Windows","SignatureStatus":"Valid","Signed":"true","User":"NT AUTHORITY\\SYSTEM","UtcTime":"2024-11-19 13:21:13.038"},"EventId":"7","Image":"C:\\Program Files (x86)\\Microsoft\\EdgeUpdate\\MicrosoftEdgeUpdate.exe","timestamp":"2024-11-19 13:20:40"},{"EventData":{"Company":"Microsoft Corporation","Description":"Win32u","FileVersion":"10.0.19041.5007 (WinBuild.160101.0800)","Hashes":"MD5=DCE84A117C01847D8E548B73DA3F04BC,SHA256=20615AB6DF55CE678E834965783CB748D0FB42E0C42BFB6D67E73EB467BE6923,IMPHASH=5D2578ED274AAD83C30A3917C98404EE","Image":"C:\\Program Files (x86)\\Microsoft\\EdgeUpdate\\MicrosoftEdgeUpdate.exe","ImageLoaded":"C:\\Windows\\SysWOW64\\win32u.dll","OriginalFileName":"Win32u.DLL","ProcessGuid":"{7b34ed3d-90c8-673c-6401-000000000b00}","ProcessId":"5076","Product":"Microsoft® Windows® Operating System","RuleName":"-","Signature":"Microsoft Windows","SignatureStatus":"Valid","Signed":"true","User":"NT AUTHORITY\\SYSTEM","UtcTime":"2024-11-19 13:21:13.038"},"EventId":"7","Image":"C:\\Program Files (x86)\\Microsoft\\EdgeUpdate\\MicrosoftEdgeUpdate.exe","timestamp":"2024-11-19 13:20:40"},{"EventData":{"Company":"Microsoft Corporation","Description":"Win32u","FileVersion":"10.0.19041.5007 (WinBuild.160101.0800)","Hashes":"MD5=DCE84A117C01847D8E548B73DA3F04BC,SHA256=20615AB6DF55CE678E834965783CB748D0FB42E0C42BFB6D67E73EB467BE6923,IMPHASH=5D2578ED274AAD83C30A3917C98404EE","Image":"C:\\Program Files (x86)\\Microsoft\\EdgeUpdate\\MicrosoftEdgeUpdate.exe","ImageLoaded":"C:\\Windows\\SysWOW64\\win32u.dll","OriginalFileName":"Win32u.DLL","ProcessGuid":"{7b34ed3d-90c8-673c-5a01-000000000b00}","ProcessId":"7348","Product":"Microsoft® Windows® Operating System","RuleName":"-","Signature":"Microsoft Windows","SignatureStatus":"Valid","Signed":"true","User":"NT AUTHORITY\\SYSTEM","UtcTime":"2024-11-19 13:21:13.038"},"EventId":"7","Image":"C:\\Program Files (x86)\\Microsoft\\EdgeUpdate\\MicrosoftEdgeUpdate.exe","timestamp":"2024-11-19 13:20:40"},{"EventData":{"Company":"Microsoft Corporation","Description":"GDI Client DLL","FileVersion":"10.0.19041.5007 (WinBuild.160101.0800)","Hashes":"MD5=CC3EE6E008284F9205432711B08C9F39,SHA256=54A767C1D87BBBFB40CBB04642A84A0C2F11E4E1F25A59346BAAB8E9DC913ACC,IMPHASH=5F8D4A81BD3B22F1D106D948EB4BCFCE","Image":"C:\\Program Files (x86)\\Microsoft\\EdgeUpdate\\MicrosoftEdgeUpdate.exe","ImageLoaded":"C:\\Windows\\SysWOW64\\gdi32full.dll","OriginalFileName":"gdi32","ProcessGuid":"{7b34ed3d-90c8-673c-6401-000000000b00}","ProcessId":"5076","Product":"Microsoft® Windows® Operating System","RuleName":"-","Signature":"Microsoft Windows","SignatureStatus":"Valid","Signed":"true","User":"NT AUTHORITY\\SYSTEM","UtcTime":"2024-11-19 13:21:13.038"},"EventId":"7","Image":"C:\\Program Files (x86)\\Microsoft\\EdgeUpdate\\MicrosoftEdgeUpdate.exe","timestamp":"2024-11-19 13:20:40"},{"EventData":{"Company":"Microsoft Corporation","Description":"GDI Client DLL","FileVersion":"10.0.19041.5007 (WinBuild.160101.0800)","Hashes":"MD5=CC3EE6E008284F9205432711B08C9F39,SHA256=54A767C1D87BBBFB40CBB04642A84A0C2F11E4E1F25A59346BAAB8E9DC913ACC,IMPHASH=5F8D4A81BD3B22F1D106D948EB4BCFCE","Image":"C:\\Program Files (x86)\\Microsoft\\EdgeUpdate\\MicrosoftEdgeUpdate.exe","ImageLoaded":"C:\\Windows\\SysWOW64\\gdi32full.dll","OriginalFileName":"gdi32","ProcessGuid":"{7b34ed3d-90c8-673c-5a01-000000000b00}","ProcessId":"7348","Product":"Microsoft® Windows® Operating System","RuleName":"-","Signature":"Microsoft Windows","SignatureStatus":"Valid","Signed":"true","User":"NT AUTHORITY\\SYSTEM","UtcTime":"2024-11-19 13:21:13.038"},"EventId":"7","Image":"C:\\Program Files (x86)\\Microsoft\\EdgeUpdate\\MicrosoftEdgeUpdate.exe","timestamp":"2024-11-19 13:20:40"},{"EventData":{"Company":"Microsoft Corporation","Description":"Microsoft® C Runtime Library","FileVersion":"10.0.19041.3636 (WinBuild.160101.0800)","Hashes":"MD5=BBC3C4543A00BC1E2130921DDC3ED3CA,SHA256=55043A5DBE9B4BFE50E2E6BE0BDF77A69A075BECC520700DCAFFB1D9F7686138,IMPHASH=FA1F74A3FA2AD9CEA261D3EC572D5822","Image":"C:\\Program Files (x86)\\Microsoft\\EdgeUpdate\\MicrosoftEdgeUpdate.exe","ImageLoaded":"C:\\Windows\\SysWOW64\\msvcp_win.dll","OriginalFileName":"msvcp_win.dll","ProcessGuid":"{7b34ed3d-90c8-673c-6401-000000000b00}","ProcessId":"5076","Product":"Microsoft® Windows® Operating System","RuleName":"-","Signature":"Microsoft Windows","SignatureStatus":"Valid","Signed":"true","User":"NT AUTHORITY\\SYSTEM","UtcTime":"2024-11-19 13:21:13.038"},"EventId":"7","Image":"C:\\Program Files (x86)\\Microsoft\\EdgeUpdate\\MicrosoftEdgeUpdate.exe","timestamp":"2024-11-19 13:20:40"},{"EventData":{"Company":"Microsoft Corporation","Description":"Microsoft® C Runtime Library","FileVersion":"10.0.19041.3636 (WinBuild.160101.0800)","Hashes":"MD5=BBC3C4543A00BC1E2130921DDC3ED3CA,SHA256=55043A5DBE9B4BFE50E2E6BE0BDF77A69A075BECC520700DCAFFB1D9F7686138,IMPHASH=FA1F74A3FA2AD9CEA261D3EC572D5822","Image":"C:\\Program Files (x86)\\Microsoft\\EdgeUpdate\\MicrosoftEdgeUpdate.exe","ImageLoaded":"C:\\Windows\\SysWOW64\\msvcp_win.dll","OriginalFileName":"msvcp_win.dll","ProcessGuid":"{7b34ed3d-90c8-673c-5a01-000000000b00}","ProcessId":"7348","Product":"Microsoft® Windows® Operating System","RuleName":"-","Signature":"Microsoft Windows","SignatureStatus":"Valid","Signed":"true","User":"NT AUTHORITY\\SYSTEM","UtcTime":"2024-11-19 13:21:13.038"},"EventId":"7","Image":"C:\\Program Files (x86)\\Microsoft\\EdgeUpdate\\MicrosoftEdgeUpdate.exe","timestamp":"2024-11-19 13:20:40"},{"EventData":{"Company":"Microsoft Corporation","Description":"Multi-User Windows USER API Client DLL","FileVersion":"10.0.19041.5007 (WinBuild.160101.0800)","Hashes":"MD5=8C16D1E30535FC070A80315013E0D847,SHA256=7A41E66F592439DD2A2AC24A4CEA3C785D4712D11FDD2220F38A5178F038AA0D,IMPHASH=D3A0F6EDE596DAF46B66AEC0B3A2D4D5","Image":"C:\\Program Files (x86)\\Microsoft\\EdgeUpdate\\MicrosoftEdgeUpdate.exe","ImageLoaded":"C:\\Windows\\SysWOW64\\user32.dll","OriginalFileName":"user32","ProcessGuid":"{7b34ed3d-90c8-673c-6401-000000000b00}","ProcessId":"5076","Product":"Microsoft® Windows® Operating System","RuleName":"-","Signature":"Microsoft Windows","SignatureStatus":"Valid","Signed":"true","User":"NT AUTHORITY\\SYSTEM","UtcTime":"2024-11-19 13:21:13.054"},"EventId":"7","Image":"C:\\Program Files (x86)\\Microsoft\\EdgeUpdate\\MicrosoftEdgeUpdate.exe","timestamp":"2024-11-19 13:20:40"},{"EventData":{"Company":"Microsoft Corporation","Description":"Multi-User Windows USER API Client DLL","FileVersion":"10.0.19041.5007 (WinBuild.160101.0800)","Hashes":"MD5=8C16D1E30535FC070A80315013E0D847,SHA256=7A41E66F592439DD2A2AC24A4CEA3C785D4712D11FDD2220F38A5178F038AA0D,IMPHASH=D3A0F6EDE596DAF46B66AEC0B3A2D4D5","Image":"C:\\Program Files (x86)\\Microsoft\\EdgeUpdate\\MicrosoftEdgeUpdate.exe","ImageLoaded":"C:\\Windows\\SysWOW64\\user32.dll","OriginalFileName":"user32","ProcessGuid":"{7b34ed3d-90c8-673c-5a01-000000000b00}","ProcessId":"7348","Product":"Microsoft® Windows® Operating System","RuleName":"-","Signature":"Microsoft Windows","SignatureStatus":"Valid","Signed":"true","User":"NT AUTHORITY\\SYSTEM","UtcTime":"2024-11-19 13:21:13.054"},"EventId":"7","Image":"C:\\Program Files (x86)\\Microsoft\\EdgeUpdate\\MicrosoftEdgeUpdate.exe","timestamp":"2024-11-19 13:20:40"},{"EventData":{"Company":"Microsoft Corporation","Description":"Windows Shell Common Dll","FileVersion":"10.0.19041.4957 (WinBuild.160101.0800)","Hashes":"MD5=16C852FC4747FBD4817361CB91C53D08,SHA256=18E5CEF5320E0E894D2AAA2AAE12F23CC8728F56C4D3A7ED3EF817CABF7A9CB5,IMPHASH=306307BD029B2ABA619005E8D168E1BD","Image":"C:\\Program Files (x86)\\Microsoft\\EdgeUpdate\\MicrosoftEdgeUpdate.exe","ImageLoaded":"C:\\Windows\\SysWOW64\\shell32.dll","OriginalFileName":"SHELL32.DLL","ProcessGuid":"{7b34ed3d-90c8-673c-6401-000000000b00}","ProcessId":"5076","Product":"Microsoft® Windows® Operating System","RuleName":"-","Signature":"Microsoft Windows","SignatureStatus":"Valid","Signed":"true","User":"NT AUTHORITY\\SYSTEM","UtcTime":"2024-11-19 13:21:13.116"},"EventId":"7","Image":"C:\\Program Files (x86)\\Microsoft\\EdgeUpdate\\MicrosoftEdgeUpdate.exe","timestamp":"2024-11-19 13:20:40"},{"EventData":{"Company":"Microsoft Corporation","Description":"Windows Shell Common Dll","FileVersion":"10.0.19041.4957 (WinBuild.160101.0800)","Hashes":"MD5=16C852FC4747FBD4817361CB91C53D08,SHA256=18E5CEF5320E0E894D2AAA2AAE12F23CC8728F56C4D3A7ED3EF817CABF7A9CB5,IMPHASH=306307BD029B2ABA619005E8D168E1BD","Image":"C:\\Program Files (x86)\\Microsoft\\EdgeUpdate\\MicrosoftEdgeUpdate.exe","ImageLoaded":"C:\\Windows\\SysWOW64\\shell32.dll","OriginalFileName":"SHELL32.DLL","ProcessGuid":"{7b34ed3d-90c8-673c-5a01-000000000b00}","ProcessId":"7348","Product":"Microsoft® Windows® Operating System","RuleName":"-","Signature":"Microsoft Windows","SignatureStatus":"Valid","Signed":"true","User":"NT AUTHORITY\\SYSTEM","UtcTime":"2024-11-19 13:21:13.101"},"EventId":"7","Image":"C:\\Program Files (x86)\\Microsoft\\EdgeUpdate\\MicrosoftEdgeUpdate.exe","timestamp":"2024-11-19 13:20:40"},{"EventData":{"Company":"Microsoft Corporation","Description":"Microsoft WinRT Storage API","FileVersion":"10.0.19041.4957 (WinBuild.160101.0800)","Hashes":"MD5=D699288FC13D16ED812A411543C2EA17,SHA256=2780EC2FBCE8F774D42F13DFB2BE2D6C7F0E25390ECDBA8E1C648926A59A53DF,IMPHASH=6A606534006413D46D94744CC8620243","Image":"C:\\Program Files (x86)\\Microsoft\\EdgeUpdate\\MicrosoftEdgeUpdate.exe","ImageLoaded":"C:\\Windows\\SysWOW64\\windows.storage.dll","OriginalFileName":"Windows.Storage.dll","ProcessGuid":"{7b34ed3d-90c8-673c-6401-000000000b00}","ProcessId":"5076","Product":"Microsoft® Windows® Operating System","RuleName":"-","Signature":"Microsoft Windows","SignatureStatus":"Valid","Signed":"true","User":"NT AUTHORITY\\SYSTEM","UtcTime":"2024-11-19 13:21:13.163"},"EventId":"7","Image":"C:\\Program Files (x86)\\Microsoft\\EdgeUpdate\\MicrosoftEdgeUpdate.exe","timestamp":"2024-11-19 13:20:40"},{"EventData":{"Company":"Microsoft Corporation","Description":"Microsoft WinRT Storage API","FileVersion":"10.0.19041.4957 (WinBuild.160101.0800)","Hashes":"MD5=D699288FC13D16ED812A411543C2EA17,SHA256=2780EC2FBCE8F774D42F13DFB2BE2D6C7F0E25390ECDBA8E1C648926A59A53DF,IMPHASH=6A606534006413D46D94744CC8620243","Image":"C:\\Program Files (x86)\\Microsoft\\EdgeUpdate\\MicrosoftEdgeUpdate.exe","ImageLoaded":"C:\\Windows\\SysWOW64\\windows.storage.dll","OriginalFileName":"Windows.Storage.dll","ProcessGuid":"{7b34ed3d-90c8-673c-5a01-000000000b00}","ProcessId":"7348","Product":"Microsoft® Windows® Operating System","RuleName":"-","Signature":"Microsoft Windows","SignatureStatus":"Valid","Signed":"true","User":"NT AUTHORITY\\SYSTEM","UtcTime":"2024-11-19 13:21:13.163"},"EventId":"7","Image":"C:\\Program Files (x86)\\Microsoft\\EdgeUpdate\\MicrosoftEdgeUpdate.exe","timestamp":"2024-11-19 13:20:40"},{"EventData":{"Company":"Microsoft Corporation","Description":"Windows Lockdown Policy","FileVersion":"10.0.19041.4780 (WinBuild.160101.0800)","Hashes":"MD5=9C7FA211BD82D63531DEA058429A9E2B,SHA256=3BB90DFEF08E22FA48713C1A30B8223D51E78A805ABAB1A0807AFD762EEED317,IMPHASH=BE75DB90FEC4482F5D7F4BD499F9AAB5","Image":"C:\\Program Files (x86)\\Microsoft\\EdgeUpdate\\MicrosoftEdgeUpdate.exe","ImageLoaded":"C:\\Windows\\SysWOW64\\wldp.dll","OriginalFileName":"wldp.dll","ProcessGuid":"{7b34ed3d-90c8-673c-6401-000000000b00}","ProcessId":"5076","Product":"Microsoft® Windows® Operating System","RuleName":"-","Signature":"Microsoft Windows","SignatureStatus":"Valid","Signed":"true","User":"NT AUTHORITY\\SYSTEM","UtcTime":"2024-11-19 13:21:13.163"},"EventId":"7","Image":"C:\\Program Files (x86)\\Microsoft\\EdgeUpdate\\MicrosoftEdgeUpdate.exe","timestamp":"2024-11-19 13:20:40"},{"EventData":{"Company":"Microsoft Corporation","Description":"Windows Lockdown Policy","FileVersion":"10.0.19041.4780 (WinBuild.160101.0800)","Hashes":"MD5=9C7FA211BD82D63531DEA058429A9E2B,SHA256=3BB90DFEF08E22FA48713C1A30B8223D51E78A805ABAB1A0807AFD762EEED317,IMPHASH=BE75DB90FEC4482F5D7F4BD499F9AAB5","Image":"C:\\Program Files (x86)\\Microsoft\\EdgeUpdate\\MicrosoftEdgeUpdate.exe","ImageLoaded":"C:\\Windows\\SysWOW64\\wldp.dll","OriginalFileName":"wldp.dll","ProcessGuid":"{7b34ed3d-90c8-673c-5a01-000000000b00}","ProcessId":"7348","Product":"Microsoft® Windows® Operating System","RuleName":"-","Signature":"Microsoft Windows","SignatureStatus":"Valid","Signed":"true","User":"NT AUTHORITY\\SYSTEM","UtcTime":"2024-11-19 13:21:13.163"},"EventId":"7","Image":"C:\\Program Files (x86)\\Microsoft\\EdgeUpdate\\MicrosoftEdgeUpdate.exe","timestamp":"2024-11-19 13:20:40"},{"EventData":{"Image":"C:\\Windows\\system32\\svchost.exe","ProcessGuid":"{7b34ed3d-662d-6730-1e00-000000000b00}","ProcessId":"1244","QueryName":"HL-WS04.HOMELAB.local","QueryResults":"type:  6 hl-dc02.HOMELAB.local;10.100.100.131;","QueryStatus":"9501","RuleName":"-","User":"NT AUTHORITY\\NETWORK SERVICE","UtcTime":"2024-11-10 05:09:55.077"},"EventId":"22","Image":"C:\\Windows\\system32\\svchost.exe","timestamp":"2024-11-19 13:20:36"},{"EventData":{"Company":"Microsoft Corporation","Description":"NT Layer DLL","FileVersion":"10.0.19041.5007 (WinBuild.160101.0800)","Hashes":"MD5=97603DC4DF5410CCF9A23A59F14C5B2F,SHA256=0342ED124EE25C76B6B6284F2C4DC3BEDE90C18C1122C36EC2424A8F5332C3BA,IMPHASH=00000000000000000000000000000000","Image":"C:\\Windows\\servicing\\TrustedInstaller.exe","ImageLoaded":"C:\\Windows\\System32\\ntdll.dll","OriginalFileName":"ntdll.dll","ProcessGuid":"{7b34ed3d-90e2-673c-8201-000000000b00}","ProcessId":"8184","Product":"Microsoft® Windows® Operating System","RuleName":"-","Signature":"Microsoft Windows","SignatureStatus":"Valid","Signed":"true","User":"NT AUTHORITY\\SYSTEM","UtcTime":"2024-11-19 13:21:38.085"},"EventId":"7","Image":"C:\\Windows\\servicing\\TrustedInstaller.exe","timestamp":"2024-11-19 13:20:53"},{"EventData":{"Company":"Microsoft Corporation","Description":"Windows Modules Installer","FileVersion":"10.0.19041.4355 (WinBuild.160101.0800)","Hashes":"MD5=8BFD0993E6AF9B71F6EC20967E7F4E66,SHA256=93995D019FAB5633DE86938FA84AC43A38951EE5DB9577B1651857E3880437EB,IMPHASH=B898664253FDA776233DB48555E7463B","Image":"C:\\Windows\\servicing\\TrustedInstaller.exe","ImageLoaded":"C:\\Windows\\servicing\\TrustedInstaller.exe","OriginalFileName":"TrustedInstaller.exe","ProcessGuid":"{7b34ed3d-90e2-673c-8201-000000000b00}","ProcessId":"8184","Product":"Microsoft® Windows® Operating System","RuleName":"-","Signature":"Microsoft Windows","SignatureStatus":"Valid","Signed":"true","User":"NT AUTHORITY\\SYSTEM","UtcTime":"2024-11-19 13:21:38.085"},"EventId":"7","Image":"C:\\Windows\\servicing\\TrustedInstaller.exe","timestamp":"2024-11-19 13:20:53"},{"EventData":{"Company":"Microsoft Corporation","Description":"Windows NT BASE API Client DLL","FileVersion":"10.0.19041.4957 (WinBuild.160101.0800)","Hashes":"MD5=184C72C64374B289E8C6E122D4DEA7C4,SHA256=CA35B162E1EA4C1DA4238DBFD70513FAD68D5CA30E296E3AFBACFD7296950AFE,IMPHASH=D068E7761EA75396EFF8D9717AFC3EC6","Image":"C:\\Windows\\servicing\\TrustedInstaller.exe","ImageLoaded":"C:\\Windows\\System32\\kernel32.dll","OriginalFileName":"kernel32","ProcessGuid":"{7b34ed3d-90e2-673c-8201-000000000b00}","ProcessId":"8184","Product":"Microsoft® Windows® Operating System","RuleName":"-","Signature":"Microsoft Windows","SignatureStatus":"Valid","Signed":"true","User":"NT AUTHORITY\\SYSTEM","UtcTime":"2024-11-19 13:21:38.101"},"EventId":"7","Image":"C:\\Windows\\servicing\\TrustedInstaller.exe","timestamp":"2024-11-19 13:20:53"},{"EventData":{"Company":"Microsoft Corporation","Description":"Windows NT BASE API Client DLL","FileVersion":"10.0.19041.4957 (WinBuild.160101.0800)","Hashes":"MD5=2284EEE00E014FC72DBFFD5BC5F7062D,SHA256=8D15BF2A8F4F83898433D27E54A78F72A0F11746EBDAAA9B10E78D3C586C5043,IMPHASH=0B3D9CDD2A78F1035F845B59D17F0420","Image":"C:\\Windows\\servicing\\TrustedInstaller.exe","ImageLoaded":"C:\\Windows\\System32\\KernelBase.dll","OriginalFileName":"Kernelbase.dll","ProcessGuid":"{7b34ed3d-90e2-673c-8201-000000000b00}","ProcessId":"8184","Product":"Microsoft® Windows® Operating System","RuleName":"-","Signature":"Microsoft Windows","SignatureStatus":"Valid","Signed":"true","User":"NT AUTHORITY\\SYSTEM","UtcTime":"2024-11-19 13:21:38.133"},"EventId":"7","Image":"C:\\Windows\\servicing\\TrustedInstaller.exe","timestamp":"2024-11-19 13:20:53"},{"EventData":{"Company":"Microsoft Corporation","Description":"Microsoft® C Runtime Library","FileVersion":"10.0.19041.3636 (WinBuild.160101.0800)","Hashes":"MD5=4E326FEEB3EBF1E3EB21EEB224345727,SHA256=3C60056371F82E4744185B6F2FA0C69042B1E78804685944132974DD13F3B6D9,IMPHASH=405CDE0FC80C30DCC3D783173DBD4143","Image":"C:\\Windows\\servicing\\TrustedInstaller.exe","ImageLoaded":"C:\\Windows\\System32\\ucrtbase.dll","OriginalFileName":"ucrtbase.dll","ProcessGuid":"{7b34ed3d-90e2-673c-8201-000000000b00}","ProcessId":"8184","Product":"Microsoft® Windows® Operating System","RuleName":"-","Signature":"Microsoft Windows","SignatureStatus":"Valid","Signed":"true","User":"NT AUTHORITY\\SYSTEM","UtcTime":"2024-11-19 13:21:38.133"},"EventId":"7","Image":"C:\\Windows\\servicing\\TrustedInstaller.exe","timestamp":"2024-11-19 13:20:53"},{"EventData":{"Company":"Microsoft Corporation","Description":"Microsoft COM for Windows","FileVersion":"10.0.19041.4717 (WinBuild.160101.0800)","Hashes":"MD5=469CA595B7DE27A977CEFBAA7B0C112E,SHA256=E12F1CFF7976D44C4919A3D5A3471AA7A996EF00C193A5396B31E32FAFEDA606,IMPHASH=86D63FCC59A250884FAE714B325D53BF","Image":"C:\\Windows\\servicing\\TrustedInstaller.exe","ImageLoaded":"C:\\Windows\\System32\\combase.dll","OriginalFileName":"COMBASE.DLL","ProcessGuid":"{7b34ed3d-90e2-673c-8201-000000000b00}","ProcessId":"8184","Product":"Microsoft® Windows® Operating System","RuleName":"-","Signature":"Microsoft Windows","SignatureStatus":"Valid","Signed":"true","User":"NT AUTHORITY\\SYSTEM","UtcTime":"2024-11-19 13:21:38.163"},"EventId":"7","Image":"C:\\Windows\\servicing\\TrustedInstaller.exe","timestamp":"2024-11-19 13:20:53"},{"EventData":{"Company":"Microsoft Corporation","Description":"Remote Procedure Call Runtime","FileVersion":"10.0.19041.4957 (WinBuild.160101.0800)","Hashes":"MD5=0FCD8E1B8978CF01F32BD168EEAA8A14,SHA256=6B71520F37E7E30934966FBAB9B60DE6F194703B6A246A6272FEEB1C37E1930E,IMPHASH=EA6B63D47413D34F1C215326DF304528","Image":"C:\\Windows\\servicing\\TrustedInstaller.exe","ImageLoaded":"C:\\Windows\\System32\\rpcrt4.dll","OriginalFileName":"rpcrt4.dll","ProcessGuid":"{7b34ed3d-90e2-673c-8201-000000000b00}","ProcessId":"8184","Product":"Microsoft® Windows® Operating System","RuleName":"-","Signature":"Microsoft Windows","SignatureStatus":"Valid","Signed":"true","User":"NT AUTHORITY\\SYSTEM","UtcTime":"2024-11-19 13:21:38.163"},"EventId":"7","Image":"C:\\Windows\\servicing\\TrustedInstaller.exe","timestamp":"2024-11-19 13:20:53"},{"EventData":{"Company":"Microsoft Corporation","Description":"Host for SCM/SDDL/LSA Lookup APIs","FileVersion":"10.0.19041.4597 (WinBuild.160101.0800)","Hashes":"MD5=746296E831099EED2A9A38C7652EFBA6,SHA256=C88792229D2DFAB108131B414C742228219F64EBA43558880F01F931D4275089,IMPHASH=9ACD13734A7FF7DD74A89FAEA08C6C6F","Image":"C:\\Windows\\servicing\\TrustedInstaller.exe","ImageLoaded":"C:\\Windows\\System32\\sechost.dll","OriginalFileName":"sechost.dll","ProcessGuid":"{7b34ed3d-90e2-673c-8201-000000000b00}","ProcessId":"8184","Product":"Microsoft® Windows® Operating System","RuleName":"-","Signature":"Microsoft Windows","SignatureStatus":"Valid","Signed":"true","User":"NT AUTHORITY\\SYSTEM","UtcTime":"2024-11-19 13:21:38.163"},"EventId":"7","Image":"C:\\Windows\\servicing\\TrustedInstaller.exe","timestamp":"2024-11-19 13:20:53"},{"EventData":{"Company":"Microsoft Corporation","Description":"Windows Cryptographic Primitives Library","FileVersion":"10.0.19041.3636 (WinBuild.160101.0800)","Hashes":"MD5=39EF6359A529D2D44E849905D4ACE360,SHA256=5D05DB7DB46D509FF71B7A952FD36D3A9E432F1E8E26FA0A5772F3D260146E81,IMPHASH=F8A5CF8F7AF31A59E7541332D16C6ABA","Image":"C:\\Windows\\servicing\\TrustedInstaller.exe","ImageLoaded":"C:\\Windows\\System32\\bcrypt.dll","OriginalFileName":"bcrypt.dll","ProcessGuid":"{7b34ed3d-90e2-673c-8201-000000000b00}","ProcessId":"8184","Product":"Microsoft® Windows® Operating System","RuleName":"-","Signature":"Microsoft Windows","SignatureStatus":"Valid","Signed":"true","User":"NT AUTHORITY\\SYSTEM","UtcTime":"2024-11-19 13:21:38.163"},"EventId":"7","Image":"C:\\Windows\\servicing\\TrustedInstaller.exe","timestamp":"2024-11-19 13:20:53"},{"EventData":{"Company":"Microsoft Corporation","Description":"Advanced Windows 32 Base API","FileVersion":"10.0.19041.5011 (WinBuild.160101.0800)","Hashes":"MD5=CAFB1DCAE6CF73202FEC7DF9AB9F2A6D,SHA256=89EE1797FCF0902C896C9EB50A6BCD3AF314D81C6B58EAB28119C896C794E2F0,IMPHASH=44A3825A6A928090F713E33C4D6ADB9B","Image":"C:\\Windows\\servicing\\TrustedInstaller.exe","ImageLoaded":"C:\\Windows\\System32\\advapi32.dll","OriginalFileName":"advapi32.dll","ProcessGuid":"{7b34ed3d-90e2-673c-8201-000000000b00}","ProcessId":"8184","Product":"Microsoft® Windows® Operating System","RuleName":"-","Signature":"Microsoft Windows","SignatureStatus":"Valid","Signed":"true","User":"NT AUTHORITY\\SYSTEM","UtcTime":"2024-11-19 13:21:38.179"},"EventId":"7","Image":"C:\\Windows\\servicing\\TrustedInstaller.exe","timestamp":"2024-11-19 13:20:53"},{"EventData":{"Company":"Microsoft Corporation","Description":"Windows NT CRT DLL","FileVersion":"7.0.19041.3636 (WinBuild.160101.0800)","Hashes":"MD5=AE02A1E372952134E967B336D2DC1822,SHA256=A7F4196D9476D36894CE17C3B0DD97504CA2CC31B3E0A774FEE326E867565885,IMPHASH=1273683626EBBA703979F188A1E64237","Image":"C:\\Windows\\servicing\\TrustedInstaller.exe","ImageLoaded":"C:\\Windows\\System32\\msvcrt.dll","OriginalFileName":"msvcrt.dll","ProcessGuid":"{7b34ed3d-90e2-673c-8201-000000000b00}","ProcessId":"8184","Product":"Microsoft® Windows® Operating System","RuleName":"-","Signature":"Microsoft Windows","SignatureStatus":"Valid","Signed":"true","User":"NT AUTHORITY\\SYSTEM","UtcTime":"2024-11-19 13:21:38.179"},"EventId":"7","Image":"C:\\Windows\\servicing\\TrustedInstaller.exe","timestamp":"2024-11-19 13:20:53"},{"EventData":{"Company":"Microsoft Corporation","Description":"Panther Engine Module","FileVersion":"10.0.19041.4950 (WinBuild.160101.0800)","Hashes":"MD5=7AD2CCBFCF3A81E1E2D86FE485E1D985,SHA256=71B14C85AB5DC4FE74D26DA3799EF3EDC56DF783E7D5D9C1DC492CBD9C345280,IMPHASH=A37E0577C1CBE2EB55F887F237382D9A","Image":"C:\\Windows\\servicing\\TrustedInstaller.exe","ImageLoaded":"C:\\Windows\\WinSxS\\amd64_microsoft-windows-servicingstack_31bf3856ad364e35_10.0.19041.4950_none_7dd913727cb4d87c\\wdscore.dll","OriginalFileName":"WDSCORE.DLL","ProcessGuid":"{7b34ed3d-90e2-673c-8201-000000000b00}","ProcessId":"8184","Product":"Microsoft® Windows® Operating System","RuleName":"-","Signature":"Microsoft Windows","SignatureStatus":"Valid","Signed":"true","User":"NT AUTHORITY\\SYSTEM","UtcTime":"2024-11-19 13:21:38.226"},"EventId":"7","Image":"C:\\Windows\\servicing\\TrustedInstaller.exe","timestamp":"2024-11-19 13:20:53"},{"EventData":{"Company":"Microsoft Corporation","Description":"OLEAUT32.DLL","FileVersion":"10.0.19041.3636 (WinBuild.160101.0800)","Hashes":"MD5=95C8E41A64F90C89DCE4CA64B5EFBD57,SHA256=4DD40579E7254DD553B49B229AA85B9C079586B034E37E564909DA25EB298345,IMPHASH=88D04AF7498CEDC8E8B296BF84CBDB16","Image":"C:\\Windows\\servicing\\TrustedInstaller.exe","ImageLoaded":"C:\\Windows\\System32\\oleaut32.dll","OriginalFileName":"OLEAUT32.DLL","ProcessGuid":"{7b34ed3d-90e2-673c-8201-000000000b00}","ProcessId":"8184","Product":"Microsoft® Windows® Operating System","RuleName":"-","Signature":"Microsoft Windows","SignatureStatus":"Valid","Signed":"true","User":"NT AUTHORITY\\SYSTEM","UtcTime":"2024-11-19 13:21:38.258"},"EventId":"7","Image":"C:\\Windows\\servicing\\TrustedInstaller.exe","timestamp":"2024-11-19 13:20:53"},{"EventData":{"Company":"Microsoft Corporation","Description":"Microsoft® C Runtime Library","FileVersion":"10.0.19041.3636 (WinBuild.160101.0800)","Hashes":"MD5=EC9F1CDD909F7C0BAE4DB21DCD2033DE,SHA256=2A7825C2925347E0CB767A0DCB611F3EB80D0F71CBEC981069B227BDC7CB871A,IMPHASH=6395B9FE9663F603C53213439199897E","Image":"C:\\Windows\\servicing\\TrustedInstaller.exe","ImageLoaded":"C:\\Windows\\System32\\msvcp_win.dll","OriginalFileName":"msvcp_win.dll","ProcessGuid":"{7b34ed3d-90e2-673c-8201-000000000b00}","ProcessId":"8184","Product":"Microsoft® Windows® Operating System","RuleName":"-","Signature":"Microsoft Windows","SignatureStatus":"Valid","Signed":"true","User":"NT AUTHORITY\\SYSTEM","UtcTime":"2024-11-19 13:21:38.258"},"EventId":"7","Image":"C:\\Windows\\servicing\\TrustedInstaller.exe","timestamp":"2024-11-19 13:20:53"},{"EventData":{"Company":"Microsoft Corporation","Description":"AppModel API Host","FileVersion":"10.0.19041.3758 (WinBuild.160101.0800)","Hashes":"MD5=7402B27BCB9D703A0603013F361FD773,SHA256=ABFF38D9EFACA07602ACC2A31775F8790AC720261842DBB6D7D9E1A46BBA91F8,IMPHASH=C24B24FA5FB3285D15231007B6E54465","Image":"C:\\Windows\\servicing\\TrustedInstaller.exe","ImageLoaded":"C:\\Windows\\System32\\kernel.appcore.dll","OriginalFileName":"kernel.appcore.dll","ProcessGuid":"{7b34ed3d-90e2-673c-8201-000000000b00}","ProcessId":"8184","Product":"Microsoft® Windows® Operating System","RuleName":"-","Signature":"Microsoft Windows","SignatureStatus":"Valid","Signed":"true","User":"NT AUTHORITY\\SYSTEM","UtcTime":"2024-11-19 13:21:38.335"},"EventId":"7","Image":"C:\\Windows\\servicing\\TrustedInstaller.exe","timestamp":"2024-11-19 13:20:53"},{"EventData":{"Company":"Microsoft Corporation","Description":"Windows Image Helper","FileVersion":"10.0.19041.3636 (WinBuild.160101.0800)","Hashes":"MD5=B3A5E819E3CF9834A6B33C606FC50289,SHA256=38818F0389463E8D79CD50E21A79E9D232422080A120B905A4A6335125DB7A63,IMPHASH=CE4AD83A987BB290F3A8EBD351252F29","Image":"C:\\Windows\\servicing\\TrustedInstaller.exe","ImageLoaded":"C:\\Windows\\System32\\dbghelp.dll","OriginalFileName":"DBGHELP.DLL","ProcessGuid":"{7b34ed3d-90e2-673c-8201-000000000b00}","ProcessId":"8184","Product":"Microsoft® Windows® Operating System","RuleName":"-","Signature":"Microsoft Windows","SignatureStatus":"Valid","Signed":"true","User":"NT AUTHORITY\\SYSTEM","UtcTime":"2024-11-19 13:21:38.273"},"EventId":"7","Image":"C:\\Windows\\servicing\\TrustedInstaller.exe","timestamp":"2024-11-19 13:20:53"},{"EventData":{"Company":"Microsoft Corporation","Description":"Windows Core Debugging Helpers","FileVersion":"10.0.19041.4355 (WinBuild.160101.0800)","Hashes":"MD5=F3420EFEA32FEA5359F9A30AADB70084,SHA256=9FD442EE31934EDB69A2A923671025FCAF71E30891DF01BEDDF3CDBD47E9E8E1,IMPHASH=078EF7696C6172AFAB4385B68B2B778B","Image":"C:\\Windows\\servicing\\TrustedInstaller.exe","ImageLoaded":"C:\\Windows\\System32\\dbgcore.dll","OriginalFileName":"DBGCORE.DLL","ProcessGuid":"{7b34ed3d-90e2-673c-8201-000000000b00}","ProcessId":"8184","Product":"Microsoft® Windows® Operating System","RuleName":"-","Signature":"Microsoft Windows","SignatureStatus":"Valid","Signed":"true","User":"NT AUTHORITY\\SYSTEM","UtcTime":"2024-11-19 13:21:38.304"},"EventId":"7","Image":"C:\\Windows\\servicing\\TrustedInstaller.exe","timestamp":"2024-11-19 13:20:53"},