{"EventData":{"Company":"Microsoft Corporation","Description":"Microsoft Patch Engine","FileVersion":"5.00 (WinBuild.160101.0800)","Hashes":"MD5=62350066FC7B4DA05F4BCBA10CB93903,SHA256=44F5DFA1F55C889C93CC2582BB2D2A96A46EE236DF03008C4561DBD572051816,IMPHASH=0548E8ADEC11479E5325E559ACB52553","Image":"C:\\Windows\\WinSxS\\amd64_microsoft-windows-servicingstack_31bf3856ad364e35_10.0.19041.4950_none_7dd913727cb4d87c\\TiWorker.exe","ImageLoaded":"C:\\Windows\\WinSxS\\amd64_microsoft-windows-servicingstack_31bf3856ad364e35_10.0.19041.4950_none_7dd913727cb4d87c\\msdelta.dll","OriginalFileName":"msdelta.dll","ProcessGuid":"{7b34ed3d-90e2-673c-8401-000000000b00}","ProcessId":"6672","Product":"Microsoft® Windows® Operating System","RuleName":"-","Signature":"Microsoft Windows","SignatureStatus":"Valid","Signed":"true","User":"NT AUTHORITY\\SYSTEM","UtcTime":"2024-11-19 13:21:40.289"},"EventId":"7","Image":"C:\\Windows\\WinSxS\\amd64_microsoft-windows-servicingstack_31bf3856ad364e35_10.0.19041.4950_none_7dd913727cb4d87c\\TiWorker.exe","timestamp":"2024-11-19 13:20:56"},{"EventData":{"Company":"Microsoft Corporation","Description":"Microsoft® Cabinet File API","FileVersion":"5.00 (WinBuild.160101.0800)","Hashes":"MD5=A83504D6C9B698834C0EE0923BBFCDB3,SHA256=BC99C4959E74204BD03F02E097E52051650FD17D1CD6DB0055F75B5E3088C138,IMPHASH=43089E1FD23B10D2778868432FE3423A","Image":"C:\\Windows\\WinSxS\\amd64_microsoft-windows-servicingstack_31bf3856ad364e35_10.0.19041.4950_none_7dd913727cb4d87c\\TiWorker.exe","ImageLoaded":"C:\\Windows\\System32\\cabinet.dll","OriginalFileName":"cabinet.dll","ProcessGuid":"{7b34ed3d-90e2-673c-8401-000000000b00}","ProcessId":"6672","Product":"Microsoft® Windows® Operating System","RuleName":"-","Signature":"Microsoft Windows","SignatureStatus":"Valid","Signed":"true","User":"NT AUTHORITY\\SYSTEM","UtcTime":"2024-11-19 13:21:40.289"},"EventId":"7","Image":"C:\\Windows\\WinSxS\\amd64_microsoft-windows-servicingstack_31bf3856ad364e35_10.0.19041.4950_none_7dd913727cb4d87c\\TiWorker.exe","timestamp":"2024-11-19 13:20:56"},{"EventData":{"Image":"C:\\Windows\\System32\\wbem\\WmiPrvSE.exe","ProcessGuid":"{7b34ed3d-3f88-6730-3f01-000000000b00}","ProcessId":"1184","QueryName":"HL-WS04","QueryResults":"fe80::59b0:8533:eca8:bb6;::ffff:10.100.100.133;","QueryStatus":"0","RuleName":"-","User":"NT AUTHORITY\\NETWORK SERVICE","UtcTime":"2024-11-10 05:10:16.399"},"EventId":"22","Image":"C:\\Windows\\System32\\wbem\\WmiPrvSE.exe","timestamp":"2024-11-19 13:20:59"},{"EventData":{"Image":"C:\\Windows\\system32\\lsass.exe","ProcessGuid":"{7b34ed3d-662d-6730-0c00-000000000b00}","ProcessId":"672","QueryName":"HL-DC02.HOMELAB.local","QueryResults":"::ffff:10.100.100.131;","QueryStatus":"0","RuleName":"-","User":"NT AUTHORITY\\SYSTEM","UtcTime":"2024-11-10 05:10:22.482"},"EventId":"22","Image":"C:\\Windows\\system32\\lsass.exe","timestamp":"2024-11-19 13:21:04"},{"EventData":{"Image":"C:\\Windows\\system32\\lsass.exe","ProcessGuid":"{7b34ed3d-662d-6730-0c00-000000000b00}","ProcessId":"672","QueryName":"HL-DC02.HOMELAB.local","QueryResults":"::ffff:10.100.100.131;","QueryStatus":"0","RuleName":"-","User":"NT AUTHORITY\\SYSTEM","UtcTime":"2024-11-10 05:10:22.483"},"EventId":"22","Image":"C:\\Windows\\system32\\lsass.exe","timestamp":"2024-11-19 13:21:04"},{"EventData":{"Image":"C:\\Windows\\System32\\rphcp.exe","ProcessGuid":"{7b34ed3d-3c03-6730-4400-000000000b00}","ProcessId":"3012","QueryName":"crl.trust-provider.com","QueryResults":"type:  5 crl.comodoca.com.cdn.cloudflare.net;::ffff:172.64.149.23;::ffff:104.18.38.233;","QueryStatus":"0","RuleName":"-","User":"NT AUTHORITY\\SYSTEM","UtcTime":"2024-11-10 05:10:30.718"},"EventId":"22","Image":"C:\\Windows\\System32\\rphcp.exe","timestamp":"2024-11-19 13:21:12"},{"EventData":{"Image":"C:\\Windows\\system32\\lsass.exe","ProcessGuid":"{7b34ed3d-662d-6730-0c00-000000000b00}","ProcessId":"672","QueryName":"HL-WS04","QueryResults":"10.100.100.133;","QueryStatus":"0","RuleName":"-","User":"NT AUTHORITY\\SYSTEM","UtcTime":"2024-11-10 05:10:48.029"},"EventId":"22","Image":"C:\\Windows\\system32\\lsass.exe","timestamp":"2024-11-19 13:21:29"},{"EventData":{"Image":"C:\\Windows\\system32\\svchost.exe","ProcessGuid":"{7b34ed3d-662d-6730-1e00-000000000b00}","ProcessId":"1244","QueryName":"HL-DC02.HOMELAB.local","QueryResults":"::ffff:10.100.100.131;","QueryStatus":"0","RuleName":"-","User":"NT AUTHORITY\\NETWORK SERVICE","UtcTime":"2024-11-10 05:10:48.138"},"EventId":"22","Image":"C:\\Windows\\system32\\svchost.exe","timestamp":"2024-11-19 13:21:30"},{"EventData":{"Image":"C:\\Windows\\system32\\lsass.exe","ProcessGuid":"{7b34ed3d-662d-6730-0c00-000000000b00}","ProcessId":"672","QueryName":"HL-WS04","QueryResults":"10.100.100.133;","QueryStatus":"0","RuleName":"-","User":"NT AUTHORITY\\SYSTEM","UtcTime":"2024-11-10 05:10:50.265"},"EventId":"22","Image":"C:\\Windows\\system32\\lsass.exe","timestamp":"2024-11-19 13:21:32"},{"EventData":{"Image":"C:\\Windows\\system32\\lsass.exe","ProcessGuid":"{7b34ed3d-662d-6730-0c00-000000000b00}","ProcessId":"672","QueryName":"HL-WS04","QueryResults":"10.100.100.133;","QueryStatus":"0","RuleName":"-","User":"NT AUTHORITY\\SYSTEM","UtcTime":"2024-11-10 05:10:50.265"},"EventId":"22","Image":"C:\\Windows\\system32\\lsass.exe","timestamp":"2024-11-19 13:21:32"},{"EventData":{"Image":"C:\\Windows\\system32\\lsass.exe","ProcessGuid":"{7b34ed3d-662d-6730-0c00-000000000b00}","ProcessId":"672","QueryName":"HL-DC02.HOMELAB.local","QueryResults":"::ffff:10.100.100.131;","QueryStatus":"0","RuleName":"-","User":"NT AUTHORITY\\SYSTEM","UtcTime":"2024-11-10 05:10:50.265"},"EventId":"22","Image":"C:\\Windows\\system32\\lsass.exe","timestamp":"2024-11-19 13:21:32"},{"EventData":{"Image":"C:\\Windows\\system32\\svchost.exe","ProcessGuid":"{7b34ed3d-662d-6730-1c00-000000000b00}","ProcessId":"1196","QueryName":"HL-DC02.HOMELAB.local","QueryResults":"::ffff:10.100.100.131;","QueryStatus":"0","RuleName":"-","User":"NT AUTHORITY\\SYSTEM","UtcTime":"2024-11-10 05:10:50.265"},"EventId":"22","Image":"C:\\Windows\\system32\\svchost.exe","timestamp":"2024-11-19 13:21:32"},{"EventData":{"Image":"C:\\Windows\\system32\\lsass.exe","ProcessGuid":"{7b34ed3d-662d-6730-0c00-000000000b00}","ProcessId":"672","QueryName":"HL-DC02.HOMELAB.local","QueryResults":"::ffff:10.100.100.131;","QueryStatus":"0","RuleName":"-","User":"NT AUTHORITY\\SYSTEM","UtcTime":"2024-11-10 05:10:50.267"},"EventId":"22","Image":"C:\\Windows\\system32\\lsass.exe","timestamp":"2024-11-19 13:21:32"},{"EventData":{"Image":"C:\\Windows\\system32\\svchost.exe","ProcessGuid":"{7b34ed3d-662d-6730-1c00-000000000b00}","ProcessId":"1196","QueryName":"HL-DC02.HOMELAB.local","QueryResults":"::ffff:10.100.100.131;","QueryStatus":"0","RuleName":"-","User":"NT AUTHORITY\\SYSTEM","UtcTime":"2024-11-10 05:10:50.577"},"EventId":"22","Image":"C:\\Windows\\system32\\svchost.exe","timestamp":"2024-11-19 13:21:32"},{"EventData":{"Image":"C:\\Windows\\system32\\lsass.exe","ProcessGuid":"{7b34ed3d-662d-6730-0c00-000000000b00}","ProcessId":"672","QueryName":"HL-WS04","QueryResults":"10.100.100.133;","QueryStatus":"0","RuleName":"-","User":"NT AUTHORITY\\SYSTEM","UtcTime":"2024-11-10 05:10:50.593"},"EventId":"22","Image":"C:\\Windows\\system32\\lsass.exe","timestamp":"2024-11-19 13:21:32"},{"EventData":{"Image":"C:\\Windows\\system32\\svchost.exe","ProcessGuid":"{7b34ed3d-662d-6730-1c00-000000000b00}","ProcessId":"1196","QueryName":"HL-DC02.HOMELAB.local","QueryResults":"::ffff:10.100.100.131;","QueryStatus":"0","RuleName":"-","User":"NT AUTHORITY\\SYSTEM","UtcTime":"2024-11-10 05:10:50.702"},"EventId":"22","Image":"C:\\Windows\\system32\\svchost.exe","timestamp":"2024-11-19 13:21:32"},{"EventData":{"Image":"C:\\Windows\\system32\\lsass.exe","ProcessGuid":"{7b34ed3d-662d-6730-0c00-000000000b00}","ProcessId":"672","QueryName":"HL-WS04","QueryResults":"10.100.100.133;","QueryStatus":"0","RuleName":"-","User":"NT AUTHORITY\\SYSTEM","UtcTime":"2024-11-10 05:10:51.016"},"EventId":"22","Image":"C:\\Windows\\system32\\lsass.exe","timestamp":"2024-11-19 13:21:32"},{"EventData":{"Image":"C:\\Windows\\System32\\rphcp.exe","ProcessGuid":"{7b34ed3d-3c03-6730-4400-000000000b00}","ProcessId":"3012","QueryName":"subca.ocsp-certum.com","QueryResults":"type:  5 ocsp.akamai.certum.pl;type:  5 ocsp.certum.pl.edgekey.net;type:  5 e96763.dscb.akamaiedge.net;::ffff:23.38.112.49;::ffff:23.38.112.35;","QueryStatus":"0","RuleName":"-","User":"NT AUTHORITY\\SYSTEM","UtcTime":"2024-11-10 05:10:55.957"},"EventId":"22","Image":"C:\\Windows\\System32\\rphcp.exe","timestamp":"2024-11-19 13:21:37"},{"EventData":{"Image":"C:\\Windows\\System32\\rphcp.exe","ProcessGuid":"{7b34ed3d-3c03-6730-4400-000000000b00}","ProcessId":"3012","QueryName":"ccsca2021.ocsp-certum.com","QueryResults":"type:  5 ocsp.akamai.certum.pl;type:  5 ocsp.certum.pl.edgekey.net;type:  5 e96763.dscb.akamaiedge.net;::ffff:23.38.112.35;::ffff:23.38.112.49;","QueryStatus":"0","RuleName":"-","User":"NT AUTHORITY\\SYSTEM","UtcTime":"2024-11-10 05:10:56.126"},"EventId":"22","Image":"C:\\Windows\\System32\\rphcp.exe","timestamp":"2024-11-19 13:21:38"},{"EventData":{"Company":"Microsoft Corporation","Description":"NT Layer DLL","FileVersion":"10.0.19041.5007 (WinBuild.160101.0800)","Hashes":"MD5=97603DC4DF5410CCF9A23A59F14C5B2F,SHA256=0342ED124EE25C76B6B6284F2C4DC3BEDE90C18C1122C36EC2424A8F5332C3BA,IMPHASH=00000000000000000000000000000000","Image":"C:\\Windows\\SoftwareDistribution\\Download\\Install\\AM_Delta.exe","ImageLoaded":"C:\\Windows\\System32\\ntdll.dll","OriginalFileName":"ntdll.dll","ProcessGuid":"{7b34ed3d-9177-673c-9b01-000000000b00}","ProcessId":"7976","Product":"Microsoft® Windows® Operating System","RuleName":"-","Signature":"Microsoft Windows","SignatureStatus":"Valid","Signed":"true","User":"NT AUTHORITY\\SYSTEM","UtcTime":"2024-11-19 13:24:07.570"},"EventId":"7","Image":"C:\\Windows\\SoftwareDistribution\\Download\\Install\\AM_Delta.exe","timestamp":"2024-11-19 13:23:22"},{"EventData":{"Company":"Microsoft Corporation","Description":"Windows NT BASE API Client DLL","FileVersion":"10.0.19041.4957 (WinBuild.160101.0800)","Hashes":"MD5=184C72C64374B289E8C6E122D4DEA7C4,SHA256=CA35B162E1EA4C1DA4238DBFD70513FAD68D5CA30E296E3AFBACFD7296950AFE,IMPHASH=D068E7761EA75396EFF8D9717AFC3EC6","Image":"C:\\Windows\\SoftwareDistribution\\Download\\Install\\AM_Delta.exe","ImageLoaded":"C:\\Windows\\System32\\kernel32.dll","OriginalFileName":"kernel32","ProcessGuid":"{7b34ed3d-9177-673c-9b01-000000000b00}","ProcessId":"7976","Product":"Microsoft® Windows® Operating System","RuleName":"-","Signature":"Microsoft Windows","SignatureStatus":"Valid","Signed":"true","User":"NT AUTHORITY\\SYSTEM","UtcTime":"2024-11-19 13:24:07.586"},"EventId":"7","Image":"C:\\Windows\\SoftwareDistribution\\Download\\Install\\AM_Delta.exe","timestamp":"2024-11-19 13:23:22"},{"EventData":{"Company":"Microsoft Corporation","Description":"Windows NT BASE API Client DLL","FileVersion":"10.0.19041.4957 (WinBuild.160101.0800)","Hashes":"MD5=2284EEE00E014FC72DBFFD5BC5F7062D,SHA256=8D15BF2A8F4F83898433D27E54A78F72A0F11746EBDAAA9B10E78D3C586C5043,IMPHASH=0B3D9CDD2A78F1035F845B59D17F0420","Image":"C:\\Windows\\SoftwareDistribution\\Download\\Install\\AM_Delta.exe","ImageLoaded":"C:\\Windows\\System32\\KernelBase.dll","OriginalFileName":"Kernelbase.dll","ProcessGuid":"{7b34ed3d-9177-673c-9b01-000000000b00}","ProcessId":"7976","Product":"Microsoft® Windows® Operating System","RuleName":"-","Signature":"Microsoft Windows","SignatureStatus":"Valid","Signed":"true","User":"NT AUTHORITY\\SYSTEM","UtcTime":"2024-11-19 13:24:07.586"},"EventId":"7","Image":"C:\\Windows\\SoftwareDistribution\\Download\\Install\\AM_Delta.exe","timestamp":"2024-11-19 13:23:22"},{"EventData":{"Company":"Microsoft Corporation","Description":"Advanced Windows 32 Base API","FileVersion":"10.0.19041.5011 (WinBuild.160101.0800)","Hashes":"MD5=CAFB1DCAE6CF73202FEC7DF9AB9F2A6D,SHA256=89EE1797FCF0902C896C9EB50A6BCD3AF314D81C6B58EAB28119C896C794E2F0,IMPHASH=44A3825A6A928090F713E33C4D6ADB9B","Image":"C:\\Windows\\SoftwareDistribution\\Download\\Install\\AM_Delta.exe","ImageLoaded":"C:\\Windows\\System32\\advapi32.dll","OriginalFileName":"advapi32.dll","ProcessGuid":"{7b34ed3d-9177-673c-9b01-000000000b00}","ProcessId":"7976","Product":"Microsoft® Windows® Operating System","RuleName":"-","Signature":"Microsoft Windows","SignatureStatus":"Valid","Signed":"true","User":"NT AUTHORITY\\SYSTEM","UtcTime":"2024-11-19 13:24:07.586"},"EventId":"7","Image":"C:\\Windows\\SoftwareDistribution\\Download\\Install\\AM_Delta.exe","timestamp":"2024-11-19 13:23:22"},{"EventData":{"Company":"Microsoft Corporation","Description":"Windows NT CRT DLL","FileVersion":"7.0.19041.3636 (WinBuild.160101.0800)","Hashes":"MD5=AE02A1E372952134E967B336D2DC1822,SHA256=A7F4196D9476D36894CE17C3B0DD97504CA2CC31B3E0A774FEE326E867565885,IMPHASH=1273683626EBBA703979F188A1E64237","Image":"C:\\Windows\\SoftwareDistribution\\Download\\Install\\AM_Delta.exe","ImageLoaded":"C:\\Windows\\System32\\msvcrt.dll","OriginalFileName":"msvcrt.dll","ProcessGuid":"{7b34ed3d-9177-673c-9b01-000000000b00}","ProcessId":"7976","Product":"Microsoft® Windows® Operating System","RuleName":"-","Signature":"Microsoft Windows","SignatureStatus":"Valid","Signed":"true","User":"NT AUTHORITY\\SYSTEM","UtcTime":"2024-11-19 13:24:07.586"},"EventId":"7","Image":"C:\\Windows\\SoftwareDistribution\\Download\\Install\\AM_Delta.exe","timestamp":"2024-11-19 13:23:22"},{"EventData":{"Company":"Microsoft Corporation","Description":"Host for SCM/SDDL/LSA Lookup APIs","FileVersion":"10.0.19041.4597 (WinBuild.160101.0800)","Hashes":"MD5=746296E831099EED2A9A38C7652EFBA6,SHA256=C88792229D2DFAB108131B414C742228219F64EBA43558880F01F931D4275089,IMPHASH=9ACD13734A7FF7DD74A89FAEA08C6C6F","Image":"C:\\Windows\\SoftwareDistribution\\Download\\Install\\AM_Delta.exe","ImageLoaded":"C:\\Windows\\System32\\sechost.dll","OriginalFileName":"sechost.dll","ProcessGuid":"{7b34ed3d-9177-673c-9b01-000000000b00}","ProcessId":"7976","Product":"Microsoft® Windows® Operating System","RuleName":"-","Signature":"Microsoft Windows","SignatureStatus":"Valid","Signed":"true","User":"NT AUTHORITY\\SYSTEM","UtcTime":"2024-11-19 13:24:07.586"},"EventId":"7","Image":"C:\\Windows\\SoftwareDistribution\\Download\\Install\\AM_Delta.exe","timestamp":"2024-11-19 13:23:22"},{"EventData":{"Company":"Microsoft Corporation","Description":"Remote Procedure Call Runtime","FileVersion":"10.0.19041.4957 (WinBuild.160101.0800)","Hashes":"MD5=0FCD8E1B8978CF01F32BD168EEAA8A14,SHA256=6B71520F37E7E30934966FBAB9B60DE6F194703B6A246A6272FEEB1C37E1930E,IMPHASH=EA6B63D47413D34F1C215326DF304528","Image":"C:\\Windows\\SoftwareDistribution\\Download\\Install\\AM_Delta.exe","ImageLoaded":"C:\\Windows\\System32\\rpcrt4.dll","OriginalFileName":"rpcrt4.dll","ProcessGuid":"{7b34ed3d-9177-673c-9b01-000000000b00}","ProcessId":"7976","Product":"Microsoft® Windows® Operating System","RuleName":"-","Signature":"Microsoft Windows","SignatureStatus":"Valid","Signed":"true","User":"NT AUTHORITY\\SYSTEM","UtcTime":"2024-11-19 13:24:07.586"},"EventId":"7","Image":"C:\\Windows\\SoftwareDistribution\\Download\\Install\\AM_Delta.exe","timestamp":"2024-11-19 13:23:22"},{"EventData":{"Company":"Microsoft Corporation","Description":"Windows Cryptographic Primitives Library","FileVersion":"10.0.19041.3636 (WinBuild.160101.0800)","Hashes":"MD5=39EF6359A529D2D44E849905D4ACE360,SHA256=5D05DB7DB46D509FF71B7A952FD36D3A9E432F1E8E26FA0A5772F3D260146E81,IMPHASH=F8A5CF8F7AF31A59E7541332D16C6ABA","Image":"C:\\Windows\\SoftwareDistribution\\Download\\Install\\AM_Delta.exe","ImageLoaded":"C:\\Windows\\System32\\bcrypt.dll","OriginalFileName":"bcrypt.dll","ProcessGuid":"{7b34ed3d-9177-673c-9b01-000000000b00}","ProcessId":"7976","Product":"Microsoft® Windows® Operating System","RuleName":"-","Signature":"Microsoft Windows","SignatureStatus":"Valid","Signed":"true","User":"NT AUTHORITY\\SYSTEM","UtcTime":"2024-11-19 13:24:07.586"},"EventId":"7","Image":"C:\\Windows\\SoftwareDistribution\\Download\\Install\\AM_Delta.exe","timestamp":"2024-11-19 13:23:22"},{"EventData":{"Company":"Microsoft Corporation","Description":"Windows Cryptographic Primitives Library","FileVersion":"10.0.19041.5007 (WinBuild.160101.0800)","Hashes":"MD5=777687AB0DA084229F88370973A3CEAB,SHA256=F0A1662D0F55533A21D609F8DC737288EDE77D314D90E885CA9E6EF79D429C3B,IMPHASH=496E42068C9391511CF6EE7C54F73A9B","Image":"C:\\Windows\\SoftwareDistribution\\Download\\Install\\AM_Delta.exe","ImageLoaded":"C:\\Windows\\System32\\bcryptprimitives.dll","OriginalFileName":"bcryptprimitives.dll","ProcessGuid":"{7b34ed3d-9177-673c-9b01-000000000b00}","ProcessId":"7976","Product":"Microsoft® Windows® Operating System","RuleName":"-","Signature":"Microsoft Windows","SignatureStatus":"Valid","Signed":"true","User":"NT AUTHORITY\\SYSTEM","UtcTime":"2024-11-19 13:24:07.601"},"EventId":"7","Image":"C:\\Windows\\SoftwareDistribution\\Download\\Install\\AM_Delta.exe","timestamp":"2024-11-19 13:23:22"},{"EventData":{"Company":"Microsoft Corporation","Description":"AntiMalware Definition Update","FileVersion":"1.421.368.0","Hashes":"MD5=A43D4986D1955BF5C848960CDB0B0414,SHA256=F523F774737D850F0464E931C5E6CA23953E19BF4CFCA79E868D6922C60B2C5E,IMPHASH=52CEE9C1BC4BDA1F4F98A36E5EF61615","Image":"C:\\Windows\\SoftwareDistribution\\Download\\Install\\AM_Delta.exe","ImageLoaded":"C:\\Windows\\SoftwareDistribution\\Download\\Install\\AM_Delta.exe","OriginalFileName":"AM_Delta.exe","ProcessGuid":"{7b34ed3d-9177-673c-9b01-000000000b00}","ProcessId":"7976","Product":"Microsoft Malware Protection","RuleName":"-","Signature":"Microsoft Corporation","SignatureStatus":"Valid","Signed":"true","User":"NT AUTHORITY\\SYSTEM","UtcTime":"2024-11-19 13:24:07.554"},"EventId":"7","Image":"C:\\Windows\\SoftwareDistribution\\Download\\Install\\AM_Delta.exe","timestamp":"2024-11-19 13:23:22"},{"EventData":{"Company":"Microsoft Corporation","Description":"Version Checking and File Installation Libraries","FileVersion":"10.0.19041.3636 (WinBuild.160101.0800)","Hashes":"MD5=EE901FF4AD552D0F8DC8FD5837ACE5AB,SHA256=AF45A728552CCFDCD9435C40ACE60A9354D7C1B52ABF507A2F1CB371DADA4FDE,IMPHASH=34340C2C4E9AA6EF6AD12BB695FC695B","Image":"C:\\Windows\\SoftwareDistribution\\Download\\Install\\AM_Delta.exe","ImageLoaded":"C:\\Windows\\System32\\version.dll","OriginalFileName":"VERSION.DLL","ProcessGuid":"{7b34ed3d-9177-673c-9b01-000000000b00}","ProcessId":"7976","Product":"Microsoft® Windows® Operating System","RuleName":"-","Signature":"Microsoft Windows","SignatureStatus":"Valid","Signed":"true","User":"NT AUTHORITY\\SYSTEM","UtcTime":"2024-11-19 13:24:07.601"},"EventId":"7","Image":"C:\\Windows\\SoftwareDistribution\\Download\\Install\\AM_Delta.exe","timestamp":"2024-11-19 13:23:22"},{"EventData":{"Company":"Microsoft Corporation","Description":"Windows Modules Installer","FileVersion":"10.0.19041.4355 (WinBuild.160101.0800)","Hashes":"MD5=8BFD0993E6AF9B71F6EC20967E7F4E66,SHA256=93995D019FAB5633DE86938FA84AC43A38951EE5DB9577B1651857E3880437EB,IMPHASH=B898664253FDA776233DB48555E7463B","Image":"C:\\Windows\\servicing\\TrustedInstaller.exe","ImageLoaded":"C:\\Windows\\servicing\\TrustedInstaller.exe","OriginalFileName":"TrustedInstaller.exe","ProcessGuid":"{7b34ed3d-918f-673c-9d01-000000000b00}","ProcessId":"4564","Product":"Microsoft® Windows® Operating System","RuleName":"-","Signature":"Microsoft Windows","SignatureStatus":"Valid","Signed":"true","User":"NT AUTHORITY\\SYSTEM","UtcTime":"2024-11-19 13:24:31.992"},"EventId":"7","Image":"C:\\Windows\\servicing\\TrustedInstaller.exe","timestamp":"2024-11-19 13:23:47"},{"EventData":{"Company":"Microsoft Corporation","Description":"NT Layer DLL","FileVersion":"10.0.19041.5007 (WinBuild.160101.0800)","Hashes":"MD5=97603DC4DF5410CCF9A23A59F14C5B2F,SHA256=0342ED124EE25C76B6B6284F2C4DC3BEDE90C18C1122C36EC2424A8F5332C3BA,IMPHASH=00000000000000000000000000000000","Image":"C:\\Windows\\servicing\\TrustedInstaller.exe","ImageLoaded":"C:\\Windows\\System32\\ntdll.dll","OriginalFileName":"ntdll.dll","ProcessGuid":"{7b34ed3d-918f-673c-9d01-000000000b00}","ProcessId":"4564","Product":"Microsoft® Windows® Operating System","RuleName":"-","Signature":"Microsoft Windows","SignatureStatus":"Valid","Signed":"true","User":"NT AUTHORITY\\SYSTEM","UtcTime":"2024-11-19 13:24:31.992"},"EventId":"7","Image":"C:\\Windows\\servicing\\TrustedInstaller.exe","timestamp":"2024-11-19 13:23:47"},{"EventData":{"Company":"Microsoft Corporation","Description":"Windows NT BASE API Client DLL","FileVersion":"10.0.19041.4957 (WinBuild.160101.0800)","Hashes":"MD5=184C72C64374B289E8C6E122D4DEA7C4,SHA256=CA35B162E1EA4C1DA4238DBFD70513FAD68D5CA30E296E3AFBACFD7296950AFE,IMPHASH=D068E7761EA75396EFF8D9717AFC3EC6","Image":"C:\\Windows\\servicing\\TrustedInstaller.exe","ImageLoaded":"C:\\Windows\\System32\\kernel32.dll","OriginalFileName":"kernel32","ProcessGuid":"{7b34ed3d-918f-673c-9d01-000000000b00}","ProcessId":"4564","Product":"Microsoft® Windows® Operating System","RuleName":"-","Signature":"Microsoft Windows","SignatureStatus":"Valid","Signed":"true","User":"NT AUTHORITY\\SYSTEM","UtcTime":"2024-11-19 13:24:32.008"},"EventId":"7","Image":"C:\\Windows\\servicing\\TrustedInstaller.exe","timestamp":"2024-11-19 13:23:47"},{"EventData":{"Company":"Microsoft Corporation","Description":"Windows NT BASE API Client DLL","FileVersion":"10.0.19041.4957 (WinBuild.160101.0800)","Hashes":"MD5=2284EEE00E014FC72DBFFD5BC5F7062D,SHA256=8D15BF2A8F4F83898433D27E54A78F72A0F11746EBDAAA9B10E78D3C586C5043,IMPHASH=0B3D9CDD2A78F1035F845B59D17F0420","Image":"C:\\Windows\\servicing\\TrustedInstaller.exe","ImageLoaded":"C:\\Windows\\System32\\KernelBase.dll","OriginalFileName":"Kernelbase.dll","ProcessGuid":"{7b34ed3d-918f-673c-9d01-000000000b00}","ProcessId":"4564","Product":"Microsoft® Windows® Operating System","RuleName":"-","Signature":"Microsoft Windows","SignatureStatus":"Valid","Signed":"true","User":"NT AUTHORITY\\SYSTEM","UtcTime":"2024-11-19 13:24:32.008"},"EventId":"7","Image":"C:\\Windows\\servicing\\TrustedInstaller.exe","timestamp":"2024-11-19 13:23:47"},{"EventData":{"Company":"Microsoft Corporation","Description":"Microsoft® C Runtime Library","FileVersion":"10.0.19041.3636 (WinBuild.160101.0800)","Hashes":"MD5=4E326FEEB3EBF1E3EB21EEB224345727,SHA256=3C60056371F82E4744185B6F2FA0C69042B1E78804685944132974DD13F3B6D9,IMPHASH=405CDE0FC80C30DCC3D783173DBD4143","Image":"C:\\Windows\\servicing\\TrustedInstaller.exe","ImageLoaded":"C:\\Windows\\System32\\ucrtbase.dll","OriginalFileName":"ucrtbase.dll","ProcessGuid":"{7b34ed3d-918f-673c-9d01-000000000b00}","ProcessId":"4564","Product":"Microsoft® Windows® Operating System","RuleName":"-","Signature":"Microsoft Windows","SignatureStatus":"Valid","Signed":"true","User":"NT AUTHORITY\\SYSTEM","UtcTime":"2024-11-19 13:24:32.008"},"EventId":"7","Image":"C:\\Windows\\servicing\\TrustedInstaller.exe","timestamp":"2024-11-19 13:23:47"},{"EventData":{"Company":"Microsoft Corporation","Description":"Microsoft COM for Windows","FileVersion":"10.0.19041.4717 (WinBuild.160101.0800)","Hashes":"MD5=469CA595B7DE27A977CEFBAA7B0C112E,SHA256=E12F1CFF7976D44C4919A3D5A3471AA7A996EF00C193A5396B31E32FAFEDA606,IMPHASH=86D63FCC59A250884FAE714B325D53BF","Image":"C:\\Windows\\servicing\\TrustedInstaller.exe","ImageLoaded":"C:\\Windows\\System32\\combase.dll","OriginalFileName":"COMBASE.DLL","ProcessGuid":"{7b34ed3d-918f-673c-9d01-000000000b00}","ProcessId":"4564","Product":"Microsoft® Windows® Operating System","RuleName":"-","Signature":"Microsoft Windows","SignatureStatus":"Valid","Signed":"true","User":"NT AUTHORITY\\SYSTEM","UtcTime":"2024-11-19 13:24:32.008"},"EventId":"7","Image":"C:\\Windows\\servicing\\TrustedInstaller.exe","timestamp":"2024-11-19 13:23:47"},{"EventData":{"Company":"Microsoft Corporation","Description":"Remote Procedure Call Runtime","FileVersion":"10.0.19041.4957 (WinBuild.160101.0800)","Hashes":"MD5=0FCD8E1B8978CF01F32BD168EEAA8A14,SHA256=6B71520F37E7E30934966FBAB9B60DE6F194703B6A246A6272FEEB1C37E1930E,IMPHASH=EA6B63D47413D34F1C215326DF304528","Image":"C:\\Windows\\servicing\\TrustedInstaller.exe","ImageLoaded":"C:\\Windows\\System32\\rpcrt4.dll","OriginalFileName":"rpcrt4.dll","ProcessGuid":"{7b34ed3d-918f-673c-9d01-000000000b00}","ProcessId":"4564","Product":"Microsoft® Windows® Operating System","RuleName":"-","Signature":"Microsoft Windows","SignatureStatus":"Valid","Signed":"true","User":"NT AUTHORITY\\SYSTEM","UtcTime":"2024-11-19 13:24:32.008"},"EventId":"7","Image":"C:\\Windows\\servicing\\TrustedInstaller.exe","timestamp":"2024-11-19 13:23:47"},{"EventData":{"Company":"Microsoft Corporation","Description":"Host for SCM/SDDL/LSA Lookup APIs","FileVersion":"10.0.19041.4597 (WinBuild.160101.0800)","Hashes":"MD5=746296E831099EED2A9A38C7652EFBA6,SHA256=C88792229D2DFAB108131B414C742228219F64EBA43558880F01F931D4275089,IMPHASH=9ACD13734A7FF7DD74A89FAEA08C6C6F","Image":"C:\\Windows\\servicing\\TrustedInstaller.exe","ImageLoaded":"C:\\Windows\\System32\\sechost.dll","OriginalFileName":"sechost.dll","ProcessGuid":"{7b34ed3d-918f-673c-9d01-000000000b00}","ProcessId":"4564","Product":"Microsoft® Windows® Operating System","RuleName":"-","Signature":"Microsoft Windows","SignatureStatus":"Valid","Signed":"true","User":"NT AUTHORITY\\SYSTEM","UtcTime":"2024-11-19 13:24:32.008"},"EventId":"7","Image":"C:\\Windows\\servicing\\TrustedInstaller.exe","timestamp":"2024-11-19 13:23:47"},{"EventData":{"Company":"Microsoft Corporation","Description":"Windows Cryptographic Primitives Library","FileVersion":"10.0.19041.3636 (WinBuild.160101.0800)","Hashes":"MD5=39EF6359A529D2D44E849905D4ACE360,SHA256=5D05DB7DB46D509FF71B7A952FD36D3A9E432F1E8E26FA0A5772F3D260146E81,IMPHASH=F8A5CF8F7AF31A59E7541332D16C6ABA","Image":"C:\\Windows\\servicing\\TrustedInstaller.exe","ImageLoaded":"C:\\Windows\\System32\\bcrypt.dll","OriginalFileName":"bcrypt.dll","ProcessGuid":"{7b34ed3d-918f-673c-9d01-000000000b00}","ProcessId":"4564","Product":"Microsoft® Windows® Operating System","RuleName":"-","Signature":"Microsoft Windows","SignatureStatus":"Valid","Signed":"true","User":"NT AUTHORITY\\SYSTEM","UtcTime":"2024-11-19 13:24:32.008"},"EventId":"7","Image":"C:\\Windows\\servicing\\TrustedInstaller.exe","timestamp":"2024-11-19 13:23:47"},{"EventData":{"Company":"Microsoft Corporation","Description":"Advanced Windows 32 Base API","FileVersion":"10.0.19041.5011 (WinBuild.160101.0800)","Hashes":"MD5=CAFB1DCAE6CF73202FEC7DF9AB9F2A6D,SHA256=89EE1797FCF0902C896C9EB50A6BCD3AF314D81C6B58EAB28119C896C794E2F0,IMPHASH=44A3825A6A928090F713E33C4D6ADB9B","Image":"C:\\Windows\\servicing\\TrustedInstaller.exe","ImageLoaded":"C:\\Windows\\System32\\advapi32.dll","OriginalFileName":"advapi32.dll","ProcessGuid":"{7b34ed3d-918f-673c-9d01-000000000b00}","ProcessId":"4564","Product":"Microsoft® Windows® Operating System","RuleName":"-","Signature":"Microsoft Windows","SignatureStatus":"Valid","Signed":"true","User":"NT AUTHORITY\\SYSTEM","UtcTime":"2024-11-19 13:24:32.008"},"EventId":"7","Image":"C:\\Windows\\servicing\\TrustedInstaller.exe","timestamp":"2024-11-19 13:23:47"},{"EventData":{"Company":"Microsoft Corporation","Description":"Windows NT CRT DLL","FileVersion":"7.0.19041.3636 (WinBuild.160101.0800)","Hashes":"MD5=AE02A1E372952134E967B336D2DC1822,SHA256=A7F4196D9476D36894CE17C3B0DD97504CA2CC31B3E0A774FEE326E867565885,IMPHASH=1273683626EBBA703979F188A1E64237","Image":"C:\\Windows\\servicing\\TrustedInstaller.exe","ImageLoaded":"C:\\Windows\\System32\\msvcrt.dll","OriginalFileName":"msvcrt.dll","ProcessGuid":"{7b34ed3d-918f-673c-9d01-000000000b00}","ProcessId":"4564","Product":"Microsoft® Windows® Operating System","RuleName":"-","Signature":"Microsoft Windows","SignatureStatus":"Valid","Signed":"true","User":"NT AUTHORITY\\SYSTEM","UtcTime":"2024-11-19 13:24:32.008"},"EventId":"7","Image":"C:\\Windows\\servicing\\TrustedInstaller.exe","timestamp":"2024-11-19 13:23:47"},{"EventData":{"Company":"Microsoft Corporation","Description":"Panther Engine Module","FileVersion":"10.0.19041.4950 (WinBuild.160101.0800)","Hashes":"MD5=7AD2CCBFCF3A81E1E2D86FE485E1D985,SHA256=71B14C85AB5DC4FE74D26DA3799EF3EDC56DF783E7D5D9C1DC492CBD9C345280,IMPHASH=A37E0577C1CBE2EB55F887F237382D9A","Image":"C:\\Windows\\servicing\\TrustedInstaller.exe","ImageLoaded":"C:\\Windows\\WinSxS\\amd64_microsoft-windows-servicingstack_31bf3856ad364e35_10.0.19041.4950_none_7dd913727cb4d87c\\wdscore.dll","OriginalFileName":"WDSCORE.DLL","ProcessGuid":"{7b34ed3d-918f-673c-9d01-000000000b00}","ProcessId":"4564","Product":"Microsoft® Windows® Operating System","RuleName":"-","Signature":"Microsoft Windows","SignatureStatus":"Valid","Signed":"true","User":"NT AUTHORITY\\SYSTEM","UtcTime":"2024-11-19 13:24:32.008"},"EventId":"7","Image":"C:\\Windows\\servicing\\TrustedInstaller.exe","timestamp":"2024-11-19 13:23:47"},{"EventData":{"Company":"Microsoft Corporation","Description":"OLEAUT32.DLL","FileVersion":"10.0.19041.3636 (WinBuild.160101.0800)","Hashes":"MD5=95C8E41A64F90C89DCE4CA64B5EFBD57,SHA256=4DD40579E7254DD553B49B229AA85B9C079586B034E37E564909DA25EB298345,IMPHASH=88D04AF7498CEDC8E8B296BF84CBDB16","Image":"C:\\Windows\\servicing\\TrustedInstaller.exe","ImageLoaded":"C:\\Windows\\System32\\oleaut32.dll","OriginalFileName":"OLEAUT32.DLL","ProcessGuid":"{7b34ed3d-918f-673c-9d01-000000000b00}","ProcessId":"4564","Product":"Microsoft® Windows® Operating System","RuleName":"-","Signature":"Microsoft Windows","SignatureStatus":"Valid","Signed":"true","User":"NT AUTHORITY\\SYSTEM","UtcTime":"2024-11-19 13:24:32.008"},"EventId":"7","Image":"C:\\Windows\\servicing\\TrustedInstaller.exe","timestamp":"2024-11-19 13:23:47"},{"EventData":{"Company":"Microsoft Corporation","Description":"Microsoft® C Runtime Library","FileVersion":"10.0.19041.3636 (WinBuild.160101.0800)","Hashes":"MD5=EC9F1CDD909F7C0BAE4DB21DCD2033DE,SHA256=2A7825C2925347E0CB767A0DCB611F3EB80D0F71CBEC981069B227BDC7CB871A,IMPHASH=6395B9FE9663F603C53213439199897E","Image":"C:\\Windows\\servicing\\TrustedInstaller.exe","ImageLoaded":"C:\\Windows\\System32\\msvcp_win.dll","OriginalFileName":"msvcp_win.dll","ProcessGuid":"{7b34ed3d-918f-673c-9d01-000000000b00}","ProcessId":"4564","Product":"Microsoft® Windows® Operating System","RuleName":"-","Signature":"Microsoft Windows","SignatureStatus":"Valid","Signed":"true","User":"NT AUTHORITY\\SYSTEM","UtcTime":"2024-11-19 13:24:32.008"},"EventId":"7","Image":"C:\\Windows\\servicing\\TrustedInstaller.exe","timestamp":"2024-11-19 13:23:47"},{"EventData":{"Company":"Microsoft Corporation","Description":"Windows Image Helper","FileVersion":"10.0.19041.3636 (WinBuild.160101.0800)","Hashes":"MD5=B3A5E819E3CF9834A6B33C606FC50289,SHA256=38818F0389463E8D79CD50E21A79E9D232422080A120B905A4A6335125DB7A63,IMPHASH=CE4AD83A987BB290F3A8EBD351252F29","Image":"C:\\Windows\\servicing\\TrustedInstaller.exe","ImageLoaded":"C:\\Windows\\System32\\dbghelp.dll","OriginalFileName":"DBGHELP.DLL","ProcessGuid":"{7b34ed3d-918f-673c-9d01-000000000b00}","ProcessId":"4564","Product":"Microsoft® Windows® Operating System","RuleName":"-","Signature":"Microsoft Windows","SignatureStatus":"Valid","Signed":"true","User":"NT AUTHORITY\\SYSTEM","UtcTime":"2024-11-19 13:24:32.008"},"EventId":"7","Image":"C:\\Windows\\servicing\\TrustedInstaller.exe","timestamp":"2024-11-19 13:23:47"},{"EventData":{"Company":"Microsoft Corporation","Description":"Windows Core Debugging Helpers","FileVersion":"10.0.19041.4355 (WinBuild.160101.0800)","Hashes":"MD5=F3420EFEA32FEA5359F9A30AADB70084,SHA256=9FD442EE31934EDB69A2A923671025FCAF71E30891DF01BEDDF3CDBD47E9E8E1,IMPHASH=078EF7696C6172AFAB4385B68B2B778B","Image":"C:\\Windows\\servicing\\TrustedInstaller.exe","ImageLoaded":"C:\\Windows\\System32\\dbgcore.dll","OriginalFileName":"DBGCORE.DLL","ProcessGuid":"{7b34ed3d-918f-673c-9d01-000000000b00}","ProcessId":"4564","Product":"Microsoft® Windows® Operating System","RuleName":"-","Signature":"Microsoft Windows","SignatureStatus":"Valid","Signed":"true","User":"NT AUTHORITY\\SYSTEM","UtcTime":"2024-11-19 13:24:32.008"},"EventId":"7","Image":"C:\\Windows\\servicing\\TrustedInstaller.exe","timestamp":"2024-11-19 13:23:47"},{"EventData":{"Company":"Microsoft Corporation","Description":"AppModel API Host","FileVersion":"10.0.19041.3758 (WinBuild.160101.0800)","Hashes":"MD5=7402B27BCB9D703A0603013F361FD773,SHA256=ABFF38D9EFACA07602ACC2A31775F8790AC720261842DBB6D7D9E1A46BBA91F8,IMPHASH=C24B24FA5FB3285D15231007B6E54465","Image":"C:\\Windows\\servicing\\TrustedInstaller.exe","ImageLoaded":"C:\\Windows\\System32\\kernel.appcore.dll","OriginalFileName":"kernel.appcore.dll","ProcessGuid":"{7b34ed3d-918f-673c-9d01-000000000b00}","ProcessId":"4564","Product":"Microsoft® Windows® Operating System","RuleName":"-","Signature":"Microsoft Windows","SignatureStatus":"Valid","Signed":"true","User":"NT AUTHORITY\\SYSTEM","UtcTime":"2024-11-19 13:24:32.008"},"EventId":"7","Image":"C:\\Windows\\servicing\\TrustedInstaller.exe","timestamp":"2024-11-19 13:23:47"},{"EventData":{"Company":"Microsoft Corporation","Description":"Windows Cryptographic Primitives Library","FileVersion":"10.0.19041.5007 (WinBuild.160101.0800)","Hashes":"MD5=777687AB0DA084229F88370973A3CEAB,SHA256=F0A1662D0F55533A21D609F8DC737288EDE77D314D90E885CA9E6EF79D429C3B,IMPHASH=496E42068C9391511CF6EE7C54F73A9B","Image":"C:\\Windows\\servicing\\TrustedInstaller.exe","ImageLoaded":"C:\\Windows\\System32\\bcryptprimitives.dll","OriginalFileName":"bcryptprimitives.dll","ProcessGuid":"{7b34ed3d-918f-673c-9d01-000000000b00}","ProcessId":"4564","Product":"Microsoft® Windows® Operating System","RuleName":"-","Signature":"Microsoft Windows","SignatureStatus":"Valid","Signed":"true","User":"NT AUTHORITY\\SYSTEM","UtcTime":"2024-11-19 13:24:32.008"},"EventId":"7","Image":"C:\\Windows\\servicing\\TrustedInstaller.exe","timestamp":"2024-11-19 13:23:47"},{"EventData":{"Company":"Microsoft Corporation","Description":"Multi-User Windows USER API Client DLL","FileVersion":"10.0.19041.4717 (WinBuild.160101.0800)","Hashes":"MD5=69D72A21D743029EBF6B61F9BD856D3A,SHA256=8DBC0E66B480969AB6B9A802105376B4EB18481502BCEA7CADDC87BF3E707C33,IMPHASH=5379EA8CE720F2CFBDD7282672C7CF66","Image":"C:\\Windows\\servicing\\TrustedInstaller.exe","ImageLoaded":"C:\\Windows\\System32\\user32.dll","OriginalFileName":"user32","ProcessGuid":"{7b34ed3d-918f-673c-9d01-000000000b00}","ProcessId":"4564","Product":"Microsoft® Windows® Operating System","RuleName":"-","Signature":"Microsoft Windows","SignatureStatus":"Valid","Signed":"true","User":"NT AUTHORITY\\SYSTEM","UtcTime":"2024-11-19 13:24:32.008"},"EventId":"7","Image":"C:\\Windows\\servicing\\TrustedInstaller.exe","timestamp":"2024-11-19 13:23:47"},{"EventData":{"Company":"Microsoft Corporation","Description":"Win32u","FileVersion":"10.0.19041.5007 (WinBuild.160101.0800)","Hashes":"MD5=E4035BCF442DEA956DC35270A09894BE,SHA256=462679A4841DE67060F40ACC037E221F4EF64A71E91FB6CD7C5F5B89C4AF7F38,IMPHASH=00000000000000000000000000000000","Image":"C:\\Windows\\servicing\\TrustedInstaller.exe","ImageLoaded":"C:\\Windows\\System32\\win32u.dll","OriginalFileName":"Win32u.DLL","ProcessGuid":"{7b34ed3d-918f-673c-9d01-000000000b00}","ProcessId":"4564","Product":"Microsoft® Windows® Operating System","RuleName":"-","Signature":"Microsoft Windows","SignatureStatus":"Valid","Signed":"true","User":"NT AUTHORITY\\SYSTEM","UtcTime":"2024-11-19 13:24:32.008"},"EventId":"7","Image":"C:\\Windows\\servicing\\TrustedInstaller.exe","timestamp":"2024-11-19 13:23:47"},{"EventData":{"Company":"Microsoft Corporation","Description":"GDI Client DLL","FileVersion":"10.0.19041.4474 (WinBuild.160101.0800)","Hashes":"MD5=D9B128DFEE53ED802F24E9004918EDD2,SHA256=A2E4CA9C9C43D94D297031CC5FB6504512A29C7F9B84493B3BE270B74525EC5C,IMPHASH=97E1011CB70811A4C387BADE9741BE4B","Image":"C:\\Windows\\servicing\\TrustedInstaller.exe","ImageLoaded":"C:\\Windows\\System32\\gdi32.dll","OriginalFileName":"gdi32","ProcessGuid":"{7b34ed3d-918f-673c-9d01-000000000b00}","ProcessId":"4564","Product":"Microsoft® Windows® Operating System","RuleName":"-","Signature":"Microsoft Windows","SignatureStatus":"Valid","Signed":"true","User":"NT AUTHORITY\\SYSTEM","UtcTime":"2024-11-19 13:24:32.008"},"EventId":"7","Image":"C:\\Windows\\servicing\\TrustedInstaller.exe","timestamp":"2024-11-19 13:23:47"},{"EventData":{"Company":"Microsoft Corporation","Description":"GDI Client DLL","FileVersion":"10.0.19041.4957 (WinBuild.160101.0800)","Hashes":"MD5=C176045307F7D7B169FEE725693B1C13,SHA256=84B693A8F8838446169455B403F8CB75AF0D89BEFB7BCF9BE22405B6C9DF4695,IMPHASH=8B2A00C9D762BCEE41880B014BAF103D","Image":"C:\\Windows\\servicing\\TrustedInstaller.exe","ImageLoaded":"C:\\Windows\\System32\\gdi32full.dll","OriginalFileName":"gdi32","ProcessGuid":"{7b34ed3d-918f-673c-9d01-000000000b00}","ProcessId":"4564","Product":"Microsoft® Windows® Operating System","RuleName":"-","Signature":"Microsoft Windows","SignatureStatus":"Valid","Signed":"true","User":"NT AUTHORITY\\SYSTEM","UtcTime":"2024-11-19 13:24:32.008"},"EventId":"7","Image":"C:\\Windows\\servicing\\TrustedInstaller.exe","timestamp":"2024-11-19 13:23:47"},{"EventData":{"Company":"Microsoft Corporation","Description":"COM+ Configuration Catalog","FileVersion":"2001.12.10941.16384 (WinBuild.160101.0800)","Hashes":"MD5=94A96F09F2A95F21123721D0A140C3EC,SHA256=AF30C5FDDAF675DF238F0DA108843367B1075FE691A76B6642BF8595B62860CF,IMPHASH=86E552D00967273D5B312EF569ADC52F","Image":"C:\\Windows\\servicing\\TrustedInstaller.exe","ImageLoaded":"C:\\Windows\\System32\\clbcatq.dll","OriginalFileName":"CLBCATQ.DLL","ProcessGuid":"{7b34ed3d-918f-673c-9d01-000000000b00}","ProcessId":"4564","Product":"Microsoft® Windows® Operating System","RuleName":"-","Signature":"Microsoft Windows","SignatureStatus":"Valid","Signed":"true","User":"NT AUTHORITY\\SYSTEM","UtcTime":"2024-11-19 13:24:32.023"},"EventId":"7","Image":"C:\\Windows\\servicing\\TrustedInstaller.exe","timestamp":"2024-11-19 13:23:47"},{"EventData":{"Company":"Microsoft Corporation","Description":"Component Based Servicing API DLL","FileVersion":"10.0.19041.1 (WinBuild.160101.0800)","Hashes":"MD5=C8872BD513F7D80812D9B09A598B03C6,SHA256=DA6307F00C940B9D49975B25F78FC92CC76977F4BDE0D30CFB66BB3AA519884A,IMPHASH=046E476CD767D8DDC9D5CD508ED7ED7B","Image":"C:\\Windows\\servicing\\TrustedInstaller.exe","ImageLoaded":"C:\\Windows\\servicing\\CbsApi.dll","OriginalFileName":"cbsapi.dll","ProcessGuid":"{7b34ed3d-918f-673c-9d01-000000000b00}","ProcessId":"4564","Product":"Microsoft® Windows® Operating System","RuleName":"-","Signature":"Microsoft Windows","SignatureStatus":"Valid","Signed":"true","User":"NT AUTHORITY\\SYSTEM","UtcTime":"2024-11-19 13:24:32.023"},"EventId":"7","Image":"C:\\Windows\\servicing\\TrustedInstaller.exe","timestamp":"2024-11-19 13:23:47"},{"EventData":{"Company":"Microsoft Corporation","Description":"Windows Modules Installer Worker","FileVersion":"10.0.19041.4950 (WinBuild.160101.0800)","Hashes":"MD5=8BB8E0213FE25734849C99B14BF2D9FB,SHA256=4C73E3B1A99F00E9D24ABD2476B5F36AB0A4C6C46BC768CF38409BBEB08AA3BA,IMPHASH=C139ED9A7073C8648B89D9641D69031A","Image":"C:\\Windows\\WinSxS\\amd64_microsoft-windows-servicingstack_31bf3856ad364e35_10.0.19041.4950_none_7dd913727cb4d87c\\TiWorker.exe","ImageLoaded":"C:\\Windows\\WinSxS\\amd64_microsoft-windows-servicingstack_31bf3856ad364e35_10.0.19041.4950_none_7dd913727cb4d87c\\TiWorker.exe","OriginalFileName":"TiWorker.exe","ProcessGuid":"{7b34ed3d-9190-673c-9e01-000000000b00}","ProcessId":"1412","Product":"Microsoft® Windows® Operating System","RuleName":"-","Signature":"Microsoft Windows","SignatureStatus":"Valid","Signed":"true","User":"NT AUTHORITY\\SYSTEM","UtcTime":"2024-11-19 13:24:32.039"},"EventId":"7","Image":"C:\\Windows\\WinSxS\\amd64_microsoft-windows-servicingstack_31bf3856ad364e35_10.0.19041.4950_none_7dd913727cb4d87c\\TiWorker.exe","timestamp":"2024-11-19 13:23:47"},{"EventData":{"Company":"Microsoft Corporation","Description":"NT Layer DLL","FileVersion":"10.0.19041.5007 (WinBuild.160101.0800)","Hashes":"MD5=97603DC4DF5410CCF9A23A59F14C5B2F,SHA256=0342ED124EE25C76B6B6284F2C4DC3BEDE90C18C1122C36EC2424A8F5332C3BA,IMPHASH=00000000000000000000000000000000","Image":"C:\\Windows\\WinSxS\\amd64_microsoft-windows-servicingstack_31bf3856ad364e35_10.0.19041.4950_none_7dd913727cb4d87c\\TiWorker.exe","ImageLoaded":"C:\\Windows\\System32\\ntdll.dll","OriginalFileName":"ntdll.dll","ProcessGuid":"{7b34ed3d-9190-673c-9e01-000000000b00}","ProcessId":"1412","Product":"Microsoft® Windows® Operating System","RuleName":"-","Signature":"Microsoft Windows","SignatureStatus":"Valid","Signed":"true","User":"NT AUTHORITY\\SYSTEM","UtcTime":"2024-11-19 13:24:32.039"},"EventId":"7","Image":"C:\\Windows\\WinSxS\\amd64_microsoft-windows-servicingstack_31bf3856ad364e35_10.0.19041.4950_none_7dd913727cb4d87c\\TiWorker.exe","timestamp":"2024-11-19 13:23:47"},{"EventData":{"Company":"Microsoft Corporation","Description":"Windows NT BASE API Client DLL","FileVersion":"10.0.19041.4957 (WinBuild.160101.0800)","Hashes":"MD5=184C72C64374B289E8C6E122D4DEA7C4,SHA256=CA35B162E1EA4C1DA4238DBFD70513FAD68D5CA30E296E3AFBACFD7296950AFE,IMPHASH=D068E7761EA75396EFF8D9717AFC3EC6","Image":"C:\\Windows\\WinSxS\\amd64_microsoft-windows-servicingstack_31bf3856ad364e35_10.0.19041.4950_none_7dd913727cb4d87c\\TiWorker.exe","ImageLoaded":"C:\\Windows\\System32\\kernel32.dll","OriginalFileName":"kernel32","ProcessGuid":"{7b34ed3d-9190-673c-9e01-000000000b00}","ProcessId":"1412","Product":"Microsoft® Windows® Operating System","RuleName":"-","Signature":"Microsoft Windows","SignatureStatus":"Valid","Signed":"true","User":"NT AUTHORITY\\SYSTEM","UtcTime":"2024-11-19 13:24:32.086"},"EventId":"7","Image":"C:\\Windows\\WinSxS\\amd64_microsoft-windows-servicingstack_31bf3856ad364e35_10.0.19041.4950_none_7dd913727cb4d87c\\TiWorker.exe","timestamp":"2024-11-19 13:23:47"},{"EventData":{"Company":"Microsoft Corporation","Description":"Windows NT BASE API Client DLL","FileVersion":"10.0.19041.4957 (WinBuild.160101.0800)","Hashes":"MD5=2284EEE00E014FC72DBFFD5BC5F7062D,SHA256=8D15BF2A8F4F83898433D27E54A78F72A0F11746EBDAAA9B10E78D3C586C5043,IMPHASH=0B3D9CDD2A78F1035F845B59D17F0420","Image":"C:\\Windows\\WinSxS\\amd64_microsoft-windows-servicingstack_31bf3856ad364e35_10.0.19041.4950_none_7dd913727cb4d87c\\TiWorker.exe","ImageLoaded":"C:\\Windows\\System32\\KernelBase.dll","OriginalFileName":"Kernelbase.dll","ProcessGuid":"{7b34ed3d-9190-673c-9e01-000000000b00}","ProcessId":"1412","Product":"Microsoft® Windows® Operating System","RuleName":"-","Signature":"Microsoft Windows","SignatureStatus":"Valid","Signed":"true","User":"NT AUTHORITY\\SYSTEM","UtcTime":"2024-11-19 13:24:32.086"},"EventId":"7","Image":"C:\\Windows\\WinSxS\\amd64_microsoft-windows-servicingstack_31bf3856ad364e35_10.0.19041.4950_none_7dd913727cb4d87c\\TiWorker.exe","timestamp":"2024-11-19 13:23:47"},{"EventData":{"Company":"Microsoft Corporation","Description":"Microsoft® C Runtime Library","FileVersion":"10.0.19041.3636 (WinBuild.160101.0800)","Hashes":"MD5=4E326FEEB3EBF1E3EB21EEB224345727,SHA256=3C60056371F82E4744185B6F2FA0C69042B1E78804685944132974DD13F3B6D9,IMPHASH=405CDE0FC80C30DCC3D783173DBD4143","Image":"C:\\Windows\\WinSxS\\amd64_microsoft-windows-servicingstack_31bf3856ad364e35_10.0.19041.4950_none_7dd913727cb4d87c\\TiWorker.exe","ImageLoaded":"C:\\Windows\\System32\\ucrtbase.dll","OriginalFileName":"ucrtbase.dll","ProcessGuid":"{7b34ed3d-9190-673c-9e01-000000000b00}","ProcessId":"1412","Product":"Microsoft® Windows® Operating System","RuleName":"-","Signature":"Microsoft Windows","SignatureStatus":"Valid","Signed":"true","User":"NT AUTHORITY\\SYSTEM","UtcTime":"2024-11-19 13:24:32.086"},"EventId":"7","Image":"C:\\Windows\\WinSxS\\amd64_microsoft-windows-servicingstack_31bf3856ad364e35_10.0.19041.4950_none_7dd913727cb4d87c\\TiWorker.exe","timestamp":"2024-11-19 13:23:47"},{"EventData":{"Company":"Microsoft Corporation","Description":"Microsoft COM for Windows","FileVersion":"10.0.19041.4717 (WinBuild.160101.0800)","Hashes":"MD5=469CA595B7DE27A977CEFBAA7B0C112E,SHA256=E12F1CFF7976D44C4919A3D5A3471AA7A996EF00C193A5396B31E32FAFEDA606,IMPHASH=86D63FCC59A250884FAE714B325D53BF","Image":"C:\\Windows\\WinSxS\\amd64_microsoft-windows-servicingstack_31bf3856ad364e35_10.0.19041.4950_none_7dd913727cb4d87c\\TiWorker.exe","ImageLoaded":"C:\\Windows\\System32\\combase.dll","OriginalFileName":"COMBASE.DLL","ProcessGuid":"{7b34ed3d-9190-673c-9e01-000000000b00}","ProcessId":"1412","Product":"Microsoft® Windows® Operating System","RuleName":"-","Signature":"Microsoft Windows","SignatureStatus":"Valid","Signed":"true","User":"NT AUTHORITY\\SYSTEM","UtcTime":"2024-11-19 13:24:32.086"},"EventId":"7","Image":"C:\\Windows\\WinSxS\\amd64_microsoft-windows-servicingstack_31bf3856ad364e35_10.0.19041.4950_none_7dd913727cb4d87c\\TiWorker.exe","timestamp":"2024-11-19 13:23:47"},{"EventData":{"Company":"Microsoft Corporation","Description":"Remote Procedure Call Runtime","FileVersion":"10.0.19041.4957 (WinBuild.160101.0800)","Hashes":"MD5=0FCD8E1B8978CF01F32BD168EEAA8A14,SHA256=6B71520F37E7E30934966FBAB9B60DE6F194703B6A246A6272FEEB1C37E1930E,IMPHASH=EA6B63D47413D34F1C215326DF304528","Image":"C:\\Windows\\WinSxS\\amd64_microsoft-windows-servicingstack_31bf3856ad364e35_10.0.19041.4950_none_7dd913727cb4d87c\\TiWorker.exe","ImageLoaded":"C:\\Windows\\System32\\rpcrt4.dll","OriginalFileName":"rpcrt4.dll","ProcessGuid":"{7b34ed3d-9190-673c-9e01-000000000b00}","ProcessId":"1412","Product":"Microsoft® Windows® Operating System","RuleName":"-","Signature":"Microsoft Windows","SignatureStatus":"Valid","Signed":"true","User":"NT AUTHORITY\\SYSTEM","UtcTime":"2024-11-19 13:24:32.086"},"EventId":"7","Image":"C:\\Windows\\WinSxS\\amd64_microsoft-windows-servicingstack_31bf3856ad364e35_10.0.19041.4950_none_7dd913727cb4d87c\\TiWorker.exe","timestamp":"2024-11-19 13:23:47"},{"EventData":{"Company":"Microsoft Corporation","Description":"Advanced Windows 32 Base API","FileVersion":"10.0.19041.5011 (WinBuild.160101.0800)","Hashes":"MD5=CAFB1DCAE6CF73202FEC7DF9AB9F2A6D,SHA256=89EE1797FCF0902C896C9EB50A6BCD3AF314D81C6B58EAB28119C896C794E2F0,IMPHASH=44A3825A6A928090F713E33C4D6ADB9B","Image":"C:\\Windows\\WinSxS\\amd64_microsoft-windows-servicingstack_31bf3856ad364e35_10.0.19041.4950_none_7dd913727cb4d87c\\TiWorker.exe","ImageLoaded":"C:\\Windows\\System32\\advapi32.dll","OriginalFileName":"advapi32.dll","ProcessGuid":"{7b34ed3d-9190-673c-9e01-000000000b00}","ProcessId":"1412","Product":"Microsoft® Windows® Operating System","RuleName":"-","Signature":"Microsoft Windows","SignatureStatus":"Valid","Signed":"true","User":"NT AUTHORITY\\SYSTEM","UtcTime":"2024-11-19 13:24:32.086"},"EventId":"7","Image":"C:\\Windows\\WinSxS\\amd64_microsoft-windows-servicingstack_31bf3856ad364e35_10.0.19041.4950_none_7dd913727cb4d87c\\TiWorker.exe","timestamp":"2024-11-19 13:23:47"},{"EventData":{"Company":"Microsoft Corporation","Description":"Windows NT CRT DLL","FileVersion":"7.0.19041.3636 (WinBuild.160101.0800)","Hashes":"MD5=AE02A1E372952134E967B336D2DC1822,SHA256=A7F4196D9476D36894CE17C3B0DD97504CA2CC31B3E0A774FEE326E867565885,IMPHASH=1273683626EBBA703979F188A1E64237","Image":"C:\\Windows\\WinSxS\\amd64_microsoft-windows-servicingstack_31bf3856ad364e35_10.0.19041.4950_none_7dd913727cb4d87c\\TiWorker.exe","ImageLoaded":"C:\\Windows\\System32\\msvcrt.dll","OriginalFileName":"msvcrt.dll","ProcessGuid":"{7b34ed3d-9190-673c-9e01-000000000b00}","ProcessId":"1412","Product":"Microsoft® Windows® Operating System","RuleName":"-","Signature":"Microsoft Windows","SignatureStatus":"Valid","Signed":"true","User":"NT AUTHORITY\\SYSTEM","UtcTime":"2024-11-19 13:24:32.086"},"EventId":"7","Image":"C:\\Windows\\WinSxS\\amd64_microsoft-windows-servicingstack_31bf3856ad364e35_10.0.19041.4950_none_7dd913727cb4d87c\\TiWorker.exe","timestamp":"2024-11-19 13:23:47"},{"EventData":{"Company":"Microsoft Corporation","Description":"Host for SCM/SDDL/LSA Lookup APIs","FileVersion":"10.0.19041.4597 (WinBuild.160101.0800)","Hashes":"MD5=746296E831099EED2A9A38C7652EFBA6,SHA256=C88792229D2DFAB108131B414C742228219F64EBA43558880F01F931D4275089,IMPHASH=9ACD13734A7FF7DD74A89FAEA08C6C6F","Image":"C:\\Windows\\WinSxS\\amd64_microsoft-windows-servicingstack_31bf3856ad364e35_10.0.19041.4950_none_7dd913727cb4d87c\\TiWorker.exe","ImageLoaded":"C:\\Windows\\System32\\sechost.dll","OriginalFileName":"sechost.dll","ProcessGuid":"{7b34ed3d-9190-673c-9e01-000000000b00}","ProcessId":"1412","Product":"Microsoft® Windows® Operating System","RuleName":"-","Signature":"Microsoft Windows","SignatureStatus":"Valid","Signed":"true","User":"NT AUTHORITY\\SYSTEM","UtcTime":"2024-11-19 13:24:32.086"},"EventId":"7","Image":"C:\\Windows\\WinSxS\\amd64_microsoft-windows-servicingstack_31bf3856ad364e35_10.0.19041.4950_none_7dd913727cb4d87c\\TiWorker.exe","timestamp":"2024-11-19 13:23:47"},{"EventData":{"Company":"Microsoft Corporation","Description":"Windows Cryptographic Primitives Library","FileVersion":"10.0.19041.3636 (WinBuild.160101.0800)","Hashes":"MD5=39EF6359A529D2D44E849905D4ACE360,SHA256=5D05DB7DB46D509FF71B7A952FD36D3A9E432F1E8E26FA0A5772F3D260146E81,IMPHASH=F8A5CF8F7AF31A59E7541332D16C6ABA","Image":"C:\\Windows\\WinSxS\\amd64_microsoft-windows-servicingstack_31bf3856ad364e35_10.0.19041.4950_none_7dd913727cb4d87c\\TiWorker.exe","ImageLoaded":"C:\\Windows\\System32\\bcrypt.dll","OriginalFileName":"bcrypt.dll","ProcessGuid":"{7b34ed3d-9190-673c-9e01-000000000b00}","ProcessId":"1412","Product":"Microsoft® Windows® Operating System","RuleName":"-","Signature":"Microsoft Windows","SignatureStatus":"Valid","Signed":"true","User":"NT AUTHORITY\\SYSTEM","UtcTime":"2024-11-19 13:24:32.086"},"EventId":"7","Image":"C:\\Windows\\WinSxS\\amd64_microsoft-windows-servicingstack_31bf3856ad364e35_10.0.19041.4950_none_7dd913727cb4d87c\\TiWorker.exe","timestamp":"2024-11-19 13:23:47"},