"2024-11-19 23:47:46","{'EventData':{'Company':'Microsoft Corporation','Description':'Microsoft Desktop Window Manager API','FileVersion':'10.0.19041.4355 (WinBuild.160101.0800)','Hashes':'MD5=CE82CABA8144CE64F25B232360AE6839,SHA256=4461FF05C320A227AF6EB9C281C4C3DB77F7DA4452E1870930FED308A29914D7,IMPHASH=68B6DCD962F05C3998994EFCF2E2E012','Image':'C:\\Users\\pparker\\Downloads\\DriverUpdate_1_2.exe','ImageLoaded':'C:\\Windows\\SysWOW64\\dwmapi.dll','OriginalFileName':'dwmapi.dll','ProcessGuid':'{7b34ed3d-23cf-673d-b302-000000000b00}','ProcessId':'2920','Product':'Microsoft® Windows® Operating System','RuleName':'-','Signature':'Microsoft Windows','SignatureStatus':'Valid','Signed':'true','User':'HOMELAB\\pparker','UtcTime':'2024-11-19 23:48:31.388'},'System':{'Channel':'Microsoft-Windows-Sysmon/Operational','Computer':'HL-WS04.HOMELAB.local','Correlation':'','EventID':'7','EventRecordID':'12869','Execution':{'ProcessID':'2052','ThreadID':'4064'},'Keywords':'0x8000000000000000','Level':'4','Opcode':'0','Provider':{'Guid':'{5770385f-c22a-43e0-bf4c-06f5698ffbd9}','Name':'Microsoft-Windows-Sysmon'},'Security':{'UserID':'S-1-5-18'},'Task':'7','TimeCreated':{'SystemTime':'2024-11-19T23:48:31.8434813Z'},'Version':'3','_event_id':'7'}}","{'Company':'Microsoft Corporation','Description':'Microsoft Desktop Window Manager API','FileVersion':'10.0.19041.4355 (WinBuild.160101.0800)','Hashes':'MD5=CE82CABA8144CE64F25B232360AE6839,SHA256=4461FF05C320A227AF6EB9C281C4C3DB77F7DA4452E1870930FED308A29914D7,IMPHASH=68B6DCD962F05C3998994EFCF2E2E012','Image':'C:\\Users\\pparker\\Downloads\\DriverUpdate_1_2.exe','ImageLoaded':'C:\\Windows\\SysWOW64\\dwmapi.dll','OriginalFileName':'dwmapi.dll','ProcessGuid':'{7b34ed3d-23cf-673d-b302-000000000b00}','ProcessId':'2920','Product':'Microsoft® Windows® Operating System','RuleName':'-','Signature':'Microsoft Windows','SignatureStatus':'Valid','Signed':'true','User':'HOMELAB\\pparker','UtcTime':'2024-11-19 23:48:31.388'}",,"Microsoft Corporation",,,"Microsoft Desktop Window Manager API",,,,,,,,"10.0.19041.4355 (WinBuild.160101.0800)","MD5=CE82CABA8144CE64F25B232360AE6839,SHA256=4461FF05C320A227AF6EB9C281C4C3DB77F7DA4452E1870930FED308A29914D7,IMPHASH=68B6DCD962F05C3998994EFCF2E2E012","C:\Users\pparker\Downloads\DriverUpdate_1_2.exe","C:\Windows\SysWOW64\dwmapi.dll",,,,,"dwmapi.dll",,,,,,"{7b34ed3d-23cf-673d-b302-000000000b00}","2920","Microsoft® Windows® Operating System",,"-","Microsoft Windows","Valid","true",,,,,,,,,"HOMELAB\pparker","2024-11-19 23:48:31.388","{'Channel':'Microsoft-Windows-Sysmon/Operational','Computer':'HL-WS04.HOMELAB.local','Correlation':'','EventID':'7','EventRecordID':'12869','Execution':{'ProcessID':'2052','ThreadID':'4064'},'Keywords':'0x8000000000000000','Level':'4','Opcode':'0','Provider':{'Guid':'{5770385f-c22a-43e0-bf4c-06f5698ffbd9}','Name':'Microsoft-Windows-Sysmon'},'Security':{'UserID':'S-1-5-18'},'Task':'7','TimeCreated':{'SystemTime':'2024-11-19T23:48:31.8434813Z'},'Version':'3','_event_id':'7'}","7","Microsoft-Windows-Sysmon/Operational","HL-WS04.HOMELAB.local","","7","12869","{'ProcessID':'2052','ThreadID':'4064'}","2052","4064","0x8000000000000000","4","0","{'Guid':'{5770385f-c22a-43e0-bf4c-06f5698ffbd9}','Name':'Microsoft-Windows-Sysmon'}","{5770385f-c22a-43e0-bf4c-06f5698ffbd9}","Microsoft-Windows-Sysmon","S-1-5-18","7","2024-11-19T23:48:31.8434813Z","3","{'arch':2,'did':'','event_id':'f379bde7-9c35-4ff2-81c7-521012215c9e','event_time':1732060066269,'event_type':'WEL','ext_ip':'108.171.103.70','hostname':'hl-ws04.homelab.local','iid':'7e99630d-d276-4169-bd11-c23115a848fa','int_ip':'10.100.100.133','moduleid':2,'oid':'27c3229e-7f58-40c8-ad1a-799ff00e1781','plat':268435456,'sid':'20884ef9-0b46-4a29-9d58-832837729b10','tags':['workstations'],'this':'74900f63ac424709ad9dc26d673d23a2'}",2,"","f379bde7-9c35-4ff2-81c7-521012215c9e",1732060066269,"WEL","108.171.103.70","hl-ws04.homelab.local","7e99630d-d276-4169-bd11-c23115a848fa","10.100.100.133",2,"27c3229e-7f58-40c8-ad1a-799ff00e1781",268435456,"20884ef9-0b46-4a29-9d58-832837729b10","['workstations']","74900f63ac424709ad9dc26d673d23a2"
"2024-11-19 23:47:46","{'EventData':{'Company':'Microsoft Corporation','Description':'OLE32 Extensions for Win32','FileVersion':'11.00.19041.4894 (WinBuild.160101.0800)','Hashes':'MD5=3A00D7733AF7458C2A4DF34600969649,SHA256=7B20E1390ABFB550EB55ED60B337E599A42667F43C7D729F43B2AAAC57275A24,IMPHASH=EC2052EB181DF31EFFFAB53561FD0A89','Image':'C:\\Users\\pparker\\Downloads\\DriverUpdate_1_2.exe','ImageLoaded':'C:\\Windows\\SysWOW64\\urlmon.dll','OriginalFileName':'UrlMon.dll','ProcessGuid':'{7b34ed3d-23cf-673d-b302-000000000b00}','ProcessId':'2920','Product':'Internet Explorer','RuleName':'-','Signature':'Microsoft Windows','SignatureStatus':'Valid','Signed':'true','User':'HOMELAB\\pparker','UtcTime':'2024-11-19 23:48:31.409'},'System':{'Channel':'Microsoft-Windows-Sysmon/Operational','Computer':'HL-WS04.HOMELAB.local','Correlation':'','EventID':'7','EventRecordID':'12870','Execution':{'ProcessID':'2052','ThreadID':'4064'},'Keywords':'0x8000000000000000','Level':'4','Opcode':'0','Provider':{'Guid':'{5770385f-c22a-43e0-bf4c-06f5698ffbd9}','Name':'Microsoft-Windows-Sysmon'},'Security':{'UserID':'S-1-5-18'},'Task':'7','TimeCreated':{'SystemTime':'2024-11-19T23:48:31.8960644Z'},'Version':'3','_event_id':'7'}}","{'Company':'Microsoft Corporation','Description':'OLE32 Extensions for Win32','FileVersion':'11.00.19041.4894 (WinBuild.160101.0800)','Hashes':'MD5=3A00D7733AF7458C2A4DF34600969649,SHA256=7B20E1390ABFB550EB55ED60B337E599A42667F43C7D729F43B2AAAC57275A24,IMPHASH=EC2052EB181DF31EFFFAB53561FD0A89','Image':'C:\\Users\\pparker\\Downloads\\DriverUpdate_1_2.exe','ImageLoaded':'C:\\Windows\\SysWOW64\\urlmon.dll','OriginalFileName':'UrlMon.dll','ProcessGuid':'{7b34ed3d-23cf-673d-b302-000000000b00}','ProcessId':'2920','Product':'Internet Explorer','RuleName':'-','Signature':'Microsoft Windows','SignatureStatus':'Valid','Signed':'true','User':'HOMELAB\\pparker','UtcTime':'2024-11-19 23:48:31.409'}",,"Microsoft Corporation",,,"OLE32 Extensions for Win32",,,,,,,,"11.00.19041.4894 (WinBuild.160101.0800)","MD5=3A00D7733AF7458C2A4DF34600969649,SHA256=7B20E1390ABFB550EB55ED60B337E599A42667F43C7D729F43B2AAAC57275A24,IMPHASH=EC2052EB181DF31EFFFAB53561FD0A89","C:\Users\pparker\Downloads\DriverUpdate_1_2.exe","C:\Windows\SysWOW64\urlmon.dll",,,,,"UrlMon.dll",,,,,,"{7b34ed3d-23cf-673d-b302-000000000b00}","2920","Internet Explorer",,"-","Microsoft Windows","Valid","true",,,,,,,,,"HOMELAB\pparker","2024-11-19 23:48:31.409","{'Channel':'Microsoft-Windows-Sysmon/Operational','Computer':'HL-WS04.HOMELAB.local','Correlation':'','EventID':'7','EventRecordID':'12870','Execution':{'ProcessID':'2052','ThreadID':'4064'},'Keywords':'0x8000000000000000','Level':'4','Opcode':'0','Provider':{'Guid':'{5770385f-c22a-43e0-bf4c-06f5698ffbd9}','Name':'Microsoft-Windows-Sysmon'},'Security':{'UserID':'S-1-5-18'},'Task':'7','TimeCreated':{'SystemTime':'2024-11-19T23:48:31.8960644Z'},'Version':'3','_event_id':'7'}","7","Microsoft-Windows-Sysmon/Operational","HL-WS04.HOMELAB.local","","7","12870","{'ProcessID':'2052','ThreadID':'4064'}","2052","4064","0x8000000000000000","4","0","{'Guid':'{5770385f-c22a-43e0-bf4c-06f5698ffbd9}','Name':'Microsoft-Windows-Sysmon'}","{5770385f-c22a-43e0-bf4c-06f5698ffbd9}","Microsoft-Windows-Sysmon","S-1-5-18","7","2024-11-19T23:48:31.8960644Z","3","{'arch':2,'did':'','event_id':'7a3791e0-ae7d-4040-975a-add6b8182397','event_time':1732060066269,'event_type':'WEL','ext_ip':'108.171.103.70','hostname':'hl-ws04.homelab.local','iid':'7e99630d-d276-4169-bd11-c23115a848fa','int_ip':'10.100.100.133','moduleid':2,'oid':'27c3229e-7f58-40c8-ad1a-799ff00e1781','plat':268435456,'sid':'20884ef9-0b46-4a29-9d58-832837729b10','tags':['workstations'],'this':'28172eb889c112d9f1003198673d23a2'}",2,"","7a3791e0-ae7d-4040-975a-add6b8182397",1732060066269,"WEL","108.171.103.70","hl-ws04.homelab.local","7e99630d-d276-4169-bd11-c23115a848fa","10.100.100.133",2,"27c3229e-7f58-40c8-ad1a-799ff00e1781",268435456,"20884ef9-0b46-4a29-9d58-832837729b10","['workstations']","28172eb889c112d9f1003198673d23a2"
"2024-11-19 23:47:46","{'EventData':{'Company':'Microsoft Corporation','Description':'Windows Spooler Driver','FileVersion':'10.0.19041.4597 (WinBuild.160101.0800)','Hashes':'MD5=6DF509B62A3D4B59309C8B4750C17681,SHA256=3B225038401914B5A69BE2FB1A723292029BC45052AFAD84DA735068077BFE8C,IMPHASH=BCB68A549A6345256E495A6FCF5E3FED','Image':'C:\\Users\\pparker\\Downloads\\DriverUpdate_1_2.exe','ImageLoaded':'C:\\Windows\\SysWOW64\\winspool.drv','OriginalFileName':'winspool.drv','ProcessGuid':'{7b34ed3d-23cf-673d-b302-000000000b00}','ProcessId':'2920','Product':'Microsoft® Windows® Operating System','RuleName':'-','Signature':'Microsoft Windows','SignatureStatus':'Valid','Signed':'true','User':'HOMELAB\\pparker','UtcTime':'2024-11-19 23:48:31.416'},'System':{'Channel':'Microsoft-Windows-Sysmon/Operational','Computer':'HL-WS04.HOMELAB.local','Correlation':'','EventID':'7','EventRecordID':'12871','Execution':{'ProcessID':'2052','ThreadID':'4064'},'Keywords':'0x8000000000000000','Level':'4','Opcode':'0','Provider':{'Guid':'{5770385f-c22a-43e0-bf4c-06f5698ffbd9}','Name':'Microsoft-Windows-Sysmon'},'Security':{'UserID':'S-1-5-18'},'Task':'7','TimeCreated':{'SystemTime':'2024-11-19T23:48:31.9114131Z'},'Version':'3','_event_id':'7'}}","{'Company':'Microsoft Corporation','Description':'Windows Spooler Driver','FileVersion':'10.0.19041.4597 (WinBuild.160101.0800)','Hashes':'MD5=6DF509B62A3D4B59309C8B4750C17681,SHA256=3B225038401914B5A69BE2FB1A723292029BC45052AFAD84DA735068077BFE8C,IMPHASH=BCB68A549A6345256E495A6FCF5E3FED','Image':'C:\\Users\\pparker\\Downloads\\DriverUpdate_1_2.exe','ImageLoaded':'C:\\Windows\\SysWOW64\\winspool.drv','OriginalFileName':'winspool.drv','ProcessGuid':'{7b34ed3d-23cf-673d-b302-000000000b00}','ProcessId':'2920','Product':'Microsoft® Windows® Operating System','RuleName':'-','Signature':'Microsoft Windows','SignatureStatus':'Valid','Signed':'true','User':'HOMELAB\\pparker','UtcTime':'2024-11-19 23:48:31.416'}",,"Microsoft Corporation",,,"Windows Spooler Driver",,,,,,,,"10.0.19041.4597 (WinBuild.160101.0800)","MD5=6DF509B62A3D4B59309C8B4750C17681,SHA256=3B225038401914B5A69BE2FB1A723292029BC45052AFAD84DA735068077BFE8C,IMPHASH=BCB68A549A6345256E495A6FCF5E3FED","C:\Users\pparker\Downloads\DriverUpdate_1_2.exe","C:\Windows\SysWOW64\winspool.drv",,,,,"winspool.drv",,,,,,"{7b34ed3d-23cf-673d-b302-000000000b00}","2920","Microsoft® Windows® Operating System",,"-","Microsoft Windows","Valid","true",,,,,,,,,"HOMELAB\pparker","2024-11-19 23:48:31.416","{'Channel':'Microsoft-Windows-Sysmon/Operational','Computer':'HL-WS04.HOMELAB.local','Correlation':'','EventID':'7','EventRecordID':'12871','Execution':{'ProcessID':'2052','ThreadID':'4064'},'Keywords':'0x8000000000000000','Level':'4','Opcode':'0','Provider':{'Guid':'{5770385f-c22a-43e0-bf4c-06f5698ffbd9}','Name':'Microsoft-Windows-Sysmon'},'Security':{'UserID':'S-1-5-18'},'Task':'7','TimeCreated':{'SystemTime':'2024-11-19T23:48:31.9114131Z'},'Version':'3','_event_id':'7'}","7","Microsoft-Windows-Sysmon/Operational","HL-WS04.HOMELAB.local","","7","12871","{'ProcessID':'2052','ThreadID':'4064'}","2052","4064","0x8000000000000000","4","0","{'Guid':'{5770385f-c22a-43e0-bf4c-06f5698ffbd9}','Name':'Microsoft-Windows-Sysmon'}","{5770385f-c22a-43e0-bf4c-06f5698ffbd9}","Microsoft-Windows-Sysmon","S-1-5-18","7","2024-11-19T23:48:31.9114131Z","3","{'arch':2,'did':'','event_id':'65339155-ae31-484f-941f-af47de9cd636','event_time':1732060066269,'event_type':'WEL','ext_ip':'108.171.103.70','hostname':'hl-ws04.homelab.local','iid':'7e99630d-d276-4169-bd11-c23115a848fa','int_ip':'10.100.100.133','moduleid':2,'oid':'27c3229e-7f58-40c8-ad1a-799ff00e1781','plat':268435456,'sid':'20884ef9-0b46-4a29-9d58-832837729b10','tags':['workstations'],'this':'0a3c9fe317c7d19fa590c268673d23a2'}",2,"","65339155-ae31-484f-941f-af47de9cd636",1732060066269,"WEL","108.171.103.70","hl-ws04.homelab.local","7e99630d-d276-4169-bd11-c23115a848fa","10.100.100.133",2,"27c3229e-7f58-40c8-ad1a-799ff00e1781",268435456,"20884ef9-0b46-4a29-9d58-832837729b10","['workstations']","0a3c9fe317c7d19fa590c268673d23a2"
"2024-11-19 23:47:46","{'EventData':{'Company':'Microsoft Corporation','Description':'SHCORE','FileVersion':'10.0.19041.4522 (WinBuild.160101.0800)','Hashes':'MD5=5A7428AF0428E5DCDC7DFFA81DC374E9,SHA256=5909567619AD2991F1FF8093EEB0F2ADF79731E75006A1B1F1E90DF5F28B5AC6,IMPHASH=0DDCDD6020D74CA7555FB0D07CFD262B','Image':'C:\\Users\\pparker\\Downloads\\DriverUpdate_1_2.exe','ImageLoaded':'C:\\Windows\\SysWOW64\\SHCore.dll','OriginalFileName':'SHCORE.dll','ProcessGuid':'{7b34ed3d-23cf-673d-b302-000000000b00}','ProcessId':'2920','Product':'Microsoft® Windows® Operating System','RuleName':'-','Signature':'Microsoft Windows','SignatureStatus':'Valid','Signed':'true','User':'HOMELAB\\pparker','UtcTime':'2024-11-19 23:48:31.423'},'System':{'Channel':'Microsoft-Windows-Sysmon/Operational','Computer':'HL-WS04.HOMELAB.local','Correlation':'','EventID':'7','EventRecordID':'12872','Execution':{'ProcessID':'2052','ThreadID':'4064'},'Keywords':'0x8000000000000000','Level':'4','Opcode':'0','Provider':{'Guid':'{5770385f-c22a-43e0-bf4c-06f5698ffbd9}','Name':'Microsoft-Windows-Sysmon'},'Security':{'UserID':'S-1-5-18'},'Task':'7','TimeCreated':{'SystemTime':'2024-11-19T23:48:31.9221564Z'},'Version':'3','_event_id':'7'}}","{'Company':'Microsoft Corporation','Description':'SHCORE','FileVersion':'10.0.19041.4522 (WinBuild.160101.0800)','Hashes':'MD5=5A7428AF0428E5DCDC7DFFA81DC374E9,SHA256=5909567619AD2991F1FF8093EEB0F2ADF79731E75006A1B1F1E90DF5F28B5AC6,IMPHASH=0DDCDD6020D74CA7555FB0D07CFD262B','Image':'C:\\Users\\pparker\\Downloads\\DriverUpdate_1_2.exe','ImageLoaded':'C:\\Windows\\SysWOW64\\SHCore.dll','OriginalFileName':'SHCORE.dll','ProcessGuid':'{7b34ed3d-23cf-673d-b302-000000000b00}','ProcessId':'2920','Product':'Microsoft® Windows® Operating System','RuleName':'-','Signature':'Microsoft Windows','SignatureStatus':'Valid','Signed':'true','User':'HOMELAB\\pparker','UtcTime':'2024-11-19 23:48:31.423'}",,"Microsoft Corporation",,,"SHCORE",,,,,,,,"10.0.19041.4522 (WinBuild.160101.0800)","MD5=5A7428AF0428E5DCDC7DFFA81DC374E9,SHA256=5909567619AD2991F1FF8093EEB0F2ADF79731E75006A1B1F1E90DF5F28B5AC6,IMPHASH=0DDCDD6020D74CA7555FB0D07CFD262B","C:\Users\pparker\Downloads\DriverUpdate_1_2.exe","C:\Windows\SysWOW64\SHCore.dll",,,,,"SHCORE.dll",,,,,,"{7b34ed3d-23cf-673d-b302-000000000b00}","2920","Microsoft® Windows® Operating System",,"-","Microsoft Windows","Valid","true",,,,,,,,,"HOMELAB\pparker","2024-11-19 23:48:31.423","{'Channel':'Microsoft-Windows-Sysmon/Operational','Computer':'HL-WS04.HOMELAB.local','Correlation':'','EventID':'7','EventRecordID':'12872','Execution':{'ProcessID':'2052','ThreadID':'4064'},'Keywords':'0x8000000000000000','Level':'4','Opcode':'0','Provider':{'Guid':'{5770385f-c22a-43e0-bf4c-06f5698ffbd9}','Name':'Microsoft-Windows-Sysmon'},'Security':{'UserID':'S-1-5-18'},'Task':'7','TimeCreated':{'SystemTime':'2024-11-19T23:48:31.9221564Z'},'Version':'3','_event_id':'7'}","7","Microsoft-Windows-Sysmon/Operational","HL-WS04.HOMELAB.local","","7","12872","{'ProcessID':'2052','ThreadID':'4064'}","2052","4064","0x8000000000000000","4","0","{'Guid':'{5770385f-c22a-43e0-bf4c-06f5698ffbd9}','Name':'Microsoft-Windows-Sysmon'}","{5770385f-c22a-43e0-bf4c-06f5698ffbd9}","Microsoft-Windows-Sysmon","S-1-5-18","7","2024-11-19T23:48:31.9221564Z","3","{'arch':2,'did':'','event_id':'3a50389d-af79-4139-98bc-bcee340dc634','event_time':1732060066270,'event_type':'WEL','ext_ip':'108.171.103.70','hostname':'hl-ws04.homelab.local','iid':'7e99630d-d276-4169-bd11-c23115a848fa','int_ip':'10.100.100.133','moduleid':2,'oid':'27c3229e-7f58-40c8-ad1a-799ff00e1781','plat':268435456,'sid':'20884ef9-0b46-4a29-9d58-832837729b10','tags':['workstations'],'this':'93857b8e3b316ad3dd99fae2673d23a2'}",2,"","3a50389d-af79-4139-98bc-bcee340dc634",1732060066270,"WEL","108.171.103.70","hl-ws04.homelab.local","7e99630d-d276-4169-bd11-c23115a848fa","10.100.100.133",2,"27c3229e-7f58-40c8-ad1a-799ff00e1781",268435456,"20884ef9-0b46-4a29-9d58-832837729b10","['workstations']","93857b8e3b316ad3dd99fae2673d23a2"
"2024-11-19 23:47:46","{'EventData':{'Company':'Microsoft Corporation','Description':'Multiple Provider Router DLL','FileVersion':'10.0.19041.3636 (WinBuild.160101.0800)','Hashes':'MD5=68F72F23FD5A418A13F8C1ACBC4EDDD1,SHA256=DD378CBC3424EB958DA4C78BABC0DFFA44E5AB10A304B37F0DF82161CC013512,IMPHASH=85E7CB96F8CF9AA23D636135B5BE7EFB','Image':'C:\\Users\\pparker\\Downloads\\DriverUpdate_1_2.exe','ImageLoaded':'C:\\Windows\\SysWOW64\\mpr.dll','OriginalFileName':'mpr.dll','ProcessGuid':'{7b34ed3d-23cf-673d-b302-000000000b00}','ProcessId':'2920','Product':'Microsoft® Windows® Operating System','RuleName':'-','Signature':'Microsoft Windows','SignatureStatus':'Valid','Signed':'true','User':'HOMELAB\\pparker','UtcTime':'2024-11-19 23:48:31.425'},'System':{'Channel':'Microsoft-Windows-Sysmon/Operational','Computer':'HL-WS04.HOMELAB.local','Correlation':'','EventID':'7','EventRecordID':'12873','Execution':{'ProcessID':'2052','ThreadID':'4064'},'Keywords':'0x8000000000000000','Level':'4','Opcode':'0','Provider':{'Guid':'{5770385f-c22a-43e0-bf4c-06f5698ffbd9}','Name':'Microsoft-Windows-Sysmon'},'Security':{'UserID':'S-1-5-18'},'Task':'7','TimeCreated':{'SystemTime':'2024-11-19T23:48:31.9300029Z'},'Version':'3','_event_id':'7'}}","{'Company':'Microsoft Corporation','Description':'Multiple Provider Router DLL','FileVersion':'10.0.19041.3636 (WinBuild.160101.0800)','Hashes':'MD5=68F72F23FD5A418A13F8C1ACBC4EDDD1,SHA256=DD378CBC3424EB958DA4C78BABC0DFFA44E5AB10A304B37F0DF82161CC013512,IMPHASH=85E7CB96F8CF9AA23D636135B5BE7EFB','Image':'C:\\Users\\pparker\\Downloads\\DriverUpdate_1_2.exe','ImageLoaded':'C:\\Windows\\SysWOW64\\mpr.dll','OriginalFileName':'mpr.dll','ProcessGuid':'{7b34ed3d-23cf-673d-b302-000000000b00}','ProcessId':'2920','Product':'Microsoft® Windows® Operating System','RuleName':'-','Signature':'Microsoft Windows','SignatureStatus':'Valid','Signed':'true','User':'HOMELAB\\pparker','UtcTime':'2024-11-19 23:48:31.425'}",,"Microsoft Corporation",,,"Multiple Provider Router DLL",,,,,,,,"10.0.19041.3636 (WinBuild.160101.0800)","MD5=68F72F23FD5A418A13F8C1ACBC4EDDD1,SHA256=DD378CBC3424EB958DA4C78BABC0DFFA44E5AB10A304B37F0DF82161CC013512,IMPHASH=85E7CB96F8CF9AA23D636135B5BE7EFB","C:\Users\pparker\Downloads\DriverUpdate_1_2.exe","C:\Windows\SysWOW64\mpr.dll",,,,,"mpr.dll",,,,,,"{7b34ed3d-23cf-673d-b302-000000000b00}","2920","Microsoft® Windows® Operating System",,"-","Microsoft Windows","Valid","true",,,,,,,,,"HOMELAB\pparker","2024-11-19 23:48:31.425","{'Channel':'Microsoft-Windows-Sysmon/Operational','Computer':'HL-WS04.HOMELAB.local','Correlation':'','EventID':'7','EventRecordID':'12873','Execution':{'ProcessID':'2052','ThreadID':'4064'},'Keywords':'0x8000000000000000','Level':'4','Opcode':'0','Provider':{'Guid':'{5770385f-c22a-43e0-bf4c-06f5698ffbd9}','Name':'Microsoft-Windows-Sysmon'},'Security':{'UserID':'S-1-5-18'},'Task':'7','TimeCreated':{'SystemTime':'2024-11-19T23:48:31.9300029Z'},'Version':'3','_event_id':'7'}","7","Microsoft-Windows-Sysmon/Operational","HL-WS04.HOMELAB.local","","7","12873","{'ProcessID':'2052','ThreadID':'4064'}","2052","4064","0x8000000000000000","4","0","{'Guid':'{5770385f-c22a-43e0-bf4c-06f5698ffbd9}','Name':'Microsoft-Windows-Sysmon'}","{5770385f-c22a-43e0-bf4c-06f5698ffbd9}","Microsoft-Windows-Sysmon","S-1-5-18","7","2024-11-19T23:48:31.9300029Z","3","{'arch':2,'did':'','event_id':'d3793a9d-6743-4253-bf47-32017febddee','event_time':1732060066270,'event_type':'WEL','ext_ip':'108.171.103.70','hostname':'hl-ws04.homelab.local','iid':'7e99630d-d276-4169-bd11-c23115a848fa','int_ip':'10.100.100.133','moduleid':2,'oid':'27c3229e-7f58-40c8-ad1a-799ff00e1781','plat':268435456,'sid':'20884ef9-0b46-4a29-9d58-832837729b10','tags':['workstations'],'this':'9cb55881ec74dc1d9829c09c673d23a2'}",2,"","d3793a9d-6743-4253-bf47-32017febddee",1732060066270,"WEL","108.171.103.70","hl-ws04.homelab.local","7e99630d-d276-4169-bd11-c23115a848fa","10.100.100.133",2,"27c3229e-7f58-40c8-ad1a-799ff00e1781",268435456,"20884ef9-0b46-4a29-9d58-832837729b10","['workstations']","9cb55881ec74dc1d9829c09c673d23a2"
"2024-11-19 23:47:46","{'EventData':{'Company':'Microsoft Corporation','Description':'Security Support Provider Interface','FileVersion':'10.0.19041.4239 (WinBuild.160101.0800)','Hashes':'MD5=CBBACBB3FEF027EBAA776907DE889217,SHA256=AF6B89DB03625EE477D29211E9ED4DFB086EE4986C8D94CE1B7927BAC13B9FFF,IMPHASH=6D3B6BCF49F41B18A29B95CF2230F0A5','Image':'C:\\Users\\pparker\\Downloads\\DriverUpdate_1_2.exe','ImageLoaded':'C:\\Windows\\SysWOW64\\sspicli.dll','OriginalFileName':'security.dll','ProcessGuid':'{7b34ed3d-23cf-673d-b302-000000000b00}','ProcessId':'2920','Product':'Microsoft® Windows® Operating System','RuleName':'-','Signature':'Microsoft Windows','SignatureStatus':'Valid','Signed':'true','User':'HOMELAB\\pparker','UtcTime':'2024-11-19 23:48:31.426'},'System':{'Channel':'Microsoft-Windows-Sysmon/Operational','Computer':'HL-WS04.HOMELAB.local','Correlation':'','EventID':'7','EventRecordID':'12874','Execution':{'ProcessID':'2052','ThreadID':'4064'},'Keywords':'0x8000000000000000','Level':'4','Opcode':'0','Provider':{'Guid':'{5770385f-c22a-43e0-bf4c-06f5698ffbd9}','Name':'Microsoft-Windows-Sysmon'},'Security':{'UserID':'S-1-5-18'},'Task':'7','TimeCreated':{'SystemTime':'2024-11-19T23:48:31.9382297Z'},'Version':'3','_event_id':'7'}}","{'Company':'Microsoft Corporation','Description':'Security Support Provider Interface','FileVersion':'10.0.19041.4239 (WinBuild.160101.0800)','Hashes':'MD5=CBBACBB3FEF027EBAA776907DE889217,SHA256=AF6B89DB03625EE477D29211E9ED4DFB086EE4986C8D94CE1B7927BAC13B9FFF,IMPHASH=6D3B6BCF49F41B18A29B95CF2230F0A5','Image':'C:\\Users\\pparker\\Downloads\\DriverUpdate_1_2.exe','ImageLoaded':'C:\\Windows\\SysWOW64\\sspicli.dll','OriginalFileName':'security.dll','ProcessGuid':'{7b34ed3d-23cf-673d-b302-000000000b00}','ProcessId':'2920','Product':'Microsoft® Windows® Operating System','RuleName':'-','Signature':'Microsoft Windows','SignatureStatus':'Valid','Signed':'true','User':'HOMELAB\\pparker','UtcTime':'2024-11-19 23:48:31.426'}",,"Microsoft Corporation",,,"Security Support Provider Interface",,,,,,,,"10.0.19041.4239 (WinBuild.160101.0800)","MD5=CBBACBB3FEF027EBAA776907DE889217,SHA256=AF6B89DB03625EE477D29211E9ED4DFB086EE4986C8D94CE1B7927BAC13B9FFF,IMPHASH=6D3B6BCF49F41B18A29B95CF2230F0A5","C:\Users\pparker\Downloads\DriverUpdate_1_2.exe","C:\Windows\SysWOW64\sspicli.dll",,,,,"security.dll",,,,,,"{7b34ed3d-23cf-673d-b302-000000000b00}","2920","Microsoft® Windows® Operating System",,"-","Microsoft Windows","Valid","true",,,,,,,,,"HOMELAB\pparker","2024-11-19 23:48:31.426","{'Channel':'Microsoft-Windows-Sysmon/Operational','Computer':'HL-WS04.HOMELAB.local','Correlation':'','EventID':'7','EventRecordID':'12874','Execution':{'ProcessID':'2052','ThreadID':'4064'},'Keywords':'0x8000000000000000','Level':'4','Opcode':'0','Provider':{'Guid':'{5770385f-c22a-43e0-bf4c-06f5698ffbd9}','Name':'Microsoft-Windows-Sysmon'},'Security':{'UserID':'S-1-5-18'},'Task':'7','TimeCreated':{'SystemTime':'2024-11-19T23:48:31.9382297Z'},'Version':'3','_event_id':'7'}","7","Microsoft-Windows-Sysmon/Operational","HL-WS04.HOMELAB.local","","7","12874","{'ProcessID':'2052','ThreadID':'4064'}","2052","4064","0x8000000000000000","4","0","{'Guid':'{5770385f-c22a-43e0-bf4c-06f5698ffbd9}','Name':'Microsoft-Windows-Sysmon'}","{5770385f-c22a-43e0-bf4c-06f5698ffbd9}","Microsoft-Windows-Sysmon","S-1-5-18","7","2024-11-19T23:48:31.9382297Z","3","{'arch':2,'did':'','event_id':'da3219bf-05b1-4f73-b842-b102cd6ec0fd','event_time':1732060066270,'event_type':'WEL','ext_ip':'108.171.103.70','hostname':'hl-ws04.homelab.local','iid':'7e99630d-d276-4169-bd11-c23115a848fa','int_ip':'10.100.100.133','moduleid':2,'oid':'27c3229e-7f58-40c8-ad1a-799ff00e1781','plat':268435456,'sid':'20884ef9-0b46-4a29-9d58-832837729b10','tags':['workstations'],'this':'a85bb6c5459c58aee784511f673d23a2'}",2,"","da3219bf-05b1-4f73-b842-b102cd6ec0fd",1732060066270,"WEL","108.171.103.70","hl-ws04.homelab.local","7e99630d-d276-4169-bd11-c23115a848fa","10.100.100.133",2,"27c3229e-7f58-40c8-ad1a-799ff00e1781",268435456,"20884ef9-0b46-4a29-9d58-832837729b10","['workstations']","a85bb6c5459c58aee784511f673d23a2"
"2024-11-19 23:47:46","{'EventData':{'Company':'Microsoft Corporation','Description':'Base Multimedia Extension API DLL','FileVersion':'10.0.19041.1 (WinBuild.160101.0800)','Hashes':'MD5=7FAEC11E5C7CD7BAD9BB159F89221D0E,SHA256=7E14BA0C74AC39F58C81B94A572D7E30AA24B0C35975EE0D807C3E306EB33A04,IMPHASH=1865F744357B87C1A7254E6F9C80BA00','Image':'C:\\Users\\pparker\\Downloads\\DriverUpdate_1_2.exe','ImageLoaded':'C:\\Windows\\SysWOW64\\winmmbase.dll','OriginalFileName':'WINMMbase.DLL','ProcessGuid':'{7b34ed3d-23cf-673d-b302-000000000b00}','ProcessId':'2920','Product':'Microsoft® Windows® Operating System','RuleName':'-','Signature':'Microsoft Windows','SignatureStatus':'Valid','Signed':'true','User':'HOMELAB\\pparker','UtcTime':'2024-11-19 23:48:31.435'},'System':{'Channel':'Microsoft-Windows-Sysmon/Operational','Computer':'HL-WS04.HOMELAB.local','Correlation':'','EventID':'7','EventRecordID':'12875','Execution':{'ProcessID':'2052','ThreadID':'4064'},'Keywords':'0x8000000000000000','Level':'4','Opcode':'0','Provider':{'Guid':'{5770385f-c22a-43e0-bf4c-06f5698ffbd9}','Name':'Microsoft-Windows-Sysmon'},'Security':{'UserID':'S-1-5-18'},'Task':'7','TimeCreated':{'SystemTime':'2024-11-19T23:48:31.9500878Z'},'Version':'3','_event_id':'7'}}","{'Company':'Microsoft Corporation','Description':'Base Multimedia Extension API DLL','FileVersion':'10.0.19041.1 (WinBuild.160101.0800)','Hashes':'MD5=7FAEC11E5C7CD7BAD9BB159F89221D0E,SHA256=7E14BA0C74AC39F58C81B94A572D7E30AA24B0C35975EE0D807C3E306EB33A04,IMPHASH=1865F744357B87C1A7254E6F9C80BA00','Image':'C:\\Users\\pparker\\Downloads\\DriverUpdate_1_2.exe','ImageLoaded':'C:\\Windows\\SysWOW64\\winmmbase.dll','OriginalFileName':'WINMMbase.DLL','ProcessGuid':'{7b34ed3d-23cf-673d-b302-000000000b00}','ProcessId':'2920','Product':'Microsoft® Windows® Operating System','RuleName':'-','Signature':'Microsoft Windows','SignatureStatus':'Valid','Signed':'true','User':'HOMELAB\\pparker','UtcTime':'2024-11-19 23:48:31.435'}",,"Microsoft Corporation",,,"Base Multimedia Extension API DLL",,,,,,,,"10.0.19041.1 (WinBuild.160101.0800)","MD5=7FAEC11E5C7CD7BAD9BB159F89221D0E,SHA256=7E14BA0C74AC39F58C81B94A572D7E30AA24B0C35975EE0D807C3E306EB33A04,IMPHASH=1865F744357B87C1A7254E6F9C80BA00","C:\Users\pparker\Downloads\DriverUpdate_1_2.exe","C:\Windows\SysWOW64\winmmbase.dll",,,,,"WINMMbase.DLL",,,,,,"{7b34ed3d-23cf-673d-b302-000000000b00}","2920","Microsoft® Windows® Operating System",,"-","Microsoft Windows","Valid","true",,,,,,,,,"HOMELAB\pparker","2024-11-19 23:48:31.435","{'Channel':'Microsoft-Windows-Sysmon/Operational','Computer':'HL-WS04.HOMELAB.local','Correlation':'','EventID':'7','EventRecordID':'12875','Execution':{'ProcessID':'2052','ThreadID':'4064'},'Keywords':'0x8000000000000000','Level':'4','Opcode':'0','Provider':{'Guid':'{5770385f-c22a-43e0-bf4c-06f5698ffbd9}','Name':'Microsoft-Windows-Sysmon'},'Security':{'UserID':'S-1-5-18'},'Task':'7','TimeCreated':{'SystemTime':'2024-11-19T23:48:31.9500878Z'},'Version':'3','_event_id':'7'}","7","Microsoft-Windows-Sysmon/Operational","HL-WS04.HOMELAB.local","","7","12875","{'ProcessID':'2052','ThreadID':'4064'}","2052","4064","0x8000000000000000","4","0","{'Guid':'{5770385f-c22a-43e0-bf4c-06f5698ffbd9}','Name':'Microsoft-Windows-Sysmon'}","{5770385f-c22a-43e0-bf4c-06f5698ffbd9}","Microsoft-Windows-Sysmon","S-1-5-18","7","2024-11-19T23:48:31.9500878Z","3","{'arch':2,'did':'','event_id':'0114280e-3d48-46e1-b28b-4e6f7f439197','event_time':1732060066270,'event_type':'WEL','ext_ip':'108.171.103.70','hostname':'hl-ws04.homelab.local','iid':'7e99630d-d276-4169-bd11-c23115a848fa','int_ip':'10.100.100.133','moduleid':2,'oid':'27c3229e-7f58-40c8-ad1a-799ff00e1781','plat':268435456,'sid':'20884ef9-0b46-4a29-9d58-832837729b10','tags':['workstations'],'this':'0b74d80d01a8f5e55673fa69673d23a2'}",2,"","0114280e-3d48-46e1-b28b-4e6f7f439197",1732060066270,"WEL","108.171.103.70","hl-ws04.homelab.local","7e99630d-d276-4169-bd11-c23115a848fa","10.100.100.133",2,"27c3229e-7f58-40c8-ad1a-799ff00e1781",268435456,"20884ef9-0b46-4a29-9d58-832837729b10","['workstations']","0b74d80d01a8f5e55673fa69673d23a2"
"2024-11-19 23:47:46","{'EventData':{'Company':'Microsoft Corporation','Description':'Net Win32 API Helpers DLL','FileVersion':'10.0.19041.3636 (WinBuild.160101.0800)','Hashes':'MD5=C1B2AB673E4A2784DC46D6F61E3463C2,SHA256=567C9D7D50AE470D957195A2AC1DFFA373C1606AF465639B16A2647558059563,IMPHASH=27B3D4DB18CEDDD65F4834C6B9F1A77A','Image':'C:\\Users\\pparker\\Downloads\\DriverUpdate_1_2.exe','ImageLoaded':'C:\\Windows\\SysWOW64\\netutils.dll','OriginalFileName':'NETUTILS.DLL','ProcessGuid':'{7b34ed3d-23cf-673d-b302-000000000b00}','ProcessId':'2920','Product':'Microsoft® Windows® Operating System','RuleName':'-','Signature':'Microsoft Windows','SignatureStatus':'Valid','Signed':'true','User':'HOMELAB\\pparker','UtcTime':'2024-11-19 23:48:31.441'},'System':{'Channel':'Microsoft-Windows-Sysmon/Operational','Computer':'HL-WS04.HOMELAB.local','Correlation':'','EventID':'7','EventRecordID':'12876','Execution':{'ProcessID':'2052','ThreadID':'4064'},'Keywords':'0x8000000000000000','Level':'4','Opcode':'0','Provider':{'Guid':'{5770385f-c22a-43e0-bf4c-06f5698ffbd9}','Name':'Microsoft-Windows-Sysmon'},'Security':{'UserID':'S-1-5-18'},'Task':'7','TimeCreated':{'SystemTime':'2024-11-19T23:48:31.9574252Z'},'Version':'3','_event_id':'7'}}","{'Company':'Microsoft Corporation','Description':'Net Win32 API Helpers DLL','FileVersion':'10.0.19041.3636 (WinBuild.160101.0800)','Hashes':'MD5=C1B2AB673E4A2784DC46D6F61E3463C2,SHA256=567C9D7D50AE470D957195A2AC1DFFA373C1606AF465639B16A2647558059563,IMPHASH=27B3D4DB18CEDDD65F4834C6B9F1A77A','Image':'C:\\Users\\pparker\\Downloads\\DriverUpdate_1_2.exe','ImageLoaded':'C:\\Windows\\SysWOW64\\netutils.dll','OriginalFileName':'NETUTILS.DLL','ProcessGuid':'{7b34ed3d-23cf-673d-b302-000000000b00}','ProcessId':'2920','Product':'Microsoft® Windows® Operating System','RuleName':'-','Signature':'Microsoft Windows','SignatureStatus':'Valid','Signed':'true','User':'HOMELAB\\pparker','UtcTime':'2024-11-19 23:48:31.441'}",,"Microsoft Corporation",,,"Net Win32 API Helpers DLL",,,,,,,,"10.0.19041.3636 (WinBuild.160101.0800)","MD5=C1B2AB673E4A2784DC46D6F61E3463C2,SHA256=567C9D7D50AE470D957195A2AC1DFFA373C1606AF465639B16A2647558059563,IMPHASH=27B3D4DB18CEDDD65F4834C6B9F1A77A","C:\Users\pparker\Downloads\DriverUpdate_1_2.exe","C:\Windows\SysWOW64\netutils.dll",,,,,"NETUTILS.DLL",,,,,,"{7b34ed3d-23cf-673d-b302-000000000b00}","2920","Microsoft® Windows® Operating System",,"-","Microsoft Windows","Valid","true",,,,,,,,,"HOMELAB\pparker","2024-11-19 23:48:31.441","{'Channel':'Microsoft-Windows-Sysmon/Operational','Computer':'HL-WS04.HOMELAB.local','Correlation':'','EventID':'7','EventRecordID':'12876','Execution':{'ProcessID':'2052','ThreadID':'4064'},'Keywords':'0x8000000000000000','Level':'4','Opcode':'0','Provider':{'Guid':'{5770385f-c22a-43e0-bf4c-06f5698ffbd9}','Name':'Microsoft-Windows-Sysmon'},'Security':{'UserID':'S-1-5-18'},'Task':'7','TimeCreated':{'SystemTime':'2024-11-19T23:48:31.9574252Z'},'Version':'3','_event_id':'7'}","7","Microsoft-Windows-Sysmon/Operational","HL-WS04.HOMELAB.local","","7","12876","{'ProcessID':'2052','ThreadID':'4064'}","2052","4064","0x8000000000000000","4","0","{'Guid':'{5770385f-c22a-43e0-bf4c-06f5698ffbd9}','Name':'Microsoft-Windows-Sysmon'}","{5770385f-c22a-43e0-bf4c-06f5698ffbd9}","Microsoft-Windows-Sysmon","S-1-5-18","7","2024-11-19T23:48:31.9574252Z","3","{'arch':2,'did':'','event_id':'bcdbb8fb-09c2-431a-9ac2-678895571c87','event_time':1732060066271,'event_type':'WEL','ext_ip':'108.171.103.70','hostname':'hl-ws04.homelab.local','iid':'7e99630d-d276-4169-bd11-c23115a848fa','int_ip':'10.100.100.133','moduleid':2,'oid':'27c3229e-7f58-40c8-ad1a-799ff00e1781','plat':268435456,'sid':'20884ef9-0b46-4a29-9d58-832837729b10','tags':['workstations'],'this':'b5f7481e60e2d4ad58f5c386673d23a2'}",2,"","bcdbb8fb-09c2-431a-9ac2-678895571c87",1732060066271,"WEL","108.171.103.70","hl-ws04.homelab.local","7e99630d-d276-4169-bd11-c23115a848fa","10.100.100.133",2,"27c3229e-7f58-40c8-ad1a-799ff00e1781",268435456,"20884ef9-0b46-4a29-9d58-832837729b10","['workstations']","b5f7481e60e2d4ad58f5c386673d23a2"
"2024-11-19 23:47:46","{'EventData':{'Company':'Microsoft Corporation','Description':'Windows Compatibility DLL','FileVersion':'10.0.19041.3636 (WinBuild.160101.0800)','Hashes':'MD5=F6820B6B6BE064DA4491197FF765E8BA,SHA256=5E3FB129761D5969D772403644DD474B42842FC688EE5DAD5696E83A2A115D15,IMPHASH=D8B4BDE806A7D2DA00A2D12D72EEA15B','Image':'C:\\Users\\pparker\\Downloads\\DriverUpdate_1_2.exe','ImageLoaded':'C:\\Windows\\SysWOW64\\AcLayers.dll','OriginalFileName':'ACLAYERS.DLL','ProcessGuid':'{7b34ed3d-23cf-673d-b302-000000000b00}','ProcessId':'2920','Product':'Microsoft® Windows® Operating System','RuleName':'-','Signature':'Microsoft Windows','SignatureStatus':'Valid','Signed':'true','User':'HOMELAB\\pparker','UtcTime':'2024-11-19 23:48:31.477'},'System':{'Channel':'Microsoft-Windows-Sysmon/Operational','Computer':'HL-WS04.HOMELAB.local','Correlation':'','EventID':'7','EventRecordID':'12877','Execution':{'ProcessID':'2052','ThreadID':'4064'},'Keywords':'0x8000000000000000','Level':'4','Opcode':'0','Provider':{'Guid':'{5770385f-c22a-43e0-bf4c-06f5698ffbd9}','Name':'Microsoft-Windows-Sysmon'},'Security':{'UserID':'S-1-5-18'},'Task':'7','TimeCreated':{'SystemTime':'2024-11-19T23:48:31.9876588Z'},'Version':'3','_event_id':'7'}}","{'Company':'Microsoft Corporation','Description':'Windows Compatibility DLL','FileVersion':'10.0.19041.3636 (WinBuild.160101.0800)','Hashes':'MD5=F6820B6B6BE064DA4491197FF765E8BA,SHA256=5E3FB129761D5969D772403644DD474B42842FC688EE5DAD5696E83A2A115D15,IMPHASH=D8B4BDE806A7D2DA00A2D12D72EEA15B','Image':'C:\\Users\\pparker\\Downloads\\DriverUpdate_1_2.exe','ImageLoaded':'C:\\Windows\\SysWOW64\\AcLayers.dll','OriginalFileName':'ACLAYERS.DLL','ProcessGuid':'{7b34ed3d-23cf-673d-b302-000000000b00}','ProcessId':'2920','Product':'Microsoft® Windows® Operating System','RuleName':'-','Signature':'Microsoft Windows','SignatureStatus':'Valid','Signed':'true','User':'HOMELAB\\pparker','UtcTime':'2024-11-19 23:48:31.477'}",,"Microsoft Corporation",,,"Windows Compatibility DLL",,,,,,,,"10.0.19041.3636 (WinBuild.160101.0800)","MD5=F6820B6B6BE064DA4491197FF765E8BA,SHA256=5E3FB129761D5969D772403644DD474B42842FC688EE5DAD5696E83A2A115D15,IMPHASH=D8B4BDE806A7D2DA00A2D12D72EEA15B","C:\Users\pparker\Downloads\DriverUpdate_1_2.exe","C:\Windows\SysWOW64\AcLayers.dll",,,,,"ACLAYERS.DLL",,,,,,"{7b34ed3d-23cf-673d-b302-000000000b00}","2920","Microsoft® Windows® Operating System",,"-","Microsoft Windows","Valid","true",,,,,,,,,"HOMELAB\pparker","2024-11-19 23:48:31.477","{'Channel':'Microsoft-Windows-Sysmon/Operational','Computer':'HL-WS04.HOMELAB.local','Correlation':'','EventID':'7','EventRecordID':'12877','Execution':{'ProcessID':'2052','ThreadID':'4064'},'Keywords':'0x8000000000000000','Level':'4','Opcode':'0','Provider':{'Guid':'{5770385f-c22a-43e0-bf4c-06f5698ffbd9}','Name':'Microsoft-Windows-Sysmon'},'Security':{'UserID':'S-1-5-18'},'Task':'7','TimeCreated':{'SystemTime':'2024-11-19T23:48:31.9876588Z'},'Version':'3','_event_id':'7'}","7","Microsoft-Windows-Sysmon/Operational","HL-WS04.HOMELAB.local","","7","12877","{'ProcessID':'2052','ThreadID':'4064'}","2052","4064","0x8000000000000000","4","0","{'Guid':'{5770385f-c22a-43e0-bf4c-06f5698ffbd9}','Name':'Microsoft-Windows-Sysmon'}","{5770385f-c22a-43e0-bf4c-06f5698ffbd9}","Microsoft-Windows-Sysmon","S-1-5-18","7","2024-11-19T23:48:31.9876588Z","3","{'arch':2,'did':'','event_id':'6002d780-b863-4bda-aa9c-f14232ec341d','event_time':1732060066271,'event_type':'WEL','ext_ip':'108.171.103.70','hostname':'hl-ws04.homelab.local','iid':'7e99630d-d276-4169-bd11-c23115a848fa','int_ip':'10.100.100.133','moduleid':2,'oid':'27c3229e-7f58-40c8-ad1a-799ff00e1781','plat':268435456,'sid':'20884ef9-0b46-4a29-9d58-832837729b10','tags':['workstations'],'this':'f4d8546a9f2417a22b76f2eb673d23a2'}",2,"","6002d780-b863-4bda-aa9c-f14232ec341d",1732060066271,"WEL","108.171.103.70","hl-ws04.homelab.local","7e99630d-d276-4169-bd11-c23115a848fa","10.100.100.133",2,"27c3229e-7f58-40c8-ad1a-799ff00e1781",268435456,"20884ef9-0b46-4a29-9d58-832837729b10","['workstations']","f4d8546a9f2417a22b76f2eb673d23a2"
"2024-11-19 23:47:46","{'EventData':{'Company':'Microsoft Corporation','Description':'Windows Setup API','FileVersion':'10.0.19041.4355 (WinBuild.160101.0800)','Hashes':'MD5=E1CB80BABA3D4CB8137DBA7B9724CA3E,SHA256=8F3788894435CC6B7A71DACFA103F8A5C0AF77DD2B62870160524BAE855B232F,IMPHASH=7F358935054C6BBAA980FC6C78515A3C','Image':'C:\\Users\\pparker\\Downloads\\DriverUpdate_1_2.exe','ImageLoaded':'C:\\Windows\\SysWOW64\\setupapi.dll','OriginalFileName':'SETUPAPI.DLL','ProcessGuid':'{7b34ed3d-23cf-673d-b302-000000000b00}','ProcessId':'2920','Product':'Microsoft® Windows® Operating System','RuleName':'-','Signature':'Microsoft Windows','SignatureStatus':'Valid','Signed':'true','User':'HOMELAB\\pparker','UtcTime':'2024-11-19 23:48:31.514'},'System':{'Channel':'Microsoft-Windows-Sysmon/Operational','Computer':'HL-WS04.HOMELAB.local','Correlation':'','EventID':'7','EventRecordID':'12879','Execution':{'ProcessID':'2052','ThreadID':'4064'},'Keywords':'0x8000000000000000','Level':'4','Opcode':'0','Provider':{'Guid':'{5770385f-c22a-43e0-bf4c-06f5698ffbd9}','Name':'Microsoft-Windows-Sysmon'},'Security':{'UserID':'S-1-5-18'},'Task':'7','TimeCreated':{'SystemTime':'2024-11-19T23:48:32.0358146Z'},'Version':'3','_event_id':'7'}}","{'Company':'Microsoft Corporation','Description':'Windows Setup API','FileVersion':'10.0.19041.4355 (WinBuild.160101.0800)','Hashes':'MD5=E1CB80BABA3D4CB8137DBA7B9724CA3E,SHA256=8F3788894435CC6B7A71DACFA103F8A5C0AF77DD2B62870160524BAE855B232F,IMPHASH=7F358935054C6BBAA980FC6C78515A3C','Image':'C:\\Users\\pparker\\Downloads\\DriverUpdate_1_2.exe','ImageLoaded':'C:\\Windows\\SysWOW64\\setupapi.dll','OriginalFileName':'SETUPAPI.DLL','ProcessGuid':'{7b34ed3d-23cf-673d-b302-000000000b00}','ProcessId':'2920','Product':'Microsoft® Windows® Operating System','RuleName':'-','Signature':'Microsoft Windows','SignatureStatus':'Valid','Signed':'true','User':'HOMELAB\\pparker','UtcTime':'2024-11-19 23:48:31.514'}",,"Microsoft Corporation",,,"Windows Setup API",,,,,,,,"10.0.19041.4355 (WinBuild.160101.0800)","MD5=E1CB80BABA3D4CB8137DBA7B9724CA3E,SHA256=8F3788894435CC6B7A71DACFA103F8A5C0AF77DD2B62870160524BAE855B232F,IMPHASH=7F358935054C6BBAA980FC6C78515A3C","C:\Users\pparker\Downloads\DriverUpdate_1_2.exe","C:\Windows\SysWOW64\setupapi.dll",,,,,"SETUPAPI.DLL",,,,,,"{7b34ed3d-23cf-673d-b302-000000000b00}","2920","Microsoft® Windows® Operating System",,"-","Microsoft Windows","Valid","true",,,,,,,,,"HOMELAB\pparker","2024-11-19 23:48:31.514","{'Channel':'Microsoft-Windows-Sysmon/Operational','Computer':'HL-WS04.HOMELAB.local','Correlation':'','EventID':'7','EventRecordID':'12879','Execution':{'ProcessID':'2052','ThreadID':'4064'},'Keywords':'0x8000000000000000','Level':'4','Opcode':'0','Provider':{'Guid':'{5770385f-c22a-43e0-bf4c-06f5698ffbd9}','Name':'Microsoft-Windows-Sysmon'},'Security':{'UserID':'S-1-5-18'},'Task':'7','TimeCreated':{'SystemTime':'2024-11-19T23:48:32.0358146Z'},'Version':'3','_event_id':'7'}","7","Microsoft-Windows-Sysmon/Operational","HL-WS04.HOMELAB.local","","7","12879","{'ProcessID':'2052','ThreadID':'4064'}","2052","4064","0x8000000000000000","4","0","{'Guid':'{5770385f-c22a-43e0-bf4c-06f5698ffbd9}','Name':'Microsoft-Windows-Sysmon'}","{5770385f-c22a-43e0-bf4c-06f5698ffbd9}","Microsoft-Windows-Sysmon","S-1-5-18","7","2024-11-19T23:48:32.0358146Z","3","{'arch':2,'did':'','event_id':'47959c10-bcde-47ca-9804-306b8d443acf','event_time':1732060066271,'event_type':'WEL','ext_ip':'108.171.103.70','hostname':'hl-ws04.homelab.local','iid':'7e99630d-d276-4169-bd11-c23115a848fa','int_ip':'10.100.100.133','moduleid':2,'oid':'27c3229e-7f58-40c8-ad1a-799ff00e1781','plat':268435456,'sid':'20884ef9-0b46-4a29-9d58-832837729b10','tags':['workstations'],'this':'d002283530817d90180bbde4673d23a2'}",2,"","47959c10-bcde-47ca-9804-306b8d443acf",1732060066271,"WEL","108.171.103.70","hl-ws04.homelab.local","7e99630d-d276-4169-bd11-c23115a848fa","10.100.100.133",2,"27c3229e-7f58-40c8-ad1a-799ff00e1781",268435456,"20884ef9-0b46-4a29-9d58-832837729b10","['workstations']","d002283530817d90180bbde4673d23a2"
"2024-11-19 23:47:46","{'EventData':{'Company':'Microsoft Corporation','Description':'Configuration Manager DLL','FileVersion':'10.0.19041.3996 (WinBuild.160101.0800)','Hashes':'MD5=4C4612DDFFA61E711667C526287C9742,SHA256=8440D611230B121F525033B26D6774EC781BA4339B34FF82BB21F3F54B2C6EB0,IMPHASH=BCAE3553D731BEB07A0959D30F946975','Image':'C:\\Users\\pparker\\Downloads\\DriverUpdate_1_2.exe','ImageLoaded':'C:\\Windows\\SysWOW64\\cfgmgr32.dll','OriginalFileName':'CFGMGR32.DLL','ProcessGuid':'{7b34ed3d-23cf-673d-b302-000000000b00}','ProcessId':'2920','Product':'Microsoft® Windows® Operating System','RuleName':'-','Signature':'Microsoft Windows','SignatureStatus':'Valid','Signed':'true','User':'HOMELAB\\pparker','UtcTime':'2024-11-19 23:48:31.565'},'System':{'Channel':'Microsoft-Windows-Sysmon/Operational','Computer':'HL-WS04.HOMELAB.local','Correlation':'','EventID':'7','EventRecordID':'12880','Execution':{'ProcessID':'2052','ThreadID':'4064'},'Keywords':'0x8000000000000000','Level':'4','Opcode':'0','Provider':{'Guid':'{5770385f-c22a-43e0-bf4c-06f5698ffbd9}','Name':'Microsoft-Windows-Sysmon'},'Security':{'UserID':'S-1-5-18'},'Task':'7','TimeCreated':{'SystemTime':'2024-11-19T23:48:32.0481426Z'},'Version':'3','_event_id':'7'}}","{'Company':'Microsoft Corporation','Description':'Configuration Manager DLL','FileVersion':'10.0.19041.3996 (WinBuild.160101.0800)','Hashes':'MD5=4C4612DDFFA61E711667C526287C9742,SHA256=8440D611230B121F525033B26D6774EC781BA4339B34FF82BB21F3F54B2C6EB0,IMPHASH=BCAE3553D731BEB07A0959D30F946975','Image':'C:\\Users\\pparker\\Downloads\\DriverUpdate_1_2.exe','ImageLoaded':'C:\\Windows\\SysWOW64\\cfgmgr32.dll','OriginalFileName':'CFGMGR32.DLL','ProcessGuid':'{7b34ed3d-23cf-673d-b302-000000000b00}','ProcessId':'2920','Product':'Microsoft® Windows® Operating System','RuleName':'-','Signature':'Microsoft Windows','SignatureStatus':'Valid','Signed':'true','User':'HOMELAB\\pparker','UtcTime':'2024-11-19 23:48:31.565'}",,"Microsoft Corporation",,,"Configuration Manager DLL",,,,,,,,"10.0.19041.3996 (WinBuild.160101.0800)","MD5=4C4612DDFFA61E711667C526287C9742,SHA256=8440D611230B121F525033B26D6774EC781BA4339B34FF82BB21F3F54B2C6EB0,IMPHASH=BCAE3553D731BEB07A0959D30F946975","C:\Users\pparker\Downloads\DriverUpdate_1_2.exe","C:\Windows\SysWOW64\cfgmgr32.dll",,,,,"CFGMGR32.DLL",,,,,,"{7b34ed3d-23cf-673d-b302-000000000b00}","2920","Microsoft® Windows® Operating System",,"-","Microsoft Windows","Valid","true",,,,,,,,,"HOMELAB\pparker","2024-11-19 23:48:31.565","{'Channel':'Microsoft-Windows-Sysmon/Operational','Computer':'HL-WS04.HOMELAB.local','Correlation':'','EventID':'7','EventRecordID':'12880','Execution':{'ProcessID':'2052','ThreadID':'4064'},'Keywords':'0x8000000000000000','Level':'4','Opcode':'0','Provider':{'Guid':'{5770385f-c22a-43e0-bf4c-06f5698ffbd9}','Name':'Microsoft-Windows-Sysmon'},'Security':{'UserID':'S-1-5-18'},'Task':'7','TimeCreated':{'SystemTime':'2024-11-19T23:48:32.0481426Z'},'Version':'3','_event_id':'7'}","7","Microsoft-Windows-Sysmon/Operational","HL-WS04.HOMELAB.local","","7","12880","{'ProcessID':'2052','ThreadID':'4064'}","2052","4064","0x8000000000000000","4","0","{'Guid':'{5770385f-c22a-43e0-bf4c-06f5698ffbd9}','Name':'Microsoft-Windows-Sysmon'}","{5770385f-c22a-43e0-bf4c-06f5698ffbd9}","Microsoft-Windows-Sysmon","S-1-5-18","7","2024-11-19T23:48:32.0481426Z","3","{'arch':2,'did':'','event_id':'b80f11b9-0d2f-43db-a52b-3127585a4ce7','event_time':1732060066271,'event_type':'WEL','ext_ip':'108.171.103.70','hostname':'hl-ws04.homelab.local','iid':'7e99630d-d276-4169-bd11-c23115a848fa','int_ip':'10.100.100.133','moduleid':2,'oid':'27c3229e-7f58-40c8-ad1a-799ff00e1781','plat':268435456,'sid':'20884ef9-0b46-4a29-9d58-832837729b10','tags':['workstations'],'this':'d536e816b4a778fef87c737f673d23a2'}",2,"","b80f11b9-0d2f-43db-a52b-3127585a4ce7",1732060066271,"WEL","108.171.103.70","hl-ws04.homelab.local","7e99630d-d276-4169-bd11-c23115a848fa","10.100.100.133",2,"27c3229e-7f58-40c8-ad1a-799ff00e1781",268435456,"20884ef9-0b46-4a29-9d58-832837729b10","['workstations']","d536e816b4a778fef87c737f673d23a2"
"2024-11-19 23:47:46","{'EventData':{'Company':'Microsoft Corporation','Description':'Windows File Protection','FileVersion':'10.0.19041.4842 (WinBuild.160101.0800)','Hashes':'MD5=432B406F03D8205CA709DEAE2DD21A86,SHA256=D1E70D130376F9291AF017893A1DEED3BA26083DA863F6A2F69BC904EBF2E7D6,IMPHASH=00000000000000000000000000000000','Image':'C:\\Users\\pparker\\Downloads\\DriverUpdate_1_2.exe','ImageLoaded':'C:\\Windows\\SysWOW64\\sfc.dll','OriginalFileName':'sfc.dll','ProcessGuid':'{7b34ed3d-23cf-673d-b302-000000000b00}','ProcessId':'2920','Product':'Microsoft® Windows® Operating System','RuleName':'-','Signature':'Microsoft Windows','SignatureStatus':'Valid','Signed':'true','User':'HOMELAB\\pparker','UtcTime':'2024-11-19 23:48:31.567'},'System':{'Channel':'Microsoft-Windows-Sysmon/Operational','Computer':'HL-WS04.HOMELAB.local','Correlation':'','EventID':'7','EventRecordID':'12881','Execution':{'ProcessID':'2052','ThreadID':'4064'},'Keywords':'0x8000000000000000','Level':'4','Opcode':'0','Provider':{'Guid':'{5770385f-c22a-43e0-bf4c-06f5698ffbd9}','Name':'Microsoft-Windows-Sysmon'},'Security':{'UserID':'S-1-5-18'},'Task':'7','TimeCreated':{'SystemTime':'2024-11-19T23:48:32.0545445Z'},'Version':'3','_event_id':'7'}}","{'Company':'Microsoft Corporation','Description':'Windows File Protection','FileVersion':'10.0.19041.4842 (WinBuild.160101.0800)','Hashes':'MD5=432B406F03D8205CA709DEAE2DD21A86,SHA256=D1E70D130376F9291AF017893A1DEED3BA26083DA863F6A2F69BC904EBF2E7D6,IMPHASH=00000000000000000000000000000000','Image':'C:\\Users\\pparker\\Downloads\\DriverUpdate_1_2.exe','ImageLoaded':'C:\\Windows\\SysWOW64\\sfc.dll','OriginalFileName':'sfc.dll','ProcessGuid':'{7b34ed3d-23cf-673d-b302-000000000b00}','ProcessId':'2920','Product':'Microsoft® Windows® Operating System','RuleName':'-','Signature':'Microsoft Windows','SignatureStatus':'Valid','Signed':'true','User':'HOMELAB\\pparker','UtcTime':'2024-11-19 23:48:31.567'}",,"Microsoft Corporation",,,"Windows File Protection",,,,,,,,"10.0.19041.4842 (WinBuild.160101.0800)","MD5=432B406F03D8205CA709DEAE2DD21A86,SHA256=D1E70D130376F9291AF017893A1DEED3BA26083DA863F6A2F69BC904EBF2E7D6,IMPHASH=00000000000000000000000000000000","C:\Users\pparker\Downloads\DriverUpdate_1_2.exe","C:\Windows\SysWOW64\sfc.dll",,,,,"sfc.dll",,,,,,"{7b34ed3d-23cf-673d-b302-000000000b00}","2920","Microsoft® Windows® Operating System",,"-","Microsoft Windows","Valid","true",,,,,,,,,"HOMELAB\pparker","2024-11-19 23:48:31.567","{'Channel':'Microsoft-Windows-Sysmon/Operational','Computer':'HL-WS04.HOMELAB.local','Correlation':'','EventID':'7','EventRecordID':'12881','Execution':{'ProcessID':'2052','ThreadID':'4064'},'Keywords':'0x8000000000000000','Level':'4','Opcode':'0','Provider':{'Guid':'{5770385f-c22a-43e0-bf4c-06f5698ffbd9}','Name':'Microsoft-Windows-Sysmon'},'Security':{'UserID':'S-1-5-18'},'Task':'7','TimeCreated':{'SystemTime':'2024-11-19T23:48:32.0545445Z'},'Version':'3','_event_id':'7'}","7","Microsoft-Windows-Sysmon/Operational","HL-WS04.HOMELAB.local","","7","12881","{'ProcessID':'2052','ThreadID':'4064'}","2052","4064","0x8000000000000000","4","0","{'Guid':'{5770385f-c22a-43e0-bf4c-06f5698ffbd9}','Name':'Microsoft-Windows-Sysmon'}","{5770385f-c22a-43e0-bf4c-06f5698ffbd9}","Microsoft-Windows-Sysmon","S-1-5-18","7","2024-11-19T23:48:32.0545445Z","3","{'arch':2,'did':'','event_id':'76ef33ce-c48e-429d-8dc4-7ce58749ab51','event_time':1732060066272,'event_type':'WEL','ext_ip':'108.171.103.70','hostname':'hl-ws04.homelab.local','iid':'7e99630d-d276-4169-bd11-c23115a848fa','int_ip':'10.100.100.133','moduleid':2,'oid':'27c3229e-7f58-40c8-ad1a-799ff00e1781','plat':268435456,'sid':'20884ef9-0b46-4a29-9d58-832837729b10','tags':['workstations'],'this':'3b77e4f52deea6741a31e90e673d23a2'}",2,"","76ef33ce-c48e-429d-8dc4-7ce58749ab51",1732060066272,"WEL","108.171.103.70","hl-ws04.homelab.local","7e99630d-d276-4169-bd11-c23115a848fa","10.100.100.133",2,"27c3229e-7f58-40c8-ad1a-799ff00e1781",268435456,"20884ef9-0b46-4a29-9d58-832837729b10","['workstations']","3b77e4f52deea6741a31e90e673d23a2"
