"2024-11-20 00:48:47","{'EventData':{'Company':'Microsoft Corporation','Description':'Application Compatibility Client Library','FileVersion':'10.0.19041.4957 (WinBuild.160101.0800)','Hashes':'MD5=578FB3C2014D90E7A2223E63415751FA,SHA256=FE3CDDC40B0755C09B2DE23CAF8149570CFA6E42718F5E8ECBEB2E0CB3731EE6,IMPHASH=65DBB3390FD393E7FF4C86B67987B82A','Image':'C:\\Users\\pparker\\Downloads\\DriverUpdate_1_2.exe','ImageLoaded':'C:\\Windows\\SysWOW64\\apphelp.dll','OriginalFileName':'Apphelp','ProcessGuid':'{7b34ed3d-321c-673d-5906-000000000b00}','ProcessId':'368','Product':'Microsoft® Windows® Operating System','RuleName':'-','Signature':'Microsoft Windows','SignatureStatus':'Valid','Signed':'true','User':'HOMELAB\\pparker','UtcTime':'2024-11-20 00:49:32.577'},'System':{'Channel':'Microsoft-Windows-Sysmon/Operational','Computer':'HL-WS04.HOMELAB.local','Correlation':'','EventID':'7','EventRecordID':'42996','Execution':{'ProcessID':'2052','ThreadID':'3948'},'Keywords':'0x8000000000000000','Level':'4','Opcode':'0','Provider':{'Guid':'{5770385f-c22a-43e0-bf4c-06f5698ffbd9}','Name':'Microsoft-Windows-Sysmon'},'Security':{'UserID':'S-1-5-18'},'Task':'7','TimeCreated':{'SystemTime':'2024-11-20T00:49:32.5884354Z'},'Version':'3','_event_id':'7'}}","{'Company':'Microsoft Corporation','Description':'Application Compatibility Client Library','FileVersion':'10.0.19041.4957 (WinBuild.160101.0800)','Hashes':'MD5=578FB3C2014D90E7A2223E63415751FA,SHA256=FE3CDDC40B0755C09B2DE23CAF8149570CFA6E42718F5E8ECBEB2E0CB3731EE6,IMPHASH=65DBB3390FD393E7FF4C86B67987B82A','Image':'C:\\Users\\pparker\\Downloads\\DriverUpdate_1_2.exe','ImageLoaded':'C:\\Windows\\SysWOW64\\apphelp.dll','OriginalFileName':'Apphelp','ProcessGuid':'{7b34ed3d-321c-673d-5906-000000000b00}','ProcessId':'368','Product':'Microsoft® Windows® Operating System','RuleName':'-','Signature':'Microsoft Windows','SignatureStatus':'Valid','Signed':'true','User':'HOMELAB\\pparker','UtcTime':'2024-11-20 00:49:32.577'}",,"Microsoft Corporation",,,"Application Compatibility Client Library",,,,,,,,"10.0.19041.4957 (WinBuild.160101.0800)","MD5=578FB3C2014D90E7A2223E63415751FA,SHA256=FE3CDDC40B0755C09B2DE23CAF8149570CFA6E42718F5E8ECBEB2E0CB3731EE6,IMPHASH=65DBB3390FD393E7FF4C86B67987B82A","C:\Users\pparker\Downloads\DriverUpdate_1_2.exe","C:\Windows\SysWOW64\apphelp.dll",,,,,"Apphelp",,,,,,"{7b34ed3d-321c-673d-5906-000000000b00}","368","Microsoft® Windows® Operating System",,"-","Microsoft Windows","Valid","true",,,,,,,,,"HOMELAB\pparker","2024-11-20 00:49:32.577","{'Channel':'Microsoft-Windows-Sysmon/Operational','Computer':'HL-WS04.HOMELAB.local','Correlation':'','EventID':'7','EventRecordID':'42996','Execution':{'ProcessID':'2052','ThreadID':'3948'},'Keywords':'0x8000000000000000','Level':'4','Opcode':'0','Provider':{'Guid':'{5770385f-c22a-43e0-bf4c-06f5698ffbd9}','Name':'Microsoft-Windows-Sysmon'},'Security':{'UserID':'S-1-5-18'},'Task':'7','TimeCreated':{'SystemTime':'2024-11-20T00:49:32.5884354Z'},'Version':'3','_event_id':'7'}","7","Microsoft-Windows-Sysmon/Operational","HL-WS04.HOMELAB.local","","7","42996","{'ProcessID':'2052','ThreadID':'3948'}","2052","3948","0x8000000000000000","4","0","{'Guid':'{5770385f-c22a-43e0-bf4c-06f5698ffbd9}','Name':'Microsoft-Windows-Sysmon'}","{5770385f-c22a-43e0-bf4c-06f5698ffbd9}","Microsoft-Windows-Sysmon","S-1-5-18","7","2024-11-20T00:49:32.5884354Z","3","{'arch':2,'did':'','event_id':'cc2bd03f-52e0-4ed0-9970-5844e7b81a59','event_time':1732063727437,'event_type':'WEL','ext_ip':'108.171.103.70','hostname':'hl-ws04.homelab.local','iid':'7e99630d-d276-4169-bd11-c23115a848fa','int_ip':'10.100.100.133','moduleid':2,'oid':'27c3229e-7f58-40c8-ad1a-799ff00e1781','plat':268435456,'sid':'20884ef9-0b46-4a29-9d58-832837729b10','tags':['workstations'],'this':'b25fb32d3c4fc7381311dc66673d31ef'}",2,"","cc2bd03f-52e0-4ed0-9970-5844e7b81a59",1732063727437,"WEL","108.171.103.70","hl-ws04.homelab.local","7e99630d-d276-4169-bd11-c23115a848fa","10.100.100.133",2,"27c3229e-7f58-40c8-ad1a-799ff00e1781",268435456,"20884ef9-0b46-4a29-9d58-832837729b10","['workstations']","b25fb32d3c4fc7381311dc66673d31ef"
"2024-11-20 00:48:47","{'EventData':{'Company':'Microsoft Corporation','Description':'Windows Compatibility DLL','FileVersion':'10.0.19041.3636 (WinBuild.160101.0800)','Hashes':'MD5=CF79BA9D2AA40AA14A642FBC0F6870A1,SHA256=D0163EFB5CAF6BAA53AB8BD1FF3031F417636B9DA68CEC1676D294E4F7AC8FAA,IMPHASH=CFAC9AA030965DC89CAE24A8EFF928CC','Image':'C:\\Users\\pparker\\Downloads\\DriverUpdate_1_2.exe','ImageLoaded':'C:\\Windows\\SysWOW64\\AcGenral.dll','OriginalFileName':'\'AcGenral.dll\'','ProcessGuid':'{7b34ed3d-321c-673d-5906-000000000b00}','ProcessId':'368','Product':'Microsoft® Windows® Operating System','RuleName':'-','Signature':'Microsoft Windows','SignatureStatus':'Valid','Signed':'true','User':'HOMELAB\\pparker','UtcTime':'2024-11-20 00:49:32.577'},'System':{'Channel':'Microsoft-Windows-Sysmon/Operational','Computer':'HL-WS04.HOMELAB.local','Correlation':'','EventID':'7','EventRecordID':'42997','Execution':{'ProcessID':'2052','ThreadID':'3948'},'Keywords':'0x8000000000000000','Level':'4','Opcode':'0','Provider':{'Guid':'{5770385f-c22a-43e0-bf4c-06f5698ffbd9}','Name':'Microsoft-Windows-Sysmon'},'Security':{'UserID':'S-1-5-18'},'Task':'7','TimeCreated':{'SystemTime':'2024-11-20T00:49:32.5906319Z'},'Version':'3','_event_id':'7'}}","{'Company':'Microsoft Corporation','Description':'Windows Compatibility DLL','FileVersion':'10.0.19041.3636 (WinBuild.160101.0800)','Hashes':'MD5=CF79BA9D2AA40AA14A642FBC0F6870A1,SHA256=D0163EFB5CAF6BAA53AB8BD1FF3031F417636B9DA68CEC1676D294E4F7AC8FAA,IMPHASH=CFAC9AA030965DC89CAE24A8EFF928CC','Image':'C:\\Users\\pparker\\Downloads\\DriverUpdate_1_2.exe','ImageLoaded':'C:\\Windows\\SysWOW64\\AcGenral.dll','OriginalFileName':'\'AcGenral.dll\'','ProcessGuid':'{7b34ed3d-321c-673d-5906-000000000b00}','ProcessId':'368','Product':'Microsoft® Windows® Operating System','RuleName':'-','Signature':'Microsoft Windows','SignatureStatus':'Valid','Signed':'true','User':'HOMELAB\\pparker','UtcTime':'2024-11-20 00:49:32.577'}",,"Microsoft Corporation",,,"Windows Compatibility DLL",,,,,,,,"10.0.19041.3636 (WinBuild.160101.0800)","MD5=CF79BA9D2AA40AA14A642FBC0F6870A1,SHA256=D0163EFB5CAF6BAA53AB8BD1FF3031F417636B9DA68CEC1676D294E4F7AC8FAA,IMPHASH=CFAC9AA030965DC89CAE24A8EFF928CC","C:\Users\pparker\Downloads\DriverUpdate_1_2.exe","C:\Windows\SysWOW64\AcGenral.dll",,,,,"'AcGenral.dll'",,,,,,"{7b34ed3d-321c-673d-5906-000000000b00}","368","Microsoft® Windows® Operating System",,"-","Microsoft Windows","Valid","true",,,,,,,,,"HOMELAB\pparker","2024-11-20 00:49:32.577","{'Channel':'Microsoft-Windows-Sysmon/Operational','Computer':'HL-WS04.HOMELAB.local','Correlation':'','EventID':'7','EventRecordID':'42997','Execution':{'ProcessID':'2052','ThreadID':'3948'},'Keywords':'0x8000000000000000','Level':'4','Opcode':'0','Provider':{'Guid':'{5770385f-c22a-43e0-bf4c-06f5698ffbd9}','Name':'Microsoft-Windows-Sysmon'},'Security':{'UserID':'S-1-5-18'},'Task':'7','TimeCreated':{'SystemTime':'2024-11-20T00:49:32.5906319Z'},'Version':'3','_event_id':'7'}","7","Microsoft-Windows-Sysmon/Operational","HL-WS04.HOMELAB.local","","7","42997","{'ProcessID':'2052','ThreadID':'3948'}","2052","3948","0x8000000000000000","4","0","{'Guid':'{5770385f-c22a-43e0-bf4c-06f5698ffbd9}','Name':'Microsoft-Windows-Sysmon'}","{5770385f-c22a-43e0-bf4c-06f5698ffbd9}","Microsoft-Windows-Sysmon","S-1-5-18","7","2024-11-20T00:49:32.5906319Z","3","{'arch':2,'did':'','event_id':'19875df4-5433-46fb-87a4-781c8dbfd265','event_time':1732063727437,'event_type':'WEL','ext_ip':'108.171.103.70','hostname':'hl-ws04.homelab.local','iid':'7e99630d-d276-4169-bd11-c23115a848fa','int_ip':'10.100.100.133','moduleid':2,'oid':'27c3229e-7f58-40c8-ad1a-799ff00e1781','plat':268435456,'sid':'20884ef9-0b46-4a29-9d58-832837729b10','tags':['workstations'],'this':'a05077324ea8c89f81cb4b72673d31ef'}",2,"","19875df4-5433-46fb-87a4-781c8dbfd265",1732063727437,"WEL","108.171.103.70","hl-ws04.homelab.local","7e99630d-d276-4169-bd11-c23115a848fa","10.100.100.133",2,"27c3229e-7f58-40c8-ad1a-799ff00e1781",268435456,"20884ef9-0b46-4a29-9d58-832837729b10","['workstations']","a05077324ea8c89f81cb4b72673d31ef"
"2024-11-20 00:48:47","{'EventData':{'Company':'Microsoft Corporation','Description':'Windows NT CRT DLL','FileVersion':'7.0.19041.3636 (WinBuild.160101.0800)','Hashes':'MD5=C7815C121632E8CE3AD8019F2C1FF910,SHA256=C1BE919E7DE267ED2FCFBB4DA52AAD912CB468069B58B6A00198FF3C525373A0,IMPHASH=C3F466EF7F4926CB29A80701AE643FD4','Image':'C:\\Users\\pparker\\Downloads\\DriverUpdate_1_2.exe','ImageLoaded':'C:\\Windows\\SysWOW64\\msvcrt.dll','OriginalFileName':'msvcrt.dll','ProcessGuid':'{7b34ed3d-321c-673d-5906-000000000b00}','ProcessId':'368','Product':'Microsoft® Windows® Operating System','RuleName':'-','Signature':'Microsoft Windows','SignatureStatus':'Valid','Signed':'true','User':'HOMELAB\\pparker','UtcTime':'2024-11-20 00:49:32.593'},'System':{'Channel':'Microsoft-Windows-Sysmon/Operational','Computer':'HL-WS04.HOMELAB.local','Correlation':'','EventID':'7','EventRecordID':'42998','Execution':{'ProcessID':'2052','ThreadID':'3948'},'Keywords':'0x8000000000000000','Level':'4','Opcode':'0','Provider':{'Guid':'{5770385f-c22a-43e0-bf4c-06f5698ffbd9}','Name':'Microsoft-Windows-Sysmon'},'Security':{'UserID':'S-1-5-18'},'Task':'7','TimeCreated':{'SystemTime':'2024-11-20T00:49:32.6013287Z'},'Version':'3','_event_id':'7'}}","{'Company':'Microsoft Corporation','Description':'Windows NT CRT DLL','FileVersion':'7.0.19041.3636 (WinBuild.160101.0800)','Hashes':'MD5=C7815C121632E8CE3AD8019F2C1FF910,SHA256=C1BE919E7DE267ED2FCFBB4DA52AAD912CB468069B58B6A00198FF3C525373A0,IMPHASH=C3F466EF7F4926CB29A80701AE643FD4','Image':'C:\\Users\\pparker\\Downloads\\DriverUpdate_1_2.exe','ImageLoaded':'C:\\Windows\\SysWOW64\\msvcrt.dll','OriginalFileName':'msvcrt.dll','ProcessGuid':'{7b34ed3d-321c-673d-5906-000000000b00}','ProcessId':'368','Product':'Microsoft® Windows® Operating System','RuleName':'-','Signature':'Microsoft Windows','SignatureStatus':'Valid','Signed':'true','User':'HOMELAB\\pparker','UtcTime':'2024-11-20 00:49:32.593'}",,"Microsoft Corporation",,,"Windows NT CRT DLL",,,,,,,,"7.0.19041.3636 (WinBuild.160101.0800)","MD5=C7815C121632E8CE3AD8019F2C1FF910,SHA256=C1BE919E7DE267ED2FCFBB4DA52AAD912CB468069B58B6A00198FF3C525373A0,IMPHASH=C3F466EF7F4926CB29A80701AE643FD4","C:\Users\pparker\Downloads\DriverUpdate_1_2.exe","C:\Windows\SysWOW64\msvcrt.dll",,,,,"msvcrt.dll",,,,,,"{7b34ed3d-321c-673d-5906-000000000b00}","368","Microsoft® Windows® Operating System",,"-","Microsoft Windows","Valid","true",,,,,,,,,"HOMELAB\pparker","2024-11-20 00:49:32.593","{'Channel':'Microsoft-Windows-Sysmon/Operational','Computer':'HL-WS04.HOMELAB.local','Correlation':'','EventID':'7','EventRecordID':'42998','Execution':{'ProcessID':'2052','ThreadID':'3948'},'Keywords':'0x8000000000000000','Level':'4','Opcode':'0','Provider':{'Guid':'{5770385f-c22a-43e0-bf4c-06f5698ffbd9}','Name':'Microsoft-Windows-Sysmon'},'Security':{'UserID':'S-1-5-18'},'Task':'7','TimeCreated':{'SystemTime':'2024-11-20T00:49:32.6013287Z'},'Version':'3','_event_id':'7'}","7","Microsoft-Windows-Sysmon/Operational","HL-WS04.HOMELAB.local","","7","42998","{'ProcessID':'2052','ThreadID':'3948'}","2052","3948","0x8000000000000000","4","0","{'Guid':'{5770385f-c22a-43e0-bf4c-06f5698ffbd9}','Name':'Microsoft-Windows-Sysmon'}","{5770385f-c22a-43e0-bf4c-06f5698ffbd9}","Microsoft-Windows-Sysmon","S-1-5-18","7","2024-11-20T00:49:32.6013287Z","3","{'arch':2,'did':'','event_id':'8f24494c-272c-487b-8533-2c240d6409d2','event_time':1732063727437,'event_type':'WEL','ext_ip':'108.171.103.70','hostname':'hl-ws04.homelab.local','iid':'7e99630d-d276-4169-bd11-c23115a848fa','int_ip':'10.100.100.133','moduleid':2,'oid':'27c3229e-7f58-40c8-ad1a-799ff00e1781','plat':268435456,'sid':'20884ef9-0b46-4a29-9d58-832837729b10','tags':['workstations'],'this':'5f5ee84b5103b84c7eb94b0f673d31ef'}",2,"","8f24494c-272c-487b-8533-2c240d6409d2",1732063727437,"WEL","108.171.103.70","hl-ws04.homelab.local","7e99630d-d276-4169-bd11-c23115a848fa","10.100.100.133",2,"27c3229e-7f58-40c8-ad1a-799ff00e1781",268435456,"20884ef9-0b46-4a29-9d58-832837729b10","['workstations']","5f5ee84b5103b84c7eb94b0f673d31ef"
"2024-11-20 00:48:47","{'EventData':{'Company':'Microsoft Corporation','Description':'Host for SCM/SDDL/LSA Lookup APIs','FileVersion':'10.0.19041.4597 (WinBuild.160101.0800)','Hashes':'MD5=E6B0765B7823EA662C41CD6C424C409B,SHA256=9D0A639F101186E19B2DC6463905DEB4769181E2D669DF3F5D74AE9D8FEAFB0A,IMPHASH=42F5B94EBC84B0E2EC2AA9D30BA344E7','Image':'C:\\Users\\pparker\\Downloads\\DriverUpdate_1_2.exe','ImageLoaded':'C:\\Windows\\SysWOW64\\sechost.dll','OriginalFileName':'sechost.dll','ProcessGuid':'{7b34ed3d-321c-673d-5906-000000000b00}','ProcessId':'368','Product':'Microsoft® Windows® Operating System','RuleName':'-','Signature':'Microsoft Windows','SignatureStatus':'Valid','Signed':'true','User':'HOMELAB\\pparker','UtcTime':'2024-11-20 00:49:32.599'},'System':{'Channel':'Microsoft-Windows-Sysmon/Operational','Computer':'HL-WS04.HOMELAB.local','Correlation':'','EventID':'7','EventRecordID':'42999','Execution':{'ProcessID':'2052','ThreadID':'3948'},'Keywords':'0x8000000000000000','Level':'4','Opcode':'0','Provider':{'Guid':'{5770385f-c22a-43e0-bf4c-06f5698ffbd9}','Name':'Microsoft-Windows-Sysmon'},'Security':{'UserID':'S-1-5-18'},'Task':'7','TimeCreated':{'SystemTime':'2024-11-20T00:49:32.6017720Z'},'Version':'3','_event_id':'7'}}","{'Company':'Microsoft Corporation','Description':'Host for SCM/SDDL/LSA Lookup APIs','FileVersion':'10.0.19041.4597 (WinBuild.160101.0800)','Hashes':'MD5=E6B0765B7823EA662C41CD6C424C409B,SHA256=9D0A639F101186E19B2DC6463905DEB4769181E2D669DF3F5D74AE9D8FEAFB0A,IMPHASH=42F5B94EBC84B0E2EC2AA9D30BA344E7','Image':'C:\\Users\\pparker\\Downloads\\DriverUpdate_1_2.exe','ImageLoaded':'C:\\Windows\\SysWOW64\\sechost.dll','OriginalFileName':'sechost.dll','ProcessGuid':'{7b34ed3d-321c-673d-5906-000000000b00}','ProcessId':'368','Product':'Microsoft® Windows® Operating System','RuleName':'-','Signature':'Microsoft Windows','SignatureStatus':'Valid','Signed':'true','User':'HOMELAB\\pparker','UtcTime':'2024-11-20 00:49:32.599'}",,"Microsoft Corporation",,,"Host for SCM/SDDL/LSA Lookup APIs",,,,,,,,"10.0.19041.4597 (WinBuild.160101.0800)","MD5=E6B0765B7823EA662C41CD6C424C409B,SHA256=9D0A639F101186E19B2DC6463905DEB4769181E2D669DF3F5D74AE9D8FEAFB0A,IMPHASH=42F5B94EBC84B0E2EC2AA9D30BA344E7","C:\Users\pparker\Downloads\DriverUpdate_1_2.exe","C:\Windows\SysWOW64\sechost.dll",,,,,"sechost.dll",,,,,,"{7b34ed3d-321c-673d-5906-000000000b00}","368","Microsoft® Windows® Operating System",,"-","Microsoft Windows","Valid","true",,,,,,,,,"HOMELAB\pparker","2024-11-20 00:49:32.599","{'Channel':'Microsoft-Windows-Sysmon/Operational','Computer':'HL-WS04.HOMELAB.local','Correlation':'','EventID':'7','EventRecordID':'42999','Execution':{'ProcessID':'2052','ThreadID':'3948'},'Keywords':'0x8000000000000000','Level':'4','Opcode':'0','Provider':{'Guid':'{5770385f-c22a-43e0-bf4c-06f5698ffbd9}','Name':'Microsoft-Windows-Sysmon'},'Security':{'UserID':'S-1-5-18'},'Task':'7','TimeCreated':{'SystemTime':'2024-11-20T00:49:32.6017720Z'},'Version':'3','_event_id':'7'}","7","Microsoft-Windows-Sysmon/Operational","HL-WS04.HOMELAB.local","","7","42999","{'ProcessID':'2052','ThreadID':'3948'}","2052","3948","0x8000000000000000","4","0","{'Guid':'{5770385f-c22a-43e0-bf4c-06f5698ffbd9}','Name':'Microsoft-Windows-Sysmon'}","{5770385f-c22a-43e0-bf4c-06f5698ffbd9}","Microsoft-Windows-Sysmon","S-1-5-18","7","2024-11-20T00:49:32.6017720Z","3","{'arch':2,'did':'','event_id':'3a5454f5-1938-4362-b749-ef67de84d068','event_time':1732063727437,'event_type':'WEL','ext_ip':'108.171.103.70','hostname':'hl-ws04.homelab.local','iid':'7e99630d-d276-4169-bd11-c23115a848fa','int_ip':'10.100.100.133','moduleid':2,'oid':'27c3229e-7f58-40c8-ad1a-799ff00e1781','plat':268435456,'sid':'20884ef9-0b46-4a29-9d58-832837729b10','tags':['workstations'],'this':'296e9d32bcc0332bea3eda72673d31ef'}",2,"","3a5454f5-1938-4362-b749-ef67de84d068",1732063727437,"WEL","108.171.103.70","hl-ws04.homelab.local","7e99630d-d276-4169-bd11-c23115a848fa","10.100.100.133",2,"27c3229e-7f58-40c8-ad1a-799ff00e1781",268435456,"20884ef9-0b46-4a29-9d58-832837729b10","['workstations']","296e9d32bcc0332bea3eda72673d31ef"
"2024-11-20 00:48:47","{'EventData':{'Company':'Microsoft Corporation','Description':'Remote Procedure Call Runtime','FileVersion':'10.0.19041.4957 (WinBuild.160101.0800)','Hashes':'MD5=F234A2926A772EC10715D20DE8007CFD,SHA256=26D089FC190A9E34AEB1E9DBA49F2C88D802E17801999527D960DA24114BAF0D,IMPHASH=15D5DF23DC41C8C2FE52E82BF924BFFC','Image':'C:\\Users\\pparker\\Downloads\\DriverUpdate_1_2.exe','ImageLoaded':'C:\\Windows\\SysWOW64\\rpcrt4.dll','OriginalFileName':'rpcrt4.dll','ProcessGuid':'{7b34ed3d-321c-673d-5906-000000000b00}','ProcessId':'368','Product':'Microsoft® Windows® Operating System','RuleName':'-','Signature':'Microsoft Windows','SignatureStatus':'Valid','Signed':'true','User':'HOMELAB\\pparker','UtcTime':'2024-11-20 00:49:32.599'},'System':{'Channel':'Microsoft-Windows-Sysmon/Operational','Computer':'HL-WS04.HOMELAB.local','Correlation':'','EventID':'7','EventRecordID':'43000','Execution':{'ProcessID':'2052','ThreadID':'3948'},'Keywords':'0x8000000000000000','Level':'4','Opcode':'0','Provider':{'Guid':'{5770385f-c22a-43e0-bf4c-06f5698ffbd9}','Name':'Microsoft-Windows-Sysmon'},'Security':{'UserID':'S-1-5-18'},'Task':'7','TimeCreated':{'SystemTime':'2024-11-20T00:49:32.6068373Z'},'Version':'3','_event_id':'7'}}","{'Company':'Microsoft Corporation','Description':'Remote Procedure Call Runtime','FileVersion':'10.0.19041.4957 (WinBuild.160101.0800)','Hashes':'MD5=F234A2926A772EC10715D20DE8007CFD,SHA256=26D089FC190A9E34AEB1E9DBA49F2C88D802E17801999527D960DA24114BAF0D,IMPHASH=15D5DF23DC41C8C2FE52E82BF924BFFC','Image':'C:\\Users\\pparker\\Downloads\\DriverUpdate_1_2.exe','ImageLoaded':'C:\\Windows\\SysWOW64\\rpcrt4.dll','OriginalFileName':'rpcrt4.dll','ProcessGuid':'{7b34ed3d-321c-673d-5906-000000000b00}','ProcessId':'368','Product':'Microsoft® Windows® Operating System','RuleName':'-','Signature':'Microsoft Windows','SignatureStatus':'Valid','Signed':'true','User':'HOMELAB\\pparker','UtcTime':'2024-11-20 00:49:32.599'}",,"Microsoft Corporation",,,"Remote Procedure Call Runtime",,,,,,,,"10.0.19041.4957 (WinBuild.160101.0800)","MD5=F234A2926A772EC10715D20DE8007CFD,SHA256=26D089FC190A9E34AEB1E9DBA49F2C88D802E17801999527D960DA24114BAF0D,IMPHASH=15D5DF23DC41C8C2FE52E82BF924BFFC","C:\Users\pparker\Downloads\DriverUpdate_1_2.exe","C:\Windows\SysWOW64\rpcrt4.dll",,,,,"rpcrt4.dll",,,,,,"{7b34ed3d-321c-673d-5906-000000000b00}","368","Microsoft® Windows® Operating System",,"-","Microsoft Windows","Valid","true",,,,,,,,,"HOMELAB\pparker","2024-11-20 00:49:32.599","{'Channel':'Microsoft-Windows-Sysmon/Operational','Computer':'HL-WS04.HOMELAB.local','Correlation':'','EventID':'7','EventRecordID':'43000','Execution':{'ProcessID':'2052','ThreadID':'3948'},'Keywords':'0x8000000000000000','Level':'4','Opcode':'0','Provider':{'Guid':'{5770385f-c22a-43e0-bf4c-06f5698ffbd9}','Name':'Microsoft-Windows-Sysmon'},'Security':{'UserID':'S-1-5-18'},'Task':'7','TimeCreated':{'SystemTime':'2024-11-20T00:49:32.6068373Z'},'Version':'3','_event_id':'7'}","7","Microsoft-Windows-Sysmon/Operational","HL-WS04.HOMELAB.local","","7","43000","{'ProcessID':'2052','ThreadID':'3948'}","2052","3948","0x8000000000000000","4","0","{'Guid':'{5770385f-c22a-43e0-bf4c-06f5698ffbd9}','Name':'Microsoft-Windows-Sysmon'}","{5770385f-c22a-43e0-bf4c-06f5698ffbd9}","Microsoft-Windows-Sysmon","S-1-5-18","7","2024-11-20T00:49:32.6068373Z","3","{'arch':2,'did':'','event_id':'a19cbb0c-623c-4518-8c8b-39c5d8bc489c','event_time':1732063727437,'event_type':'WEL','ext_ip':'108.171.103.70','hostname':'hl-ws04.homelab.local','iid':'7e99630d-d276-4169-bd11-c23115a848fa','int_ip':'10.100.100.133','moduleid':2,'oid':'27c3229e-7f58-40c8-ad1a-799ff00e1781','plat':268435456,'sid':'20884ef9-0b46-4a29-9d58-832837729b10','tags':['workstations'],'this':'f91ab21e3221e41215ca6aa7673d31ef'}",2,"","a19cbb0c-623c-4518-8c8b-39c5d8bc489c",1732063727437,"WEL","108.171.103.70","hl-ws04.homelab.local","7e99630d-d276-4169-bd11-c23115a848fa","10.100.100.133",2,"27c3229e-7f58-40c8-ad1a-799ff00e1781",268435456,"20884ef9-0b46-4a29-9d58-832837729b10","['workstations']","f91ab21e3221e41215ca6aa7673d31ef"
"2024-11-20 00:48:47","{'EventData':{'Company':'Microsoft Corporation','Description':'Windows Cryptographic Primitives Library (Wow64)','FileVersion':'10.0.19041.3636 (WinBuild.160101.0800)','Hashes':'MD5=0971A56F462273CD81B76613F51B5580,SHA256=85D1979FF9C67865693BA050470DABFB39B3CCB105FBA755BF5626B9BBD450EF,IMPHASH=B6A247BEBBE359A2C85C40344E34AB03','Image':'C:\\Users\\pparker\\Downloads\\DriverUpdate_1_2.exe','ImageLoaded':'C:\\Windows\\SysWOW64\\bcrypt.dll','OriginalFileName':'bcrypt.dll','ProcessGuid':'{7b34ed3d-321c-673d-5906-000000000b00}','ProcessId':'368','Product':'Microsoft® Windows® Operating System','RuleName':'-','Signature':'Microsoft Windows','SignatureStatus':'Valid','Signed':'true','User':'HOMELAB\\pparker','UtcTime':'2024-11-20 00:49:32.599'},'System':{'Channel':'Microsoft-Windows-Sysmon/Operational','Computer':'HL-WS04.HOMELAB.local','Correlation':'','EventID':'7','EventRecordID':'43001','Execution':{'ProcessID':'2052','ThreadID':'3948'},'Keywords':'0x8000000000000000','Level':'4','Opcode':'0','Provider':{'Guid':'{5770385f-c22a-43e0-bf4c-06f5698ffbd9}','Name':'Microsoft-Windows-Sysmon'},'Security':{'UserID':'S-1-5-18'},'Task':'7','TimeCreated':{'SystemTime':'2024-11-20T00:49:32.6079431Z'},'Version':'3','_event_id':'7'}}","{'Company':'Microsoft Corporation','Description':'Windows Cryptographic Primitives Library (Wow64)','FileVersion':'10.0.19041.3636 (WinBuild.160101.0800)','Hashes':'MD5=0971A56F462273CD81B76613F51B5580,SHA256=85D1979FF9C67865693BA050470DABFB39B3CCB105FBA755BF5626B9BBD450EF,IMPHASH=B6A247BEBBE359A2C85C40344E34AB03','Image':'C:\\Users\\pparker\\Downloads\\DriverUpdate_1_2.exe','ImageLoaded':'C:\\Windows\\SysWOW64\\bcrypt.dll','OriginalFileName':'bcrypt.dll','ProcessGuid':'{7b34ed3d-321c-673d-5906-000000000b00}','ProcessId':'368','Product':'Microsoft® Windows® Operating System','RuleName':'-','Signature':'Microsoft Windows','SignatureStatus':'Valid','Signed':'true','User':'HOMELAB\\pparker','UtcTime':'2024-11-20 00:49:32.599'}",,"Microsoft Corporation",,,"Windows Cryptographic Primitives Library (Wow64)",,,,,,,,"10.0.19041.3636 (WinBuild.160101.0800)","MD5=0971A56F462273CD81B76613F51B5580,SHA256=85D1979FF9C67865693BA050470DABFB39B3CCB105FBA755BF5626B9BBD450EF,IMPHASH=B6A247BEBBE359A2C85C40344E34AB03","C:\Users\pparker\Downloads\DriverUpdate_1_2.exe","C:\Windows\SysWOW64\bcrypt.dll",,,,,"bcrypt.dll",,,,,,"{7b34ed3d-321c-673d-5906-000000000b00}","368","Microsoft® Windows® Operating System",,"-","Microsoft Windows","Valid","true",,,,,,,,,"HOMELAB\pparker","2024-11-20 00:49:32.599","{'Channel':'Microsoft-Windows-Sysmon/Operational','Computer':'HL-WS04.HOMELAB.local','Correlation':'','EventID':'7','EventRecordID':'43001','Execution':{'ProcessID':'2052','ThreadID':'3948'},'Keywords':'0x8000000000000000','Level':'4','Opcode':'0','Provider':{'Guid':'{5770385f-c22a-43e0-bf4c-06f5698ffbd9}','Name':'Microsoft-Windows-Sysmon'},'Security':{'UserID':'S-1-5-18'},'Task':'7','TimeCreated':{'SystemTime':'2024-11-20T00:49:32.6079431Z'},'Version':'3','_event_id':'7'}","7","Microsoft-Windows-Sysmon/Operational","HL-WS04.HOMELAB.local","","7","43001","{'ProcessID':'2052','ThreadID':'3948'}","2052","3948","0x8000000000000000","4","0","{'Guid':'{5770385f-c22a-43e0-bf4c-06f5698ffbd9}','Name':'Microsoft-Windows-Sysmon'}","{5770385f-c22a-43e0-bf4c-06f5698ffbd9}","Microsoft-Windows-Sysmon","S-1-5-18","7","2024-11-20T00:49:32.6079431Z","3","{'arch':2,'did':'','event_id':'4ab85231-c1b5-4af5-85f9-78adb148c9ae','event_time':1732063727437,'event_type':'WEL','ext_ip':'108.171.103.70','hostname':'hl-ws04.homelab.local','iid':'7e99630d-d276-4169-bd11-c23115a848fa','int_ip':'10.100.100.133','moduleid':2,'oid':'27c3229e-7f58-40c8-ad1a-799ff00e1781','plat':268435456,'sid':'20884ef9-0b46-4a29-9d58-832837729b10','tags':['workstations'],'this':'49879b3363c6dd1aa6f089d3673d31ef'}",2,"","4ab85231-c1b5-4af5-85f9-78adb148c9ae",1732063727437,"WEL","108.171.103.70","hl-ws04.homelab.local","7e99630d-d276-4169-bd11-c23115a848fa","10.100.100.133",2,"27c3229e-7f58-40c8-ad1a-799ff00e1781",268435456,"20884ef9-0b46-4a29-9d58-832837729b10","['workstations']","49879b3363c6dd1aa6f089d3673d31ef"
"2024-11-20 00:48:47","{'EventData':{'Company':'Microsoft Corporation','Description':'Shell Light-weight Utility Library','FileVersion':'10.0.19041.4355 (WinBuild.160101.0800)','Hashes':'MD5=9307CA03DEB012AAD98106D947BA6C7C,SHA256=549AEB1CAA35B334B036E36F4CF52EDA865F073830648D83E937AD909541E605,IMPHASH=69D5E7624245207078FE54B3CC3D1AC0','Image':'C:\\Users\\pparker\\Downloads\\DriverUpdate_1_2.exe','ImageLoaded':'C:\\Windows\\SysWOW64\\shlwapi.dll','OriginalFileName':'SHLWAPI.DLL','ProcessGuid':'{7b34ed3d-321c-673d-5906-000000000b00}','ProcessId':'368','Product':'Microsoft® Windows® Operating System','RuleName':'-','Signature':'Microsoft Windows','SignatureStatus':'Valid','Signed':'true','User':'HOMELAB\\pparker','UtcTime':'2024-11-20 00:49:32.599'},'System':{'Channel':'Microsoft-Windows-Sysmon/Operational','Computer':'HL-WS04.HOMELAB.local','Correlation':'','EventID':'7','EventRecordID':'43002','Execution':{'ProcessID':'2052','ThreadID':'3948'},'Keywords':'0x8000000000000000','Level':'4','Opcode':'0','Provider':{'Guid':'{5770385f-c22a-43e0-bf4c-06f5698ffbd9}','Name':'Microsoft-Windows-Sysmon'},'Security':{'UserID':'S-1-5-18'},'Task':'7','TimeCreated':{'SystemTime':'2024-11-20T00:49:32.6104273Z'},'Version':'3','_event_id':'7'}}","{'Company':'Microsoft Corporation','Description':'Shell Light-weight Utility Library','FileVersion':'10.0.19041.4355 (WinBuild.160101.0800)','Hashes':'MD5=9307CA03DEB012AAD98106D947BA6C7C,SHA256=549AEB1CAA35B334B036E36F4CF52EDA865F073830648D83E937AD909541E605,IMPHASH=69D5E7624245207078FE54B3CC3D1AC0','Image':'C:\\Users\\pparker\\Downloads\\DriverUpdate_1_2.exe','ImageLoaded':'C:\\Windows\\SysWOW64\\shlwapi.dll','OriginalFileName':'SHLWAPI.DLL','ProcessGuid':'{7b34ed3d-321c-673d-5906-000000000b00}','ProcessId':'368','Product':'Microsoft® Windows® Operating System','RuleName':'-','Signature':'Microsoft Windows','SignatureStatus':'Valid','Signed':'true','User':'HOMELAB\\pparker','UtcTime':'2024-11-20 00:49:32.599'}",,"Microsoft Corporation",,,"Shell Light-weight Utility Library",,,,,,,,"10.0.19041.4355 (WinBuild.160101.0800)","MD5=9307CA03DEB012AAD98106D947BA6C7C,SHA256=549AEB1CAA35B334B036E36F4CF52EDA865F073830648D83E937AD909541E605,IMPHASH=69D5E7624245207078FE54B3CC3D1AC0","C:\Users\pparker\Downloads\DriverUpdate_1_2.exe","C:\Windows\SysWOW64\shlwapi.dll",,,,,"SHLWAPI.DLL",,,,,,"{7b34ed3d-321c-673d-5906-000000000b00}","368","Microsoft® Windows® Operating System",,"-","Microsoft Windows","Valid","true",,,,,,,,,"HOMELAB\pparker","2024-11-20 00:49:32.599","{'Channel':'Microsoft-Windows-Sysmon/Operational','Computer':'HL-WS04.HOMELAB.local','Correlation':'','EventID':'7','EventRecordID':'43002','Execution':{'ProcessID':'2052','ThreadID':'3948'},'Keywords':'0x8000000000000000','Level':'4','Opcode':'0','Provider':{'Guid':'{5770385f-c22a-43e0-bf4c-06f5698ffbd9}','Name':'Microsoft-Windows-Sysmon'},'Security':{'UserID':'S-1-5-18'},'Task':'7','TimeCreated':{'SystemTime':'2024-11-20T00:49:32.6104273Z'},'Version':'3','_event_id':'7'}","7","Microsoft-Windows-Sysmon/Operational","HL-WS04.HOMELAB.local","","7","43002","{'ProcessID':'2052','ThreadID':'3948'}","2052","3948","0x8000000000000000","4","0","{'Guid':'{5770385f-c22a-43e0-bf4c-06f5698ffbd9}','Name':'Microsoft-Windows-Sysmon'}","{5770385f-c22a-43e0-bf4c-06f5698ffbd9}","Microsoft-Windows-Sysmon","S-1-5-18","7","2024-11-20T00:49:32.6104273Z","3","{'arch':2,'did':'','event_id':'60f44eb1-f482-4ab5-8137-5a6033018b61','event_time':1732063727437,'event_type':'WEL','ext_ip':'108.171.103.70','hostname':'hl-ws04.homelab.local','iid':'7e99630d-d276-4169-bd11-c23115a848fa','int_ip':'10.100.100.133','moduleid':2,'oid':'27c3229e-7f58-40c8-ad1a-799ff00e1781','plat':268435456,'sid':'20884ef9-0b46-4a29-9d58-832837729b10','tags':['workstations'],'this':'55810954aa3f1ebe6d84ed66673d31ef'}",2,"","60f44eb1-f482-4ab5-8137-5a6033018b61",1732063727437,"WEL","108.171.103.70","hl-ws04.homelab.local","7e99630d-d276-4169-bd11-c23115a848fa","10.100.100.133",2,"27c3229e-7f58-40c8-ad1a-799ff00e1781",268435456,"20884ef9-0b46-4a29-9d58-832837729b10","['workstations']","55810954aa3f1ebe6d84ed66673d31ef"
"2024-11-20 00:48:47","{'EventData':{'Company':'Microsoft Corporation','Description':'Multi-User Windows USER API Client DLL','FileVersion':'10.0.19041.5007 (WinBuild.160101.0800)','Hashes':'MD5=8C16D1E30535FC070A80315013E0D847,SHA256=7A41E66F592439DD2A2AC24A4CEA3C785D4712D11FDD2220F38A5178F038AA0D,IMPHASH=D3A0F6EDE596DAF46B66AEC0B3A2D4D5','Image':'C:\\Users\\pparker\\Downloads\\DriverUpdate_1_2.exe','ImageLoaded':'C:\\Windows\\SysWOW64\\user32.dll','OriginalFileName':'user32','ProcessGuid':'{7b34ed3d-321c-673d-5906-000000000b00}','ProcessId':'368','Product':'Microsoft® Windows® Operating System','RuleName':'-','Signature':'Microsoft Windows','SignatureStatus':'Valid','Signed':'true','User':'HOMELAB\\pparker','UtcTime':'2024-11-20 00:49:32.615'},'System':{'Channel':'Microsoft-Windows-Sysmon/Operational','Computer':'HL-WS04.HOMELAB.local','Correlation':'','EventID':'7','EventRecordID':'43003','Execution':{'ProcessID':'2052','ThreadID':'3948'},'Keywords':'0x8000000000000000','Level':'4','Opcode':'0','Provider':{'Guid':'{5770385f-c22a-43e0-bf4c-06f5698ffbd9}','Name':'Microsoft-Windows-Sysmon'},'Security':{'UserID':'S-1-5-18'},'Task':'7','TimeCreated':{'SystemTime':'2024-11-20T00:49:32.6234459Z'},'Version':'3','_event_id':'7'}}","{'Company':'Microsoft Corporation','Description':'Multi-User Windows USER API Client DLL','FileVersion':'10.0.19041.5007 (WinBuild.160101.0800)','Hashes':'MD5=8C16D1E30535FC070A80315013E0D847,SHA256=7A41E66F592439DD2A2AC24A4CEA3C785D4712D11FDD2220F38A5178F038AA0D,IMPHASH=D3A0F6EDE596DAF46B66AEC0B3A2D4D5','Image':'C:\\Users\\pparker\\Downloads\\DriverUpdate_1_2.exe','ImageLoaded':'C:\\Windows\\SysWOW64\\user32.dll','OriginalFileName':'user32','ProcessGuid':'{7b34ed3d-321c-673d-5906-000000000b00}','ProcessId':'368','Product':'Microsoft® Windows® Operating System','RuleName':'-','Signature':'Microsoft Windows','SignatureStatus':'Valid','Signed':'true','User':'HOMELAB\\pparker','UtcTime':'2024-11-20 00:49:32.615'}",,"Microsoft Corporation",,,"Multi-User Windows USER API Client DLL",,,,,,,,"10.0.19041.5007 (WinBuild.160101.0800)","MD5=8C16D1E30535FC070A80315013E0D847,SHA256=7A41E66F592439DD2A2AC24A4CEA3C785D4712D11FDD2220F38A5178F038AA0D,IMPHASH=D3A0F6EDE596DAF46B66AEC0B3A2D4D5","C:\Users\pparker\Downloads\DriverUpdate_1_2.exe","C:\Windows\SysWOW64\user32.dll",,,,,"user32",,,,,,"{7b34ed3d-321c-673d-5906-000000000b00}","368","Microsoft® Windows® Operating System",,"-","Microsoft Windows","Valid","true",,,,,,,,,"HOMELAB\pparker","2024-11-20 00:49:32.615","{'Channel':'Microsoft-Windows-Sysmon/Operational','Computer':'HL-WS04.HOMELAB.local','Correlation':'','EventID':'7','EventRecordID':'43003','Execution':{'ProcessID':'2052','ThreadID':'3948'},'Keywords':'0x8000000000000000','Level':'4','Opcode':'0','Provider':{'Guid':'{5770385f-c22a-43e0-bf4c-06f5698ffbd9}','Name':'Microsoft-Windows-Sysmon'},'Security':{'UserID':'S-1-5-18'},'Task':'7','TimeCreated':{'SystemTime':'2024-11-20T00:49:32.6234459Z'},'Version':'3','_event_id':'7'}","7","Microsoft-Windows-Sysmon/Operational","HL-WS04.HOMELAB.local","","7","43003","{'ProcessID':'2052','ThreadID':'3948'}","2052","3948","0x8000000000000000","4","0","{'Guid':'{5770385f-c22a-43e0-bf4c-06f5698ffbd9}','Name':'Microsoft-Windows-Sysmon'}","{5770385f-c22a-43e0-bf4c-06f5698ffbd9}","Microsoft-Windows-Sysmon","S-1-5-18","7","2024-11-20T00:49:32.6234459Z","3","{'arch':2,'did':'','event_id':'98e5928a-93ce-4778-8fa7-a1c39523cbb8','event_time':1732063727437,'event_type':'WEL','ext_ip':'108.171.103.70','hostname':'hl-ws04.homelab.local','iid':'7e99630d-d276-4169-bd11-c23115a848fa','int_ip':'10.100.100.133','moduleid':2,'oid':'27c3229e-7f58-40c8-ad1a-799ff00e1781','plat':268435456,'sid':'20884ef9-0b46-4a29-9d58-832837729b10','tags':['workstations'],'this':'e661a7474e1baa21d932d902673d31ef'}",2,"","98e5928a-93ce-4778-8fa7-a1c39523cbb8",1732063727437,"WEL","108.171.103.70","hl-ws04.homelab.local","7e99630d-d276-4169-bd11-c23115a848fa","10.100.100.133",2,"27c3229e-7f58-40c8-ad1a-799ff00e1781",268435456,"20884ef9-0b46-4a29-9d58-832837729b10","['workstations']","e661a7474e1baa21d932d902673d31ef"
"2024-11-20 00:48:47","{'EventData':{'Company':'Microsoft Corporation','Description':'Win32u','FileVersion':'10.0.19041.5007 (WinBuild.160101.0800)','Hashes':'MD5=DCE84A117C01847D8E548B73DA3F04BC,SHA256=20615AB6DF55CE678E834965783CB748D0FB42E0C42BFB6D67E73EB467BE6923,IMPHASH=5D2578ED274AAD83C30A3917C98404EE','Image':'C:\\Users\\pparker\\Downloads\\DriverUpdate_1_2.exe','ImageLoaded':'C:\\Windows\\SysWOW64\\win32u.dll','OriginalFileName':'Win32u.DLL','ProcessGuid':'{7b34ed3d-321c-673d-5906-000000000b00}','ProcessId':'368','Product':'Microsoft® Windows® Operating System','RuleName':'-','Signature':'Microsoft Windows','SignatureStatus':'Valid','Signed':'true','User':'HOMELAB\\pparker','UtcTime':'2024-11-20 00:49:32.615'},'System':{'Channel':'Microsoft-Windows-Sysmon/Operational','Computer':'HL-WS04.HOMELAB.local','Correlation':'','EventID':'7','EventRecordID':'43004','Execution':{'ProcessID':'2052','ThreadID':'3948'},'Keywords':'0x8000000000000000','Level':'4','Opcode':'0','Provider':{'Guid':'{5770385f-c22a-43e0-bf4c-06f5698ffbd9}','Name':'Microsoft-Windows-Sysmon'},'Security':{'UserID':'S-1-5-18'},'Task':'7','TimeCreated':{'SystemTime':'2024-11-20T00:49:32.6251033Z'},'Version':'3','_event_id':'7'}}","{'Company':'Microsoft Corporation','Description':'Win32u','FileVersion':'10.0.19041.5007 (WinBuild.160101.0800)','Hashes':'MD5=DCE84A117C01847D8E548B73DA3F04BC,SHA256=20615AB6DF55CE678E834965783CB748D0FB42E0C42BFB6D67E73EB467BE6923,IMPHASH=5D2578ED274AAD83C30A3917C98404EE','Image':'C:\\Users\\pparker\\Downloads\\DriverUpdate_1_2.exe','ImageLoaded':'C:\\Windows\\SysWOW64\\win32u.dll','OriginalFileName':'Win32u.DLL','ProcessGuid':'{7b34ed3d-321c-673d-5906-000000000b00}','ProcessId':'368','Product':'Microsoft® Windows® Operating System','RuleName':'-','Signature':'Microsoft Windows','SignatureStatus':'Valid','Signed':'true','User':'HOMELAB\\pparker','UtcTime':'2024-11-20 00:49:32.615'}",,"Microsoft Corporation",,,"Win32u",,,,,,,,"10.0.19041.5007 (WinBuild.160101.0800)","MD5=DCE84A117C01847D8E548B73DA3F04BC,SHA256=20615AB6DF55CE678E834965783CB748D0FB42E0C42BFB6D67E73EB467BE6923,IMPHASH=5D2578ED274AAD83C30A3917C98404EE","C:\Users\pparker\Downloads\DriverUpdate_1_2.exe","C:\Windows\SysWOW64\win32u.dll",,,,,"Win32u.DLL",,,,,,"{7b34ed3d-321c-673d-5906-000000000b00}","368","Microsoft® Windows® Operating System",,"-","Microsoft Windows","Valid","true",,,,,,,,,"HOMELAB\pparker","2024-11-20 00:49:32.615","{'Channel':'Microsoft-Windows-Sysmon/Operational','Computer':'HL-WS04.HOMELAB.local','Correlation':'','EventID':'7','EventRecordID':'43004','Execution':{'ProcessID':'2052','ThreadID':'3948'},'Keywords':'0x8000000000000000','Level':'4','Opcode':'0','Provider':{'Guid':'{5770385f-c22a-43e0-bf4c-06f5698ffbd9}','Name':'Microsoft-Windows-Sysmon'},'Security':{'UserID':'S-1-5-18'},'Task':'7','TimeCreated':{'SystemTime':'2024-11-20T00:49:32.6251033Z'},'Version':'3','_event_id':'7'}","7","Microsoft-Windows-Sysmon/Operational","HL-WS04.HOMELAB.local","","7","43004","{'ProcessID':'2052','ThreadID':'3948'}","2052","3948","0x8000000000000000","4","0","{'Guid':'{5770385f-c22a-43e0-bf4c-06f5698ffbd9}','Name':'Microsoft-Windows-Sysmon'}","{5770385f-c22a-43e0-bf4c-06f5698ffbd9}","Microsoft-Windows-Sysmon","S-1-5-18","7","2024-11-20T00:49:32.6251033Z","3","{'arch':2,'did':'','event_id':'7c5acc12-89e4-425f-8edc-4268f7b24bb6','event_time':1732063727437,'event_type':'WEL','ext_ip':'108.171.103.70','hostname':'hl-ws04.homelab.local','iid':'7e99630d-d276-4169-bd11-c23115a848fa','int_ip':'10.100.100.133','moduleid':2,'oid':'27c3229e-7f58-40c8-ad1a-799ff00e1781','plat':268435456,'sid':'20884ef9-0b46-4a29-9d58-832837729b10','tags':['workstations'],'this':'a7e668b3e6e579444e6189f5673d31ef'}",2,"","7c5acc12-89e4-425f-8edc-4268f7b24bb6",1732063727437,"WEL","108.171.103.70","hl-ws04.homelab.local","7e99630d-d276-4169-bd11-c23115a848fa","10.100.100.133",2,"27c3229e-7f58-40c8-ad1a-799ff00e1781",268435456,"20884ef9-0b46-4a29-9d58-832837729b10","['workstations']","a7e668b3e6e579444e6189f5673d31ef"
"2024-11-20 00:48:47","{'EventData':{'Company':'Microsoft Corporation','Description':'GDI Client DLL','FileVersion':'10.0.19041.4474 (WinBuild.160101.0800)','Hashes':'MD5=AF54E72FD8BA0357763B85DCFF367F0D,SHA256=5F371373CFEB61533386BB327EFC9032907572074C82E3B41330839DF9969417,IMPHASH=D6485FF25987C4EE7930F552022263DC','Image':'C:\\Users\\pparker\\Downloads\\DriverUpdate_1_2.exe','ImageLoaded':'C:\\Windows\\SysWOW64\\gdi32.dll','OriginalFileName':'gdi32','ProcessGuid':'{7b34ed3d-321c-673d-5906-000000000b00}','ProcessId':'368','Product':'Microsoft® Windows® Operating System','RuleName':'-','Signature':'Microsoft Windows','SignatureStatus':'Valid','Signed':'true','User':'HOMELAB\\pparker','UtcTime':'2024-11-20 00:49:32.615'},'System':{'Channel':'Microsoft-Windows-Sysmon/Operational','Computer':'HL-WS04.HOMELAB.local','Correlation':'','EventID':'7','EventRecordID':'43005','Execution':{'ProcessID':'2052','ThreadID':'3948'},'Keywords':'0x8000000000000000','Level':'4','Opcode':'0','Provider':{'Guid':'{5770385f-c22a-43e0-bf4c-06f5698ffbd9}','Name':'Microsoft-Windows-Sysmon'},'Security':{'UserID':'S-1-5-18'},'Task':'7','TimeCreated':{'SystemTime':'2024-11-20T00:49:32.6268279Z'},'Version':'3','_event_id':'7'}}","{'Company':'Microsoft Corporation','Description':'GDI Client DLL','FileVersion':'10.0.19041.4474 (WinBuild.160101.0800)','Hashes':'MD5=AF54E72FD8BA0357763B85DCFF367F0D,SHA256=5F371373CFEB61533386BB327EFC9032907572074C82E3B41330839DF9969417,IMPHASH=D6485FF25987C4EE7930F552022263DC','Image':'C:\\Users\\pparker\\Downloads\\DriverUpdate_1_2.exe','ImageLoaded':'C:\\Windows\\SysWOW64\\gdi32.dll','OriginalFileName':'gdi32','ProcessGuid':'{7b34ed3d-321c-673d-5906-000000000b00}','ProcessId':'368','Product':'Microsoft® Windows® Operating System','RuleName':'-','Signature':'Microsoft Windows','SignatureStatus':'Valid','Signed':'true','User':'HOMELAB\\pparker','UtcTime':'2024-11-20 00:49:32.615'}",,"Microsoft Corporation",,,"GDI Client DLL",,,,,,,,"10.0.19041.4474 (WinBuild.160101.0800)","MD5=AF54E72FD8BA0357763B85DCFF367F0D,SHA256=5F371373CFEB61533386BB327EFC9032907572074C82E3B41330839DF9969417,IMPHASH=D6485FF25987C4EE7930F552022263DC","C:\Users\pparker\Downloads\DriverUpdate_1_2.exe","C:\Windows\SysWOW64\gdi32.dll",,,,,"gdi32",,,,,,"{7b34ed3d-321c-673d-5906-000000000b00}","368","Microsoft® Windows® Operating System",,"-","Microsoft Windows","Valid","true",,,,,,,,,"HOMELAB\pparker","2024-11-20 00:49:32.615","{'Channel':'Microsoft-Windows-Sysmon/Operational','Computer':'HL-WS04.HOMELAB.local','Correlation':'','EventID':'7','EventRecordID':'43005','Execution':{'ProcessID':'2052','ThreadID':'3948'},'Keywords':'0x8000000000000000','Level':'4','Opcode':'0','Provider':{'Guid':'{5770385f-c22a-43e0-bf4c-06f5698ffbd9}','Name':'Microsoft-Windows-Sysmon'},'Security':{'UserID':'S-1-5-18'},'Task':'7','TimeCreated':{'SystemTime':'2024-11-20T00:49:32.6268279Z'},'Version':'3','_event_id':'7'}","7","Microsoft-Windows-Sysmon/Operational","HL-WS04.HOMELAB.local","","7","43005","{'ProcessID':'2052','ThreadID':'3948'}","2052","3948","0x8000000000000000","4","0","{'Guid':'{5770385f-c22a-43e0-bf4c-06f5698ffbd9}','Name':'Microsoft-Windows-Sysmon'}","{5770385f-c22a-43e0-bf4c-06f5698ffbd9}","Microsoft-Windows-Sysmon","S-1-5-18","7","2024-11-20T00:49:32.6268279Z","3","{'arch':2,'did':'','event_id':'8674c951-02cd-46d4-bafd-1b8667a50cf3','event_time':1732063727437,'event_type':'WEL','ext_ip':'108.171.103.70','hostname':'hl-ws04.homelab.local','iid':'7e99630d-d276-4169-bd11-c23115a848fa','int_ip':'10.100.100.133','moduleid':2,'oid':'27c3229e-7f58-40c8-ad1a-799ff00e1781','plat':268435456,'sid':'20884ef9-0b46-4a29-9d58-832837729b10','tags':['workstations'],'this':'31e280cb0f2f1b9f3b20df28673d31ef'}",2,"","8674c951-02cd-46d4-bafd-1b8667a50cf3",1732063727437,"WEL","108.171.103.70","hl-ws04.homelab.local","7e99630d-d276-4169-bd11-c23115a848fa","10.100.100.133",2,"27c3229e-7f58-40c8-ad1a-799ff00e1781",268435456,"20884ef9-0b46-4a29-9d58-832837729b10","['workstations']","31e280cb0f2f1b9f3b20df28673d31ef"
"2024-11-20 00:48:47","{'EventData':{'Company':'Microsoft Corporation','Description':'GDI Client DLL','FileVersion':'10.0.19041.5007 (WinBuild.160101.0800)','Hashes':'MD5=CC3EE6E008284F9205432711B08C9F39,SHA256=54A767C1D87BBBFB40CBB04642A84A0C2F11E4E1F25A59346BAAB8E9DC913ACC,IMPHASH=5F8D4A81BD3B22F1D106D948EB4BCFCE','Image':'C:\\Users\\pparker\\Downloads\\DriverUpdate_1_2.exe','ImageLoaded':'C:\\Windows\\SysWOW64\\gdi32full.dll','OriginalFileName':'gdi32','ProcessGuid':'{7b34ed3d-321c-673d-5906-000000000b00}','ProcessId':'368','Product':'Microsoft® Windows® Operating System','RuleName':'-','Signature':'Microsoft Windows','SignatureStatus':'Valid','Signed':'true','User':'HOMELAB\\pparker','UtcTime':'2024-11-20 00:49:32.631'},'System':{'Channel':'Microsoft-Windows-Sysmon/Operational','Computer':'HL-WS04.HOMELAB.local','Correlation':'','EventID':'7','EventRecordID':'43006','Execution':{'ProcessID':'2052','ThreadID':'3948'},'Keywords':'0x8000000000000000','Level':'4','Opcode':'0','Provider':{'Guid':'{5770385f-c22a-43e0-bf4c-06f5698ffbd9}','Name':'Microsoft-Windows-Sysmon'},'Security':{'UserID':'S-1-5-18'},'Task':'7','TimeCreated':{'SystemTime':'2024-11-20T00:49:32.6335765Z'},'Version':'3','_event_id':'7'}}","{'Company':'Microsoft Corporation','Description':'GDI Client DLL','FileVersion':'10.0.19041.5007 (WinBuild.160101.0800)','Hashes':'MD5=CC3EE6E008284F9205432711B08C9F39,SHA256=54A767C1D87BBBFB40CBB04642A84A0C2F11E4E1F25A59346BAAB8E9DC913ACC,IMPHASH=5F8D4A81BD3B22F1D106D948EB4BCFCE','Image':'C:\\Users\\pparker\\Downloads\\DriverUpdate_1_2.exe','ImageLoaded':'C:\\Windows\\SysWOW64\\gdi32full.dll','OriginalFileName':'gdi32','ProcessGuid':'{7b34ed3d-321c-673d-5906-000000000b00}','ProcessId':'368','Product':'Microsoft® Windows® Operating System','RuleName':'-','Signature':'Microsoft Windows','SignatureStatus':'Valid','Signed':'true','User':'HOMELAB\\pparker','UtcTime':'2024-11-20 00:49:32.631'}",,"Microsoft Corporation",,,"GDI Client DLL",,,,,,,,"10.0.19041.5007 (WinBuild.160101.0800)","MD5=CC3EE6E008284F9205432711B08C9F39,SHA256=54A767C1D87BBBFB40CBB04642A84A0C2F11E4E1F25A59346BAAB8E9DC913ACC,IMPHASH=5F8D4A81BD3B22F1D106D948EB4BCFCE","C:\Users\pparker\Downloads\DriverUpdate_1_2.exe","C:\Windows\SysWOW64\gdi32full.dll",,,,,"gdi32",,,,,,"{7b34ed3d-321c-673d-5906-000000000b00}","368","Microsoft® Windows® Operating System",,"-","Microsoft Windows","Valid","true",,,,,,,,,"HOMELAB\pparker","2024-11-20 00:49:32.631","{'Channel':'Microsoft-Windows-Sysmon/Operational','Computer':'HL-WS04.HOMELAB.local','Correlation':'','EventID':'7','EventRecordID':'43006','Execution':{'ProcessID':'2052','ThreadID':'3948'},'Keywords':'0x8000000000000000','Level':'4','Opcode':'0','Provider':{'Guid':'{5770385f-c22a-43e0-bf4c-06f5698ffbd9}','Name':'Microsoft-Windows-Sysmon'},'Security':{'UserID':'S-1-5-18'},'Task':'7','TimeCreated':{'SystemTime':'2024-11-20T00:49:32.6335765Z'},'Version':'3','_event_id':'7'}","7","Microsoft-Windows-Sysmon/Operational","HL-WS04.HOMELAB.local","","7","43006","{'ProcessID':'2052','ThreadID':'3948'}","2052","3948","0x8000000000000000","4","0","{'Guid':'{5770385f-c22a-43e0-bf4c-06f5698ffbd9}','Name':'Microsoft-Windows-Sysmon'}","{5770385f-c22a-43e0-bf4c-06f5698ffbd9}","Microsoft-Windows-Sysmon","S-1-5-18","7","2024-11-20T00:49:32.6335765Z","3","{'arch':2,'did':'','event_id':'0100220b-a36b-4113-863a-c302e0e3df8b','event_time':1732063727437,'event_type':'WEL','ext_ip':'108.171.103.70','hostname':'hl-ws04.homelab.local','iid':'7e99630d-d276-4169-bd11-c23115a848fa','int_ip':'10.100.100.133','moduleid':2,'oid':'27c3229e-7f58-40c8-ad1a-799ff00e1781','plat':268435456,'sid':'20884ef9-0b46-4a29-9d58-832837729b10','tags':['workstations'],'this':'435ea92bf397501b58e8aa30673d31ef'}",2,"","0100220b-a36b-4113-863a-c302e0e3df8b",1732063727437,"WEL","108.171.103.70","hl-ws04.homelab.local","7e99630d-d276-4169-bd11-c23115a848fa","10.100.100.133",2,"27c3229e-7f58-40c8-ad1a-799ff00e1781",268435456,"20884ef9-0b46-4a29-9d58-832837729b10","['workstations']","435ea92bf397501b58e8aa30673d31ef"
"2024-11-20 00:48:47","{'EventData':{'Company':'Microsoft Corporation','Description':'Microsoft® C Runtime Library','FileVersion':'10.0.19041.3636 (WinBuild.160101.0800)','Hashes':'MD5=BBC3C4543A00BC1E2130921DDC3ED3CA,SHA256=55043A5DBE9B4BFE50E2E6BE0BDF77A69A075BECC520700DCAFFB1D9F7686138,IMPHASH=FA1F74A3FA2AD9CEA261D3EC572D5822','Image':'C:\\Users\\pparker\\Downloads\\DriverUpdate_1_2.exe','ImageLoaded':'C:\\Windows\\SysWOW64\\msvcp_win.dll','OriginalFileName':'msvcp_win.dll','ProcessGuid':'{7b34ed3d-321c-673d-5906-000000000b00}','ProcessId':'368','Product':'Microsoft® Windows® Operating System','RuleName':'-','Signature':'Microsoft Windows','SignatureStatus':'Valid','Signed':'true','User':'HOMELAB\\pparker','UtcTime':'2024-11-20 00:49:32.631'},'System':{'Channel':'Microsoft-Windows-Sysmon/Operational','Computer':'HL-WS04.HOMELAB.local','Correlation':'','EventID':'7','EventRecordID':'43007','Execution':{'ProcessID':'2052','ThreadID':'3948'},'Keywords':'0x8000000000000000','Level':'4','Opcode':'0','Provider':{'Guid':'{5770385f-c22a-43e0-bf4c-06f5698ffbd9}','Name':'Microsoft-Windows-Sysmon'},'Security':{'UserID':'S-1-5-18'},'Task':'7','TimeCreated':{'SystemTime':'2024-11-20T00:49:32.6370648Z'},'Version':'3','_event_id':'7'}}","{'Company':'Microsoft Corporation','Description':'Microsoft® C Runtime Library','FileVersion':'10.0.19041.3636 (WinBuild.160101.0800)','Hashes':'MD5=BBC3C4543A00BC1E2130921DDC3ED3CA,SHA256=55043A5DBE9B4BFE50E2E6BE0BDF77A69A075BECC520700DCAFFB1D9F7686138,IMPHASH=FA1F74A3FA2AD9CEA261D3EC572D5822','Image':'C:\\Users\\pparker\\Downloads\\DriverUpdate_1_2.exe','ImageLoaded':'C:\\Windows\\SysWOW64\\msvcp_win.dll','OriginalFileName':'msvcp_win.dll','ProcessGuid':'{7b34ed3d-321c-673d-5906-000000000b00}','ProcessId':'368','Product':'Microsoft® Windows® Operating System','RuleName':'-','Signature':'Microsoft Windows','SignatureStatus':'Valid','Signed':'true','User':'HOMELAB\\pparker','UtcTime':'2024-11-20 00:49:32.631'}",,"Microsoft Corporation",,,"Microsoft® C Runtime Library",,,,,,,,"10.0.19041.3636 (WinBuild.160101.0800)","MD5=BBC3C4543A00BC1E2130921DDC3ED3CA,SHA256=55043A5DBE9B4BFE50E2E6BE0BDF77A69A075BECC520700DCAFFB1D9F7686138,IMPHASH=FA1F74A3FA2AD9CEA261D3EC572D5822","C:\Users\pparker\Downloads\DriverUpdate_1_2.exe","C:\Windows\SysWOW64\msvcp_win.dll",,,,,"msvcp_win.dll",,,,,,"{7b34ed3d-321c-673d-5906-000000000b00}","368","Microsoft® Windows® Operating System",,"-","Microsoft Windows","Valid","true",,,,,,,,,"HOMELAB\pparker","2024-11-20 00:49:32.631","{'Channel':'Microsoft-Windows-Sysmon/Operational','Computer':'HL-WS04.HOMELAB.local','Correlation':'','EventID':'7','EventRecordID':'43007','Execution':{'ProcessID':'2052','ThreadID':'3948'},'Keywords':'0x8000000000000000','Level':'4','Opcode':'0','Provider':{'Guid':'{5770385f-c22a-43e0-bf4c-06f5698ffbd9}','Name':'Microsoft-Windows-Sysmon'},'Security':{'UserID':'S-1-5-18'},'Task':'7','TimeCreated':{'SystemTime':'2024-11-20T00:49:32.6370648Z'},'Version':'3','_event_id':'7'}","7","Microsoft-Windows-Sysmon/Operational","HL-WS04.HOMELAB.local","","7","43007","{'ProcessID':'2052','ThreadID':'3948'}","2052","3948","0x8000000000000000","4","0","{'Guid':'{5770385f-c22a-43e0-bf4c-06f5698ffbd9}','Name':'Microsoft-Windows-Sysmon'}","{5770385f-c22a-43e0-bf4c-06f5698ffbd9}","Microsoft-Windows-Sysmon","S-1-5-18","7","2024-11-20T00:49:32.6370648Z","3","{'arch':2,'did':'','event_id':'f15a2ebc-e139-4e79-bc67-2ece14ae4bb9','event_time':1732063727437,'event_type':'WEL','ext_ip':'108.171.103.70','hostname':'hl-ws04.homelab.local','iid':'7e99630d-d276-4169-bd11-c23115a848fa','int_ip':'10.100.100.133','moduleid':2,'oid':'27c3229e-7f58-40c8-ad1a-799ff00e1781','plat':268435456,'sid':'20884ef9-0b46-4a29-9d58-832837729b10','tags':['workstations'],'this':'c2227fd449fb90319c07131b673d31ef'}",2,"","f15a2ebc-e139-4e79-bc67-2ece14ae4bb9",1732063727437,"WEL","108.171.103.70","hl-ws04.homelab.local","7e99630d-d276-4169-bd11-c23115a848fa","10.100.100.133",2,"27c3229e-7f58-40c8-ad1a-799ff00e1781",268435456,"20884ef9-0b46-4a29-9d58-832837729b10","['workstations']","c2227fd449fb90319c07131b673d31ef"
