"2024-11-19 23:47:46","{'EventData':{'Company':'Microsoft Corporation','Description':'Microsoft COM for Windows','FileVersion':'10.0.19041.4894 (WinBuild.160101.0800)','Hashes':'MD5=EFE0047B8DBC22A0DD4489B9AF4382DA,SHA256=CDF0F2CCFF16380A44D6E301D30510FD1FD6B641BC3CD6415B4CE66A36B9BCE8,IMPHASH=0E7DBCDD9169F88354984E1C8B8310BD','Image':'C:\\Users\\pparker\\Downloads\\DriverUpdate_1_2.exe','ImageLoaded':'C:\\Windows\\SysWOW64\\combase.dll','OriginalFileName':'COMBASE.DLL','ProcessGuid':'{7b34ed3d-23cf-673d-b302-000000000b00}','ProcessId':'2920','Product':'Microsoft® Windows® Operating System','RuleName':'-','Signature':'Microsoft Windows','SignatureStatus':'Valid','Signed':'true','User':'HOMELAB\\pparker','UtcTime':'2024-11-19 23:48:31.342'},'System':{'Channel':'Microsoft-Windows-Sysmon/Operational','Computer':'HL-WS04.HOMELAB.local','Correlation':'','EventID':'7','EventRecordID':'12857','Execution':{'ProcessID':'2052','ThreadID':'4064'},'Keywords':'0x8000000000000000','Level':'4','Opcode':'0','Provider':{'Guid':'{5770385f-c22a-43e0-bf4c-06f5698ffbd9}','Name':'Microsoft-Windows-Sysmon'},'Security':{'UserID':'S-1-5-18'},'Task':'7','TimeCreated':{'SystemTime':'2024-11-19T23:48:31.6259378Z'},'Version':'3','_event_id':'7'}}","{'Company':'Microsoft Corporation','Description':'Microsoft COM for Windows','FileVersion':'10.0.19041.4894 (WinBuild.160101.0800)','Hashes':'MD5=EFE0047B8DBC22A0DD4489B9AF4382DA,SHA256=CDF0F2CCFF16380A44D6E301D30510FD1FD6B641BC3CD6415B4CE66A36B9BCE8,IMPHASH=0E7DBCDD9169F88354984E1C8B8310BD','Image':'C:\\Users\\pparker\\Downloads\\DriverUpdate_1_2.exe','ImageLoaded':'C:\\Windows\\SysWOW64\\combase.dll','OriginalFileName':'COMBASE.DLL','ProcessGuid':'{7b34ed3d-23cf-673d-b302-000000000b00}','ProcessId':'2920','Product':'Microsoft® Windows® Operating System','RuleName':'-','Signature':'Microsoft Windows','SignatureStatus':'Valid','Signed':'true','User':'HOMELAB\\pparker','UtcTime':'2024-11-19 23:48:31.342'}",,"Microsoft Corporation",,,"Microsoft COM for Windows",,,,,,,,"10.0.19041.4894 (WinBuild.160101.0800)","MD5=EFE0047B8DBC22A0DD4489B9AF4382DA,SHA256=CDF0F2CCFF16380A44D6E301D30510FD1FD6B641BC3CD6415B4CE66A36B9BCE8,IMPHASH=0E7DBCDD9169F88354984E1C8B8310BD","C:\Users\pparker\Downloads\DriverUpdate_1_2.exe","C:\Windows\SysWOW64\combase.dll",,,,,"COMBASE.DLL",,,,,,"{7b34ed3d-23cf-673d-b302-000000000b00}","2920","Microsoft® Windows® Operating System",,"-","Microsoft Windows","Valid","true",,,,,,,,,"HOMELAB\pparker","2024-11-19 23:48:31.342","{'Channel':'Microsoft-Windows-Sysmon/Operational','Computer':'HL-WS04.HOMELAB.local','Correlation':'','EventID':'7','EventRecordID':'12857','Execution':{'ProcessID':'2052','ThreadID':'4064'},'Keywords':'0x8000000000000000','Level':'4','Opcode':'0','Provider':{'Guid':'{5770385f-c22a-43e0-bf4c-06f5698ffbd9}','Name':'Microsoft-Windows-Sysmon'},'Security':{'UserID':'S-1-5-18'},'Task':'7','TimeCreated':{'SystemTime':'2024-11-19T23:48:31.6259378Z'},'Version':'3','_event_id':'7'}","7","Microsoft-Windows-Sysmon/Operational","HL-WS04.HOMELAB.local","","7","12857","{'ProcessID':'2052','ThreadID':'4064'}","2052","4064","0x8000000000000000","4","0","{'Guid':'{5770385f-c22a-43e0-bf4c-06f5698ffbd9}','Name':'Microsoft-Windows-Sysmon'}","{5770385f-c22a-43e0-bf4c-06f5698ffbd9}","Microsoft-Windows-Sysmon","S-1-5-18","7","2024-11-19T23:48:31.6259378Z","3","{'arch':2,'did':'','event_id':'319ae5f8-b3b5-4e4c-a00d-14081e2ef792','event_time':1732060066265,'event_type':'WEL','ext_ip':'108.171.103.70','hostname':'hl-ws04.homelab.local','iid':'7e99630d-d276-4169-bd11-c23115a848fa','int_ip':'10.100.100.133','moduleid':2,'oid':'27c3229e-7f58-40c8-ad1a-799ff00e1781','plat':268435456,'sid':'20884ef9-0b46-4a29-9d58-832837729b10','tags':['workstations'],'this':'2a877c3713b926408a68c2bb673d23a2'}",2,"","319ae5f8-b3b5-4e4c-a00d-14081e2ef792",1732060066265,"WEL","108.171.103.70","hl-ws04.homelab.local","7e99630d-d276-4169-bd11-c23115a848fa","10.100.100.133",2,"27c3229e-7f58-40c8-ad1a-799ff00e1781",268435456,"20884ef9-0b46-4a29-9d58-832837729b10","['workstations']","2a877c3713b926408a68c2bb673d23a2"
"2024-11-19 23:47:46","{'EventData':{'Company':'Microsoft Corporation','Description':'OLEAUT32.DLL','FileVersion':'10.0.19041.3636 (WinBuild.160101.0800)','Hashes':'MD5=96B3F5BE7D92458FB909620F918A1F63,SHA256=3087391A67AE4574850F52846869FF5C6BAC35A5E540E01F58C97D90A87C40C4,IMPHASH=B256CF51C33F5316420788FB85BA1531','Image':'C:\\Users\\pparker\\Downloads\\DriverUpdate_1_2.exe','ImageLoaded':'C:\\Windows\\SysWOW64\\oleaut32.dll','OriginalFileName':'OLEAUT32.DLL','ProcessGuid':'{7b34ed3d-23cf-673d-b302-000000000b00}','ProcessId':'2920','Product':'Microsoft® Windows® Operating System','RuleName':'-','Signature':'Microsoft Windows','SignatureStatus':'Valid','Signed':'true','User':'HOMELAB\\pparker','UtcTime':'2024-11-19 23:48:31.343'},'System':{'Channel':'Microsoft-Windows-Sysmon/Operational','Computer':'HL-WS04.HOMELAB.local','Correlation':'','EventID':'7','EventRecordID':'12858','Execution':{'ProcessID':'2052','ThreadID':'4064'},'Keywords':'0x8000000000000000','Level':'4','Opcode':'0','Provider':{'Guid':'{5770385f-c22a-43e0-bf4c-06f5698ffbd9}','Name':'Microsoft-Windows-Sysmon'},'Security':{'UserID':'S-1-5-18'},'Task':'7','TimeCreated':{'SystemTime':'2024-11-19T23:48:31.6369983Z'},'Version':'3','_event_id':'7'}}","{'Company':'Microsoft Corporation','Description':'OLEAUT32.DLL','FileVersion':'10.0.19041.3636 (WinBuild.160101.0800)','Hashes':'MD5=96B3F5BE7D92458FB909620F918A1F63,SHA256=3087391A67AE4574850F52846869FF5C6BAC35A5E540E01F58C97D90A87C40C4,IMPHASH=B256CF51C33F5316420788FB85BA1531','Image':'C:\\Users\\pparker\\Downloads\\DriverUpdate_1_2.exe','ImageLoaded':'C:\\Windows\\SysWOW64\\oleaut32.dll','OriginalFileName':'OLEAUT32.DLL','ProcessGuid':'{7b34ed3d-23cf-673d-b302-000000000b00}','ProcessId':'2920','Product':'Microsoft® Windows® Operating System','RuleName':'-','Signature':'Microsoft Windows','SignatureStatus':'Valid','Signed':'true','User':'HOMELAB\\pparker','UtcTime':'2024-11-19 23:48:31.343'}",,"Microsoft Corporation",,,"OLEAUT32.DLL",,,,,,,,"10.0.19041.3636 (WinBuild.160101.0800)","MD5=96B3F5BE7D92458FB909620F918A1F63,SHA256=3087391A67AE4574850F52846869FF5C6BAC35A5E540E01F58C97D90A87C40C4,IMPHASH=B256CF51C33F5316420788FB85BA1531","C:\Users\pparker\Downloads\DriverUpdate_1_2.exe","C:\Windows\SysWOW64\oleaut32.dll",,,,,"OLEAUT32.DLL",,,,,,"{7b34ed3d-23cf-673d-b302-000000000b00}","2920","Microsoft® Windows® Operating System",,"-","Microsoft Windows","Valid","true",,,,,,,,,"HOMELAB\pparker","2024-11-19 23:48:31.343","{'Channel':'Microsoft-Windows-Sysmon/Operational','Computer':'HL-WS04.HOMELAB.local','Correlation':'','EventID':'7','EventRecordID':'12858','Execution':{'ProcessID':'2052','ThreadID':'4064'},'Keywords':'0x8000000000000000','Level':'4','Opcode':'0','Provider':{'Guid':'{5770385f-c22a-43e0-bf4c-06f5698ffbd9}','Name':'Microsoft-Windows-Sysmon'},'Security':{'UserID':'S-1-5-18'},'Task':'7','TimeCreated':{'SystemTime':'2024-11-19T23:48:31.6369983Z'},'Version':'3','_event_id':'7'}","7","Microsoft-Windows-Sysmon/Operational","HL-WS04.HOMELAB.local","","7","12858","{'ProcessID':'2052','ThreadID':'4064'}","2052","4064","0x8000000000000000","4","0","{'Guid':'{5770385f-c22a-43e0-bf4c-06f5698ffbd9}','Name':'Microsoft-Windows-Sysmon'}","{5770385f-c22a-43e0-bf4c-06f5698ffbd9}","Microsoft-Windows-Sysmon","S-1-5-18","7","2024-11-19T23:48:31.6369983Z","3","{'arch':2,'did':'','event_id':'a825e93f-af34-4fc2-8a2c-df35057e9cbe','event_time':1732060066266,'event_type':'WEL','ext_ip':'108.171.103.70','hostname':'hl-ws04.homelab.local','iid':'7e99630d-d276-4169-bd11-c23115a848fa','int_ip':'10.100.100.133','moduleid':2,'oid':'27c3229e-7f58-40c8-ad1a-799ff00e1781','plat':268435456,'sid':'20884ef9-0b46-4a29-9d58-832837729b10','tags':['workstations'],'this':'8658bf06a4951ddf00c7ff27673d23a2'}",2,"","a825e93f-af34-4fc2-8a2c-df35057e9cbe",1732060066266,"WEL","108.171.103.70","hl-ws04.homelab.local","7e99630d-d276-4169-bd11-c23115a848fa","10.100.100.133",2,"27c3229e-7f58-40c8-ad1a-799ff00e1781",268435456,"20884ef9-0b46-4a29-9d58-832837729b10","['workstations']","8658bf06a4951ddf00c7ff27673d23a2"
"2024-11-19 23:47:46","{'EventData':{'Company':'Microsoft Corporation','Description':'Windows Shell Common Dll','FileVersion':'10.0.19041.4957 (WinBuild.160101.0800)','Hashes':'MD5=16C852FC4747FBD4817361CB91C53D08,SHA256=18E5CEF5320E0E894D2AAA2AAE12F23CC8728F56C4D3A7ED3EF817CABF7A9CB5,IMPHASH=306307BD029B2ABA619005E8D168E1BD','Image':'C:\\Users\\pparker\\Downloads\\DriverUpdate_1_2.exe','ImageLoaded':'C:\\Windows\\SysWOW64\\shell32.dll','OriginalFileName':'SHELL32.DLL','ProcessGuid':'{7b34ed3d-23cf-673d-b302-000000000b00}','ProcessId':'2920','Product':'Microsoft® Windows® Operating System','RuleName':'-','Signature':'Microsoft Windows','SignatureStatus':'Valid','Signed':'true','User':'HOMELAB\\pparker','UtcTime':'2024-11-19 23:48:31.343'},'System':{'Channel':'Microsoft-Windows-Sysmon/Operational','Computer':'HL-WS04.HOMELAB.local','Correlation':'','EventID':'7','EventRecordID':'12859','Execution':{'ProcessID':'2052','ThreadID':'4064'},'Keywords':'0x8000000000000000','Level':'4','Opcode':'0','Provider':{'Guid':'{5770385f-c22a-43e0-bf4c-06f5698ffbd9}','Name':'Microsoft-Windows-Sysmon'},'Security':{'UserID':'S-1-5-18'},'Task':'7','TimeCreated':{'SystemTime':'2024-11-19T23:48:31.7220942Z'},'Version':'3','_event_id':'7'}}","{'Company':'Microsoft Corporation','Description':'Windows Shell Common Dll','FileVersion':'10.0.19041.4957 (WinBuild.160101.0800)','Hashes':'MD5=16C852FC4747FBD4817361CB91C53D08,SHA256=18E5CEF5320E0E894D2AAA2AAE12F23CC8728F56C4D3A7ED3EF817CABF7A9CB5,IMPHASH=306307BD029B2ABA619005E8D168E1BD','Image':'C:\\Users\\pparker\\Downloads\\DriverUpdate_1_2.exe','ImageLoaded':'C:\\Windows\\SysWOW64\\shell32.dll','OriginalFileName':'SHELL32.DLL','ProcessGuid':'{7b34ed3d-23cf-673d-b302-000000000b00}','ProcessId':'2920','Product':'Microsoft® Windows® Operating System','RuleName':'-','Signature':'Microsoft Windows','SignatureStatus':'Valid','Signed':'true','User':'HOMELAB\\pparker','UtcTime':'2024-11-19 23:48:31.343'}",,"Microsoft Corporation",,,"Windows Shell Common Dll",,,,,,,,"10.0.19041.4957 (WinBuild.160101.0800)","MD5=16C852FC4747FBD4817361CB91C53D08,SHA256=18E5CEF5320E0E894D2AAA2AAE12F23CC8728F56C4D3A7ED3EF817CABF7A9CB5,IMPHASH=306307BD029B2ABA619005E8D168E1BD","C:\Users\pparker\Downloads\DriverUpdate_1_2.exe","C:\Windows\SysWOW64\shell32.dll",,,,,"SHELL32.DLL",,,,,,"{7b34ed3d-23cf-673d-b302-000000000b00}","2920","Microsoft® Windows® Operating System",,"-","Microsoft Windows","Valid","true",,,,,,,,,"HOMELAB\pparker","2024-11-19 23:48:31.343","{'Channel':'Microsoft-Windows-Sysmon/Operational','Computer':'HL-WS04.HOMELAB.local','Correlation':'','EventID':'7','EventRecordID':'12859','Execution':{'ProcessID':'2052','ThreadID':'4064'},'Keywords':'0x8000000000000000','Level':'4','Opcode':'0','Provider':{'Guid':'{5770385f-c22a-43e0-bf4c-06f5698ffbd9}','Name':'Microsoft-Windows-Sysmon'},'Security':{'UserID':'S-1-5-18'},'Task':'7','TimeCreated':{'SystemTime':'2024-11-19T23:48:31.7220942Z'},'Version':'3','_event_id':'7'}","7","Microsoft-Windows-Sysmon/Operational","HL-WS04.HOMELAB.local","","7","12859","{'ProcessID':'2052','ThreadID':'4064'}","2052","4064","0x8000000000000000","4","0","{'Guid':'{5770385f-c22a-43e0-bf4c-06f5698ffbd9}','Name':'Microsoft-Windows-Sysmon'}","{5770385f-c22a-43e0-bf4c-06f5698ffbd9}","Microsoft-Windows-Sysmon","S-1-5-18","7","2024-11-19T23:48:31.7220942Z","3","{'arch':2,'did':'','event_id':'758e52e1-e67f-4566-bfe2-26045e8806d2','event_time':1732060066266,'event_type':'WEL','ext_ip':'108.171.103.70','hostname':'hl-ws04.homelab.local','iid':'7e99630d-d276-4169-bd11-c23115a848fa','int_ip':'10.100.100.133','moduleid':2,'oid':'27c3229e-7f58-40c8-ad1a-799ff00e1781','plat':268435456,'sid':'20884ef9-0b46-4a29-9d58-832837729b10','tags':['workstations'],'this':'3792dbefaf10efb1f1cf97f7673d23a2'}",2,"","758e52e1-e67f-4566-bfe2-26045e8806d2",1732060066266,"WEL","108.171.103.70","hl-ws04.homelab.local","7e99630d-d276-4169-bd11-c23115a848fa","10.100.100.133",2,"27c3229e-7f58-40c8-ad1a-799ff00e1781",268435456,"20884ef9-0b46-4a29-9d58-832837729b10","['workstations']","3792dbefaf10efb1f1cf97f7673d23a2"
"2024-11-19 23:47:46","{'EventData':{'Company':'Microsoft Corporation','Description':'Advanced Windows 32 Base API','FileVersion':'10.0.19041.5011 (WinBuild.160101.0800)','Hashes':'MD5=EC55F67474672FF14AEDE33F1B25308A,SHA256=B2631573441635EE7E0A0624947668885A541AF3E517001438BFA58BDF46C3E7,IMPHASH=CBE9EB70BA8DBD80242243C3689A0EBE','Image':'C:\\Users\\pparker\\Downloads\\DriverUpdate_1_2.exe','ImageLoaded':'C:\\Windows\\SysWOW64\\advapi32.dll','OriginalFileName':'advapi32.dll','ProcessGuid':'{7b34ed3d-23cf-673d-b302-000000000b00}','ProcessId':'2920','Product':'Microsoft® Windows® Operating System','RuleName':'-','Signature':'Microsoft Windows','SignatureStatus':'Valid','Signed':'true','User':'HOMELAB\\pparker','UtcTime':'2024-11-19 23:48:31.343'},'System':{'Channel':'Microsoft-Windows-Sysmon/Operational','Computer':'HL-WS04.HOMELAB.local','Correlation':'','EventID':'7','EventRecordID':'12860','Execution':{'ProcessID':'2052','ThreadID':'4064'},'Keywords':'0x8000000000000000','Level':'4','Opcode':'0','Provider':{'Guid':'{5770385f-c22a-43e0-bf4c-06f5698ffbd9}','Name':'Microsoft-Windows-Sysmon'},'Security':{'UserID':'S-1-5-18'},'Task':'7','TimeCreated':{'SystemTime':'2024-11-19T23:48:31.7323537Z'},'Version':'3','_event_id':'7'}}","{'Company':'Microsoft Corporation','Description':'Advanced Windows 32 Base API','FileVersion':'10.0.19041.5011 (WinBuild.160101.0800)','Hashes':'MD5=EC55F67474672FF14AEDE33F1B25308A,SHA256=B2631573441635EE7E0A0624947668885A541AF3E517001438BFA58BDF46C3E7,IMPHASH=CBE9EB70BA8DBD80242243C3689A0EBE','Image':'C:\\Users\\pparker\\Downloads\\DriverUpdate_1_2.exe','ImageLoaded':'C:\\Windows\\SysWOW64\\advapi32.dll','OriginalFileName':'advapi32.dll','ProcessGuid':'{7b34ed3d-23cf-673d-b302-000000000b00}','ProcessId':'2920','Product':'Microsoft® Windows® Operating System','RuleName':'-','Signature':'Microsoft Windows','SignatureStatus':'Valid','Signed':'true','User':'HOMELAB\\pparker','UtcTime':'2024-11-19 23:48:31.343'}",,"Microsoft Corporation",,,"Advanced Windows 32 Base API",,,,,,,,"10.0.19041.5011 (WinBuild.160101.0800)","MD5=EC55F67474672FF14AEDE33F1B25308A,SHA256=B2631573441635EE7E0A0624947668885A541AF3E517001438BFA58BDF46C3E7,IMPHASH=CBE9EB70BA8DBD80242243C3689A0EBE","C:\Users\pparker\Downloads\DriverUpdate_1_2.exe","C:\Windows\SysWOW64\advapi32.dll",,,,,"advapi32.dll",,,,,,"{7b34ed3d-23cf-673d-b302-000000000b00}","2920","Microsoft® Windows® Operating System",,"-","Microsoft Windows","Valid","true",,,,,,,,,"HOMELAB\pparker","2024-11-19 23:48:31.343","{'Channel':'Microsoft-Windows-Sysmon/Operational','Computer':'HL-WS04.HOMELAB.local','Correlation':'','EventID':'7','EventRecordID':'12860','Execution':{'ProcessID':'2052','ThreadID':'4064'},'Keywords':'0x8000000000000000','Level':'4','Opcode':'0','Provider':{'Guid':'{5770385f-c22a-43e0-bf4c-06f5698ffbd9}','Name':'Microsoft-Windows-Sysmon'},'Security':{'UserID':'S-1-5-18'},'Task':'7','TimeCreated':{'SystemTime':'2024-11-19T23:48:31.7323537Z'},'Version':'3','_event_id':'7'}","7","Microsoft-Windows-Sysmon/Operational","HL-WS04.HOMELAB.local","","7","12860","{'ProcessID':'2052','ThreadID':'4064'}","2052","4064","0x8000000000000000","4","0","{'Guid':'{5770385f-c22a-43e0-bf4c-06f5698ffbd9}','Name':'Microsoft-Windows-Sysmon'}","{5770385f-c22a-43e0-bf4c-06f5698ffbd9}","Microsoft-Windows-Sysmon","S-1-5-18","7","2024-11-19T23:48:31.7323537Z","3","{'arch':2,'did':'','event_id':'dc05b2cf-43cf-4836-93bf-841e058c5215','event_time':1732060066266,'event_type':'WEL','ext_ip':'108.171.103.70','hostname':'hl-ws04.homelab.local','iid':'7e99630d-d276-4169-bd11-c23115a848fa','int_ip':'10.100.100.133','moduleid':2,'oid':'27c3229e-7f58-40c8-ad1a-799ff00e1781','plat':268435456,'sid':'20884ef9-0b46-4a29-9d58-832837729b10','tags':['workstations'],'this':'b3f2fac42dadd9a156d5a2ff673d23a2'}",2,"","dc05b2cf-43cf-4836-93bf-841e058c5215",1732060066266,"WEL","108.171.103.70","hl-ws04.homelab.local","7e99630d-d276-4169-bd11-c23115a848fa","10.100.100.133",2,"27c3229e-7f58-40c8-ad1a-799ff00e1781",268435456,"20884ef9-0b46-4a29-9d58-832837729b10","['workstations']","b3f2fac42dadd9a156d5a2ff673d23a2"
"2024-11-19 23:47:46","{'EventData':{'Company':'Microsoft Corporation','Description':'Microsoft UxTheme Library','FileVersion':'10.0.19041.5007 (WinBuild.160101.0800)','Hashes':'MD5=F1CAF31624AB5A17CE914D3B07025FE0,SHA256=67B8C6E693272FC976ED7C083AE4486BE3DFD77A16BA377D7B068E6BE39E5FA4,IMPHASH=5916A9C0B5155851814AF8CCCD02F321','Image':'C:\\Users\\pparker\\Downloads\\DriverUpdate_1_2.exe','ImageLoaded':'C:\\Windows\\SysWOW64\\uxtheme.dll','OriginalFileName':'UxTheme.dll','ProcessGuid':'{7b34ed3d-23cf-673d-b302-000000000b00}','ProcessId':'2920','Product':'Microsoft® Windows® Operating System','RuleName':'-','Signature':'Microsoft Windows','SignatureStatus':'Valid','Signed':'true','User':'HOMELAB\\pparker','UtcTime':'2024-11-19 23:48:31.354'},'System':{'Channel':'Microsoft-Windows-Sysmon/Operational','Computer':'HL-WS04.HOMELAB.local','Correlation':'','EventID':'7','EventRecordID':'12861','Execution':{'ProcessID':'2052','ThreadID':'4064'},'Keywords':'0x8000000000000000','Level':'4','Opcode':'0','Provider':{'Guid':'{5770385f-c22a-43e0-bf4c-06f5698ffbd9}','Name':'Microsoft-Windows-Sysmon'},'Security':{'UserID':'S-1-5-18'},'Task':'7','TimeCreated':{'SystemTime':'2024-11-19T23:48:31.7692788Z'},'Version':'3','_event_id':'7'}}","{'Company':'Microsoft Corporation','Description':'Microsoft UxTheme Library','FileVersion':'10.0.19041.5007 (WinBuild.160101.0800)','Hashes':'MD5=F1CAF31624AB5A17CE914D3B07025FE0,SHA256=67B8C6E693272FC976ED7C083AE4486BE3DFD77A16BA377D7B068E6BE39E5FA4,IMPHASH=5916A9C0B5155851814AF8CCCD02F321','Image':'C:\\Users\\pparker\\Downloads\\DriverUpdate_1_2.exe','ImageLoaded':'C:\\Windows\\SysWOW64\\uxtheme.dll','OriginalFileName':'UxTheme.dll','ProcessGuid':'{7b34ed3d-23cf-673d-b302-000000000b00}','ProcessId':'2920','Product':'Microsoft® Windows® Operating System','RuleName':'-','Signature':'Microsoft Windows','SignatureStatus':'Valid','Signed':'true','User':'HOMELAB\\pparker','UtcTime':'2024-11-19 23:48:31.354'}",,"Microsoft Corporation",,,"Microsoft UxTheme Library",,,,,,,,"10.0.19041.5007 (WinBuild.160101.0800)","MD5=F1CAF31624AB5A17CE914D3B07025FE0,SHA256=67B8C6E693272FC976ED7C083AE4486BE3DFD77A16BA377D7B068E6BE39E5FA4,IMPHASH=5916A9C0B5155851814AF8CCCD02F321","C:\Users\pparker\Downloads\DriverUpdate_1_2.exe","C:\Windows\SysWOW64\uxtheme.dll",,,,,"UxTheme.dll",,,,,,"{7b34ed3d-23cf-673d-b302-000000000b00}","2920","Microsoft® Windows® Operating System",,"-","Microsoft Windows","Valid","true",,,,,,,,,"HOMELAB\pparker","2024-11-19 23:48:31.354","{'Channel':'Microsoft-Windows-Sysmon/Operational','Computer':'HL-WS04.HOMELAB.local','Correlation':'','EventID':'7','EventRecordID':'12861','Execution':{'ProcessID':'2052','ThreadID':'4064'},'Keywords':'0x8000000000000000','Level':'4','Opcode':'0','Provider':{'Guid':'{5770385f-c22a-43e0-bf4c-06f5698ffbd9}','Name':'Microsoft-Windows-Sysmon'},'Security':{'UserID':'S-1-5-18'},'Task':'7','TimeCreated':{'SystemTime':'2024-11-19T23:48:31.7692788Z'},'Version':'3','_event_id':'7'}","7","Microsoft-Windows-Sysmon/Operational","HL-WS04.HOMELAB.local","","7","12861","{'ProcessID':'2052','ThreadID':'4064'}","2052","4064","0x8000000000000000","4","0","{'Guid':'{5770385f-c22a-43e0-bf4c-06f5698ffbd9}','Name':'Microsoft-Windows-Sysmon'}","{5770385f-c22a-43e0-bf4c-06f5698ffbd9}","Microsoft-Windows-Sysmon","S-1-5-18","7","2024-11-19T23:48:31.7692788Z","3","{'arch':2,'did':'','event_id':'d222dbba-22f0-4074-afbb-08f2d0b0014e','event_time':1732060066266,'event_type':'WEL','ext_ip':'108.171.103.70','hostname':'hl-ws04.homelab.local','iid':'7e99630d-d276-4169-bd11-c23115a848fa','int_ip':'10.100.100.133','moduleid':2,'oid':'27c3229e-7f58-40c8-ad1a-799ff00e1781','plat':268435456,'sid':'20884ef9-0b46-4a29-9d58-832837729b10','tags':['workstations'],'this':'51e8c2d1950bdd59e26bb85c673d23a2'}",2,"","d222dbba-22f0-4074-afbb-08f2d0b0014e",1732060066266,"WEL","108.171.103.70","hl-ws04.homelab.local","7e99630d-d276-4169-bd11-c23115a848fa","10.100.100.133",2,"27c3229e-7f58-40c8-ad1a-799ff00e1781",268435456,"20884ef9-0b46-4a29-9d58-832837729b10","['workstations']","51e8c2d1950bdd59e26bb85c673d23a2"
"2024-11-19 23:47:46","{'EventData':{'Company':'Microsoft Corporation','Description':'MCI API DLL','FileVersion':'10.0.19041.3636 (WinBuild.160101.0800)','Hashes':'MD5=CD17FEFF84B207001E3C3F4020BD33A5,SHA256=6729816E459BE41AE1726438B95D207A3A626FF7B87EBEB8D569F740DCBC7F51,IMPHASH=62315BC823A3B043771A4C23FACA002B','Image':'C:\\Users\\pparker\\Downloads\\DriverUpdate_1_2.exe','ImageLoaded':'C:\\Windows\\SysWOW64\\winmm.dll','OriginalFileName':'WINMM.DLL','ProcessGuid':'{7b34ed3d-23cf-673d-b302-000000000b00}','ProcessId':'2920','Product':'Microsoft® Windows® Operating System','RuleName':'-','Signature':'Microsoft Windows','SignatureStatus':'Valid','Signed':'true','User':'HOMELAB\\pparker','UtcTime':'2024-11-19 23:48:31.365'},'System':{'Channel':'Microsoft-Windows-Sysmon/Operational','Computer':'HL-WS04.HOMELAB.local','Correlation':'','EventID':'7','EventRecordID':'12862','Execution':{'ProcessID':'2052','ThreadID':'4064'},'Keywords':'0x8000000000000000','Level':'4','Opcode':'0','Provider':{'Guid':'{5770385f-c22a-43e0-bf4c-06f5698ffbd9}','Name':'Microsoft-Windows-Sysmon'},'Security':{'UserID':'S-1-5-18'},'Task':'7','TimeCreated':{'SystemTime':'2024-11-19T23:48:31.7757526Z'},'Version':'3','_event_id':'7'}}","{'Company':'Microsoft Corporation','Description':'MCI API DLL','FileVersion':'10.0.19041.3636 (WinBuild.160101.0800)','Hashes':'MD5=CD17FEFF84B207001E3C3F4020BD33A5,SHA256=6729816E459BE41AE1726438B95D207A3A626FF7B87EBEB8D569F740DCBC7F51,IMPHASH=62315BC823A3B043771A4C23FACA002B','Image':'C:\\Users\\pparker\\Downloads\\DriverUpdate_1_2.exe','ImageLoaded':'C:\\Windows\\SysWOW64\\winmm.dll','OriginalFileName':'WINMM.DLL','ProcessGuid':'{7b34ed3d-23cf-673d-b302-000000000b00}','ProcessId':'2920','Product':'Microsoft® Windows® Operating System','RuleName':'-','Signature':'Microsoft Windows','SignatureStatus':'Valid','Signed':'true','User':'HOMELAB\\pparker','UtcTime':'2024-11-19 23:48:31.365'}",,"Microsoft Corporation",,,"MCI API DLL",,,,,,,,"10.0.19041.3636 (WinBuild.160101.0800)","MD5=CD17FEFF84B207001E3C3F4020BD33A5,SHA256=6729816E459BE41AE1726438B95D207A3A626FF7B87EBEB8D569F740DCBC7F51,IMPHASH=62315BC823A3B043771A4C23FACA002B","C:\Users\pparker\Downloads\DriverUpdate_1_2.exe","C:\Windows\SysWOW64\winmm.dll",,,,,"WINMM.DLL",,,,,,"{7b34ed3d-23cf-673d-b302-000000000b00}","2920","Microsoft® Windows® Operating System",,"-","Microsoft Windows","Valid","true",,,,,,,,,"HOMELAB\pparker","2024-11-19 23:48:31.365","{'Channel':'Microsoft-Windows-Sysmon/Operational','Computer':'HL-WS04.HOMELAB.local','Correlation':'','EventID':'7','EventRecordID':'12862','Execution':{'ProcessID':'2052','ThreadID':'4064'},'Keywords':'0x8000000000000000','Level':'4','Opcode':'0','Provider':{'Guid':'{5770385f-c22a-43e0-bf4c-06f5698ffbd9}','Name':'Microsoft-Windows-Sysmon'},'Security':{'UserID':'S-1-5-18'},'Task':'7','TimeCreated':{'SystemTime':'2024-11-19T23:48:31.7757526Z'},'Version':'3','_event_id':'7'}","7","Microsoft-Windows-Sysmon/Operational","HL-WS04.HOMELAB.local","","7","12862","{'ProcessID':'2052','ThreadID':'4064'}","2052","4064","0x8000000000000000","4","0","{'Guid':'{5770385f-c22a-43e0-bf4c-06f5698ffbd9}','Name':'Microsoft-Windows-Sysmon'}","{5770385f-c22a-43e0-bf4c-06f5698ffbd9}","Microsoft-Windows-Sysmon","S-1-5-18","7","2024-11-19T23:48:31.7757526Z","3","{'arch':2,'did':'','event_id':'3701bc63-f8ad-439c-a297-bc1669ecb310','event_time':1732060066266,'event_type':'WEL','ext_ip':'108.171.103.70','hostname':'hl-ws04.homelab.local','iid':'7e99630d-d276-4169-bd11-c23115a848fa','int_ip':'10.100.100.133','moduleid':2,'oid':'27c3229e-7f58-40c8-ad1a-799ff00e1781','plat':268435456,'sid':'20884ef9-0b46-4a29-9d58-832837729b10','tags':['workstations'],'this':'e18bff9fa4c9877e58177be9673d23a2'}",2,"","3701bc63-f8ad-439c-a297-bc1669ecb310",1732060066266,"WEL","108.171.103.70","hl-ws04.homelab.local","7e99630d-d276-4169-bd11-c23115a848fa","10.100.100.133",2,"27c3229e-7f58-40c8-ad1a-799ff00e1781",268435456,"20884ef9-0b46-4a29-9d58-832837729b10","['workstations']","e18bff9fa4c9877e58177be9673d23a2"
"2024-11-19 23:47:46","{'EventData':{'Company':'Microsoft Corporation','Description':'Microsoft Enhanced Cryptographic Provider','FileVersion':'10.0.19041.3636 (WinBuild.160101.0800)','Hashes':'MD5=985583EDD49772CA487E12BA175EE2DB,SHA256=8D06796E282A3F8065D5466AB509B1E70660C33D68F2AB466E773C25C98F4163,IMPHASH=2EA454BE669039C6361F930648E83C20','Image':'C:\\Users\\pparker\\Downloads\\DriverUpdate_1_2.exe','ImageLoaded':'C:\\Windows\\SysWOW64\\rsaenh.dll','OriginalFileName':'rsaenh.dll','ProcessGuid':'{7b34ed3d-23cf-673d-b302-000000000b00}','ProcessId':'2920','Product':'Microsoft® Windows® Operating System','RuleName':'-','Signature':'Microsoft Windows','SignatureStatus':'Valid','Signed':'true','User':'HOMELAB\\pparker','UtcTime':'2024-11-19 23:48:31.783'},'System':{'Channel':'Microsoft-Windows-Sysmon/Operational','Computer':'HL-WS04.HOMELAB.local','Correlation':'','EventID':'7','EventRecordID':'12863','Execution':{'ProcessID':'2052','ThreadID':'3948'},'Keywords':'0x8000000000000000','Level':'4','Opcode':'0','Provider':{'Guid':'{5770385f-c22a-43e0-bf4c-06f5698ffbd9}','Name':'Microsoft-Windows-Sysmon'},'Security':{'UserID':'S-1-5-18'},'Task':'7','TimeCreated':{'SystemTime':'2024-11-19T23:48:31.7927971Z'},'Version':'3','_event_id':'7'}}","{'Company':'Microsoft Corporation','Description':'Microsoft Enhanced Cryptographic Provider','FileVersion':'10.0.19041.3636 (WinBuild.160101.0800)','Hashes':'MD5=985583EDD49772CA487E12BA175EE2DB,SHA256=8D06796E282A3F8065D5466AB509B1E70660C33D68F2AB466E773C25C98F4163,IMPHASH=2EA454BE669039C6361F930648E83C20','Image':'C:\\Users\\pparker\\Downloads\\DriverUpdate_1_2.exe','ImageLoaded':'C:\\Windows\\SysWOW64\\rsaenh.dll','OriginalFileName':'rsaenh.dll','ProcessGuid':'{7b34ed3d-23cf-673d-b302-000000000b00}','ProcessId':'2920','Product':'Microsoft® Windows® Operating System','RuleName':'-','Signature':'Microsoft Windows','SignatureStatus':'Valid','Signed':'true','User':'HOMELAB\\pparker','UtcTime':'2024-11-19 23:48:31.783'}",,"Microsoft Corporation",,,"Microsoft Enhanced Cryptographic Provider",,,,,,,,"10.0.19041.3636 (WinBuild.160101.0800)","MD5=985583EDD49772CA487E12BA175EE2DB,SHA256=8D06796E282A3F8065D5466AB509B1E70660C33D68F2AB466E773C25C98F4163,IMPHASH=2EA454BE669039C6361F930648E83C20","C:\Users\pparker\Downloads\DriverUpdate_1_2.exe","C:\Windows\SysWOW64\rsaenh.dll",,,,,"rsaenh.dll",,,,,,"{7b34ed3d-23cf-673d-b302-000000000b00}","2920","Microsoft® Windows® Operating System",,"-","Microsoft Windows","Valid","true",,,,,,,,,"HOMELAB\pparker","2024-11-19 23:48:31.783","{'Channel':'Microsoft-Windows-Sysmon/Operational','Computer':'HL-WS04.HOMELAB.local','Correlation':'','EventID':'7','EventRecordID':'12863','Execution':{'ProcessID':'2052','ThreadID':'3948'},'Keywords':'0x8000000000000000','Level':'4','Opcode':'0','Provider':{'Guid':'{5770385f-c22a-43e0-bf4c-06f5698ffbd9}','Name':'Microsoft-Windows-Sysmon'},'Security':{'UserID':'S-1-5-18'},'Task':'7','TimeCreated':{'SystemTime':'2024-11-19T23:48:31.7927971Z'},'Version':'3','_event_id':'7'}","7","Microsoft-Windows-Sysmon/Operational","HL-WS04.HOMELAB.local","","7","12863","{'ProcessID':'2052','ThreadID':'3948'}","2052","3948","0x8000000000000000","4","0","{'Guid':'{5770385f-c22a-43e0-bf4c-06f5698ffbd9}','Name':'Microsoft-Windows-Sysmon'}","{5770385f-c22a-43e0-bf4c-06f5698ffbd9}","Microsoft-Windows-Sysmon","S-1-5-18","7","2024-11-19T23:48:31.7927971Z","3","{'arch':2,'did':'','event_id':'4674fb52-10b5-4400-b097-18ba99158724','event_time':1732060066268,'event_type':'WEL','ext_ip':'108.171.103.70','hostname':'hl-ws04.homelab.local','iid':'7e99630d-d276-4169-bd11-c23115a848fa','int_ip':'10.100.100.133','moduleid':2,'oid':'27c3229e-7f58-40c8-ad1a-799ff00e1781','plat':268435456,'sid':'20884ef9-0b46-4a29-9d58-832837729b10','tags':['workstations'],'this':'fd6c167cb9a460afedfab135673d23a2'}",2,"","4674fb52-10b5-4400-b097-18ba99158724",1732060066268,"WEL","108.171.103.70","hl-ws04.homelab.local","7e99630d-d276-4169-bd11-c23115a848fa","10.100.100.133",2,"27c3229e-7f58-40c8-ad1a-799ff00e1781",268435456,"20884ef9-0b46-4a29-9d58-832837729b10","['workstations']","fd6c167cb9a460afedfab135673d23a2"
"2024-11-19 23:47:46","{'EventData':{'Company':'Microsoft Corporation','Description':'Security Accounts Manager Client DLL','FileVersion':'10.0.19041.3636 (WinBuild.160101.0800)','Hashes':'MD5=6B6CA617F48786E9F3951BD7AC0F1D1B,SHA256=FC8AC404294F41FB6915DC37919430A40DEF60BEF6490E857E6EE178F1B247EE,IMPHASH=C930C3C276E75A1DEBDE90CD31EBCFBC','Image':'C:\\Users\\pparker\\Downloads\\DriverUpdate_1_2.exe','ImageLoaded':'C:\\Windows\\SysWOW64\\samcli.dll','OriginalFileName':'SAMCLI.DLL','ProcessGuid':'{7b34ed3d-23cf-673d-b302-000000000b00}','ProcessId':'2920','Product':'Microsoft® Windows® Operating System','RuleName':'-','Signature':'Microsoft Windows','SignatureStatus':'Valid','Signed':'true','User':'HOMELAB\\pparker','UtcTime':'2024-11-19 23:48:31.367'},'System':{'Channel':'Microsoft-Windows-Sysmon/Operational','Computer':'HL-WS04.HOMELAB.local','Correlation':'','EventID':'7','EventRecordID':'12864','Execution':{'ProcessID':'2052','ThreadID':'4064'},'Keywords':'0x8000000000000000','Level':'4','Opcode':'0','Provider':{'Guid':'{5770385f-c22a-43e0-bf4c-06f5698ffbd9}','Name':'Microsoft-Windows-Sysmon'},'Security':{'UserID':'S-1-5-18'},'Task':'7','TimeCreated':{'SystemTime':'2024-11-19T23:48:31.8203797Z'},'Version':'3','_event_id':'7'}}","{'Company':'Microsoft Corporation','Description':'Security Accounts Manager Client DLL','FileVersion':'10.0.19041.3636 (WinBuild.160101.0800)','Hashes':'MD5=6B6CA617F48786E9F3951BD7AC0F1D1B,SHA256=FC8AC404294F41FB6915DC37919430A40DEF60BEF6490E857E6EE178F1B247EE,IMPHASH=C930C3C276E75A1DEBDE90CD31EBCFBC','Image':'C:\\Users\\pparker\\Downloads\\DriverUpdate_1_2.exe','ImageLoaded':'C:\\Windows\\SysWOW64\\samcli.dll','OriginalFileName':'SAMCLI.DLL','ProcessGuid':'{7b34ed3d-23cf-673d-b302-000000000b00}','ProcessId':'2920','Product':'Microsoft® Windows® Operating System','RuleName':'-','Signature':'Microsoft Windows','SignatureStatus':'Valid','Signed':'true','User':'HOMELAB\\pparker','UtcTime':'2024-11-19 23:48:31.367'}",,"Microsoft Corporation",,,"Security Accounts Manager Client DLL",,,,,,,,"10.0.19041.3636 (WinBuild.160101.0800)","MD5=6B6CA617F48786E9F3951BD7AC0F1D1B,SHA256=FC8AC404294F41FB6915DC37919430A40DEF60BEF6490E857E6EE178F1B247EE,IMPHASH=C930C3C276E75A1DEBDE90CD31EBCFBC","C:\Users\pparker\Downloads\DriverUpdate_1_2.exe","C:\Windows\SysWOW64\samcli.dll",,,,,"SAMCLI.DLL",,,,,,"{7b34ed3d-23cf-673d-b302-000000000b00}","2920","Microsoft® Windows® Operating System",,"-","Microsoft Windows","Valid","true",,,,,,,,,"HOMELAB\pparker","2024-11-19 23:48:31.367","{'Channel':'Microsoft-Windows-Sysmon/Operational','Computer':'HL-WS04.HOMELAB.local','Correlation':'','EventID':'7','EventRecordID':'12864','Execution':{'ProcessID':'2052','ThreadID':'4064'},'Keywords':'0x8000000000000000','Level':'4','Opcode':'0','Provider':{'Guid':'{5770385f-c22a-43e0-bf4c-06f5698ffbd9}','Name':'Microsoft-Windows-Sysmon'},'Security':{'UserID':'S-1-5-18'},'Task':'7','TimeCreated':{'SystemTime':'2024-11-19T23:48:31.8203797Z'},'Version':'3','_event_id':'7'}","7","Microsoft-Windows-Sysmon/Operational","HL-WS04.HOMELAB.local","","7","12864","{'ProcessID':'2052','ThreadID':'4064'}","2052","4064","0x8000000000000000","4","0","{'Guid':'{5770385f-c22a-43e0-bf4c-06f5698ffbd9}','Name':'Microsoft-Windows-Sysmon'}","{5770385f-c22a-43e0-bf4c-06f5698ffbd9}","Microsoft-Windows-Sysmon","S-1-5-18","7","2024-11-19T23:48:31.8203797Z","3","{'arch':2,'did':'','event_id':'4cefc3ea-3f53-4428-87e2-25e42e8cc933','event_time':1732060066268,'event_type':'WEL','ext_ip':'108.171.103.70','hostname':'hl-ws04.homelab.local','iid':'7e99630d-d276-4169-bd11-c23115a848fa','int_ip':'10.100.100.133','moduleid':2,'oid':'27c3229e-7f58-40c8-ad1a-799ff00e1781','plat':268435456,'sid':'20884ef9-0b46-4a29-9d58-832837729b10','tags':['workstations'],'this':'9825936e9615e99f60f7dd4a673d23a2'}",2,"","4cefc3ea-3f53-4428-87e2-25e42e8cc933",1732060066268,"WEL","108.171.103.70","hl-ws04.homelab.local","7e99630d-d276-4169-bd11-c23115a848fa","10.100.100.133",2,"27c3229e-7f58-40c8-ad1a-799ff00e1781",268435456,"20884ef9-0b46-4a29-9d58-832837729b10","['workstations']","9825936e9615e99f60f7dd4a673d23a2"
"2024-11-19 23:47:46","{'EventData':{'Company':'Microsoft Corporation','Description':'Microsoft ACM Audio Filter','FileVersion':'10.0.19041.1 (WinBuild.160101.0800)','Hashes':'MD5=7A1A1BE3450BD9755D0091B86745B9DA,SHA256=2326A189FBF37F064541A74BA7C397EEA18A636A81C00CD66CB832178BAA838F,IMPHASH=D708117077F81F5EBB8A7CE8DAB0B96B','Image':'C:\\Users\\pparker\\Downloads\\DriverUpdate_1_2.exe','ImageLoaded':'C:\\Windows\\SysWOW64\\msacm32.dll','OriginalFileName':'msfltr32.acm','ProcessGuid':'{7b34ed3d-23cf-673d-b302-000000000b00}','ProcessId':'2920','Product':'Microsoft® Windows® Operating System','RuleName':'-','Signature':'Microsoft Windows','SignatureStatus':'Valid','Signed':'true','User':'HOMELAB\\pparker','UtcTime':'2024-11-19 23:48:31.377'},'System':{'Channel':'Microsoft-Windows-Sysmon/Operational','Computer':'HL-WS04.HOMELAB.local','Correlation':'','EventID':'7','EventRecordID':'12865','Execution':{'ProcessID':'2052','ThreadID':'4064'},'Keywords':'0x8000000000000000','Level':'4','Opcode':'0','Provider':{'Guid':'{5770385f-c22a-43e0-bf4c-06f5698ffbd9}','Name':'Microsoft-Windows-Sysmon'},'Security':{'UserID':'S-1-5-18'},'Task':'7','TimeCreated':{'SystemTime':'2024-11-19T23:48:31.8257429Z'},'Version':'3','_event_id':'7'}}","{'Company':'Microsoft Corporation','Description':'Microsoft ACM Audio Filter','FileVersion':'10.0.19041.1 (WinBuild.160101.0800)','Hashes':'MD5=7A1A1BE3450BD9755D0091B86745B9DA,SHA256=2326A189FBF37F064541A74BA7C397EEA18A636A81C00CD66CB832178BAA838F,IMPHASH=D708117077F81F5EBB8A7CE8DAB0B96B','Image':'C:\\Users\\pparker\\Downloads\\DriverUpdate_1_2.exe','ImageLoaded':'C:\\Windows\\SysWOW64\\msacm32.dll','OriginalFileName':'msfltr32.acm','ProcessGuid':'{7b34ed3d-23cf-673d-b302-000000000b00}','ProcessId':'2920','Product':'Microsoft® Windows® Operating System','RuleName':'-','Signature':'Microsoft Windows','SignatureStatus':'Valid','Signed':'true','User':'HOMELAB\\pparker','UtcTime':'2024-11-19 23:48:31.377'}",,"Microsoft Corporation",,,"Microsoft ACM Audio Filter",,,,,,,,"10.0.19041.1 (WinBuild.160101.0800)","MD5=7A1A1BE3450BD9755D0091B86745B9DA,SHA256=2326A189FBF37F064541A74BA7C397EEA18A636A81C00CD66CB832178BAA838F,IMPHASH=D708117077F81F5EBB8A7CE8DAB0B96B","C:\Users\pparker\Downloads\DriverUpdate_1_2.exe","C:\Windows\SysWOW64\msacm32.dll",,,,,"msfltr32.acm",,,,,,"{7b34ed3d-23cf-673d-b302-000000000b00}","2920","Microsoft® Windows® Operating System",,"-","Microsoft Windows","Valid","true",,,,,,,,,"HOMELAB\pparker","2024-11-19 23:48:31.377","{'Channel':'Microsoft-Windows-Sysmon/Operational','Computer':'HL-WS04.HOMELAB.local','Correlation':'','EventID':'7','EventRecordID':'12865','Execution':{'ProcessID':'2052','ThreadID':'4064'},'Keywords':'0x8000000000000000','Level':'4','Opcode':'0','Provider':{'Guid':'{5770385f-c22a-43e0-bf4c-06f5698ffbd9}','Name':'Microsoft-Windows-Sysmon'},'Security':{'UserID':'S-1-5-18'},'Task':'7','TimeCreated':{'SystemTime':'2024-11-19T23:48:31.8257429Z'},'Version':'3','_event_id':'7'}","7","Microsoft-Windows-Sysmon/Operational","HL-WS04.HOMELAB.local","","7","12865","{'ProcessID':'2052','ThreadID':'4064'}","2052","4064","0x8000000000000000","4","0","{'Guid':'{5770385f-c22a-43e0-bf4c-06f5698ffbd9}','Name':'Microsoft-Windows-Sysmon'}","{5770385f-c22a-43e0-bf4c-06f5698ffbd9}","Microsoft-Windows-Sysmon","S-1-5-18","7","2024-11-19T23:48:31.8257429Z","3","{'arch':2,'did':'','event_id':'34719f76-7db0-4398-a4eb-6834479644aa','event_time':1732060066268,'event_type':'WEL','ext_ip':'108.171.103.70','hostname':'hl-ws04.homelab.local','iid':'7e99630d-d276-4169-bd11-c23115a848fa','int_ip':'10.100.100.133','moduleid':2,'oid':'27c3229e-7f58-40c8-ad1a-799ff00e1781','plat':268435456,'sid':'20884ef9-0b46-4a29-9d58-832837729b10','tags':['workstations'],'this':'e2cb931f93ca7dfd82070a1b673d23a2'}",2,"","34719f76-7db0-4398-a4eb-6834479644aa",1732060066268,"WEL","108.171.103.70","hl-ws04.homelab.local","7e99630d-d276-4169-bd11-c23115a848fa","10.100.100.133",2,"27c3229e-7f58-40c8-ad1a-799ff00e1781",268435456,"20884ef9-0b46-4a29-9d58-832837729b10","['workstations']","e2cb931f93ca7dfd82070a1b673d23a2"
"2024-11-19 23:47:46","{'EventData':{'Company':'Microsoft Corporation','Description':'Version Checking and File Installation Libraries','FileVersion':'10.0.19041.3636 (WinBuild.160101.0800)','Hashes':'MD5=E31F494C06F287A189FB063FDD29B03A,SHA256=2F4E7F80BE20DF3CCAEDF313E0C335E81C909BD968D6DDC53D4484A57EA65E64,IMPHASH=950BA747DF1E77DF20CA4983A22E450B','Image':'C:\\Users\\pparker\\Downloads\\DriverUpdate_1_2.exe','ImageLoaded':'C:\\Windows\\SysWOW64\\version.dll','OriginalFileName':'VERSION.DLL','ProcessGuid':'{7b34ed3d-23cf-673d-b302-000000000b00}','ProcessId':'2920','Product':'Microsoft® Windows® Operating System','RuleName':'-','Signature':'Microsoft Windows','SignatureStatus':'Valid','Signed':'true','User':'HOMELAB\\pparker','UtcTime':'2024-11-19 23:48:31.385'},'System':{'Channel':'Microsoft-Windows-Sysmon/Operational','Computer':'HL-WS04.HOMELAB.local','Correlation':'','EventID':'7','EventRecordID':'12866','Execution':{'ProcessID':'2052','ThreadID':'4064'},'Keywords':'0x8000000000000000','Level':'4','Opcode':'0','Provider':{'Guid':'{5770385f-c22a-43e0-bf4c-06f5698ffbd9}','Name':'Microsoft-Windows-Sysmon'},'Security':{'UserID':'S-1-5-18'},'Task':'7','TimeCreated':{'SystemTime':'2024-11-19T23:48:31.8316698Z'},'Version':'3','_event_id':'7'}}","{'Company':'Microsoft Corporation','Description':'Version Checking and File Installation Libraries','FileVersion':'10.0.19041.3636 (WinBuild.160101.0800)','Hashes':'MD5=E31F494C06F287A189FB063FDD29B03A,SHA256=2F4E7F80BE20DF3CCAEDF313E0C335E81C909BD968D6DDC53D4484A57EA65E64,IMPHASH=950BA747DF1E77DF20CA4983A22E450B','Image':'C:\\Users\\pparker\\Downloads\\DriverUpdate_1_2.exe','ImageLoaded':'C:\\Windows\\SysWOW64\\version.dll','OriginalFileName':'VERSION.DLL','ProcessGuid':'{7b34ed3d-23cf-673d-b302-000000000b00}','ProcessId':'2920','Product':'Microsoft® Windows® Operating System','RuleName':'-','Signature':'Microsoft Windows','SignatureStatus':'Valid','Signed':'true','User':'HOMELAB\\pparker','UtcTime':'2024-11-19 23:48:31.385'}",,"Microsoft Corporation",,,"Version Checking and File Installation Libraries",,,,,,,,"10.0.19041.3636 (WinBuild.160101.0800)","MD5=E31F494C06F287A189FB063FDD29B03A,SHA256=2F4E7F80BE20DF3CCAEDF313E0C335E81C909BD968D6DDC53D4484A57EA65E64,IMPHASH=950BA747DF1E77DF20CA4983A22E450B","C:\Users\pparker\Downloads\DriverUpdate_1_2.exe","C:\Windows\SysWOW64\version.dll",,,,,"VERSION.DLL",,,,,,"{7b34ed3d-23cf-673d-b302-000000000b00}","2920","Microsoft® Windows® Operating System",,"-","Microsoft Windows","Valid","true",,,,,,,,,"HOMELAB\pparker","2024-11-19 23:48:31.385","{'Channel':'Microsoft-Windows-Sysmon/Operational','Computer':'HL-WS04.HOMELAB.local','Correlation':'','EventID':'7','EventRecordID':'12866','Execution':{'ProcessID':'2052','ThreadID':'4064'},'Keywords':'0x8000000000000000','Level':'4','Opcode':'0','Provider':{'Guid':'{5770385f-c22a-43e0-bf4c-06f5698ffbd9}','Name':'Microsoft-Windows-Sysmon'},'Security':{'UserID':'S-1-5-18'},'Task':'7','TimeCreated':{'SystemTime':'2024-11-19T23:48:31.8316698Z'},'Version':'3','_event_id':'7'}","7","Microsoft-Windows-Sysmon/Operational","HL-WS04.HOMELAB.local","","7","12866","{'ProcessID':'2052','ThreadID':'4064'}","2052","4064","0x8000000000000000","4","0","{'Guid':'{5770385f-c22a-43e0-bf4c-06f5698ffbd9}','Name':'Microsoft-Windows-Sysmon'}","{5770385f-c22a-43e0-bf4c-06f5698ffbd9}","Microsoft-Windows-Sysmon","S-1-5-18","7","2024-11-19T23:48:31.8316698Z","3","{'arch':2,'did':'','event_id':'fc6edeb6-3968-4c8c-afc0-cffe34e17b9c','event_time':1732060066269,'event_type':'WEL','ext_ip':'108.171.103.70','hostname':'hl-ws04.homelab.local','iid':'7e99630d-d276-4169-bd11-c23115a848fa','int_ip':'10.100.100.133','moduleid':2,'oid':'27c3229e-7f58-40c8-ad1a-799ff00e1781','plat':268435456,'sid':'20884ef9-0b46-4a29-9d58-832837729b10','tags':['workstations'],'this':'3f97c73d56904639e2f43ccd673d23a2'}",2,"","fc6edeb6-3968-4c8c-afc0-cffe34e17b9c",1732060066269,"WEL","108.171.103.70","hl-ws04.homelab.local","7e99630d-d276-4169-bd11-c23115a848fa","10.100.100.133",2,"27c3229e-7f58-40c8-ad1a-799ff00e1781",268435456,"20884ef9-0b46-4a29-9d58-832837729b10","['workstations']","3f97c73d56904639e2f43ccd673d23a2"
"2024-11-19 23:47:46","{'EventData':{'Company':'Microsoft Corporation','Description':'ASN.1 Runtime APIs','FileVersion':'10.0.19041.3636 (WinBuild.160101.0800)','Hashes':'MD5=9D9A58DF5E46E4E66370DD4A416B6614,SHA256=23E80A451CBE7521F5E7A2084CF1441AADFB5D1C1FA11E2A15C9B0E27D96CB18,IMPHASH=1E0C58767D1395A2505EBBD4F2492E0D','Image':'C:\\Users\\pparker\\Downloads\\DriverUpdate_1_2.exe','ImageLoaded':'C:\\Windows\\SysWOW64\\msasn1.dll','OriginalFileName':'msasn1.dll','ProcessGuid':'{7b34ed3d-23cf-673d-b302-000000000b00}','ProcessId':'2920','Product':'Microsoft® Windows® Operating System','RuleName':'-','Signature':'Microsoft Windows','SignatureStatus':'Valid','Signed':'true','User':'HOMELAB\\pparker','UtcTime':'2024-11-19 23:48:31.798'},'System':{'Channel':'Microsoft-Windows-Sysmon/Operational','Computer':'HL-WS04.HOMELAB.local','Correlation':'','EventID':'7','EventRecordID':'12867','Execution':{'ProcessID':'2052','ThreadID':'3948'},'Keywords':'0x8000000000000000','Level':'4','Opcode':'0','Provider':{'Guid':'{5770385f-c22a-43e0-bf4c-06f5698ffbd9}','Name':'Microsoft-Windows-Sysmon'},'Security':{'UserID':'S-1-5-18'},'Task':'7','TimeCreated':{'SystemTime':'2024-11-19T23:48:31.8326695Z'},'Version':'3','_event_id':'7'}}","{'Company':'Microsoft Corporation','Description':'ASN.1 Runtime APIs','FileVersion':'10.0.19041.3636 (WinBuild.160101.0800)','Hashes':'MD5=9D9A58DF5E46E4E66370DD4A416B6614,SHA256=23E80A451CBE7521F5E7A2084CF1441AADFB5D1C1FA11E2A15C9B0E27D96CB18,IMPHASH=1E0C58767D1395A2505EBBD4F2492E0D','Image':'C:\\Users\\pparker\\Downloads\\DriverUpdate_1_2.exe','ImageLoaded':'C:\\Windows\\SysWOW64\\msasn1.dll','OriginalFileName':'msasn1.dll','ProcessGuid':'{7b34ed3d-23cf-673d-b302-000000000b00}','ProcessId':'2920','Product':'Microsoft® Windows® Operating System','RuleName':'-','Signature':'Microsoft Windows','SignatureStatus':'Valid','Signed':'true','User':'HOMELAB\\pparker','UtcTime':'2024-11-19 23:48:31.798'}",,"Microsoft Corporation",,,"ASN.1 Runtime APIs",,,,,,,,"10.0.19041.3636 (WinBuild.160101.0800)","MD5=9D9A58DF5E46E4E66370DD4A416B6614,SHA256=23E80A451CBE7521F5E7A2084CF1441AADFB5D1C1FA11E2A15C9B0E27D96CB18,IMPHASH=1E0C58767D1395A2505EBBD4F2492E0D","C:\Users\pparker\Downloads\DriverUpdate_1_2.exe","C:\Windows\SysWOW64\msasn1.dll",,,,,"msasn1.dll",,,,,,"{7b34ed3d-23cf-673d-b302-000000000b00}","2920","Microsoft® Windows® Operating System",,"-","Microsoft Windows","Valid","true",,,,,,,,,"HOMELAB\pparker","2024-11-19 23:48:31.798","{'Channel':'Microsoft-Windows-Sysmon/Operational','Computer':'HL-WS04.HOMELAB.local','Correlation':'','EventID':'7','EventRecordID':'12867','Execution':{'ProcessID':'2052','ThreadID':'3948'},'Keywords':'0x8000000000000000','Level':'4','Opcode':'0','Provider':{'Guid':'{5770385f-c22a-43e0-bf4c-06f5698ffbd9}','Name':'Microsoft-Windows-Sysmon'},'Security':{'UserID':'S-1-5-18'},'Task':'7','TimeCreated':{'SystemTime':'2024-11-19T23:48:31.8326695Z'},'Version':'3','_event_id':'7'}","7","Microsoft-Windows-Sysmon/Operational","HL-WS04.HOMELAB.local","","7","12867","{'ProcessID':'2052','ThreadID':'3948'}","2052","3948","0x8000000000000000","4","0","{'Guid':'{5770385f-c22a-43e0-bf4c-06f5698ffbd9}','Name':'Microsoft-Windows-Sysmon'}","{5770385f-c22a-43e0-bf4c-06f5698ffbd9}","Microsoft-Windows-Sysmon","S-1-5-18","7","2024-11-19T23:48:31.8326695Z","3","{'arch':2,'did':'','event_id':'46f11882-e1fc-4e00-adb3-9c611601f4f4','event_time':1732060066269,'event_type':'WEL','ext_ip':'108.171.103.70','hostname':'hl-ws04.homelab.local','iid':'7e99630d-d276-4169-bd11-c23115a848fa','int_ip':'10.100.100.133','moduleid':2,'oid':'27c3229e-7f58-40c8-ad1a-799ff00e1781','plat':268435456,'sid':'20884ef9-0b46-4a29-9d58-832837729b10','tags':['workstations'],'this':'c6183721b28c56085024d912673d23a2'}",2,"","46f11882-e1fc-4e00-adb3-9c611601f4f4",1732060066269,"WEL","108.171.103.70","hl-ws04.homelab.local","7e99630d-d276-4169-bd11-c23115a848fa","10.100.100.133",2,"27c3229e-7f58-40c8-ad1a-799ff00e1781",268435456,"20884ef9-0b46-4a29-9d58-832837729b10","['workstations']","c6183721b28c56085024d912673d23a2"
"2024-11-19 23:47:46","{'EventData':{'Company':'Microsoft Corporation','Description':'Userenv','FileVersion':'10.0.19041.4355 (WinBuild.160101.0800)','Hashes':'MD5=A3D62AA8A4DD1DF8C0CCB9F53B858036,SHA256=E7A51CE52FF62776836703EE37BF96611A0B387A692FC750D7D8745A3F98D8C0,IMPHASH=30E1E8E8FF1FB6426A4FCC7356C25B9D','Image':'C:\\Users\\pparker\\Downloads\\DriverUpdate_1_2.exe','ImageLoaded':'C:\\Windows\\SysWOW64\\userenv.dll','OriginalFileName':'userenv.dll','ProcessGuid':'{7b34ed3d-23cf-673d-b302-000000000b00}','ProcessId':'2920','Product':'Microsoft® Windows® Operating System','RuleName':'-','Signature':'Microsoft Windows','SignatureStatus':'Valid','Signed':'true','User':'HOMELAB\\pparker','UtcTime':'2024-11-19 23:48:31.385'},'System':{'Channel':'Microsoft-Windows-Sysmon/Operational','Computer':'HL-WS04.HOMELAB.local','Correlation':'','EventID':'7','EventRecordID':'12868','Execution':{'ProcessID':'2052','ThreadID':'4064'},'Keywords':'0x8000000000000000','Level':'4','Opcode':'0','Provider':{'Guid':'{5770385f-c22a-43e0-bf4c-06f5698ffbd9}','Name':'Microsoft-Windows-Sysmon'},'Security':{'UserID':'S-1-5-18'},'Task':'7','TimeCreated':{'SystemTime':'2024-11-19T23:48:31.8380127Z'},'Version':'3','_event_id':'7'}}","{'Company':'Microsoft Corporation','Description':'Userenv','FileVersion':'10.0.19041.4355 (WinBuild.160101.0800)','Hashes':'MD5=A3D62AA8A4DD1DF8C0CCB9F53B858036,SHA256=E7A51CE52FF62776836703EE37BF96611A0B387A692FC750D7D8745A3F98D8C0,IMPHASH=30E1E8E8FF1FB6426A4FCC7356C25B9D','Image':'C:\\Users\\pparker\\Downloads\\DriverUpdate_1_2.exe','ImageLoaded':'C:\\Windows\\SysWOW64\\userenv.dll','OriginalFileName':'userenv.dll','ProcessGuid':'{7b34ed3d-23cf-673d-b302-000000000b00}','ProcessId':'2920','Product':'Microsoft® Windows® Operating System','RuleName':'-','Signature':'Microsoft Windows','SignatureStatus':'Valid','Signed':'true','User':'HOMELAB\\pparker','UtcTime':'2024-11-19 23:48:31.385'}",,"Microsoft Corporation",,,"Userenv",,,,,,,,"10.0.19041.4355 (WinBuild.160101.0800)","MD5=A3D62AA8A4DD1DF8C0CCB9F53B858036,SHA256=E7A51CE52FF62776836703EE37BF96611A0B387A692FC750D7D8745A3F98D8C0,IMPHASH=30E1E8E8FF1FB6426A4FCC7356C25B9D","C:\Users\pparker\Downloads\DriverUpdate_1_2.exe","C:\Windows\SysWOW64\userenv.dll",,,,,"userenv.dll",,,,,,"{7b34ed3d-23cf-673d-b302-000000000b00}","2920","Microsoft® Windows® Operating System",,"-","Microsoft Windows","Valid","true",,,,,,,,,"HOMELAB\pparker","2024-11-19 23:48:31.385","{'Channel':'Microsoft-Windows-Sysmon/Operational','Computer':'HL-WS04.HOMELAB.local','Correlation':'','EventID':'7','EventRecordID':'12868','Execution':{'ProcessID':'2052','ThreadID':'4064'},'Keywords':'0x8000000000000000','Level':'4','Opcode':'0','Provider':{'Guid':'{5770385f-c22a-43e0-bf4c-06f5698ffbd9}','Name':'Microsoft-Windows-Sysmon'},'Security':{'UserID':'S-1-5-18'},'Task':'7','TimeCreated':{'SystemTime':'2024-11-19T23:48:31.8380127Z'},'Version':'3','_event_id':'7'}","7","Microsoft-Windows-Sysmon/Operational","HL-WS04.HOMELAB.local","","7","12868","{'ProcessID':'2052','ThreadID':'4064'}","2052","4064","0x8000000000000000","4","0","{'Guid':'{5770385f-c22a-43e0-bf4c-06f5698ffbd9}','Name':'Microsoft-Windows-Sysmon'}","{5770385f-c22a-43e0-bf4c-06f5698ffbd9}","Microsoft-Windows-Sysmon","S-1-5-18","7","2024-11-19T23:48:31.8380127Z","3","{'arch':2,'did':'','event_id':'c8eef8cc-b1f5-49d4-804b-4eaf43f52751','event_time':1732060066269,'event_type':'WEL','ext_ip':'108.171.103.70','hostname':'hl-ws04.homelab.local','iid':'7e99630d-d276-4169-bd11-c23115a848fa','int_ip':'10.100.100.133','moduleid':2,'oid':'27c3229e-7f58-40c8-ad1a-799ff00e1781','plat':268435456,'sid':'20884ef9-0b46-4a29-9d58-832837729b10','tags':['workstations'],'this':'46f6f8ee7040b61b522b5a1b673d23a2'}",2,"","c8eef8cc-b1f5-49d4-804b-4eaf43f52751",1732060066269,"WEL","108.171.103.70","hl-ws04.homelab.local","7e99630d-d276-4169-bd11-c23115a848fa","10.100.100.133",2,"27c3229e-7f58-40c8-ad1a-799ff00e1781",268435456,"20884ef9-0b46-4a29-9d58-832837729b10","['workstations']","46f6f8ee7040b61b522b5a1b673d23a2"
