"2024-11-20 00:47:07","{'EventData':{'Company':'Microsoft Corporation','Description':'Host for SCM/SDDL/LSA Lookup APIs','FileVersion':'10.0.19041.4597 (WinBuild.160101.0800)','Hashes':'MD5=E6B0765B7823EA662C41CD6C424C409B,SHA256=9D0A639F101186E19B2DC6463905DEB4769181E2D669DF3F5D74AE9D8FEAFB0A,IMPHASH=42F5B94EBC84B0E2EC2AA9D30BA344E7','Image':'C:\\Users\\pparker\\Downloads\\DriverUpdate_1_2.exe','ImageLoaded':'C:\\Windows\\SysWOW64\\sechost.dll','OriginalFileName':'sechost.dll','ProcessGuid':'{7b34ed3d-31b8-673d-4306-000000000b00}','ProcessId':'6720','Product':'Microsoft® Windows® Operating System','RuleName':'-','Signature':'Microsoft Windows','SignatureStatus':'Valid','Signed':'true','User':'HOMELAB\\pparker','UtcTime':'2024-11-20 00:47:53.053'},'System':{'Channel':'Microsoft-Windows-Sysmon/Operational','Computer':'HL-WS04.HOMELAB.local','Correlation':'','EventID':'7','EventRecordID':'42265','Execution':{'ProcessID':'2052','ThreadID':'4064'},'Keywords':'0x8000000000000000','Level':'4','Opcode':'0','Provider':{'Guid':'{5770385f-c22a-43e0-bf4c-06f5698ffbd9}','Name':'Microsoft-Windows-Sysmon'},'Security':{'UserID':'S-1-5-18'},'Task':'7','TimeCreated':{'SystemTime':'2024-11-20T00:47:53.1825833Z'},'Version':'3','_event_id':'7'}}","{'Company':'Microsoft Corporation','Description':'Host for SCM/SDDL/LSA Lookup APIs','FileVersion':'10.0.19041.4597 (WinBuild.160101.0800)','Hashes':'MD5=E6B0765B7823EA662C41CD6C424C409B,SHA256=9D0A639F101186E19B2DC6463905DEB4769181E2D669DF3F5D74AE9D8FEAFB0A,IMPHASH=42F5B94EBC84B0E2EC2AA9D30BA344E7','Image':'C:\\Users\\pparker\\Downloads\\DriverUpdate_1_2.exe','ImageLoaded':'C:\\Windows\\SysWOW64\\sechost.dll','OriginalFileName':'sechost.dll','ProcessGuid':'{7b34ed3d-31b8-673d-4306-000000000b00}','ProcessId':'6720','Product':'Microsoft® Windows® Operating System','RuleName':'-','Signature':'Microsoft Windows','SignatureStatus':'Valid','Signed':'true','User':'HOMELAB\\pparker','UtcTime':'2024-11-20 00:47:53.053'}",,"Microsoft Corporation",,,"Host for SCM/SDDL/LSA Lookup APIs",,,,,,,,"10.0.19041.4597 (WinBuild.160101.0800)","MD5=E6B0765B7823EA662C41CD6C424C409B,SHA256=9D0A639F101186E19B2DC6463905DEB4769181E2D669DF3F5D74AE9D8FEAFB0A,IMPHASH=42F5B94EBC84B0E2EC2AA9D30BA344E7","C:\Users\pparker\Downloads\DriverUpdate_1_2.exe","C:\Windows\SysWOW64\sechost.dll",,,,,"sechost.dll",,,,,,"{7b34ed3d-31b8-673d-4306-000000000b00}","6720","Microsoft® Windows® Operating System",,"-","Microsoft Windows","Valid","true",,,,,,,,,"HOMELAB\pparker","2024-11-20 00:47:53.053","{'Channel':'Microsoft-Windows-Sysmon/Operational','Computer':'HL-WS04.HOMELAB.local','Correlation':'','EventID':'7','EventRecordID':'42265','Execution':{'ProcessID':'2052','ThreadID':'4064'},'Keywords':'0x8000000000000000','Level':'4','Opcode':'0','Provider':{'Guid':'{5770385f-c22a-43e0-bf4c-06f5698ffbd9}','Name':'Microsoft-Windows-Sysmon'},'Security':{'UserID':'S-1-5-18'},'Task':'7','TimeCreated':{'SystemTime':'2024-11-20T00:47:53.1825833Z'},'Version':'3','_event_id':'7'}","7","Microsoft-Windows-Sysmon/Operational","HL-WS04.HOMELAB.local","","7","42265","{'ProcessID':'2052','ThreadID':'4064'}","2052","4064","0x8000000000000000","4","0","{'Guid':'{5770385f-c22a-43e0-bf4c-06f5698ffbd9}','Name':'Microsoft-Windows-Sysmon'}","{5770385f-c22a-43e0-bf4c-06f5698ffbd9}","Microsoft-Windows-Sysmon","S-1-5-18","7","2024-11-20T00:47:53.1825833Z","3","{'arch':2,'did':'','event_id':'f3dbebb1-fa80-4787-95eb-2ccbed3dbeb7','event_time':1732063627806,'event_type':'WEL','ext_ip':'108.171.103.70','hostname':'hl-ws04.homelab.local','iid':'7e99630d-d276-4169-bd11-c23115a848fa','int_ip':'10.100.100.133','moduleid':2,'oid':'27c3229e-7f58-40c8-ad1a-799ff00e1781','plat':268435456,'sid':'20884ef9-0b46-4a29-9d58-832837729b10','tags':['workstations'],'this':'5c089ab916378001edde8990673d318b'}",2,"","f3dbebb1-fa80-4787-95eb-2ccbed3dbeb7",1732063627806,"WEL","108.171.103.70","hl-ws04.homelab.local","7e99630d-d276-4169-bd11-c23115a848fa","10.100.100.133",2,"27c3229e-7f58-40c8-ad1a-799ff00e1781",268435456,"20884ef9-0b46-4a29-9d58-832837729b10","['workstations']","5c089ab916378001edde8990673d318b"
"2024-11-20 00:47:07","{'EventData':{'Company':'Microsoft Corporation','Description':'Windows Socket 2.0 32-Bit DLL','FileVersion':'10.0.19041.3636 (WinBuild.160101.0800)','Hashes':'MD5=FC4A6145DDD1B64983E8700601C71FC6,SHA256=5D920A7A5486E7C1693334D59271F2A59A64B59A8FA87FA4BA71AACCE4CDF8A6,IMPHASH=EE5D442F1418DBA7B8404A20C0DBBA4F','Image':'C:\\Users\\pparker\\Downloads\\DriverUpdate_1_2.exe','ImageLoaded':'C:\\Windows\\SysWOW64\\ws2_32.dll','OriginalFileName':'ws2_32.dll','ProcessGuid':'{7b34ed3d-31b8-673d-4306-000000000b00}','ProcessId':'6720','Product':'Microsoft® Windows® Operating System','RuleName':'-','Signature':'Microsoft Windows','SignatureStatus':'Valid','Signed':'true','User':'HOMELAB\\pparker','UtcTime':'2024-11-20 00:47:53.186'},'System':{'Channel':'Microsoft-Windows-Sysmon/Operational','Computer':'HL-WS04.HOMELAB.local','Correlation':'','EventID':'7','EventRecordID':'42266','Execution':{'ProcessID':'2052','ThreadID':'3948'},'Keywords':'0x8000000000000000','Level':'4','Opcode':'0','Provider':{'Guid':'{5770385f-c22a-43e0-bf4c-06f5698ffbd9}','Name':'Microsoft-Windows-Sysmon'},'Security':{'UserID':'S-1-5-18'},'Task':'7','TimeCreated':{'SystemTime':'2024-11-20T00:47:53.1930664Z'},'Version':'3','_event_id':'7'}}","{'Company':'Microsoft Corporation','Description':'Windows Socket 2.0 32-Bit DLL','FileVersion':'10.0.19041.3636 (WinBuild.160101.0800)','Hashes':'MD5=FC4A6145DDD1B64983E8700601C71FC6,SHA256=5D920A7A5486E7C1693334D59271F2A59A64B59A8FA87FA4BA71AACCE4CDF8A6,IMPHASH=EE5D442F1418DBA7B8404A20C0DBBA4F','Image':'C:\\Users\\pparker\\Downloads\\DriverUpdate_1_2.exe','ImageLoaded':'C:\\Windows\\SysWOW64\\ws2_32.dll','OriginalFileName':'ws2_32.dll','ProcessGuid':'{7b34ed3d-31b8-673d-4306-000000000b00}','ProcessId':'6720','Product':'Microsoft® Windows® Operating System','RuleName':'-','Signature':'Microsoft Windows','SignatureStatus':'Valid','Signed':'true','User':'HOMELAB\\pparker','UtcTime':'2024-11-20 00:47:53.186'}",,"Microsoft Corporation",,,"Windows Socket 2.0 32-Bit DLL",,,,,,,,"10.0.19041.3636 (WinBuild.160101.0800)","MD5=FC4A6145DDD1B64983E8700601C71FC6,SHA256=5D920A7A5486E7C1693334D59271F2A59A64B59A8FA87FA4BA71AACCE4CDF8A6,IMPHASH=EE5D442F1418DBA7B8404A20C0DBBA4F","C:\Users\pparker\Downloads\DriverUpdate_1_2.exe","C:\Windows\SysWOW64\ws2_32.dll",,,,,"ws2_32.dll",,,,,,"{7b34ed3d-31b8-673d-4306-000000000b00}","6720","Microsoft® Windows® Operating System",,"-","Microsoft Windows","Valid","true",,,,,,,,,"HOMELAB\pparker","2024-11-20 00:47:53.186","{'Channel':'Microsoft-Windows-Sysmon/Operational','Computer':'HL-WS04.HOMELAB.local','Correlation':'','EventID':'7','EventRecordID':'42266','Execution':{'ProcessID':'2052','ThreadID':'3948'},'Keywords':'0x8000000000000000','Level':'4','Opcode':'0','Provider':{'Guid':'{5770385f-c22a-43e0-bf4c-06f5698ffbd9}','Name':'Microsoft-Windows-Sysmon'},'Security':{'UserID':'S-1-5-18'},'Task':'7','TimeCreated':{'SystemTime':'2024-11-20T00:47:53.1930664Z'},'Version':'3','_event_id':'7'}","7","Microsoft-Windows-Sysmon/Operational","HL-WS04.HOMELAB.local","","7","42266","{'ProcessID':'2052','ThreadID':'3948'}","2052","3948","0x8000000000000000","4","0","{'Guid':'{5770385f-c22a-43e0-bf4c-06f5698ffbd9}','Name':'Microsoft-Windows-Sysmon'}","{5770385f-c22a-43e0-bf4c-06f5698ffbd9}","Microsoft-Windows-Sysmon","S-1-5-18","7","2024-11-20T00:47:53.1930664Z","3","{'arch':2,'did':'','event_id':'e53fc250-fcce-4ae4-86f5-65f64fc4955c','event_time':1732063627806,'event_type':'WEL','ext_ip':'108.171.103.70','hostname':'hl-ws04.homelab.local','iid':'7e99630d-d276-4169-bd11-c23115a848fa','int_ip':'10.100.100.133','moduleid':2,'oid':'27c3229e-7f58-40c8-ad1a-799ff00e1781','plat':268435456,'sid':'20884ef9-0b46-4a29-9d58-832837729b10','tags':['workstations'],'this':'0784884eb8f9d87cb6dccab8673d318b'}",2,"","e53fc250-fcce-4ae4-86f5-65f64fc4955c",1732063627806,"WEL","108.171.103.70","hl-ws04.homelab.local","7e99630d-d276-4169-bd11-c23115a848fa","10.100.100.133",2,"27c3229e-7f58-40c8-ad1a-799ff00e1781",268435456,"20884ef9-0b46-4a29-9d58-832837729b10","['workstations']","0784884eb8f9d87cb6dccab8673d318b"
"2024-11-20 00:47:07","{'EventData':{'Company':'Microsoft Corporation','Description':'Windows Socket 2.0 32-Bit DLL','FileVersion':'10.0.19041.3636 (WinBuild.160101.0800)','Hashes':'MD5=FC4A6145DDD1B64983E8700601C71FC6,SHA256=5D920A7A5486E7C1693334D59271F2A59A64B59A8FA87FA4BA71AACCE4CDF8A6,IMPHASH=EE5D442F1418DBA7B8404A20C0DBBA4F','Image':'C:\\Users\\pparker\\Downloads\\DriverUpdate_1_2.exe','ImageLoaded':'C:\\Windows\\SysWOW64\\ws2_32.dll','OriginalFileName':'ws2_32.dll','ProcessGuid':'{7b34ed3d-31b8-673d-4306-000000000b00}','ProcessId':'6720','Product':'Microsoft® Windows® Operating System','RuleName':'-','Signature':'Microsoft Windows','SignatureStatus':'Valid','Signed':'true','User':'HOMELAB\\pparker','UtcTime':'2024-11-20 00:47:53.186'},'System':{'Channel':'Microsoft-Windows-Sysmon/Operational','Computer':'HL-WS04.HOMELAB.local','Correlation':'','EventID':'7','EventRecordID':'42267','Execution':{'ProcessID':'2052','ThreadID':'3948'},'Keywords':'0x8000000000000000','Level':'4','Opcode':'0','Provider':{'Guid':'{5770385f-c22a-43e0-bf4c-06f5698ffbd9}','Name':'Microsoft-Windows-Sysmon'},'Security':{'UserID':'S-1-5-18'},'Task':'7','TimeCreated':{'SystemTime':'2024-11-20T00:47:53.1937016Z'},'Version':'3','_event_id':'7'}}","{'Company':'Microsoft Corporation','Description':'Windows Socket 2.0 32-Bit DLL','FileVersion':'10.0.19041.3636 (WinBuild.160101.0800)','Hashes':'MD5=FC4A6145DDD1B64983E8700601C71FC6,SHA256=5D920A7A5486E7C1693334D59271F2A59A64B59A8FA87FA4BA71AACCE4CDF8A6,IMPHASH=EE5D442F1418DBA7B8404A20C0DBBA4F','Image':'C:\\Users\\pparker\\Downloads\\DriverUpdate_1_2.exe','ImageLoaded':'C:\\Windows\\SysWOW64\\ws2_32.dll','OriginalFileName':'ws2_32.dll','ProcessGuid':'{7b34ed3d-31b8-673d-4306-000000000b00}','ProcessId':'6720','Product':'Microsoft® Windows® Operating System','RuleName':'-','Signature':'Microsoft Windows','SignatureStatus':'Valid','Signed':'true','User':'HOMELAB\\pparker','UtcTime':'2024-11-20 00:47:53.186'}",,"Microsoft Corporation",,,"Windows Socket 2.0 32-Bit DLL",,,,,,,,"10.0.19041.3636 (WinBuild.160101.0800)","MD5=FC4A6145DDD1B64983E8700601C71FC6,SHA256=5D920A7A5486E7C1693334D59271F2A59A64B59A8FA87FA4BA71AACCE4CDF8A6,IMPHASH=EE5D442F1418DBA7B8404A20C0DBBA4F","C:\Users\pparker\Downloads\DriverUpdate_1_2.exe","C:\Windows\SysWOW64\ws2_32.dll",,,,,"ws2_32.dll",,,,,,"{7b34ed3d-31b8-673d-4306-000000000b00}","6720","Microsoft® Windows® Operating System",,"-","Microsoft Windows","Valid","true",,,,,,,,,"HOMELAB\pparker","2024-11-20 00:47:53.186","{'Channel':'Microsoft-Windows-Sysmon/Operational','Computer':'HL-WS04.HOMELAB.local','Correlation':'','EventID':'7','EventRecordID':'42267','Execution':{'ProcessID':'2052','ThreadID':'3948'},'Keywords':'0x8000000000000000','Level':'4','Opcode':'0','Provider':{'Guid':'{5770385f-c22a-43e0-bf4c-06f5698ffbd9}','Name':'Microsoft-Windows-Sysmon'},'Security':{'UserID':'S-1-5-18'},'Task':'7','TimeCreated':{'SystemTime':'2024-11-20T00:47:53.1937016Z'},'Version':'3','_event_id':'7'}","7","Microsoft-Windows-Sysmon/Operational","HL-WS04.HOMELAB.local","","7","42267","{'ProcessID':'2052','ThreadID':'3948'}","2052","3948","0x8000000000000000","4","0","{'Guid':'{5770385f-c22a-43e0-bf4c-06f5698ffbd9}','Name':'Microsoft-Windows-Sysmon'}","{5770385f-c22a-43e0-bf4c-06f5698ffbd9}","Microsoft-Windows-Sysmon","S-1-5-18","7","2024-11-20T00:47:53.1937016Z","3","{'arch':2,'did':'','event_id':'e30ef8bc-c8d4-45a8-9669-3126cbf92cd6','event_time':1732063627806,'event_type':'WEL','ext_ip':'108.171.103.70','hostname':'hl-ws04.homelab.local','iid':'7e99630d-d276-4169-bd11-c23115a848fa','int_ip':'10.100.100.133','moduleid':2,'oid':'27c3229e-7f58-40c8-ad1a-799ff00e1781','plat':268435456,'sid':'20884ef9-0b46-4a29-9d58-832837729b10','tags':['workstations'],'this':'3814e21820fcd48d084d6c2d673d318b'}",2,"","e30ef8bc-c8d4-45a8-9669-3126cbf92cd6",1732063627806,"WEL","108.171.103.70","hl-ws04.homelab.local","7e99630d-d276-4169-bd11-c23115a848fa","10.100.100.133",2,"27c3229e-7f58-40c8-ad1a-799ff00e1781",268435456,"20884ef9-0b46-4a29-9d58-832837729b10","['workstations']","3814e21820fcd48d084d6c2d673d318b"
"2024-11-20 00:47:07","{'EventData':{'Company':'Microsoft Corporation','Description':'Remote Procedure Call Runtime','FileVersion':'10.0.19041.4957 (WinBuild.160101.0800)','Hashes':'MD5=F234A2926A772EC10715D20DE8007CFD,SHA256=26D089FC190A9E34AEB1E9DBA49F2C88D802E17801999527D960DA24114BAF0D,IMPHASH=15D5DF23DC41C8C2FE52E82BF924BFFC','Image':'C:\\Users\\pparker\\Downloads\\DriverUpdate_1_2.exe','ImageLoaded':'C:\\Windows\\SysWOW64\\rpcrt4.dll','OriginalFileName':'rpcrt4.dll','ProcessGuid':'{7b34ed3d-31b8-673d-4306-000000000b00}','ProcessId':'6720','Product':'Microsoft® Windows® Operating System','RuleName':'-','Signature':'Microsoft Windows','SignatureStatus':'Valid','Signed':'true','User':'HOMELAB\\pparker','UtcTime':'2024-11-20 00:47:53.053'},'System':{'Channel':'Microsoft-Windows-Sysmon/Operational','Computer':'HL-WS04.HOMELAB.local','Correlation':'','EventID':'7','EventRecordID':'42268','Execution':{'ProcessID':'2052','ThreadID':'4064'},'Keywords':'0x8000000000000000','Level':'4','Opcode':'0','Provider':{'Guid':'{5770385f-c22a-43e0-bf4c-06f5698ffbd9}','Name':'Microsoft-Windows-Sysmon'},'Security':{'UserID':'S-1-5-18'},'Task':'7','TimeCreated':{'SystemTime':'2024-11-20T00:47:53.1944009Z'},'Version':'3','_event_id':'7'}}","{'Company':'Microsoft Corporation','Description':'Remote Procedure Call Runtime','FileVersion':'10.0.19041.4957 (WinBuild.160101.0800)','Hashes':'MD5=F234A2926A772EC10715D20DE8007CFD,SHA256=26D089FC190A9E34AEB1E9DBA49F2C88D802E17801999527D960DA24114BAF0D,IMPHASH=15D5DF23DC41C8C2FE52E82BF924BFFC','Image':'C:\\Users\\pparker\\Downloads\\DriverUpdate_1_2.exe','ImageLoaded':'C:\\Windows\\SysWOW64\\rpcrt4.dll','OriginalFileName':'rpcrt4.dll','ProcessGuid':'{7b34ed3d-31b8-673d-4306-000000000b00}','ProcessId':'6720','Product':'Microsoft® Windows® Operating System','RuleName':'-','Signature':'Microsoft Windows','SignatureStatus':'Valid','Signed':'true','User':'HOMELAB\\pparker','UtcTime':'2024-11-20 00:47:53.053'}",,"Microsoft Corporation",,,"Remote Procedure Call Runtime",,,,,,,,"10.0.19041.4957 (WinBuild.160101.0800)","MD5=F234A2926A772EC10715D20DE8007CFD,SHA256=26D089FC190A9E34AEB1E9DBA49F2C88D802E17801999527D960DA24114BAF0D,IMPHASH=15D5DF23DC41C8C2FE52E82BF924BFFC","C:\Users\pparker\Downloads\DriverUpdate_1_2.exe","C:\Windows\SysWOW64\rpcrt4.dll",,,,,"rpcrt4.dll",,,,,,"{7b34ed3d-31b8-673d-4306-000000000b00}","6720","Microsoft® Windows® Operating System",,"-","Microsoft Windows","Valid","true",,,,,,,,,"HOMELAB\pparker","2024-11-20 00:47:53.053","{'Channel':'Microsoft-Windows-Sysmon/Operational','Computer':'HL-WS04.HOMELAB.local','Correlation':'','EventID':'7','EventRecordID':'42268','Execution':{'ProcessID':'2052','ThreadID':'4064'},'Keywords':'0x8000000000000000','Level':'4','Opcode':'0','Provider':{'Guid':'{5770385f-c22a-43e0-bf4c-06f5698ffbd9}','Name':'Microsoft-Windows-Sysmon'},'Security':{'UserID':'S-1-5-18'},'Task':'7','TimeCreated':{'SystemTime':'2024-11-20T00:47:53.1944009Z'},'Version':'3','_event_id':'7'}","7","Microsoft-Windows-Sysmon/Operational","HL-WS04.HOMELAB.local","","7","42268","{'ProcessID':'2052','ThreadID':'4064'}","2052","4064","0x8000000000000000","4","0","{'Guid':'{5770385f-c22a-43e0-bf4c-06f5698ffbd9}','Name':'Microsoft-Windows-Sysmon'}","{5770385f-c22a-43e0-bf4c-06f5698ffbd9}","Microsoft-Windows-Sysmon","S-1-5-18","7","2024-11-20T00:47:53.1944009Z","3","{'arch':2,'did':'','event_id':'f6bc725b-45aa-4d33-9508-5ed1dbce4cf5','event_time':1732063627806,'event_type':'WEL','ext_ip':'108.171.103.70','hostname':'hl-ws04.homelab.local','iid':'7e99630d-d276-4169-bd11-c23115a848fa','int_ip':'10.100.100.133','moduleid':2,'oid':'27c3229e-7f58-40c8-ad1a-799ff00e1781','plat':268435456,'sid':'20884ef9-0b46-4a29-9d58-832837729b10','tags':['workstations'],'this':'73798bd85805f0935f5f29ee673d318b'}",2,"","f6bc725b-45aa-4d33-9508-5ed1dbce4cf5",1732063627806,"WEL","108.171.103.70","hl-ws04.homelab.local","7e99630d-d276-4169-bd11-c23115a848fa","10.100.100.133",2,"27c3229e-7f58-40c8-ad1a-799ff00e1781",268435456,"20884ef9-0b46-4a29-9d58-832837729b10","['workstations']","73798bd85805f0935f5f29ee673d318b"
"2024-11-20 00:47:07","{'EventData':{'Company':'Microsoft Corporation','Description':'Windows Cryptographic Primitives Library (Wow64)','FileVersion':'10.0.19041.3636 (WinBuild.160101.0800)','Hashes':'MD5=0971A56F462273CD81B76613F51B5580,SHA256=85D1979FF9C67865693BA050470DABFB39B3CCB105FBA755BF5626B9BBD450EF,IMPHASH=B6A247BEBBE359A2C85C40344E34AB03','Image':'C:\\Users\\pparker\\Downloads\\DriverUpdate_1_2.exe','ImageLoaded':'C:\\Windows\\SysWOW64\\bcrypt.dll','OriginalFileName':'bcrypt.dll','ProcessGuid':'{7b34ed3d-31b8-673d-4306-000000000b00}','ProcessId':'6720','Product':'Microsoft® Windows® Operating System','RuleName':'-','Signature':'Microsoft Windows','SignatureStatus':'Valid','Signed':'true','User':'HOMELAB\\pparker','UtcTime':'2024-11-20 00:47:53.053'},'System':{'Channel':'Microsoft-Windows-Sysmon/Operational','Computer':'HL-WS04.HOMELAB.local','Correlation':'','EventID':'7','EventRecordID':'42269','Execution':{'ProcessID':'2052','ThreadID':'4064'},'Keywords':'0x8000000000000000','Level':'4','Opcode':'0','Provider':{'Guid':'{5770385f-c22a-43e0-bf4c-06f5698ffbd9}','Name':'Microsoft-Windows-Sysmon'},'Security':{'UserID':'S-1-5-18'},'Task':'7','TimeCreated':{'SystemTime':'2024-11-20T00:47:53.2006191Z'},'Version':'3','_event_id':'7'}}","{'Company':'Microsoft Corporation','Description':'Windows Cryptographic Primitives Library (Wow64)','FileVersion':'10.0.19041.3636 (WinBuild.160101.0800)','Hashes':'MD5=0971A56F462273CD81B76613F51B5580,SHA256=85D1979FF9C67865693BA050470DABFB39B3CCB105FBA755BF5626B9BBD450EF,IMPHASH=B6A247BEBBE359A2C85C40344E34AB03','Image':'C:\\Users\\pparker\\Downloads\\DriverUpdate_1_2.exe','ImageLoaded':'C:\\Windows\\SysWOW64\\bcrypt.dll','OriginalFileName':'bcrypt.dll','ProcessGuid':'{7b34ed3d-31b8-673d-4306-000000000b00}','ProcessId':'6720','Product':'Microsoft® Windows® Operating System','RuleName':'-','Signature':'Microsoft Windows','SignatureStatus':'Valid','Signed':'true','User':'HOMELAB\\pparker','UtcTime':'2024-11-20 00:47:53.053'}",,"Microsoft Corporation",,,"Windows Cryptographic Primitives Library (Wow64)",,,,,,,,"10.0.19041.3636 (WinBuild.160101.0800)","MD5=0971A56F462273CD81B76613F51B5580,SHA256=85D1979FF9C67865693BA050470DABFB39B3CCB105FBA755BF5626B9BBD450EF,IMPHASH=B6A247BEBBE359A2C85C40344E34AB03","C:\Users\pparker\Downloads\DriverUpdate_1_2.exe","C:\Windows\SysWOW64\bcrypt.dll",,,,,"bcrypt.dll",,,,,,"{7b34ed3d-31b8-673d-4306-000000000b00}","6720","Microsoft® Windows® Operating System",,"-","Microsoft Windows","Valid","true",,,,,,,,,"HOMELAB\pparker","2024-11-20 00:47:53.053","{'Channel':'Microsoft-Windows-Sysmon/Operational','Computer':'HL-WS04.HOMELAB.local','Correlation':'','EventID':'7','EventRecordID':'42269','Execution':{'ProcessID':'2052','ThreadID':'4064'},'Keywords':'0x8000000000000000','Level':'4','Opcode':'0','Provider':{'Guid':'{5770385f-c22a-43e0-bf4c-06f5698ffbd9}','Name':'Microsoft-Windows-Sysmon'},'Security':{'UserID':'S-1-5-18'},'Task':'7','TimeCreated':{'SystemTime':'2024-11-20T00:47:53.2006191Z'},'Version':'3','_event_id':'7'}","7","Microsoft-Windows-Sysmon/Operational","HL-WS04.HOMELAB.local","","7","42269","{'ProcessID':'2052','ThreadID':'4064'}","2052","4064","0x8000000000000000","4","0","{'Guid':'{5770385f-c22a-43e0-bf4c-06f5698ffbd9}','Name':'Microsoft-Windows-Sysmon'}","{5770385f-c22a-43e0-bf4c-06f5698ffbd9}","Microsoft-Windows-Sysmon","S-1-5-18","7","2024-11-20T00:47:53.2006191Z","3","{'arch':2,'did':'','event_id':'4481a384-7cf5-4f68-a2a5-3c5835776352','event_time':1732063627806,'event_type':'WEL','ext_ip':'108.171.103.70','hostname':'hl-ws04.homelab.local','iid':'7e99630d-d276-4169-bd11-c23115a848fa','int_ip':'10.100.100.133','moduleid':2,'oid':'27c3229e-7f58-40c8-ad1a-799ff00e1781','plat':268435456,'sid':'20884ef9-0b46-4a29-9d58-832837729b10','tags':['workstations'],'this':'55387573bd3c53eb636fcfa8673d318b'}",2,"","4481a384-7cf5-4f68-a2a5-3c5835776352",1732063627806,"WEL","108.171.103.70","hl-ws04.homelab.local","7e99630d-d276-4169-bd11-c23115a848fa","10.100.100.133",2,"27c3229e-7f58-40c8-ad1a-799ff00e1781",268435456,"20884ef9-0b46-4a29-9d58-832837729b10","['workstations']","55387573bd3c53eb636fcfa8673d318b"
"2024-11-20 00:47:07","{'EventData':{'Company':'Microsoft Corporation','Description':'Shell Light-weight Utility Library','FileVersion':'10.0.19041.4355 (WinBuild.160101.0800)','Hashes':'MD5=9307CA03DEB012AAD98106D947BA6C7C,SHA256=549AEB1CAA35B334B036E36F4CF52EDA865F073830648D83E937AD909541E605,IMPHASH=69D5E7624245207078FE54B3CC3D1AC0','Image':'C:\\Users\\pparker\\Downloads\\DriverUpdate_1_2.exe','ImageLoaded':'C:\\Windows\\SysWOW64\\shlwapi.dll','OriginalFileName':'SHLWAPI.DLL','ProcessGuid':'{7b34ed3d-31b8-673d-4306-000000000b00}','ProcessId':'6720','Product':'Microsoft® Windows® Operating System','RuleName':'-','Signature':'Microsoft Windows','SignatureStatus':'Valid','Signed':'true','User':'HOMELAB\\pparker','UtcTime':'2024-11-20 00:47:53.053'},'System':{'Channel':'Microsoft-Windows-Sysmon/Operational','Computer':'HL-WS04.HOMELAB.local','Correlation':'','EventID':'7','EventRecordID':'42270','Execution':{'ProcessID':'2052','ThreadID':'4064'},'Keywords':'0x8000000000000000','Level':'4','Opcode':'0','Provider':{'Guid':'{5770385f-c22a-43e0-bf4c-06f5698ffbd9}','Name':'Microsoft-Windows-Sysmon'},'Security':{'UserID':'S-1-5-18'},'Task':'7','TimeCreated':{'SystemTime':'2024-11-20T00:47:53.2080297Z'},'Version':'3','_event_id':'7'}}","{'Company':'Microsoft Corporation','Description':'Shell Light-weight Utility Library','FileVersion':'10.0.19041.4355 (WinBuild.160101.0800)','Hashes':'MD5=9307CA03DEB012AAD98106D947BA6C7C,SHA256=549AEB1CAA35B334B036E36F4CF52EDA865F073830648D83E937AD909541E605,IMPHASH=69D5E7624245207078FE54B3CC3D1AC0','Image':'C:\\Users\\pparker\\Downloads\\DriverUpdate_1_2.exe','ImageLoaded':'C:\\Windows\\SysWOW64\\shlwapi.dll','OriginalFileName':'SHLWAPI.DLL','ProcessGuid':'{7b34ed3d-31b8-673d-4306-000000000b00}','ProcessId':'6720','Product':'Microsoft® Windows® Operating System','RuleName':'-','Signature':'Microsoft Windows','SignatureStatus':'Valid','Signed':'true','User':'HOMELAB\\pparker','UtcTime':'2024-11-20 00:47:53.053'}",,"Microsoft Corporation",,,"Shell Light-weight Utility Library",,,,,,,,"10.0.19041.4355 (WinBuild.160101.0800)","MD5=9307CA03DEB012AAD98106D947BA6C7C,SHA256=549AEB1CAA35B334B036E36F4CF52EDA865F073830648D83E937AD909541E605,IMPHASH=69D5E7624245207078FE54B3CC3D1AC0","C:\Users\pparker\Downloads\DriverUpdate_1_2.exe","C:\Windows\SysWOW64\shlwapi.dll",,,,,"SHLWAPI.DLL",,,,,,"{7b34ed3d-31b8-673d-4306-000000000b00}","6720","Microsoft® Windows® Operating System",,"-","Microsoft Windows","Valid","true",,,,,,,,,"HOMELAB\pparker","2024-11-20 00:47:53.053","{'Channel':'Microsoft-Windows-Sysmon/Operational','Computer':'HL-WS04.HOMELAB.local','Correlation':'','EventID':'7','EventRecordID':'42270','Execution':{'ProcessID':'2052','ThreadID':'4064'},'Keywords':'0x8000000000000000','Level':'4','Opcode':'0','Provider':{'Guid':'{5770385f-c22a-43e0-bf4c-06f5698ffbd9}','Name':'Microsoft-Windows-Sysmon'},'Security':{'UserID':'S-1-5-18'},'Task':'7','TimeCreated':{'SystemTime':'2024-11-20T00:47:53.2080297Z'},'Version':'3','_event_id':'7'}","7","Microsoft-Windows-Sysmon/Operational","HL-WS04.HOMELAB.local","","7","42270","{'ProcessID':'2052','ThreadID':'4064'}","2052","4064","0x8000000000000000","4","0","{'Guid':'{5770385f-c22a-43e0-bf4c-06f5698ffbd9}','Name':'Microsoft-Windows-Sysmon'}","{5770385f-c22a-43e0-bf4c-06f5698ffbd9}","Microsoft-Windows-Sysmon","S-1-5-18","7","2024-11-20T00:47:53.2080297Z","3","{'arch':2,'did':'','event_id':'a3ddc878-a4e5-42d0-bddd-39f2ccb2d57b','event_time':1732063627806,'event_type':'WEL','ext_ip':'108.171.103.70','hostname':'hl-ws04.homelab.local','iid':'7e99630d-d276-4169-bd11-c23115a848fa','int_ip':'10.100.100.133','moduleid':2,'oid':'27c3229e-7f58-40c8-ad1a-799ff00e1781','plat':268435456,'sid':'20884ef9-0b46-4a29-9d58-832837729b10','tags':['workstations'],'this':'c5b9a62f96e5e99ee4e0b3fa673d318b'}",2,"","a3ddc878-a4e5-42d0-bddd-39f2ccb2d57b",1732063627806,"WEL","108.171.103.70","hl-ws04.homelab.local","7e99630d-d276-4169-bd11-c23115a848fa","10.100.100.133",2,"27c3229e-7f58-40c8-ad1a-799ff00e1781",268435456,"20884ef9-0b46-4a29-9d58-832837729b10","['workstations']","c5b9a62f96e5e99ee4e0b3fa673d318b"
"2024-11-20 00:47:07","{'EventData':{'Company':'Microsoft Corporation','Description':'Multi-User Windows USER API Client DLL','FileVersion':'10.0.19041.5007 (WinBuild.160101.0800)','Hashes':'MD5=8C16D1E30535FC070A80315013E0D847,SHA256=7A41E66F592439DD2A2AC24A4CEA3C785D4712D11FDD2220F38A5178F038AA0D,IMPHASH=D3A0F6EDE596DAF46B66AEC0B3A2D4D5','Image':'C:\\Users\\pparker\\Downloads\\DriverUpdate_1_2.exe','ImageLoaded':'C:\\Windows\\SysWOW64\\user32.dll','OriginalFileName':'user32','ProcessGuid':'{7b34ed3d-31b8-673d-4306-000000000b00}','ProcessId':'6720','Product':'Microsoft® Windows® Operating System','RuleName':'-','Signature':'Microsoft Windows','SignatureStatus':'Valid','Signed':'true','User':'HOMELAB\\pparker','UtcTime':'2024-11-20 00:47:53.053'},'System':{'Channel':'Microsoft-Windows-Sysmon/Operational','Computer':'HL-WS04.HOMELAB.local','Correlation':'','EventID':'7','EventRecordID':'42271','Execution':{'ProcessID':'2052','ThreadID':'4064'},'Keywords':'0x8000000000000000','Level':'4','Opcode':'0','Provider':{'Guid':'{5770385f-c22a-43e0-bf4c-06f5698ffbd9}','Name':'Microsoft-Windows-Sysmon'},'Security':{'UserID':'S-1-5-18'},'Task':'7','TimeCreated':{'SystemTime':'2024-11-20T00:47:53.2275143Z'},'Version':'3','_event_id':'7'}}","{'Company':'Microsoft Corporation','Description':'Multi-User Windows USER API Client DLL','FileVersion':'10.0.19041.5007 (WinBuild.160101.0800)','Hashes':'MD5=8C16D1E30535FC070A80315013E0D847,SHA256=7A41E66F592439DD2A2AC24A4CEA3C785D4712D11FDD2220F38A5178F038AA0D,IMPHASH=D3A0F6EDE596DAF46B66AEC0B3A2D4D5','Image':'C:\\Users\\pparker\\Downloads\\DriverUpdate_1_2.exe','ImageLoaded':'C:\\Windows\\SysWOW64\\user32.dll','OriginalFileName':'user32','ProcessGuid':'{7b34ed3d-31b8-673d-4306-000000000b00}','ProcessId':'6720','Product':'Microsoft® Windows® Operating System','RuleName':'-','Signature':'Microsoft Windows','SignatureStatus':'Valid','Signed':'true','User':'HOMELAB\\pparker','UtcTime':'2024-11-20 00:47:53.053'}",,"Microsoft Corporation",,,"Multi-User Windows USER API Client DLL",,,,,,,,"10.0.19041.5007 (WinBuild.160101.0800)","MD5=8C16D1E30535FC070A80315013E0D847,SHA256=7A41E66F592439DD2A2AC24A4CEA3C785D4712D11FDD2220F38A5178F038AA0D,IMPHASH=D3A0F6EDE596DAF46B66AEC0B3A2D4D5","C:\Users\pparker\Downloads\DriverUpdate_1_2.exe","C:\Windows\SysWOW64\user32.dll",,,,,"user32",,,,,,"{7b34ed3d-31b8-673d-4306-000000000b00}","6720","Microsoft® Windows® Operating System",,"-","Microsoft Windows","Valid","true",,,,,,,,,"HOMELAB\pparker","2024-11-20 00:47:53.053","{'Channel':'Microsoft-Windows-Sysmon/Operational','Computer':'HL-WS04.HOMELAB.local','Correlation':'','EventID':'7','EventRecordID':'42271','Execution':{'ProcessID':'2052','ThreadID':'4064'},'Keywords':'0x8000000000000000','Level':'4','Opcode':'0','Provider':{'Guid':'{5770385f-c22a-43e0-bf4c-06f5698ffbd9}','Name':'Microsoft-Windows-Sysmon'},'Security':{'UserID':'S-1-5-18'},'Task':'7','TimeCreated':{'SystemTime':'2024-11-20T00:47:53.2275143Z'},'Version':'3','_event_id':'7'}","7","Microsoft-Windows-Sysmon/Operational","HL-WS04.HOMELAB.local","","7","42271","{'ProcessID':'2052','ThreadID':'4064'}","2052","4064","0x8000000000000000","4","0","{'Guid':'{5770385f-c22a-43e0-bf4c-06f5698ffbd9}','Name':'Microsoft-Windows-Sysmon'}","{5770385f-c22a-43e0-bf4c-06f5698ffbd9}","Microsoft-Windows-Sysmon","S-1-5-18","7","2024-11-20T00:47:53.2275143Z","3","{'arch':2,'did':'','event_id':'84043a09-fa95-4788-9154-dd0640072a6a','event_time':1732063627806,'event_type':'WEL','ext_ip':'108.171.103.70','hostname':'hl-ws04.homelab.local','iid':'7e99630d-d276-4169-bd11-c23115a848fa','int_ip':'10.100.100.133','moduleid':2,'oid':'27c3229e-7f58-40c8-ad1a-799ff00e1781','plat':268435456,'sid':'20884ef9-0b46-4a29-9d58-832837729b10','tags':['workstations'],'this':'c0d5a6cce47567c0427b9180673d318b'}",2,"","84043a09-fa95-4788-9154-dd0640072a6a",1732063627806,"WEL","108.171.103.70","hl-ws04.homelab.local","7e99630d-d276-4169-bd11-c23115a848fa","10.100.100.133",2,"27c3229e-7f58-40c8-ad1a-799ff00e1781",268435456,"20884ef9-0b46-4a29-9d58-832837729b10","['workstations']","c0d5a6cce47567c0427b9180673d318b"
"2024-11-20 00:47:07","{'EventData':{'Company':'Microsoft Corporation','Description':'Win32u','FileVersion':'10.0.19041.5007 (WinBuild.160101.0800)','Hashes':'MD5=DCE84A117C01847D8E548B73DA3F04BC,SHA256=20615AB6DF55CE678E834965783CB748D0FB42E0C42BFB6D67E73EB467BE6923,IMPHASH=5D2578ED274AAD83C30A3917C98404EE','Image':'C:\\Users\\pparker\\Downloads\\DriverUpdate_1_2.exe','ImageLoaded':'C:\\Windows\\SysWOW64\\win32u.dll','OriginalFileName':'Win32u.DLL','ProcessGuid':'{7b34ed3d-31b8-673d-4306-000000000b00}','ProcessId':'6720','Product':'Microsoft® Windows® Operating System','RuleName':'-','Signature':'Microsoft Windows','SignatureStatus':'Valid','Signed':'true','User':'HOMELAB\\pparker','UtcTime':'2024-11-20 00:47:53.053'},'System':{'Channel':'Microsoft-Windows-Sysmon/Operational','Computer':'HL-WS04.HOMELAB.local','Correlation':'','EventID':'7','EventRecordID':'42272','Execution':{'ProcessID':'2052','ThreadID':'4064'},'Keywords':'0x8000000000000000','Level':'4','Opcode':'0','Provider':{'Guid':'{5770385f-c22a-43e0-bf4c-06f5698ffbd9}','Name':'Microsoft-Windows-Sysmon'},'Security':{'UserID':'S-1-5-18'},'Task':'7','TimeCreated':{'SystemTime':'2024-11-20T00:47:53.2347043Z'},'Version':'3','_event_id':'7'}}","{'Company':'Microsoft Corporation','Description':'Win32u','FileVersion':'10.0.19041.5007 (WinBuild.160101.0800)','Hashes':'MD5=DCE84A117C01847D8E548B73DA3F04BC,SHA256=20615AB6DF55CE678E834965783CB748D0FB42E0C42BFB6D67E73EB467BE6923,IMPHASH=5D2578ED274AAD83C30A3917C98404EE','Image':'C:\\Users\\pparker\\Downloads\\DriverUpdate_1_2.exe','ImageLoaded':'C:\\Windows\\SysWOW64\\win32u.dll','OriginalFileName':'Win32u.DLL','ProcessGuid':'{7b34ed3d-31b8-673d-4306-000000000b00}','ProcessId':'6720','Product':'Microsoft® Windows® Operating System','RuleName':'-','Signature':'Microsoft Windows','SignatureStatus':'Valid','Signed':'true','User':'HOMELAB\\pparker','UtcTime':'2024-11-20 00:47:53.053'}",,"Microsoft Corporation",,,"Win32u",,,,,,,,"10.0.19041.5007 (WinBuild.160101.0800)","MD5=DCE84A117C01847D8E548B73DA3F04BC,SHA256=20615AB6DF55CE678E834965783CB748D0FB42E0C42BFB6D67E73EB467BE6923,IMPHASH=5D2578ED274AAD83C30A3917C98404EE","C:\Users\pparker\Downloads\DriverUpdate_1_2.exe","C:\Windows\SysWOW64\win32u.dll",,,,,"Win32u.DLL",,,,,,"{7b34ed3d-31b8-673d-4306-000000000b00}","6720","Microsoft® Windows® Operating System",,"-","Microsoft Windows","Valid","true",,,,,,,,,"HOMELAB\pparker","2024-11-20 00:47:53.053","{'Channel':'Microsoft-Windows-Sysmon/Operational','Computer':'HL-WS04.HOMELAB.local','Correlation':'','EventID':'7','EventRecordID':'42272','Execution':{'ProcessID':'2052','ThreadID':'4064'},'Keywords':'0x8000000000000000','Level':'4','Opcode':'0','Provider':{'Guid':'{5770385f-c22a-43e0-bf4c-06f5698ffbd9}','Name':'Microsoft-Windows-Sysmon'},'Security':{'UserID':'S-1-5-18'},'Task':'7','TimeCreated':{'SystemTime':'2024-11-20T00:47:53.2347043Z'},'Version':'3','_event_id':'7'}","7","Microsoft-Windows-Sysmon/Operational","HL-WS04.HOMELAB.local","","7","42272","{'ProcessID':'2052','ThreadID':'4064'}","2052","4064","0x8000000000000000","4","0","{'Guid':'{5770385f-c22a-43e0-bf4c-06f5698ffbd9}','Name':'Microsoft-Windows-Sysmon'}","{5770385f-c22a-43e0-bf4c-06f5698ffbd9}","Microsoft-Windows-Sysmon","S-1-5-18","7","2024-11-20T00:47:53.2347043Z","3","{'arch':2,'did':'','event_id':'34a276f1-6010-4186-983e-d4acdbfb2189','event_time':1732063627806,'event_type':'WEL','ext_ip':'108.171.103.70','hostname':'hl-ws04.homelab.local','iid':'7e99630d-d276-4169-bd11-c23115a848fa','int_ip':'10.100.100.133','moduleid':2,'oid':'27c3229e-7f58-40c8-ad1a-799ff00e1781','plat':268435456,'sid':'20884ef9-0b46-4a29-9d58-832837729b10','tags':['workstations'],'this':'56543ac9f0ba2abc2ac719a5673d318b'}",2,"","34a276f1-6010-4186-983e-d4acdbfb2189",1732063627806,"WEL","108.171.103.70","hl-ws04.homelab.local","7e99630d-d276-4169-bd11-c23115a848fa","10.100.100.133",2,"27c3229e-7f58-40c8-ad1a-799ff00e1781",268435456,"20884ef9-0b46-4a29-9d58-832837729b10","['workstations']","56543ac9f0ba2abc2ac719a5673d318b"
"2024-11-20 00:47:07","{'EventData':{'Company':'Microsoft Corporation','Description':'GDI Client DLL','FileVersion':'10.0.19041.4474 (WinBuild.160101.0800)','Hashes':'MD5=AF54E72FD8BA0357763B85DCFF367F0D,SHA256=5F371373CFEB61533386BB327EFC9032907572074C82E3B41330839DF9969417,IMPHASH=D6485FF25987C4EE7930F552022263DC','Image':'C:\\Users\\pparker\\Downloads\\DriverUpdate_1_2.exe','ImageLoaded':'C:\\Windows\\SysWOW64\\gdi32.dll','OriginalFileName':'gdi32','ProcessGuid':'{7b34ed3d-31b8-673d-4306-000000000b00}','ProcessId':'6720','Product':'Microsoft® Windows® Operating System','RuleName':'-','Signature':'Microsoft Windows','SignatureStatus':'Valid','Signed':'true','User':'HOMELAB\\pparker','UtcTime':'2024-11-20 00:47:53.053'},'System':{'Channel':'Microsoft-Windows-Sysmon/Operational','Computer':'HL-WS04.HOMELAB.local','Correlation':'','EventID':'7','EventRecordID':'42273','Execution':{'ProcessID':'2052','ThreadID':'4064'},'Keywords':'0x8000000000000000','Level':'4','Opcode':'0','Provider':{'Guid':'{5770385f-c22a-43e0-bf4c-06f5698ffbd9}','Name':'Microsoft-Windows-Sysmon'},'Security':{'UserID':'S-1-5-18'},'Task':'7','TimeCreated':{'SystemTime':'2024-11-20T00:47:53.2425788Z'},'Version':'3','_event_id':'7'}}","{'Company':'Microsoft Corporation','Description':'GDI Client DLL','FileVersion':'10.0.19041.4474 (WinBuild.160101.0800)','Hashes':'MD5=AF54E72FD8BA0357763B85DCFF367F0D,SHA256=5F371373CFEB61533386BB327EFC9032907572074C82E3B41330839DF9969417,IMPHASH=D6485FF25987C4EE7930F552022263DC','Image':'C:\\Users\\pparker\\Downloads\\DriverUpdate_1_2.exe','ImageLoaded':'C:\\Windows\\SysWOW64\\gdi32.dll','OriginalFileName':'gdi32','ProcessGuid':'{7b34ed3d-31b8-673d-4306-000000000b00}','ProcessId':'6720','Product':'Microsoft® Windows® Operating System','RuleName':'-','Signature':'Microsoft Windows','SignatureStatus':'Valid','Signed':'true','User':'HOMELAB\\pparker','UtcTime':'2024-11-20 00:47:53.053'}",,"Microsoft Corporation",,,"GDI Client DLL",,,,,,,,"10.0.19041.4474 (WinBuild.160101.0800)","MD5=AF54E72FD8BA0357763B85DCFF367F0D,SHA256=5F371373CFEB61533386BB327EFC9032907572074C82E3B41330839DF9969417,IMPHASH=D6485FF25987C4EE7930F552022263DC","C:\Users\pparker\Downloads\DriverUpdate_1_2.exe","C:\Windows\SysWOW64\gdi32.dll",,,,,"gdi32",,,,,,"{7b34ed3d-31b8-673d-4306-000000000b00}","6720","Microsoft® Windows® Operating System",,"-","Microsoft Windows","Valid","true",,,,,,,,,"HOMELAB\pparker","2024-11-20 00:47:53.053","{'Channel':'Microsoft-Windows-Sysmon/Operational','Computer':'HL-WS04.HOMELAB.local','Correlation':'','EventID':'7','EventRecordID':'42273','Execution':{'ProcessID':'2052','ThreadID':'4064'},'Keywords':'0x8000000000000000','Level':'4','Opcode':'0','Provider':{'Guid':'{5770385f-c22a-43e0-bf4c-06f5698ffbd9}','Name':'Microsoft-Windows-Sysmon'},'Security':{'UserID':'S-1-5-18'},'Task':'7','TimeCreated':{'SystemTime':'2024-11-20T00:47:53.2425788Z'},'Version':'3','_event_id':'7'}","7","Microsoft-Windows-Sysmon/Operational","HL-WS04.HOMELAB.local","","7","42273","{'ProcessID':'2052','ThreadID':'4064'}","2052","4064","0x8000000000000000","4","0","{'Guid':'{5770385f-c22a-43e0-bf4c-06f5698ffbd9}','Name':'Microsoft-Windows-Sysmon'}","{5770385f-c22a-43e0-bf4c-06f5698ffbd9}","Microsoft-Windows-Sysmon","S-1-5-18","7","2024-11-20T00:47:53.2425788Z","3","{'arch':2,'did':'','event_id':'5f461b74-fa76-48bf-9509-7ba3e55ec319','event_time':1732063627806,'event_type':'WEL','ext_ip':'108.171.103.70','hostname':'hl-ws04.homelab.local','iid':'7e99630d-d276-4169-bd11-c23115a848fa','int_ip':'10.100.100.133','moduleid':2,'oid':'27c3229e-7f58-40c8-ad1a-799ff00e1781','plat':268435456,'sid':'20884ef9-0b46-4a29-9d58-832837729b10','tags':['workstations'],'this':'b3c4f3c42addb0116e976410673d318b'}",2,"","5f461b74-fa76-48bf-9509-7ba3e55ec319",1732063627806,"WEL","108.171.103.70","hl-ws04.homelab.local","7e99630d-d276-4169-bd11-c23115a848fa","10.100.100.133",2,"27c3229e-7f58-40c8-ad1a-799ff00e1781",268435456,"20884ef9-0b46-4a29-9d58-832837729b10","['workstations']","b3c4f3c42addb0116e976410673d318b"
"2024-11-20 00:47:07","{'EventData':{'Company':'Microsoft Corporation','Description':'GDI Client DLL','FileVersion':'10.0.19041.5007 (WinBuild.160101.0800)','Hashes':'MD5=CC3EE6E008284F9205432711B08C9F39,SHA256=54A767C1D87BBBFB40CBB04642A84A0C2F11E4E1F25A59346BAAB8E9DC913ACC,IMPHASH=5F8D4A81BD3B22F1D106D948EB4BCFCE','Image':'C:\\Users\\pparker\\Downloads\\DriverUpdate_1_2.exe','ImageLoaded':'C:\\Windows\\SysWOW64\\gdi32full.dll','OriginalFileName':'gdi32','ProcessGuid':'{7b34ed3d-31b8-673d-4306-000000000b00}','ProcessId':'6720','Product':'Microsoft® Windows® Operating System','RuleName':'-','Signature':'Microsoft Windows','SignatureStatus':'Valid','Signed':'true','User':'HOMELAB\\pparker','UtcTime':'2024-11-20 00:47:53.053'},'System':{'Channel':'Microsoft-Windows-Sysmon/Operational','Computer':'HL-WS04.HOMELAB.local','Correlation':'','EventID':'7','EventRecordID':'42274','Execution':{'ProcessID':'2052','ThreadID':'4064'},'Keywords':'0x8000000000000000','Level':'4','Opcode':'0','Provider':{'Guid':'{5770385f-c22a-43e0-bf4c-06f5698ffbd9}','Name':'Microsoft-Windows-Sysmon'},'Security':{'UserID':'S-1-5-18'},'Task':'7','TimeCreated':{'SystemTime':'2024-11-20T00:47:53.2543223Z'},'Version':'3','_event_id':'7'}}","{'Company':'Microsoft Corporation','Description':'GDI Client DLL','FileVersion':'10.0.19041.5007 (WinBuild.160101.0800)','Hashes':'MD5=CC3EE6E008284F9205432711B08C9F39,SHA256=54A767C1D87BBBFB40CBB04642A84A0C2F11E4E1F25A59346BAAB8E9DC913ACC,IMPHASH=5F8D4A81BD3B22F1D106D948EB4BCFCE','Image':'C:\\Users\\pparker\\Downloads\\DriverUpdate_1_2.exe','ImageLoaded':'C:\\Windows\\SysWOW64\\gdi32full.dll','OriginalFileName':'gdi32','ProcessGuid':'{7b34ed3d-31b8-673d-4306-000000000b00}','ProcessId':'6720','Product':'Microsoft® Windows® Operating System','RuleName':'-','Signature':'Microsoft Windows','SignatureStatus':'Valid','Signed':'true','User':'HOMELAB\\pparker','UtcTime':'2024-11-20 00:47:53.053'}",,"Microsoft Corporation",,,"GDI Client DLL",,,,,,,,"10.0.19041.5007 (WinBuild.160101.0800)","MD5=CC3EE6E008284F9205432711B08C9F39,SHA256=54A767C1D87BBBFB40CBB04642A84A0C2F11E4E1F25A59346BAAB8E9DC913ACC,IMPHASH=5F8D4A81BD3B22F1D106D948EB4BCFCE","C:\Users\pparker\Downloads\DriverUpdate_1_2.exe","C:\Windows\SysWOW64\gdi32full.dll",,,,,"gdi32",,,,,,"{7b34ed3d-31b8-673d-4306-000000000b00}","6720","Microsoft® Windows® Operating System",,"-","Microsoft Windows","Valid","true",,,,,,,,,"HOMELAB\pparker","2024-11-20 00:47:53.053","{'Channel':'Microsoft-Windows-Sysmon/Operational','Computer':'HL-WS04.HOMELAB.local','Correlation':'','EventID':'7','EventRecordID':'42274','Execution':{'ProcessID':'2052','ThreadID':'4064'},'Keywords':'0x8000000000000000','Level':'4','Opcode':'0','Provider':{'Guid':'{5770385f-c22a-43e0-bf4c-06f5698ffbd9}','Name':'Microsoft-Windows-Sysmon'},'Security':{'UserID':'S-1-5-18'},'Task':'7','TimeCreated':{'SystemTime':'2024-11-20T00:47:53.2543223Z'},'Version':'3','_event_id':'7'}","7","Microsoft-Windows-Sysmon/Operational","HL-WS04.HOMELAB.local","","7","42274","{'ProcessID':'2052','ThreadID':'4064'}","2052","4064","0x8000000000000000","4","0","{'Guid':'{5770385f-c22a-43e0-bf4c-06f5698ffbd9}','Name':'Microsoft-Windows-Sysmon'}","{5770385f-c22a-43e0-bf4c-06f5698ffbd9}","Microsoft-Windows-Sysmon","S-1-5-18","7","2024-11-20T00:47:53.2543223Z","3","{'arch':2,'did':'','event_id':'651985d6-938f-42cf-8099-80c7d01f7814','event_time':1732063627806,'event_type':'WEL','ext_ip':'108.171.103.70','hostname':'hl-ws04.homelab.local','iid':'7e99630d-d276-4169-bd11-c23115a848fa','int_ip':'10.100.100.133','moduleid':2,'oid':'27c3229e-7f58-40c8-ad1a-799ff00e1781','plat':268435456,'sid':'20884ef9-0b46-4a29-9d58-832837729b10','tags':['workstations'],'this':'c3207765f8b2d0abc038c77e673d318b'}",2,"","651985d6-938f-42cf-8099-80c7d01f7814",1732063627806,"WEL","108.171.103.70","hl-ws04.homelab.local","7e99630d-d276-4169-bd11-c23115a848fa","10.100.100.133",2,"27c3229e-7f58-40c8-ad1a-799ff00e1781",268435456,"20884ef9-0b46-4a29-9d58-832837729b10","['workstations']","c3207765f8b2d0abc038c77e673d318b"
"2024-11-20 00:47:07","{'EventData':{'Company':'Microsoft Corporation','Description':'Microsoft® C Runtime Library','FileVersion':'10.0.19041.3636 (WinBuild.160101.0800)','Hashes':'MD5=BBC3C4543A00BC1E2130921DDC3ED3CA,SHA256=55043A5DBE9B4BFE50E2E6BE0BDF77A69A075BECC520700DCAFFB1D9F7686138,IMPHASH=FA1F74A3FA2AD9CEA261D3EC572D5822','Image':'C:\\Users\\pparker\\Downloads\\DriverUpdate_1_2.exe','ImageLoaded':'C:\\Windows\\SysWOW64\\msvcp_win.dll','OriginalFileName':'msvcp_win.dll','ProcessGuid':'{7b34ed3d-31b8-673d-4306-000000000b00}','ProcessId':'6720','Product':'Microsoft® Windows® Operating System','RuleName':'-','Signature':'Microsoft Windows','SignatureStatus':'Valid','Signed':'true','User':'HOMELAB\\pparker','UtcTime':'2024-11-20 00:47:53.053'},'System':{'Channel':'Microsoft-Windows-Sysmon/Operational','Computer':'HL-WS04.HOMELAB.local','Correlation':'','EventID':'7','EventRecordID':'42275','Execution':{'ProcessID':'2052','ThreadID':'4064'},'Keywords':'0x8000000000000000','Level':'4','Opcode':'0','Provider':{'Guid':'{5770385f-c22a-43e0-bf4c-06f5698ffbd9}','Name':'Microsoft-Windows-Sysmon'},'Security':{'UserID':'S-1-5-18'},'Task':'7','TimeCreated':{'SystemTime':'2024-11-20T00:47:53.2636513Z'},'Version':'3','_event_id':'7'}}","{'Company':'Microsoft Corporation','Description':'Microsoft® C Runtime Library','FileVersion':'10.0.19041.3636 (WinBuild.160101.0800)','Hashes':'MD5=BBC3C4543A00BC1E2130921DDC3ED3CA,SHA256=55043A5DBE9B4BFE50E2E6BE0BDF77A69A075BECC520700DCAFFB1D9F7686138,IMPHASH=FA1F74A3FA2AD9CEA261D3EC572D5822','Image':'C:\\Users\\pparker\\Downloads\\DriverUpdate_1_2.exe','ImageLoaded':'C:\\Windows\\SysWOW64\\msvcp_win.dll','OriginalFileName':'msvcp_win.dll','ProcessGuid':'{7b34ed3d-31b8-673d-4306-000000000b00}','ProcessId':'6720','Product':'Microsoft® Windows® Operating System','RuleName':'-','Signature':'Microsoft Windows','SignatureStatus':'Valid','Signed':'true','User':'HOMELAB\\pparker','UtcTime':'2024-11-20 00:47:53.053'}",,"Microsoft Corporation",,,"Microsoft® C Runtime Library",,,,,,,,"10.0.19041.3636 (WinBuild.160101.0800)","MD5=BBC3C4543A00BC1E2130921DDC3ED3CA,SHA256=55043A5DBE9B4BFE50E2E6BE0BDF77A69A075BECC520700DCAFFB1D9F7686138,IMPHASH=FA1F74A3FA2AD9CEA261D3EC572D5822","C:\Users\pparker\Downloads\DriverUpdate_1_2.exe","C:\Windows\SysWOW64\msvcp_win.dll",,,,,"msvcp_win.dll",,,,,,"{7b34ed3d-31b8-673d-4306-000000000b00}","6720","Microsoft® Windows® Operating System",,"-","Microsoft Windows","Valid","true",,,,,,,,,"HOMELAB\pparker","2024-11-20 00:47:53.053","{'Channel':'Microsoft-Windows-Sysmon/Operational','Computer':'HL-WS04.HOMELAB.local','Correlation':'','EventID':'7','EventRecordID':'42275','Execution':{'ProcessID':'2052','ThreadID':'4064'},'Keywords':'0x8000000000000000','Level':'4','Opcode':'0','Provider':{'Guid':'{5770385f-c22a-43e0-bf4c-06f5698ffbd9}','Name':'Microsoft-Windows-Sysmon'},'Security':{'UserID':'S-1-5-18'},'Task':'7','TimeCreated':{'SystemTime':'2024-11-20T00:47:53.2636513Z'},'Version':'3','_event_id':'7'}","7","Microsoft-Windows-Sysmon/Operational","HL-WS04.HOMELAB.local","","7","42275","{'ProcessID':'2052','ThreadID':'4064'}","2052","4064","0x8000000000000000","4","0","{'Guid':'{5770385f-c22a-43e0-bf4c-06f5698ffbd9}','Name':'Microsoft-Windows-Sysmon'}","{5770385f-c22a-43e0-bf4c-06f5698ffbd9}","Microsoft-Windows-Sysmon","S-1-5-18","7","2024-11-20T00:47:53.2636513Z","3","{'arch':2,'did':'','event_id':'501daad4-723f-493c-8e73-09e8bd672b24','event_time':1732063627806,'event_type':'WEL','ext_ip':'108.171.103.70','hostname':'hl-ws04.homelab.local','iid':'7e99630d-d276-4169-bd11-c23115a848fa','int_ip':'10.100.100.133','moduleid':2,'oid':'27c3229e-7f58-40c8-ad1a-799ff00e1781','plat':268435456,'sid':'20884ef9-0b46-4a29-9d58-832837729b10','tags':['workstations'],'this':'281a5801d17951b2f145519f673d318b'}",2,"","501daad4-723f-493c-8e73-09e8bd672b24",1732063627806,"WEL","108.171.103.70","hl-ws04.homelab.local","7e99630d-d276-4169-bd11-c23115a848fa","10.100.100.133",2,"27c3229e-7f58-40c8-ad1a-799ff00e1781",268435456,"20884ef9-0b46-4a29-9d58-832837729b10","['workstations']","281a5801d17951b2f145519f673d318b"
"2024-11-20 00:47:07","{'EventData':{'Company':'Microsoft Corporation','Description':'Microsoft® C Runtime Library','FileVersion':'10.0.19041.3636 (WinBuild.160101.0800)','Hashes':'MD5=D4CF3FD5E8EE95431CFEA69FA84AE57D,SHA256=71358D729B01BDF38DBE5440705EA68EA9225F93C834F45C5687B0EA2B417C4E,IMPHASH=EA37CB467EA2ADB2B776C1C8C105007C','Image':'C:\\Users\\pparker\\Downloads\\DriverUpdate_1_2.exe','ImageLoaded':'C:\\Windows\\SysWOW64\\ucrtbase.dll','OriginalFileName':'ucrtbase.dll','ProcessGuid':'{7b34ed3d-31b8-673d-4306-000000000b00}','ProcessId':'6720','Product':'Microsoft® Windows® Operating System','RuleName':'-','Signature':'Microsoft Windows','SignatureStatus':'Valid','Signed':'true','User':'HOMELAB\\pparker','UtcTime':'2024-11-20 00:47:53.053'},'System':{'Channel':'Microsoft-Windows-Sysmon/Operational','Computer':'HL-WS04.HOMELAB.local','Correlation':'','EventID':'7','EventRecordID':'42276','Execution':{'ProcessID':'2052','ThreadID':'4064'},'Keywords':'0x8000000000000000','Level':'4','Opcode':'0','Provider':{'Guid':'{5770385f-c22a-43e0-bf4c-06f5698ffbd9}','Name':'Microsoft-Windows-Sysmon'},'Security':{'UserID':'S-1-5-18'},'Task':'7','TimeCreated':{'SystemTime':'2024-11-20T00:47:53.2784005Z'},'Version':'3','_event_id':'7'}}","{'Company':'Microsoft Corporation','Description':'Microsoft® C Runtime Library','FileVersion':'10.0.19041.3636 (WinBuild.160101.0800)','Hashes':'MD5=D4CF3FD5E8EE95431CFEA69FA84AE57D,SHA256=71358D729B01BDF38DBE5440705EA68EA9225F93C834F45C5687B0EA2B417C4E,IMPHASH=EA37CB467EA2ADB2B776C1C8C105007C','Image':'C:\\Users\\pparker\\Downloads\\DriverUpdate_1_2.exe','ImageLoaded':'C:\\Windows\\SysWOW64\\ucrtbase.dll','OriginalFileName':'ucrtbase.dll','ProcessGuid':'{7b34ed3d-31b8-673d-4306-000000000b00}','ProcessId':'6720','Product':'Microsoft® Windows® Operating System','RuleName':'-','Signature':'Microsoft Windows','SignatureStatus':'Valid','Signed':'true','User':'HOMELAB\\pparker','UtcTime':'2024-11-20 00:47:53.053'}",,"Microsoft Corporation",,,"Microsoft® C Runtime Library",,,,,,,,"10.0.19041.3636 (WinBuild.160101.0800)","MD5=D4CF3FD5E8EE95431CFEA69FA84AE57D,SHA256=71358D729B01BDF38DBE5440705EA68EA9225F93C834F45C5687B0EA2B417C4E,IMPHASH=EA37CB467EA2ADB2B776C1C8C105007C","C:\Users\pparker\Downloads\DriverUpdate_1_2.exe","C:\Windows\SysWOW64\ucrtbase.dll",,,,,"ucrtbase.dll",,,,,,"{7b34ed3d-31b8-673d-4306-000000000b00}","6720","Microsoft® Windows® Operating System",,"-","Microsoft Windows","Valid","true",,,,,,,,,"HOMELAB\pparker","2024-11-20 00:47:53.053","{'Channel':'Microsoft-Windows-Sysmon/Operational','Computer':'HL-WS04.HOMELAB.local','Correlation':'','EventID':'7','EventRecordID':'42276','Execution':{'ProcessID':'2052','ThreadID':'4064'},'Keywords':'0x8000000000000000','Level':'4','Opcode':'0','Provider':{'Guid':'{5770385f-c22a-43e0-bf4c-06f5698ffbd9}','Name':'Microsoft-Windows-Sysmon'},'Security':{'UserID':'S-1-5-18'},'Task':'7','TimeCreated':{'SystemTime':'2024-11-20T00:47:53.2784005Z'},'Version':'3','_event_id':'7'}","7","Microsoft-Windows-Sysmon/Operational","HL-WS04.HOMELAB.local","","7","42276","{'ProcessID':'2052','ThreadID':'4064'}","2052","4064","0x8000000000000000","4","0","{'Guid':'{5770385f-c22a-43e0-bf4c-06f5698ffbd9}','Name':'Microsoft-Windows-Sysmon'}","{5770385f-c22a-43e0-bf4c-06f5698ffbd9}","Microsoft-Windows-Sysmon","S-1-5-18","7","2024-11-20T00:47:53.2784005Z","3","{'arch':2,'did':'','event_id':'74c0bdd3-dd42-45fc-a18d-61bc7a69ab7c','event_time':1732063627806,'event_type':'WEL','ext_ip':'108.171.103.70','hostname':'hl-ws04.homelab.local','iid':'7e99630d-d276-4169-bd11-c23115a848fa','int_ip':'10.100.100.133','moduleid':2,'oid':'27c3229e-7f58-40c8-ad1a-799ff00e1781','plat':268435456,'sid':'20884ef9-0b46-4a29-9d58-832837729b10','tags':['workstations'],'this':'b1e46e5273fcdb9445c6f7f5673d318b'}",2,"","74c0bdd3-dd42-45fc-a18d-61bc7a69ab7c",1732063627806,"WEL","108.171.103.70","hl-ws04.homelab.local","7e99630d-d276-4169-bd11-c23115a848fa","10.100.100.133",2,"27c3229e-7f58-40c8-ad1a-799ff00e1781",268435456,"20884ef9-0b46-4a29-9d58-832837729b10","['workstations']","b1e46e5273fcdb9445c6f7f5673d318b"
