"2024-11-20 00:48:47","{'EventData':{'Company':'Microsoft Corporation','Description':'Configuration Manager DLL','FileVersion':'10.0.19041.3996 (WinBuild.160101.0800)','Hashes':'MD5=4C4612DDFFA61E711667C526287C9742,SHA256=8440D611230B121F525033B26D6774EC781BA4339B34FF82BB21F3F54B2C6EB0,IMPHASH=BCAE3553D731BEB07A0959D30F946975','Image':'C:\\Users\\pparker\\Downloads\\DriverUpdate_1_2.exe','ImageLoaded':'C:\\Windows\\SysWOW64\\cfgmgr32.dll','OriginalFileName':'CFGMGR32.DLL','ProcessGuid':'{7b34ed3d-321c-673d-5906-000000000b00}','ProcessId':'368','Product':'Microsoft® Windows® Operating System','RuleName':'-','Signature':'Microsoft Windows','SignatureStatus':'Valid','Signed':'true','User':'HOMELAB\\pparker','UtcTime':'2024-11-20 00:49:32.763'},'System':{'Channel':'Microsoft-Windows-Sysmon/Operational','Computer':'HL-WS04.HOMELAB.local','Correlation':'','EventID':'7','EventRecordID':'43032','Execution':{'ProcessID':'2052','ThreadID':'3948'},'Keywords':'0x8000000000000000','Level':'4','Opcode':'0','Provider':{'Guid':'{5770385f-c22a-43e0-bf4c-06f5698ffbd9}','Name':'Microsoft-Windows-Sysmon'},'Security':{'UserID':'S-1-5-18'},'Task':'7','TimeCreated':{'SystemTime':'2024-11-20T00:49:32.7661806Z'},'Version':'3','_event_id':'7'}}","{'Company':'Microsoft Corporation','Description':'Configuration Manager DLL','FileVersion':'10.0.19041.3996 (WinBuild.160101.0800)','Hashes':'MD5=4C4612DDFFA61E711667C526287C9742,SHA256=8440D611230B121F525033B26D6774EC781BA4339B34FF82BB21F3F54B2C6EB0,IMPHASH=BCAE3553D731BEB07A0959D30F946975','Image':'C:\\Users\\pparker\\Downloads\\DriverUpdate_1_2.exe','ImageLoaded':'C:\\Windows\\SysWOW64\\cfgmgr32.dll','OriginalFileName':'CFGMGR32.DLL','ProcessGuid':'{7b34ed3d-321c-673d-5906-000000000b00}','ProcessId':'368','Product':'Microsoft® Windows® Operating System','RuleName':'-','Signature':'Microsoft Windows','SignatureStatus':'Valid','Signed':'true','User':'HOMELAB\\pparker','UtcTime':'2024-11-20 00:49:32.763'}",,"Microsoft Corporation",,,"Configuration Manager DLL",,,,,,,,"10.0.19041.3996 (WinBuild.160101.0800)","MD5=4C4612DDFFA61E711667C526287C9742,SHA256=8440D611230B121F525033B26D6774EC781BA4339B34FF82BB21F3F54B2C6EB0,IMPHASH=BCAE3553D731BEB07A0959D30F946975","C:\Users\pparker\Downloads\DriverUpdate_1_2.exe","C:\Windows\SysWOW64\cfgmgr32.dll",,,,,"CFGMGR32.DLL",,,,,,"{7b34ed3d-321c-673d-5906-000000000b00}","368","Microsoft® Windows® Operating System",,"-","Microsoft Windows","Valid","true",,,,,,,,,"HOMELAB\pparker","2024-11-20 00:49:32.763","{'Channel':'Microsoft-Windows-Sysmon/Operational','Computer':'HL-WS04.HOMELAB.local','Correlation':'','EventID':'7','EventRecordID':'43032','Execution':{'ProcessID':'2052','ThreadID':'3948'},'Keywords':'0x8000000000000000','Level':'4','Opcode':'0','Provider':{'Guid':'{5770385f-c22a-43e0-bf4c-06f5698ffbd9}','Name':'Microsoft-Windows-Sysmon'},'Security':{'UserID':'S-1-5-18'},'Task':'7','TimeCreated':{'SystemTime':'2024-11-20T00:49:32.7661806Z'},'Version':'3','_event_id':'7'}","7","Microsoft-Windows-Sysmon/Operational","HL-WS04.HOMELAB.local","","7","43032","{'ProcessID':'2052','ThreadID':'3948'}","2052","3948","0x8000000000000000","4","0","{'Guid':'{5770385f-c22a-43e0-bf4c-06f5698ffbd9}','Name':'Microsoft-Windows-Sysmon'}","{5770385f-c22a-43e0-bf4c-06f5698ffbd9}","Microsoft-Windows-Sysmon","S-1-5-18","7","2024-11-20T00:49:32.7661806Z","3","{'arch':2,'did':'','event_id':'ae03e92e-113b-4333-a695-2176e2668f3a','event_time':1732063727437,'event_type':'WEL','ext_ip':'108.171.103.70','hostname':'hl-ws04.homelab.local','iid':'7e99630d-d276-4169-bd11-c23115a848fa','int_ip':'10.100.100.133','moduleid':2,'oid':'27c3229e-7f58-40c8-ad1a-799ff00e1781','plat':268435456,'sid':'20884ef9-0b46-4a29-9d58-832837729b10','tags':['workstations'],'this':'8a5c4b9fb162aa16fe6c9400673d31ef'}",2,"","ae03e92e-113b-4333-a695-2176e2668f3a",1732063727437,"WEL","108.171.103.70","hl-ws04.homelab.local","7e99630d-d276-4169-bd11-c23115a848fa","10.100.100.133",2,"27c3229e-7f58-40c8-ad1a-799ff00e1781",268435456,"20884ef9-0b46-4a29-9d58-832837729b10","['workstations']","8a5c4b9fb162aa16fe6c9400673d31ef"
"2024-11-20 00:48:47","{'EventData':{'Company':'Microsoft Corporation','Description':'Windows File Protection','FileVersion':'10.0.19041.4842 (WinBuild.160101.0800)','Hashes':'MD5=432B406F03D8205CA709DEAE2DD21A86,SHA256=D1E70D130376F9291AF017893A1DEED3BA26083DA863F6A2F69BC904EBF2E7D6,IMPHASH=00000000000000000000000000000000','Image':'C:\\Users\\pparker\\Downloads\\DriverUpdate_1_2.exe','ImageLoaded':'C:\\Windows\\SysWOW64\\sfc.dll','OriginalFileName':'sfc.dll','ProcessGuid':'{7b34ed3d-321c-673d-5906-000000000b00}','ProcessId':'368','Product':'Microsoft® Windows® Operating System','RuleName':'-','Signature':'Microsoft Windows','SignatureStatus':'Valid','Signed':'true','User':'HOMELAB\\pparker','UtcTime':'2024-11-20 00:49:32.763'},'System':{'Channel':'Microsoft-Windows-Sysmon/Operational','Computer':'HL-WS04.HOMELAB.local','Correlation':'','EventID':'7','EventRecordID':'43033','Execution':{'ProcessID':'2052','ThreadID':'3948'},'Keywords':'0x8000000000000000','Level':'4','Opcode':'0','Provider':{'Guid':'{5770385f-c22a-43e0-bf4c-06f5698ffbd9}','Name':'Microsoft-Windows-Sysmon'},'Security':{'UserID':'S-1-5-18'},'Task':'7','TimeCreated':{'SystemTime':'2024-11-20T00:49:32.7709027Z'},'Version':'3','_event_id':'7'}}","{'Company':'Microsoft Corporation','Description':'Windows File Protection','FileVersion':'10.0.19041.4842 (WinBuild.160101.0800)','Hashes':'MD5=432B406F03D8205CA709DEAE2DD21A86,SHA256=D1E70D130376F9291AF017893A1DEED3BA26083DA863F6A2F69BC904EBF2E7D6,IMPHASH=00000000000000000000000000000000','Image':'C:\\Users\\pparker\\Downloads\\DriverUpdate_1_2.exe','ImageLoaded':'C:\\Windows\\SysWOW64\\sfc.dll','OriginalFileName':'sfc.dll','ProcessGuid':'{7b34ed3d-321c-673d-5906-000000000b00}','ProcessId':'368','Product':'Microsoft® Windows® Operating System','RuleName':'-','Signature':'Microsoft Windows','SignatureStatus':'Valid','Signed':'true','User':'HOMELAB\\pparker','UtcTime':'2024-11-20 00:49:32.763'}",,"Microsoft Corporation",,,"Windows File Protection",,,,,,,,"10.0.19041.4842 (WinBuild.160101.0800)","MD5=432B406F03D8205CA709DEAE2DD21A86,SHA256=D1E70D130376F9291AF017893A1DEED3BA26083DA863F6A2F69BC904EBF2E7D6,IMPHASH=00000000000000000000000000000000","C:\Users\pparker\Downloads\DriverUpdate_1_2.exe","C:\Windows\SysWOW64\sfc.dll",,,,,"sfc.dll",,,,,,"{7b34ed3d-321c-673d-5906-000000000b00}","368","Microsoft® Windows® Operating System",,"-","Microsoft Windows","Valid","true",,,,,,,,,"HOMELAB\pparker","2024-11-20 00:49:32.763","{'Channel':'Microsoft-Windows-Sysmon/Operational','Computer':'HL-WS04.HOMELAB.local','Correlation':'','EventID':'7','EventRecordID':'43033','Execution':{'ProcessID':'2052','ThreadID':'3948'},'Keywords':'0x8000000000000000','Level':'4','Opcode':'0','Provider':{'Guid':'{5770385f-c22a-43e0-bf4c-06f5698ffbd9}','Name':'Microsoft-Windows-Sysmon'},'Security':{'UserID':'S-1-5-18'},'Task':'7','TimeCreated':{'SystemTime':'2024-11-20T00:49:32.7709027Z'},'Version':'3','_event_id':'7'}","7","Microsoft-Windows-Sysmon/Operational","HL-WS04.HOMELAB.local","","7","43033","{'ProcessID':'2052','ThreadID':'3948'}","2052","3948","0x8000000000000000","4","0","{'Guid':'{5770385f-c22a-43e0-bf4c-06f5698ffbd9}','Name':'Microsoft-Windows-Sysmon'}","{5770385f-c22a-43e0-bf4c-06f5698ffbd9}","Microsoft-Windows-Sysmon","S-1-5-18","7","2024-11-20T00:49:32.7709027Z","3","{'arch':2,'did':'','event_id':'c3ec921d-2237-4229-97d2-975b8a217120','event_time':1732063727437,'event_type':'WEL','ext_ip':'108.171.103.70','hostname':'hl-ws04.homelab.local','iid':'7e99630d-d276-4169-bd11-c23115a848fa','int_ip':'10.100.100.133','moduleid':2,'oid':'27c3229e-7f58-40c8-ad1a-799ff00e1781','plat':268435456,'sid':'20884ef9-0b46-4a29-9d58-832837729b10','tags':['workstations'],'this':'1daa939231bcc3fbb28b5ef0673d31ef'}",2,"","c3ec921d-2237-4229-97d2-975b8a217120",1732063727437,"WEL","108.171.103.70","hl-ws04.homelab.local","7e99630d-d276-4169-bd11-c23115a848fa","10.100.100.133",2,"27c3229e-7f58-40c8-ad1a-799ff00e1781",268435456,"20884ef9-0b46-4a29-9d58-832837729b10","['workstations']","1daa939231bcc3fbb28b5ef0673d31ef"
"2024-11-20 00:48:47","{'EventData':{'Company':'Microsoft Corporation','Description':'Windows File Protection','FileVersion':'10.0.19041.4842 (WinBuild.160101.0800)','Hashes':'MD5=30C52B48550C1624E6582B55FF8F5E40,SHA256=72C44D76FBAE892D9B9431146CD162BEDA3ACA0072D5B58028BFD73286E13D5D,IMPHASH=3BC0CDB02B59F7C5EC49B1180EECD9DC','Image':'C:\\Users\\pparker\\Downloads\\DriverUpdate_1_2.exe','ImageLoaded':'C:\\Windows\\SysWOW64\\sfc_os.dll','OriginalFileName':'sfc_os.dll','ProcessGuid':'{7b34ed3d-321c-673d-5906-000000000b00}','ProcessId':'368','Product':'Microsoft® Windows® Operating System','RuleName':'-','Signature':'Microsoft Windows','SignatureStatus':'Valid','Signed':'true','User':'HOMELAB\\pparker','UtcTime':'2024-11-20 00:49:32.763'},'System':{'Channel':'Microsoft-Windows-Sysmon/Operational','Computer':'HL-WS04.HOMELAB.local','Correlation':'','EventID':'7','EventRecordID':'43034','Execution':{'ProcessID':'2052','ThreadID':'3948'},'Keywords':'0x8000000000000000','Level':'4','Opcode':'0','Provider':{'Guid':'{5770385f-c22a-43e0-bf4c-06f5698ffbd9}','Name':'Microsoft-Windows-Sysmon'},'Security':{'UserID':'S-1-5-18'},'Task':'7','TimeCreated':{'SystemTime':'2024-11-20T00:49:32.7712243Z'},'Version':'3','_event_id':'7'}}","{'Company':'Microsoft Corporation','Description':'Windows File Protection','FileVersion':'10.0.19041.4842 (WinBuild.160101.0800)','Hashes':'MD5=30C52B48550C1624E6582B55FF8F5E40,SHA256=72C44D76FBAE892D9B9431146CD162BEDA3ACA0072D5B58028BFD73286E13D5D,IMPHASH=3BC0CDB02B59F7C5EC49B1180EECD9DC','Image':'C:\\Users\\pparker\\Downloads\\DriverUpdate_1_2.exe','ImageLoaded':'C:\\Windows\\SysWOW64\\sfc_os.dll','OriginalFileName':'sfc_os.dll','ProcessGuid':'{7b34ed3d-321c-673d-5906-000000000b00}','ProcessId':'368','Product':'Microsoft® Windows® Operating System','RuleName':'-','Signature':'Microsoft Windows','SignatureStatus':'Valid','Signed':'true','User':'HOMELAB\\pparker','UtcTime':'2024-11-20 00:49:32.763'}",,"Microsoft Corporation",,,"Windows File Protection",,,,,,,,"10.0.19041.4842 (WinBuild.160101.0800)","MD5=30C52B48550C1624E6582B55FF8F5E40,SHA256=72C44D76FBAE892D9B9431146CD162BEDA3ACA0072D5B58028BFD73286E13D5D,IMPHASH=3BC0CDB02B59F7C5EC49B1180EECD9DC","C:\Users\pparker\Downloads\DriverUpdate_1_2.exe","C:\Windows\SysWOW64\sfc_os.dll",,,,,"sfc_os.dll",,,,,,"{7b34ed3d-321c-673d-5906-000000000b00}","368","Microsoft® Windows® Operating System",,"-","Microsoft Windows","Valid","true",,,,,,,,,"HOMELAB\pparker","2024-11-20 00:49:32.763","{'Channel':'Microsoft-Windows-Sysmon/Operational','Computer':'HL-WS04.HOMELAB.local','Correlation':'','EventID':'7','EventRecordID':'43034','Execution':{'ProcessID':'2052','ThreadID':'3948'},'Keywords':'0x8000000000000000','Level':'4','Opcode':'0','Provider':{'Guid':'{5770385f-c22a-43e0-bf4c-06f5698ffbd9}','Name':'Microsoft-Windows-Sysmon'},'Security':{'UserID':'S-1-5-18'},'Task':'7','TimeCreated':{'SystemTime':'2024-11-20T00:49:32.7712243Z'},'Version':'3','_event_id':'7'}","7","Microsoft-Windows-Sysmon/Operational","HL-WS04.HOMELAB.local","","7","43034","{'ProcessID':'2052','ThreadID':'3948'}","2052","3948","0x8000000000000000","4","0","{'Guid':'{5770385f-c22a-43e0-bf4c-06f5698ffbd9}','Name':'Microsoft-Windows-Sysmon'}","{5770385f-c22a-43e0-bf4c-06f5698ffbd9}","Microsoft-Windows-Sysmon","S-1-5-18","7","2024-11-20T00:49:32.7712243Z","3","{'arch':2,'did':'','event_id':'2e1d9951-bd10-4257-9f17-e3624e70c66f','event_time':1732063727437,'event_type':'WEL','ext_ip':'108.171.103.70','hostname':'hl-ws04.homelab.local','iid':'7e99630d-d276-4169-bd11-c23115a848fa','int_ip':'10.100.100.133','moduleid':2,'oid':'27c3229e-7f58-40c8-ad1a-799ff00e1781','plat':268435456,'sid':'20884ef9-0b46-4a29-9d58-832837729b10','tags':['workstations'],'this':'f57bcc822031d96b2fd8df87673d31ef'}",2,"","2e1d9951-bd10-4257-9f17-e3624e70c66f",1732063727437,"WEL","108.171.103.70","hl-ws04.homelab.local","7e99630d-d276-4169-bd11-c23115a848fa","10.100.100.133",2,"27c3229e-7f58-40c8-ad1a-799ff00e1781",268435456,"20884ef9-0b46-4a29-9d58-832837729b10","['workstations']","f57bcc822031d96b2fd8df87673d31ef"
"2024-11-20 00:48:47","{'EventData':{'Company':'Microsoft Corporation','Description':'Multi-User Windows IMM32 API Client DLL','FileVersion':'10.0.19041.4474 (WinBuild.160101.0800)','Hashes':'MD5=B69D292E1271C3F13876C05090017C7D,SHA256=EA85A32F968DF691768967A1FB4AA8819CB8A65E6B429B2401CBD5CC4CCFC891,IMPHASH=0A59C266C86B725AFF2A51A9A37BF73C','Image':'C:\\Users\\pparker\\Downloads\\DriverUpdate_1_2.exe','ImageLoaded':'C:\\Windows\\SysWOW64\\imm32.dll','OriginalFileName':'imm32','ProcessGuid':'{7b34ed3d-321c-673d-5906-000000000b00}','ProcessId':'368','Product':'Microsoft® Windows® Operating System','RuleName':'-','Signature':'Microsoft Windows','SignatureStatus':'Valid','Signed':'true','User':'HOMELAB\\pparker','UtcTime':'2024-11-20 00:49:32.763'},'System':{'Channel':'Microsoft-Windows-Sysmon/Operational','Computer':'HL-WS04.HOMELAB.local','Correlation':'','EventID':'7','EventRecordID':'43035','Execution':{'ProcessID':'2052','ThreadID':'3948'},'Keywords':'0x8000000000000000','Level':'4','Opcode':'0','Provider':{'Guid':'{5770385f-c22a-43e0-bf4c-06f5698ffbd9}','Name':'Microsoft-Windows-Sysmon'},'Security':{'UserID':'S-1-5-18'},'Task':'7','TimeCreated':{'SystemTime':'2024-11-20T00:49:32.7759771Z'},'Version':'3','_event_id':'7'}}","{'Company':'Microsoft Corporation','Description':'Multi-User Windows IMM32 API Client DLL','FileVersion':'10.0.19041.4474 (WinBuild.160101.0800)','Hashes':'MD5=B69D292E1271C3F13876C05090017C7D,SHA256=EA85A32F968DF691768967A1FB4AA8819CB8A65E6B429B2401CBD5CC4CCFC891,IMPHASH=0A59C266C86B725AFF2A51A9A37BF73C','Image':'C:\\Users\\pparker\\Downloads\\DriverUpdate_1_2.exe','ImageLoaded':'C:\\Windows\\SysWOW64\\imm32.dll','OriginalFileName':'imm32','ProcessGuid':'{7b34ed3d-321c-673d-5906-000000000b00}','ProcessId':'368','Product':'Microsoft® Windows® Operating System','RuleName':'-','Signature':'Microsoft Windows','SignatureStatus':'Valid','Signed':'true','User':'HOMELAB\\pparker','UtcTime':'2024-11-20 00:49:32.763'}",,"Microsoft Corporation",,,"Multi-User Windows IMM32 API Client DLL",,,,,,,,"10.0.19041.4474 (WinBuild.160101.0800)","MD5=B69D292E1271C3F13876C05090017C7D,SHA256=EA85A32F968DF691768967A1FB4AA8819CB8A65E6B429B2401CBD5CC4CCFC891,IMPHASH=0A59C266C86B725AFF2A51A9A37BF73C","C:\Users\pparker\Downloads\DriverUpdate_1_2.exe","C:\Windows\SysWOW64\imm32.dll",,,,,"imm32",,,,,,"{7b34ed3d-321c-673d-5906-000000000b00}","368","Microsoft® Windows® Operating System",,"-","Microsoft Windows","Valid","true",,,,,,,,,"HOMELAB\pparker","2024-11-20 00:49:32.763","{'Channel':'Microsoft-Windows-Sysmon/Operational','Computer':'HL-WS04.HOMELAB.local','Correlation':'','EventID':'7','EventRecordID':'43035','Execution':{'ProcessID':'2052','ThreadID':'3948'},'Keywords':'0x8000000000000000','Level':'4','Opcode':'0','Provider':{'Guid':'{5770385f-c22a-43e0-bf4c-06f5698ffbd9}','Name':'Microsoft-Windows-Sysmon'},'Security':{'UserID':'S-1-5-18'},'Task':'7','TimeCreated':{'SystemTime':'2024-11-20T00:49:32.7759771Z'},'Version':'3','_event_id':'7'}","7","Microsoft-Windows-Sysmon/Operational","HL-WS04.HOMELAB.local","","7","43035","{'ProcessID':'2052','ThreadID':'3948'}","2052","3948","0x8000000000000000","4","0","{'Guid':'{5770385f-c22a-43e0-bf4c-06f5698ffbd9}','Name':'Microsoft-Windows-Sysmon'}","{5770385f-c22a-43e0-bf4c-06f5698ffbd9}","Microsoft-Windows-Sysmon","S-1-5-18","7","2024-11-20T00:49:32.7759771Z","3","{'arch':2,'did':'','event_id':'457e436f-d7d5-4323-8026-107692c9b01a','event_time':1732063727452,'event_type':'WEL','ext_ip':'108.171.103.70','hostname':'hl-ws04.homelab.local','iid':'7e99630d-d276-4169-bd11-c23115a848fa','int_ip':'10.100.100.133','moduleid':2,'oid':'27c3229e-7f58-40c8-ad1a-799ff00e1781','plat':268435456,'sid':'20884ef9-0b46-4a29-9d58-832837729b10','tags':['workstations'],'this':'e6d8f7e4e4bffae65c54c96c673d31ef'}",2,"","457e436f-d7d5-4323-8026-107692c9b01a",1732063727452,"WEL","108.171.103.70","hl-ws04.homelab.local","7e99630d-d276-4169-bd11-c23115a848fa","10.100.100.133",2,"27c3229e-7f58-40c8-ad1a-799ff00e1781",268435456,"20884ef9-0b46-4a29-9d58-832837729b10","['workstations']","e6d8f7e4e4bffae65c54c96c673d31ef"
"2024-11-20 00:48:47","{'EventData':{'Company':'Microsoft Corporation','Description':'Windows Socket 32-Bit DLL','FileVersion':'10.0.19041.1 (WinBuild.160101.0800)','Hashes':'MD5=8AFEEDA0F4402A363E9BBE612270554A,SHA256=3C6F947118F434BC2070E90BE7FC487FD413A02F58296F17024915873D15C4F8,IMPHASH=A19CFAB1A21C41E96EFE91202CA2074F','Image':'C:\\Users\\pparker\\Downloads\\DriverUpdate_1_2.exe','ImageLoaded':'C:\\Windows\\SysWOW64\\wsock32.dll','OriginalFileName':'wsock32.dll','ProcessGuid':'{7b34ed3d-321c-673d-5906-000000000b00}','ProcessId':'368','Product':'Microsoft® Windows® Operating System','RuleName':'-','Signature':'Microsoft Windows','SignatureStatus':'Valid','Signed':'true','User':'HOMELAB\\pparker','UtcTime':'2024-11-20 00:49:32.778'},'System':{'Channel':'Microsoft-Windows-Sysmon/Operational','Computer':'HL-WS04.HOMELAB.local','Correlation':'','EventID':'7','EventRecordID':'43036','Execution':{'ProcessID':'2052','ThreadID':'3948'},'Keywords':'0x8000000000000000','Level':'4','Opcode':'0','Provider':{'Guid':'{5770385f-c22a-43e0-bf4c-06f5698ffbd9}','Name':'Microsoft-Windows-Sysmon'},'Security':{'UserID':'S-1-5-18'},'Task':'7','TimeCreated':{'SystemTime':'2024-11-20T00:49:32.7805528Z'},'Version':'3','_event_id':'7'}}","{'Company':'Microsoft Corporation','Description':'Windows Socket 32-Bit DLL','FileVersion':'10.0.19041.1 (WinBuild.160101.0800)','Hashes':'MD5=8AFEEDA0F4402A363E9BBE612270554A,SHA256=3C6F947118F434BC2070E90BE7FC487FD413A02F58296F17024915873D15C4F8,IMPHASH=A19CFAB1A21C41E96EFE91202CA2074F','Image':'C:\\Users\\pparker\\Downloads\\DriverUpdate_1_2.exe','ImageLoaded':'C:\\Windows\\SysWOW64\\wsock32.dll','OriginalFileName':'wsock32.dll','ProcessGuid':'{7b34ed3d-321c-673d-5906-000000000b00}','ProcessId':'368','Product':'Microsoft® Windows® Operating System','RuleName':'-','Signature':'Microsoft Windows','SignatureStatus':'Valid','Signed':'true','User':'HOMELAB\\pparker','UtcTime':'2024-11-20 00:49:32.778'}",,"Microsoft Corporation",,,"Windows Socket 32-Bit DLL",,,,,,,,"10.0.19041.1 (WinBuild.160101.0800)","MD5=8AFEEDA0F4402A363E9BBE612270554A,SHA256=3C6F947118F434BC2070E90BE7FC487FD413A02F58296F17024915873D15C4F8,IMPHASH=A19CFAB1A21C41E96EFE91202CA2074F","C:\Users\pparker\Downloads\DriverUpdate_1_2.exe","C:\Windows\SysWOW64\wsock32.dll",,,,,"wsock32.dll",,,,,,"{7b34ed3d-321c-673d-5906-000000000b00}","368","Microsoft® Windows® Operating System",,"-","Microsoft Windows","Valid","true",,,,,,,,,"HOMELAB\pparker","2024-11-20 00:49:32.778","{'Channel':'Microsoft-Windows-Sysmon/Operational','Computer':'HL-WS04.HOMELAB.local','Correlation':'','EventID':'7','EventRecordID':'43036','Execution':{'ProcessID':'2052','ThreadID':'3948'},'Keywords':'0x8000000000000000','Level':'4','Opcode':'0','Provider':{'Guid':'{5770385f-c22a-43e0-bf4c-06f5698ffbd9}','Name':'Microsoft-Windows-Sysmon'},'Security':{'UserID':'S-1-5-18'},'Task':'7','TimeCreated':{'SystemTime':'2024-11-20T00:49:32.7805528Z'},'Version':'3','_event_id':'7'}","7","Microsoft-Windows-Sysmon/Operational","HL-WS04.HOMELAB.local","","7","43036","{'ProcessID':'2052','ThreadID':'3948'}","2052","3948","0x8000000000000000","4","0","{'Guid':'{5770385f-c22a-43e0-bf4c-06f5698ffbd9}','Name':'Microsoft-Windows-Sysmon'}","{5770385f-c22a-43e0-bf4c-06f5698ffbd9}","Microsoft-Windows-Sysmon","S-1-5-18","7","2024-11-20T00:49:32.7805528Z","3","{'arch':2,'did':'','event_id':'8bccfab4-1b08-4d83-b218-a37dcd04ecb4','event_time':1732063727452,'event_type':'WEL','ext_ip':'108.171.103.70','hostname':'hl-ws04.homelab.local','iid':'7e99630d-d276-4169-bd11-c23115a848fa','int_ip':'10.100.100.133','moduleid':2,'oid':'27c3229e-7f58-40c8-ad1a-799ff00e1781','plat':268435456,'sid':'20884ef9-0b46-4a29-9d58-832837729b10','tags':['workstations'],'this':'6cd427d4cdafe291c18e381f673d31ef'}",2,"","8bccfab4-1b08-4d83-b218-a37dcd04ecb4",1732063727452,"WEL","108.171.103.70","hl-ws04.homelab.local","7e99630d-d276-4169-bd11-c23115a848fa","10.100.100.133",2,"27c3229e-7f58-40c8-ad1a-799ff00e1781",268435456,"20884ef9-0b46-4a29-9d58-832837729b10","['workstations']","6cd427d4cdafe291c18e381f673d31ef"
"2024-11-20 00:48:47","{'EventData':{'Company':'Microsoft Corporation','Description':'Microsoft Windows Sockets 2.0 Service Provider','FileVersion':'10.0.19041.3636 (WinBuild.160101.0800)','Hashes':'MD5=CC514B14DED2CBFE8D2EF9C2D16F3341,SHA256=7CB9D857993AACCF60F2FEDB21D92A896AEFDABA923E6E0D4BA85E2CD97CC07A,IMPHASH=071027C1CB3C97B7FB28CFC5C2C5A45C','Image':'C:\\Users\\pparker\\Downloads\\DriverUpdate_1_2.exe','ImageLoaded':'C:\\Windows\\SysWOW64\\mswsock.dll','OriginalFileName':'mswsock.dll','ProcessGuid':'{7b34ed3d-321c-673d-5906-000000000b00}','ProcessId':'368','Product':'Microsoft® Windows® Operating System','RuleName':'-','Signature':'Microsoft Windows','SignatureStatus':'Valid','Signed':'true','User':'HOMELAB\\pparker','UtcTime':'2024-11-20 00:49:32.778'},'System':{'Channel':'Microsoft-Windows-Sysmon/Operational','Computer':'HL-WS04.HOMELAB.local','Correlation':'','EventID':'7','EventRecordID':'43037','Execution':{'ProcessID':'2052','ThreadID':'3948'},'Keywords':'0x8000000000000000','Level':'4','Opcode':'0','Provider':{'Guid':'{5770385f-c22a-43e0-bf4c-06f5698ffbd9}','Name':'Microsoft-Windows-Sysmon'},'Security':{'UserID':'S-1-5-18'},'Task':'7','TimeCreated':{'SystemTime':'2024-11-20T00:49:32.7858110Z'},'Version':'3','_event_id':'7'}}","{'Company':'Microsoft Corporation','Description':'Microsoft Windows Sockets 2.0 Service Provider','FileVersion':'10.0.19041.3636 (WinBuild.160101.0800)','Hashes':'MD5=CC514B14DED2CBFE8D2EF9C2D16F3341,SHA256=7CB9D857993AACCF60F2FEDB21D92A896AEFDABA923E6E0D4BA85E2CD97CC07A,IMPHASH=071027C1CB3C97B7FB28CFC5C2C5A45C','Image':'C:\\Users\\pparker\\Downloads\\DriverUpdate_1_2.exe','ImageLoaded':'C:\\Windows\\SysWOW64\\mswsock.dll','OriginalFileName':'mswsock.dll','ProcessGuid':'{7b34ed3d-321c-673d-5906-000000000b00}','ProcessId':'368','Product':'Microsoft® Windows® Operating System','RuleName':'-','Signature':'Microsoft Windows','SignatureStatus':'Valid','Signed':'true','User':'HOMELAB\\pparker','UtcTime':'2024-11-20 00:49:32.778'}",,"Microsoft Corporation",,,"Microsoft Windows Sockets 2.0 Service Provider",,,,,,,,"10.0.19041.3636 (WinBuild.160101.0800)","MD5=CC514B14DED2CBFE8D2EF9C2D16F3341,SHA256=7CB9D857993AACCF60F2FEDB21D92A896AEFDABA923E6E0D4BA85E2CD97CC07A,IMPHASH=071027C1CB3C97B7FB28CFC5C2C5A45C","C:\Users\pparker\Downloads\DriverUpdate_1_2.exe","C:\Windows\SysWOW64\mswsock.dll",,,,,"mswsock.dll",,,,,,"{7b34ed3d-321c-673d-5906-000000000b00}","368","Microsoft® Windows® Operating System",,"-","Microsoft Windows","Valid","true",,,,,,,,,"HOMELAB\pparker","2024-11-20 00:49:32.778","{'Channel':'Microsoft-Windows-Sysmon/Operational','Computer':'HL-WS04.HOMELAB.local','Correlation':'','EventID':'7','EventRecordID':'43037','Execution':{'ProcessID':'2052','ThreadID':'3948'},'Keywords':'0x8000000000000000','Level':'4','Opcode':'0','Provider':{'Guid':'{5770385f-c22a-43e0-bf4c-06f5698ffbd9}','Name':'Microsoft-Windows-Sysmon'},'Security':{'UserID':'S-1-5-18'},'Task':'7','TimeCreated':{'SystemTime':'2024-11-20T00:49:32.7858110Z'},'Version':'3','_event_id':'7'}","7","Microsoft-Windows-Sysmon/Operational","HL-WS04.HOMELAB.local","","7","43037","{'ProcessID':'2052','ThreadID':'3948'}","2052","3948","0x8000000000000000","4","0","{'Guid':'{5770385f-c22a-43e0-bf4c-06f5698ffbd9}','Name':'Microsoft-Windows-Sysmon'}","{5770385f-c22a-43e0-bf4c-06f5698ffbd9}","Microsoft-Windows-Sysmon","S-1-5-18","7","2024-11-20T00:49:32.7858110Z","3","{'arch':2,'did':'','event_id':'a018afa4-e357-4ea0-879a-92c6508b969d','event_time':1732063727452,'event_type':'WEL','ext_ip':'108.171.103.70','hostname':'hl-ws04.homelab.local','iid':'7e99630d-d276-4169-bd11-c23115a848fa','int_ip':'10.100.100.133','moduleid':2,'oid':'27c3229e-7f58-40c8-ad1a-799ff00e1781','plat':268435456,'sid':'20884ef9-0b46-4a29-9d58-832837729b10','tags':['workstations'],'this':'f8e7dd25ba505b0a42c1de54673d31ef'}",2,"","a018afa4-e357-4ea0-879a-92c6508b969d",1732063727452,"WEL","108.171.103.70","hl-ws04.homelab.local","7e99630d-d276-4169-bd11-c23115a848fa","10.100.100.133",2,"27c3229e-7f58-40c8-ad1a-799ff00e1781",268435456,"20884ef9-0b46-4a29-9d58-832837729b10","['workstations']","f8e7dd25ba505b0a42c1de54673d31ef"
"2024-11-20 00:48:47","{'EventData':{'Company':'Microsoft Corporation','Description':'Windows Socket 2.0 32-Bit DLL','FileVersion':'10.0.19041.3636 (WinBuild.160101.0800)','Hashes':'MD5=FC4A6145DDD1B64983E8700601C71FC6,SHA256=5D920A7A5486E7C1693334D59271F2A59A64B59A8FA87FA4BA71AACCE4CDF8A6,IMPHASH=EE5D442F1418DBA7B8404A20C0DBBA4F','Image':'C:\\Users\\pparker\\Downloads\\DriverUpdate_1_2.exe','ImageLoaded':'C:\\Windows\\SysWOW64\\ws2_32.dll','OriginalFileName':'ws2_32.dll','ProcessGuid':'{7b34ed3d-321c-673d-5906-000000000b00}','ProcessId':'368','Product':'Microsoft® Windows® Operating System','RuleName':'-','Signature':'Microsoft Windows','SignatureStatus':'Valid','Signed':'true','User':'HOMELAB\\pparker','UtcTime':'2024-11-20 00:49:32.778'},'System':{'Channel':'Microsoft-Windows-Sysmon/Operational','Computer':'HL-WS04.HOMELAB.local','Correlation':'','EventID':'7','EventRecordID':'43038','Execution':{'ProcessID':'2052','ThreadID':'4064'},'Keywords':'0x8000000000000000','Level':'4','Opcode':'0','Provider':{'Guid':'{5770385f-c22a-43e0-bf4c-06f5698ffbd9}','Name':'Microsoft-Windows-Sysmon'},'Security':{'UserID':'S-1-5-18'},'Task':'7','TimeCreated':{'SystemTime':'2024-11-20T00:49:32.7866658Z'},'Version':'3','_event_id':'7'}}","{'Company':'Microsoft Corporation','Description':'Windows Socket 2.0 32-Bit DLL','FileVersion':'10.0.19041.3636 (WinBuild.160101.0800)','Hashes':'MD5=FC4A6145DDD1B64983E8700601C71FC6,SHA256=5D920A7A5486E7C1693334D59271F2A59A64B59A8FA87FA4BA71AACCE4CDF8A6,IMPHASH=EE5D442F1418DBA7B8404A20C0DBBA4F','Image':'C:\\Users\\pparker\\Downloads\\DriverUpdate_1_2.exe','ImageLoaded':'C:\\Windows\\SysWOW64\\ws2_32.dll','OriginalFileName':'ws2_32.dll','ProcessGuid':'{7b34ed3d-321c-673d-5906-000000000b00}','ProcessId':'368','Product':'Microsoft® Windows® Operating System','RuleName':'-','Signature':'Microsoft Windows','SignatureStatus':'Valid','Signed':'true','User':'HOMELAB\\pparker','UtcTime':'2024-11-20 00:49:32.778'}",,"Microsoft Corporation",,,"Windows Socket 2.0 32-Bit DLL",,,,,,,,"10.0.19041.3636 (WinBuild.160101.0800)","MD5=FC4A6145DDD1B64983E8700601C71FC6,SHA256=5D920A7A5486E7C1693334D59271F2A59A64B59A8FA87FA4BA71AACCE4CDF8A6,IMPHASH=EE5D442F1418DBA7B8404A20C0DBBA4F","C:\Users\pparker\Downloads\DriverUpdate_1_2.exe","C:\Windows\SysWOW64\ws2_32.dll",,,,,"ws2_32.dll",,,,,,"{7b34ed3d-321c-673d-5906-000000000b00}","368","Microsoft® Windows® Operating System",,"-","Microsoft Windows","Valid","true",,,,,,,,,"HOMELAB\pparker","2024-11-20 00:49:32.778","{'Channel':'Microsoft-Windows-Sysmon/Operational','Computer':'HL-WS04.HOMELAB.local','Correlation':'','EventID':'7','EventRecordID':'43038','Execution':{'ProcessID':'2052','ThreadID':'4064'},'Keywords':'0x8000000000000000','Level':'4','Opcode':'0','Provider':{'Guid':'{5770385f-c22a-43e0-bf4c-06f5698ffbd9}','Name':'Microsoft-Windows-Sysmon'},'Security':{'UserID':'S-1-5-18'},'Task':'7','TimeCreated':{'SystemTime':'2024-11-20T00:49:32.7866658Z'},'Version':'3','_event_id':'7'}","7","Microsoft-Windows-Sysmon/Operational","HL-WS04.HOMELAB.local","","7","43038","{'ProcessID':'2052','ThreadID':'4064'}","2052","4064","0x8000000000000000","4","0","{'Guid':'{5770385f-c22a-43e0-bf4c-06f5698ffbd9}','Name':'Microsoft-Windows-Sysmon'}","{5770385f-c22a-43e0-bf4c-06f5698ffbd9}","Microsoft-Windows-Sysmon","S-1-5-18","7","2024-11-20T00:49:32.7866658Z","3","{'arch':2,'did':'','event_id':'62425fce-d07c-401f-aca8-597758bddd71','event_time':1732063727452,'event_type':'WEL','ext_ip':'108.171.103.70','hostname':'hl-ws04.homelab.local','iid':'7e99630d-d276-4169-bd11-c23115a848fa','int_ip':'10.100.100.133','moduleid':2,'oid':'27c3229e-7f58-40c8-ad1a-799ff00e1781','plat':268435456,'sid':'20884ef9-0b46-4a29-9d58-832837729b10','tags':['workstations'],'this':'8bcbc84448d9e22b3632af70673d31ef'}",2,"","62425fce-d07c-401f-aca8-597758bddd71",1732063727452,"WEL","108.171.103.70","hl-ws04.homelab.local","7e99630d-d276-4169-bd11-c23115a848fa","10.100.100.133",2,"27c3229e-7f58-40c8-ad1a-799ff00e1781",268435456,"20884ef9-0b46-4a29-9d58-832837729b10","['workstations']","8bcbc84448d9e22b3632af70673d31ef"
"2024-11-20 00:48:47","{'EventData':{'Company':'Microsoft Corporation','Description':'Crypto API32','FileVersion':'10.0.19041.4894 (WinBuild.160101.0800)','Hashes':'MD5=94D85B34388D27876D54442EBB6F91D4,SHA256=B33F30BBA16DE2BC95D13FE89637828CBA24C688663E56DF86F9BECA953E154E,IMPHASH=11A83F184265D7EF4BF61ABA711A40A7','Image':'C:\\Users\\pparker\\Downloads\\DriverUpdate_1_2.exe','ImageLoaded':'C:\\Windows\\SysWOW64\\crypt32.dll','OriginalFileName':'CRYPT32.DLL','ProcessGuid':'{7b34ed3d-321c-673d-5906-000000000b00}','ProcessId':'368','Product':'Microsoft® Windows® Operating System','RuleName':'-','Signature':'Microsoft Windows','SignatureStatus':'Valid','Signed':'true','User':'HOMELAB\\pparker','UtcTime':'2024-11-20 00:49:32.848'},'System':{'Channel':'Microsoft-Windows-Sysmon/Operational','Computer':'HL-WS04.HOMELAB.local','Correlation':'','EventID':'7','EventRecordID':'43039','Execution':{'ProcessID':'2052','ThreadID':'3948'},'Keywords':'0x8000000000000000','Level':'4','Opcode':'0','Provider':{'Guid':'{5770385f-c22a-43e0-bf4c-06f5698ffbd9}','Name':'Microsoft-Windows-Sysmon'},'Security':{'UserID':'S-1-5-18'},'Task':'7','TimeCreated':{'SystemTime':'2024-11-20T00:49:32.8635321Z'},'Version':'3','_event_id':'7'}}","{'Company':'Microsoft Corporation','Description':'Crypto API32','FileVersion':'10.0.19041.4894 (WinBuild.160101.0800)','Hashes':'MD5=94D85B34388D27876D54442EBB6F91D4,SHA256=B33F30BBA16DE2BC95D13FE89637828CBA24C688663E56DF86F9BECA953E154E,IMPHASH=11A83F184265D7EF4BF61ABA711A40A7','Image':'C:\\Users\\pparker\\Downloads\\DriverUpdate_1_2.exe','ImageLoaded':'C:\\Windows\\SysWOW64\\crypt32.dll','OriginalFileName':'CRYPT32.DLL','ProcessGuid':'{7b34ed3d-321c-673d-5906-000000000b00}','ProcessId':'368','Product':'Microsoft® Windows® Operating System','RuleName':'-','Signature':'Microsoft Windows','SignatureStatus':'Valid','Signed':'true','User':'HOMELAB\\pparker','UtcTime':'2024-11-20 00:49:32.848'}",,"Microsoft Corporation",,,"Crypto API32",,,,,,,,"10.0.19041.4894 (WinBuild.160101.0800)","MD5=94D85B34388D27876D54442EBB6F91D4,SHA256=B33F30BBA16DE2BC95D13FE89637828CBA24C688663E56DF86F9BECA953E154E,IMPHASH=11A83F184265D7EF4BF61ABA711A40A7","C:\Users\pparker\Downloads\DriverUpdate_1_2.exe","C:\Windows\SysWOW64\crypt32.dll",,,,,"CRYPT32.DLL",,,,,,"{7b34ed3d-321c-673d-5906-000000000b00}","368","Microsoft® Windows® Operating System",,"-","Microsoft Windows","Valid","true",,,,,,,,,"HOMELAB\pparker","2024-11-20 00:49:32.848","{'Channel':'Microsoft-Windows-Sysmon/Operational','Computer':'HL-WS04.HOMELAB.local','Correlation':'','EventID':'7','EventRecordID':'43039','Execution':{'ProcessID':'2052','ThreadID':'3948'},'Keywords':'0x8000000000000000','Level':'4','Opcode':'0','Provider':{'Guid':'{5770385f-c22a-43e0-bf4c-06f5698ffbd9}','Name':'Microsoft-Windows-Sysmon'},'Security':{'UserID':'S-1-5-18'},'Task':'7','TimeCreated':{'SystemTime':'2024-11-20T00:49:32.8635321Z'},'Version':'3','_event_id':'7'}","7","Microsoft-Windows-Sysmon/Operational","HL-WS04.HOMELAB.local","","7","43039","{'ProcessID':'2052','ThreadID':'3948'}","2052","3948","0x8000000000000000","4","0","{'Guid':'{5770385f-c22a-43e0-bf4c-06f5698ffbd9}','Name':'Microsoft-Windows-Sysmon'}","{5770385f-c22a-43e0-bf4c-06f5698ffbd9}","Microsoft-Windows-Sysmon","S-1-5-18","7","2024-11-20T00:49:32.8635321Z","3","{'arch':2,'did':'','event_id':'3da0d14c-b7eb-492f-9582-87d0e7aa1c83','event_time':1732063727452,'event_type':'WEL','ext_ip':'108.171.103.70','hostname':'hl-ws04.homelab.local','iid':'7e99630d-d276-4169-bd11-c23115a848fa','int_ip':'10.100.100.133','moduleid':2,'oid':'27c3229e-7f58-40c8-ad1a-799ff00e1781','plat':268435456,'sid':'20884ef9-0b46-4a29-9d58-832837729b10','tags':['workstations'],'this':'edee7dfad94e9f0945fdd1f8673d31ef'}",2,"","3da0d14c-b7eb-492f-9582-87d0e7aa1c83",1732063727452,"WEL","108.171.103.70","hl-ws04.homelab.local","7e99630d-d276-4169-bd11-c23115a848fa","10.100.100.133",2,"27c3229e-7f58-40c8-ad1a-799ff00e1781",268435456,"20884ef9-0b46-4a29-9d58-832837729b10","['workstations']","edee7dfad94e9f0945fdd1f8673d31ef"
"2024-11-20 00:48:47","{'EventData':{'Company':'Microsoft Corporation','Description':'Internet Extensions for Win32','FileVersion':'11.00.19041.4717 (WinBuild.160101.0800)','Hashes':'MD5=74DEE7D0669D447C1D6782A5EFC9228F,SHA256=43EBF05776BBF37D9D1FD4EF77007746F5EB0427F1C9E9C49AE4A21B21B5BB7E,IMPHASH=007CDDB46602F7A467D46B006D5D298C','Image':'C:\\Users\\pparker\\Downloads\\DriverUpdate_1_2.exe','ImageLoaded':'C:\\Windows\\SysWOW64\\wininet.dll','OriginalFileName':'wininet.dll','ProcessGuid':'{7b34ed3d-321c-673d-5906-000000000b00}','ProcessId':'368','Product':'Internet Explorer','RuleName':'-','Signature':'Microsoft Windows','SignatureStatus':'Valid','Signed':'true','User':'HOMELAB\\pparker','UtcTime':'2024-11-20 00:49:32.865'},'System':{'Channel':'Microsoft-Windows-Sysmon/Operational','Computer':'HL-WS04.HOMELAB.local','Correlation':'','EventID':'7','EventRecordID':'43040','Execution':{'ProcessID':'2052','ThreadID':'3948'},'Keywords':'0x8000000000000000','Level':'4','Opcode':'0','Provider':{'Guid':'{5770385f-c22a-43e0-bf4c-06f5698ffbd9}','Name':'Microsoft-Windows-Sysmon'},'Security':{'UserID':'S-1-5-18'},'Task':'7','TimeCreated':{'SystemTime':'2024-11-20T00:49:32.8664204Z'},'Version':'3','_event_id':'7'}}","{'Company':'Microsoft Corporation','Description':'Internet Extensions for Win32','FileVersion':'11.00.19041.4717 (WinBuild.160101.0800)','Hashes':'MD5=74DEE7D0669D447C1D6782A5EFC9228F,SHA256=43EBF05776BBF37D9D1FD4EF77007746F5EB0427F1C9E9C49AE4A21B21B5BB7E,IMPHASH=007CDDB46602F7A467D46B006D5D298C','Image':'C:\\Users\\pparker\\Downloads\\DriverUpdate_1_2.exe','ImageLoaded':'C:\\Windows\\SysWOW64\\wininet.dll','OriginalFileName':'wininet.dll','ProcessGuid':'{7b34ed3d-321c-673d-5906-000000000b00}','ProcessId':'368','Product':'Internet Explorer','RuleName':'-','Signature':'Microsoft Windows','SignatureStatus':'Valid','Signed':'true','User':'HOMELAB\\pparker','UtcTime':'2024-11-20 00:49:32.865'}",,"Microsoft Corporation",,,"Internet Extensions for Win32",,,,,,,,"11.00.19041.4717 (WinBuild.160101.0800)","MD5=74DEE7D0669D447C1D6782A5EFC9228F,SHA256=43EBF05776BBF37D9D1FD4EF77007746F5EB0427F1C9E9C49AE4A21B21B5BB7E,IMPHASH=007CDDB46602F7A467D46B006D5D298C","C:\Users\pparker\Downloads\DriverUpdate_1_2.exe","C:\Windows\SysWOW64\wininet.dll",,,,,"wininet.dll",,,,,,"{7b34ed3d-321c-673d-5906-000000000b00}","368","Internet Explorer",,"-","Microsoft Windows","Valid","true",,,,,,,,,"HOMELAB\pparker","2024-11-20 00:49:32.865","{'Channel':'Microsoft-Windows-Sysmon/Operational','Computer':'HL-WS04.HOMELAB.local','Correlation':'','EventID':'7','EventRecordID':'43040','Execution':{'ProcessID':'2052','ThreadID':'3948'},'Keywords':'0x8000000000000000','Level':'4','Opcode':'0','Provider':{'Guid':'{5770385f-c22a-43e0-bf4c-06f5698ffbd9}','Name':'Microsoft-Windows-Sysmon'},'Security':{'UserID':'S-1-5-18'},'Task':'7','TimeCreated':{'SystemTime':'2024-11-20T00:49:32.8664204Z'},'Version':'3','_event_id':'7'}","7","Microsoft-Windows-Sysmon/Operational","HL-WS04.HOMELAB.local","","7","43040","{'ProcessID':'2052','ThreadID':'3948'}","2052","3948","0x8000000000000000","4","0","{'Guid':'{5770385f-c22a-43e0-bf4c-06f5698ffbd9}','Name':'Microsoft-Windows-Sysmon'}","{5770385f-c22a-43e0-bf4c-06f5698ffbd9}","Microsoft-Windows-Sysmon","S-1-5-18","7","2024-11-20T00:49:32.8664204Z","3","{'arch':2,'did':'','event_id':'18720a3e-8530-4b01-a2a9-63bd288ac515','event_time':1732063727452,'event_type':'WEL','ext_ip':'108.171.103.70','hostname':'hl-ws04.homelab.local','iid':'7e99630d-d276-4169-bd11-c23115a848fa','int_ip':'10.100.100.133','moduleid':2,'oid':'27c3229e-7f58-40c8-ad1a-799ff00e1781','plat':268435456,'sid':'20884ef9-0b46-4a29-9d58-832837729b10','tags':['workstations'],'this':'d6dd9a34022596ea20308326673d31ef'}",2,"","18720a3e-8530-4b01-a2a9-63bd288ac515",1732063727452,"WEL","108.171.103.70","hl-ws04.homelab.local","7e99630d-d276-4169-bd11-c23115a848fa","10.100.100.133",2,"27c3229e-7f58-40c8-ad1a-799ff00e1781",268435456,"20884ef9-0b46-4a29-9d58-832837729b10","['workstations']","d6dd9a34022596ea20308326673d31ef"
"2024-11-20 00:48:47","{'EventData':{'Company':'Microsoft Corporation','Description':'Windows HTTP Services','FileVersion':'10.0.19041.4717 (WinBuild.160101.0800)','Hashes':'MD5=949F60325131F3CCD983253563F38ED5,SHA256=FB3655096AA80BB0A2E5E56FDBD4C34B0E610E5529DF46FD321539BD7F6A0565,IMPHASH=CE2F72A01BA427DCF567162432545802','Image':'C:\\Users\\pparker\\Downloads\\DriverUpdate_1_2.exe','ImageLoaded':'C:\\Windows\\SysWOW64\\winhttp.dll','OriginalFileName':'winhttp.dll','ProcessGuid':'{7b34ed3d-321c-673d-5906-000000000b00}','ProcessId':'368','Product':'Microsoft® Windows® Operating System','RuleName':'-','Signature':'Microsoft Windows','SignatureStatus':'Valid','Signed':'true','User':'HOMELAB\\pparker','UtcTime':'2024-11-20 00:49:32.865'},'System':{'Channel':'Microsoft-Windows-Sysmon/Operational','Computer':'HL-WS04.HOMELAB.local','Correlation':'','EventID':'7','EventRecordID':'43041','Execution':{'ProcessID':'2052','ThreadID':'3948'},'Keywords':'0x8000000000000000','Level':'4','Opcode':'0','Provider':{'Guid':'{5770385f-c22a-43e0-bf4c-06f5698ffbd9}','Name':'Microsoft-Windows-Sysmon'},'Security':{'UserID':'S-1-5-18'},'Task':'7','TimeCreated':{'SystemTime':'2024-11-20T00:49:32.8674337Z'},'Version':'3','_event_id':'7'}}","{'Company':'Microsoft Corporation','Description':'Windows HTTP Services','FileVersion':'10.0.19041.4717 (WinBuild.160101.0800)','Hashes':'MD5=949F60325131F3CCD983253563F38ED5,SHA256=FB3655096AA80BB0A2E5E56FDBD4C34B0E610E5529DF46FD321539BD7F6A0565,IMPHASH=CE2F72A01BA427DCF567162432545802','Image':'C:\\Users\\pparker\\Downloads\\DriverUpdate_1_2.exe','ImageLoaded':'C:\\Windows\\SysWOW64\\winhttp.dll','OriginalFileName':'winhttp.dll','ProcessGuid':'{7b34ed3d-321c-673d-5906-000000000b00}','ProcessId':'368','Product':'Microsoft® Windows® Operating System','RuleName':'-','Signature':'Microsoft Windows','SignatureStatus':'Valid','Signed':'true','User':'HOMELAB\\pparker','UtcTime':'2024-11-20 00:49:32.865'}",,"Microsoft Corporation",,,"Windows HTTP Services",,,,,,,,"10.0.19041.4717 (WinBuild.160101.0800)","MD5=949F60325131F3CCD983253563F38ED5,SHA256=FB3655096AA80BB0A2E5E56FDBD4C34B0E610E5529DF46FD321539BD7F6A0565,IMPHASH=CE2F72A01BA427DCF567162432545802","C:\Users\pparker\Downloads\DriverUpdate_1_2.exe","C:\Windows\SysWOW64\winhttp.dll",,,,,"winhttp.dll",,,,,,"{7b34ed3d-321c-673d-5906-000000000b00}","368","Microsoft® Windows® Operating System",,"-","Microsoft Windows","Valid","true",,,,,,,,,"HOMELAB\pparker","2024-11-20 00:49:32.865","{'Channel':'Microsoft-Windows-Sysmon/Operational','Computer':'HL-WS04.HOMELAB.local','Correlation':'','EventID':'7','EventRecordID':'43041','Execution':{'ProcessID':'2052','ThreadID':'3948'},'Keywords':'0x8000000000000000','Level':'4','Opcode':'0','Provider':{'Guid':'{5770385f-c22a-43e0-bf4c-06f5698ffbd9}','Name':'Microsoft-Windows-Sysmon'},'Security':{'UserID':'S-1-5-18'},'Task':'7','TimeCreated':{'SystemTime':'2024-11-20T00:49:32.8674337Z'},'Version':'3','_event_id':'7'}","7","Microsoft-Windows-Sysmon/Operational","HL-WS04.HOMELAB.local","","7","43041","{'ProcessID':'2052','ThreadID':'3948'}","2052","3948","0x8000000000000000","4","0","{'Guid':'{5770385f-c22a-43e0-bf4c-06f5698ffbd9}','Name':'Microsoft-Windows-Sysmon'}","{5770385f-c22a-43e0-bf4c-06f5698ffbd9}","Microsoft-Windows-Sysmon","S-1-5-18","7","2024-11-20T00:49:32.8674337Z","3","{'arch':2,'did':'','event_id':'480837b0-0757-4b68-be05-f00ae9aad87b','event_time':1732063727452,'event_type':'WEL','ext_ip':'108.171.103.70','hostname':'hl-ws04.homelab.local','iid':'7e99630d-d276-4169-bd11-c23115a848fa','int_ip':'10.100.100.133','moduleid':2,'oid':'27c3229e-7f58-40c8-ad1a-799ff00e1781','plat':268435456,'sid':'20884ef9-0b46-4a29-9d58-832837729b10','tags':['workstations'],'this':'ff313b6cebc29a265c1c593b673d31ef'}",2,"","480837b0-0757-4b68-be05-f00ae9aad87b",1732063727452,"WEL","108.171.103.70","hl-ws04.homelab.local","7e99630d-d276-4169-bd11-c23115a848fa","10.100.100.133",2,"27c3229e-7f58-40c8-ad1a-799ff00e1781",268435456,"20884ef9-0b46-4a29-9d58-832837729b10","['workstations']","ff313b6cebc29a265c1c593b673d31ef"
"2024-11-20 00:48:47","{'EventData':{'Company':'Microsoft Corporation','Description':'Cryptographic Service Provider API','FileVersion':'10.0.19041.3636 (WinBuild.160101.0800)','Hashes':'MD5=19BAEE15EEBE5A6B765ECF95E0DABC96,SHA256=72450FB39087AF34AF4F0C09BFBE8C2D13F4E4AF76952E8B565D07799066A92B,IMPHASH=C54E88E35A24F5BA0A76FE0038B038A7','Image':'C:\\Users\\pparker\\Downloads\\DriverUpdate_1_2.exe','ImageLoaded':'C:\\Windows\\SysWOW64\\cryptsp.dll','OriginalFileName':'cryptsp.dll','ProcessGuid':'{7b34ed3d-321c-673d-5906-000000000b00}','ProcessId':'368','Product':'Microsoft® Windows® Operating System','RuleName':'-','Signature':'Microsoft Windows','SignatureStatus':'Valid','Signed':'true','User':'HOMELAB\\pparker','UtcTime':'2024-11-20 00:49:32.865'},'System':{'Channel':'Microsoft-Windows-Sysmon/Operational','Computer':'HL-WS04.HOMELAB.local','Correlation':'','EventID':'7','EventRecordID':'43042','Execution':{'ProcessID':'2052','ThreadID':'3948'},'Keywords':'0x8000000000000000','Level':'4','Opcode':'0','Provider':{'Guid':'{5770385f-c22a-43e0-bf4c-06f5698ffbd9}','Name':'Microsoft-Windows-Sysmon'},'Security':{'UserID':'S-1-5-18'},'Task':'7','TimeCreated':{'SystemTime':'2024-11-20T00:49:32.8768253Z'},'Version':'3','_event_id':'7'}}","{'Company':'Microsoft Corporation','Description':'Cryptographic Service Provider API','FileVersion':'10.0.19041.3636 (WinBuild.160101.0800)','Hashes':'MD5=19BAEE15EEBE5A6B765ECF95E0DABC96,SHA256=72450FB39087AF34AF4F0C09BFBE8C2D13F4E4AF76952E8B565D07799066A92B,IMPHASH=C54E88E35A24F5BA0A76FE0038B038A7','Image':'C:\\Users\\pparker\\Downloads\\DriverUpdate_1_2.exe','ImageLoaded':'C:\\Windows\\SysWOW64\\cryptsp.dll','OriginalFileName':'cryptsp.dll','ProcessGuid':'{7b34ed3d-321c-673d-5906-000000000b00}','ProcessId':'368','Product':'Microsoft® Windows® Operating System','RuleName':'-','Signature':'Microsoft Windows','SignatureStatus':'Valid','Signed':'true','User':'HOMELAB\\pparker','UtcTime':'2024-11-20 00:49:32.865'}",,"Microsoft Corporation",,,"Cryptographic Service Provider API",,,,,,,,"10.0.19041.3636 (WinBuild.160101.0800)","MD5=19BAEE15EEBE5A6B765ECF95E0DABC96,SHA256=72450FB39087AF34AF4F0C09BFBE8C2D13F4E4AF76952E8B565D07799066A92B,IMPHASH=C54E88E35A24F5BA0A76FE0038B038A7","C:\Users\pparker\Downloads\DriverUpdate_1_2.exe","C:\Windows\SysWOW64\cryptsp.dll",,,,,"cryptsp.dll",,,,,,"{7b34ed3d-321c-673d-5906-000000000b00}","368","Microsoft® Windows® Operating System",,"-","Microsoft Windows","Valid","true",,,,,,,,,"HOMELAB\pparker","2024-11-20 00:49:32.865","{'Channel':'Microsoft-Windows-Sysmon/Operational','Computer':'HL-WS04.HOMELAB.local','Correlation':'','EventID':'7','EventRecordID':'43042','Execution':{'ProcessID':'2052','ThreadID':'3948'},'Keywords':'0x8000000000000000','Level':'4','Opcode':'0','Provider':{'Guid':'{5770385f-c22a-43e0-bf4c-06f5698ffbd9}','Name':'Microsoft-Windows-Sysmon'},'Security':{'UserID':'S-1-5-18'},'Task':'7','TimeCreated':{'SystemTime':'2024-11-20T00:49:32.8768253Z'},'Version':'3','_event_id':'7'}","7","Microsoft-Windows-Sysmon/Operational","HL-WS04.HOMELAB.local","","7","43042","{'ProcessID':'2052','ThreadID':'3948'}","2052","3948","0x8000000000000000","4","0","{'Guid':'{5770385f-c22a-43e0-bf4c-06f5698ffbd9}','Name':'Microsoft-Windows-Sysmon'}","{5770385f-c22a-43e0-bf4c-06f5698ffbd9}","Microsoft-Windows-Sysmon","S-1-5-18","7","2024-11-20T00:49:32.8768253Z","3","{'arch':2,'did':'','event_id':'a45b21dd-90be-4dde-a404-3850d68f7d16','event_time':1732063727452,'event_type':'WEL','ext_ip':'108.171.103.70','hostname':'hl-ws04.homelab.local','iid':'7e99630d-d276-4169-bd11-c23115a848fa','int_ip':'10.100.100.133','moduleid':2,'oid':'27c3229e-7f58-40c8-ad1a-799ff00e1781','plat':268435456,'sid':'20884ef9-0b46-4a29-9d58-832837729b10','tags':['workstations'],'this':'5ace1da25bed3c6e7ea4c9fe673d31ef'}",2,"","a45b21dd-90be-4dde-a404-3850d68f7d16",1732063727452,"WEL","108.171.103.70","hl-ws04.homelab.local","7e99630d-d276-4169-bd11-c23115a848fa","10.100.100.133",2,"27c3229e-7f58-40c8-ad1a-799ff00e1781",268435456,"20884ef9-0b46-4a29-9d58-832837729b10","['workstations']","5ace1da25bed3c6e7ea4c9fe673d31ef"
"2024-11-20 00:48:47","{'EventData':{'Company':'Microsoft Corporation','Description':'Microsoft Enhanced Cryptographic Provider','FileVersion':'10.0.19041.3636 (WinBuild.160101.0800)','Hashes':'MD5=985583EDD49772CA487E12BA175EE2DB,SHA256=8D06796E282A3F8065D5466AB509B1E70660C33D68F2AB466E773C25C98F4163,IMPHASH=2EA454BE669039C6361F930648E83C20','Image':'C:\\Users\\pparker\\Downloads\\DriverUpdate_1_2.exe','ImageLoaded':'C:\\Windows\\SysWOW64\\rsaenh.dll','OriginalFileName':'rsaenh.dll','ProcessGuid':'{7b34ed3d-321c-673d-5906-000000000b00}','ProcessId':'368','Product':'Microsoft® Windows® Operating System','RuleName':'-','Signature':'Microsoft Windows','SignatureStatus':'Valid','Signed':'true','User':'HOMELAB\\pparker','UtcTime':'2024-11-20 00:49:32.865'},'System':{'Channel':'Microsoft-Windows-Sysmon/Operational','Computer':'HL-WS04.HOMELAB.local','Correlation':'','EventID':'7','EventRecordID':'43043','Execution':{'ProcessID':'2052','ThreadID':'3948'},'Keywords':'0x8000000000000000','Level':'4','Opcode':'0','Provider':{'Guid':'{5770385f-c22a-43e0-bf4c-06f5698ffbd9}','Name':'Microsoft-Windows-Sysmon'},'Security':{'UserID':'S-1-5-18'},'Task':'7','TimeCreated':{'SystemTime':'2024-11-20T00:49:32.8774968Z'},'Version':'3','_event_id':'7'}}","{'Company':'Microsoft Corporation','Description':'Microsoft Enhanced Cryptographic Provider','FileVersion':'10.0.19041.3636 (WinBuild.160101.0800)','Hashes':'MD5=985583EDD49772CA487E12BA175EE2DB,SHA256=8D06796E282A3F8065D5466AB509B1E70660C33D68F2AB466E773C25C98F4163,IMPHASH=2EA454BE669039C6361F930648E83C20','Image':'C:\\Users\\pparker\\Downloads\\DriverUpdate_1_2.exe','ImageLoaded':'C:\\Windows\\SysWOW64\\rsaenh.dll','OriginalFileName':'rsaenh.dll','ProcessGuid':'{7b34ed3d-321c-673d-5906-000000000b00}','ProcessId':'368','Product':'Microsoft® Windows® Operating System','RuleName':'-','Signature':'Microsoft Windows','SignatureStatus':'Valid','Signed':'true','User':'HOMELAB\\pparker','UtcTime':'2024-11-20 00:49:32.865'}",,"Microsoft Corporation",,,"Microsoft Enhanced Cryptographic Provider",,,,,,,,"10.0.19041.3636 (WinBuild.160101.0800)","MD5=985583EDD49772CA487E12BA175EE2DB,SHA256=8D06796E282A3F8065D5466AB509B1E70660C33D68F2AB466E773C25C98F4163,IMPHASH=2EA454BE669039C6361F930648E83C20","C:\Users\pparker\Downloads\DriverUpdate_1_2.exe","C:\Windows\SysWOW64\rsaenh.dll",,,,,"rsaenh.dll",,,,,,"{7b34ed3d-321c-673d-5906-000000000b00}","368","Microsoft® Windows® Operating System",,"-","Microsoft Windows","Valid","true",,,,,,,,,"HOMELAB\pparker","2024-11-20 00:49:32.865","{'Channel':'Microsoft-Windows-Sysmon/Operational','Computer':'HL-WS04.HOMELAB.local','Correlation':'','EventID':'7','EventRecordID':'43043','Execution':{'ProcessID':'2052','ThreadID':'3948'},'Keywords':'0x8000000000000000','Level':'4','Opcode':'0','Provider':{'Guid':'{5770385f-c22a-43e0-bf4c-06f5698ffbd9}','Name':'Microsoft-Windows-Sysmon'},'Security':{'UserID':'S-1-5-18'},'Task':'7','TimeCreated':{'SystemTime':'2024-11-20T00:49:32.8774968Z'},'Version':'3','_event_id':'7'}","7","Microsoft-Windows-Sysmon/Operational","HL-WS04.HOMELAB.local","","7","43043","{'ProcessID':'2052','ThreadID':'3948'}","2052","3948","0x8000000000000000","4","0","{'Guid':'{5770385f-c22a-43e0-bf4c-06f5698ffbd9}','Name':'Microsoft-Windows-Sysmon'}","{5770385f-c22a-43e0-bf4c-06f5698ffbd9}","Microsoft-Windows-Sysmon","S-1-5-18","7","2024-11-20T00:49:32.8774968Z","3","{'arch':2,'did':'','event_id':'4c683f2b-91ed-4ae4-a6e3-679449e6d2f1','event_time':1732063727452,'event_type':'WEL','ext_ip':'108.171.103.70','hostname':'hl-ws04.homelab.local','iid':'7e99630d-d276-4169-bd11-c23115a848fa','int_ip':'10.100.100.133','moduleid':2,'oid':'27c3229e-7f58-40c8-ad1a-799ff00e1781','plat':268435456,'sid':'20884ef9-0b46-4a29-9d58-832837729b10','tags':['workstations'],'this':'276913a364cd2207488716a6673d31ef'}",2,"","4c683f2b-91ed-4ae4-a6e3-679449e6d2f1",1732063727452,"WEL","108.171.103.70","hl-ws04.homelab.local","7e99630d-d276-4169-bd11-c23115a848fa","10.100.100.133",2,"27c3229e-7f58-40c8-ad1a-799ff00e1781",268435456,"20884ef9-0b46-4a29-9d58-832837729b10","['workstations']","276913a364cd2207488716a6673d31ef"
