"2024-11-20 00:47:07","{'EventData':{'Company':'Microsoft Corporation','Description':'Crypto API32','FileVersion':'10.0.19041.4894 (WinBuild.160101.0800)','Hashes':'MD5=94D85B34388D27876D54442EBB6F91D4,SHA256=B33F30BBA16DE2BC95D13FE89637828CBA24C688663E56DF86F9BECA953E154E,IMPHASH=11A83F184265D7EF4BF61ABA711A40A7','Image':'C:\\Users\\pparker\\Downloads\\DriverUpdate_1_2.exe','ImageLoaded':'C:\\Windows\\SysWOW64\\crypt32.dll','OriginalFileName':'CRYPT32.DLL','ProcessGuid':'{7b34ed3d-31b8-673d-4306-000000000b00}','ProcessId':'6720','Product':'Microsoft® Windows® Operating System','RuleName':'-','Signature':'Microsoft Windows','SignatureStatus':'Valid','Signed':'true','User':'HOMELAB\\pparker','UtcTime':'2024-11-20 00:47:53.271'},'System':{'Channel':'Microsoft-Windows-Sysmon/Operational','Computer':'HL-WS04.HOMELAB.local','Correlation':'','EventID':'7','EventRecordID':'42277','Execution':{'ProcessID':'2052','ThreadID':'3948'},'Keywords':'0x8000000000000000','Level':'4','Opcode':'0','Provider':{'Guid':'{5770385f-c22a-43e0-bf4c-06f5698ffbd9}','Name':'Microsoft-Windows-Sysmon'},'Security':{'UserID':'S-1-5-18'},'Task':'7','TimeCreated':{'SystemTime':'2024-11-20T00:47:53.2841117Z'},'Version':'3','_event_id':'7'}}","{'Company':'Microsoft Corporation','Description':'Crypto API32','FileVersion':'10.0.19041.4894 (WinBuild.160101.0800)','Hashes':'MD5=94D85B34388D27876D54442EBB6F91D4,SHA256=B33F30BBA16DE2BC95D13FE89637828CBA24C688663E56DF86F9BECA953E154E,IMPHASH=11A83F184265D7EF4BF61ABA711A40A7','Image':'C:\\Users\\pparker\\Downloads\\DriverUpdate_1_2.exe','ImageLoaded':'C:\\Windows\\SysWOW64\\crypt32.dll','OriginalFileName':'CRYPT32.DLL','ProcessGuid':'{7b34ed3d-31b8-673d-4306-000000000b00}','ProcessId':'6720','Product':'Microsoft® Windows® Operating System','RuleName':'-','Signature':'Microsoft Windows','SignatureStatus':'Valid','Signed':'true','User':'HOMELAB\\pparker','UtcTime':'2024-11-20 00:47:53.271'}",,"Microsoft Corporation",,,"Crypto API32",,,,,,,,"10.0.19041.4894 (WinBuild.160101.0800)","MD5=94D85B34388D27876D54442EBB6F91D4,SHA256=B33F30BBA16DE2BC95D13FE89637828CBA24C688663E56DF86F9BECA953E154E,IMPHASH=11A83F184265D7EF4BF61ABA711A40A7","C:\Users\pparker\Downloads\DriverUpdate_1_2.exe","C:\Windows\SysWOW64\crypt32.dll",,,,,"CRYPT32.DLL",,,,,,"{7b34ed3d-31b8-673d-4306-000000000b00}","6720","Microsoft® Windows® Operating System",,"-","Microsoft Windows","Valid","true",,,,,,,,,"HOMELAB\pparker","2024-11-20 00:47:53.271","{'Channel':'Microsoft-Windows-Sysmon/Operational','Computer':'HL-WS04.HOMELAB.local','Correlation':'','EventID':'7','EventRecordID':'42277','Execution':{'ProcessID':'2052','ThreadID':'3948'},'Keywords':'0x8000000000000000','Level':'4','Opcode':'0','Provider':{'Guid':'{5770385f-c22a-43e0-bf4c-06f5698ffbd9}','Name':'Microsoft-Windows-Sysmon'},'Security':{'UserID':'S-1-5-18'},'Task':'7','TimeCreated':{'SystemTime':'2024-11-20T00:47:53.2841117Z'},'Version':'3','_event_id':'7'}","7","Microsoft-Windows-Sysmon/Operational","HL-WS04.HOMELAB.local","","7","42277","{'ProcessID':'2052','ThreadID':'3948'}","2052","3948","0x8000000000000000","4","0","{'Guid':'{5770385f-c22a-43e0-bf4c-06f5698ffbd9}','Name':'Microsoft-Windows-Sysmon'}","{5770385f-c22a-43e0-bf4c-06f5698ffbd9}","Microsoft-Windows-Sysmon","S-1-5-18","7","2024-11-20T00:47:53.2841117Z","3","{'arch':2,'did':'','event_id':'0c33b140-a27f-4ae5-b442-154614e915cd','event_time':1732063627806,'event_type':'WEL','ext_ip':'108.171.103.70','hostname':'hl-ws04.homelab.local','iid':'7e99630d-d276-4169-bd11-c23115a848fa','int_ip':'10.100.100.133','moduleid':2,'oid':'27c3229e-7f58-40c8-ad1a-799ff00e1781','plat':268435456,'sid':'20884ef9-0b46-4a29-9d58-832837729b10','tags':['workstations'],'this':'246a7f78c6596d7d47e8bbcf673d318b'}",2,"","0c33b140-a27f-4ae5-b442-154614e915cd",1732063627806,"WEL","108.171.103.70","hl-ws04.homelab.local","7e99630d-d276-4169-bd11-c23115a848fa","10.100.100.133",2,"27c3229e-7f58-40c8-ad1a-799ff00e1781",268435456,"20884ef9-0b46-4a29-9d58-832837729b10","['workstations']","246a7f78c6596d7d47e8bbcf673d318b"
"2024-11-20 00:47:07","{'EventData':{'Company':'Microsoft Corporation','Description':'Microsoft OLE for Windows','FileVersion':'10.0.19041.4355 (WinBuild.160101.0800)','Hashes':'MD5=876E253CF522CB8BA268710C6BA9CE46,SHA256=5730D36C4A1ABDCBBDF31FB1AD2E65901F4D62BDE669E11736D1138C606895F1,IMPHASH=C60C57DA1BF71493145215470F08AD9A','Image':'C:\\Users\\pparker\\Downloads\\DriverUpdate_1_2.exe','ImageLoaded':'C:\\Windows\\SysWOW64\\ole32.dll','OriginalFileName':'OLE32.DLL','ProcessGuid':'{7b34ed3d-31b8-673d-4306-000000000b00}','ProcessId':'6720','Product':'Microsoft® Windows® Operating System','RuleName':'-','Signature':'Microsoft Windows','SignatureStatus':'Valid','Signed':'true','User':'HOMELAB\\pparker','UtcTime':'2024-11-20 00:47:53.053'},'System':{'Channel':'Microsoft-Windows-Sysmon/Operational','Computer':'HL-WS04.HOMELAB.local','Correlation':'','EventID':'7','EventRecordID':'42278','Execution':{'ProcessID':'2052','ThreadID':'4064'},'Keywords':'0x8000000000000000','Level':'4','Opcode':'0','Provider':{'Guid':'{5770385f-c22a-43e0-bf4c-06f5698ffbd9}','Name':'Microsoft-Windows-Sysmon'},'Security':{'UserID':'S-1-5-18'},'Task':'7','TimeCreated':{'SystemTime':'2024-11-20T00:47:53.2930335Z'},'Version':'3','_event_id':'7'}}","{'Company':'Microsoft Corporation','Description':'Microsoft OLE for Windows','FileVersion':'10.0.19041.4355 (WinBuild.160101.0800)','Hashes':'MD5=876E253CF522CB8BA268710C6BA9CE46,SHA256=5730D36C4A1ABDCBBDF31FB1AD2E65901F4D62BDE669E11736D1138C606895F1,IMPHASH=C60C57DA1BF71493145215470F08AD9A','Image':'C:\\Users\\pparker\\Downloads\\DriverUpdate_1_2.exe','ImageLoaded':'C:\\Windows\\SysWOW64\\ole32.dll','OriginalFileName':'OLE32.DLL','ProcessGuid':'{7b34ed3d-31b8-673d-4306-000000000b00}','ProcessId':'6720','Product':'Microsoft® Windows® Operating System','RuleName':'-','Signature':'Microsoft Windows','SignatureStatus':'Valid','Signed':'true','User':'HOMELAB\\pparker','UtcTime':'2024-11-20 00:47:53.053'}",,"Microsoft Corporation",,,"Microsoft OLE for Windows",,,,,,,,"10.0.19041.4355 (WinBuild.160101.0800)","MD5=876E253CF522CB8BA268710C6BA9CE46,SHA256=5730D36C4A1ABDCBBDF31FB1AD2E65901F4D62BDE669E11736D1138C606895F1,IMPHASH=C60C57DA1BF71493145215470F08AD9A","C:\Users\pparker\Downloads\DriverUpdate_1_2.exe","C:\Windows\SysWOW64\ole32.dll",,,,,"OLE32.DLL",,,,,,"{7b34ed3d-31b8-673d-4306-000000000b00}","6720","Microsoft® Windows® Operating System",,"-","Microsoft Windows","Valid","true",,,,,,,,,"HOMELAB\pparker","2024-11-20 00:47:53.053","{'Channel':'Microsoft-Windows-Sysmon/Operational','Computer':'HL-WS04.HOMELAB.local','Correlation':'','EventID':'7','EventRecordID':'42278','Execution':{'ProcessID':'2052','ThreadID':'4064'},'Keywords':'0x8000000000000000','Level':'4','Opcode':'0','Provider':{'Guid':'{5770385f-c22a-43e0-bf4c-06f5698ffbd9}','Name':'Microsoft-Windows-Sysmon'},'Security':{'UserID':'S-1-5-18'},'Task':'7','TimeCreated':{'SystemTime':'2024-11-20T00:47:53.2930335Z'},'Version':'3','_event_id':'7'}","7","Microsoft-Windows-Sysmon/Operational","HL-WS04.HOMELAB.local","","7","42278","{'ProcessID':'2052','ThreadID':'4064'}","2052","4064","0x8000000000000000","4","0","{'Guid':'{5770385f-c22a-43e0-bf4c-06f5698ffbd9}','Name':'Microsoft-Windows-Sysmon'}","{5770385f-c22a-43e0-bf4c-06f5698ffbd9}","Microsoft-Windows-Sysmon","S-1-5-18","7","2024-11-20T00:47:53.2930335Z","3","{'arch':2,'did':'','event_id':'b3a676dd-bae7-4b5a-9169-45965072699c','event_time':1732063627806,'event_type':'WEL','ext_ip':'108.171.103.70','hostname':'hl-ws04.homelab.local','iid':'7e99630d-d276-4169-bd11-c23115a848fa','int_ip':'10.100.100.133','moduleid':2,'oid':'27c3229e-7f58-40c8-ad1a-799ff00e1781','plat':268435456,'sid':'20884ef9-0b46-4a29-9d58-832837729b10','tags':['workstations'],'this':'9d9393e094cae720b682068d673d318b'}",2,"","b3a676dd-bae7-4b5a-9169-45965072699c",1732063627806,"WEL","108.171.103.70","hl-ws04.homelab.local","7e99630d-d276-4169-bd11-c23115a848fa","10.100.100.133",2,"27c3229e-7f58-40c8-ad1a-799ff00e1781",268435456,"20884ef9-0b46-4a29-9d58-832837729b10","['workstations']","9d9393e094cae720b682068d673d318b"
"2024-11-20 00:47:07","{'EventData':{'Company':'Microsoft Corporation','Description':'Microsoft COM for Windows','FileVersion':'10.0.19041.4894 (WinBuild.160101.0800)','Hashes':'MD5=EFE0047B8DBC22A0DD4489B9AF4382DA,SHA256=CDF0F2CCFF16380A44D6E301D30510FD1FD6B641BC3CD6415B4CE66A36B9BCE8,IMPHASH=0E7DBCDD9169F88354984E1C8B8310BD','Image':'C:\\Users\\pparker\\Downloads\\DriverUpdate_1_2.exe','ImageLoaded':'C:\\Windows\\SysWOW64\\combase.dll','OriginalFileName':'COMBASE.DLL','ProcessGuid':'{7b34ed3d-31b8-673d-4306-000000000b00}','ProcessId':'6720','Product':'Microsoft® Windows® Operating System','RuleName':'-','Signature':'Microsoft Windows','SignatureStatus':'Valid','Signed':'true','User':'HOMELAB\\pparker','UtcTime':'2024-11-20 00:47:53.053'},'System':{'Channel':'Microsoft-Windows-Sysmon/Operational','Computer':'HL-WS04.HOMELAB.local','Correlation':'','EventID':'7','EventRecordID':'42279','Execution':{'ProcessID':'2052','ThreadID':'4064'},'Keywords':'0x8000000000000000','Level':'4','Opcode':'0','Provider':{'Guid':'{5770385f-c22a-43e0-bf4c-06f5698ffbd9}','Name':'Microsoft-Windows-Sysmon'},'Security':{'UserID':'S-1-5-18'},'Task':'7','TimeCreated':{'SystemTime':'2024-11-20T00:47:53.3284730Z'},'Version':'3','_event_id':'7'}}","{'Company':'Microsoft Corporation','Description':'Microsoft COM for Windows','FileVersion':'10.0.19041.4894 (WinBuild.160101.0800)','Hashes':'MD5=EFE0047B8DBC22A0DD4489B9AF4382DA,SHA256=CDF0F2CCFF16380A44D6E301D30510FD1FD6B641BC3CD6415B4CE66A36B9BCE8,IMPHASH=0E7DBCDD9169F88354984E1C8B8310BD','Image':'C:\\Users\\pparker\\Downloads\\DriverUpdate_1_2.exe','ImageLoaded':'C:\\Windows\\SysWOW64\\combase.dll','OriginalFileName':'COMBASE.DLL','ProcessGuid':'{7b34ed3d-31b8-673d-4306-000000000b00}','ProcessId':'6720','Product':'Microsoft® Windows® Operating System','RuleName':'-','Signature':'Microsoft Windows','SignatureStatus':'Valid','Signed':'true','User':'HOMELAB\\pparker','UtcTime':'2024-11-20 00:47:53.053'}",,"Microsoft Corporation",,,"Microsoft COM for Windows",,,,,,,,"10.0.19041.4894 (WinBuild.160101.0800)","MD5=EFE0047B8DBC22A0DD4489B9AF4382DA,SHA256=CDF0F2CCFF16380A44D6E301D30510FD1FD6B641BC3CD6415B4CE66A36B9BCE8,IMPHASH=0E7DBCDD9169F88354984E1C8B8310BD","C:\Users\pparker\Downloads\DriverUpdate_1_2.exe","C:\Windows\SysWOW64\combase.dll",,,,,"COMBASE.DLL",,,,,,"{7b34ed3d-31b8-673d-4306-000000000b00}","6720","Microsoft® Windows® Operating System",,"-","Microsoft Windows","Valid","true",,,,,,,,,"HOMELAB\pparker","2024-11-20 00:47:53.053","{'Channel':'Microsoft-Windows-Sysmon/Operational','Computer':'HL-WS04.HOMELAB.local','Correlation':'','EventID':'7','EventRecordID':'42279','Execution':{'ProcessID':'2052','ThreadID':'4064'},'Keywords':'0x8000000000000000','Level':'4','Opcode':'0','Provider':{'Guid':'{5770385f-c22a-43e0-bf4c-06f5698ffbd9}','Name':'Microsoft-Windows-Sysmon'},'Security':{'UserID':'S-1-5-18'},'Task':'7','TimeCreated':{'SystemTime':'2024-11-20T00:47:53.3284730Z'},'Version':'3','_event_id':'7'}","7","Microsoft-Windows-Sysmon/Operational","HL-WS04.HOMELAB.local","","7","42279","{'ProcessID':'2052','ThreadID':'4064'}","2052","4064","0x8000000000000000","4","0","{'Guid':'{5770385f-c22a-43e0-bf4c-06f5698ffbd9}','Name':'Microsoft-Windows-Sysmon'}","{5770385f-c22a-43e0-bf4c-06f5698ffbd9}","Microsoft-Windows-Sysmon","S-1-5-18","7","2024-11-20T00:47:53.3284730Z","3","{'arch':2,'did':'','event_id':'d2e86163-1689-4e17-baa7-83ad1cc39d93','event_time':1732063627806,'event_type':'WEL','ext_ip':'108.171.103.70','hostname':'hl-ws04.homelab.local','iid':'7e99630d-d276-4169-bd11-c23115a848fa','int_ip':'10.100.100.133','moduleid':2,'oid':'27c3229e-7f58-40c8-ad1a-799ff00e1781','plat':268435456,'sid':'20884ef9-0b46-4a29-9d58-832837729b10','tags':['workstations'],'this':'0c5bd436722c997bbc6fb6f0673d318b'}",2,"","d2e86163-1689-4e17-baa7-83ad1cc39d93",1732063627806,"WEL","108.171.103.70","hl-ws04.homelab.local","7e99630d-d276-4169-bd11-c23115a848fa","10.100.100.133",2,"27c3229e-7f58-40c8-ad1a-799ff00e1781",268435456,"20884ef9-0b46-4a29-9d58-832837729b10","['workstations']","0c5bd436722c997bbc6fb6f0673d318b"
"2024-11-20 00:47:07","{'EventData':{'Company':'Microsoft Corporation','Description':'OLEAUT32.DLL','FileVersion':'10.0.19041.3636 (WinBuild.160101.0800)','Hashes':'MD5=96B3F5BE7D92458FB909620F918A1F63,SHA256=3087391A67AE4574850F52846869FF5C6BAC35A5E540E01F58C97D90A87C40C4,IMPHASH=B256CF51C33F5316420788FB85BA1531','Image':'C:\\Users\\pparker\\Downloads\\DriverUpdate_1_2.exe','ImageLoaded':'C:\\Windows\\SysWOW64\\oleaut32.dll','OriginalFileName':'OLEAUT32.DLL','ProcessGuid':'{7b34ed3d-31b8-673d-4306-000000000b00}','ProcessId':'6720','Product':'Microsoft® Windows® Operating System','RuleName':'-','Signature':'Microsoft Windows','SignatureStatus':'Valid','Signed':'true','User':'HOMELAB\\pparker','UtcTime':'2024-11-20 00:47:53.053'},'System':{'Channel':'Microsoft-Windows-Sysmon/Operational','Computer':'HL-WS04.HOMELAB.local','Correlation':'','EventID':'7','EventRecordID':'42280','Execution':{'ProcessID':'2052','ThreadID':'4064'},'Keywords':'0x8000000000000000','Level':'4','Opcode':'0','Provider':{'Guid':'{5770385f-c22a-43e0-bf4c-06f5698ffbd9}','Name':'Microsoft-Windows-Sysmon'},'Security':{'UserID':'S-1-5-18'},'Task':'7','TimeCreated':{'SystemTime':'2024-11-20T00:47:53.3379738Z'},'Version':'3','_event_id':'7'}}","{'Company':'Microsoft Corporation','Description':'OLEAUT32.DLL','FileVersion':'10.0.19041.3636 (WinBuild.160101.0800)','Hashes':'MD5=96B3F5BE7D92458FB909620F918A1F63,SHA256=3087391A67AE4574850F52846869FF5C6BAC35A5E540E01F58C97D90A87C40C4,IMPHASH=B256CF51C33F5316420788FB85BA1531','Image':'C:\\Users\\pparker\\Downloads\\DriverUpdate_1_2.exe','ImageLoaded':'C:\\Windows\\SysWOW64\\oleaut32.dll','OriginalFileName':'OLEAUT32.DLL','ProcessGuid':'{7b34ed3d-31b8-673d-4306-000000000b00}','ProcessId':'6720','Product':'Microsoft® Windows® Operating System','RuleName':'-','Signature':'Microsoft Windows','SignatureStatus':'Valid','Signed':'true','User':'HOMELAB\\pparker','UtcTime':'2024-11-20 00:47:53.053'}",,"Microsoft Corporation",,,"OLEAUT32.DLL",,,,,,,,"10.0.19041.3636 (WinBuild.160101.0800)","MD5=96B3F5BE7D92458FB909620F918A1F63,SHA256=3087391A67AE4574850F52846869FF5C6BAC35A5E540E01F58C97D90A87C40C4,IMPHASH=B256CF51C33F5316420788FB85BA1531","C:\Users\pparker\Downloads\DriverUpdate_1_2.exe","C:\Windows\SysWOW64\oleaut32.dll",,,,,"OLEAUT32.DLL",,,,,,"{7b34ed3d-31b8-673d-4306-000000000b00}","6720","Microsoft® Windows® Operating System",,"-","Microsoft Windows","Valid","true",,,,,,,,,"HOMELAB\pparker","2024-11-20 00:47:53.053","{'Channel':'Microsoft-Windows-Sysmon/Operational','Computer':'HL-WS04.HOMELAB.local','Correlation':'','EventID':'7','EventRecordID':'42280','Execution':{'ProcessID':'2052','ThreadID':'4064'},'Keywords':'0x8000000000000000','Level':'4','Opcode':'0','Provider':{'Guid':'{5770385f-c22a-43e0-bf4c-06f5698ffbd9}','Name':'Microsoft-Windows-Sysmon'},'Security':{'UserID':'S-1-5-18'},'Task':'7','TimeCreated':{'SystemTime':'2024-11-20T00:47:53.3379738Z'},'Version':'3','_event_id':'7'}","7","Microsoft-Windows-Sysmon/Operational","HL-WS04.HOMELAB.local","","7","42280","{'ProcessID':'2052','ThreadID':'4064'}","2052","4064","0x8000000000000000","4","0","{'Guid':'{5770385f-c22a-43e0-bf4c-06f5698ffbd9}','Name':'Microsoft-Windows-Sysmon'}","{5770385f-c22a-43e0-bf4c-06f5698ffbd9}","Microsoft-Windows-Sysmon","S-1-5-18","7","2024-11-20T00:47:53.3379738Z","3","{'arch':2,'did':'','event_id':'27122fb3-fb1e-41d4-8839-5116b4227bfd','event_time':1732063627806,'event_type':'WEL','ext_ip':'108.171.103.70','hostname':'hl-ws04.homelab.local','iid':'7e99630d-d276-4169-bd11-c23115a848fa','int_ip':'10.100.100.133','moduleid':2,'oid':'27c3229e-7f58-40c8-ad1a-799ff00e1781','plat':268435456,'sid':'20884ef9-0b46-4a29-9d58-832837729b10','tags':['workstations'],'this':'8de3f9b5c4bb5cc777c48e9d673d318b'}",2,"","27122fb3-fb1e-41d4-8839-5116b4227bfd",1732063627806,"WEL","108.171.103.70","hl-ws04.homelab.local","7e99630d-d276-4169-bd11-c23115a848fa","10.100.100.133",2,"27c3229e-7f58-40c8-ad1a-799ff00e1781",268435456,"20884ef9-0b46-4a29-9d58-832837729b10","['workstations']","8de3f9b5c4bb5cc777c48e9d673d318b"
"2024-11-20 00:47:07","{'EventData':{'Company':'Microsoft Corporation','Description':'Advanced Windows 32 Base API','FileVersion':'10.0.19041.5011 (WinBuild.160101.0800)','Hashes':'MD5=EC55F67474672FF14AEDE33F1B25308A,SHA256=B2631573441635EE7E0A0624947668885A541AF3E517001438BFA58BDF46C3E7,IMPHASH=CBE9EB70BA8DBD80242243C3689A0EBE','Image':'C:\\Users\\pparker\\Downloads\\DriverUpdate_1_2.exe','ImageLoaded':'C:\\Windows\\SysWOW64\\advapi32.dll','OriginalFileName':'advapi32.dll','ProcessGuid':'{7b34ed3d-31b8-673d-4306-000000000b00}','ProcessId':'6720','Product':'Microsoft® Windows® Operating System','RuleName':'-','Signature':'Microsoft Windows','SignatureStatus':'Valid','Signed':'true','User':'HOMELAB\\pparker','UtcTime':'2024-11-20 00:47:53.053'},'System':{'Channel':'Microsoft-Windows-Sysmon/Operational','Computer':'HL-WS04.HOMELAB.local','Correlation':'','EventID':'7','EventRecordID':'42281','Execution':{'ProcessID':'2052','ThreadID':'4064'},'Keywords':'0x8000000000000000','Level':'4','Opcode':'0','Provider':{'Guid':'{5770385f-c22a-43e0-bf4c-06f5698ffbd9}','Name':'Microsoft-Windows-Sysmon'},'Security':{'UserID':'S-1-5-18'},'Task':'7','TimeCreated':{'SystemTime':'2024-11-20T00:47:53.3462855Z'},'Version':'3','_event_id':'7'}}","{'Company':'Microsoft Corporation','Description':'Advanced Windows 32 Base API','FileVersion':'10.0.19041.5011 (WinBuild.160101.0800)','Hashes':'MD5=EC55F67474672FF14AEDE33F1B25308A,SHA256=B2631573441635EE7E0A0624947668885A541AF3E517001438BFA58BDF46C3E7,IMPHASH=CBE9EB70BA8DBD80242243C3689A0EBE','Image':'C:\\Users\\pparker\\Downloads\\DriverUpdate_1_2.exe','ImageLoaded':'C:\\Windows\\SysWOW64\\advapi32.dll','OriginalFileName':'advapi32.dll','ProcessGuid':'{7b34ed3d-31b8-673d-4306-000000000b00}','ProcessId':'6720','Product':'Microsoft® Windows® Operating System','RuleName':'-','Signature':'Microsoft Windows','SignatureStatus':'Valid','Signed':'true','User':'HOMELAB\\pparker','UtcTime':'2024-11-20 00:47:53.053'}",,"Microsoft Corporation",,,"Advanced Windows 32 Base API",,,,,,,,"10.0.19041.5011 (WinBuild.160101.0800)","MD5=EC55F67474672FF14AEDE33F1B25308A,SHA256=B2631573441635EE7E0A0624947668885A541AF3E517001438BFA58BDF46C3E7,IMPHASH=CBE9EB70BA8DBD80242243C3689A0EBE","C:\Users\pparker\Downloads\DriverUpdate_1_2.exe","C:\Windows\SysWOW64\advapi32.dll",,,,,"advapi32.dll",,,,,,"{7b34ed3d-31b8-673d-4306-000000000b00}","6720","Microsoft® Windows® Operating System",,"-","Microsoft Windows","Valid","true",,,,,,,,,"HOMELAB\pparker","2024-11-20 00:47:53.053","{'Channel':'Microsoft-Windows-Sysmon/Operational','Computer':'HL-WS04.HOMELAB.local','Correlation':'','EventID':'7','EventRecordID':'42281','Execution':{'ProcessID':'2052','ThreadID':'4064'},'Keywords':'0x8000000000000000','Level':'4','Opcode':'0','Provider':{'Guid':'{5770385f-c22a-43e0-bf4c-06f5698ffbd9}','Name':'Microsoft-Windows-Sysmon'},'Security':{'UserID':'S-1-5-18'},'Task':'7','TimeCreated':{'SystemTime':'2024-11-20T00:47:53.3462855Z'},'Version':'3','_event_id':'7'}","7","Microsoft-Windows-Sysmon/Operational","HL-WS04.HOMELAB.local","","7","42281","{'ProcessID':'2052','ThreadID':'4064'}","2052","4064","0x8000000000000000","4","0","{'Guid':'{5770385f-c22a-43e0-bf4c-06f5698ffbd9}','Name':'Microsoft-Windows-Sysmon'}","{5770385f-c22a-43e0-bf4c-06f5698ffbd9}","Microsoft-Windows-Sysmon","S-1-5-18","7","2024-11-20T00:47:53.3462855Z","3","{'arch':2,'did':'','event_id':'d63e7d09-212b-40bd-a12e-3f8fc6079c88','event_time':1732063627806,'event_type':'WEL','ext_ip':'108.171.103.70','hostname':'hl-ws04.homelab.local','iid':'7e99630d-d276-4169-bd11-c23115a848fa','int_ip':'10.100.100.133','moduleid':2,'oid':'27c3229e-7f58-40c8-ad1a-799ff00e1781','plat':268435456,'sid':'20884ef9-0b46-4a29-9d58-832837729b10','tags':['workstations'],'this':'16646cb72cd40bbe868930aa673d318b'}",2,"","d63e7d09-212b-40bd-a12e-3f8fc6079c88",1732063627806,"WEL","108.171.103.70","hl-ws04.homelab.local","7e99630d-d276-4169-bd11-c23115a848fa","10.100.100.133",2,"27c3229e-7f58-40c8-ad1a-799ff00e1781",268435456,"20884ef9-0b46-4a29-9d58-832837729b10","['workstations']","16646cb72cd40bbe868930aa673d318b"
"2024-11-20 00:47:07","{'EventData':{'Company':'Microsoft Corporation','Description':'MCI API DLL','FileVersion':'10.0.19041.3636 (WinBuild.160101.0800)','Hashes':'MD5=CD17FEFF84B207001E3C3F4020BD33A5,SHA256=6729816E459BE41AE1726438B95D207A3A626FF7B87EBEB8D569F740DCBC7F51,IMPHASH=62315BC823A3B043771A4C23FACA002B','Image':'C:\\Users\\pparker\\Downloads\\DriverUpdate_1_2.exe','ImageLoaded':'C:\\Windows\\SysWOW64\\winmm.dll','OriginalFileName':'WINMM.DLL','ProcessGuid':'{7b34ed3d-31b8-673d-4306-000000000b00}','ProcessId':'6720','Product':'Microsoft® Windows® Operating System','RuleName':'-','Signature':'Microsoft Windows','SignatureStatus':'Valid','Signed':'true','User':'HOMELAB\\pparker','UtcTime':'2024-11-20 00:47:53.070'},'System':{'Channel':'Microsoft-Windows-Sysmon/Operational','Computer':'HL-WS04.HOMELAB.local','Correlation':'','EventID':'7','EventRecordID':'42282','Execution':{'ProcessID':'2052','ThreadID':'4064'},'Keywords':'0x8000000000000000','Level':'4','Opcode':'0','Provider':{'Guid':'{5770385f-c22a-43e0-bf4c-06f5698ffbd9}','Name':'Microsoft-Windows-Sysmon'},'Security':{'UserID':'S-1-5-18'},'Task':'7','TimeCreated':{'SystemTime':'2024-11-20T00:47:53.3524776Z'},'Version':'3','_event_id':'7'}}","{'Company':'Microsoft Corporation','Description':'MCI API DLL','FileVersion':'10.0.19041.3636 (WinBuild.160101.0800)','Hashes':'MD5=CD17FEFF84B207001E3C3F4020BD33A5,SHA256=6729816E459BE41AE1726438B95D207A3A626FF7B87EBEB8D569F740DCBC7F51,IMPHASH=62315BC823A3B043771A4C23FACA002B','Image':'C:\\Users\\pparker\\Downloads\\DriverUpdate_1_2.exe','ImageLoaded':'C:\\Windows\\SysWOW64\\winmm.dll','OriginalFileName':'WINMM.DLL','ProcessGuid':'{7b34ed3d-31b8-673d-4306-000000000b00}','ProcessId':'6720','Product':'Microsoft® Windows® Operating System','RuleName':'-','Signature':'Microsoft Windows','SignatureStatus':'Valid','Signed':'true','User':'HOMELAB\\pparker','UtcTime':'2024-11-20 00:47:53.070'}",,"Microsoft Corporation",,,"MCI API DLL",,,,,,,,"10.0.19041.3636 (WinBuild.160101.0800)","MD5=CD17FEFF84B207001E3C3F4020BD33A5,SHA256=6729816E459BE41AE1726438B95D207A3A626FF7B87EBEB8D569F740DCBC7F51,IMPHASH=62315BC823A3B043771A4C23FACA002B","C:\Users\pparker\Downloads\DriverUpdate_1_2.exe","C:\Windows\SysWOW64\winmm.dll",,,,,"WINMM.DLL",,,,,,"{7b34ed3d-31b8-673d-4306-000000000b00}","6720","Microsoft® Windows® Operating System",,"-","Microsoft Windows","Valid","true",,,,,,,,,"HOMELAB\pparker","2024-11-20 00:47:53.070","{'Channel':'Microsoft-Windows-Sysmon/Operational','Computer':'HL-WS04.HOMELAB.local','Correlation':'','EventID':'7','EventRecordID':'42282','Execution':{'ProcessID':'2052','ThreadID':'4064'},'Keywords':'0x8000000000000000','Level':'4','Opcode':'0','Provider':{'Guid':'{5770385f-c22a-43e0-bf4c-06f5698ffbd9}','Name':'Microsoft-Windows-Sysmon'},'Security':{'UserID':'S-1-5-18'},'Task':'7','TimeCreated':{'SystemTime':'2024-11-20T00:47:53.3524776Z'},'Version':'3','_event_id':'7'}","7","Microsoft-Windows-Sysmon/Operational","HL-WS04.HOMELAB.local","","7","42282","{'ProcessID':'2052','ThreadID':'4064'}","2052","4064","0x8000000000000000","4","0","{'Guid':'{5770385f-c22a-43e0-bf4c-06f5698ffbd9}','Name':'Microsoft-Windows-Sysmon'}","{5770385f-c22a-43e0-bf4c-06f5698ffbd9}","Microsoft-Windows-Sysmon","S-1-5-18","7","2024-11-20T00:47:53.3524776Z","3","{'arch':2,'did':'','event_id':'cea87a0f-3f26-4839-95fb-9a2882c9379f','event_time':1732063627806,'event_type':'WEL','ext_ip':'108.171.103.70','hostname':'hl-ws04.homelab.local','iid':'7e99630d-d276-4169-bd11-c23115a848fa','int_ip':'10.100.100.133','moduleid':2,'oid':'27c3229e-7f58-40c8-ad1a-799ff00e1781','plat':268435456,'sid':'20884ef9-0b46-4a29-9d58-832837729b10','tags':['workstations'],'this':'a7015090d0e547ff500f0762673d318b'}",2,"","cea87a0f-3f26-4839-95fb-9a2882c9379f",1732063627806,"WEL","108.171.103.70","hl-ws04.homelab.local","7e99630d-d276-4169-bd11-c23115a848fa","10.100.100.133",2,"27c3229e-7f58-40c8-ad1a-799ff00e1781",268435456,"20884ef9-0b46-4a29-9d58-832837729b10","['workstations']","a7015090d0e547ff500f0762673d318b"
"2024-11-20 00:47:07","{'EventData':{'Company':'Microsoft Corporation','Description':'Security Accounts Manager Client DLL','FileVersion':'10.0.19041.3636 (WinBuild.160101.0800)','Hashes':'MD5=6B6CA617F48786E9F3951BD7AC0F1D1B,SHA256=FC8AC404294F41FB6915DC37919430A40DEF60BEF6490E857E6EE178F1B247EE,IMPHASH=C930C3C276E75A1DEBDE90CD31EBCFBC','Image':'C:\\Users\\pparker\\Downloads\\DriverUpdate_1_2.exe','ImageLoaded':'C:\\Windows\\SysWOW64\\samcli.dll','OriginalFileName':'SAMCLI.DLL','ProcessGuid':'{7b34ed3d-31b8-673d-4306-000000000b00}','ProcessId':'6720','Product':'Microsoft® Windows® Operating System','RuleName':'-','Signature':'Microsoft Windows','SignatureStatus':'Valid','Signed':'true','User':'HOMELAB\\pparker','UtcTime':'2024-11-20 00:47:53.070'},'System':{'Channel':'Microsoft-Windows-Sysmon/Operational','Computer':'HL-WS04.HOMELAB.local','Correlation':'','EventID':'7','EventRecordID':'42283','Execution':{'ProcessID':'2052','ThreadID':'4064'},'Keywords':'0x8000000000000000','Level':'4','Opcode':'0','Provider':{'Guid':'{5770385f-c22a-43e0-bf4c-06f5698ffbd9}','Name':'Microsoft-Windows-Sysmon'},'Security':{'UserID':'S-1-5-18'},'Task':'7','TimeCreated':{'SystemTime':'2024-11-20T00:47:53.3657003Z'},'Version':'3','_event_id':'7'}}","{'Company':'Microsoft Corporation','Description':'Security Accounts Manager Client DLL','FileVersion':'10.0.19041.3636 (WinBuild.160101.0800)','Hashes':'MD5=6B6CA617F48786E9F3951BD7AC0F1D1B,SHA256=FC8AC404294F41FB6915DC37919430A40DEF60BEF6490E857E6EE178F1B247EE,IMPHASH=C930C3C276E75A1DEBDE90CD31EBCFBC','Image':'C:\\Users\\pparker\\Downloads\\DriverUpdate_1_2.exe','ImageLoaded':'C:\\Windows\\SysWOW64\\samcli.dll','OriginalFileName':'SAMCLI.DLL','ProcessGuid':'{7b34ed3d-31b8-673d-4306-000000000b00}','ProcessId':'6720','Product':'Microsoft® Windows® Operating System','RuleName':'-','Signature':'Microsoft Windows','SignatureStatus':'Valid','Signed':'true','User':'HOMELAB\\pparker','UtcTime':'2024-11-20 00:47:53.070'}",,"Microsoft Corporation",,,"Security Accounts Manager Client DLL",,,,,,,,"10.0.19041.3636 (WinBuild.160101.0800)","MD5=6B6CA617F48786E9F3951BD7AC0F1D1B,SHA256=FC8AC404294F41FB6915DC37919430A40DEF60BEF6490E857E6EE178F1B247EE,IMPHASH=C930C3C276E75A1DEBDE90CD31EBCFBC","C:\Users\pparker\Downloads\DriverUpdate_1_2.exe","C:\Windows\SysWOW64\samcli.dll",,,,,"SAMCLI.DLL",,,,,,"{7b34ed3d-31b8-673d-4306-000000000b00}","6720","Microsoft® Windows® Operating System",,"-","Microsoft Windows","Valid","true",,,,,,,,,"HOMELAB\pparker","2024-11-20 00:47:53.070","{'Channel':'Microsoft-Windows-Sysmon/Operational','Computer':'HL-WS04.HOMELAB.local','Correlation':'','EventID':'7','EventRecordID':'42283','Execution':{'ProcessID':'2052','ThreadID':'4064'},'Keywords':'0x8000000000000000','Level':'4','Opcode':'0','Provider':{'Guid':'{5770385f-c22a-43e0-bf4c-06f5698ffbd9}','Name':'Microsoft-Windows-Sysmon'},'Security':{'UserID':'S-1-5-18'},'Task':'7','TimeCreated':{'SystemTime':'2024-11-20T00:47:53.3657003Z'},'Version':'3','_event_id':'7'}","7","Microsoft-Windows-Sysmon/Operational","HL-WS04.HOMELAB.local","","7","42283","{'ProcessID':'2052','ThreadID':'4064'}","2052","4064","0x8000000000000000","4","0","{'Guid':'{5770385f-c22a-43e0-bf4c-06f5698ffbd9}','Name':'Microsoft-Windows-Sysmon'}","{5770385f-c22a-43e0-bf4c-06f5698ffbd9}","Microsoft-Windows-Sysmon","S-1-5-18","7","2024-11-20T00:47:53.3657003Z","3","{'arch':2,'did':'','event_id':'0e6aee37-1e45-40cc-9278-f5c53e750df3','event_time':1732063627806,'event_type':'WEL','ext_ip':'108.171.103.70','hostname':'hl-ws04.homelab.local','iid':'7e99630d-d276-4169-bd11-c23115a848fa','int_ip':'10.100.100.133','moduleid':2,'oid':'27c3229e-7f58-40c8-ad1a-799ff00e1781','plat':268435456,'sid':'20884ef9-0b46-4a29-9d58-832837729b10','tags':['workstations'],'this':'aef1b3f3555aaeec4752cf91673d318b'}",2,"","0e6aee37-1e45-40cc-9278-f5c53e750df3",1732063627806,"WEL","108.171.103.70","hl-ws04.homelab.local","7e99630d-d276-4169-bd11-c23115a848fa","10.100.100.133",2,"27c3229e-7f58-40c8-ad1a-799ff00e1781",268435456,"20884ef9-0b46-4a29-9d58-832837729b10","['workstations']","aef1b3f3555aaeec4752cf91673d318b"
"2024-11-20 00:47:07","{'EventData':{'Company':'Microsoft Corporation','Description':'Microsoft ACM Audio Filter','FileVersion':'10.0.19041.1 (WinBuild.160101.0800)','Hashes':'MD5=7A1A1BE3450BD9755D0091B86745B9DA,SHA256=2326A189FBF37F064541A74BA7C397EEA18A636A81C00CD66CB832178BAA838F,IMPHASH=D708117077F81F5EBB8A7CE8DAB0B96B','Image':'C:\\Users\\pparker\\Downloads\\DriverUpdate_1_2.exe','ImageLoaded':'C:\\Windows\\SysWOW64\\msacm32.dll','OriginalFileName':'msfltr32.acm','ProcessGuid':'{7b34ed3d-31b8-673d-4306-000000000b00}','ProcessId':'6720','Product':'Microsoft® Windows® Operating System','RuleName':'-','Signature':'Microsoft Windows','SignatureStatus':'Valid','Signed':'true','User':'HOMELAB\\pparker','UtcTime':'2024-11-20 00:47:53.070'},'System':{'Channel':'Microsoft-Windows-Sysmon/Operational','Computer':'HL-WS04.HOMELAB.local','Correlation':'','EventID':'7','EventRecordID':'42284','Execution':{'ProcessID':'2052','ThreadID':'4064'},'Keywords':'0x8000000000000000','Level':'4','Opcode':'0','Provider':{'Guid':'{5770385f-c22a-43e0-bf4c-06f5698ffbd9}','Name':'Microsoft-Windows-Sysmon'},'Security':{'UserID':'S-1-5-18'},'Task':'7','TimeCreated':{'SystemTime':'2024-11-20T00:47:53.3710307Z'},'Version':'3','_event_id':'7'}}","{'Company':'Microsoft Corporation','Description':'Microsoft ACM Audio Filter','FileVersion':'10.0.19041.1 (WinBuild.160101.0800)','Hashes':'MD5=7A1A1BE3450BD9755D0091B86745B9DA,SHA256=2326A189FBF37F064541A74BA7C397EEA18A636A81C00CD66CB832178BAA838F,IMPHASH=D708117077F81F5EBB8A7CE8DAB0B96B','Image':'C:\\Users\\pparker\\Downloads\\DriverUpdate_1_2.exe','ImageLoaded':'C:\\Windows\\SysWOW64\\msacm32.dll','OriginalFileName':'msfltr32.acm','ProcessGuid':'{7b34ed3d-31b8-673d-4306-000000000b00}','ProcessId':'6720','Product':'Microsoft® Windows® Operating System','RuleName':'-','Signature':'Microsoft Windows','SignatureStatus':'Valid','Signed':'true','User':'HOMELAB\\pparker','UtcTime':'2024-11-20 00:47:53.070'}",,"Microsoft Corporation",,,"Microsoft ACM Audio Filter",,,,,,,,"10.0.19041.1 (WinBuild.160101.0800)","MD5=7A1A1BE3450BD9755D0091B86745B9DA,SHA256=2326A189FBF37F064541A74BA7C397EEA18A636A81C00CD66CB832178BAA838F,IMPHASH=D708117077F81F5EBB8A7CE8DAB0B96B","C:\Users\pparker\Downloads\DriverUpdate_1_2.exe","C:\Windows\SysWOW64\msacm32.dll",,,,,"msfltr32.acm",,,,,,"{7b34ed3d-31b8-673d-4306-000000000b00}","6720","Microsoft® Windows® Operating System",,"-","Microsoft Windows","Valid","true",,,,,,,,,"HOMELAB\pparker","2024-11-20 00:47:53.070","{'Channel':'Microsoft-Windows-Sysmon/Operational','Computer':'HL-WS04.HOMELAB.local','Correlation':'','EventID':'7','EventRecordID':'42284','Execution':{'ProcessID':'2052','ThreadID':'4064'},'Keywords':'0x8000000000000000','Level':'4','Opcode':'0','Provider':{'Guid':'{5770385f-c22a-43e0-bf4c-06f5698ffbd9}','Name':'Microsoft-Windows-Sysmon'},'Security':{'UserID':'S-1-5-18'},'Task':'7','TimeCreated':{'SystemTime':'2024-11-20T00:47:53.3710307Z'},'Version':'3','_event_id':'7'}","7","Microsoft-Windows-Sysmon/Operational","HL-WS04.HOMELAB.local","","7","42284","{'ProcessID':'2052','ThreadID':'4064'}","2052","4064","0x8000000000000000","4","0","{'Guid':'{5770385f-c22a-43e0-bf4c-06f5698ffbd9}','Name':'Microsoft-Windows-Sysmon'}","{5770385f-c22a-43e0-bf4c-06f5698ffbd9}","Microsoft-Windows-Sysmon","S-1-5-18","7","2024-11-20T00:47:53.3710307Z","3","{'arch':2,'did':'','event_id':'cfb0f963-a123-45fd-9760-52a56b6120fa','event_time':1732063627806,'event_type':'WEL','ext_ip':'108.171.103.70','hostname':'hl-ws04.homelab.local','iid':'7e99630d-d276-4169-bd11-c23115a848fa','int_ip':'10.100.100.133','moduleid':2,'oid':'27c3229e-7f58-40c8-ad1a-799ff00e1781','plat':268435456,'sid':'20884ef9-0b46-4a29-9d58-832837729b10','tags':['workstations'],'this':'5ef2b5a420ca57d6f5e53727673d318b'}",2,"","cfb0f963-a123-45fd-9760-52a56b6120fa",1732063627806,"WEL","108.171.103.70","hl-ws04.homelab.local","7e99630d-d276-4169-bd11-c23115a848fa","10.100.100.133",2,"27c3229e-7f58-40c8-ad1a-799ff00e1781",268435456,"20884ef9-0b46-4a29-9d58-832837729b10","['workstations']","5ef2b5a420ca57d6f5e53727673d318b"
"2024-11-20 00:47:07","{'EventData':{'Company':'Microsoft Corporation','Description':'Version Checking and File Installation Libraries','FileVersion':'10.0.19041.3636 (WinBuild.160101.0800)','Hashes':'MD5=E31F494C06F287A189FB063FDD29B03A,SHA256=2F4E7F80BE20DF3CCAEDF313E0C335E81C909BD968D6DDC53D4484A57EA65E64,IMPHASH=950BA747DF1E77DF20CA4983A22E450B','Image':'C:\\Users\\pparker\\Downloads\\DriverUpdate_1_2.exe','ImageLoaded':'C:\\Windows\\SysWOW64\\version.dll','OriginalFileName':'VERSION.DLL','ProcessGuid':'{7b34ed3d-31b8-673d-4306-000000000b00}','ProcessId':'6720','Product':'Microsoft® Windows® Operating System','RuleName':'-','Signature':'Microsoft Windows','SignatureStatus':'Valid','Signed':'true','User':'HOMELAB\\pparker','UtcTime':'2024-11-20 00:47:53.070'},'System':{'Channel':'Microsoft-Windows-Sysmon/Operational','Computer':'HL-WS04.HOMELAB.local','Correlation':'','EventID':'7','EventRecordID':'42285','Execution':{'ProcessID':'2052','ThreadID':'4064'},'Keywords':'0x8000000000000000','Level':'4','Opcode':'0','Provider':{'Guid':'{5770385f-c22a-43e0-bf4c-06f5698ffbd9}','Name':'Microsoft-Windows-Sysmon'},'Security':{'UserID':'S-1-5-18'},'Task':'7','TimeCreated':{'SystemTime':'2024-11-20T00:47:53.3772509Z'},'Version':'3','_event_id':'7'}}","{'Company':'Microsoft Corporation','Description':'Version Checking and File Installation Libraries','FileVersion':'10.0.19041.3636 (WinBuild.160101.0800)','Hashes':'MD5=E31F494C06F287A189FB063FDD29B03A,SHA256=2F4E7F80BE20DF3CCAEDF313E0C335E81C909BD968D6DDC53D4484A57EA65E64,IMPHASH=950BA747DF1E77DF20CA4983A22E450B','Image':'C:\\Users\\pparker\\Downloads\\DriverUpdate_1_2.exe','ImageLoaded':'C:\\Windows\\SysWOW64\\version.dll','OriginalFileName':'VERSION.DLL','ProcessGuid':'{7b34ed3d-31b8-673d-4306-000000000b00}','ProcessId':'6720','Product':'Microsoft® Windows® Operating System','RuleName':'-','Signature':'Microsoft Windows','SignatureStatus':'Valid','Signed':'true','User':'HOMELAB\\pparker','UtcTime':'2024-11-20 00:47:53.070'}",,"Microsoft Corporation",,,"Version Checking and File Installation Libraries",,,,,,,,"10.0.19041.3636 (WinBuild.160101.0800)","MD5=E31F494C06F287A189FB063FDD29B03A,SHA256=2F4E7F80BE20DF3CCAEDF313E0C335E81C909BD968D6DDC53D4484A57EA65E64,IMPHASH=950BA747DF1E77DF20CA4983A22E450B","C:\Users\pparker\Downloads\DriverUpdate_1_2.exe","C:\Windows\SysWOW64\version.dll",,,,,"VERSION.DLL",,,,,,"{7b34ed3d-31b8-673d-4306-000000000b00}","6720","Microsoft® Windows® Operating System",,"-","Microsoft Windows","Valid","true",,,,,,,,,"HOMELAB\pparker","2024-11-20 00:47:53.070","{'Channel':'Microsoft-Windows-Sysmon/Operational','Computer':'HL-WS04.HOMELAB.local','Correlation':'','EventID':'7','EventRecordID':'42285','Execution':{'ProcessID':'2052','ThreadID':'4064'},'Keywords':'0x8000000000000000','Level':'4','Opcode':'0','Provider':{'Guid':'{5770385f-c22a-43e0-bf4c-06f5698ffbd9}','Name':'Microsoft-Windows-Sysmon'},'Security':{'UserID':'S-1-5-18'},'Task':'7','TimeCreated':{'SystemTime':'2024-11-20T00:47:53.3772509Z'},'Version':'3','_event_id':'7'}","7","Microsoft-Windows-Sysmon/Operational","HL-WS04.HOMELAB.local","","7","42285","{'ProcessID':'2052','ThreadID':'4064'}","2052","4064","0x8000000000000000","4","0","{'Guid':'{5770385f-c22a-43e0-bf4c-06f5698ffbd9}','Name':'Microsoft-Windows-Sysmon'}","{5770385f-c22a-43e0-bf4c-06f5698ffbd9}","Microsoft-Windows-Sysmon","S-1-5-18","7","2024-11-20T00:47:53.3772509Z","3","{'arch':2,'did':'','event_id':'f7953846-bc5f-4ebe-a252-89b0a6b16668','event_time':1732063627806,'event_type':'WEL','ext_ip':'108.171.103.70','hostname':'hl-ws04.homelab.local','iid':'7e99630d-d276-4169-bd11-c23115a848fa','int_ip':'10.100.100.133','moduleid':2,'oid':'27c3229e-7f58-40c8-ad1a-799ff00e1781','plat':268435456,'sid':'20884ef9-0b46-4a29-9d58-832837729b10','tags':['workstations'],'this':'4d728a69f3f13b912dede5fd673d318b'}",2,"","f7953846-bc5f-4ebe-a252-89b0a6b16668",1732063627806,"WEL","108.171.103.70","hl-ws04.homelab.local","7e99630d-d276-4169-bd11-c23115a848fa","10.100.100.133",2,"27c3229e-7f58-40c8-ad1a-799ff00e1781",268435456,"20884ef9-0b46-4a29-9d58-832837729b10","['workstations']","4d728a69f3f13b912dede5fd673d318b"
"2024-11-20 00:47:07","{'EventData':{'Company':'Microsoft Corporation','Description':'User Profile Basic API','FileVersion':'10.0.19041.4355 (WinBuild.160101.0800)','Hashes':'MD5=5848C402E75D41D563CF1F01E4DEF886,SHA256=B83253446951BEC5BACF5ECF057FAA68A6257879CB919DC90030A10288550B6B,IMPHASH=9316C5657859E2CD478276DF8244B5E4','Image':'C:\\Users\\pparker\\Downloads\\DriverUpdate_1_2.exe','ImageLoaded':'C:\\Windows\\SysWOW64\\profapi.dll','OriginalFileName':'PROFAPI.DLL','ProcessGuid':'{7b34ed3d-31b8-673d-4306-000000000b00}','ProcessId':'6720','Product':'Microsoft® Windows® Operating System','RuleName':'-','Signature':'Microsoft Windows','SignatureStatus':'Valid','Signed':'true','User':'HOMELAB\\pparker','UtcTime':'2024-11-20 00:47:53.372'},'System':{'Channel':'Microsoft-Windows-Sysmon/Operational','Computer':'HL-WS04.HOMELAB.local','Correlation':'','EventID':'7','EventRecordID':'42286','Execution':{'ProcessID':'2052','ThreadID':'3948'},'Keywords':'0x8000000000000000','Level':'4','Opcode':'0','Provider':{'Guid':'{5770385f-c22a-43e0-bf4c-06f5698ffbd9}','Name':'Microsoft-Windows-Sysmon'},'Security':{'UserID':'S-1-5-18'},'Task':'7','TimeCreated':{'SystemTime':'2024-11-20T00:47:53.3800725Z'},'Version':'3','_event_id':'7'}}","{'Company':'Microsoft Corporation','Description':'User Profile Basic API','FileVersion':'10.0.19041.4355 (WinBuild.160101.0800)','Hashes':'MD5=5848C402E75D41D563CF1F01E4DEF886,SHA256=B83253446951BEC5BACF5ECF057FAA68A6257879CB919DC90030A10288550B6B,IMPHASH=9316C5657859E2CD478276DF8244B5E4','Image':'C:\\Users\\pparker\\Downloads\\DriverUpdate_1_2.exe','ImageLoaded':'C:\\Windows\\SysWOW64\\profapi.dll','OriginalFileName':'PROFAPI.DLL','ProcessGuid':'{7b34ed3d-31b8-673d-4306-000000000b00}','ProcessId':'6720','Product':'Microsoft® Windows® Operating System','RuleName':'-','Signature':'Microsoft Windows','SignatureStatus':'Valid','Signed':'true','User':'HOMELAB\\pparker','UtcTime':'2024-11-20 00:47:53.372'}",,"Microsoft Corporation",,,"User Profile Basic API",,,,,,,,"10.0.19041.4355 (WinBuild.160101.0800)","MD5=5848C402E75D41D563CF1F01E4DEF886,SHA256=B83253446951BEC5BACF5ECF057FAA68A6257879CB919DC90030A10288550B6B,IMPHASH=9316C5657859E2CD478276DF8244B5E4","C:\Users\pparker\Downloads\DriverUpdate_1_2.exe","C:\Windows\SysWOW64\profapi.dll",,,,,"PROFAPI.DLL",,,,,,"{7b34ed3d-31b8-673d-4306-000000000b00}","6720","Microsoft® Windows® Operating System",,"-","Microsoft Windows","Valid","true",,,,,,,,,"HOMELAB\pparker","2024-11-20 00:47:53.372","{'Channel':'Microsoft-Windows-Sysmon/Operational','Computer':'HL-WS04.HOMELAB.local','Correlation':'','EventID':'7','EventRecordID':'42286','Execution':{'ProcessID':'2052','ThreadID':'3948'},'Keywords':'0x8000000000000000','Level':'4','Opcode':'0','Provider':{'Guid':'{5770385f-c22a-43e0-bf4c-06f5698ffbd9}','Name':'Microsoft-Windows-Sysmon'},'Security':{'UserID':'S-1-5-18'},'Task':'7','TimeCreated':{'SystemTime':'2024-11-20T00:47:53.3800725Z'},'Version':'3','_event_id':'7'}","7","Microsoft-Windows-Sysmon/Operational","HL-WS04.HOMELAB.local","","7","42286","{'ProcessID':'2052','ThreadID':'3948'}","2052","3948","0x8000000000000000","4","0","{'Guid':'{5770385f-c22a-43e0-bf4c-06f5698ffbd9}','Name':'Microsoft-Windows-Sysmon'}","{5770385f-c22a-43e0-bf4c-06f5698ffbd9}","Microsoft-Windows-Sysmon","S-1-5-18","7","2024-11-20T00:47:53.3800725Z","3","{'arch':2,'did':'','event_id':'8aed53bd-0ad6-4ee6-a008-45e07d5e9dca','event_time':1732063627806,'event_type':'WEL','ext_ip':'108.171.103.70','hostname':'hl-ws04.homelab.local','iid':'7e99630d-d276-4169-bd11-c23115a848fa','int_ip':'10.100.100.133','moduleid':2,'oid':'27c3229e-7f58-40c8-ad1a-799ff00e1781','plat':268435456,'sid':'20884ef9-0b46-4a29-9d58-832837729b10','tags':['workstations'],'this':'60e8173d6642f8836c65943b673d318b'}",2,"","8aed53bd-0ad6-4ee6-a008-45e07d5e9dca",1732063627806,"WEL","108.171.103.70","hl-ws04.homelab.local","7e99630d-d276-4169-bd11-c23115a848fa","10.100.100.133",2,"27c3229e-7f58-40c8-ad1a-799ff00e1781",268435456,"20884ef9-0b46-4a29-9d58-832837729b10","['workstations']","60e8173d6642f8836c65943b673d318b"
"2024-11-20 00:47:07","{'EventData':{'Company':'Microsoft Corporation','Description':'Microsoft Desktop Window Manager API','FileVersion':'10.0.19041.4355 (WinBuild.160101.0800)','Hashes':'MD5=CE82CABA8144CE64F25B232360AE6839,SHA256=4461FF05C320A227AF6EB9C281C4C3DB77F7DA4452E1870930FED308A29914D7,IMPHASH=68B6DCD962F05C3998994EFCF2E2E012','Image':'C:\\Users\\pparker\\Downloads\\DriverUpdate_1_2.exe','ImageLoaded':'C:\\Windows\\SysWOW64\\dwmapi.dll','OriginalFileName':'dwmapi.dll','ProcessGuid':'{7b34ed3d-31b8-673d-4306-000000000b00}','ProcessId':'6720','Product':'Microsoft® Windows® Operating System','RuleName':'-','Signature':'Microsoft Windows','SignatureStatus':'Valid','Signed':'true','User':'HOMELAB\\pparker','UtcTime':'2024-11-20 00:47:53.070'},'System':{'Channel':'Microsoft-Windows-Sysmon/Operational','Computer':'HL-WS04.HOMELAB.local','Correlation':'','EventID':'7','EventRecordID':'42287','Execution':{'ProcessID':'2052','ThreadID':'4064'},'Keywords':'0x8000000000000000','Level':'4','Opcode':'0','Provider':{'Guid':'{5770385f-c22a-43e0-bf4c-06f5698ffbd9}','Name':'Microsoft-Windows-Sysmon'},'Security':{'UserID':'S-1-5-18'},'Task':'7','TimeCreated':{'SystemTime':'2024-11-20T00:47:53.3828873Z'},'Version':'3','_event_id':'7'}}","{'Company':'Microsoft Corporation','Description':'Microsoft Desktop Window Manager API','FileVersion':'10.0.19041.4355 (WinBuild.160101.0800)','Hashes':'MD5=CE82CABA8144CE64F25B232360AE6839,SHA256=4461FF05C320A227AF6EB9C281C4C3DB77F7DA4452E1870930FED308A29914D7,IMPHASH=68B6DCD962F05C3998994EFCF2E2E012','Image':'C:\\Users\\pparker\\Downloads\\DriverUpdate_1_2.exe','ImageLoaded':'C:\\Windows\\SysWOW64\\dwmapi.dll','OriginalFileName':'dwmapi.dll','ProcessGuid':'{7b34ed3d-31b8-673d-4306-000000000b00}','ProcessId':'6720','Product':'Microsoft® Windows® Operating System','RuleName':'-','Signature':'Microsoft Windows','SignatureStatus':'Valid','Signed':'true','User':'HOMELAB\\pparker','UtcTime':'2024-11-20 00:47:53.070'}",,"Microsoft Corporation",,,"Microsoft Desktop Window Manager API",,,,,,,,"10.0.19041.4355 (WinBuild.160101.0800)","MD5=CE82CABA8144CE64F25B232360AE6839,SHA256=4461FF05C320A227AF6EB9C281C4C3DB77F7DA4452E1870930FED308A29914D7,IMPHASH=68B6DCD962F05C3998994EFCF2E2E012","C:\Users\pparker\Downloads\DriverUpdate_1_2.exe","C:\Windows\SysWOW64\dwmapi.dll",,,,,"dwmapi.dll",,,,,,"{7b34ed3d-31b8-673d-4306-000000000b00}","6720","Microsoft® Windows® Operating System",,"-","Microsoft Windows","Valid","true",,,,,,,,,"HOMELAB\pparker","2024-11-20 00:47:53.070","{'Channel':'Microsoft-Windows-Sysmon/Operational','Computer':'HL-WS04.HOMELAB.local','Correlation':'','EventID':'7','EventRecordID':'42287','Execution':{'ProcessID':'2052','ThreadID':'4064'},'Keywords':'0x8000000000000000','Level':'4','Opcode':'0','Provider':{'Guid':'{5770385f-c22a-43e0-bf4c-06f5698ffbd9}','Name':'Microsoft-Windows-Sysmon'},'Security':{'UserID':'S-1-5-18'},'Task':'7','TimeCreated':{'SystemTime':'2024-11-20T00:47:53.3828873Z'},'Version':'3','_event_id':'7'}","7","Microsoft-Windows-Sysmon/Operational","HL-WS04.HOMELAB.local","","7","42287","{'ProcessID':'2052','ThreadID':'4064'}","2052","4064","0x8000000000000000","4","0","{'Guid':'{5770385f-c22a-43e0-bf4c-06f5698ffbd9}','Name':'Microsoft-Windows-Sysmon'}","{5770385f-c22a-43e0-bf4c-06f5698ffbd9}","Microsoft-Windows-Sysmon","S-1-5-18","7","2024-11-20T00:47:53.3828873Z","3","{'arch':2,'did':'','event_id':'b0d46a1c-c7fd-4809-8ac6-d66bf23e7fcb','event_time':1732063627806,'event_type':'WEL','ext_ip':'108.171.103.70','hostname':'hl-ws04.homelab.local','iid':'7e99630d-d276-4169-bd11-c23115a848fa','int_ip':'10.100.100.133','moduleid':2,'oid':'27c3229e-7f58-40c8-ad1a-799ff00e1781','plat':268435456,'sid':'20884ef9-0b46-4a29-9d58-832837729b10','tags':['workstations'],'this':'8c7a0e71b7c6dae2ab677c03673d318b'}",2,"","b0d46a1c-c7fd-4809-8ac6-d66bf23e7fcb",1732063627806,"WEL","108.171.103.70","hl-ws04.homelab.local","7e99630d-d276-4169-bd11-c23115a848fa","10.100.100.133",2,"27c3229e-7f58-40c8-ad1a-799ff00e1781",268435456,"20884ef9-0b46-4a29-9d58-832837729b10","['workstations']","8c7a0e71b7c6dae2ab677c03673d318b"
"2024-11-20 00:47:07","{'EventData':{'Company':'Microsoft Corporation','Description':'ASN.1 Runtime APIs','FileVersion':'10.0.19041.3636 (WinBuild.160101.0800)','Hashes':'MD5=9D9A58DF5E46E4E66370DD4A416B6614,SHA256=23E80A451CBE7521F5E7A2084CF1441AADFB5D1C1FA11E2A15C9B0E27D96CB18,IMPHASH=1E0C58767D1395A2505EBBD4F2492E0D','Image':'C:\\Users\\pparker\\Downloads\\DriverUpdate_1_2.exe','ImageLoaded':'C:\\Windows\\SysWOW64\\msasn1.dll','OriginalFileName':'msasn1.dll','ProcessGuid':'{7b34ed3d-31b8-673d-4306-000000000b00}','ProcessId':'6720','Product':'Microsoft® Windows® Operating System','RuleName':'-','Signature':'Microsoft Windows','SignatureStatus':'Valid','Signed':'true','User':'HOMELAB\\pparker','UtcTime':'2024-11-20 00:47:53.372'},'System':{'Channel':'Microsoft-Windows-Sysmon/Operational','Computer':'HL-WS04.HOMELAB.local','Correlation':'','EventID':'7','EventRecordID':'42288','Execution':{'ProcessID':'2052','ThreadID':'3948'},'Keywords':'0x8000000000000000','Level':'4','Opcode':'0','Provider':{'Guid':'{5770385f-c22a-43e0-bf4c-06f5698ffbd9}','Name':'Microsoft-Windows-Sysmon'},'Security':{'UserID':'S-1-5-18'},'Task':'7','TimeCreated':{'SystemTime':'2024-11-20T00:47:53.3843578Z'},'Version':'3','_event_id':'7'}}","{'Company':'Microsoft Corporation','Description':'ASN.1 Runtime APIs','FileVersion':'10.0.19041.3636 (WinBuild.160101.0800)','Hashes':'MD5=9D9A58DF5E46E4E66370DD4A416B6614,SHA256=23E80A451CBE7521F5E7A2084CF1441AADFB5D1C1FA11E2A15C9B0E27D96CB18,IMPHASH=1E0C58767D1395A2505EBBD4F2492E0D','Image':'C:\\Users\\pparker\\Downloads\\DriverUpdate_1_2.exe','ImageLoaded':'C:\\Windows\\SysWOW64\\msasn1.dll','OriginalFileName':'msasn1.dll','ProcessGuid':'{7b34ed3d-31b8-673d-4306-000000000b00}','ProcessId':'6720','Product':'Microsoft® Windows® Operating System','RuleName':'-','Signature':'Microsoft Windows','SignatureStatus':'Valid','Signed':'true','User':'HOMELAB\\pparker','UtcTime':'2024-11-20 00:47:53.372'}",,"Microsoft Corporation",,,"ASN.1 Runtime APIs",,,,,,,,"10.0.19041.3636 (WinBuild.160101.0800)","MD5=9D9A58DF5E46E4E66370DD4A416B6614,SHA256=23E80A451CBE7521F5E7A2084CF1441AADFB5D1C1FA11E2A15C9B0E27D96CB18,IMPHASH=1E0C58767D1395A2505EBBD4F2492E0D","C:\Users\pparker\Downloads\DriverUpdate_1_2.exe","C:\Windows\SysWOW64\msasn1.dll",,,,,"msasn1.dll",,,,,,"{7b34ed3d-31b8-673d-4306-000000000b00}","6720","Microsoft® Windows® Operating System",,"-","Microsoft Windows","Valid","true",,,,,,,,,"HOMELAB\pparker","2024-11-20 00:47:53.372","{'Channel':'Microsoft-Windows-Sysmon/Operational','Computer':'HL-WS04.HOMELAB.local','Correlation':'','EventID':'7','EventRecordID':'42288','Execution':{'ProcessID':'2052','ThreadID':'3948'},'Keywords':'0x8000000000000000','Level':'4','Opcode':'0','Provider':{'Guid':'{5770385f-c22a-43e0-bf4c-06f5698ffbd9}','Name':'Microsoft-Windows-Sysmon'},'Security':{'UserID':'S-1-5-18'},'Task':'7','TimeCreated':{'SystemTime':'2024-11-20T00:47:53.3843578Z'},'Version':'3','_event_id':'7'}","7","Microsoft-Windows-Sysmon/Operational","HL-WS04.HOMELAB.local","","7","42288","{'ProcessID':'2052','ThreadID':'3948'}","2052","3948","0x8000000000000000","4","0","{'Guid':'{5770385f-c22a-43e0-bf4c-06f5698ffbd9}','Name':'Microsoft-Windows-Sysmon'}","{5770385f-c22a-43e0-bf4c-06f5698ffbd9}","Microsoft-Windows-Sysmon","S-1-5-18","7","2024-11-20T00:47:53.3843578Z","3","{'arch':2,'did':'','event_id':'5b4f6012-ae2a-49b3-92b6-80b9dd6bc71f','event_time':1732063627806,'event_type':'WEL','ext_ip':'108.171.103.70','hostname':'hl-ws04.homelab.local','iid':'7e99630d-d276-4169-bd11-c23115a848fa','int_ip':'10.100.100.133','moduleid':2,'oid':'27c3229e-7f58-40c8-ad1a-799ff00e1781','plat':268435456,'sid':'20884ef9-0b46-4a29-9d58-832837729b10','tags':['workstations'],'this':'833eeffdfba42c19ebc50b24673d318b'}",2,"","5b4f6012-ae2a-49b3-92b6-80b9dd6bc71f",1732063627806,"WEL","108.171.103.70","hl-ws04.homelab.local","7e99630d-d276-4169-bd11-c23115a848fa","10.100.100.133",2,"27c3229e-7f58-40c8-ad1a-799ff00e1781",268435456,"20884ef9-0b46-4a29-9d58-832837729b10","['workstations']","833eeffdfba42c19ebc50b24673d318b"
