"2024-11-20 00:47:08","{'EventData':{'Company':'Microsoft Corporation','Description':'Workstation Service Client DLL','FileVersion':'10.0.19041.3636 (WinBuild.160101.0800)','Hashes':'MD5=1B5144B43F7A8E3C8AF9906267ED4E78,SHA256=227686A78077E172C4380303A1F7CACBCD30664BEC23BE44FAEE7262BB339E2C,IMPHASH=B16EA60831C8BD36D6F710D6B6E38352','Image':'C:\\Users\\pparker\\Downloads\\DriverUpdate_1_2.exe','ImageLoaded':'C:\\Windows\\SysWOW64\\wkscli.dll','OriginalFileName':'WKSCLI.DLL','ProcessGuid':'{7b34ed3d-31b8-673d-4306-000000000b00}','ProcessId':'6720','Product':'Microsoft® Windows® Operating System','RuleName':'-','Signature':'Microsoft Windows','SignatureStatus':'Valid','Signed':'true','User':'HOMELAB\\pparker','UtcTime':'2024-11-20 00:47:53.959'},'System':{'Channel':'Microsoft-Windows-Sysmon/Operational','Computer':'HL-WS04.HOMELAB.local','Correlation':'','EventID':'7','EventRecordID':'42308','Execution':{'ProcessID':'2052','ThreadID':'3948'},'Keywords':'0x8000000000000000','Level':'4','Opcode':'0','Provider':{'Guid':'{5770385f-c22a-43e0-bf4c-06f5698ffbd9}','Name':'Microsoft-Windows-Sysmon'},'Security':{'UserID':'S-1-5-18'},'Task':'7','TimeCreated':{'SystemTime':'2024-11-20T00:47:53.9666892Z'},'Version':'3','_event_id':'7'}}","{'Company':'Microsoft Corporation','Description':'Workstation Service Client DLL','FileVersion':'10.0.19041.3636 (WinBuild.160101.0800)','Hashes':'MD5=1B5144B43F7A8E3C8AF9906267ED4E78,SHA256=227686A78077E172C4380303A1F7CACBCD30664BEC23BE44FAEE7262BB339E2C,IMPHASH=B16EA60831C8BD36D6F710D6B6E38352','Image':'C:\\Users\\pparker\\Downloads\\DriverUpdate_1_2.exe','ImageLoaded':'C:\\Windows\\SysWOW64\\wkscli.dll','OriginalFileName':'WKSCLI.DLL','ProcessGuid':'{7b34ed3d-31b8-673d-4306-000000000b00}','ProcessId':'6720','Product':'Microsoft® Windows® Operating System','RuleName':'-','Signature':'Microsoft Windows','SignatureStatus':'Valid','Signed':'true','User':'HOMELAB\\pparker','UtcTime':'2024-11-20 00:47:53.959'}",,"Microsoft Corporation",,,"Workstation Service Client DLL",,,,,,,,"10.0.19041.3636 (WinBuild.160101.0800)","MD5=1B5144B43F7A8E3C8AF9906267ED4E78,SHA256=227686A78077E172C4380303A1F7CACBCD30664BEC23BE44FAEE7262BB339E2C,IMPHASH=B16EA60831C8BD36D6F710D6B6E38352","C:\Users\pparker\Downloads\DriverUpdate_1_2.exe","C:\Windows\SysWOW64\wkscli.dll",,,,,"WKSCLI.DLL",,,,,,"{7b34ed3d-31b8-673d-4306-000000000b00}","6720","Microsoft® Windows® Operating System",,"-","Microsoft Windows","Valid","true",,,,,,,,,"HOMELAB\pparker","2024-11-20 00:47:53.959","{'Channel':'Microsoft-Windows-Sysmon/Operational','Computer':'HL-WS04.HOMELAB.local','Correlation':'','EventID':'7','EventRecordID':'42308','Execution':{'ProcessID':'2052','ThreadID':'3948'},'Keywords':'0x8000000000000000','Level':'4','Opcode':'0','Provider':{'Guid':'{5770385f-c22a-43e0-bf4c-06f5698ffbd9}','Name':'Microsoft-Windows-Sysmon'},'Security':{'UserID':'S-1-5-18'},'Task':'7','TimeCreated':{'SystemTime':'2024-11-20T00:47:53.9666892Z'},'Version':'3','_event_id':'7'}","7","Microsoft-Windows-Sysmon/Operational","HL-WS04.HOMELAB.local","","7","42308","{'ProcessID':'2052','ThreadID':'3948'}","2052","3948","0x8000000000000000","4","0","{'Guid':'{5770385f-c22a-43e0-bf4c-06f5698ffbd9}','Name':'Microsoft-Windows-Sysmon'}","{5770385f-c22a-43e0-bf4c-06f5698ffbd9}","Microsoft-Windows-Sysmon","S-1-5-18","7","2024-11-20T00:47:53.9666892Z","3","{'arch':2,'did':'','event_id':'5f02167c-f3b0-45b8-92dd-f555b5eebe4c','event_time':1732063628981,'event_type':'WEL','ext_ip':'108.171.103.70','hostname':'hl-ws04.homelab.local','iid':'7e99630d-d276-4169-bd11-c23115a848fa','int_ip':'10.100.100.133','moduleid':2,'oid':'27c3229e-7f58-40c8-ad1a-799ff00e1781','plat':268435456,'sid':'20884ef9-0b46-4a29-9d58-832837729b10','tags':['workstations'],'this':'c42dfbebe07a9897429f793e673d318c'}",2,"","5f02167c-f3b0-45b8-92dd-f555b5eebe4c",1732063628981,"WEL","108.171.103.70","hl-ws04.homelab.local","7e99630d-d276-4169-bd11-c23115a848fa","10.100.100.133",2,"27c3229e-7f58-40c8-ad1a-799ff00e1781",268435456,"20884ef9-0b46-4a29-9d58-832837729b10","['workstations']","c42dfbebe07a9897429f793e673d318c"
"2024-11-20 00:47:08","{'EventData':{'DestinationHostname':'-','DestinationIp':'10.100.100.135','DestinationIsIpv6':'false','DestinationPort':'4444','DestinationPortName':'-','Image':'C:\\Users\\pparker\\Downloads\\DriverUpdate_1_2.exe','Initiated':'true','ProcessGuid':'{7b34ed3d-31b8-673d-4306-000000000b00}','ProcessId':'6720','Protocol':'tcp','RuleName':'Usermode','SourceHostname':'HL-WS04.HOMELAB.local','SourceIp':'10.100.100.133','SourceIsIpv6':'false','SourcePort':'51885','SourcePortName':'-','User':'HOMELAB\\pparker','UtcTime':'2024-11-10 06:29:57.273'},'System':{'Channel':'Microsoft-Windows-Sysmon/Operational','Computer':'HL-WS04.HOMELAB.local','Correlation':'','EventID':'3','EventRecordID':'42309','Execution':{'ProcessID':'2052','ThreadID':'3820'},'Keywords':'0x8000000000000000','Level':'4','Opcode':'0','Provider':{'Guid':'{5770385f-c22a-43e0-bf4c-06f5698ffbd9}','Name':'Microsoft-Windows-Sysmon'},'Security':{'UserID':'S-1-5-18'},'Task':'3','TimeCreated':{'SystemTime':'2024-11-20T00:47:54.3096860Z'},'Version':'5','_event_id':'3'}}","{'DestinationHostname':'-','DestinationIp':'10.100.100.135','DestinationIsIpv6':'false','DestinationPort':'4444','DestinationPortName':'-','Image':'C:\\Users\\pparker\\Downloads\\DriverUpdate_1_2.exe','Initiated':'true','ProcessGuid':'{7b34ed3d-31b8-673d-4306-000000000b00}','ProcessId':'6720','Protocol':'tcp','RuleName':'Usermode','SourceHostname':'HL-WS04.HOMELAB.local','SourceIp':'10.100.100.133','SourceIsIpv6':'false','SourcePort':'51885','SourcePortName':'-','User':'HOMELAB\\pparker','UtcTime':'2024-11-10 06:29:57.273'}",,,,,,"-","10.100.100.135","false","4444","-",,,,,"C:\Users\pparker\Downloads\DriverUpdate_1_2.exe",,"true",,,,,,,,,,"{7b34ed3d-31b8-673d-4306-000000000b00}","6720",,"tcp","Usermode",,,,"HL-WS04.HOMELAB.local","10.100.100.133","false","51885","-",,,,"HOMELAB\pparker","2024-11-10 06:29:57.273","{'Channel':'Microsoft-Windows-Sysmon/Operational','Computer':'HL-WS04.HOMELAB.local','Correlation':'','EventID':'3','EventRecordID':'42309','Execution':{'ProcessID':'2052','ThreadID':'3820'},'Keywords':'0x8000000000000000','Level':'4','Opcode':'0','Provider':{'Guid':'{5770385f-c22a-43e0-bf4c-06f5698ffbd9}','Name':'Microsoft-Windows-Sysmon'},'Security':{'UserID':'S-1-5-18'},'Task':'3','TimeCreated':{'SystemTime':'2024-11-20T00:47:54.3096860Z'},'Version':'5','_event_id':'3'}","3","Microsoft-Windows-Sysmon/Operational","HL-WS04.HOMELAB.local","","3","42309","{'ProcessID':'2052','ThreadID':'3820'}","2052","3820","0x8000000000000000","4","0","{'Guid':'{5770385f-c22a-43e0-bf4c-06f5698ffbd9}','Name':'Microsoft-Windows-Sysmon'}","{5770385f-c22a-43e0-bf4c-06f5698ffbd9}","Microsoft-Windows-Sysmon","S-1-5-18","3","2024-11-20T00:47:54.3096860Z","5","{'arch':2,'did':'','event_id':'ba4e8762-aeb9-4fa3-93f7-881fa4d3e8e7','event_time':1732063628981,'event_type':'WEL','ext_ip':'108.171.103.70','hostname':'hl-ws04.homelab.local','iid':'7e99630d-d276-4169-bd11-c23115a848fa','int_ip':'10.100.100.133','moduleid':2,'oid':'27c3229e-7f58-40c8-ad1a-799ff00e1781','plat':268435456,'sid':'20884ef9-0b46-4a29-9d58-832837729b10','tags':['workstations'],'this':'2e015400fa106f328697285a673d318c'}",2,"","ba4e8762-aeb9-4fa3-93f7-881fa4d3e8e7",1732063628981,"WEL","108.171.103.70","hl-ws04.homelab.local","7e99630d-d276-4169-bd11-c23115a848fa","10.100.100.133",2,"27c3229e-7f58-40c8-ad1a-799ff00e1781",268435456,"20884ef9-0b46-4a29-9d58-832837729b10","['workstations']","2e015400fa106f328697285a673d318c"
"2024-11-20 00:47:07","{'EventData':{'CommandLine':'\'C:\\Users\\pparker\\Downloads\\DriverUpdate_1_2.exe\'','Company':'Apache Software Foundation','CurrentDirectory':'C:\\Users\\pparker\\Downloads\\','Description':'ApacheBench command line utility','FileVersion':'2.2.14','Hashes':'MD5=36DDA9AB653D77A51DB3EDA5E962C2CF,SHA256=D4677D4BB7D14E5ACA484F3A082D88649FD07624223FC421510913BD38692FCD,IMPHASH=481F47BBB2C9C21E108D65F52B04C448','Image':'C:\\Users\\pparker\\Downloads\\DriverUpdate_1_2.exe','IntegrityLevel':'High','LogonGuid':'{7b34ed3d-4002-6730-b3ff-4b0000000000}','LogonId':'0x4bffb3','OriginalFileName':'ab.exe','ParentCommandLine':'\'C:\\Program Files (x86)\\Microsoft\\Edge\\Application\\msedge.exe\' --no-startup-window','ParentImage':'C:\\Program Files (x86)\\Microsoft\\Edge\\Application\\msedge.exe','ParentProcessGuid':'{7b34ed3d-278d-673d-0203-000000000b00}','ParentProcessId':'3564','ParentUser':'HOMELAB\\pparker','ProcessGuid':'{7b34ed3d-31b8-673d-4306-000000000b00}','ProcessId':'6720','Product':'Apache HTTP Server','RuleName':'-','TerminalSessionId':'2','User':'HOMELAB\\pparker','UtcTime':'2024-11-20 00:47:52.953'},'System':{'Channel':'Microsoft-Windows-Sysmon/Operational','Computer':'HL-WS04.HOMELAB.local','Correlation':'','EventID':'1','EventRecordID':'42241','Execution':{'ProcessID':'2052','ThreadID':'3948'},'Keywords':'0x8000000000000000','Level':'4','Opcode':'0','Provider':{'Guid':'{5770385f-c22a-43e0-bf4c-06f5698ffbd9}','Name':'Microsoft-Windows-Sysmon'},'Security':{'UserID':'S-1-5-18'},'Task':'1','TimeCreated':{'SystemTime':'2024-11-20T00:47:52.9541831Z'},'Version':'5','_event_id':'1'}}","{'CommandLine':'\'C:\\Users\\pparker\\Downloads\\DriverUpdate_1_2.exe\'','Company':'Apache Software Foundation','CurrentDirectory':'C:\\Users\\pparker\\Downloads\\','Description':'ApacheBench command line utility','FileVersion':'2.2.14','Hashes':'MD5=36DDA9AB653D77A51DB3EDA5E962C2CF,SHA256=D4677D4BB7D14E5ACA484F3A082D88649FD07624223FC421510913BD38692FCD,IMPHASH=481F47BBB2C9C21E108D65F52B04C448','Image':'C:\\Users\\pparker\\Downloads\\DriverUpdate_1_2.exe','IntegrityLevel':'High','LogonGuid':'{7b34ed3d-4002-6730-b3ff-4b0000000000}','LogonId':'0x4bffb3','OriginalFileName':'ab.exe','ParentCommandLine':'\'C:\\Program Files (x86)\\Microsoft\\Edge\\Application\\msedge.exe\' --no-startup-window','ParentImage':'C:\\Program Files (x86)\\Microsoft\\Edge\\Application\\msedge.exe','ParentProcessGuid':'{7b34ed3d-278d-673d-0203-000000000b00}','ParentProcessId':'3564','ParentUser':'HOMELAB\\pparker','ProcessGuid':'{7b34ed3d-31b8-673d-4306-000000000b00}','ProcessId':'6720','Product':'Apache HTTP Server','RuleName':'-','TerminalSessionId':'2','User':'HOMELAB\\pparker','UtcTime':'2024-11-20 00:47:52.953'}","'C:\Users\pparker\Downloads\DriverUpdate_1_2.exe'","Apache Software Foundation",,"C:\Users\pparker\Downloads\","ApacheBench command line utility",,,,,,,,"2.2.14","MD5=36DDA9AB653D77A51DB3EDA5E962C2CF,SHA256=D4677D4BB7D14E5ACA484F3A082D88649FD07624223FC421510913BD38692FCD,IMPHASH=481F47BBB2C9C21E108D65F52B04C448","C:\Users\pparker\Downloads\DriverUpdate_1_2.exe",,,"High","{7b34ed3d-4002-6730-b3ff-4b0000000000}","0x4bffb3","ab.exe","'C:\Program Files (x86)\Microsoft\Edge\Application\msedge.exe' --no-startup-window","C:\Program Files (x86)\Microsoft\Edge\Application\msedge.exe","{7b34ed3d-278d-673d-0203-000000000b00}","3564","HOMELAB\pparker","{7b34ed3d-31b8-673d-4306-000000000b00}","6720","Apache HTTP Server",,"-",,,,,,,,,,,"2","HOMELAB\pparker","2024-11-20 00:47:52.953","{'Channel':'Microsoft-Windows-Sysmon/Operational','Computer':'HL-WS04.HOMELAB.local','Correlation':'','EventID':'1','EventRecordID':'42241','Execution':{'ProcessID':'2052','ThreadID':'3948'},'Keywords':'0x8000000000000000','Level':'4','Opcode':'0','Provider':{'Guid':'{5770385f-c22a-43e0-bf4c-06f5698ffbd9}','Name':'Microsoft-Windows-Sysmon'},'Security':{'UserID':'S-1-5-18'},'Task':'1','TimeCreated':{'SystemTime':'2024-11-20T00:47:52.9541831Z'},'Version':'5','_event_id':'1'}","1","Microsoft-Windows-Sysmon/Operational","HL-WS04.HOMELAB.local","","1","42241","{'ProcessID':'2052','ThreadID':'3948'}","2052","3948","0x8000000000000000","4","0","{'Guid':'{5770385f-c22a-43e0-bf4c-06f5698ffbd9}','Name':'Microsoft-Windows-Sysmon'}","{5770385f-c22a-43e0-bf4c-06f5698ffbd9}","Microsoft-Windows-Sysmon","S-1-5-18","1","2024-11-20T00:47:52.9541831Z","5","{'arch':2,'did':'','event_id':'558584eb-3278-40be-aa8f-736b17cdf452','event_time':1732063627806,'event_type':'WEL','ext_ip':'108.171.103.70','hostname':'hl-ws04.homelab.local','iid':'7e99630d-d276-4169-bd11-c23115a848fa','int_ip':'10.100.100.133','moduleid':2,'oid':'27c3229e-7f58-40c8-ad1a-799ff00e1781','plat':268435456,'sid':'20884ef9-0b46-4a29-9d58-832837729b10','tags':['workstations'],'this':'578ffa4a499705cb1353c3c6673d318b'}",2,"","558584eb-3278-40be-aa8f-736b17cdf452",1732063627806,"WEL","108.171.103.70","hl-ws04.homelab.local","7e99630d-d276-4169-bd11-c23115a848fa","10.100.100.133",2,"27c3229e-7f58-40c8-ad1a-799ff00e1781",268435456,"20884ef9-0b46-4a29-9d58-832837729b10","['workstations']","578ffa4a499705cb1353c3c6673d318b"
"2024-11-20 00:47:07","{'EventData':{'Company':'Apache Software Foundation','Description':'ApacheBench command line utility','FileVersion':'2.2.14','Hashes':'MD5=36DDA9AB653D77A51DB3EDA5E962C2CF,SHA256=D4677D4BB7D14E5ACA484F3A082D88649FD07624223FC421510913BD38692FCD,IMPHASH=481F47BBB2C9C21E108D65F52B04C448','Image':'C:\\Users\\pparker\\Downloads\\DriverUpdate_1_2.exe','ImageLoaded':'C:\\Users\\pparker\\Downloads\\DriverUpdate_1_2.exe','OriginalFileName':'ab.exe','ProcessGuid':'{7b34ed3d-31b8-673d-4306-000000000b00}','ProcessId':'6720','Product':'Apache HTTP Server','RuleName':'-','Signature':'-','SignatureStatus':'Unavailable','Signed':'false','User':'HOMELAB\\pparker','UtcTime':'2024-11-20 00:47:53.005'},'System':{'Channel':'Microsoft-Windows-Sysmon/Operational','Computer':'HL-WS04.HOMELAB.local','Correlation':'','EventID':'7','EventRecordID':'42242','Execution':{'ProcessID':'2052','ThreadID':'3948'},'Keywords':'0x8000000000000000','Level':'4','Opcode':'0','Provider':{'Guid':'{5770385f-c22a-43e0-bf4c-06f5698ffbd9}','Name':'Microsoft-Windows-Sysmon'},'Security':{'UserID':'S-1-5-18'},'Task':'7','TimeCreated':{'SystemTime':'2024-11-20T00:47:53.0066257Z'},'Version':'3','_event_id':'7'}}","{'Company':'Apache Software Foundation','Description':'ApacheBench command line utility','FileVersion':'2.2.14','Hashes':'MD5=36DDA9AB653D77A51DB3EDA5E962C2CF,SHA256=D4677D4BB7D14E5ACA484F3A082D88649FD07624223FC421510913BD38692FCD,IMPHASH=481F47BBB2C9C21E108D65F52B04C448','Image':'C:\\Users\\pparker\\Downloads\\DriverUpdate_1_2.exe','ImageLoaded':'C:\\Users\\pparker\\Downloads\\DriverUpdate_1_2.exe','OriginalFileName':'ab.exe','ProcessGuid':'{7b34ed3d-31b8-673d-4306-000000000b00}','ProcessId':'6720','Product':'Apache HTTP Server','RuleName':'-','Signature':'-','SignatureStatus':'Unavailable','Signed':'false','User':'HOMELAB\\pparker','UtcTime':'2024-11-20 00:47:53.005'}",,"Apache Software Foundation",,,"ApacheBench command line utility",,,,,,,,"2.2.14","MD5=36DDA9AB653D77A51DB3EDA5E962C2CF,SHA256=D4677D4BB7D14E5ACA484F3A082D88649FD07624223FC421510913BD38692FCD,IMPHASH=481F47BBB2C9C21E108D65F52B04C448","C:\Users\pparker\Downloads\DriverUpdate_1_2.exe","C:\Users\pparker\Downloads\DriverUpdate_1_2.exe",,,,,"ab.exe",,,,,,"{7b34ed3d-31b8-673d-4306-000000000b00}","6720","Apache HTTP Server",,"-","-","Unavailable","false",,,,,,,,,"HOMELAB\pparker","2024-11-20 00:47:53.005","{'Channel':'Microsoft-Windows-Sysmon/Operational','Computer':'HL-WS04.HOMELAB.local','Correlation':'','EventID':'7','EventRecordID':'42242','Execution':{'ProcessID':'2052','ThreadID':'3948'},'Keywords':'0x8000000000000000','Level':'4','Opcode':'0','Provider':{'Guid':'{5770385f-c22a-43e0-bf4c-06f5698ffbd9}','Name':'Microsoft-Windows-Sysmon'},'Security':{'UserID':'S-1-5-18'},'Task':'7','TimeCreated':{'SystemTime':'2024-11-20T00:47:53.0066257Z'},'Version':'3','_event_id':'7'}","7","Microsoft-Windows-Sysmon/Operational","HL-WS04.HOMELAB.local","","7","42242","{'ProcessID':'2052','ThreadID':'3948'}","2052","3948","0x8000000000000000","4","0","{'Guid':'{5770385f-c22a-43e0-bf4c-06f5698ffbd9}','Name':'Microsoft-Windows-Sysmon'}","{5770385f-c22a-43e0-bf4c-06f5698ffbd9}","Microsoft-Windows-Sysmon","S-1-5-18","7","2024-11-20T00:47:53.0066257Z","3","{'arch':2,'did':'','event_id':'e68ee03b-54e6-4361-988f-2f70320f8980','event_time':1732063627806,'event_type':'WEL','ext_ip':'108.171.103.70','hostname':'hl-ws04.homelab.local','iid':'7e99630d-d276-4169-bd11-c23115a848fa','int_ip':'10.100.100.133','moduleid':2,'oid':'27c3229e-7f58-40c8-ad1a-799ff00e1781','plat':268435456,'sid':'20884ef9-0b46-4a29-9d58-832837729b10','tags':['workstations'],'this':'a850c28161255be40913e039673d318b'}",2,"","e68ee03b-54e6-4361-988f-2f70320f8980",1732063627806,"WEL","108.171.103.70","hl-ws04.homelab.local","7e99630d-d276-4169-bd11-c23115a848fa","10.100.100.133",2,"27c3229e-7f58-40c8-ad1a-799ff00e1781",268435456,"20884ef9-0b46-4a29-9d58-832837729b10","['workstations']","a850c28161255be40913e039673d318b"
"2024-11-20 00:47:07","{'EventData':{'Company':'Microsoft Corporation','Description':'NT Layer DLL','FileVersion':'10.0.19041.5007 (WinBuild.160101.0800)','Hashes':'MD5=97603DC4DF5410CCF9A23A59F14C5B2F,SHA256=0342ED124EE25C76B6B6284F2C4DC3BEDE90C18C1122C36EC2424A8F5332C3BA,IMPHASH=00000000000000000000000000000000','Image':'C:\\Users\\pparker\\Downloads\\DriverUpdate_1_2.exe','ImageLoaded':'C:\\Windows\\System32\\ntdll.dll','OriginalFileName':'ntdll.dll','ProcessGuid':'{7b34ed3d-31b8-673d-4306-000000000b00}','ProcessId':'6720','Product':'Microsoft® Windows® Operating System','RuleName':'-','Signature':'Microsoft Windows','SignatureStatus':'Valid','Signed':'true','User':'HOMELAB\\pparker','UtcTime':'2024-11-20 00:47:53.006'},'System':{'Channel':'Microsoft-Windows-Sysmon/Operational','Computer':'HL-WS04.HOMELAB.local','Correlation':'','EventID':'7','EventRecordID':'42243','Execution':{'ProcessID':'2052','ThreadID':'3948'},'Keywords':'0x8000000000000000','Level':'4','Opcode':'0','Provider':{'Guid':'{5770385f-c22a-43e0-bf4c-06f5698ffbd9}','Name':'Microsoft-Windows-Sysmon'},'Security':{'UserID':'S-1-5-18'},'Task':'7','TimeCreated':{'SystemTime':'2024-11-20T00:47:53.0075037Z'},'Version':'3','_event_id':'7'}}","{'Company':'Microsoft Corporation','Description':'NT Layer DLL','FileVersion':'10.0.19041.5007 (WinBuild.160101.0800)','Hashes':'MD5=97603DC4DF5410CCF9A23A59F14C5B2F,SHA256=0342ED124EE25C76B6B6284F2C4DC3BEDE90C18C1122C36EC2424A8F5332C3BA,IMPHASH=00000000000000000000000000000000','Image':'C:\\Users\\pparker\\Downloads\\DriverUpdate_1_2.exe','ImageLoaded':'C:\\Windows\\System32\\ntdll.dll','OriginalFileName':'ntdll.dll','ProcessGuid':'{7b34ed3d-31b8-673d-4306-000000000b00}','ProcessId':'6720','Product':'Microsoft® Windows® Operating System','RuleName':'-','Signature':'Microsoft Windows','SignatureStatus':'Valid','Signed':'true','User':'HOMELAB\\pparker','UtcTime':'2024-11-20 00:47:53.006'}",,"Microsoft Corporation",,,"NT Layer DLL",,,,,,,,"10.0.19041.5007 (WinBuild.160101.0800)","MD5=97603DC4DF5410CCF9A23A59F14C5B2F,SHA256=0342ED124EE25C76B6B6284F2C4DC3BEDE90C18C1122C36EC2424A8F5332C3BA,IMPHASH=00000000000000000000000000000000","C:\Users\pparker\Downloads\DriverUpdate_1_2.exe","C:\Windows\System32\ntdll.dll",,,,,"ntdll.dll",,,,,,"{7b34ed3d-31b8-673d-4306-000000000b00}","6720","Microsoft® Windows® Operating System",,"-","Microsoft Windows","Valid","true",,,,,,,,,"HOMELAB\pparker","2024-11-20 00:47:53.006","{'Channel':'Microsoft-Windows-Sysmon/Operational','Computer':'HL-WS04.HOMELAB.local','Correlation':'','EventID':'7','EventRecordID':'42243','Execution':{'ProcessID':'2052','ThreadID':'3948'},'Keywords':'0x8000000000000000','Level':'4','Opcode':'0','Provider':{'Guid':'{5770385f-c22a-43e0-bf4c-06f5698ffbd9}','Name':'Microsoft-Windows-Sysmon'},'Security':{'UserID':'S-1-5-18'},'Task':'7','TimeCreated':{'SystemTime':'2024-11-20T00:47:53.0075037Z'},'Version':'3','_event_id':'7'}","7","Microsoft-Windows-Sysmon/Operational","HL-WS04.HOMELAB.local","","7","42243","{'ProcessID':'2052','ThreadID':'3948'}","2052","3948","0x8000000000000000","4","0","{'Guid':'{5770385f-c22a-43e0-bf4c-06f5698ffbd9}','Name':'Microsoft-Windows-Sysmon'}","{5770385f-c22a-43e0-bf4c-06f5698ffbd9}","Microsoft-Windows-Sysmon","S-1-5-18","7","2024-11-20T00:47:53.0075037Z","3","{'arch':2,'did':'','event_id':'25dcba67-9518-456b-a2ce-01f47015b0e1','event_time':1732063627806,'event_type':'WEL','ext_ip':'108.171.103.70','hostname':'hl-ws04.homelab.local','iid':'7e99630d-d276-4169-bd11-c23115a848fa','int_ip':'10.100.100.133','moduleid':2,'oid':'27c3229e-7f58-40c8-ad1a-799ff00e1781','plat':268435456,'sid':'20884ef9-0b46-4a29-9d58-832837729b10','tags':['workstations'],'this':'edbcb715eab542ffb448a4ba673d318b'}",2,"","25dcba67-9518-456b-a2ce-01f47015b0e1",1732063627806,"WEL","108.171.103.70","hl-ws04.homelab.local","7e99630d-d276-4169-bd11-c23115a848fa","10.100.100.133",2,"27c3229e-7f58-40c8-ad1a-799ff00e1781",268435456,"20884ef9-0b46-4a29-9d58-832837729b10","['workstations']","edbcb715eab542ffb448a4ba673d318b"
"2024-11-20 00:47:07","{'EventData':{'Company':'Microsoft Corporation','Description':'NT Layer DLL','FileVersion':'10.0.19041.5007 (WinBuild.160101.0800)','Hashes':'MD5=C4522033FA73ED2594678AC419D74D05,SHA256=EC22943CBD4D1A1D580F8664ECE20CEE954ABA490FCB1CA89C910F9144A3286C,IMPHASH=00000000000000000000000000000000','Image':'C:\\Users\\pparker\\Downloads\\DriverUpdate_1_2.exe','ImageLoaded':'C:\\Windows\\SysWOW64\\ntdll.dll','OriginalFileName':'ntdll.dll','ProcessGuid':'{7b34ed3d-31b8-673d-4306-000000000b00}','ProcessId':'6720','Product':'Microsoft® Windows® Operating System','RuleName':'-','Signature':'Microsoft Windows','SignatureStatus':'Valid','Signed':'true','User':'HOMELAB\\pparker','UtcTime':'2024-11-20 00:47:53.007'},'System':{'Channel':'Microsoft-Windows-Sysmon/Operational','Computer':'HL-WS04.HOMELAB.local','Correlation':'','EventID':'7','EventRecordID':'42244','Execution':{'ProcessID':'2052','ThreadID':'3948'},'Keywords':'0x8000000000000000','Level':'4','Opcode':'0','Provider':{'Guid':'{5770385f-c22a-43e0-bf4c-06f5698ffbd9}','Name':'Microsoft-Windows-Sysmon'},'Security':{'UserID':'S-1-5-18'},'Task':'7','TimeCreated':{'SystemTime':'2024-11-20T00:47:53.0084187Z'},'Version':'3','_event_id':'7'}}","{'Company':'Microsoft Corporation','Description':'NT Layer DLL','FileVersion':'10.0.19041.5007 (WinBuild.160101.0800)','Hashes':'MD5=C4522033FA73ED2594678AC419D74D05,SHA256=EC22943CBD4D1A1D580F8664ECE20CEE954ABA490FCB1CA89C910F9144A3286C,IMPHASH=00000000000000000000000000000000','Image':'C:\\Users\\pparker\\Downloads\\DriverUpdate_1_2.exe','ImageLoaded':'C:\\Windows\\SysWOW64\\ntdll.dll','OriginalFileName':'ntdll.dll','ProcessGuid':'{7b34ed3d-31b8-673d-4306-000000000b00}','ProcessId':'6720','Product':'Microsoft® Windows® Operating System','RuleName':'-','Signature':'Microsoft Windows','SignatureStatus':'Valid','Signed':'true','User':'HOMELAB\\pparker','UtcTime':'2024-11-20 00:47:53.007'}",,"Microsoft Corporation",,,"NT Layer DLL",,,,,,,,"10.0.19041.5007 (WinBuild.160101.0800)","MD5=C4522033FA73ED2594678AC419D74D05,SHA256=EC22943CBD4D1A1D580F8664ECE20CEE954ABA490FCB1CA89C910F9144A3286C,IMPHASH=00000000000000000000000000000000","C:\Users\pparker\Downloads\DriverUpdate_1_2.exe","C:\Windows\SysWOW64\ntdll.dll",,,,,"ntdll.dll",,,,,,"{7b34ed3d-31b8-673d-4306-000000000b00}","6720","Microsoft® Windows® Operating System",,"-","Microsoft Windows","Valid","true",,,,,,,,,"HOMELAB\pparker","2024-11-20 00:47:53.007","{'Channel':'Microsoft-Windows-Sysmon/Operational','Computer':'HL-WS04.HOMELAB.local','Correlation':'','EventID':'7','EventRecordID':'42244','Execution':{'ProcessID':'2052','ThreadID':'3948'},'Keywords':'0x8000000000000000','Level':'4','Opcode':'0','Provider':{'Guid':'{5770385f-c22a-43e0-bf4c-06f5698ffbd9}','Name':'Microsoft-Windows-Sysmon'},'Security':{'UserID':'S-1-5-18'},'Task':'7','TimeCreated':{'SystemTime':'2024-11-20T00:47:53.0084187Z'},'Version':'3','_event_id':'7'}","7","Microsoft-Windows-Sysmon/Operational","HL-WS04.HOMELAB.local","","7","42244","{'ProcessID':'2052','ThreadID':'3948'}","2052","3948","0x8000000000000000","4","0","{'Guid':'{5770385f-c22a-43e0-bf4c-06f5698ffbd9}','Name':'Microsoft-Windows-Sysmon'}","{5770385f-c22a-43e0-bf4c-06f5698ffbd9}","Microsoft-Windows-Sysmon","S-1-5-18","7","2024-11-20T00:47:53.0084187Z","3","{'arch':2,'did':'','event_id':'839b24bb-e990-4a89-a894-97d4b1bbd055','event_time':1732063627806,'event_type':'WEL','ext_ip':'108.171.103.70','hostname':'hl-ws04.homelab.local','iid':'7e99630d-d276-4169-bd11-c23115a848fa','int_ip':'10.100.100.133','moduleid':2,'oid':'27c3229e-7f58-40c8-ad1a-799ff00e1781','plat':268435456,'sid':'20884ef9-0b46-4a29-9d58-832837729b10','tags':['workstations'],'this':'1e9c67382df9ee86568c1497673d318b'}",2,"","839b24bb-e990-4a89-a894-97d4b1bbd055",1732063627806,"WEL","108.171.103.70","hl-ws04.homelab.local","7e99630d-d276-4169-bd11-c23115a848fa","10.100.100.133",2,"27c3229e-7f58-40c8-ad1a-799ff00e1781",268435456,"20884ef9-0b46-4a29-9d58-832837729b10","['workstations']","1e9c67382df9ee86568c1497673d318b"
"2024-11-20 00:47:07","{'EventData':{'Company':'Microsoft Corporation','Description':'Win32 Emulation on NT64','FileVersion':'10.0.19041.3636 (WinBuild.160101.0800)','Hashes':'MD5=AE92EAAEFCD4C0C51D7DE95818DDAB7F,SHA256=524BEADEDB98D8136471759EB2C3C0273BFC979FBC6BAD7D068D88BAE6A9B89E,IMPHASH=4D26806E6CA2EC5EA8DF4BA29C854F96','Image':'C:\\Users\\pparker\\Downloads\\DriverUpdate_1_2.exe','ImageLoaded':'C:\\Windows\\System32\\wow64.dll','OriginalFileName':'wow64.dll','ProcessGuid':'{7b34ed3d-31b8-673d-4306-000000000b00}','ProcessId':'6720','Product':'Microsoft® Windows® Operating System','RuleName':'-','Signature':'Microsoft Windows','SignatureStatus':'Valid','Signed':'true','User':'HOMELAB\\pparker','UtcTime':'2024-11-20 00:47:53.011'},'System':{'Channel':'Microsoft-Windows-Sysmon/Operational','Computer':'HL-WS04.HOMELAB.local','Correlation':'','EventID':'7','EventRecordID':'42247','Execution':{'ProcessID':'2052','ThreadID':'4064'},'Keywords':'0x8000000000000000','Level':'4','Opcode':'0','Provider':{'Guid':'{5770385f-c22a-43e0-bf4c-06f5698ffbd9}','Name':'Microsoft-Windows-Sysmon'},'Security':{'UserID':'S-1-5-18'},'Task':'7','TimeCreated':{'SystemTime':'2024-11-20T00:47:53.0352943Z'},'Version':'3','_event_id':'7'}}","{'Company':'Microsoft Corporation','Description':'Win32 Emulation on NT64','FileVersion':'10.0.19041.3636 (WinBuild.160101.0800)','Hashes':'MD5=AE92EAAEFCD4C0C51D7DE95818DDAB7F,SHA256=524BEADEDB98D8136471759EB2C3C0273BFC979FBC6BAD7D068D88BAE6A9B89E,IMPHASH=4D26806E6CA2EC5EA8DF4BA29C854F96','Image':'C:\\Users\\pparker\\Downloads\\DriverUpdate_1_2.exe','ImageLoaded':'C:\\Windows\\System32\\wow64.dll','OriginalFileName':'wow64.dll','ProcessGuid':'{7b34ed3d-31b8-673d-4306-000000000b00}','ProcessId':'6720','Product':'Microsoft® Windows® Operating System','RuleName':'-','Signature':'Microsoft Windows','SignatureStatus':'Valid','Signed':'true','User':'HOMELAB\\pparker','UtcTime':'2024-11-20 00:47:53.011'}",,"Microsoft Corporation",,,"Win32 Emulation on NT64",,,,,,,,"10.0.19041.3636 (WinBuild.160101.0800)","MD5=AE92EAAEFCD4C0C51D7DE95818DDAB7F,SHA256=524BEADEDB98D8136471759EB2C3C0273BFC979FBC6BAD7D068D88BAE6A9B89E,IMPHASH=4D26806E6CA2EC5EA8DF4BA29C854F96","C:\Users\pparker\Downloads\DriverUpdate_1_2.exe","C:\Windows\System32\wow64.dll",,,,,"wow64.dll",,,,,,"{7b34ed3d-31b8-673d-4306-000000000b00}","6720","Microsoft® Windows® Operating System",,"-","Microsoft Windows","Valid","true",,,,,,,,,"HOMELAB\pparker","2024-11-20 00:47:53.011","{'Channel':'Microsoft-Windows-Sysmon/Operational','Computer':'HL-WS04.HOMELAB.local','Correlation':'','EventID':'7','EventRecordID':'42247','Execution':{'ProcessID':'2052','ThreadID':'4064'},'Keywords':'0x8000000000000000','Level':'4','Opcode':'0','Provider':{'Guid':'{5770385f-c22a-43e0-bf4c-06f5698ffbd9}','Name':'Microsoft-Windows-Sysmon'},'Security':{'UserID':'S-1-5-18'},'Task':'7','TimeCreated':{'SystemTime':'2024-11-20T00:47:53.0352943Z'},'Version':'3','_event_id':'7'}","7","Microsoft-Windows-Sysmon/Operational","HL-WS04.HOMELAB.local","","7","42247","{'ProcessID':'2052','ThreadID':'4064'}","2052","4064","0x8000000000000000","4","0","{'Guid':'{5770385f-c22a-43e0-bf4c-06f5698ffbd9}','Name':'Microsoft-Windows-Sysmon'}","{5770385f-c22a-43e0-bf4c-06f5698ffbd9}","Microsoft-Windows-Sysmon","S-1-5-18","7","2024-11-20T00:47:53.0352943Z","3","{'arch':2,'did':'','event_id':'8ea3f97a-1748-4c66-ad2f-f84afdad0568','event_time':1732063627806,'event_type':'WEL','ext_ip':'108.171.103.70','hostname':'hl-ws04.homelab.local','iid':'7e99630d-d276-4169-bd11-c23115a848fa','int_ip':'10.100.100.133','moduleid':2,'oid':'27c3229e-7f58-40c8-ad1a-799ff00e1781','plat':268435456,'sid':'20884ef9-0b46-4a29-9d58-832837729b10','tags':['workstations'],'this':'d2c33974e7ca87e961715d2a673d318b'}",2,"","8ea3f97a-1748-4c66-ad2f-f84afdad0568",1732063627806,"WEL","108.171.103.70","hl-ws04.homelab.local","7e99630d-d276-4169-bd11-c23115a848fa","10.100.100.133",2,"27c3229e-7f58-40c8-ad1a-799ff00e1781",268435456,"20884ef9-0b46-4a29-9d58-832837729b10","['workstations']","d2c33974e7ca87e961715d2a673d318b"
"2024-11-20 00:47:07","{'EventData':{'Company':'Microsoft Corporation','Description':'Wow64 Console and Win32 API Logging','FileVersion':'10.0.19041.3996 (WinBuild.160101.0800)','Hashes':'MD5=1EE534871B0A04B1FFA2316E83127DEA,SHA256=74F59DE01AC8369D4578F468326EFD5AE977D1731D22382ECDE6A19C33324339,IMPHASH=AA2F336C00F80E5E84819EE774D160FE','Image':'C:\\Users\\pparker\\Downloads\\DriverUpdate_1_2.exe','ImageLoaded':'C:\\Windows\\System32\\wow64win.dll','OriginalFileName':'wow64lg2.dll','ProcessGuid':'{7b34ed3d-31b8-673d-4306-000000000b00}','ProcessId':'6720','Product':'Microsoft® Windows® Operating System','RuleName':'-','Signature':'Microsoft Windows','SignatureStatus':'Valid','Signed':'true','User':'HOMELAB\\pparker','UtcTime':'2024-11-20 00:47:53.012'},'System':{'Channel':'Microsoft-Windows-Sysmon/Operational','Computer':'HL-WS04.HOMELAB.local','Correlation':'','EventID':'7','EventRecordID':'42248','Execution':{'ProcessID':'2052','ThreadID':'4064'},'Keywords':'0x8000000000000000','Level':'4','Opcode':'0','Provider':{'Guid':'{5770385f-c22a-43e0-bf4c-06f5698ffbd9}','Name':'Microsoft-Windows-Sysmon'},'Security':{'UserID':'S-1-5-18'},'Task':'7','TimeCreated':{'SystemTime':'2024-11-20T00:47:53.0452899Z'},'Version':'3','_event_id':'7'}}","{'Company':'Microsoft Corporation','Description':'Wow64 Console and Win32 API Logging','FileVersion':'10.0.19041.3996 (WinBuild.160101.0800)','Hashes':'MD5=1EE534871B0A04B1FFA2316E83127DEA,SHA256=74F59DE01AC8369D4578F468326EFD5AE977D1731D22382ECDE6A19C33324339,IMPHASH=AA2F336C00F80E5E84819EE774D160FE','Image':'C:\\Users\\pparker\\Downloads\\DriverUpdate_1_2.exe','ImageLoaded':'C:\\Windows\\System32\\wow64win.dll','OriginalFileName':'wow64lg2.dll','ProcessGuid':'{7b34ed3d-31b8-673d-4306-000000000b00}','ProcessId':'6720','Product':'Microsoft® Windows® Operating System','RuleName':'-','Signature':'Microsoft Windows','SignatureStatus':'Valid','Signed':'true','User':'HOMELAB\\pparker','UtcTime':'2024-11-20 00:47:53.012'}",,"Microsoft Corporation",,,"Wow64 Console and Win32 API Logging",,,,,,,,"10.0.19041.3996 (WinBuild.160101.0800)","MD5=1EE534871B0A04B1FFA2316E83127DEA,SHA256=74F59DE01AC8369D4578F468326EFD5AE977D1731D22382ECDE6A19C33324339,IMPHASH=AA2F336C00F80E5E84819EE774D160FE","C:\Users\pparker\Downloads\DriverUpdate_1_2.exe","C:\Windows\System32\wow64win.dll",,,,,"wow64lg2.dll",,,,,,"{7b34ed3d-31b8-673d-4306-000000000b00}","6720","Microsoft® Windows® Operating System",,"-","Microsoft Windows","Valid","true",,,,,,,,,"HOMELAB\pparker","2024-11-20 00:47:53.012","{'Channel':'Microsoft-Windows-Sysmon/Operational','Computer':'HL-WS04.HOMELAB.local','Correlation':'','EventID':'7','EventRecordID':'42248','Execution':{'ProcessID':'2052','ThreadID':'4064'},'Keywords':'0x8000000000000000','Level':'4','Opcode':'0','Provider':{'Guid':'{5770385f-c22a-43e0-bf4c-06f5698ffbd9}','Name':'Microsoft-Windows-Sysmon'},'Security':{'UserID':'S-1-5-18'},'Task':'7','TimeCreated':{'SystemTime':'2024-11-20T00:47:53.0452899Z'},'Version':'3','_event_id':'7'}","7","Microsoft-Windows-Sysmon/Operational","HL-WS04.HOMELAB.local","","7","42248","{'ProcessID':'2052','ThreadID':'4064'}","2052","4064","0x8000000000000000","4","0","{'Guid':'{5770385f-c22a-43e0-bf4c-06f5698ffbd9}','Name':'Microsoft-Windows-Sysmon'}","{5770385f-c22a-43e0-bf4c-06f5698ffbd9}","Microsoft-Windows-Sysmon","S-1-5-18","7","2024-11-20T00:47:53.0452899Z","3","{'arch':2,'did':'','event_id':'af051fa0-7043-452e-861b-f22975db7bbe','event_time':1732063627806,'event_type':'WEL','ext_ip':'108.171.103.70','hostname':'hl-ws04.homelab.local','iid':'7e99630d-d276-4169-bd11-c23115a848fa','int_ip':'10.100.100.133','moduleid':2,'oid':'27c3229e-7f58-40c8-ad1a-799ff00e1781','plat':268435456,'sid':'20884ef9-0b46-4a29-9d58-832837729b10','tags':['workstations'],'this':'baeec1308487b0f205bd0a98673d318b'}",2,"","af051fa0-7043-452e-861b-f22975db7bbe",1732063627806,"WEL","108.171.103.70","hl-ws04.homelab.local","7e99630d-d276-4169-bd11-c23115a848fa","10.100.100.133",2,"27c3229e-7f58-40c8-ad1a-799ff00e1781",268435456,"20884ef9-0b46-4a29-9d58-832837729b10","['workstations']","baeec1308487b0f205bd0a98673d318b"
"2024-11-20 00:47:07","{'EventData':{'Company':'Microsoft Corporation','Description':'AMD64 Wow64 CPU','FileVersion':'10.0.19041.3636 (WinBuild.160101.0800)','Hashes':'MD5=1E8EB356FCB2EC39C2A841BE98B04D98,SHA256=472BEBB4EA80EDB445E6D67973D7EFCBAB3D7F779C188F266C7FA2D724A045AD,IMPHASH=C22B977BE4BF67B1A723DD49BCC47668','Image':'C:\\Users\\pparker\\Downloads\\DriverUpdate_1_2.exe','ImageLoaded':'C:\\Windows\\System32\\wow64cpu.dll','OriginalFileName':'wow64cpu.dll','ProcessGuid':'{7b34ed3d-31b8-673d-4306-000000000b00}','ProcessId':'6720','Product':'Microsoft® Windows® Operating System','RuleName':'-','Signature':'Microsoft Windows','SignatureStatus':'Valid','Signed':'true','User':'HOMELAB\\pparker','UtcTime':'2024-11-20 00:47:53.014'},'System':{'Channel':'Microsoft-Windows-Sysmon/Operational','Computer':'HL-WS04.HOMELAB.local','Correlation':'','EventID':'7','EventRecordID':'42249','Execution':{'ProcessID':'2052','ThreadID':'4064'},'Keywords':'0x8000000000000000','Level':'4','Opcode':'0','Provider':{'Guid':'{5770385f-c22a-43e0-bf4c-06f5698ffbd9}','Name':'Microsoft-Windows-Sysmon'},'Security':{'UserID':'S-1-5-18'},'Task':'7','TimeCreated':{'SystemTime':'2024-11-20T00:47:53.0592165Z'},'Version':'3','_event_id':'7'}}","{'Company':'Microsoft Corporation','Description':'AMD64 Wow64 CPU','FileVersion':'10.0.19041.3636 (WinBuild.160101.0800)','Hashes':'MD5=1E8EB356FCB2EC39C2A841BE98B04D98,SHA256=472BEBB4EA80EDB445E6D67973D7EFCBAB3D7F779C188F266C7FA2D724A045AD,IMPHASH=C22B977BE4BF67B1A723DD49BCC47668','Image':'C:\\Users\\pparker\\Downloads\\DriverUpdate_1_2.exe','ImageLoaded':'C:\\Windows\\System32\\wow64cpu.dll','OriginalFileName':'wow64cpu.dll','ProcessGuid':'{7b34ed3d-31b8-673d-4306-000000000b00}','ProcessId':'6720','Product':'Microsoft® Windows® Operating System','RuleName':'-','Signature':'Microsoft Windows','SignatureStatus':'Valid','Signed':'true','User':'HOMELAB\\pparker','UtcTime':'2024-11-20 00:47:53.014'}",,"Microsoft Corporation",,,"AMD64 Wow64 CPU",,,,,,,,"10.0.19041.3636 (WinBuild.160101.0800)","MD5=1E8EB356FCB2EC39C2A841BE98B04D98,SHA256=472BEBB4EA80EDB445E6D67973D7EFCBAB3D7F779C188F266C7FA2D724A045AD,IMPHASH=C22B977BE4BF67B1A723DD49BCC47668","C:\Users\pparker\Downloads\DriverUpdate_1_2.exe","C:\Windows\System32\wow64cpu.dll",,,,,"wow64cpu.dll",,,,,,"{7b34ed3d-31b8-673d-4306-000000000b00}","6720","Microsoft® Windows® Operating System",,"-","Microsoft Windows","Valid","true",,,,,,,,,"HOMELAB\pparker","2024-11-20 00:47:53.014","{'Channel':'Microsoft-Windows-Sysmon/Operational','Computer':'HL-WS04.HOMELAB.local','Correlation':'','EventID':'7','EventRecordID':'42249','Execution':{'ProcessID':'2052','ThreadID':'4064'},'Keywords':'0x8000000000000000','Level':'4','Opcode':'0','Provider':{'Guid':'{5770385f-c22a-43e0-bf4c-06f5698ffbd9}','Name':'Microsoft-Windows-Sysmon'},'Security':{'UserID':'S-1-5-18'},'Task':'7','TimeCreated':{'SystemTime':'2024-11-20T00:47:53.0592165Z'},'Version':'3','_event_id':'7'}","7","Microsoft-Windows-Sysmon/Operational","HL-WS04.HOMELAB.local","","7","42249","{'ProcessID':'2052','ThreadID':'4064'}","2052","4064","0x8000000000000000","4","0","{'Guid':'{5770385f-c22a-43e0-bf4c-06f5698ffbd9}','Name':'Microsoft-Windows-Sysmon'}","{5770385f-c22a-43e0-bf4c-06f5698ffbd9}","Microsoft-Windows-Sysmon","S-1-5-18","7","2024-11-20T00:47:53.0592165Z","3","{'arch':2,'did':'','event_id':'47f40962-c666-4d20-89f2-f554d1b54acd','event_time':1732063627806,'event_type':'WEL','ext_ip':'108.171.103.70','hostname':'hl-ws04.homelab.local','iid':'7e99630d-d276-4169-bd11-c23115a848fa','int_ip':'10.100.100.133','moduleid':2,'oid':'27c3229e-7f58-40c8-ad1a-799ff00e1781','plat':268435456,'sid':'20884ef9-0b46-4a29-9d58-832837729b10','tags':['workstations'],'this':'5cbeaede09a1d2b4911f3f3c673d318b'}",2,"","47f40962-c666-4d20-89f2-f554d1b54acd",1732063627806,"WEL","108.171.103.70","hl-ws04.homelab.local","7e99630d-d276-4169-bd11-c23115a848fa","10.100.100.133",2,"27c3229e-7f58-40c8-ad1a-799ff00e1781",268435456,"20884ef9-0b46-4a29-9d58-832837729b10","['workstations']","5cbeaede09a1d2b4911f3f3c673d318b"
"2024-11-20 00:47:07","{'EventData':{'Company':'Microsoft Corporation','Description':'Windows Shell Common Dll','FileVersion':'10.0.19041.4957 (WinBuild.160101.0800)','Hashes':'MD5=16C852FC4747FBD4817361CB91C53D08,SHA256=18E5CEF5320E0E894D2AAA2AAE12F23CC8728F56C4D3A7ED3EF817CABF7A9CB5,IMPHASH=306307BD029B2ABA619005E8D168E1BD','Image':'C:\\Users\\pparker\\Downloads\\DriverUpdate_1_2.exe','ImageLoaded':'C:\\Windows\\SysWOW64\\shell32.dll','OriginalFileName':'SHELL32.DLL','ProcessGuid':'{7b34ed3d-31b8-673d-4306-000000000b00}','ProcessId':'6720','Product':'Microsoft® Windows® Operating System','RuleName':'-','Signature':'Microsoft Windows','SignatureStatus':'Valid','Signed':'true','User':'HOMELAB\\pparker','UtcTime':'2024-11-20 00:47:53.053'},'System':{'Channel':'Microsoft-Windows-Sysmon/Operational','Computer':'HL-WS04.HOMELAB.local','Correlation':'','EventID':'7','EventRecordID':'42250','Execution':{'ProcessID':'2052','ThreadID':'3948'},'Keywords':'0x8000000000000000','Level':'4','Opcode':'0','Provider':{'Guid':'{5770385f-c22a-43e0-bf4c-06f5698ffbd9}','Name':'Microsoft-Windows-Sysmon'},'Security':{'UserID':'S-1-5-18'},'Task':'7','TimeCreated':{'SystemTime':'2024-11-20T00:47:53.0699464Z'},'Version':'3','_event_id':'7'}}","{'Company':'Microsoft Corporation','Description':'Windows Shell Common Dll','FileVersion':'10.0.19041.4957 (WinBuild.160101.0800)','Hashes':'MD5=16C852FC4747FBD4817361CB91C53D08,SHA256=18E5CEF5320E0E894D2AAA2AAE12F23CC8728F56C4D3A7ED3EF817CABF7A9CB5,IMPHASH=306307BD029B2ABA619005E8D168E1BD','Image':'C:\\Users\\pparker\\Downloads\\DriverUpdate_1_2.exe','ImageLoaded':'C:\\Windows\\SysWOW64\\shell32.dll','OriginalFileName':'SHELL32.DLL','ProcessGuid':'{7b34ed3d-31b8-673d-4306-000000000b00}','ProcessId':'6720','Product':'Microsoft® Windows® Operating System','RuleName':'-','Signature':'Microsoft Windows','SignatureStatus':'Valid','Signed':'true','User':'HOMELAB\\pparker','UtcTime':'2024-11-20 00:47:53.053'}",,"Microsoft Corporation",,,"Windows Shell Common Dll",,,,,,,,"10.0.19041.4957 (WinBuild.160101.0800)","MD5=16C852FC4747FBD4817361CB91C53D08,SHA256=18E5CEF5320E0E894D2AAA2AAE12F23CC8728F56C4D3A7ED3EF817CABF7A9CB5,IMPHASH=306307BD029B2ABA619005E8D168E1BD","C:\Users\pparker\Downloads\DriverUpdate_1_2.exe","C:\Windows\SysWOW64\shell32.dll",,,,,"SHELL32.DLL",,,,,,"{7b34ed3d-31b8-673d-4306-000000000b00}","6720","Microsoft® Windows® Operating System",,"-","Microsoft Windows","Valid","true",,,,,,,,,"HOMELAB\pparker","2024-11-20 00:47:53.053","{'Channel':'Microsoft-Windows-Sysmon/Operational','Computer':'HL-WS04.HOMELAB.local','Correlation':'','EventID':'7','EventRecordID':'42250','Execution':{'ProcessID':'2052','ThreadID':'3948'},'Keywords':'0x8000000000000000','Level':'4','Opcode':'0','Provider':{'Guid':'{5770385f-c22a-43e0-bf4c-06f5698ffbd9}','Name':'Microsoft-Windows-Sysmon'},'Security':{'UserID':'S-1-5-18'},'Task':'7','TimeCreated':{'SystemTime':'2024-11-20T00:47:53.0699464Z'},'Version':'3','_event_id':'7'}","7","Microsoft-Windows-Sysmon/Operational","HL-WS04.HOMELAB.local","","7","42250","{'ProcessID':'2052','ThreadID':'3948'}","2052","3948","0x8000000000000000","4","0","{'Guid':'{5770385f-c22a-43e0-bf4c-06f5698ffbd9}','Name':'Microsoft-Windows-Sysmon'}","{5770385f-c22a-43e0-bf4c-06f5698ffbd9}","Microsoft-Windows-Sysmon","S-1-5-18","7","2024-11-20T00:47:53.0699464Z","3","{'arch':2,'did':'','event_id':'ffcc972c-ce77-4a1f-8f68-9d712b4d7f87','event_time':1732063627806,'event_type':'WEL','ext_ip':'108.171.103.70','hostname':'hl-ws04.homelab.local','iid':'7e99630d-d276-4169-bd11-c23115a848fa','int_ip':'10.100.100.133','moduleid':2,'oid':'27c3229e-7f58-40c8-ad1a-799ff00e1781','plat':268435456,'sid':'20884ef9-0b46-4a29-9d58-832837729b10','tags':['workstations'],'this':'828cb56e574f4bf8c187503c673d318b'}",2,"","ffcc972c-ce77-4a1f-8f68-9d712b4d7f87",1732063627806,"WEL","108.171.103.70","hl-ws04.homelab.local","7e99630d-d276-4169-bd11-c23115a848fa","10.100.100.133",2,"27c3229e-7f58-40c8-ad1a-799ff00e1781",268435456,"20884ef9-0b46-4a29-9d58-832837729b10","['workstations']","828cb56e574f4bf8c187503c673d318b"
"2024-11-20 00:47:07","{'EventData':{'Company':'Microsoft Corporation','Description':'Microsoft UxTheme Library','FileVersion':'10.0.19041.5007 (WinBuild.160101.0800)','Hashes':'MD5=F1CAF31624AB5A17CE914D3B07025FE0,SHA256=67B8C6E693272FC976ED7C083AE4486BE3DFD77A16BA377D7B068E6BE39E5FA4,IMPHASH=5916A9C0B5155851814AF8CCCD02F321','Image':'C:\\Users\\pparker\\Downloads\\DriverUpdate_1_2.exe','ImageLoaded':'C:\\Windows\\SysWOW64\\uxtheme.dll','OriginalFileName':'UxTheme.dll','ProcessGuid':'{7b34ed3d-31b8-673d-4306-000000000b00}','ProcessId':'6720','Product':'Microsoft® Windows® Operating System','RuleName':'-','Signature':'Microsoft Windows','SignatureStatus':'Valid','Signed':'true','User':'HOMELAB\\pparker','UtcTime':'2024-11-20 00:47:53.070'},'System':{'Channel':'Microsoft-Windows-Sysmon/Operational','Computer':'HL-WS04.HOMELAB.local','Correlation':'','EventID':'7','EventRecordID':'42251','Execution':{'ProcessID':'2052','ThreadID':'3948'},'Keywords':'0x8000000000000000','Level':'4','Opcode':'0','Provider':{'Guid':'{5770385f-c22a-43e0-bf4c-06f5698ffbd9}','Name':'Microsoft-Windows-Sysmon'},'Security':{'UserID':'S-1-5-18'},'Task':'7','TimeCreated':{'SystemTime':'2024-11-20T00:47:53.0719387Z'},'Version':'3','_event_id':'7'}}","{'Company':'Microsoft Corporation','Description':'Microsoft UxTheme Library','FileVersion':'10.0.19041.5007 (WinBuild.160101.0800)','Hashes':'MD5=F1CAF31624AB5A17CE914D3B07025FE0,SHA256=67B8C6E693272FC976ED7C083AE4486BE3DFD77A16BA377D7B068E6BE39E5FA4,IMPHASH=5916A9C0B5155851814AF8CCCD02F321','Image':'C:\\Users\\pparker\\Downloads\\DriverUpdate_1_2.exe','ImageLoaded':'C:\\Windows\\SysWOW64\\uxtheme.dll','OriginalFileName':'UxTheme.dll','ProcessGuid':'{7b34ed3d-31b8-673d-4306-000000000b00}','ProcessId':'6720','Product':'Microsoft® Windows® Operating System','RuleName':'-','Signature':'Microsoft Windows','SignatureStatus':'Valid','Signed':'true','User':'HOMELAB\\pparker','UtcTime':'2024-11-20 00:47:53.070'}",,"Microsoft Corporation",,,"Microsoft UxTheme Library",,,,,,,,"10.0.19041.5007 (WinBuild.160101.0800)","MD5=F1CAF31624AB5A17CE914D3B07025FE0,SHA256=67B8C6E693272FC976ED7C083AE4486BE3DFD77A16BA377D7B068E6BE39E5FA4,IMPHASH=5916A9C0B5155851814AF8CCCD02F321","C:\Users\pparker\Downloads\DriverUpdate_1_2.exe","C:\Windows\SysWOW64\uxtheme.dll",,,,,"UxTheme.dll",,,,,,"{7b34ed3d-31b8-673d-4306-000000000b00}","6720","Microsoft® Windows® Operating System",,"-","Microsoft Windows","Valid","true",,,,,,,,,"HOMELAB\pparker","2024-11-20 00:47:53.070","{'Channel':'Microsoft-Windows-Sysmon/Operational','Computer':'HL-WS04.HOMELAB.local','Correlation':'','EventID':'7','EventRecordID':'42251','Execution':{'ProcessID':'2052','ThreadID':'3948'},'Keywords':'0x8000000000000000','Level':'4','Opcode':'0','Provider':{'Guid':'{5770385f-c22a-43e0-bf4c-06f5698ffbd9}','Name':'Microsoft-Windows-Sysmon'},'Security':{'UserID':'S-1-5-18'},'Task':'7','TimeCreated':{'SystemTime':'2024-11-20T00:47:53.0719387Z'},'Version':'3','_event_id':'7'}","7","Microsoft-Windows-Sysmon/Operational","HL-WS04.HOMELAB.local","","7","42251","{'ProcessID':'2052','ThreadID':'3948'}","2052","3948","0x8000000000000000","4","0","{'Guid':'{5770385f-c22a-43e0-bf4c-06f5698ffbd9}','Name':'Microsoft-Windows-Sysmon'}","{5770385f-c22a-43e0-bf4c-06f5698ffbd9}","Microsoft-Windows-Sysmon","S-1-5-18","7","2024-11-20T00:47:53.0719387Z","3","{'arch':2,'did':'','event_id':'e822d478-3a0d-4b90-ac0e-aef08355c3d9','event_time':1732063627806,'event_type':'WEL','ext_ip':'108.171.103.70','hostname':'hl-ws04.homelab.local','iid':'7e99630d-d276-4169-bd11-c23115a848fa','int_ip':'10.100.100.133','moduleid':2,'oid':'27c3229e-7f58-40c8-ad1a-799ff00e1781','plat':268435456,'sid':'20884ef9-0b46-4a29-9d58-832837729b10','tags':['workstations'],'this':'977697d6f8b4bed0082d2a82673d318b'}",2,"","e822d478-3a0d-4b90-ac0e-aef08355c3d9",1732063627806,"WEL","108.171.103.70","hl-ws04.homelab.local","7e99630d-d276-4169-bd11-c23115a848fa","10.100.100.133",2,"27c3229e-7f58-40c8-ad1a-799ff00e1781",268435456,"20884ef9-0b46-4a29-9d58-832837729b10","['workstations']","977697d6f8b4bed0082d2a82673d318b"
"2024-11-20 00:47:07","{'EventData':{'Company':'Microsoft Corporation','Description':'Windows NT BASE API Client DLL','FileVersion':'10.0.19041.4957 (WinBuild.160101.0800)','Hashes':'MD5=10CB71826BFDBB90C329C6E7860641AA,SHA256=33B563F43931135D0057CD587255B5EFAB63834EEA43DF5CFEAFA22C7C067467,IMPHASH=7D480ED8557B9F84B864C7CC0AC8F8F2','Image':'C:\\Users\\pparker\\Downloads\\DriverUpdate_1_2.exe','ImageLoaded':'C:\\Windows\\SysWOW64\\kernel32.dll','OriginalFileName':'kernel32','ProcessGuid':'{7b34ed3d-31b8-673d-4306-000000000b00}','ProcessId':'6720','Product':'Microsoft® Windows® Operating System','RuleName':'-','Signature':'Microsoft Windows','SignatureStatus':'Valid','Signed':'true','User':'HOMELAB\\pparker','UtcTime':'2024-11-20 00:47:53.014'},'System':{'Channel':'Microsoft-Windows-Sysmon/Operational','Computer':'HL-WS04.HOMELAB.local','Correlation':'','EventID':'7','EventRecordID':'42252','Execution':{'ProcessID':'2052','ThreadID':'4064'},'Keywords':'0x8000000000000000','Level':'4','Opcode':'0','Provider':{'Guid':'{5770385f-c22a-43e0-bf4c-06f5698ffbd9}','Name':'Microsoft-Windows-Sysmon'},'Security':{'UserID':'S-1-5-18'},'Task':'7','TimeCreated':{'SystemTime':'2024-11-20T00:47:53.0757883Z'},'Version':'3','_event_id':'7'}}","{'Company':'Microsoft Corporation','Description':'Windows NT BASE API Client DLL','FileVersion':'10.0.19041.4957 (WinBuild.160101.0800)','Hashes':'MD5=10CB71826BFDBB90C329C6E7860641AA,SHA256=33B563F43931135D0057CD587255B5EFAB63834EEA43DF5CFEAFA22C7C067467,IMPHASH=7D480ED8557B9F84B864C7CC0AC8F8F2','Image':'C:\\Users\\pparker\\Downloads\\DriverUpdate_1_2.exe','ImageLoaded':'C:\\Windows\\SysWOW64\\kernel32.dll','OriginalFileName':'kernel32','ProcessGuid':'{7b34ed3d-31b8-673d-4306-000000000b00}','ProcessId':'6720','Product':'Microsoft® Windows® Operating System','RuleName':'-','Signature':'Microsoft Windows','SignatureStatus':'Valid','Signed':'true','User':'HOMELAB\\pparker','UtcTime':'2024-11-20 00:47:53.014'}",,"Microsoft Corporation",,,"Windows NT BASE API Client DLL",,,,,,,,"10.0.19041.4957 (WinBuild.160101.0800)","MD5=10CB71826BFDBB90C329C6E7860641AA,SHA256=33B563F43931135D0057CD587255B5EFAB63834EEA43DF5CFEAFA22C7C067467,IMPHASH=7D480ED8557B9F84B864C7CC0AC8F8F2","C:\Users\pparker\Downloads\DriverUpdate_1_2.exe","C:\Windows\SysWOW64\kernel32.dll",,,,,"kernel32",,,,,,"{7b34ed3d-31b8-673d-4306-000000000b00}","6720","Microsoft® Windows® Operating System",,"-","Microsoft Windows","Valid","true",,,,,,,,,"HOMELAB\pparker","2024-11-20 00:47:53.014","{'Channel':'Microsoft-Windows-Sysmon/Operational','Computer':'HL-WS04.HOMELAB.local','Correlation':'','EventID':'7','EventRecordID':'42252','Execution':{'ProcessID':'2052','ThreadID':'4064'},'Keywords':'0x8000000000000000','Level':'4','Opcode':'0','Provider':{'Guid':'{5770385f-c22a-43e0-bf4c-06f5698ffbd9}','Name':'Microsoft-Windows-Sysmon'},'Security':{'UserID':'S-1-5-18'},'Task':'7','TimeCreated':{'SystemTime':'2024-11-20T00:47:53.0757883Z'},'Version':'3','_event_id':'7'}","7","Microsoft-Windows-Sysmon/Operational","HL-WS04.HOMELAB.local","","7","42252","{'ProcessID':'2052','ThreadID':'4064'}","2052","4064","0x8000000000000000","4","0","{'Guid':'{5770385f-c22a-43e0-bf4c-06f5698ffbd9}','Name':'Microsoft-Windows-Sysmon'}","{5770385f-c22a-43e0-bf4c-06f5698ffbd9}","Microsoft-Windows-Sysmon","S-1-5-18","7","2024-11-20T00:47:53.0757883Z","3","{'arch':2,'did':'','event_id':'7741815c-2e7f-446f-8efb-613f83486b86','event_time':1732063627806,'event_type':'WEL','ext_ip':'108.171.103.70','hostname':'hl-ws04.homelab.local','iid':'7e99630d-d276-4169-bd11-c23115a848fa','int_ip':'10.100.100.133','moduleid':2,'oid':'27c3229e-7f58-40c8-ad1a-799ff00e1781','plat':268435456,'sid':'20884ef9-0b46-4a29-9d58-832837729b10','tags':['workstations'],'this':'db76f79102f1478baf2c7fb4673d318b'}",2,"","7741815c-2e7f-446f-8efb-613f83486b86",1732063627806,"WEL","108.171.103.70","hl-ws04.homelab.local","7e99630d-d276-4169-bd11-c23115a848fa","10.100.100.133",2,"27c3229e-7f58-40c8-ad1a-799ff00e1781",268435456,"20884ef9-0b46-4a29-9d58-832837729b10","['workstations']","db76f79102f1478baf2c7fb4673d318b"
