"2024-11-20 00:47:07","{'EventData':{'Company':'Microsoft Corporation','Description':'Cryptographic Service Provider API','FileVersion':'10.0.19041.3636 (WinBuild.160101.0800)','Hashes':'MD5=19BAEE15EEBE5A6B765ECF95E0DABC96,SHA256=72450FB39087AF34AF4F0C09BFBE8C2D13F4E4AF76952E8B565D07799066A92B,IMPHASH=C54E88E35A24F5BA0A76FE0038B038A7','Image':'C:\\Users\\pparker\\Downloads\\DriverUpdate_1_2.exe','ImageLoaded':'C:\\Windows\\SysWOW64\\cryptsp.dll','OriginalFileName':'cryptsp.dll','ProcessGuid':'{7b34ed3d-31b8-673d-4306-000000000b00}','ProcessId':'6720','Product':'Microsoft® Windows® Operating System','RuleName':'-','Signature':'Microsoft Windows','SignatureStatus':'Valid','Signed':'true','User':'HOMELAB\\pparker','UtcTime':'2024-11-20 00:47:53.355'},'System':{'Channel':'Microsoft-Windows-Sysmon/Operational','Computer':'HL-WS04.HOMELAB.local','Correlation':'','EventID':'7','EventRecordID':'42301','Execution':{'ProcessID':'2052','ThreadID':'4064'},'Keywords':'0x8000000000000000','Level':'4','Opcode':'0','Provider':{'Guid':'{5770385f-c22a-43e0-bf4c-06f5698ffbd9}','Name':'Microsoft-Windows-Sysmon'},'Security':{'UserID':'S-1-5-18'},'Task':'7','TimeCreated':{'SystemTime':'2024-11-20T00:47:53.5644606Z'},'Version':'3','_event_id':'7'}}","{'Company':'Microsoft Corporation','Description':'Cryptographic Service Provider API','FileVersion':'10.0.19041.3636 (WinBuild.160101.0800)','Hashes':'MD5=19BAEE15EEBE5A6B765ECF95E0DABC96,SHA256=72450FB39087AF34AF4F0C09BFBE8C2D13F4E4AF76952E8B565D07799066A92B,IMPHASH=C54E88E35A24F5BA0A76FE0038B038A7','Image':'C:\\Users\\pparker\\Downloads\\DriverUpdate_1_2.exe','ImageLoaded':'C:\\Windows\\SysWOW64\\cryptsp.dll','OriginalFileName':'cryptsp.dll','ProcessGuid':'{7b34ed3d-31b8-673d-4306-000000000b00}','ProcessId':'6720','Product':'Microsoft® Windows® Operating System','RuleName':'-','Signature':'Microsoft Windows','SignatureStatus':'Valid','Signed':'true','User':'HOMELAB\\pparker','UtcTime':'2024-11-20 00:47:53.355'}",,"Microsoft Corporation",,,"Cryptographic Service Provider API",,,,,,,,"10.0.19041.3636 (WinBuild.160101.0800)","MD5=19BAEE15EEBE5A6B765ECF95E0DABC96,SHA256=72450FB39087AF34AF4F0C09BFBE8C2D13F4E4AF76952E8B565D07799066A92B,IMPHASH=C54E88E35A24F5BA0A76FE0038B038A7","C:\Users\pparker\Downloads\DriverUpdate_1_2.exe","C:\Windows\SysWOW64\cryptsp.dll",,,,,"cryptsp.dll",,,,,,"{7b34ed3d-31b8-673d-4306-000000000b00}","6720","Microsoft® Windows® Operating System",,"-","Microsoft Windows","Valid","true",,,,,,,,,"HOMELAB\pparker","2024-11-20 00:47:53.355","{'Channel':'Microsoft-Windows-Sysmon/Operational','Computer':'HL-WS04.HOMELAB.local','Correlation':'','EventID':'7','EventRecordID':'42301','Execution':{'ProcessID':'2052','ThreadID':'4064'},'Keywords':'0x8000000000000000','Level':'4','Opcode':'0','Provider':{'Guid':'{5770385f-c22a-43e0-bf4c-06f5698ffbd9}','Name':'Microsoft-Windows-Sysmon'},'Security':{'UserID':'S-1-5-18'},'Task':'7','TimeCreated':{'SystemTime':'2024-11-20T00:47:53.5644606Z'},'Version':'3','_event_id':'7'}","7","Microsoft-Windows-Sysmon/Operational","HL-WS04.HOMELAB.local","","7","42301","{'ProcessID':'2052','ThreadID':'4064'}","2052","4064","0x8000000000000000","4","0","{'Guid':'{5770385f-c22a-43e0-bf4c-06f5698ffbd9}','Name':'Microsoft-Windows-Sysmon'}","{5770385f-c22a-43e0-bf4c-06f5698ffbd9}","Microsoft-Windows-Sysmon","S-1-5-18","7","2024-11-20T00:47:53.5644606Z","3","{'arch':2,'did':'','event_id':'b3e4a617-43b5-43cf-9566-4b74dee9369b','event_time':1732063627806,'event_type':'WEL','ext_ip':'108.171.103.70','hostname':'hl-ws04.homelab.local','iid':'7e99630d-d276-4169-bd11-c23115a848fa','int_ip':'10.100.100.133','moduleid':2,'oid':'27c3229e-7f58-40c8-ad1a-799ff00e1781','plat':268435456,'sid':'20884ef9-0b46-4a29-9d58-832837729b10','tags':['workstations'],'this':'4364222b8e06b418e3b449a0673d318b'}",2,"","b3e4a617-43b5-43cf-9566-4b74dee9369b",1732063627806,"WEL","108.171.103.70","hl-ws04.homelab.local","7e99630d-d276-4169-bd11-c23115a848fa","10.100.100.133",2,"27c3229e-7f58-40c8-ad1a-799ff00e1781",268435456,"20884ef9-0b46-4a29-9d58-832837729b10","['workstations']","4364222b8e06b418e3b449a0673d318b"
"2024-11-20 00:47:07","{'EventData':{'Company':'Microsoft Corporation','Description':'Microsoft Enhanced Cryptographic Provider','FileVersion':'10.0.19041.3636 (WinBuild.160101.0800)','Hashes':'MD5=985583EDD49772CA487E12BA175EE2DB,SHA256=8D06796E282A3F8065D5466AB509B1E70660C33D68F2AB466E773C25C98F4163,IMPHASH=2EA454BE669039C6361F930648E83C20','Image':'C:\\Users\\pparker\\Downloads\\DriverUpdate_1_2.exe','ImageLoaded':'C:\\Windows\\SysWOW64\\rsaenh.dll','OriginalFileName':'rsaenh.dll','ProcessGuid':'{7b34ed3d-31b8-673d-4306-000000000b00}','ProcessId':'6720','Product':'Microsoft® Windows® Operating System','RuleName':'-','Signature':'Microsoft Windows','SignatureStatus':'Valid','Signed':'true','User':'HOMELAB\\pparker','UtcTime':'2024-11-20 00:47:53.372'},'System':{'Channel':'Microsoft-Windows-Sysmon/Operational','Computer':'HL-WS04.HOMELAB.local','Correlation':'','EventID':'7','EventRecordID':'42302','Execution':{'ProcessID':'2052','ThreadID':'4064'},'Keywords':'0x8000000000000000','Level':'4','Opcode':'0','Provider':{'Guid':'{5770385f-c22a-43e0-bf4c-06f5698ffbd9}','Name':'Microsoft-Windows-Sysmon'},'Security':{'UserID':'S-1-5-18'},'Task':'7','TimeCreated':{'SystemTime':'2024-11-20T00:47:53.5698941Z'},'Version':'3','_event_id':'7'}}","{'Company':'Microsoft Corporation','Description':'Microsoft Enhanced Cryptographic Provider','FileVersion':'10.0.19041.3636 (WinBuild.160101.0800)','Hashes':'MD5=985583EDD49772CA487E12BA175EE2DB,SHA256=8D06796E282A3F8065D5466AB509B1E70660C33D68F2AB466E773C25C98F4163,IMPHASH=2EA454BE669039C6361F930648E83C20','Image':'C:\\Users\\pparker\\Downloads\\DriverUpdate_1_2.exe','ImageLoaded':'C:\\Windows\\SysWOW64\\rsaenh.dll','OriginalFileName':'rsaenh.dll','ProcessGuid':'{7b34ed3d-31b8-673d-4306-000000000b00}','ProcessId':'6720','Product':'Microsoft® Windows® Operating System','RuleName':'-','Signature':'Microsoft Windows','SignatureStatus':'Valid','Signed':'true','User':'HOMELAB\\pparker','UtcTime':'2024-11-20 00:47:53.372'}",,"Microsoft Corporation",,,"Microsoft Enhanced Cryptographic Provider",,,,,,,,"10.0.19041.3636 (WinBuild.160101.0800)","MD5=985583EDD49772CA487E12BA175EE2DB,SHA256=8D06796E282A3F8065D5466AB509B1E70660C33D68F2AB466E773C25C98F4163,IMPHASH=2EA454BE669039C6361F930648E83C20","C:\Users\pparker\Downloads\DriverUpdate_1_2.exe","C:\Windows\SysWOW64\rsaenh.dll",,,,,"rsaenh.dll",,,,,,"{7b34ed3d-31b8-673d-4306-000000000b00}","6720","Microsoft® Windows® Operating System",,"-","Microsoft Windows","Valid","true",,,,,,,,,"HOMELAB\pparker","2024-11-20 00:47:53.372","{'Channel':'Microsoft-Windows-Sysmon/Operational','Computer':'HL-WS04.HOMELAB.local','Correlation':'','EventID':'7','EventRecordID':'42302','Execution':{'ProcessID':'2052','ThreadID':'4064'},'Keywords':'0x8000000000000000','Level':'4','Opcode':'0','Provider':{'Guid':'{5770385f-c22a-43e0-bf4c-06f5698ffbd9}','Name':'Microsoft-Windows-Sysmon'},'Security':{'UserID':'S-1-5-18'},'Task':'7','TimeCreated':{'SystemTime':'2024-11-20T00:47:53.5698941Z'},'Version':'3','_event_id':'7'}","7","Microsoft-Windows-Sysmon/Operational","HL-WS04.HOMELAB.local","","7","42302","{'ProcessID':'2052','ThreadID':'4064'}","2052","4064","0x8000000000000000","4","0","{'Guid':'{5770385f-c22a-43e0-bf4c-06f5698ffbd9}','Name':'Microsoft-Windows-Sysmon'}","{5770385f-c22a-43e0-bf4c-06f5698ffbd9}","Microsoft-Windows-Sysmon","S-1-5-18","7","2024-11-20T00:47:53.5698941Z","3","{'arch':2,'did':'','event_id':'9eb635f6-0574-4c9d-820a-f1a0cfeac3b4','event_time':1732063627806,'event_type':'WEL','ext_ip':'108.171.103.70','hostname':'hl-ws04.homelab.local','iid':'7e99630d-d276-4169-bd11-c23115a848fa','int_ip':'10.100.100.133','moduleid':2,'oid':'27c3229e-7f58-40c8-ad1a-799ff00e1781','plat':268435456,'sid':'20884ef9-0b46-4a29-9d58-832837729b10','tags':['workstations'],'this':'71f6f8cc30d2ddbde20b2202673d318b'}",2,"","9eb635f6-0574-4c9d-820a-f1a0cfeac3b4",1732063627806,"WEL","108.171.103.70","hl-ws04.homelab.local","7e99630d-d276-4169-bd11-c23115a848fa","10.100.100.133",2,"27c3229e-7f58-40c8-ad1a-799ff00e1781",268435456,"20884ef9-0b46-4a29-9d58-832837729b10","['workstations']","71f6f8cc30d2ddbde20b2202673d318b"
"2024-11-20 00:47:07","{'EventData':{'Company':'Microsoft Corporation','Description':'Windows Cryptographic Primitives Library','FileVersion':'10.0.19041.5007 (WinBuild.160101.0800)','Hashes':'MD5=6D18EDE65422902AF6976A5121EBA761,SHA256=ED60E23BECE1AE79A8453E2F86AF74747E67BDADFC016E8B82224F134011FB10,IMPHASH=4CCE8D9ECC924490B99F23B06CC1BE0C','Image':'C:\\Users\\pparker\\Downloads\\DriverUpdate_1_2.exe','ImageLoaded':'C:\\Windows\\SysWOW64\\bcryptprimitives.dll','OriginalFileName':'bcryptprimitives.dll','ProcessGuid':'{7b34ed3d-31b8-673d-4306-000000000b00}','ProcessId':'6720','Product':'Microsoft® Windows® Operating System','RuleName':'-','Signature':'Microsoft Windows','SignatureStatus':'Valid','Signed':'true','User':'HOMELAB\\pparker','UtcTime':'2024-11-20 00:47:53.372'},'System':{'Channel':'Microsoft-Windows-Sysmon/Operational','Computer':'HL-WS04.HOMELAB.local','Correlation':'','EventID':'7','EventRecordID':'42303','Execution':{'ProcessID':'2052','ThreadID':'4064'},'Keywords':'0x8000000000000000','Level':'4','Opcode':'0','Provider':{'Guid':'{5770385f-c22a-43e0-bf4c-06f5698ffbd9}','Name':'Microsoft-Windows-Sysmon'},'Security':{'UserID':'S-1-5-18'},'Task':'7','TimeCreated':{'SystemTime':'2024-11-20T00:47:53.5800602Z'},'Version':'3','_event_id':'7'}}","{'Company':'Microsoft Corporation','Description':'Windows Cryptographic Primitives Library','FileVersion':'10.0.19041.5007 (WinBuild.160101.0800)','Hashes':'MD5=6D18EDE65422902AF6976A5121EBA761,SHA256=ED60E23BECE1AE79A8453E2F86AF74747E67BDADFC016E8B82224F134011FB10,IMPHASH=4CCE8D9ECC924490B99F23B06CC1BE0C','Image':'C:\\Users\\pparker\\Downloads\\DriverUpdate_1_2.exe','ImageLoaded':'C:\\Windows\\SysWOW64\\bcryptprimitives.dll','OriginalFileName':'bcryptprimitives.dll','ProcessGuid':'{7b34ed3d-31b8-673d-4306-000000000b00}','ProcessId':'6720','Product':'Microsoft® Windows® Operating System','RuleName':'-','Signature':'Microsoft Windows','SignatureStatus':'Valid','Signed':'true','User':'HOMELAB\\pparker','UtcTime':'2024-11-20 00:47:53.372'}",,"Microsoft Corporation",,,"Windows Cryptographic Primitives Library",,,,,,,,"10.0.19041.5007 (WinBuild.160101.0800)","MD5=6D18EDE65422902AF6976A5121EBA761,SHA256=ED60E23BECE1AE79A8453E2F86AF74747E67BDADFC016E8B82224F134011FB10,IMPHASH=4CCE8D9ECC924490B99F23B06CC1BE0C","C:\Users\pparker\Downloads\DriverUpdate_1_2.exe","C:\Windows\SysWOW64\bcryptprimitives.dll",,,,,"bcryptprimitives.dll",,,,,,"{7b34ed3d-31b8-673d-4306-000000000b00}","6720","Microsoft® Windows® Operating System",,"-","Microsoft Windows","Valid","true",,,,,,,,,"HOMELAB\pparker","2024-11-20 00:47:53.372","{'Channel':'Microsoft-Windows-Sysmon/Operational','Computer':'HL-WS04.HOMELAB.local','Correlation':'','EventID':'7','EventRecordID':'42303','Execution':{'ProcessID':'2052','ThreadID':'4064'},'Keywords':'0x8000000000000000','Level':'4','Opcode':'0','Provider':{'Guid':'{5770385f-c22a-43e0-bf4c-06f5698ffbd9}','Name':'Microsoft-Windows-Sysmon'},'Security':{'UserID':'S-1-5-18'},'Task':'7','TimeCreated':{'SystemTime':'2024-11-20T00:47:53.5800602Z'},'Version':'3','_event_id':'7'}","7","Microsoft-Windows-Sysmon/Operational","HL-WS04.HOMELAB.local","","7","42303","{'ProcessID':'2052','ThreadID':'4064'}","2052","4064","0x8000000000000000","4","0","{'Guid':'{5770385f-c22a-43e0-bf4c-06f5698ffbd9}','Name':'Microsoft-Windows-Sysmon'}","{5770385f-c22a-43e0-bf4c-06f5698ffbd9}","Microsoft-Windows-Sysmon","S-1-5-18","7","2024-11-20T00:47:53.5800602Z","3","{'arch':2,'did':'','event_id':'52ada3ca-e9ac-4455-966d-1472511200d7','event_time':1732063627806,'event_type':'WEL','ext_ip':'108.171.103.70','hostname':'hl-ws04.homelab.local','iid':'7e99630d-d276-4169-bd11-c23115a848fa','int_ip':'10.100.100.133','moduleid':2,'oid':'27c3229e-7f58-40c8-ad1a-799ff00e1781','plat':268435456,'sid':'20884ef9-0b46-4a29-9d58-832837729b10','tags':['workstations'],'this':'ccaad6c8a10fdb6ebc3a5905673d318b'}",2,"","52ada3ca-e9ac-4455-966d-1472511200d7",1732063627806,"WEL","108.171.103.70","hl-ws04.homelab.local","7e99630d-d276-4169-bd11-c23115a848fa","10.100.100.133",2,"27c3229e-7f58-40c8-ad1a-799ff00e1781",268435456,"20884ef9-0b46-4a29-9d58-832837729b10","['workstations']","ccaad6c8a10fdb6ebc3a5905673d318b"
"2024-11-20 00:47:07","{'EventData':{'Company':'Microsoft Corporation','Description':'Base cryptographic API DLL','FileVersion':'10.0.19041.3636 (WinBuild.160101.0800)','Hashes':'MD5=086A6EC252DA93388C8A2507932775CE,SHA256=2EF73ABBD2BAED205993F6550C40CAC88F76D643DC2D498F28DA1386C360C9E8,IMPHASH=0BE75B543C0F25B405F5788FEEC9F429','Image':'C:\\Users\\pparker\\Downloads\\DriverUpdate_1_2.exe','ImageLoaded':'C:\\Windows\\SysWOW64\\cryptbase.dll','OriginalFileName':'cryptbase.dll','ProcessGuid':'{7b34ed3d-31b8-673d-4306-000000000b00}','ProcessId':'6720','Product':'Microsoft® Windows® Operating System','RuleName':'-','Signature':'Microsoft Windows','SignatureStatus':'Valid','Signed':'true','User':'HOMELAB\\pparker','UtcTime':'2024-11-20 00:47:53.372'},'System':{'Channel':'Microsoft-Windows-Sysmon/Operational','Computer':'HL-WS04.HOMELAB.local','Correlation':'','EventID':'7','EventRecordID':'42304','Execution':{'ProcessID':'2052','ThreadID':'4064'},'Keywords':'0x8000000000000000','Level':'4','Opcode':'0','Provider':{'Guid':'{5770385f-c22a-43e0-bf4c-06f5698ffbd9}','Name':'Microsoft-Windows-Sysmon'},'Security':{'UserID':'S-1-5-18'},'Task':'7','TimeCreated':{'SystemTime':'2024-11-20T00:47:53.5872150Z'},'Version':'3','_event_id':'7'}}","{'Company':'Microsoft Corporation','Description':'Base cryptographic API DLL','FileVersion':'10.0.19041.3636 (WinBuild.160101.0800)','Hashes':'MD5=086A6EC252DA93388C8A2507932775CE,SHA256=2EF73ABBD2BAED205993F6550C40CAC88F76D643DC2D498F28DA1386C360C9E8,IMPHASH=0BE75B543C0F25B405F5788FEEC9F429','Image':'C:\\Users\\pparker\\Downloads\\DriverUpdate_1_2.exe','ImageLoaded':'C:\\Windows\\SysWOW64\\cryptbase.dll','OriginalFileName':'cryptbase.dll','ProcessGuid':'{7b34ed3d-31b8-673d-4306-000000000b00}','ProcessId':'6720','Product':'Microsoft® Windows® Operating System','RuleName':'-','Signature':'Microsoft Windows','SignatureStatus':'Valid','Signed':'true','User':'HOMELAB\\pparker','UtcTime':'2024-11-20 00:47:53.372'}",,"Microsoft Corporation",,,"Base cryptographic API DLL",,,,,,,,"10.0.19041.3636 (WinBuild.160101.0800)","MD5=086A6EC252DA93388C8A2507932775CE,SHA256=2EF73ABBD2BAED205993F6550C40CAC88F76D643DC2D498F28DA1386C360C9E8,IMPHASH=0BE75B543C0F25B405F5788FEEC9F429","C:\Users\pparker\Downloads\DriverUpdate_1_2.exe","C:\Windows\SysWOW64\cryptbase.dll",,,,,"cryptbase.dll",,,,,,"{7b34ed3d-31b8-673d-4306-000000000b00}","6720","Microsoft® Windows® Operating System",,"-","Microsoft Windows","Valid","true",,,,,,,,,"HOMELAB\pparker","2024-11-20 00:47:53.372","{'Channel':'Microsoft-Windows-Sysmon/Operational','Computer':'HL-WS04.HOMELAB.local','Correlation':'','EventID':'7','EventRecordID':'42304','Execution':{'ProcessID':'2052','ThreadID':'4064'},'Keywords':'0x8000000000000000','Level':'4','Opcode':'0','Provider':{'Guid':'{5770385f-c22a-43e0-bf4c-06f5698ffbd9}','Name':'Microsoft-Windows-Sysmon'},'Security':{'UserID':'S-1-5-18'},'Task':'7','TimeCreated':{'SystemTime':'2024-11-20T00:47:53.5872150Z'},'Version':'3','_event_id':'7'}","7","Microsoft-Windows-Sysmon/Operational","HL-WS04.HOMELAB.local","","7","42304","{'ProcessID':'2052','ThreadID':'4064'}","2052","4064","0x8000000000000000","4","0","{'Guid':'{5770385f-c22a-43e0-bf4c-06f5698ffbd9}','Name':'Microsoft-Windows-Sysmon'}","{5770385f-c22a-43e0-bf4c-06f5698ffbd9}","Microsoft-Windows-Sysmon","S-1-5-18","7","2024-11-20T00:47:53.5872150Z","3","{'arch':2,'did':'','event_id':'4339a13b-b428-4044-a99b-9da8aaced873','event_time':1732063627806,'event_type':'WEL','ext_ip':'108.171.103.70','hostname':'hl-ws04.homelab.local','iid':'7e99630d-d276-4169-bd11-c23115a848fa','int_ip':'10.100.100.133','moduleid':2,'oid':'27c3229e-7f58-40c8-ad1a-799ff00e1781','plat':268435456,'sid':'20884ef9-0b46-4a29-9d58-832837729b10','tags':['workstations'],'this':'ea52233723e5e9ec7bbcd00c673d318b'}",2,"","4339a13b-b428-4044-a99b-9da8aaced873",1732063627806,"WEL","108.171.103.70","hl-ws04.homelab.local","7e99630d-d276-4169-bd11-c23115a848fa","10.100.100.133",2,"27c3229e-7f58-40c8-ad1a-799ff00e1781",268435456,"20884ef9-0b46-4a29-9d58-832837729b10","['workstations']","ea52233723e5e9ec7bbcd00c673d318b"
"2024-11-20 00:47:07","{'EventData':{'Company':'Microsoft Corporation','Description':'Net Win32 API DLL','FileVersion':'10.0.19041.3636 (WinBuild.160101.0800)','Hashes':'MD5=B87C412295A901B441E06549FC7798C2,SHA256=BDF270B3A325847CD62F96827A8E47AA0F00A4FE588F2621C8F80F22A025130A,IMPHASH=78DE637967C5DAB46E91FE92DD9B62BD','Image':'C:\\Users\\pparker\\Downloads\\DriverUpdate_1_2.exe','ImageLoaded':'C:\\Windows\\SysWOW64\\netapi32.dll','OriginalFileName':'NetApi32.DLL','ProcessGuid':'{7b34ed3d-31b8-673d-4306-000000000b00}','ProcessId':'6720','Product':'Microsoft® Windows® Operating System','RuleName':'-','Signature':'Microsoft Windows','SignatureStatus':'Valid','Signed':'true','User':'HOMELAB\\pparker','UtcTime':'2024-11-20 00:47:53.790'},'System':{'Channel':'Microsoft-Windows-Sysmon/Operational','Computer':'HL-WS04.HOMELAB.local','Correlation':'','EventID':'7','EventRecordID':'42305','Execution':{'ProcessID':'2052','ThreadID':'3948'},'Keywords':'0x8000000000000000','Level':'4','Opcode':'0','Provider':{'Guid':'{5770385f-c22a-43e0-bf4c-06f5698ffbd9}','Name':'Microsoft-Windows-Sysmon'},'Security':{'UserID':'S-1-5-18'},'Task':'7','TimeCreated':{'SystemTime':'2024-11-20T00:47:53.7925377Z'},'Version':'3','_event_id':'7'}}","{'Company':'Microsoft Corporation','Description':'Net Win32 API DLL','FileVersion':'10.0.19041.3636 (WinBuild.160101.0800)','Hashes':'MD5=B87C412295A901B441E06549FC7798C2,SHA256=BDF270B3A325847CD62F96827A8E47AA0F00A4FE588F2621C8F80F22A025130A,IMPHASH=78DE637967C5DAB46E91FE92DD9B62BD','Image':'C:\\Users\\pparker\\Downloads\\DriverUpdate_1_2.exe','ImageLoaded':'C:\\Windows\\SysWOW64\\netapi32.dll','OriginalFileName':'NetApi32.DLL','ProcessGuid':'{7b34ed3d-31b8-673d-4306-000000000b00}','ProcessId':'6720','Product':'Microsoft® Windows® Operating System','RuleName':'-','Signature':'Microsoft Windows','SignatureStatus':'Valid','Signed':'true','User':'HOMELAB\\pparker','UtcTime':'2024-11-20 00:47:53.790'}",,"Microsoft Corporation",,,"Net Win32 API DLL",,,,,,,,"10.0.19041.3636 (WinBuild.160101.0800)","MD5=B87C412295A901B441E06549FC7798C2,SHA256=BDF270B3A325847CD62F96827A8E47AA0F00A4FE588F2621C8F80F22A025130A,IMPHASH=78DE637967C5DAB46E91FE92DD9B62BD","C:\Users\pparker\Downloads\DriverUpdate_1_2.exe","C:\Windows\SysWOW64\netapi32.dll",,,,,"NetApi32.DLL",,,,,,"{7b34ed3d-31b8-673d-4306-000000000b00}","6720","Microsoft® Windows® Operating System",,"-","Microsoft Windows","Valid","true",,,,,,,,,"HOMELAB\pparker","2024-11-20 00:47:53.790","{'Channel':'Microsoft-Windows-Sysmon/Operational','Computer':'HL-WS04.HOMELAB.local','Correlation':'','EventID':'7','EventRecordID':'42305','Execution':{'ProcessID':'2052','ThreadID':'3948'},'Keywords':'0x8000000000000000','Level':'4','Opcode':'0','Provider':{'Guid':'{5770385f-c22a-43e0-bf4c-06f5698ffbd9}','Name':'Microsoft-Windows-Sysmon'},'Security':{'UserID':'S-1-5-18'},'Task':'7','TimeCreated':{'SystemTime':'2024-11-20T00:47:53.7925377Z'},'Version':'3','_event_id':'7'}","7","Microsoft-Windows-Sysmon/Operational","HL-WS04.HOMELAB.local","","7","42305","{'ProcessID':'2052','ThreadID':'3948'}","2052","3948","0x8000000000000000","4","0","{'Guid':'{5770385f-c22a-43e0-bf4c-06f5698ffbd9}','Name':'Microsoft-Windows-Sysmon'}","{5770385f-c22a-43e0-bf4c-06f5698ffbd9}","Microsoft-Windows-Sysmon","S-1-5-18","7","2024-11-20T00:47:53.7925377Z","3","{'arch':2,'did':'','event_id':'68fcb8cb-e253-4bdf-a445-350d45f503b3','event_time':1732063627806,'event_type':'WEL','ext_ip':'108.171.103.70','hostname':'hl-ws04.homelab.local','iid':'7e99630d-d276-4169-bd11-c23115a848fa','int_ip':'10.100.100.133','moduleid':2,'oid':'27c3229e-7f58-40c8-ad1a-799ff00e1781','plat':268435456,'sid':'20884ef9-0b46-4a29-9d58-832837729b10','tags':['workstations'],'this':'d7c8ac986aa837a313a680ac673d318b'}",2,"","68fcb8cb-e253-4bdf-a445-350d45f503b3",1732063627806,"WEL","108.171.103.70","hl-ws04.homelab.local","7e99630d-d276-4169-bd11-c23115a848fa","10.100.100.133",2,"27c3229e-7f58-40c8-ad1a-799ff00e1781",268435456,"20884ef9-0b46-4a29-9d58-832837729b10","['workstations']","d7c8ac986aa837a313a680ac673d318b"
"2024-11-20 00:47:07","{'EventData':{'Company':'Microsoft Corporation','Description':'Process Status Helper','FileVersion':'10.0.19041.3636 (WinBuild.160101.0800)','Hashes':'MD5=92A8027AFAB67DB7D71755BD2B1B39E6,SHA256=F901C48DE42ECC015EAA99F61444CFFA0155296832C946E0DA3C14D8C6EF45CF,IMPHASH=C92635D501F395C41AE84007194A43CD','Image':'C:\\Users\\pparker\\Downloads\\DriverUpdate_1_2.exe','ImageLoaded':'C:\\Windows\\SysWOW64\\psapi.dll','OriginalFileName':'PSAPI','ProcessGuid':'{7b34ed3d-31b8-673d-4306-000000000b00}','ProcessId':'6720','Product':'Microsoft® Windows® Operating System','RuleName':'-','Signature':'Microsoft Windows','SignatureStatus':'Valid','Signed':'true','User':'HOMELAB\\pparker','UtcTime':'2024-11-20 00:47:53.790'},'System':{'Channel':'Microsoft-Windows-Sysmon/Operational','Computer':'HL-WS04.HOMELAB.local','Correlation':'','EventID':'7','EventRecordID':'42306','Execution':{'ProcessID':'2052','ThreadID':'4064'},'Keywords':'0x8000000000000000','Level':'4','Opcode':'0','Provider':{'Guid':'{5770385f-c22a-43e0-bf4c-06f5698ffbd9}','Name':'Microsoft-Windows-Sysmon'},'Security':{'UserID':'S-1-5-18'},'Task':'7','TimeCreated':{'SystemTime':'2024-11-20T00:47:53.8070300Z'},'Version':'3','_event_id':'7'}}","{'Company':'Microsoft Corporation','Description':'Process Status Helper','FileVersion':'10.0.19041.3636 (WinBuild.160101.0800)','Hashes':'MD5=92A8027AFAB67DB7D71755BD2B1B39E6,SHA256=F901C48DE42ECC015EAA99F61444CFFA0155296832C946E0DA3C14D8C6EF45CF,IMPHASH=C92635D501F395C41AE84007194A43CD','Image':'C:\\Users\\pparker\\Downloads\\DriverUpdate_1_2.exe','ImageLoaded':'C:\\Windows\\SysWOW64\\psapi.dll','OriginalFileName':'PSAPI','ProcessGuid':'{7b34ed3d-31b8-673d-4306-000000000b00}','ProcessId':'6720','Product':'Microsoft® Windows® Operating System','RuleName':'-','Signature':'Microsoft Windows','SignatureStatus':'Valid','Signed':'true','User':'HOMELAB\\pparker','UtcTime':'2024-11-20 00:47:53.790'}",,"Microsoft Corporation",,,"Process Status Helper",,,,,,,,"10.0.19041.3636 (WinBuild.160101.0800)","MD5=92A8027AFAB67DB7D71755BD2B1B39E6,SHA256=F901C48DE42ECC015EAA99F61444CFFA0155296832C946E0DA3C14D8C6EF45CF,IMPHASH=C92635D501F395C41AE84007194A43CD","C:\Users\pparker\Downloads\DriverUpdate_1_2.exe","C:\Windows\SysWOW64\psapi.dll",,,,,"PSAPI",,,,,,"{7b34ed3d-31b8-673d-4306-000000000b00}","6720","Microsoft® Windows® Operating System",,"-","Microsoft Windows","Valid","true",,,,,,,,,"HOMELAB\pparker","2024-11-20 00:47:53.790","{'Channel':'Microsoft-Windows-Sysmon/Operational','Computer':'HL-WS04.HOMELAB.local','Correlation':'','EventID':'7','EventRecordID':'42306','Execution':{'ProcessID':'2052','ThreadID':'4064'},'Keywords':'0x8000000000000000','Level':'4','Opcode':'0','Provider':{'Guid':'{5770385f-c22a-43e0-bf4c-06f5698ffbd9}','Name':'Microsoft-Windows-Sysmon'},'Security':{'UserID':'S-1-5-18'},'Task':'7','TimeCreated':{'SystemTime':'2024-11-20T00:47:53.8070300Z'},'Version':'3','_event_id':'7'}","7","Microsoft-Windows-Sysmon/Operational","HL-WS04.HOMELAB.local","","7","42306","{'ProcessID':'2052','ThreadID':'4064'}","2052","4064","0x8000000000000000","4","0","{'Guid':'{5770385f-c22a-43e0-bf4c-06f5698ffbd9}','Name':'Microsoft-Windows-Sysmon'}","{5770385f-c22a-43e0-bf4c-06f5698ffbd9}","Microsoft-Windows-Sysmon","S-1-5-18","7","2024-11-20T00:47:53.8070300Z","3","{'arch':2,'did':'','event_id':'539e0ff4-50c0-40e7-a71c-12e613561985','event_time':1732063627953,'event_type':'WEL','ext_ip':'108.171.103.70','hostname':'hl-ws04.homelab.local','iid':'7e99630d-d276-4169-bd11-c23115a848fa','int_ip':'10.100.100.133','moduleid':2,'oid':'27c3229e-7f58-40c8-ad1a-799ff00e1781','plat':268435456,'sid':'20884ef9-0b46-4a29-9d58-832837729b10','tags':['workstations'],'this':'424c4761262b5b3450e456c3673d318b'}",2,"","539e0ff4-50c0-40e7-a71c-12e613561985",1732063627953,"WEL","108.171.103.70","hl-ws04.homelab.local","7e99630d-d276-4169-bd11-c23115a848fa","10.100.100.133",2,"27c3229e-7f58-40c8-ad1a-799ff00e1781",268435456,"20884ef9-0b46-4a29-9d58-832837729b10","['workstations']","424c4761262b5b3450e456c3673d318b"
"2024-11-20 00:47:07","{'EventData':{'Company':'Microsoft Corporation','Description':'IP Helper API','FileVersion':'10.0.19041.3636 (WinBuild.160101.0800)','Hashes':'MD5=C5F93114591AB9EFE8DC3A4A98845CDE,SHA256=DD3D073E10F6CBAEE11D73702EB99AE8A9DD73D2FC7FB37B165DD0B04BE7FE5E,IMPHASH=E78CCE9DD51B6DF71895888C3CD7480A','Image':'C:\\Users\\pparker\\Downloads\\DriverUpdate_1_2.exe','ImageLoaded':'C:\\Windows\\SysWOW64\\IPHLPAPI.DLL','OriginalFileName':'iphlpapi.dll','ProcessGuid':'{7b34ed3d-31b8-673d-4306-000000000b00}','ProcessId':'6720','Product':'Microsoft® Windows® Operating System','RuleName':'-','Signature':'Microsoft Windows','SignatureStatus':'Valid','Signed':'true','User':'HOMELAB\\pparker','UtcTime':'2024-11-20 00:47:53.790'},'System':{'Channel':'Microsoft-Windows-Sysmon/Operational','Computer':'HL-WS04.HOMELAB.local','Correlation':'','EventID':'7','EventRecordID':'42307','Execution':{'ProcessID':'2052','ThreadID':'4064'},'Keywords':'0x8000000000000000','Level':'4','Opcode':'0','Provider':{'Guid':'{5770385f-c22a-43e0-bf4c-06f5698ffbd9}','Name':'Microsoft-Windows-Sysmon'},'Security':{'UserID':'S-1-5-18'},'Task':'7','TimeCreated':{'SystemTime':'2024-11-20T00:47:53.8129663Z'},'Version':'3','_event_id':'7'}}","{'Company':'Microsoft Corporation','Description':'IP Helper API','FileVersion':'10.0.19041.3636 (WinBuild.160101.0800)','Hashes':'MD5=C5F93114591AB9EFE8DC3A4A98845CDE,SHA256=DD3D073E10F6CBAEE11D73702EB99AE8A9DD73D2FC7FB37B165DD0B04BE7FE5E,IMPHASH=E78CCE9DD51B6DF71895888C3CD7480A','Image':'C:\\Users\\pparker\\Downloads\\DriverUpdate_1_2.exe','ImageLoaded':'C:\\Windows\\SysWOW64\\IPHLPAPI.DLL','OriginalFileName':'iphlpapi.dll','ProcessGuid':'{7b34ed3d-31b8-673d-4306-000000000b00}','ProcessId':'6720','Product':'Microsoft® Windows® Operating System','RuleName':'-','Signature':'Microsoft Windows','SignatureStatus':'Valid','Signed':'true','User':'HOMELAB\\pparker','UtcTime':'2024-11-20 00:47:53.790'}",,"Microsoft Corporation",,,"IP Helper API",,,,,,,,"10.0.19041.3636 (WinBuild.160101.0800)","MD5=C5F93114591AB9EFE8DC3A4A98845CDE,SHA256=DD3D073E10F6CBAEE11D73702EB99AE8A9DD73D2FC7FB37B165DD0B04BE7FE5E,IMPHASH=E78CCE9DD51B6DF71895888C3CD7480A","C:\Users\pparker\Downloads\DriverUpdate_1_2.exe","C:\Windows\SysWOW64\IPHLPAPI.DLL",,,,,"iphlpapi.dll",,,,,,"{7b34ed3d-31b8-673d-4306-000000000b00}","6720","Microsoft® Windows® Operating System",,"-","Microsoft Windows","Valid","true",,,,,,,,,"HOMELAB\pparker","2024-11-20 00:47:53.790","{'Channel':'Microsoft-Windows-Sysmon/Operational','Computer':'HL-WS04.HOMELAB.local','Correlation':'','EventID':'7','EventRecordID':'42307','Execution':{'ProcessID':'2052','ThreadID':'4064'},'Keywords':'0x8000000000000000','Level':'4','Opcode':'0','Provider':{'Guid':'{5770385f-c22a-43e0-bf4c-06f5698ffbd9}','Name':'Microsoft-Windows-Sysmon'},'Security':{'UserID':'S-1-5-18'},'Task':'7','TimeCreated':{'SystemTime':'2024-11-20T00:47:53.8129663Z'},'Version':'3','_event_id':'7'}","7","Microsoft-Windows-Sysmon/Operational","HL-WS04.HOMELAB.local","","7","42307","{'ProcessID':'2052','ThreadID':'4064'}","2052","4064","0x8000000000000000","4","0","{'Guid':'{5770385f-c22a-43e0-bf4c-06f5698ffbd9}','Name':'Microsoft-Windows-Sysmon'}","{5770385f-c22a-43e0-bf4c-06f5698ffbd9}","Microsoft-Windows-Sysmon","S-1-5-18","7","2024-11-20T00:47:53.8129663Z","3","{'arch':2,'did':'','event_id':'9672ce74-ed7f-4912-8136-02f414611828','event_time':1732063627953,'event_type':'WEL','ext_ip':'108.171.103.70','hostname':'hl-ws04.homelab.local','iid':'7e99630d-d276-4169-bd11-c23115a848fa','int_ip':'10.100.100.133','moduleid':2,'oid':'27c3229e-7f58-40c8-ad1a-799ff00e1781','plat':268435456,'sid':'20884ef9-0b46-4a29-9d58-832837729b10','tags':['workstations'],'this':'754ccb7a7a19b85a822b6881673d318b'}",2,"","9672ce74-ed7f-4912-8136-02f414611828",1732063627953,"WEL","108.171.103.70","hl-ws04.homelab.local","7e99630d-d276-4169-bd11-c23115a848fa","10.100.100.133",2,"27c3229e-7f58-40c8-ad1a-799ff00e1781",268435456,"20884ef9-0b46-4a29-9d58-832837729b10","['workstations']","754ccb7a7a19b85a822b6881673d318b"
"2024-11-20 00:47:05","{'EventData':{'CommandLine':'\'C:\\Users\\pparker\\Downloads\\DriverUpdate_1_2.exe\'','Company':'Apache Software Foundation','CurrentDirectory':'C:\\Users\\pparker\\Downloads\\','Description':'ApacheBench command line utility','FileVersion':'2.2.14','Hashes':'MD5=36DDA9AB653D77A51DB3EDA5E962C2CF,SHA256=D4677D4BB7D14E5ACA484F3A082D88649FD07624223FC421510913BD38692FCD,IMPHASH=481F47BBB2C9C21E108D65F52B04C448','Image':'C:\\Users\\pparker\\Downloads\\DriverUpdate_1_2.exe','IntegrityLevel':'Medium','LogonGuid':'{7b34ed3d-4002-6730-ceff-4b0000000000}','LogonId':'0x4bffce','OriginalFileName':'ab.exe','ParentCommandLine':'\'C:\\Program Files (x86)\\Microsoft\\Edge\\Application\\msedge.exe\' --no-startup-window','ParentImage':'C:\\Program Files (x86)\\Microsoft\\Edge\\Application\\msedge.exe','ParentProcessGuid':'{7b34ed3d-278d-673d-0203-000000000b00}','ParentProcessId':'3564','ParentUser':'HOMELAB\\pparker','ProcessGuid':'{7b34ed3d-31b6-673d-4006-000000000b00}','ProcessId':'3052','Product':'Apache HTTP Server','RuleName':'-','TerminalSessionId':'2','User':'HOMELAB\\pparker','UtcTime':'2024-11-20 00:47:50.283'},'System':{'Channel':'Microsoft-Windows-Sysmon/Operational','Computer':'HL-WS04.HOMELAB.local','Correlation':'','EventID':'1','EventRecordID':'42234','Execution':{'ProcessID':'2052','ThreadID':'3948'},'Keywords':'0x8000000000000000','Level':'4','Opcode':'0','Provider':{'Guid':'{5770385f-c22a-43e0-bf4c-06f5698ffbd9}','Name':'Microsoft-Windows-Sysmon'},'Security':{'UserID':'S-1-5-18'},'Task':'1','TimeCreated':{'SystemTime':'2024-11-20T00:47:50.2881045Z'},'Version':'5','_event_id':'1'}}","{'CommandLine':'\'C:\\Users\\pparker\\Downloads\\DriverUpdate_1_2.exe\'','Company':'Apache Software Foundation','CurrentDirectory':'C:\\Users\\pparker\\Downloads\\','Description':'ApacheBench command line utility','FileVersion':'2.2.14','Hashes':'MD5=36DDA9AB653D77A51DB3EDA5E962C2CF,SHA256=D4677D4BB7D14E5ACA484F3A082D88649FD07624223FC421510913BD38692FCD,IMPHASH=481F47BBB2C9C21E108D65F52B04C448','Image':'C:\\Users\\pparker\\Downloads\\DriverUpdate_1_2.exe','IntegrityLevel':'Medium','LogonGuid':'{7b34ed3d-4002-6730-ceff-4b0000000000}','LogonId':'0x4bffce','OriginalFileName':'ab.exe','ParentCommandLine':'\'C:\\Program Files (x86)\\Microsoft\\Edge\\Application\\msedge.exe\' --no-startup-window','ParentImage':'C:\\Program Files (x86)\\Microsoft\\Edge\\Application\\msedge.exe','ParentProcessGuid':'{7b34ed3d-278d-673d-0203-000000000b00}','ParentProcessId':'3564','ParentUser':'HOMELAB\\pparker','ProcessGuid':'{7b34ed3d-31b6-673d-4006-000000000b00}','ProcessId':'3052','Product':'Apache HTTP Server','RuleName':'-','TerminalSessionId':'2','User':'HOMELAB\\pparker','UtcTime':'2024-11-20 00:47:50.283'}","'C:\Users\pparker\Downloads\DriverUpdate_1_2.exe'","Apache Software Foundation",,"C:\Users\pparker\Downloads\","ApacheBench command line utility",,,,,,,,"2.2.14","MD5=36DDA9AB653D77A51DB3EDA5E962C2CF,SHA256=D4677D4BB7D14E5ACA484F3A082D88649FD07624223FC421510913BD38692FCD,IMPHASH=481F47BBB2C9C21E108D65F52B04C448","C:\Users\pparker\Downloads\DriverUpdate_1_2.exe",,,"Medium","{7b34ed3d-4002-6730-ceff-4b0000000000}","0x4bffce","ab.exe","'C:\Program Files (x86)\Microsoft\Edge\Application\msedge.exe' --no-startup-window","C:\Program Files (x86)\Microsoft\Edge\Application\msedge.exe","{7b34ed3d-278d-673d-0203-000000000b00}","3564","HOMELAB\pparker","{7b34ed3d-31b6-673d-4006-000000000b00}","3052","Apache HTTP Server",,"-",,,,,,,,,,,"2","HOMELAB\pparker","2024-11-20 00:47:50.283","{'Channel':'Microsoft-Windows-Sysmon/Operational','Computer':'HL-WS04.HOMELAB.local','Correlation':'','EventID':'1','EventRecordID':'42234','Execution':{'ProcessID':'2052','ThreadID':'3948'},'Keywords':'0x8000000000000000','Level':'4','Opcode':'0','Provider':{'Guid':'{5770385f-c22a-43e0-bf4c-06f5698ffbd9}','Name':'Microsoft-Windows-Sysmon'},'Security':{'UserID':'S-1-5-18'},'Task':'1','TimeCreated':{'SystemTime':'2024-11-20T00:47:50.2881045Z'},'Version':'5','_event_id':'1'}","1","Microsoft-Windows-Sysmon/Operational","HL-WS04.HOMELAB.local","","1","42234","{'ProcessID':'2052','ThreadID':'3948'}","2052","3948","0x8000000000000000","4","0","{'Guid':'{5770385f-c22a-43e0-bf4c-06f5698ffbd9}','Name':'Microsoft-Windows-Sysmon'}","{5770385f-c22a-43e0-bf4c-06f5698ffbd9}","Microsoft-Windows-Sysmon","S-1-5-18","1","2024-11-20T00:47:50.2881045Z","5","{'arch':2,'did':'','event_id':'b1f75b73-2767-4716-888e-c554fa141e73','event_time':1732063625272,'event_type':'WEL','ext_ip':'108.171.103.70','hostname':'hl-ws04.homelab.local','iid':'7e99630d-d276-4169-bd11-c23115a848fa','int_ip':'10.100.100.133','moduleid':2,'oid':'27c3229e-7f58-40c8-ad1a-799ff00e1781','plat':268435456,'sid':'20884ef9-0b46-4a29-9d58-832837729b10','tags':['workstations'],'this':'b56c065045d2eef13a2435d5673d3189'}",2,"","b1f75b73-2767-4716-888e-c554fa141e73",1732063625272,"WEL","108.171.103.70","hl-ws04.homelab.local","7e99630d-d276-4169-bd11-c23115a848fa","10.100.100.133",2,"27c3229e-7f58-40c8-ad1a-799ff00e1781",268435456,"20884ef9-0b46-4a29-9d58-832837729b10","['workstations']","b56c065045d2eef13a2435d5673d3189"
"2024-11-20 00:47:05","{'EventData':{'Company':'Microsoft Corporation','Description':'NT Layer DLL','FileVersion':'10.0.19041.5007 (WinBuild.160101.0800)','Hashes':'MD5=97603DC4DF5410CCF9A23A59F14C5B2F,SHA256=0342ED124EE25C76B6B6284F2C4DC3BEDE90C18C1122C36EC2424A8F5332C3BA,IMPHASH=00000000000000000000000000000000','Image':'C:\\Users\\pparker\\Downloads\\DriverUpdate_1_2.exe','ImageLoaded':'C:\\Windows\\System32\\ntdll.dll','OriginalFileName':'ntdll.dll','ProcessGuid':'{7b34ed3d-31b6-673d-4006-000000000b00}','ProcessId':'3052','Product':'Microsoft® Windows® Operating System','RuleName':'-','Signature':'Microsoft Windows','SignatureStatus':'Valid','Signed':'true','User':'HOMELAB\\pparker','UtcTime':'2024-11-20 00:47:50.283'},'System':{'Channel':'Microsoft-Windows-Sysmon/Operational','Computer':'HL-WS04.HOMELAB.local','Correlation':'','EventID':'7','EventRecordID':'42235','Execution':{'ProcessID':'2052','ThreadID':'3948'},'Keywords':'0x8000000000000000','Level':'4','Opcode':'0','Provider':{'Guid':'{5770385f-c22a-43e0-bf4c-06f5698ffbd9}','Name':'Microsoft-Windows-Sysmon'},'Security':{'UserID':'S-1-5-18'},'Task':'7','TimeCreated':{'SystemTime':'2024-11-20T00:47:50.2895989Z'},'Version':'3','_event_id':'7'}}","{'Company':'Microsoft Corporation','Description':'NT Layer DLL','FileVersion':'10.0.19041.5007 (WinBuild.160101.0800)','Hashes':'MD5=97603DC4DF5410CCF9A23A59F14C5B2F,SHA256=0342ED124EE25C76B6B6284F2C4DC3BEDE90C18C1122C36EC2424A8F5332C3BA,IMPHASH=00000000000000000000000000000000','Image':'C:\\Users\\pparker\\Downloads\\DriverUpdate_1_2.exe','ImageLoaded':'C:\\Windows\\System32\\ntdll.dll','OriginalFileName':'ntdll.dll','ProcessGuid':'{7b34ed3d-31b6-673d-4006-000000000b00}','ProcessId':'3052','Product':'Microsoft® Windows® Operating System','RuleName':'-','Signature':'Microsoft Windows','SignatureStatus':'Valid','Signed':'true','User':'HOMELAB\\pparker','UtcTime':'2024-11-20 00:47:50.283'}",,"Microsoft Corporation",,,"NT Layer DLL",,,,,,,,"10.0.19041.5007 (WinBuild.160101.0800)","MD5=97603DC4DF5410CCF9A23A59F14C5B2F,SHA256=0342ED124EE25C76B6B6284F2C4DC3BEDE90C18C1122C36EC2424A8F5332C3BA,IMPHASH=00000000000000000000000000000000","C:\Users\pparker\Downloads\DriverUpdate_1_2.exe","C:\Windows\System32\ntdll.dll",,,,,"ntdll.dll",,,,,,"{7b34ed3d-31b6-673d-4006-000000000b00}","3052","Microsoft® Windows® Operating System",,"-","Microsoft Windows","Valid","true",,,,,,,,,"HOMELAB\pparker","2024-11-20 00:47:50.283","{'Channel':'Microsoft-Windows-Sysmon/Operational','Computer':'HL-WS04.HOMELAB.local','Correlation':'','EventID':'7','EventRecordID':'42235','Execution':{'ProcessID':'2052','ThreadID':'3948'},'Keywords':'0x8000000000000000','Level':'4','Opcode':'0','Provider':{'Guid':'{5770385f-c22a-43e0-bf4c-06f5698ffbd9}','Name':'Microsoft-Windows-Sysmon'},'Security':{'UserID':'S-1-5-18'},'Task':'7','TimeCreated':{'SystemTime':'2024-11-20T00:47:50.2895989Z'},'Version':'3','_event_id':'7'}","7","Microsoft-Windows-Sysmon/Operational","HL-WS04.HOMELAB.local","","7","42235","{'ProcessID':'2052','ThreadID':'3948'}","2052","3948","0x8000000000000000","4","0","{'Guid':'{5770385f-c22a-43e0-bf4c-06f5698ffbd9}','Name':'Microsoft-Windows-Sysmon'}","{5770385f-c22a-43e0-bf4c-06f5698ffbd9}","Microsoft-Windows-Sysmon","S-1-5-18","7","2024-11-20T00:47:50.2895989Z","3","{'arch':2,'did':'','event_id':'d83be40a-c633-4af9-95f7-841e3f0686cd','event_time':1732063625272,'event_type':'WEL','ext_ip':'108.171.103.70','hostname':'hl-ws04.homelab.local','iid':'7e99630d-d276-4169-bd11-c23115a848fa','int_ip':'10.100.100.133','moduleid':2,'oid':'27c3229e-7f58-40c8-ad1a-799ff00e1781','plat':268435456,'sid':'20884ef9-0b46-4a29-9d58-832837729b10','tags':['workstations'],'this':'53916c93acf0bd611cd83c3c673d3189'}",2,"","d83be40a-c633-4af9-95f7-841e3f0686cd",1732063625272,"WEL","108.171.103.70","hl-ws04.homelab.local","7e99630d-d276-4169-bd11-c23115a848fa","10.100.100.133",2,"27c3229e-7f58-40c8-ad1a-799ff00e1781",268435456,"20884ef9-0b46-4a29-9d58-832837729b10","['workstations']","53916c93acf0bd611cd83c3c673d3189"
"2024-11-20 00:47:05","{'EventData':{'Company':'Apache Software Foundation','Description':'ApacheBench command line utility','FileVersion':'2.2.14','Hashes':'MD5=36DDA9AB653D77A51DB3EDA5E962C2CF,SHA256=D4677D4BB7D14E5ACA484F3A082D88649FD07624223FC421510913BD38692FCD,IMPHASH=481F47BBB2C9C21E108D65F52B04C448','Image':'C:\\Users\\pparker\\Downloads\\DriverUpdate_1_2.exe','ImageLoaded':'C:\\Users\\pparker\\Downloads\\DriverUpdate_1_2.exe','OriginalFileName':'ab.exe','ProcessGuid':'{7b34ed3d-31b6-673d-4006-000000000b00}','ProcessId':'3052','Product':'Apache HTTP Server','RuleName':'-','Signature':'-','SignatureStatus':'Unavailable','Signed':'false','User':'HOMELAB\\pparker','UtcTime':'2024-11-20 00:47:50.283'},'System':{'Channel':'Microsoft-Windows-Sysmon/Operational','Computer':'HL-WS04.HOMELAB.local','Correlation':'','EventID':'7','EventRecordID':'42236','Execution':{'ProcessID':'2052','ThreadID':'4064'},'Keywords':'0x8000000000000000','Level':'4','Opcode':'0','Provider':{'Guid':'{5770385f-c22a-43e0-bf4c-06f5698ffbd9}','Name':'Microsoft-Windows-Sysmon'},'Security':{'UserID':'S-1-5-18'},'Task':'7','TimeCreated':{'SystemTime':'2024-11-20T00:47:50.2955502Z'},'Version':'3','_event_id':'7'}}","{'Company':'Apache Software Foundation','Description':'ApacheBench command line utility','FileVersion':'2.2.14','Hashes':'MD5=36DDA9AB653D77A51DB3EDA5E962C2CF,SHA256=D4677D4BB7D14E5ACA484F3A082D88649FD07624223FC421510913BD38692FCD,IMPHASH=481F47BBB2C9C21E108D65F52B04C448','Image':'C:\\Users\\pparker\\Downloads\\DriverUpdate_1_2.exe','ImageLoaded':'C:\\Users\\pparker\\Downloads\\DriverUpdate_1_2.exe','OriginalFileName':'ab.exe','ProcessGuid':'{7b34ed3d-31b6-673d-4006-000000000b00}','ProcessId':'3052','Product':'Apache HTTP Server','RuleName':'-','Signature':'-','SignatureStatus':'Unavailable','Signed':'false','User':'HOMELAB\\pparker','UtcTime':'2024-11-20 00:47:50.283'}",,"Apache Software Foundation",,,"ApacheBench command line utility",,,,,,,,"2.2.14","MD5=36DDA9AB653D77A51DB3EDA5E962C2CF,SHA256=D4677D4BB7D14E5ACA484F3A082D88649FD07624223FC421510913BD38692FCD,IMPHASH=481F47BBB2C9C21E108D65F52B04C448","C:\Users\pparker\Downloads\DriverUpdate_1_2.exe","C:\Users\pparker\Downloads\DriverUpdate_1_2.exe",,,,,"ab.exe",,,,,,"{7b34ed3d-31b6-673d-4006-000000000b00}","3052","Apache HTTP Server",,"-","-","Unavailable","false",,,,,,,,,"HOMELAB\pparker","2024-11-20 00:47:50.283","{'Channel':'Microsoft-Windows-Sysmon/Operational','Computer':'HL-WS04.HOMELAB.local','Correlation':'','EventID':'7','EventRecordID':'42236','Execution':{'ProcessID':'2052','ThreadID':'4064'},'Keywords':'0x8000000000000000','Level':'4','Opcode':'0','Provider':{'Guid':'{5770385f-c22a-43e0-bf4c-06f5698ffbd9}','Name':'Microsoft-Windows-Sysmon'},'Security':{'UserID':'S-1-5-18'},'Task':'7','TimeCreated':{'SystemTime':'2024-11-20T00:47:50.2955502Z'},'Version':'3','_event_id':'7'}","7","Microsoft-Windows-Sysmon/Operational","HL-WS04.HOMELAB.local","","7","42236","{'ProcessID':'2052','ThreadID':'4064'}","2052","4064","0x8000000000000000","4","0","{'Guid':'{5770385f-c22a-43e0-bf4c-06f5698ffbd9}','Name':'Microsoft-Windows-Sysmon'}","{5770385f-c22a-43e0-bf4c-06f5698ffbd9}","Microsoft-Windows-Sysmon","S-1-5-18","7","2024-11-20T00:47:50.2955502Z","3","{'arch':2,'did':'','event_id':'0b046db9-315a-471d-9524-f66470318237','event_time':1732063625272,'event_type':'WEL','ext_ip':'108.171.103.70','hostname':'hl-ws04.homelab.local','iid':'7e99630d-d276-4169-bd11-c23115a848fa','int_ip':'10.100.100.133','moduleid':2,'oid':'27c3229e-7f58-40c8-ad1a-799ff00e1781','plat':268435456,'sid':'20884ef9-0b46-4a29-9d58-832837729b10','tags':['workstations'],'this':'123cdeec6027a0634856abae673d3189'}",2,"","0b046db9-315a-471d-9524-f66470318237",1732063625272,"WEL","108.171.103.70","hl-ws04.homelab.local","7e99630d-d276-4169-bd11-c23115a848fa","10.100.100.133",2,"27c3229e-7f58-40c8-ad1a-799ff00e1781",268435456,"20884ef9-0b46-4a29-9d58-832837729b10","['workstations']","123cdeec6027a0634856abae673d3189"
"2024-11-20 00:47:05","{'EventData':{'Image':'C:\\Users\\pparker\\Downloads\\DriverUpdate_1_2.exe','ProcessGuid':'{7b34ed3d-31b6-673d-4006-000000000b00}','ProcessId':'3052','RuleName':'-','User':'HOMELAB\\pparker','UtcTime':'2024-11-20 00:47:50.314'},'System':{'Channel':'Microsoft-Windows-Sysmon/Operational','Computer':'HL-WS04.HOMELAB.local','Correlation':'','EventID':'5','EventRecordID':'42237','Execution':{'ProcessID':'2052','ThreadID':'3948'},'Keywords':'0x8000000000000000','Level':'4','Opcode':'0','Provider':{'Guid':'{5770385f-c22a-43e0-bf4c-06f5698ffbd9}','Name':'Microsoft-Windows-Sysmon'},'Security':{'UserID':'S-1-5-18'},'Task':'5','TimeCreated':{'SystemTime':'2024-11-20T00:47:50.3230625Z'},'Version':'3','_event_id':'5'}}","{'Image':'C:\\Users\\pparker\\Downloads\\DriverUpdate_1_2.exe','ProcessGuid':'{7b34ed3d-31b6-673d-4006-000000000b00}','ProcessId':'3052','RuleName':'-','User':'HOMELAB\\pparker','UtcTime':'2024-11-20 00:47:50.314'}",,,,,,,,,,,,,,,"C:\Users\pparker\Downloads\DriverUpdate_1_2.exe",,,,,,,,,,,,"{7b34ed3d-31b6-673d-4006-000000000b00}","3052",,,"-",,,,,,,,,,,,"HOMELAB\pparker","2024-11-20 00:47:50.314","{'Channel':'Microsoft-Windows-Sysmon/Operational','Computer':'HL-WS04.HOMELAB.local','Correlation':'','EventID':'5','EventRecordID':'42237','Execution':{'ProcessID':'2052','ThreadID':'3948'},'Keywords':'0x8000000000000000','Level':'4','Opcode':'0','Provider':{'Guid':'{5770385f-c22a-43e0-bf4c-06f5698ffbd9}','Name':'Microsoft-Windows-Sysmon'},'Security':{'UserID':'S-1-5-18'},'Task':'5','TimeCreated':{'SystemTime':'2024-11-20T00:47:50.3230625Z'},'Version':'3','_event_id':'5'}","5","Microsoft-Windows-Sysmon/Operational","HL-WS04.HOMELAB.local","","5","42237","{'ProcessID':'2052','ThreadID':'3948'}","2052","3948","0x8000000000000000","4","0","{'Guid':'{5770385f-c22a-43e0-bf4c-06f5698ffbd9}','Name':'Microsoft-Windows-Sysmon'}","{5770385f-c22a-43e0-bf4c-06f5698ffbd9}","Microsoft-Windows-Sysmon","S-1-5-18","5","2024-11-20T00:47:50.3230625Z","3","{'arch':2,'did':'','event_id':'0329b287-bfe1-499c-994a-e9aa5ca8c757','event_time':1732063625272,'event_type':'WEL','ext_ip':'108.171.103.70','hostname':'hl-ws04.homelab.local','iid':'7e99630d-d276-4169-bd11-c23115a848fa','int_ip':'10.100.100.133','moduleid':2,'oid':'27c3229e-7f58-40c8-ad1a-799ff00e1781','plat':268435456,'sid':'20884ef9-0b46-4a29-9d58-832837729b10','tags':['workstations'],'this':'3df0395402e48653f381b3b3673d3189'}",2,"","0329b287-bfe1-499c-994a-e9aa5ca8c757",1732063625272,"WEL","108.171.103.70","hl-ws04.homelab.local","7e99630d-d276-4169-bd11-c23115a848fa","10.100.100.133",2,"27c3229e-7f58-40c8-ad1a-799ff00e1781",268435456,"20884ef9-0b46-4a29-9d58-832837729b10","['workstations']","3df0395402e48653f381b3b3673d3189"
"2024-11-20 00:47:05","{'EventData':{'Company':'Microsoft Corporation','Description':'NT Layer DLL','FileVersion':'10.0.19041.5007 (WinBuild.160101.0800)','Hashes':'MD5=C4522033FA73ED2594678AC419D74D05,SHA256=EC22943CBD4D1A1D580F8664ECE20CEE954ABA490FCB1CA89C910F9144A3286C,IMPHASH=00000000000000000000000000000000','Image':'C:\\Users\\pparker\\Downloads\\DriverUpdate_1_2.exe','ImageLoaded':'C:\\Windows\\SysWOW64\\ntdll.dll','OriginalFileName':'ntdll.dll','ProcessGuid':'{7b34ed3d-31b6-673d-4006-000000000b00}','ProcessId':'3052','Product':'Microsoft® Windows® Operating System','RuleName':'-','Signature':'Microsoft Windows','SignatureStatus':'Valid','Signed':'true','User':'HOMELAB\\pparker','UtcTime':'2024-11-20 00:47:50.283'},'System':{'Channel':'Microsoft-Windows-Sysmon/Operational','Computer':'HL-WS04.HOMELAB.local','Correlation':'','EventID':'7','EventRecordID':'42238','Execution':{'ProcessID':'2052','ThreadID':'4064'},'Keywords':'0x8000000000000000','Level':'4','Opcode':'0','Provider':{'Guid':'{5770385f-c22a-43e0-bf4c-06f5698ffbd9}','Name':'Microsoft-Windows-Sysmon'},'Security':{'UserID':'S-1-5-18'},'Task':'7','TimeCreated':{'SystemTime':'2024-11-20T00:47:50.3267494Z'},'Version':'3','_event_id':'7'}}","{'Company':'Microsoft Corporation','Description':'NT Layer DLL','FileVersion':'10.0.19041.5007 (WinBuild.160101.0800)','Hashes':'MD5=C4522033FA73ED2594678AC419D74D05,SHA256=EC22943CBD4D1A1D580F8664ECE20CEE954ABA490FCB1CA89C910F9144A3286C,IMPHASH=00000000000000000000000000000000','Image':'C:\\Users\\pparker\\Downloads\\DriverUpdate_1_2.exe','ImageLoaded':'C:\\Windows\\SysWOW64\\ntdll.dll','OriginalFileName':'ntdll.dll','ProcessGuid':'{7b34ed3d-31b6-673d-4006-000000000b00}','ProcessId':'3052','Product':'Microsoft® Windows® Operating System','RuleName':'-','Signature':'Microsoft Windows','SignatureStatus':'Valid','Signed':'true','User':'HOMELAB\\pparker','UtcTime':'2024-11-20 00:47:50.283'}",,"Microsoft Corporation",,,"NT Layer DLL",,,,,,,,"10.0.19041.5007 (WinBuild.160101.0800)","MD5=C4522033FA73ED2594678AC419D74D05,SHA256=EC22943CBD4D1A1D580F8664ECE20CEE954ABA490FCB1CA89C910F9144A3286C,IMPHASH=00000000000000000000000000000000","C:\Users\pparker\Downloads\DriverUpdate_1_2.exe","C:\Windows\SysWOW64\ntdll.dll",,,,,"ntdll.dll",,,,,,"{7b34ed3d-31b6-673d-4006-000000000b00}","3052","Microsoft® Windows® Operating System",,"-","Microsoft Windows","Valid","true",,,,,,,,,"HOMELAB\pparker","2024-11-20 00:47:50.283","{'Channel':'Microsoft-Windows-Sysmon/Operational','Computer':'HL-WS04.HOMELAB.local','Correlation':'','EventID':'7','EventRecordID':'42238','Execution':{'ProcessID':'2052','ThreadID':'4064'},'Keywords':'0x8000000000000000','Level':'4','Opcode':'0','Provider':{'Guid':'{5770385f-c22a-43e0-bf4c-06f5698ffbd9}','Name':'Microsoft-Windows-Sysmon'},'Security':{'UserID':'S-1-5-18'},'Task':'7','TimeCreated':{'SystemTime':'2024-11-20T00:47:50.3267494Z'},'Version':'3','_event_id':'7'}","7","Microsoft-Windows-Sysmon/Operational","HL-WS04.HOMELAB.local","","7","42238","{'ProcessID':'2052','ThreadID':'4064'}","2052","4064","0x8000000000000000","4","0","{'Guid':'{5770385f-c22a-43e0-bf4c-06f5698ffbd9}','Name':'Microsoft-Windows-Sysmon'}","{5770385f-c22a-43e0-bf4c-06f5698ffbd9}","Microsoft-Windows-Sysmon","S-1-5-18","7","2024-11-20T00:47:50.3267494Z","3","{'arch':2,'did':'','event_id':'7208583d-0d54-49e9-9bf7-5c4e09d15961','event_time':1732063625272,'event_type':'WEL','ext_ip':'108.171.103.70','hostname':'hl-ws04.homelab.local','iid':'7e99630d-d276-4169-bd11-c23115a848fa','int_ip':'10.100.100.133','moduleid':2,'oid':'27c3229e-7f58-40c8-ad1a-799ff00e1781','plat':268435456,'sid':'20884ef9-0b46-4a29-9d58-832837729b10','tags':['workstations'],'this':'1c78fecc174729b328a47281673d3189'}",2,"","7208583d-0d54-49e9-9bf7-5c4e09d15961",1732063625272,"WEL","108.171.103.70","hl-ws04.homelab.local","7e99630d-d276-4169-bd11-c23115a848fa","10.100.100.133",2,"27c3229e-7f58-40c8-ad1a-799ff00e1781",268435456,"20884ef9-0b46-4a29-9d58-832837729b10","['workstations']","1c78fecc174729b328a47281673d3189"
