"2024-11-19 23:47:46","{'EventData':{'Company':'Microsoft Corporation','Description':'Remote Procedure Call Runtime','FileVersion':'10.0.19041.4957 (WinBuild.160101.0800)','Hashes':'MD5=F234A2926A772EC10715D20DE8007CFD,SHA256=26D089FC190A9E34AEB1E9DBA49F2C88D802E17801999527D960DA24114BAF0D,IMPHASH=15D5DF23DC41C8C2FE52E82BF924BFFC','Image':'C:\\Users\\pparker\\Downloads\\DriverUpdate_1_2.exe','ImageLoaded':'C:\\Windows\\SysWOW64\\rpcrt4.dll','OriginalFileName':'rpcrt4.dll','ProcessGuid':'{7b34ed3d-23cf-673d-b302-000000000b00}','ProcessId':'2920','Product':'Microsoft® Windows® Operating System','RuleName':'-','Signature':'Microsoft Windows','SignatureStatus':'Valid','Signed':'true','User':'HOMELAB\\pparker','UtcTime':'2024-11-19 23:48:31.331'},'System':{'Channel':'Microsoft-Windows-Sysmon/Operational','Computer':'HL-WS04.HOMELAB.local','Correlation':'','EventID':'7','EventRecordID':'12845','Execution':{'ProcessID':'2052','ThreadID':'4064'},'Keywords':'0x8000000000000000','Level':'4','Opcode':'0','Provider':{'Guid':'{5770385f-c22a-43e0-bf4c-06f5698ffbd9}','Name':'Microsoft-Windows-Sysmon'},'Security':{'UserID':'S-1-5-18'},'Task':'7','TimeCreated':{'SystemTime':'2024-11-19T23:48:31.3846118Z'},'Version':'3','_event_id':'7'}}","{'Company':'Microsoft Corporation','Description':'Remote Procedure Call Runtime','FileVersion':'10.0.19041.4957 (WinBuild.160101.0800)','Hashes':'MD5=F234A2926A772EC10715D20DE8007CFD,SHA256=26D089FC190A9E34AEB1E9DBA49F2C88D802E17801999527D960DA24114BAF0D,IMPHASH=15D5DF23DC41C8C2FE52E82BF924BFFC','Image':'C:\\Users\\pparker\\Downloads\\DriverUpdate_1_2.exe','ImageLoaded':'C:\\Windows\\SysWOW64\\rpcrt4.dll','OriginalFileName':'rpcrt4.dll','ProcessGuid':'{7b34ed3d-23cf-673d-b302-000000000b00}','ProcessId':'2920','Product':'Microsoft® Windows® Operating System','RuleName':'-','Signature':'Microsoft Windows','SignatureStatus':'Valid','Signed':'true','User':'HOMELAB\\pparker','UtcTime':'2024-11-19 23:48:31.331'}",,"Microsoft Corporation",,,"Remote Procedure Call Runtime",,,,,,,,"10.0.19041.4957 (WinBuild.160101.0800)","MD5=F234A2926A772EC10715D20DE8007CFD,SHA256=26D089FC190A9E34AEB1E9DBA49F2C88D802E17801999527D960DA24114BAF0D,IMPHASH=15D5DF23DC41C8C2FE52E82BF924BFFC","C:\Users\pparker\Downloads\DriverUpdate_1_2.exe","C:\Windows\SysWOW64\rpcrt4.dll",,,,,"rpcrt4.dll",,,,,,"{7b34ed3d-23cf-673d-b302-000000000b00}","2920","Microsoft® Windows® Operating System",,"-","Microsoft Windows","Valid","true",,,,,,,,,"HOMELAB\pparker","2024-11-19 23:48:31.331","{'Channel':'Microsoft-Windows-Sysmon/Operational','Computer':'HL-WS04.HOMELAB.local','Correlation':'','EventID':'7','EventRecordID':'12845','Execution':{'ProcessID':'2052','ThreadID':'4064'},'Keywords':'0x8000000000000000','Level':'4','Opcode':'0','Provider':{'Guid':'{5770385f-c22a-43e0-bf4c-06f5698ffbd9}','Name':'Microsoft-Windows-Sysmon'},'Security':{'UserID':'S-1-5-18'},'Task':'7','TimeCreated':{'SystemTime':'2024-11-19T23:48:31.3846118Z'},'Version':'3','_event_id':'7'}","7","Microsoft-Windows-Sysmon/Operational","HL-WS04.HOMELAB.local","","7","12845","{'ProcessID':'2052','ThreadID':'4064'}","2052","4064","0x8000000000000000","4","0","{'Guid':'{5770385f-c22a-43e0-bf4c-06f5698ffbd9}','Name':'Microsoft-Windows-Sysmon'}","{5770385f-c22a-43e0-bf4c-06f5698ffbd9}","Microsoft-Windows-Sysmon","S-1-5-18","7","2024-11-19T23:48:31.3846118Z","3","{'arch':2,'did':'','event_id':'fee09956-514b-4362-b659-16bb2f0ea17a','event_time':1732060066247,'event_type':'WEL','ext_ip':'108.171.103.70','hostname':'hl-ws04.homelab.local','iid':'7e99630d-d276-4169-bd11-c23115a848fa','int_ip':'10.100.100.133','moduleid':2,'oid':'27c3229e-7f58-40c8-ad1a-799ff00e1781','plat':268435456,'sid':'20884ef9-0b46-4a29-9d58-832837729b10','tags':['workstations'],'this':'53a61288e12147c45c08c2d8673d23a2'}",2,"","fee09956-514b-4362-b659-16bb2f0ea17a",1732060066247,"WEL","108.171.103.70","hl-ws04.homelab.local","7e99630d-d276-4169-bd11-c23115a848fa","10.100.100.133",2,"27c3229e-7f58-40c8-ad1a-799ff00e1781",268435456,"20884ef9-0b46-4a29-9d58-832837729b10","['workstations']","53a61288e12147c45c08c2d8673d23a2"
"2024-11-19 23:47:46","{'EventData':{'Company':'Microsoft Corporation','Description':'Windows Cryptographic Primitives Library (Wow64)','FileVersion':'10.0.19041.3636 (WinBuild.160101.0800)','Hashes':'MD5=0971A56F462273CD81B76613F51B5580,SHA256=85D1979FF9C67865693BA050470DABFB39B3CCB105FBA755BF5626B9BBD450EF,IMPHASH=B6A247BEBBE359A2C85C40344E34AB03','Image':'C:\\Users\\pparker\\Downloads\\DriverUpdate_1_2.exe','ImageLoaded':'C:\\Windows\\SysWOW64\\bcrypt.dll','OriginalFileName':'bcrypt.dll','ProcessGuid':'{7b34ed3d-23cf-673d-b302-000000000b00}','ProcessId':'2920','Product':'Microsoft® Windows® Operating System','RuleName':'-','Signature':'Microsoft Windows','SignatureStatus':'Valid','Signed':'true','User':'HOMELAB\\pparker','UtcTime':'2024-11-19 23:48:31.332'},'System':{'Channel':'Microsoft-Windows-Sysmon/Operational','Computer':'HL-WS04.HOMELAB.local','Correlation':'','EventID':'7','EventRecordID':'12846','Execution':{'ProcessID':'2052','ThreadID':'4064'},'Keywords':'0x8000000000000000','Level':'4','Opcode':'0','Provider':{'Guid':'{5770385f-c22a-43e0-bf4c-06f5698ffbd9}','Name':'Microsoft-Windows-Sysmon'},'Security':{'UserID':'S-1-5-18'},'Task':'7','TimeCreated':{'SystemTime':'2024-11-19T23:48:31.4106357Z'},'Version':'3','_event_id':'7'}}","{'Company':'Microsoft Corporation','Description':'Windows Cryptographic Primitives Library (Wow64)','FileVersion':'10.0.19041.3636 (WinBuild.160101.0800)','Hashes':'MD5=0971A56F462273CD81B76613F51B5580,SHA256=85D1979FF9C67865693BA050470DABFB39B3CCB105FBA755BF5626B9BBD450EF,IMPHASH=B6A247BEBBE359A2C85C40344E34AB03','Image':'C:\\Users\\pparker\\Downloads\\DriverUpdate_1_2.exe','ImageLoaded':'C:\\Windows\\SysWOW64\\bcrypt.dll','OriginalFileName':'bcrypt.dll','ProcessGuid':'{7b34ed3d-23cf-673d-b302-000000000b00}','ProcessId':'2920','Product':'Microsoft® Windows® Operating System','RuleName':'-','Signature':'Microsoft Windows','SignatureStatus':'Valid','Signed':'true','User':'HOMELAB\\pparker','UtcTime':'2024-11-19 23:48:31.332'}",,"Microsoft Corporation",,,"Windows Cryptographic Primitives Library (Wow64)",,,,,,,,"10.0.19041.3636 (WinBuild.160101.0800)","MD5=0971A56F462273CD81B76613F51B5580,SHA256=85D1979FF9C67865693BA050470DABFB39B3CCB105FBA755BF5626B9BBD450EF,IMPHASH=B6A247BEBBE359A2C85C40344E34AB03","C:\Users\pparker\Downloads\DriverUpdate_1_2.exe","C:\Windows\SysWOW64\bcrypt.dll",,,,,"bcrypt.dll",,,,,,"{7b34ed3d-23cf-673d-b302-000000000b00}","2920","Microsoft® Windows® Operating System",,"-","Microsoft Windows","Valid","true",,,,,,,,,"HOMELAB\pparker","2024-11-19 23:48:31.332","{'Channel':'Microsoft-Windows-Sysmon/Operational','Computer':'HL-WS04.HOMELAB.local','Correlation':'','EventID':'7','EventRecordID':'12846','Execution':{'ProcessID':'2052','ThreadID':'4064'},'Keywords':'0x8000000000000000','Level':'4','Opcode':'0','Provider':{'Guid':'{5770385f-c22a-43e0-bf4c-06f5698ffbd9}','Name':'Microsoft-Windows-Sysmon'},'Security':{'UserID':'S-1-5-18'},'Task':'7','TimeCreated':{'SystemTime':'2024-11-19T23:48:31.4106357Z'},'Version':'3','_event_id':'7'}","7","Microsoft-Windows-Sysmon/Operational","HL-WS04.HOMELAB.local","","7","12846","{'ProcessID':'2052','ThreadID':'4064'}","2052","4064","0x8000000000000000","4","0","{'Guid':'{5770385f-c22a-43e0-bf4c-06f5698ffbd9}','Name':'Microsoft-Windows-Sysmon'}","{5770385f-c22a-43e0-bf4c-06f5698ffbd9}","Microsoft-Windows-Sysmon","S-1-5-18","7","2024-11-19T23:48:31.4106357Z","3","{'arch':2,'did':'','event_id':'9375d64b-d6ee-4d72-a8de-aab59d28520d','event_time':1732060066248,'event_type':'WEL','ext_ip':'108.171.103.70','hostname':'hl-ws04.homelab.local','iid':'7e99630d-d276-4169-bd11-c23115a848fa','int_ip':'10.100.100.133','moduleid':2,'oid':'27c3229e-7f58-40c8-ad1a-799ff00e1781','plat':268435456,'sid':'20884ef9-0b46-4a29-9d58-832837729b10','tags':['workstations'],'this':'91f57c14609e3b2204a56034673d23a2'}",2,"","9375d64b-d6ee-4d72-a8de-aab59d28520d",1732060066248,"WEL","108.171.103.70","hl-ws04.homelab.local","7e99630d-d276-4169-bd11-c23115a848fa","10.100.100.133",2,"27c3229e-7f58-40c8-ad1a-799ff00e1781",268435456,"20884ef9-0b46-4a29-9d58-832837729b10","['workstations']","91f57c14609e3b2204a56034673d23a2"
"2024-11-19 23:47:46","{'EventData':{'Company':'Microsoft Corporation','Description':'Shell Light-weight Utility Library','FileVersion':'10.0.19041.4355 (WinBuild.160101.0800)','Hashes':'MD5=9307CA03DEB012AAD98106D947BA6C7C,SHA256=549AEB1CAA35B334B036E36F4CF52EDA865F073830648D83E937AD909541E605,IMPHASH=69D5E7624245207078FE54B3CC3D1AC0','Image':'C:\\Users\\pparker\\Downloads\\DriverUpdate_1_2.exe','ImageLoaded':'C:\\Windows\\SysWOW64\\shlwapi.dll','OriginalFileName':'SHLWAPI.DLL','ProcessGuid':'{7b34ed3d-23cf-673d-b302-000000000b00}','ProcessId':'2920','Product':'Microsoft® Windows® Operating System','RuleName':'-','Signature':'Microsoft Windows','SignatureStatus':'Valid','Signed':'true','User':'HOMELAB\\pparker','UtcTime':'2024-11-19 23:48:31.333'},'System':{'Channel':'Microsoft-Windows-Sysmon/Operational','Computer':'HL-WS04.HOMELAB.local','Correlation':'','EventID':'7','EventRecordID':'12847','Execution':{'ProcessID':'2052','ThreadID':'4064'},'Keywords':'0x8000000000000000','Level':'4','Opcode':'0','Provider':{'Guid':'{5770385f-c22a-43e0-bf4c-06f5698ffbd9}','Name':'Microsoft-Windows-Sysmon'},'Security':{'UserID':'S-1-5-18'},'Task':'7','TimeCreated':{'SystemTime':'2024-11-19T23:48:31.4224758Z'},'Version':'3','_event_id':'7'}}","{'Company':'Microsoft Corporation','Description':'Shell Light-weight Utility Library','FileVersion':'10.0.19041.4355 (WinBuild.160101.0800)','Hashes':'MD5=9307CA03DEB012AAD98106D947BA6C7C,SHA256=549AEB1CAA35B334B036E36F4CF52EDA865F073830648D83E937AD909541E605,IMPHASH=69D5E7624245207078FE54B3CC3D1AC0','Image':'C:\\Users\\pparker\\Downloads\\DriverUpdate_1_2.exe','ImageLoaded':'C:\\Windows\\SysWOW64\\shlwapi.dll','OriginalFileName':'SHLWAPI.DLL','ProcessGuid':'{7b34ed3d-23cf-673d-b302-000000000b00}','ProcessId':'2920','Product':'Microsoft® Windows® Operating System','RuleName':'-','Signature':'Microsoft Windows','SignatureStatus':'Valid','Signed':'true','User':'HOMELAB\\pparker','UtcTime':'2024-11-19 23:48:31.333'}",,"Microsoft Corporation",,,"Shell Light-weight Utility Library",,,,,,,,"10.0.19041.4355 (WinBuild.160101.0800)","MD5=9307CA03DEB012AAD98106D947BA6C7C,SHA256=549AEB1CAA35B334B036E36F4CF52EDA865F073830648D83E937AD909541E605,IMPHASH=69D5E7624245207078FE54B3CC3D1AC0","C:\Users\pparker\Downloads\DriverUpdate_1_2.exe","C:\Windows\SysWOW64\shlwapi.dll",,,,,"SHLWAPI.DLL",,,,,,"{7b34ed3d-23cf-673d-b302-000000000b00}","2920","Microsoft® Windows® Operating System",,"-","Microsoft Windows","Valid","true",,,,,,,,,"HOMELAB\pparker","2024-11-19 23:48:31.333","{'Channel':'Microsoft-Windows-Sysmon/Operational','Computer':'HL-WS04.HOMELAB.local','Correlation':'','EventID':'7','EventRecordID':'12847','Execution':{'ProcessID':'2052','ThreadID':'4064'},'Keywords':'0x8000000000000000','Level':'4','Opcode':'0','Provider':{'Guid':'{5770385f-c22a-43e0-bf4c-06f5698ffbd9}','Name':'Microsoft-Windows-Sysmon'},'Security':{'UserID':'S-1-5-18'},'Task':'7','TimeCreated':{'SystemTime':'2024-11-19T23:48:31.4224758Z'},'Version':'3','_event_id':'7'}","7","Microsoft-Windows-Sysmon/Operational","HL-WS04.HOMELAB.local","","7","12847","{'ProcessID':'2052','ThreadID':'4064'}","2052","4064","0x8000000000000000","4","0","{'Guid':'{5770385f-c22a-43e0-bf4c-06f5698ffbd9}','Name':'Microsoft-Windows-Sysmon'}","{5770385f-c22a-43e0-bf4c-06f5698ffbd9}","Microsoft-Windows-Sysmon","S-1-5-18","7","2024-11-19T23:48:31.4224758Z","3","{'arch':2,'did':'','event_id':'ee5eec06-b655-4dac-a5e7-0c50e8d98d8f','event_time':1732060066248,'event_type':'WEL','ext_ip':'108.171.103.70','hostname':'hl-ws04.homelab.local','iid':'7e99630d-d276-4169-bd11-c23115a848fa','int_ip':'10.100.100.133','moduleid':2,'oid':'27c3229e-7f58-40c8-ad1a-799ff00e1781','plat':268435456,'sid':'20884ef9-0b46-4a29-9d58-832837729b10','tags':['workstations'],'this':'27be0ea052b70d304639d7b2673d23a2'}",2,"","ee5eec06-b655-4dac-a5e7-0c50e8d98d8f",1732060066248,"WEL","108.171.103.70","hl-ws04.homelab.local","7e99630d-d276-4169-bd11-c23115a848fa","10.100.100.133",2,"27c3229e-7f58-40c8-ad1a-799ff00e1781",268435456,"20884ef9-0b46-4a29-9d58-832837729b10","['workstations']","27be0ea052b70d304639d7b2673d23a2"
"2024-11-19 23:47:46","{'EventData':{'Company':'Microsoft Corporation','Description':'Multi-User Windows USER API Client DLL','FileVersion':'10.0.19041.5007 (WinBuild.160101.0800)','Hashes':'MD5=8C16D1E30535FC070A80315013E0D847,SHA256=7A41E66F592439DD2A2AC24A4CEA3C785D4712D11FDD2220F38A5178F038AA0D,IMPHASH=D3A0F6EDE596DAF46B66AEC0B3A2D4D5','Image':'C:\\Users\\pparker\\Downloads\\DriverUpdate_1_2.exe','ImageLoaded':'C:\\Windows\\SysWOW64\\user32.dll','OriginalFileName':'user32','ProcessGuid':'{7b34ed3d-23cf-673d-b302-000000000b00}','ProcessId':'2920','Product':'Microsoft® Windows® Operating System','RuleName':'-','Signature':'Microsoft Windows','SignatureStatus':'Valid','Signed':'true','User':'HOMELAB\\pparker','UtcTime':'2024-11-19 23:48:31.333'},'System':{'Channel':'Microsoft-Windows-Sysmon/Operational','Computer':'HL-WS04.HOMELAB.local','Correlation':'','EventID':'7','EventRecordID':'12848','Execution':{'ProcessID':'2052','ThreadID':'4064'},'Keywords':'0x8000000000000000','Level':'4','Opcode':'0','Provider':{'Guid':'{5770385f-c22a-43e0-bf4c-06f5698ffbd9}','Name':'Microsoft-Windows-Sysmon'},'Security':{'UserID':'S-1-5-18'},'Task':'7','TimeCreated':{'SystemTime':'2024-11-19T23:48:31.4431880Z'},'Version':'3','_event_id':'7'}}","{'Company':'Microsoft Corporation','Description':'Multi-User Windows USER API Client DLL','FileVersion':'10.0.19041.5007 (WinBuild.160101.0800)','Hashes':'MD5=8C16D1E30535FC070A80315013E0D847,SHA256=7A41E66F592439DD2A2AC24A4CEA3C785D4712D11FDD2220F38A5178F038AA0D,IMPHASH=D3A0F6EDE596DAF46B66AEC0B3A2D4D5','Image':'C:\\Users\\pparker\\Downloads\\DriverUpdate_1_2.exe','ImageLoaded':'C:\\Windows\\SysWOW64\\user32.dll','OriginalFileName':'user32','ProcessGuid':'{7b34ed3d-23cf-673d-b302-000000000b00}','ProcessId':'2920','Product':'Microsoft® Windows® Operating System','RuleName':'-','Signature':'Microsoft Windows','SignatureStatus':'Valid','Signed':'true','User':'HOMELAB\\pparker','UtcTime':'2024-11-19 23:48:31.333'}",,"Microsoft Corporation",,,"Multi-User Windows USER API Client DLL",,,,,,,,"10.0.19041.5007 (WinBuild.160101.0800)","MD5=8C16D1E30535FC070A80315013E0D847,SHA256=7A41E66F592439DD2A2AC24A4CEA3C785D4712D11FDD2220F38A5178F038AA0D,IMPHASH=D3A0F6EDE596DAF46B66AEC0B3A2D4D5","C:\Users\pparker\Downloads\DriverUpdate_1_2.exe","C:\Windows\SysWOW64\user32.dll",,,,,"user32",,,,,,"{7b34ed3d-23cf-673d-b302-000000000b00}","2920","Microsoft® Windows® Operating System",,"-","Microsoft Windows","Valid","true",,,,,,,,,"HOMELAB\pparker","2024-11-19 23:48:31.333","{'Channel':'Microsoft-Windows-Sysmon/Operational','Computer':'HL-WS04.HOMELAB.local','Correlation':'','EventID':'7','EventRecordID':'12848','Execution':{'ProcessID':'2052','ThreadID':'4064'},'Keywords':'0x8000000000000000','Level':'4','Opcode':'0','Provider':{'Guid':'{5770385f-c22a-43e0-bf4c-06f5698ffbd9}','Name':'Microsoft-Windows-Sysmon'},'Security':{'UserID':'S-1-5-18'},'Task':'7','TimeCreated':{'SystemTime':'2024-11-19T23:48:31.4431880Z'},'Version':'3','_event_id':'7'}","7","Microsoft-Windows-Sysmon/Operational","HL-WS04.HOMELAB.local","","7","12848","{'ProcessID':'2052','ThreadID':'4064'}","2052","4064","0x8000000000000000","4","0","{'Guid':'{5770385f-c22a-43e0-bf4c-06f5698ffbd9}','Name':'Microsoft-Windows-Sysmon'}","{5770385f-c22a-43e0-bf4c-06f5698ffbd9}","Microsoft-Windows-Sysmon","S-1-5-18","7","2024-11-19T23:48:31.4431880Z","3","{'arch':2,'did':'','event_id':'f127337c-2bad-456f-87a0-4efbbdb70eb4','event_time':1732060066248,'event_type':'WEL','ext_ip':'108.171.103.70','hostname':'hl-ws04.homelab.local','iid':'7e99630d-d276-4169-bd11-c23115a848fa','int_ip':'10.100.100.133','moduleid':2,'oid':'27c3229e-7f58-40c8-ad1a-799ff00e1781','plat':268435456,'sid':'20884ef9-0b46-4a29-9d58-832837729b10','tags':['workstations'],'this':'bb0d177a32b1f8e3d7df967f673d23a2'}",2,"","f127337c-2bad-456f-87a0-4efbbdb70eb4",1732060066248,"WEL","108.171.103.70","hl-ws04.homelab.local","7e99630d-d276-4169-bd11-c23115a848fa","10.100.100.133",2,"27c3229e-7f58-40c8-ad1a-799ff00e1781",268435456,"20884ef9-0b46-4a29-9d58-832837729b10","['workstations']","bb0d177a32b1f8e3d7df967f673d23a2"
"2024-11-19 23:47:46","{'EventData':{'Company':'Microsoft Corporation','Description':'Win32u','FileVersion':'10.0.19041.5007 (WinBuild.160101.0800)','Hashes':'MD5=DCE84A117C01847D8E548B73DA3F04BC,SHA256=20615AB6DF55CE678E834965783CB748D0FB42E0C42BFB6D67E73EB467BE6923,IMPHASH=5D2578ED274AAD83C30A3917C98404EE','Image':'C:\\Users\\pparker\\Downloads\\DriverUpdate_1_2.exe','ImageLoaded':'C:\\Windows\\SysWOW64\\win32u.dll','OriginalFileName':'Win32u.DLL','ProcessGuid':'{7b34ed3d-23cf-673d-b302-000000000b00}','ProcessId':'2920','Product':'Microsoft® Windows® Operating System','RuleName':'-','Signature':'Microsoft Windows','SignatureStatus':'Valid','Signed':'true','User':'HOMELAB\\pparker','UtcTime':'2024-11-19 23:48:31.338'},'System':{'Channel':'Microsoft-Windows-Sysmon/Operational','Computer':'HL-WS04.HOMELAB.local','Correlation':'','EventID':'7','EventRecordID':'12849','Execution':{'ProcessID':'2052','ThreadID':'4064'},'Keywords':'0x8000000000000000','Level':'4','Opcode':'0','Provider':{'Guid':'{5770385f-c22a-43e0-bf4c-06f5698ffbd9}','Name':'Microsoft-Windows-Sysmon'},'Security':{'UserID':'S-1-5-18'},'Task':'7','TimeCreated':{'SystemTime':'2024-11-19T23:48:31.4482361Z'},'Version':'3','_event_id':'7'}}","{'Company':'Microsoft Corporation','Description':'Win32u','FileVersion':'10.0.19041.5007 (WinBuild.160101.0800)','Hashes':'MD5=DCE84A117C01847D8E548B73DA3F04BC,SHA256=20615AB6DF55CE678E834965783CB748D0FB42E0C42BFB6D67E73EB467BE6923,IMPHASH=5D2578ED274AAD83C30A3917C98404EE','Image':'C:\\Users\\pparker\\Downloads\\DriverUpdate_1_2.exe','ImageLoaded':'C:\\Windows\\SysWOW64\\win32u.dll','OriginalFileName':'Win32u.DLL','ProcessGuid':'{7b34ed3d-23cf-673d-b302-000000000b00}','ProcessId':'2920','Product':'Microsoft® Windows® Operating System','RuleName':'-','Signature':'Microsoft Windows','SignatureStatus':'Valid','Signed':'true','User':'HOMELAB\\pparker','UtcTime':'2024-11-19 23:48:31.338'}",,"Microsoft Corporation",,,"Win32u",,,,,,,,"10.0.19041.5007 (WinBuild.160101.0800)","MD5=DCE84A117C01847D8E548B73DA3F04BC,SHA256=20615AB6DF55CE678E834965783CB748D0FB42E0C42BFB6D67E73EB467BE6923,IMPHASH=5D2578ED274AAD83C30A3917C98404EE","C:\Users\pparker\Downloads\DriverUpdate_1_2.exe","C:\Windows\SysWOW64\win32u.dll",,,,,"Win32u.DLL",,,,,,"{7b34ed3d-23cf-673d-b302-000000000b00}","2920","Microsoft® Windows® Operating System",,"-","Microsoft Windows","Valid","true",,,,,,,,,"HOMELAB\pparker","2024-11-19 23:48:31.338","{'Channel':'Microsoft-Windows-Sysmon/Operational','Computer':'HL-WS04.HOMELAB.local','Correlation':'','EventID':'7','EventRecordID':'12849','Execution':{'ProcessID':'2052','ThreadID':'4064'},'Keywords':'0x8000000000000000','Level':'4','Opcode':'0','Provider':{'Guid':'{5770385f-c22a-43e0-bf4c-06f5698ffbd9}','Name':'Microsoft-Windows-Sysmon'},'Security':{'UserID':'S-1-5-18'},'Task':'7','TimeCreated':{'SystemTime':'2024-11-19T23:48:31.4482361Z'},'Version':'3','_event_id':'7'}","7","Microsoft-Windows-Sysmon/Operational","HL-WS04.HOMELAB.local","","7","12849","{'ProcessID':'2052','ThreadID':'4064'}","2052","4064","0x8000000000000000","4","0","{'Guid':'{5770385f-c22a-43e0-bf4c-06f5698ffbd9}','Name':'Microsoft-Windows-Sysmon'}","{5770385f-c22a-43e0-bf4c-06f5698ffbd9}","Microsoft-Windows-Sysmon","S-1-5-18","7","2024-11-19T23:48:31.4482361Z","3","{'arch':2,'did':'','event_id':'d8ff3c57-c67f-42bd-94ae-5e3a0d7b416d','event_time':1732060066249,'event_type':'WEL','ext_ip':'108.171.103.70','hostname':'hl-ws04.homelab.local','iid':'7e99630d-d276-4169-bd11-c23115a848fa','int_ip':'10.100.100.133','moduleid':2,'oid':'27c3229e-7f58-40c8-ad1a-799ff00e1781','plat':268435456,'sid':'20884ef9-0b46-4a29-9d58-832837729b10','tags':['workstations'],'this':'b1bc5ca2c54a02ae8d4d01e8673d23a2'}",2,"","d8ff3c57-c67f-42bd-94ae-5e3a0d7b416d",1732060066249,"WEL","108.171.103.70","hl-ws04.homelab.local","7e99630d-d276-4169-bd11-c23115a848fa","10.100.100.133",2,"27c3229e-7f58-40c8-ad1a-799ff00e1781",268435456,"20884ef9-0b46-4a29-9d58-832837729b10","['workstations']","b1bc5ca2c54a02ae8d4d01e8673d23a2"
"2024-11-19 23:47:46","{'EventData':{'Company':'Microsoft Corporation','Description':'GDI Client DLL','FileVersion':'10.0.19041.4474 (WinBuild.160101.0800)','Hashes':'MD5=AF54E72FD8BA0357763B85DCFF367F0D,SHA256=5F371373CFEB61533386BB327EFC9032907572074C82E3B41330839DF9969417,IMPHASH=D6485FF25987C4EE7930F552022263DC','Image':'C:\\Users\\pparker\\Downloads\\DriverUpdate_1_2.exe','ImageLoaded':'C:\\Windows\\SysWOW64\\gdi32.dll','OriginalFileName':'gdi32','ProcessGuid':'{7b34ed3d-23cf-673d-b302-000000000b00}','ProcessId':'2920','Product':'Microsoft® Windows® Operating System','RuleName':'-','Signature':'Microsoft Windows','SignatureStatus':'Valid','Signed':'true','User':'HOMELAB\\pparker','UtcTime':'2024-11-19 23:48:31.339'},'System':{'Channel':'Microsoft-Windows-Sysmon/Operational','Computer':'HL-WS04.HOMELAB.local','Correlation':'','EventID':'7','EventRecordID':'12850','Execution':{'ProcessID':'2052','ThreadID':'4064'},'Keywords':'0x8000000000000000','Level':'4','Opcode':'0','Provider':{'Guid':'{5770385f-c22a-43e0-bf4c-06f5698ffbd9}','Name':'Microsoft-Windows-Sysmon'},'Security':{'UserID':'S-1-5-18'},'Task':'7','TimeCreated':{'SystemTime':'2024-11-19T23:48:31.4535164Z'},'Version':'3','_event_id':'7'}}","{'Company':'Microsoft Corporation','Description':'GDI Client DLL','FileVersion':'10.0.19041.4474 (WinBuild.160101.0800)','Hashes':'MD5=AF54E72FD8BA0357763B85DCFF367F0D,SHA256=5F371373CFEB61533386BB327EFC9032907572074C82E3B41330839DF9969417,IMPHASH=D6485FF25987C4EE7930F552022263DC','Image':'C:\\Users\\pparker\\Downloads\\DriverUpdate_1_2.exe','ImageLoaded':'C:\\Windows\\SysWOW64\\gdi32.dll','OriginalFileName':'gdi32','ProcessGuid':'{7b34ed3d-23cf-673d-b302-000000000b00}','ProcessId':'2920','Product':'Microsoft® Windows® Operating System','RuleName':'-','Signature':'Microsoft Windows','SignatureStatus':'Valid','Signed':'true','User':'HOMELAB\\pparker','UtcTime':'2024-11-19 23:48:31.339'}",,"Microsoft Corporation",,,"GDI Client DLL",,,,,,,,"10.0.19041.4474 (WinBuild.160101.0800)","MD5=AF54E72FD8BA0357763B85DCFF367F0D,SHA256=5F371373CFEB61533386BB327EFC9032907572074C82E3B41330839DF9969417,IMPHASH=D6485FF25987C4EE7930F552022263DC","C:\Users\pparker\Downloads\DriverUpdate_1_2.exe","C:\Windows\SysWOW64\gdi32.dll",,,,,"gdi32",,,,,,"{7b34ed3d-23cf-673d-b302-000000000b00}","2920","Microsoft® Windows® Operating System",,"-","Microsoft Windows","Valid","true",,,,,,,,,"HOMELAB\pparker","2024-11-19 23:48:31.339","{'Channel':'Microsoft-Windows-Sysmon/Operational','Computer':'HL-WS04.HOMELAB.local','Correlation':'','EventID':'7','EventRecordID':'12850','Execution':{'ProcessID':'2052','ThreadID':'4064'},'Keywords':'0x8000000000000000','Level':'4','Opcode':'0','Provider':{'Guid':'{5770385f-c22a-43e0-bf4c-06f5698ffbd9}','Name':'Microsoft-Windows-Sysmon'},'Security':{'UserID':'S-1-5-18'},'Task':'7','TimeCreated':{'SystemTime':'2024-11-19T23:48:31.4535164Z'},'Version':'3','_event_id':'7'}","7","Microsoft-Windows-Sysmon/Operational","HL-WS04.HOMELAB.local","","7","12850","{'ProcessID':'2052','ThreadID':'4064'}","2052","4064","0x8000000000000000","4","0","{'Guid':'{5770385f-c22a-43e0-bf4c-06f5698ffbd9}','Name':'Microsoft-Windows-Sysmon'}","{5770385f-c22a-43e0-bf4c-06f5698ffbd9}","Microsoft-Windows-Sysmon","S-1-5-18","7","2024-11-19T23:48:31.4535164Z","3","{'arch':2,'did':'','event_id':'3ac87140-964a-4584-8575-466ac93b1eb0','event_time':1732060066249,'event_type':'WEL','ext_ip':'108.171.103.70','hostname':'hl-ws04.homelab.local','iid':'7e99630d-d276-4169-bd11-c23115a848fa','int_ip':'10.100.100.133','moduleid':2,'oid':'27c3229e-7f58-40c8-ad1a-799ff00e1781','plat':268435456,'sid':'20884ef9-0b46-4a29-9d58-832837729b10','tags':['workstations'],'this':'06e0e6ba7cb97965783688b8673d23a2'}",2,"","3ac87140-964a-4584-8575-466ac93b1eb0",1732060066249,"WEL","108.171.103.70","hl-ws04.homelab.local","7e99630d-d276-4169-bd11-c23115a848fa","10.100.100.133",2,"27c3229e-7f58-40c8-ad1a-799ff00e1781",268435456,"20884ef9-0b46-4a29-9d58-832837729b10","['workstations']","06e0e6ba7cb97965783688b8673d23a2"
"2024-11-19 23:47:46","{'EventData':{'Company':'Microsoft Corporation','Description':'GDI Client DLL','FileVersion':'10.0.19041.5007 (WinBuild.160101.0800)','Hashes':'MD5=CC3EE6E008284F9205432711B08C9F39,SHA256=54A767C1D87BBBFB40CBB04642A84A0C2F11E4E1F25A59346BAAB8E9DC913ACC,IMPHASH=5F8D4A81BD3B22F1D106D948EB4BCFCE','Image':'C:\\Users\\pparker\\Downloads\\DriverUpdate_1_2.exe','ImageLoaded':'C:\\Windows\\SysWOW64\\gdi32full.dll','OriginalFileName':'gdi32','ProcessGuid':'{7b34ed3d-23cf-673d-b302-000000000b00}','ProcessId':'2920','Product':'Microsoft® Windows® Operating System','RuleName':'-','Signature':'Microsoft Windows','SignatureStatus':'Valid','Signed':'true','User':'HOMELAB\\pparker','UtcTime':'2024-11-19 23:48:31.339'},'System':{'Channel':'Microsoft-Windows-Sysmon/Operational','Computer':'HL-WS04.HOMELAB.local','Correlation':'','EventID':'7','EventRecordID':'12851','Execution':{'ProcessID':'2052','ThreadID':'4064'},'Keywords':'0x8000000000000000','Level':'4','Opcode':'0','Provider':{'Guid':'{5770385f-c22a-43e0-bf4c-06f5698ffbd9}','Name':'Microsoft-Windows-Sysmon'},'Security':{'UserID':'S-1-5-18'},'Task':'7','TimeCreated':{'SystemTime':'2024-11-19T23:48:31.4709454Z'},'Version':'3','_event_id':'7'}}","{'Company':'Microsoft Corporation','Description':'GDI Client DLL','FileVersion':'10.0.19041.5007 (WinBuild.160101.0800)','Hashes':'MD5=CC3EE6E008284F9205432711B08C9F39,SHA256=54A767C1D87BBBFB40CBB04642A84A0C2F11E4E1F25A59346BAAB8E9DC913ACC,IMPHASH=5F8D4A81BD3B22F1D106D948EB4BCFCE','Image':'C:\\Users\\pparker\\Downloads\\DriverUpdate_1_2.exe','ImageLoaded':'C:\\Windows\\SysWOW64\\gdi32full.dll','OriginalFileName':'gdi32','ProcessGuid':'{7b34ed3d-23cf-673d-b302-000000000b00}','ProcessId':'2920','Product':'Microsoft® Windows® Operating System','RuleName':'-','Signature':'Microsoft Windows','SignatureStatus':'Valid','Signed':'true','User':'HOMELAB\\pparker','UtcTime':'2024-11-19 23:48:31.339'}",,"Microsoft Corporation",,,"GDI Client DLL",,,,,,,,"10.0.19041.5007 (WinBuild.160101.0800)","MD5=CC3EE6E008284F9205432711B08C9F39,SHA256=54A767C1D87BBBFB40CBB04642A84A0C2F11E4E1F25A59346BAAB8E9DC913ACC,IMPHASH=5F8D4A81BD3B22F1D106D948EB4BCFCE","C:\Users\pparker\Downloads\DriverUpdate_1_2.exe","C:\Windows\SysWOW64\gdi32full.dll",,,,,"gdi32",,,,,,"{7b34ed3d-23cf-673d-b302-000000000b00}","2920","Microsoft® Windows® Operating System",,"-","Microsoft Windows","Valid","true",,,,,,,,,"HOMELAB\pparker","2024-11-19 23:48:31.339","{'Channel':'Microsoft-Windows-Sysmon/Operational','Computer':'HL-WS04.HOMELAB.local','Correlation':'','EventID':'7','EventRecordID':'12851','Execution':{'ProcessID':'2052','ThreadID':'4064'},'Keywords':'0x8000000000000000','Level':'4','Opcode':'0','Provider':{'Guid':'{5770385f-c22a-43e0-bf4c-06f5698ffbd9}','Name':'Microsoft-Windows-Sysmon'},'Security':{'UserID':'S-1-5-18'},'Task':'7','TimeCreated':{'SystemTime':'2024-11-19T23:48:31.4709454Z'},'Version':'3','_event_id':'7'}","7","Microsoft-Windows-Sysmon/Operational","HL-WS04.HOMELAB.local","","7","12851","{'ProcessID':'2052','ThreadID':'4064'}","2052","4064","0x8000000000000000","4","0","{'Guid':'{5770385f-c22a-43e0-bf4c-06f5698ffbd9}','Name':'Microsoft-Windows-Sysmon'}","{5770385f-c22a-43e0-bf4c-06f5698ffbd9}","Microsoft-Windows-Sysmon","S-1-5-18","7","2024-11-19T23:48:31.4709454Z","3","{'arch':2,'did':'','event_id':'081b0702-cb4c-45b2-9e91-77470cd897f1','event_time':1732060066250,'event_type':'WEL','ext_ip':'108.171.103.70','hostname':'hl-ws04.homelab.local','iid':'7e99630d-d276-4169-bd11-c23115a848fa','int_ip':'10.100.100.133','moduleid':2,'oid':'27c3229e-7f58-40c8-ad1a-799ff00e1781','plat':268435456,'sid':'20884ef9-0b46-4a29-9d58-832837729b10','tags':['workstations'],'this':'bb6108e4684bd0223cd3ca3e673d23a2'}",2,"","081b0702-cb4c-45b2-9e91-77470cd897f1",1732060066250,"WEL","108.171.103.70","hl-ws04.homelab.local","7e99630d-d276-4169-bd11-c23115a848fa","10.100.100.133",2,"27c3229e-7f58-40c8-ad1a-799ff00e1781",268435456,"20884ef9-0b46-4a29-9d58-832837729b10","['workstations']","bb6108e4684bd0223cd3ca3e673d23a2"
"2024-11-19 23:47:46","{'EventData':{'Company':'Microsoft Corporation','Description':'Microsoft® C Runtime Library','FileVersion':'10.0.19041.3636 (WinBuild.160101.0800)','Hashes':'MD5=BBC3C4543A00BC1E2130921DDC3ED3CA,SHA256=55043A5DBE9B4BFE50E2E6BE0BDF77A69A075BECC520700DCAFFB1D9F7686138,IMPHASH=FA1F74A3FA2AD9CEA261D3EC572D5822','Image':'C:\\Users\\pparker\\Downloads\\DriverUpdate_1_2.exe','ImageLoaded':'C:\\Windows\\SysWOW64\\msvcp_win.dll','OriginalFileName':'msvcp_win.dll','ProcessGuid':'{7b34ed3d-23cf-673d-b302-000000000b00}','ProcessId':'2920','Product':'Microsoft® Windows® Operating System','RuleName':'-','Signature':'Microsoft Windows','SignatureStatus':'Valid','Signed':'true','User':'HOMELAB\\pparker','UtcTime':'2024-11-19 23:48:31.340'},'System':{'Channel':'Microsoft-Windows-Sysmon/Operational','Computer':'HL-WS04.HOMELAB.local','Correlation':'','EventID':'7','EventRecordID':'12852','Execution':{'ProcessID':'2052','ThreadID':'4064'},'Keywords':'0x8000000000000000','Level':'4','Opcode':'0','Provider':{'Guid':'{5770385f-c22a-43e0-bf4c-06f5698ffbd9}','Name':'Microsoft-Windows-Sysmon'},'Security':{'UserID':'S-1-5-18'},'Task':'7','TimeCreated':{'SystemTime':'2024-11-19T23:48:31.5195535Z'},'Version':'3','_event_id':'7'}}","{'Company':'Microsoft Corporation','Description':'Microsoft® C Runtime Library','FileVersion':'10.0.19041.3636 (WinBuild.160101.0800)','Hashes':'MD5=BBC3C4543A00BC1E2130921DDC3ED3CA,SHA256=55043A5DBE9B4BFE50E2E6BE0BDF77A69A075BECC520700DCAFFB1D9F7686138,IMPHASH=FA1F74A3FA2AD9CEA261D3EC572D5822','Image':'C:\\Users\\pparker\\Downloads\\DriverUpdate_1_2.exe','ImageLoaded':'C:\\Windows\\SysWOW64\\msvcp_win.dll','OriginalFileName':'msvcp_win.dll','ProcessGuid':'{7b34ed3d-23cf-673d-b302-000000000b00}','ProcessId':'2920','Product':'Microsoft® Windows® Operating System','RuleName':'-','Signature':'Microsoft Windows','SignatureStatus':'Valid','Signed':'true','User':'HOMELAB\\pparker','UtcTime':'2024-11-19 23:48:31.340'}",,"Microsoft Corporation",,,"Microsoft® C Runtime Library",,,,,,,,"10.0.19041.3636 (WinBuild.160101.0800)","MD5=BBC3C4543A00BC1E2130921DDC3ED3CA,SHA256=55043A5DBE9B4BFE50E2E6BE0BDF77A69A075BECC520700DCAFFB1D9F7686138,IMPHASH=FA1F74A3FA2AD9CEA261D3EC572D5822","C:\Users\pparker\Downloads\DriverUpdate_1_2.exe","C:\Windows\SysWOW64\msvcp_win.dll",,,,,"msvcp_win.dll",,,,,,"{7b34ed3d-23cf-673d-b302-000000000b00}","2920","Microsoft® Windows® Operating System",,"-","Microsoft Windows","Valid","true",,,,,,,,,"HOMELAB\pparker","2024-11-19 23:48:31.340","{'Channel':'Microsoft-Windows-Sysmon/Operational','Computer':'HL-WS04.HOMELAB.local','Correlation':'','EventID':'7','EventRecordID':'12852','Execution':{'ProcessID':'2052','ThreadID':'4064'},'Keywords':'0x8000000000000000','Level':'4','Opcode':'0','Provider':{'Guid':'{5770385f-c22a-43e0-bf4c-06f5698ffbd9}','Name':'Microsoft-Windows-Sysmon'},'Security':{'UserID':'S-1-5-18'},'Task':'7','TimeCreated':{'SystemTime':'2024-11-19T23:48:31.5195535Z'},'Version':'3','_event_id':'7'}","7","Microsoft-Windows-Sysmon/Operational","HL-WS04.HOMELAB.local","","7","12852","{'ProcessID':'2052','ThreadID':'4064'}","2052","4064","0x8000000000000000","4","0","{'Guid':'{5770385f-c22a-43e0-bf4c-06f5698ffbd9}','Name':'Microsoft-Windows-Sysmon'}","{5770385f-c22a-43e0-bf4c-06f5698ffbd9}","Microsoft-Windows-Sysmon","S-1-5-18","7","2024-11-19T23:48:31.5195535Z","3","{'arch':2,'did':'','event_id':'d1a63a9c-6401-45d5-a7d5-18612e013ea5','event_time':1732060066250,'event_type':'WEL','ext_ip':'108.171.103.70','hostname':'hl-ws04.homelab.local','iid':'7e99630d-d276-4169-bd11-c23115a848fa','int_ip':'10.100.100.133','moduleid':2,'oid':'27c3229e-7f58-40c8-ad1a-799ff00e1781','plat':268435456,'sid':'20884ef9-0b46-4a29-9d58-832837729b10','tags':['workstations'],'this':'1f75b37f1a72bff302479638673d23a2'}",2,"","d1a63a9c-6401-45d5-a7d5-18612e013ea5",1732060066250,"WEL","108.171.103.70","hl-ws04.homelab.local","7e99630d-d276-4169-bd11-c23115a848fa","10.100.100.133",2,"27c3229e-7f58-40c8-ad1a-799ff00e1781",268435456,"20884ef9-0b46-4a29-9d58-832837729b10","['workstations']","1f75b37f1a72bff302479638673d23a2"
"2024-11-19 23:47:46","{'EventData':{'Company':'Microsoft Corporation','Description':'Run time utility for Internet Explorer','FileVersion':'11.00.19041.5007 (WinBuild.160101.0800)','Hashes':'MD5=70BEBEBF5399B988C88E2A07CBE29760,SHA256=6765F62F4E8C69EE6F39B105A821B95A315CC429664993A66F5576CFC0E1AA0E,IMPHASH=96D5F357BF219F683CCE0B277D79E26F','Image':'C:\\Users\\pparker\\Downloads\\DriverUpdate_1_2.exe','ImageLoaded':'C:\\Windows\\SysWOW64\\iertutil.dll','OriginalFileName':'IeRtUtil.dll','ProcessGuid':'{7b34ed3d-23cf-673d-b302-000000000b00}','ProcessId':'2920','Product':'Internet Explorer','RuleName':'-','Signature':'Microsoft Windows','SignatureStatus':'Valid','Signed':'true','User':'HOMELAB\\pparker','UtcTime':'2024-11-19 23:48:31.441'},'System':{'Channel':'Microsoft-Windows-Sysmon/Operational','Computer':'HL-WS04.HOMELAB.local','Correlation':'','EventID':'7','EventRecordID':'12853','Execution':{'ProcessID':'2052','ThreadID':'3948'},'Keywords':'0x8000000000000000','Level':'4','Opcode':'0','Provider':{'Guid':'{5770385f-c22a-43e0-bf4c-06f5698ffbd9}','Name':'Microsoft-Windows-Sysmon'},'Security':{'UserID':'S-1-5-18'},'Task':'7','TimeCreated':{'SystemTime':'2024-11-19T23:48:31.5208286Z'},'Version':'3','_event_id':'7'}}","{'Company':'Microsoft Corporation','Description':'Run time utility for Internet Explorer','FileVersion':'11.00.19041.5007 (WinBuild.160101.0800)','Hashes':'MD5=70BEBEBF5399B988C88E2A07CBE29760,SHA256=6765F62F4E8C69EE6F39B105A821B95A315CC429664993A66F5576CFC0E1AA0E,IMPHASH=96D5F357BF219F683CCE0B277D79E26F','Image':'C:\\Users\\pparker\\Downloads\\DriverUpdate_1_2.exe','ImageLoaded':'C:\\Windows\\SysWOW64\\iertutil.dll','OriginalFileName':'IeRtUtil.dll','ProcessGuid':'{7b34ed3d-23cf-673d-b302-000000000b00}','ProcessId':'2920','Product':'Internet Explorer','RuleName':'-','Signature':'Microsoft Windows','SignatureStatus':'Valid','Signed':'true','User':'HOMELAB\\pparker','UtcTime':'2024-11-19 23:48:31.441'}",,"Microsoft Corporation",,,"Run time utility for Internet Explorer",,,,,,,,"11.00.19041.5007 (WinBuild.160101.0800)","MD5=70BEBEBF5399B988C88E2A07CBE29760,SHA256=6765F62F4E8C69EE6F39B105A821B95A315CC429664993A66F5576CFC0E1AA0E,IMPHASH=96D5F357BF219F683CCE0B277D79E26F","C:\Users\pparker\Downloads\DriverUpdate_1_2.exe","C:\Windows\SysWOW64\iertutil.dll",,,,,"IeRtUtil.dll",,,,,,"{7b34ed3d-23cf-673d-b302-000000000b00}","2920","Internet Explorer",,"-","Microsoft Windows","Valid","true",,,,,,,,,"HOMELAB\pparker","2024-11-19 23:48:31.441","{'Channel':'Microsoft-Windows-Sysmon/Operational','Computer':'HL-WS04.HOMELAB.local','Correlation':'','EventID':'7','EventRecordID':'12853','Execution':{'ProcessID':'2052','ThreadID':'3948'},'Keywords':'0x8000000000000000','Level':'4','Opcode':'0','Provider':{'Guid':'{5770385f-c22a-43e0-bf4c-06f5698ffbd9}','Name':'Microsoft-Windows-Sysmon'},'Security':{'UserID':'S-1-5-18'},'Task':'7','TimeCreated':{'SystemTime':'2024-11-19T23:48:31.5208286Z'},'Version':'3','_event_id':'7'}","7","Microsoft-Windows-Sysmon/Operational","HL-WS04.HOMELAB.local","","7","12853","{'ProcessID':'2052','ThreadID':'3948'}","2052","3948","0x8000000000000000","4","0","{'Guid':'{5770385f-c22a-43e0-bf4c-06f5698ffbd9}','Name':'Microsoft-Windows-Sysmon'}","{5770385f-c22a-43e0-bf4c-06f5698ffbd9}","Microsoft-Windows-Sysmon","S-1-5-18","7","2024-11-19T23:48:31.5208286Z","3","{'arch':2,'did':'','event_id':'2fa196a3-d9c3-48ac-b39a-74579a3ca83a','event_time':1732060066250,'event_type':'WEL','ext_ip':'108.171.103.70','hostname':'hl-ws04.homelab.local','iid':'7e99630d-d276-4169-bd11-c23115a848fa','int_ip':'10.100.100.133','moduleid':2,'oid':'27c3229e-7f58-40c8-ad1a-799ff00e1781','plat':268435456,'sid':'20884ef9-0b46-4a29-9d58-832837729b10','tags':['workstations'],'this':'1446735e435ad3ba596a8f4f673d23a2'}",2,"","2fa196a3-d9c3-48ac-b39a-74579a3ca83a",1732060066250,"WEL","108.171.103.70","hl-ws04.homelab.local","7e99630d-d276-4169-bd11-c23115a848fa","10.100.100.133",2,"27c3229e-7f58-40c8-ad1a-799ff00e1781",268435456,"20884ef9-0b46-4a29-9d58-832837729b10","['workstations']","1446735e435ad3ba596a8f4f673d23a2"
"2024-11-19 23:47:46","{'EventData':{'Company':'Microsoft Corporation','Description':'Microsoft® C Runtime Library','FileVersion':'10.0.19041.3636 (WinBuild.160101.0800)','Hashes':'MD5=D4CF3FD5E8EE95431CFEA69FA84AE57D,SHA256=71358D729B01BDF38DBE5440705EA68EA9225F93C834F45C5687B0EA2B417C4E,IMPHASH=EA37CB467EA2ADB2B776C1C8C105007C','Image':'C:\\Users\\pparker\\Downloads\\DriverUpdate_1_2.exe','ImageLoaded':'C:\\Windows\\SysWOW64\\ucrtbase.dll','OriginalFileName':'ucrtbase.dll','ProcessGuid':'{7b34ed3d-23cf-673d-b302-000000000b00}','ProcessId':'2920','Product':'Microsoft® Windows® Operating System','RuleName':'-','Signature':'Microsoft Windows','SignatureStatus':'Valid','Signed':'true','User':'HOMELAB\\pparker','UtcTime':'2024-11-19 23:48:31.341'},'System':{'Channel':'Microsoft-Windows-Sysmon/Operational','Computer':'HL-WS04.HOMELAB.local','Correlation':'','EventID':'7','EventRecordID':'12854','Execution':{'ProcessID':'2052','ThreadID':'4064'},'Keywords':'0x8000000000000000','Level':'4','Opcode':'0','Provider':{'Guid':'{5770385f-c22a-43e0-bf4c-06f5698ffbd9}','Name':'Microsoft-Windows-Sysmon'},'Security':{'UserID':'S-1-5-18'},'Task':'7','TimeCreated':{'SystemTime':'2024-11-19T23:48:31.5606591Z'},'Version':'3','_event_id':'7'}}","{'Company':'Microsoft Corporation','Description':'Microsoft® C Runtime Library','FileVersion':'10.0.19041.3636 (WinBuild.160101.0800)','Hashes':'MD5=D4CF3FD5E8EE95431CFEA69FA84AE57D,SHA256=71358D729B01BDF38DBE5440705EA68EA9225F93C834F45C5687B0EA2B417C4E,IMPHASH=EA37CB467EA2ADB2B776C1C8C105007C','Image':'C:\\Users\\pparker\\Downloads\\DriverUpdate_1_2.exe','ImageLoaded':'C:\\Windows\\SysWOW64\\ucrtbase.dll','OriginalFileName':'ucrtbase.dll','ProcessGuid':'{7b34ed3d-23cf-673d-b302-000000000b00}','ProcessId':'2920','Product':'Microsoft® Windows® Operating System','RuleName':'-','Signature':'Microsoft Windows','SignatureStatus':'Valid','Signed':'true','User':'HOMELAB\\pparker','UtcTime':'2024-11-19 23:48:31.341'}",,"Microsoft Corporation",,,"Microsoft® C Runtime Library",,,,,,,,"10.0.19041.3636 (WinBuild.160101.0800)","MD5=D4CF3FD5E8EE95431CFEA69FA84AE57D,SHA256=71358D729B01BDF38DBE5440705EA68EA9225F93C834F45C5687B0EA2B417C4E,IMPHASH=EA37CB467EA2ADB2B776C1C8C105007C","C:\Users\pparker\Downloads\DriverUpdate_1_2.exe","C:\Windows\SysWOW64\ucrtbase.dll",,,,,"ucrtbase.dll",,,,,,"{7b34ed3d-23cf-673d-b302-000000000b00}","2920","Microsoft® Windows® Operating System",,"-","Microsoft Windows","Valid","true",,,,,,,,,"HOMELAB\pparker","2024-11-19 23:48:31.341","{'Channel':'Microsoft-Windows-Sysmon/Operational','Computer':'HL-WS04.HOMELAB.local','Correlation':'','EventID':'7','EventRecordID':'12854','Execution':{'ProcessID':'2052','ThreadID':'4064'},'Keywords':'0x8000000000000000','Level':'4','Opcode':'0','Provider':{'Guid':'{5770385f-c22a-43e0-bf4c-06f5698ffbd9}','Name':'Microsoft-Windows-Sysmon'},'Security':{'UserID':'S-1-5-18'},'Task':'7','TimeCreated':{'SystemTime':'2024-11-19T23:48:31.5606591Z'},'Version':'3','_event_id':'7'}","7","Microsoft-Windows-Sysmon/Operational","HL-WS04.HOMELAB.local","","7","12854","{'ProcessID':'2052','ThreadID':'4064'}","2052","4064","0x8000000000000000","4","0","{'Guid':'{5770385f-c22a-43e0-bf4c-06f5698ffbd9}','Name':'Microsoft-Windows-Sysmon'}","{5770385f-c22a-43e0-bf4c-06f5698ffbd9}","Microsoft-Windows-Sysmon","S-1-5-18","7","2024-11-19T23:48:31.5606591Z","3","{'arch':2,'did':'','event_id':'6ad6b62b-88de-4b1b-a15e-6e4c6c7bac91','event_time':1732060066250,'event_type':'WEL','ext_ip':'108.171.103.70','hostname':'hl-ws04.homelab.local','iid':'7e99630d-d276-4169-bd11-c23115a848fa','int_ip':'10.100.100.133','moduleid':2,'oid':'27c3229e-7f58-40c8-ad1a-799ff00e1781','plat':268435456,'sid':'20884ef9-0b46-4a29-9d58-832837729b10','tags':['workstations'],'this':'f851c35abc6e073904333383673d23a2'}",2,"","6ad6b62b-88de-4b1b-a15e-6e4c6c7bac91",1732060066250,"WEL","108.171.103.70","hl-ws04.homelab.local","7e99630d-d276-4169-bd11-c23115a848fa","10.100.100.133",2,"27c3229e-7f58-40c8-ad1a-799ff00e1781",268435456,"20884ef9-0b46-4a29-9d58-832837729b10","['workstations']","f851c35abc6e073904333383673d23a2"
"2024-11-19 23:47:46","{'EventData':{'Company':'Microsoft Corporation','Description':'Server Service Client DLL','FileVersion':'10.0.19041.3636 (WinBuild.160101.0800)','Hashes':'MD5=7E7D3B15235137E5F6030A575CCDB801,SHA256=75D411B204AC8A288DBDE8892394569439E9D163D21FDB8C5E719A84382F420E,IMPHASH=BBE941A2A85F5FF19EADE44269115FC4','Image':'C:\\Users\\pparker\\Downloads\\DriverUpdate_1_2.exe','ImageLoaded':'C:\\Windows\\SysWOW64\\srvcli.dll','OriginalFileName':'SRVCLI.DLL','ProcessGuid':'{7b34ed3d-23cf-673d-b302-000000000b00}','ProcessId':'2920','Product':'Microsoft® Windows® Operating System','RuleName':'-','Signature':'Microsoft Windows','SignatureStatus':'Valid','Signed':'true','User':'HOMELAB\\pparker','UtcTime':'2024-11-19 23:48:31.441'},'System':{'Channel':'Microsoft-Windows-Sysmon/Operational','Computer':'HL-WS04.HOMELAB.local','Correlation':'','EventID':'7','EventRecordID':'12855','Execution':{'ProcessID':'2052','ThreadID':'3948'},'Keywords':'0x8000000000000000','Level':'4','Opcode':'0','Provider':{'Guid':'{5770385f-c22a-43e0-bf4c-06f5698ffbd9}','Name':'Microsoft-Windows-Sysmon'},'Security':{'UserID':'S-1-5-18'},'Task':'7','TimeCreated':{'SystemTime':'2024-11-19T23:48:31.5614268Z'},'Version':'3','_event_id':'7'}}","{'Company':'Microsoft Corporation','Description':'Server Service Client DLL','FileVersion':'10.0.19041.3636 (WinBuild.160101.0800)','Hashes':'MD5=7E7D3B15235137E5F6030A575CCDB801,SHA256=75D411B204AC8A288DBDE8892394569439E9D163D21FDB8C5E719A84382F420E,IMPHASH=BBE941A2A85F5FF19EADE44269115FC4','Image':'C:\\Users\\pparker\\Downloads\\DriverUpdate_1_2.exe','ImageLoaded':'C:\\Windows\\SysWOW64\\srvcli.dll','OriginalFileName':'SRVCLI.DLL','ProcessGuid':'{7b34ed3d-23cf-673d-b302-000000000b00}','ProcessId':'2920','Product':'Microsoft® Windows® Operating System','RuleName':'-','Signature':'Microsoft Windows','SignatureStatus':'Valid','Signed':'true','User':'HOMELAB\\pparker','UtcTime':'2024-11-19 23:48:31.441'}",,"Microsoft Corporation",,,"Server Service Client DLL",,,,,,,,"10.0.19041.3636 (WinBuild.160101.0800)","MD5=7E7D3B15235137E5F6030A575CCDB801,SHA256=75D411B204AC8A288DBDE8892394569439E9D163D21FDB8C5E719A84382F420E,IMPHASH=BBE941A2A85F5FF19EADE44269115FC4","C:\Users\pparker\Downloads\DriverUpdate_1_2.exe","C:\Windows\SysWOW64\srvcli.dll",,,,,"SRVCLI.DLL",,,,,,"{7b34ed3d-23cf-673d-b302-000000000b00}","2920","Microsoft® Windows® Operating System",,"-","Microsoft Windows","Valid","true",,,,,,,,,"HOMELAB\pparker","2024-11-19 23:48:31.441","{'Channel':'Microsoft-Windows-Sysmon/Operational','Computer':'HL-WS04.HOMELAB.local','Correlation':'','EventID':'7','EventRecordID':'12855','Execution':{'ProcessID':'2052','ThreadID':'3948'},'Keywords':'0x8000000000000000','Level':'4','Opcode':'0','Provider':{'Guid':'{5770385f-c22a-43e0-bf4c-06f5698ffbd9}','Name':'Microsoft-Windows-Sysmon'},'Security':{'UserID':'S-1-5-18'},'Task':'7','TimeCreated':{'SystemTime':'2024-11-19T23:48:31.5614268Z'},'Version':'3','_event_id':'7'}","7","Microsoft-Windows-Sysmon/Operational","HL-WS04.HOMELAB.local","","7","12855","{'ProcessID':'2052','ThreadID':'3948'}","2052","3948","0x8000000000000000","4","0","{'Guid':'{5770385f-c22a-43e0-bf4c-06f5698ffbd9}','Name':'Microsoft-Windows-Sysmon'}","{5770385f-c22a-43e0-bf4c-06f5698ffbd9}","Microsoft-Windows-Sysmon","S-1-5-18","7","2024-11-19T23:48:31.5614268Z","3","{'arch':2,'did':'','event_id':'83e0cd19-21bf-4e17-9108-196fa9322baa','event_time':1732060066250,'event_type':'WEL','ext_ip':'108.171.103.70','hostname':'hl-ws04.homelab.local','iid':'7e99630d-d276-4169-bd11-c23115a848fa','int_ip':'10.100.100.133','moduleid':2,'oid':'27c3229e-7f58-40c8-ad1a-799ff00e1781','plat':268435456,'sid':'20884ef9-0b46-4a29-9d58-832837729b10','tags':['workstations'],'this':'c389e93657e80ab6270b37bd673d23a2'}",2,"","83e0cd19-21bf-4e17-9108-196fa9322baa",1732060066250,"WEL","108.171.103.70","hl-ws04.homelab.local","7e99630d-d276-4169-bd11-c23115a848fa","10.100.100.133",2,"27c3229e-7f58-40c8-ad1a-799ff00e1781",268435456,"20884ef9-0b46-4a29-9d58-832837729b10","['workstations']","c389e93657e80ab6270b37bd673d23a2"
"2024-11-19 23:47:46","{'EventData':{'Company':'Microsoft Corporation','Description':'Microsoft OLE for Windows','FileVersion':'10.0.19041.4355 (WinBuild.160101.0800)','Hashes':'MD5=876E253CF522CB8BA268710C6BA9CE46,SHA256=5730D36C4A1ABDCBBDF31FB1AD2E65901F4D62BDE669E11736D1138C606895F1,IMPHASH=C60C57DA1BF71493145215470F08AD9A','Image':'C:\\Users\\pparker\\Downloads\\DriverUpdate_1_2.exe','ImageLoaded':'C:\\Windows\\SysWOW64\\ole32.dll','OriginalFileName':'OLE32.DLL','ProcessGuid':'{7b34ed3d-23cf-673d-b302-000000000b00}','ProcessId':'2920','Product':'Microsoft® Windows® Operating System','RuleName':'-','Signature':'Microsoft Windows','SignatureStatus':'Valid','Signed':'true','User':'HOMELAB\\pparker','UtcTime':'2024-11-19 23:48:31.341'},'System':{'Channel':'Microsoft-Windows-Sysmon/Operational','Computer':'HL-WS04.HOMELAB.local','Correlation':'','EventID':'7','EventRecordID':'12856','Execution':{'ProcessID':'2052','ThreadID':'4064'},'Keywords':'0x8000000000000000','Level':'4','Opcode':'0','Provider':{'Guid':'{5770385f-c22a-43e0-bf4c-06f5698ffbd9}','Name':'Microsoft-Windows-Sysmon'},'Security':{'UserID':'S-1-5-18'},'Task':'7','TimeCreated':{'SystemTime':'2024-11-19T23:48:31.6014827Z'},'Version':'3','_event_id':'7'}}","{'Company':'Microsoft Corporation','Description':'Microsoft OLE for Windows','FileVersion':'10.0.19041.4355 (WinBuild.160101.0800)','Hashes':'MD5=876E253CF522CB8BA268710C6BA9CE46,SHA256=5730D36C4A1ABDCBBDF31FB1AD2E65901F4D62BDE669E11736D1138C606895F1,IMPHASH=C60C57DA1BF71493145215470F08AD9A','Image':'C:\\Users\\pparker\\Downloads\\DriverUpdate_1_2.exe','ImageLoaded':'C:\\Windows\\SysWOW64\\ole32.dll','OriginalFileName':'OLE32.DLL','ProcessGuid':'{7b34ed3d-23cf-673d-b302-000000000b00}','ProcessId':'2920','Product':'Microsoft® Windows® Operating System','RuleName':'-','Signature':'Microsoft Windows','SignatureStatus':'Valid','Signed':'true','User':'HOMELAB\\pparker','UtcTime':'2024-11-19 23:48:31.341'}",,"Microsoft Corporation",,,"Microsoft OLE for Windows",,,,,,,,"10.0.19041.4355 (WinBuild.160101.0800)","MD5=876E253CF522CB8BA268710C6BA9CE46,SHA256=5730D36C4A1ABDCBBDF31FB1AD2E65901F4D62BDE669E11736D1138C606895F1,IMPHASH=C60C57DA1BF71493145215470F08AD9A","C:\Users\pparker\Downloads\DriverUpdate_1_2.exe","C:\Windows\SysWOW64\ole32.dll",,,,,"OLE32.DLL",,,,,,"{7b34ed3d-23cf-673d-b302-000000000b00}","2920","Microsoft® Windows® Operating System",,"-","Microsoft Windows","Valid","true",,,,,,,,,"HOMELAB\pparker","2024-11-19 23:48:31.341","{'Channel':'Microsoft-Windows-Sysmon/Operational','Computer':'HL-WS04.HOMELAB.local','Correlation':'','EventID':'7','EventRecordID':'12856','Execution':{'ProcessID':'2052','ThreadID':'4064'},'Keywords':'0x8000000000000000','Level':'4','Opcode':'0','Provider':{'Guid':'{5770385f-c22a-43e0-bf4c-06f5698ffbd9}','Name':'Microsoft-Windows-Sysmon'},'Security':{'UserID':'S-1-5-18'},'Task':'7','TimeCreated':{'SystemTime':'2024-11-19T23:48:31.6014827Z'},'Version':'3','_event_id':'7'}","7","Microsoft-Windows-Sysmon/Operational","HL-WS04.HOMELAB.local","","7","12856","{'ProcessID':'2052','ThreadID':'4064'}","2052","4064","0x8000000000000000","4","0","{'Guid':'{5770385f-c22a-43e0-bf4c-06f5698ffbd9}','Name':'Microsoft-Windows-Sysmon'}","{5770385f-c22a-43e0-bf4c-06f5698ffbd9}","Microsoft-Windows-Sysmon","S-1-5-18","7","2024-11-19T23:48:31.6014827Z","3","{'arch':2,'did':'','event_id':'adaa6251-a1bb-4774-b6ac-9793d1bc46f2','event_time':1732060066265,'event_type':'WEL','ext_ip':'108.171.103.70','hostname':'hl-ws04.homelab.local','iid':'7e99630d-d276-4169-bd11-c23115a848fa','int_ip':'10.100.100.133','moduleid':2,'oid':'27c3229e-7f58-40c8-ad1a-799ff00e1781','plat':268435456,'sid':'20884ef9-0b46-4a29-9d58-832837729b10','tags':['workstations'],'this':'0de265a987c14e3c96cc76a7673d23a2'}",2,"","adaa6251-a1bb-4774-b6ac-9793d1bc46f2",1732060066265,"WEL","108.171.103.70","hl-ws04.homelab.local","7e99630d-d276-4169-bd11-c23115a848fa","10.100.100.133",2,"27c3229e-7f58-40c8-ad1a-799ff00e1781",268435456,"20884ef9-0b46-4a29-9d58-832837729b10","['workstations']","0de265a987c14e3c96cc76a7673d23a2"
