{"EventData":{"Company":"Microsoft Corporation","Description":"Windows Cryptographic Primitives Library","FileVersion":"10.0.19041.5007 (WinBuild.160101.0800)","Hashes":"MD5=777687AB0DA084229F88370973A3CEAB,SHA256=F0A1662D0F55533A21D609F8DC737288EDE77D314D90E885CA9E6EF79D429C3B,IMPHASH=496E42068C9391511CF6EE7C54F73A9B","Image":"C:\\Windows\\servicing\\TrustedInstaller.exe","ImageLoaded":"C:\\Windows\\System32\\bcryptprimitives.dll","OriginalFileName":"bcryptprimitives.dll","ProcessGuid":"{7b34ed3d-90e2-673c-8201-000000000b00}","ProcessId":"8184","Product":"Microsoft® Windows® Operating System","RuleName":"-","Signature":"Microsoft Windows","SignatureStatus":"Valid","Signed":"true","User":"NT AUTHORITY\\SYSTEM","UtcTime":"2024-11-19 13:21:38.335"},"EventId":"7","Image":"C:\\Windows\\servicing\\TrustedInstaller.exe","timestamp":"2024-11-19 13:20:53"},{"EventData":{"Company":"Microsoft Corporation","Description":"Multi-User Windows USER API Client DLL","FileVersion":"10.0.19041.4717 (WinBuild.160101.0800)","Hashes":"MD5=69D72A21D743029EBF6B61F9BD856D3A,SHA256=8DBC0E66B480969AB6B9A802105376B4EB18481502BCEA7CADDC87BF3E707C33,IMPHASH=5379EA8CE720F2CFBDD7282672C7CF66","Image":"C:\\Windows\\servicing\\TrustedInstaller.exe","ImageLoaded":"C:\\Windows\\System32\\user32.dll","OriginalFileName":"user32","ProcessGuid":"{7b34ed3d-90e2-673c-8201-000000000b00}","ProcessId":"8184","Product":"Microsoft® Windows® Operating System","RuleName":"-","Signature":"Microsoft Windows","SignatureStatus":"Valid","Signed":"true","User":"NT AUTHORITY\\SYSTEM","UtcTime":"2024-11-19 13:21:38.351"},"EventId":"7","Image":"C:\\Windows\\servicing\\TrustedInstaller.exe","timestamp":"2024-11-19 13:20:53"},{"EventData":{"Company":"Microsoft Corporation","Description":"Win32u","FileVersion":"10.0.19041.5007 (WinBuild.160101.0800)","Hashes":"MD5=E4035BCF442DEA956DC35270A09894BE,SHA256=462679A4841DE67060F40ACC037E221F4EF64A71E91FB6CD7C5F5B89C4AF7F38,IMPHASH=00000000000000000000000000000000","Image":"C:\\Windows\\servicing\\TrustedInstaller.exe","ImageLoaded":"C:\\Windows\\System32\\win32u.dll","OriginalFileName":"Win32u.DLL","ProcessGuid":"{7b34ed3d-90e2-673c-8201-000000000b00}","ProcessId":"8184","Product":"Microsoft® Windows® Operating System","RuleName":"-","Signature":"Microsoft Windows","SignatureStatus":"Valid","Signed":"true","User":"NT AUTHORITY\\SYSTEM","UtcTime":"2024-11-19 13:21:38.351"},"EventId":"7","Image":"C:\\Windows\\servicing\\TrustedInstaller.exe","timestamp":"2024-11-19 13:20:53"},{"EventData":{"Company":"Microsoft Corporation","Description":"GDI Client DLL","FileVersion":"10.0.19041.4474 (WinBuild.160101.0800)","Hashes":"MD5=D9B128DFEE53ED802F24E9004918EDD2,SHA256=A2E4CA9C9C43D94D297031CC5FB6504512A29C7F9B84493B3BE270B74525EC5C,IMPHASH=97E1011CB70811A4C387BADE9741BE4B","Image":"C:\\Windows\\servicing\\TrustedInstaller.exe","ImageLoaded":"C:\\Windows\\System32\\gdi32.dll","OriginalFileName":"gdi32","ProcessGuid":"{7b34ed3d-90e2-673c-8201-000000000b00}","ProcessId":"8184","Product":"Microsoft® Windows® Operating System","RuleName":"-","Signature":"Microsoft Windows","SignatureStatus":"Valid","Signed":"true","User":"NT AUTHORITY\\SYSTEM","UtcTime":"2024-11-19 13:21:38.351"},"EventId":"7","Image":"C:\\Windows\\servicing\\TrustedInstaller.exe","timestamp":"2024-11-19 13:20:53"},{"EventData":{"Company":"Microsoft Corporation","Description":"GDI Client DLL","FileVersion":"10.0.19041.4957 (WinBuild.160101.0800)","Hashes":"MD5=C176045307F7D7B169FEE725693B1C13,SHA256=84B693A8F8838446169455B403F8CB75AF0D89BEFB7BCF9BE22405B6C9DF4695,IMPHASH=8B2A00C9D762BCEE41880B014BAF103D","Image":"C:\\Windows\\servicing\\TrustedInstaller.exe","ImageLoaded":"C:\\Windows\\System32\\gdi32full.dll","OriginalFileName":"gdi32","ProcessGuid":"{7b34ed3d-90e2-673c-8201-000000000b00}","ProcessId":"8184","Product":"Microsoft® Windows® Operating System","RuleName":"-","Signature":"Microsoft Windows","SignatureStatus":"Valid","Signed":"true","User":"NT AUTHORITY\\SYSTEM","UtcTime":"2024-11-19 13:21:38.351"},"EventId":"7","Image":"C:\\Windows\\servicing\\TrustedInstaller.exe","timestamp":"2024-11-19 13:20:53"},{"EventData":{"Company":"Microsoft Corporation","Description":"COM+ Configuration Catalog","FileVersion":"2001.12.10941.16384 (WinBuild.160101.0800)","Hashes":"MD5=94A96F09F2A95F21123721D0A140C3EC,SHA256=AF30C5FDDAF675DF238F0DA108843367B1075FE691A76B6642BF8595B62860CF,IMPHASH=86E552D00967273D5B312EF569ADC52F","Image":"C:\\Windows\\servicing\\TrustedInstaller.exe","ImageLoaded":"C:\\Windows\\System32\\clbcatq.dll","OriginalFileName":"CLBCATQ.DLL","ProcessGuid":"{7b34ed3d-90e2-673c-8201-000000000b00}","ProcessId":"8184","Product":"Microsoft® Windows® Operating System","RuleName":"-","Signature":"Microsoft Windows","SignatureStatus":"Valid","Signed":"true","User":"NT AUTHORITY\\SYSTEM","UtcTime":"2024-11-19 13:21:38.398"},"EventId":"7","Image":"C:\\Windows\\servicing\\TrustedInstaller.exe","timestamp":"2024-11-19 13:20:53"},{"EventData":{"Company":"Microsoft Corporation","Description":"Component Based Servicing API DLL","FileVersion":"10.0.19041.1 (WinBuild.160101.0800)","Hashes":"MD5=C8872BD513F7D80812D9B09A598B03C6,SHA256=DA6307F00C940B9D49975B25F78FC92CC76977F4BDE0D30CFB66BB3AA519884A,IMPHASH=046E476CD767D8DDC9D5CD508ED7ED7B","Image":"C:\\Windows\\servicing\\TrustedInstaller.exe","ImageLoaded":"C:\\Windows\\servicing\\CbsApi.dll","OriginalFileName":"cbsapi.dll","ProcessGuid":"{7b34ed3d-90e2-673c-8201-000000000b00}","ProcessId":"8184","Product":"Microsoft® Windows® Operating System","RuleName":"-","Signature":"Microsoft Windows","SignatureStatus":"Valid","Signed":"true","User":"NT AUTHORITY\\SYSTEM","UtcTime":"2024-11-19 13:21:38.460"},"EventId":"7","Image":"C:\\Windows\\servicing\\TrustedInstaller.exe","timestamp":"2024-11-19 13:20:53"},{"EventData":{"Company":"Microsoft Corporation","Description":"Windows Modules Installer Worker","FileVersion":"10.0.19041.4950 (WinBuild.160101.0800)","Hashes":"MD5=8BB8E0213FE25734849C99B14BF2D9FB,SHA256=4C73E3B1A99F00E9D24ABD2476B5F36AB0A4C6C46BC768CF38409BBEB08AA3BA,IMPHASH=C139ED9A7073C8648B89D9641D69031A","Image":"C:\\Windows\\WinSxS\\amd64_microsoft-windows-servicingstack_31bf3856ad364e35_10.0.19041.4950_none_7dd913727cb4d87c\\TiWorker.exe","ImageLoaded":"C:\\Windows\\WinSxS\\amd64_microsoft-windows-servicingstack_31bf3856ad364e35_10.0.19041.4950_none_7dd913727cb4d87c\\TiWorker.exe","OriginalFileName":"TiWorker.exe","ProcessGuid":"{7b34ed3d-90e2-673c-8401-000000000b00}","ProcessId":"6672","Product":"Microsoft® Windows® Operating System","RuleName":"-","Signature":"Microsoft Windows","SignatureStatus":"Valid","Signed":"true","User":"NT AUTHORITY\\SYSTEM","UtcTime":"2024-11-19 13:21:38.477"},"EventId":"7","Image":"C:\\Windows\\WinSxS\\amd64_microsoft-windows-servicingstack_31bf3856ad364e35_10.0.19041.4950_none_7dd913727cb4d87c\\TiWorker.exe","timestamp":"2024-11-19 13:20:53"},{"EventData":{"Company":"Microsoft Corporation","Description":"NT Layer DLL","FileVersion":"10.0.19041.5007 (WinBuild.160101.0800)","Hashes":"MD5=97603DC4DF5410CCF9A23A59F14C5B2F,SHA256=0342ED124EE25C76B6B6284F2C4DC3BEDE90C18C1122C36EC2424A8F5332C3BA,IMPHASH=00000000000000000000000000000000","Image":"C:\\Windows\\WinSxS\\amd64_microsoft-windows-servicingstack_31bf3856ad364e35_10.0.19041.4950_none_7dd913727cb4d87c\\TiWorker.exe","ImageLoaded":"C:\\Windows\\System32\\ntdll.dll","OriginalFileName":"ntdll.dll","ProcessGuid":"{7b34ed3d-90e2-673c-8401-000000000b00}","ProcessId":"6672","Product":"Microsoft® Windows® Operating System","RuleName":"-","Signature":"Microsoft Windows","SignatureStatus":"Valid","Signed":"true","User":"NT AUTHORITY\\SYSTEM","UtcTime":"2024-11-19 13:21:38.477"},"EventId":"7","Image":"C:\\Windows\\WinSxS\\amd64_microsoft-windows-servicingstack_31bf3856ad364e35_10.0.19041.4950_none_7dd913727cb4d87c\\TiWorker.exe","timestamp":"2024-11-19 13:20:53"},{"EventData":{"Company":"Microsoft Corporation","Description":"Windows NT BASE API Client DLL","FileVersion":"10.0.19041.4957 (WinBuild.160101.0800)","Hashes":"MD5=184C72C64374B289E8C6E122D4DEA7C4,SHA256=CA35B162E1EA4C1DA4238DBFD70513FAD68D5CA30E296E3AFBACFD7296950AFE,IMPHASH=D068E7761EA75396EFF8D9717AFC3EC6","Image":"C:\\Windows\\WinSxS\\amd64_microsoft-windows-servicingstack_31bf3856ad364e35_10.0.19041.4950_none_7dd913727cb4d87c\\TiWorker.exe","ImageLoaded":"C:\\Windows\\System32\\kernel32.dll","OriginalFileName":"kernel32","ProcessGuid":"{7b34ed3d-90e2-673c-8401-000000000b00}","ProcessId":"6672","Product":"Microsoft® Windows® Operating System","RuleName":"-","Signature":"Microsoft Windows","SignatureStatus":"Valid","Signed":"true","User":"NT AUTHORITY\\SYSTEM","UtcTime":"2024-11-19 13:21:38.492"},"EventId":"7","Image":"C:\\Windows\\WinSxS\\amd64_microsoft-windows-servicingstack_31bf3856ad364e35_10.0.19041.4950_none_7dd913727cb4d87c\\TiWorker.exe","timestamp":"2024-11-19 13:20:53"},{"EventData":{"Company":"Microsoft Corporation","Description":"Windows NT BASE API Client DLL","FileVersion":"10.0.19041.4957 (WinBuild.160101.0800)","Hashes":"MD5=2284EEE00E014FC72DBFFD5BC5F7062D,SHA256=8D15BF2A8F4F83898433D27E54A78F72A0F11746EBDAAA9B10E78D3C586C5043,IMPHASH=0B3D9CDD2A78F1035F845B59D17F0420","Image":"C:\\Windows\\WinSxS\\amd64_microsoft-windows-servicingstack_31bf3856ad364e35_10.0.19041.4950_none_7dd913727cb4d87c\\TiWorker.exe","ImageLoaded":"C:\\Windows\\System32\\KernelBase.dll","OriginalFileName":"Kernelbase.dll","ProcessGuid":"{7b34ed3d-90e2-673c-8401-000000000b00}","ProcessId":"6672","Product":"Microsoft® Windows® Operating System","RuleName":"-","Signature":"Microsoft Windows","SignatureStatus":"Valid","Signed":"true","User":"NT AUTHORITY\\SYSTEM","UtcTime":"2024-11-19 13:21:38.492"},"EventId":"7","Image":"C:\\Windows\\WinSxS\\amd64_microsoft-windows-servicingstack_31bf3856ad364e35_10.0.19041.4950_none_7dd913727cb4d87c\\TiWorker.exe","timestamp":"2024-11-19 13:20:53"},{"EventData":{"Company":"Microsoft Corporation","Description":"Microsoft® C Runtime Library","FileVersion":"10.0.19041.3636 (WinBuild.160101.0800)","Hashes":"MD5=4E326FEEB3EBF1E3EB21EEB224345727,SHA256=3C60056371F82E4744185B6F2FA0C69042B1E78804685944132974DD13F3B6D9,IMPHASH=405CDE0FC80C30DCC3D783173DBD4143","Image":"C:\\Windows\\WinSxS\\amd64_microsoft-windows-servicingstack_31bf3856ad364e35_10.0.19041.4950_none_7dd913727cb4d87c\\TiWorker.exe","ImageLoaded":"C:\\Windows\\System32\\ucrtbase.dll","OriginalFileName":"ucrtbase.dll","ProcessGuid":"{7b34ed3d-90e2-673c-8401-000000000b00}","ProcessId":"6672","Product":"Microsoft® Windows® Operating System","RuleName":"-","Signature":"Microsoft Windows","SignatureStatus":"Valid","Signed":"true","User":"NT AUTHORITY\\SYSTEM","UtcTime":"2024-11-19 13:21:38.492"},"EventId":"7","Image":"C:\\Windows\\WinSxS\\amd64_microsoft-windows-servicingstack_31bf3856ad364e35_10.0.19041.4950_none_7dd913727cb4d87c\\TiWorker.exe","timestamp":"2024-11-19 13:20:53"},{"EventData":{"Company":"Microsoft Corporation","Description":"Microsoft COM for Windows","FileVersion":"10.0.19041.4717 (WinBuild.160101.0800)","Hashes":"MD5=469CA595B7DE27A977CEFBAA7B0C112E,SHA256=E12F1CFF7976D44C4919A3D5A3471AA7A996EF00C193A5396B31E32FAFEDA606,IMPHASH=86D63FCC59A250884FAE714B325D53BF","Image":"C:\\Windows\\WinSxS\\amd64_microsoft-windows-servicingstack_31bf3856ad364e35_10.0.19041.4950_none_7dd913727cb4d87c\\TiWorker.exe","ImageLoaded":"C:\\Windows\\System32\\combase.dll","OriginalFileName":"COMBASE.DLL","ProcessGuid":"{7b34ed3d-90e2-673c-8401-000000000b00}","ProcessId":"6672","Product":"Microsoft® Windows® Operating System","RuleName":"-","Signature":"Microsoft Windows","SignatureStatus":"Valid","Signed":"true","User":"NT AUTHORITY\\SYSTEM","UtcTime":"2024-11-19 13:21:38.492"},"EventId":"7","Image":"C:\\Windows\\WinSxS\\amd64_microsoft-windows-servicingstack_31bf3856ad364e35_10.0.19041.4950_none_7dd913727cb4d87c\\TiWorker.exe","timestamp":"2024-11-19 13:20:53"},{"EventData":{"Company":"Microsoft Corporation","Description":"Remote Procedure Call Runtime","FileVersion":"10.0.19041.4957 (WinBuild.160101.0800)","Hashes":"MD5=0FCD8E1B8978CF01F32BD168EEAA8A14,SHA256=6B71520F37E7E30934966FBAB9B60DE6F194703B6A246A6272FEEB1C37E1930E,IMPHASH=EA6B63D47413D34F1C215326DF304528","Image":"C:\\Windows\\WinSxS\\amd64_microsoft-windows-servicingstack_31bf3856ad364e35_10.0.19041.4950_none_7dd913727cb4d87c\\TiWorker.exe","ImageLoaded":"C:\\Windows\\System32\\rpcrt4.dll","OriginalFileName":"rpcrt4.dll","ProcessGuid":"{7b34ed3d-90e2-673c-8401-000000000b00}","ProcessId":"6672","Product":"Microsoft® Windows® Operating System","RuleName":"-","Signature":"Microsoft Windows","SignatureStatus":"Valid","Signed":"true","User":"NT AUTHORITY\\SYSTEM","UtcTime":"2024-11-19 13:21:38.492"},"EventId":"7","Image":"C:\\Windows\\WinSxS\\amd64_microsoft-windows-servicingstack_31bf3856ad364e35_10.0.19041.4950_none_7dd913727cb4d87c\\TiWorker.exe","timestamp":"2024-11-19 13:20:53"},{"EventData":{"Company":"Microsoft Corporation","Description":"Advanced Windows 32 Base API","FileVersion":"10.0.19041.5011 (WinBuild.160101.0800)","Hashes":"MD5=CAFB1DCAE6CF73202FEC7DF9AB9F2A6D,SHA256=89EE1797FCF0902C896C9EB50A6BCD3AF314D81C6B58EAB28119C896C794E2F0,IMPHASH=44A3825A6A928090F713E33C4D6ADB9B","Image":"C:\\Windows\\WinSxS\\amd64_microsoft-windows-servicingstack_31bf3856ad364e35_10.0.19041.4950_none_7dd913727cb4d87c\\TiWorker.exe","ImageLoaded":"C:\\Windows\\System32\\advapi32.dll","OriginalFileName":"advapi32.dll","ProcessGuid":"{7b34ed3d-90e2-673c-8401-000000000b00}","ProcessId":"6672","Product":"Microsoft® Windows® Operating System","RuleName":"-","Signature":"Microsoft Windows","SignatureStatus":"Valid","Signed":"true","User":"NT AUTHORITY\\SYSTEM","UtcTime":"2024-11-19 13:21:38.492"},"EventId":"7","Image":"C:\\Windows\\WinSxS\\amd64_microsoft-windows-servicingstack_31bf3856ad364e35_10.0.19041.4950_none_7dd913727cb4d87c\\TiWorker.exe","timestamp":"2024-11-19 13:20:53"},{"EventData":{"Company":"Microsoft Corporation","Description":"Windows NT CRT DLL","FileVersion":"7.0.19041.3636 (WinBuild.160101.0800)","Hashes":"MD5=AE02A1E372952134E967B336D2DC1822,SHA256=A7F4196D9476D36894CE17C3B0DD97504CA2CC31B3E0A774FEE326E867565885,IMPHASH=1273683626EBBA703979F188A1E64237","Image":"C:\\Windows\\WinSxS\\amd64_microsoft-windows-servicingstack_31bf3856ad364e35_10.0.19041.4950_none_7dd913727cb4d87c\\TiWorker.exe","ImageLoaded":"C:\\Windows\\System32\\msvcrt.dll","OriginalFileName":"msvcrt.dll","ProcessGuid":"{7b34ed3d-90e2-673c-8401-000000000b00}","ProcessId":"6672","Product":"Microsoft® Windows® Operating System","RuleName":"-","Signature":"Microsoft Windows","SignatureStatus":"Valid","Signed":"true","User":"NT AUTHORITY\\SYSTEM","UtcTime":"2024-11-19 13:21:38.492"},"EventId":"7","Image":"C:\\Windows\\WinSxS\\amd64_microsoft-windows-servicingstack_31bf3856ad364e35_10.0.19041.4950_none_7dd913727cb4d87c\\TiWorker.exe","timestamp":"2024-11-19 13:20:53"},{"EventData":{"Company":"Microsoft Corporation","Description":"Host for SCM/SDDL/LSA Lookup APIs","FileVersion":"10.0.19041.4597 (WinBuild.160101.0800)","Hashes":"MD5=746296E831099EED2A9A38C7652EFBA6,SHA256=C88792229D2DFAB108131B414C742228219F64EBA43558880F01F931D4275089,IMPHASH=9ACD13734A7FF7DD74A89FAEA08C6C6F","Image":"C:\\Windows\\WinSxS\\amd64_microsoft-windows-servicingstack_31bf3856ad364e35_10.0.19041.4950_none_7dd913727cb4d87c\\TiWorker.exe","ImageLoaded":"C:\\Windows\\System32\\sechost.dll","OriginalFileName":"sechost.dll","ProcessGuid":"{7b34ed3d-90e2-673c-8401-000000000b00}","ProcessId":"6672","Product":"Microsoft® Windows® Operating System","RuleName":"-","Signature":"Microsoft Windows","SignatureStatus":"Valid","Signed":"true","User":"NT AUTHORITY\\SYSTEM","UtcTime":"2024-11-19 13:21:38.492"},"EventId":"7","Image":"C:\\Windows\\WinSxS\\amd64_microsoft-windows-servicingstack_31bf3856ad364e35_10.0.19041.4950_none_7dd913727cb4d87c\\TiWorker.exe","timestamp":"2024-11-19 13:20:53"},{"EventData":{"Company":"Microsoft Corporation","Description":"Windows Cryptographic Primitives Library","FileVersion":"10.0.19041.3636 (WinBuild.160101.0800)","Hashes":"MD5=39EF6359A529D2D44E849905D4ACE360,SHA256=5D05DB7DB46D509FF71B7A952FD36D3A9E432F1E8E26FA0A5772F3D260146E81,IMPHASH=F8A5CF8F7AF31A59E7541332D16C6ABA","Image":"C:\\Windows\\WinSxS\\amd64_microsoft-windows-servicingstack_31bf3856ad364e35_10.0.19041.4950_none_7dd913727cb4d87c\\TiWorker.exe","ImageLoaded":"C:\\Windows\\System32\\bcrypt.dll","OriginalFileName":"bcrypt.dll","ProcessGuid":"{7b34ed3d-90e2-673c-8401-000000000b00}","ProcessId":"6672","Product":"Microsoft® Windows® Operating System","RuleName":"-","Signature":"Microsoft Windows","SignatureStatus":"Valid","Signed":"true","User":"NT AUTHORITY\\SYSTEM","UtcTime":"2024-11-19 13:21:38.492"},"EventId":"7","Image":"C:\\Windows\\WinSxS\\amd64_microsoft-windows-servicingstack_31bf3856ad364e35_10.0.19041.4950_none_7dd913727cb4d87c\\TiWorker.exe","timestamp":"2024-11-19 13:20:53"},{"EventData":{"Company":"Microsoft Corporation","Description":"Panther Engine Module","FileVersion":"10.0.19041.4950 (WinBuild.160101.0800)","Hashes":"MD5=7AD2CCBFCF3A81E1E2D86FE485E1D985,SHA256=71B14C85AB5DC4FE74D26DA3799EF3EDC56DF783E7D5D9C1DC492CBD9C345280,IMPHASH=A37E0577C1CBE2EB55F887F237382D9A","Image":"C:\\Windows\\WinSxS\\amd64_microsoft-windows-servicingstack_31bf3856ad364e35_10.0.19041.4950_none_7dd913727cb4d87c\\TiWorker.exe","ImageLoaded":"C:\\Windows\\WinSxS\\amd64_microsoft-windows-servicingstack_31bf3856ad364e35_10.0.19041.4950_none_7dd913727cb4d87c\\wdscore.dll","OriginalFileName":"WDSCORE.DLL","ProcessGuid":"{7b34ed3d-90e2-673c-8401-000000000b00}","ProcessId":"6672","Product":"Microsoft® Windows® Operating System","RuleName":"-","Signature":"Microsoft Windows","SignatureStatus":"Valid","Signed":"true","User":"NT AUTHORITY\\SYSTEM","UtcTime":"2024-11-19 13:21:38.492"},"EventId":"7","Image":"C:\\Windows\\WinSxS\\amd64_microsoft-windows-servicingstack_31bf3856ad364e35_10.0.19041.4950_none_7dd913727cb4d87c\\TiWorker.exe","timestamp":"2024-11-19 13:20:53"},{"EventData":{"Company":"Microsoft Corporation","Description":"OLEAUT32.DLL","FileVersion":"10.0.19041.3636 (WinBuild.160101.0800)","Hashes":"MD5=95C8E41A64F90C89DCE4CA64B5EFBD57,SHA256=4DD40579E7254DD553B49B229AA85B9C079586B034E37E564909DA25EB298345,IMPHASH=88D04AF7498CEDC8E8B296BF84CBDB16","Image":"C:\\Windows\\WinSxS\\amd64_microsoft-windows-servicingstack_31bf3856ad364e35_10.0.19041.4950_none_7dd913727cb4d87c\\TiWorker.exe","ImageLoaded":"C:\\Windows\\System32\\oleaut32.dll","OriginalFileName":"OLEAUT32.DLL","ProcessGuid":"{7b34ed3d-90e2-673c-8401-000000000b00}","ProcessId":"6672","Product":"Microsoft® Windows® Operating System","RuleName":"-","Signature":"Microsoft Windows","SignatureStatus":"Valid","Signed":"true","User":"NT AUTHORITY\\SYSTEM","UtcTime":"2024-11-19 13:21:38.492"},"EventId":"7","Image":"C:\\Windows\\WinSxS\\amd64_microsoft-windows-servicingstack_31bf3856ad364e35_10.0.19041.4950_none_7dd913727cb4d87c\\TiWorker.exe","timestamp":"2024-11-19 13:20:53"},{"EventData":{"Company":"Microsoft Corporation","Description":"Microsoft® C Runtime Library","FileVersion":"10.0.19041.3636 (WinBuild.160101.0800)","Hashes":"MD5=EC9F1CDD909F7C0BAE4DB21DCD2033DE,SHA256=2A7825C2925347E0CB767A0DCB611F3EB80D0F71CBEC981069B227BDC7CB871A,IMPHASH=6395B9FE9663F603C53213439199897E","Image":"C:\\Windows\\WinSxS\\amd64_microsoft-windows-servicingstack_31bf3856ad364e35_10.0.19041.4950_none_7dd913727cb4d87c\\TiWorker.exe","ImageLoaded":"C:\\Windows\\System32\\msvcp_win.dll","OriginalFileName":"msvcp_win.dll","ProcessGuid":"{7b34ed3d-90e2-673c-8401-000000000b00}","ProcessId":"6672","Product":"Microsoft® Windows® Operating System","RuleName":"-","Signature":"Microsoft Windows","SignatureStatus":"Valid","Signed":"true","User":"NT AUTHORITY\\SYSTEM","UtcTime":"2024-11-19 13:21:38.492"},"EventId":"7","Image":"C:\\Windows\\WinSxS\\amd64_microsoft-windows-servicingstack_31bf3856ad364e35_10.0.19041.4950_none_7dd913727cb4d87c\\TiWorker.exe","timestamp":"2024-11-19 13:20:53"},{"EventData":{"Company":"Microsoft Corporation","Description":"Windows Image Helper","FileVersion":"10.0.19041.3636 (WinBuild.160101.0800)","Hashes":"MD5=B3A5E819E3CF9834A6B33C606FC50289,SHA256=38818F0389463E8D79CD50E21A79E9D232422080A120B905A4A6335125DB7A63,IMPHASH=CE4AD83A987BB290F3A8EBD351252F29","Image":"C:\\Windows\\WinSxS\\amd64_microsoft-windows-servicingstack_31bf3856ad364e35_10.0.19041.4950_none_7dd913727cb4d87c\\TiWorker.exe","ImageLoaded":"C:\\Windows\\System32\\dbghelp.dll","OriginalFileName":"DBGHELP.DLL","ProcessGuid":"{7b34ed3d-90e2-673c-8401-000000000b00}","ProcessId":"6672","Product":"Microsoft® Windows® Operating System","RuleName":"-","Signature":"Microsoft Windows","SignatureStatus":"Valid","Signed":"true","User":"NT AUTHORITY\\SYSTEM","UtcTime":"2024-11-19 13:21:38.492"},"EventId":"7","Image":"C:\\Windows\\WinSxS\\amd64_microsoft-windows-servicingstack_31bf3856ad364e35_10.0.19041.4950_none_7dd913727cb4d87c\\TiWorker.exe","timestamp":"2024-11-19 13:20:53"},{"EventData":{"Company":"Microsoft Corporation","Description":"Windows Core Debugging Helpers","FileVersion":"10.0.19041.4355 (WinBuild.160101.0800)","Hashes":"MD5=F3420EFEA32FEA5359F9A30AADB70084,SHA256=9FD442EE31934EDB69A2A923671025FCAF71E30891DF01BEDDF3CDBD47E9E8E1,IMPHASH=078EF7696C6172AFAB4385B68B2B778B","Image":"C:\\Windows\\WinSxS\\amd64_microsoft-windows-servicingstack_31bf3856ad364e35_10.0.19041.4950_none_7dd913727cb4d87c\\TiWorker.exe","ImageLoaded":"C:\\Windows\\System32\\dbgcore.dll","OriginalFileName":"DBGCORE.DLL","ProcessGuid":"{7b34ed3d-90e2-673c-8401-000000000b00}","ProcessId":"6672","Product":"Microsoft® Windows® Operating System","RuleName":"-","Signature":"Microsoft Windows","SignatureStatus":"Valid","Signed":"true","User":"NT AUTHORITY\\SYSTEM","UtcTime":"2024-11-19 13:21:38.508"},"EventId":"7","Image":"C:\\Windows\\WinSxS\\amd64_microsoft-windows-servicingstack_31bf3856ad364e35_10.0.19041.4950_none_7dd913727cb4d87c\\TiWorker.exe","timestamp":"2024-11-19 13:20:53"},{"EventData":{"Company":"Microsoft Corporation","Description":"AppModel API Host","FileVersion":"10.0.19041.3758 (WinBuild.160101.0800)","Hashes":"MD5=7402B27BCB9D703A0603013F361FD773,SHA256=ABFF38D9EFACA07602ACC2A31775F8790AC720261842DBB6D7D9E1A46BBA91F8,IMPHASH=C24B24FA5FB3285D15231007B6E54465","Image":"C:\\Windows\\WinSxS\\amd64_microsoft-windows-servicingstack_31bf3856ad364e35_10.0.19041.4950_none_7dd913727cb4d87c\\TiWorker.exe","ImageLoaded":"C:\\Windows\\System32\\kernel.appcore.dll","OriginalFileName":"kernel.appcore.dll","ProcessGuid":"{7b34ed3d-90e2-673c-8401-000000000b00}","ProcessId":"6672","Product":"Microsoft® Windows® Operating System","RuleName":"-","Signature":"Microsoft Windows","SignatureStatus":"Valid","Signed":"true","User":"NT AUTHORITY\\SYSTEM","UtcTime":"2024-11-19 13:21:38.508"},"EventId":"7","Image":"C:\\Windows\\WinSxS\\amd64_microsoft-windows-servicingstack_31bf3856ad364e35_10.0.19041.4950_none_7dd913727cb4d87c\\TiWorker.exe","timestamp":"2024-11-19 13:20:53"},{"EventData":{"Company":"Microsoft Corporation","Description":"Windows Cryptographic Primitives Library","FileVersion":"10.0.19041.5007 (WinBuild.160101.0800)","Hashes":"MD5=777687AB0DA084229F88370973A3CEAB,SHA256=F0A1662D0F55533A21D609F8DC737288EDE77D314D90E885CA9E6EF79D429C3B,IMPHASH=496E42068C9391511CF6EE7C54F73A9B","Image":"C:\\Windows\\WinSxS\\amd64_microsoft-windows-servicingstack_31bf3856ad364e35_10.0.19041.4950_none_7dd913727cb4d87c\\TiWorker.exe","ImageLoaded":"C:\\Windows\\System32\\bcryptprimitives.dll","OriginalFileName":"bcryptprimitives.dll","ProcessGuid":"{7b34ed3d-90e2-673c-8401-000000000b00}","ProcessId":"6672","Product":"Microsoft® Windows® Operating System","RuleName":"-","Signature":"Microsoft Windows","SignatureStatus":"Valid","Signed":"true","User":"NT AUTHORITY\\SYSTEM","UtcTime":"2024-11-19 13:21:38.508"},"EventId":"7","Image":"C:\\Windows\\WinSxS\\amd64_microsoft-windows-servicingstack_31bf3856ad364e35_10.0.19041.4950_none_7dd913727cb4d87c\\TiWorker.exe","timestamp":"2024-11-19 13:20:53"},{"EventData":{"Company":"Microsoft Corporation","Description":"COM+ Configuration Catalog","FileVersion":"2001.12.10941.16384 (WinBuild.160101.0800)","Hashes":"MD5=94A96F09F2A95F21123721D0A140C3EC,SHA256=AF30C5FDDAF675DF238F0DA108843367B1075FE691A76B6642BF8595B62860CF,IMPHASH=86E552D00967273D5B312EF569ADC52F","Image":"C:\\Windows\\WinSxS\\amd64_microsoft-windows-servicingstack_31bf3856ad364e35_10.0.19041.4950_none_7dd913727cb4d87c\\TiWorker.exe","ImageLoaded":"C:\\Windows\\System32\\clbcatq.dll","OriginalFileName":"CLBCATQ.DLL","ProcessGuid":"{7b34ed3d-90e2-673c-8401-000000000b00}","ProcessId":"6672","Product":"Microsoft® Windows® Operating System","RuleName":"-","Signature":"Microsoft Windows","SignatureStatus":"Valid","Signed":"true","User":"NT AUTHORITY\\SYSTEM","UtcTime":"2024-11-19 13:21:38.508"},"EventId":"7","Image":"C:\\Windows\\WinSxS\\amd64_microsoft-windows-servicingstack_31bf3856ad364e35_10.0.19041.4950_none_7dd913727cb4d87c\\TiWorker.exe","timestamp":"2024-11-19 13:20:53"},{"EventData":{"Company":"Microsoft Corporation","Description":"Component Based Servicing API DLL","FileVersion":"10.0.19041.1 (WinBuild.160101.0800)","Hashes":"MD5=C8872BD513F7D80812D9B09A598B03C6,SHA256=DA6307F00C940B9D49975B25F78FC92CC76977F4BDE0D30CFB66BB3AA519884A,IMPHASH=046E476CD767D8DDC9D5CD508ED7ED7B","Image":"C:\\Windows\\WinSxS\\amd64_microsoft-windows-servicingstack_31bf3856ad364e35_10.0.19041.4950_none_7dd913727cb4d87c\\TiWorker.exe","ImageLoaded":"C:\\Windows\\servicing\\CbsApi.dll","OriginalFileName":"cbsapi.dll","ProcessGuid":"{7b34ed3d-90e2-673c-8401-000000000b00}","ProcessId":"6672","Product":"Microsoft® Windows® Operating System","RuleName":"-","Signature":"Microsoft Windows","SignatureStatus":"Valid","Signed":"true","User":"NT AUTHORITY\\SYSTEM","UtcTime":"2024-11-19 13:21:38.508"},"EventId":"7","Image":"C:\\Windows\\WinSxS\\amd64_microsoft-windows-servicingstack_31bf3856ad364e35_10.0.19041.4950_none_7dd913727cb4d87c\\TiWorker.exe","timestamp":"2024-11-19 13:20:53"},{"EventData":{"Company":"Microsoft Corporation","Description":"Component Based Servicing Core DLL","FileVersion":"10.0.19041.4950 (WinBuild.160101.0800)","Hashes":"MD5=B809373250630B087BA2ED0D4788CA90,SHA256=1008223569DF0C694131B48B34EE964A2F04F9DA1AF9EAFBED31ED6FCD7FF53A,IMPHASH=EDB4F241169C55302953597099209900","Image":"C:\\Windows\\WinSxS\\amd64_microsoft-windows-servicingstack_31bf3856ad364e35_10.0.19041.4950_none_7dd913727cb4d87c\\TiWorker.exe","ImageLoaded":"C:\\Windows\\WinSxS\\amd64_microsoft-windows-servicingstack_31bf3856ad364e35_10.0.19041.4950_none_7dd913727cb4d87c\\CbsCore.dll","OriginalFileName":"cbscore.dll","ProcessGuid":"{7b34ed3d-90e2-673c-8401-000000000b00}","ProcessId":"6672","Product":"Microsoft® Windows® Operating System","RuleName":"-","Signature":"Microsoft Windows","SignatureStatus":"Valid","Signed":"true","User":"NT AUTHORITY\\SYSTEM","UtcTime":"2024-11-19 13:21:38.539"},"EventId":"7","Image":"C:\\Windows\\WinSxS\\amd64_microsoft-windows-servicingstack_31bf3856ad364e35_10.0.19041.4950_none_7dd913727cb4d87c\\TiWorker.exe","timestamp":"2024-11-19 13:20:53"},{"EventData":{"Company":"Microsoft Corporation","Description":"Crypto API32","FileVersion":"10.0.19041.4894 (WinBuild.160101.0800)","Hashes":"MD5=43BB6A9F6DC018266C68D4FCE938C14F,SHA256=CFFEA50B60CF7CE13DA60905931C77B11B4EBF956552256E86F31AA7AE36DEC7,IMPHASH=A97F15D316311CED0251A5EF98AA3F9C","Image":"C:\\Windows\\WinSxS\\amd64_microsoft-windows-servicingstack_31bf3856ad364e35_10.0.19041.4950_none_7dd913727cb4d87c\\TiWorker.exe","ImageLoaded":"C:\\Windows\\System32\\crypt32.dll","OriginalFileName":"CRYPT32.DLL","ProcessGuid":"{7b34ed3d-90e2-673c-8401-000000000b00}","ProcessId":"6672","Product":"Microsoft® Windows® Operating System","RuleName":"-","Signature":"Microsoft Windows","SignatureStatus":"Valid","Signed":"true","User":"NT AUTHORITY\\SYSTEM","UtcTime":"2024-11-19 13:21:38.539"},"EventId":"7","Image":"C:\\Windows\\WinSxS\\amd64_microsoft-windows-servicingstack_31bf3856ad364e35_10.0.19041.4950_none_7dd913727cb4d87c\\TiWorker.exe","timestamp":"2024-11-19 13:20:53"},{"EventData":{"Company":"Microsoft Corporation","Description":"Microsoft Trust Verification APIs","FileVersion":"10.0.19041.4957 (WinBuild.160101.0800)","Hashes":"MD5=E461F0C1B32E71ABC35C583DDAC32C0A,SHA256=9C6F53675FE9D921F19B9C3B9212E0A317D34F76B54789F38BE6D8053326554B,IMPHASH=610AD685DC09DDAF105536EF5E9E69FA","Image":"C:\\Windows\\WinSxS\\amd64_microsoft-windows-servicingstack_31bf3856ad364e35_10.0.19041.4950_none_7dd913727cb4d87c\\TiWorker.exe","ImageLoaded":"C:\\Windows\\System32\\wintrust.dll","OriginalFileName":"WINTRUST.DLL","ProcessGuid":"{7b34ed3d-90e2-673c-8401-000000000b00}","ProcessId":"6672","Product":"Microsoft® Windows® Operating System","RuleName":"-","Signature":"Microsoft Windows","SignatureStatus":"Valid","Signed":"true","User":"NT AUTHORITY\\SYSTEM","UtcTime":"2024-11-19 13:21:38.539"},"EventId":"7","Image":"C:\\Windows\\WinSxS\\amd64_microsoft-windows-servicingstack_31bf3856ad364e35_10.0.19041.4950_none_7dd913727cb4d87c\\TiWorker.exe","timestamp":"2024-11-19 13:20:53"},{"EventData":{"Company":"Microsoft Corporation","Description":"GDI Client DLL","FileVersion":"10.0.19041.4474 (WinBuild.160101.0800)","Hashes":"MD5=D9B128DFEE53ED802F24E9004918EDD2,SHA256=A2E4CA9C9C43D94D297031CC5FB6504512A29C7F9B84493B3BE270B74525EC5C,IMPHASH=97E1011CB70811A4C387BADE9741BE4B","Image":"C:\\Windows\\WinSxS\\amd64_microsoft-windows-servicingstack_31bf3856ad364e35_10.0.19041.4950_none_7dd913727cb4d87c\\TiWorker.exe","ImageLoaded":"C:\\Windows\\System32\\gdi32.dll","OriginalFileName":"gdi32","ProcessGuid":"{7b34ed3d-90e2-673c-8401-000000000b00}","ProcessId":"6672","Product":"Microsoft® Windows® Operating System","RuleName":"-","Signature":"Microsoft Windows","SignatureStatus":"Valid","Signed":"true","User":"NT AUTHORITY\\SYSTEM","UtcTime":"2024-11-19 13:21:38.601"},"EventId":"7","Image":"C:\\Windows\\WinSxS\\amd64_microsoft-windows-servicingstack_31bf3856ad364e35_10.0.19041.4950_none_7dd913727cb4d87c\\TiWorker.exe","timestamp":"2024-11-19 13:20:53"},{"EventData":{"Company":"Microsoft Corporation","Description":"Win32u","FileVersion":"10.0.19041.5007 (WinBuild.160101.0800)","Hashes":"MD5=E4035BCF442DEA956DC35270A09894BE,SHA256=462679A4841DE67060F40ACC037E221F4EF64A71E91FB6CD7C5F5B89C4AF7F38,IMPHASH=00000000000000000000000000000000","Image":"C:\\Windows\\WinSxS\\amd64_microsoft-windows-servicingstack_31bf3856ad364e35_10.0.19041.4950_none_7dd913727cb4d87c\\TiWorker.exe","ImageLoaded":"C:\\Windows\\System32\\win32u.dll","OriginalFileName":"Win32u.DLL","ProcessGuid":"{7b34ed3d-90e2-673c-8401-000000000b00}","ProcessId":"6672","Product":"Microsoft® Windows® Operating System","RuleName":"-","Signature":"Microsoft Windows","SignatureStatus":"Valid","Signed":"true","User":"NT AUTHORITY\\SYSTEM","UtcTime":"2024-11-19 13:21:38.601"},"EventId":"7","Image":"C:\\Windows\\WinSxS\\amd64_microsoft-windows-servicingstack_31bf3856ad364e35_10.0.19041.4950_none_7dd913727cb4d87c\\TiWorker.exe","timestamp":"2024-11-19 13:20:53"},{"EventData":{"Company":"Microsoft Corporation","Description":"GDI Client DLL","FileVersion":"10.0.19041.4957 (WinBuild.160101.0800)","Hashes":"MD5=C176045307F7D7B169FEE725693B1C13,SHA256=84B693A8F8838446169455B403F8CB75AF0D89BEFB7BCF9BE22405B6C9DF4695,IMPHASH=8B2A00C9D762BCEE41880B014BAF103D","Image":"C:\\Windows\\WinSxS\\amd64_microsoft-windows-servicingstack_31bf3856ad364e35_10.0.19041.4950_none_7dd913727cb4d87c\\TiWorker.exe","ImageLoaded":"C:\\Windows\\System32\\gdi32full.dll","OriginalFileName":"gdi32","ProcessGuid":"{7b34ed3d-90e2-673c-8401-000000000b00}","ProcessId":"6672","Product":"Microsoft® Windows® Operating System","RuleName":"-","Signature":"Microsoft Windows","SignatureStatus":"Valid","Signed":"true","User":"NT AUTHORITY\\SYSTEM","UtcTime":"2024-11-19 13:21:38.601"},"EventId":"7","Image":"C:\\Windows\\WinSxS\\amd64_microsoft-windows-servicingstack_31bf3856ad364e35_10.0.19041.4950_none_7dd913727cb4d87c\\TiWorker.exe","timestamp":"2024-11-19 13:20:53"},{"EventData":{"Company":"Microsoft Corporation","Description":"Multi-User Windows USER API Client DLL","FileVersion":"10.0.19041.4717 (WinBuild.160101.0800)","Hashes":"MD5=69D72A21D743029EBF6B61F9BD856D3A,SHA256=8DBC0E66B480969AB6B9A802105376B4EB18481502BCEA7CADDC87BF3E707C33,IMPHASH=5379EA8CE720F2CFBDD7282672C7CF66","Image":"C:\\Windows\\WinSxS\\amd64_microsoft-windows-servicingstack_31bf3856ad364e35_10.0.19041.4950_none_7dd913727cb4d87c\\TiWorker.exe","ImageLoaded":"C:\\Windows\\System32\\user32.dll","OriginalFileName":"user32","ProcessGuid":"{7b34ed3d-90e2-673c-8401-000000000b00}","ProcessId":"6672","Product":"Microsoft® Windows® Operating System","RuleName":"-","Signature":"Microsoft Windows","SignatureStatus":"Valid","Signed":"true","User":"NT AUTHORITY\\SYSTEM","UtcTime":"2024-11-19 13:21:38.601"},"EventId":"7","Image":"C:\\Windows\\WinSxS\\amd64_microsoft-windows-servicingstack_31bf3856ad364e35_10.0.19041.4950_none_7dd913727cb4d87c\\TiWorker.exe","timestamp":"2024-11-19 13:20:53"},{"EventData":{"Company":"Microsoft Corporation","Description":"Windows NT MARTA provider","FileVersion":"10.0.19041.3636 (WinBuild.160101.0800)","Hashes":"MD5=1A2CE30601518C0DA155C6A87D7B3104,SHA256=252D198D0660D7D021209C25ED91333A63CCB00E47B00521AF9CB562CA1D7E3A,IMPHASH=2A82B57D7A2D3136D8E6670296793FB3","Image":"C:\\Windows\\WinSxS\\amd64_microsoft-windows-servicingstack_31bf3856ad364e35_10.0.19041.4950_none_7dd913727cb4d87c\\TiWorker.exe","ImageLoaded":"C:\\Windows\\System32\\ntmarta.dll","OriginalFileName":"ntmarta.dll","ProcessGuid":"{7b34ed3d-90e2-673c-8401-000000000b00}","ProcessId":"6672","Product":"Microsoft® Windows® Operating System","RuleName":"-","Signature":"Microsoft Windows","SignatureStatus":"Valid","Signed":"true","User":"NT AUTHORITY\\SYSTEM","UtcTime":"2024-11-19 13:21:38.539"},"EventId":"7","Image":"C:\\Windows\\WinSxS\\amd64_microsoft-windows-servicingstack_31bf3856ad364e35_10.0.19041.4950_none_7dd913727cb4d87c\\TiWorker.exe","timestamp":"2024-11-19 13:20:53"},{"EventData":{"Company":"Microsoft Corporation","Description":"Cryptographic Service Provider API","FileVersion":"10.0.19041.3636 (WinBuild.160101.0800)","Hashes":"MD5=96848D64C8A1F38149722D97397D29C3,SHA256=08B2D7415123D1A4A90BC64BC708B23A9D8C2D4ADECBB12F102693397C8D87EF,IMPHASH=A9B9D04D0B53DC48ABB37BE77AD01B55","Image":"C:\\Windows\\WinSxS\\amd64_microsoft-windows-servicingstack_31bf3856ad364e35_10.0.19041.4950_none_7dd913727cb4d87c\\TiWorker.exe","ImageLoaded":"C:\\Windows\\System32\\cryptsp.dll","OriginalFileName":"cryptsp.dll","ProcessGuid":"{7b34ed3d-90e2-673c-8401-000000000b00}","ProcessId":"6672","Product":"Microsoft® Windows® Operating System","RuleName":"-","Signature":"Microsoft Windows","SignatureStatus":"Valid","Signed":"true","User":"NT AUTHORITY\\SYSTEM","UtcTime":"2024-11-19 13:21:38.555"},"EventId":"7","Image":"C:\\Windows\\WinSxS\\amd64_microsoft-windows-servicingstack_31bf3856ad364e35_10.0.19041.4950_none_7dd913727cb4d87c\\TiWorker.exe","timestamp":"2024-11-19 13:20:53"},{"EventData":{"Company":"Microsoft Corporation","Description":"Userenv","FileVersion":"10.0.19041.4355 (WinBuild.160101.0800)","Hashes":"MD5=7E597E43EB42D685DC74535D9D2EF692,SHA256=D0DA2E1FD687F1E9AE3BC16483007140356A06C32106660C145C7DA854F87566,IMPHASH=0C097119893D6CCBCF7462E167C56900","Image":"C:\\Windows\\WinSxS\\amd64_microsoft-windows-servicingstack_31bf3856ad364e35_10.0.19041.4950_none_7dd913727cb4d87c\\TiWorker.exe","ImageLoaded":"C:\\Windows\\System32\\userenv.dll","OriginalFileName":"userenv.dll","ProcessGuid":"{7b34ed3d-90e2-673c-8401-000000000b00}","ProcessId":"6672","Product":"Microsoft® Windows® Operating System","RuleName":"-","Signature":"Microsoft Windows","SignatureStatus":"Valid","Signed":"true","User":"NT AUTHORITY\\SYSTEM","UtcTime":"2024-11-19 13:21:38.555"},"EventId":"7","Image":"C:\\Windows\\WinSxS\\amd64_microsoft-windows-servicingstack_31bf3856ad364e35_10.0.19041.4950_none_7dd913727cb4d87c\\TiWorker.exe","timestamp":"2024-11-19 13:20:53"},{"EventData":{"Company":"Microsoft Corporation","Description":"ASN.1 Runtime APIs","FileVersion":"10.0.19041.3636 (WinBuild.160101.0800)","Hashes":"MD5=AB9535AEBFD8DED1BA9743A1A33C8344,SHA256=A40B90479BEF00F51B15E02D8CCE799A15248237EB68E73A2732C0FA8461BBB6,IMPHASH=F79599CA729D557E0381EC0A41471A27","Image":"C:\\Windows\\WinSxS\\amd64_microsoft-windows-servicingstack_31bf3856ad364e35_10.0.19041.4950_none_7dd913727cb4d87c\\TiWorker.exe","ImageLoaded":"C:\\Windows\\System32\\msasn1.dll","OriginalFileName":"msasn1.dll","ProcessGuid":"{7b34ed3d-90e2-673c-8401-000000000b00}","ProcessId":"6672","Product":"Microsoft® Windows® Operating System","RuleName":"-","Signature":"Microsoft Windows","SignatureStatus":"Valid","Signed":"true","User":"NT AUTHORITY\\SYSTEM","UtcTime":"2024-11-19 13:21:38.555"},"EventId":"7","Image":"C:\\Windows\\WinSxS\\amd64_microsoft-windows-servicingstack_31bf3856ad364e35_10.0.19041.4950_none_7dd913727cb4d87c\\TiWorker.exe","timestamp":"2024-11-19 13:20:53"},{"EventData":{"Company":"Microsoft Corporation","Description":"Microsoft(R) Delta Package Expander","FileVersion":"10.0.19041.4950 (WinBuild.160101.0800)","Hashes":"MD5=7199030BAAA103522DFEC7A50E8045EF,SHA256=D8588CE920777E6E1CFF25C319F96B356450A9EA1953C826240DF162DA583514,IMPHASH=5D1F71F36E7D3779A6599514BDCF59C2","Image":"C:\\Windows\\WinSxS\\amd64_microsoft-windows-servicingstack_31bf3856ad364e35_10.0.19041.4950_none_7dd913727cb4d87c\\TiWorker.exe","ImageLoaded":"C:\\Windows\\WinSxS\\amd64_microsoft-windows-servicingstack_31bf3856ad364e35_10.0.19041.4950_none_7dd913727cb4d87c\\dpx.dll","OriginalFileName":"dpx.dll","ProcessGuid":"{7b34ed3d-90e2-673c-8401-000000000b00}","ProcessId":"6672","Product":"Microsoft® Windows® Operating System","RuleName":"-","Signature":"Microsoft Windows","SignatureStatus":"Valid","Signed":"true","User":"NT AUTHORITY\\SYSTEM","UtcTime":"2024-11-19 13:21:38.555"},"EventId":"7","Image":"C:\\Windows\\WinSxS\\amd64_microsoft-windows-servicingstack_31bf3856ad364e35_10.0.19041.4950_none_7dd913727cb4d87c\\TiWorker.exe","timestamp":"2024-11-19 13:20:54"},{"EventData":{"Company":"Microsoft Corporation","Description":"Windows Componentization Platform Servicing API","FileVersion":"10.0.19041.4950 (WinBuild.160101.0800)","Hashes":"MD5=4CA1D937938FAB4F5CAF42F645CD92A3,SHA256=64B7A0FC70E85DE5BB19BD777ADAD16E5866ACDAB504B2B04720208925E141DF,IMPHASH=A56DE06C3C1281F3F1FD561C2AB69204","Image":"C:\\Windows\\WinSxS\\amd64_microsoft-windows-servicingstack_31bf3856ad364e35_10.0.19041.4950_none_7dd913727cb4d87c\\TiWorker.exe","ImageLoaded":"C:\\Windows\\WinSxS\\amd64_microsoft-windows-servicingstack_31bf3856ad364e35_10.0.19041.4950_none_7dd913727cb4d87c\\wcp.dll","OriginalFileName":"wcp.dll","ProcessGuid":"{7b34ed3d-90e2-673c-8401-000000000b00}","ProcessId":"6672","Product":"Microsoft® Windows® Operating System","RuleName":"-","Signature":"Microsoft Windows","SignatureStatus":"Valid","Signed":"true","User":"NT AUTHORITY\\SYSTEM","UtcTime":"2024-11-19 13:21:38.586"},"EventId":"7","Image":"C:\\Windows\\WinSxS\\amd64_microsoft-windows-servicingstack_31bf3856ad364e35_10.0.19041.4950_none_7dd913727cb4d87c\\TiWorker.exe","timestamp":"2024-11-19 13:20:54"},{"EventData":{"Company":"Microsoft Corporation","Description":"Driver Servicing","FileVersion":"10.0.19041.4950 (WinBuild.160101.0800)","Hashes":"MD5=62196B24F3AC8133CC7AE7931B880D04,SHA256=A223D614B180AC697B8ADD062524AC1B23FAD3BC6D306E8961F16B1371D97462,IMPHASH=3B5256C7D1EAD0DF9A45CA1DCF1480D5","Image":"C:\\Windows\\WinSxS\\amd64_microsoft-windows-servicingstack_31bf3856ad364e35_10.0.19041.4950_none_7dd913727cb4d87c\\TiWorker.exe","ImageLoaded":"C:\\Windows\\WinSxS\\amd64_microsoft-windows-servicingstack_31bf3856ad364e35_10.0.19041.4950_none_7dd913727cb4d87c\\drupdate.dll","OriginalFileName":"drupdate.dll","ProcessGuid":"{7b34ed3d-90e2-673c-8401-000000000b00}","ProcessId":"6672","Product":"Microsoft® Windows® Operating System","RuleName":"-","Signature":"Microsoft Windows","SignatureStatus":"Valid","Signed":"true","User":"NT AUTHORITY\\SYSTEM","UtcTime":"2024-11-19 13:21:38.586"},"EventId":"7","Image":"C:\\Windows\\WinSxS\\amd64_microsoft-windows-servicingstack_31bf3856ad364e35_10.0.19041.4950_none_7dd913727cb4d87c\\TiWorker.exe","timestamp":"2024-11-19 13:20:54"},{"EventData":{"Company":"Microsoft Corporation","Description":"Configuration Manager DLL","FileVersion":"10.0.19041.3996 (WinBuild.160101.0800)","Hashes":"MD5=F90B57D5BBD5A484D2B60020B1C299E8,SHA256=7FEFD329B398827D6BABF33973EAA2C0DC580FE1F3B291EFA4793E795E4DF8FA,IMPHASH=80B33C2BA2398A7ADF65B746E21F8E1F","Image":"C:\\Windows\\WinSxS\\amd64_microsoft-windows-servicingstack_31bf3856ad364e35_10.0.19041.4950_none_7dd913727cb4d87c\\TiWorker.exe","ImageLoaded":"C:\\Windows\\System32\\cfgmgr32.dll","OriginalFileName":"CFGMGR32.DLL","ProcessGuid":"{7b34ed3d-90e2-673c-8401-000000000b00}","ProcessId":"6672","Product":"Microsoft® Windows® Operating System","RuleName":"-","Signature":"Microsoft Windows","SignatureStatus":"Valid","Signed":"true","User":"NT AUTHORITY\\SYSTEM","UtcTime":"2024-11-19 13:21:38.586"},"EventId":"7","Image":"C:\\Windows\\WinSxS\\amd64_microsoft-windows-servicingstack_31bf3856ad364e35_10.0.19041.4950_none_7dd913727cb4d87c\\TiWorker.exe","timestamp":"2024-11-19 13:20:54"},{"EventData":{"Company":"Microsoft Corporation","Description":"Microsoft® Windows System Restore Client Library","FileVersion":"10.0.19041.4957 (WinBuild.160101.0800)","Hashes":"MD5=C26C71641BED137DF69F6A76649E254E,SHA256=E45A7C5C250245D62F079E082D305EAA6594E7AAAA6078AF278F7C1A564B6165,IMPHASH=8588418DE0D99A4079D0A18C0E5D9D47","Image":"C:\\Windows\\WinSxS\\amd64_microsoft-windows-servicingstack_31bf3856ad364e35_10.0.19041.4950_none_7dd913727cb4d87c\\TiWorker.exe","ImageLoaded":"C:\\Windows\\System32\\srclient.dll","OriginalFileName":"srclient.dll","ProcessGuid":"{7b34ed3d-90e2-673c-8401-000000000b00}","ProcessId":"6672","Product":"Microsoft® Windows® Operating System","RuleName":"-","Signature":"Microsoft Windows","SignatureStatus":"Valid","Signed":"true","User":"NT AUTHORITY\\SYSTEM","UtcTime":"2024-11-19 13:21:38.601"},"EventId":"7","Image":"C:\\Windows\\WinSxS\\amd64_microsoft-windows-servicingstack_31bf3856ad364e35_10.0.19041.4950_none_7dd913727cb4d87c\\TiWorker.exe","timestamp":"2024-11-19 13:20:54"},{"EventData":{"Company":"Microsoft Corporation","Description":"Microsoft OLE for Windows","FileVersion":"10.0.19041.4355 (WinBuild.160101.0800)","Hashes":"MD5=9B9AA2F761F9C96F1C8D7B6AC6F918F6,SHA256=2FF2022FFD19510AC7568719370DF4C3D6912EDBE70B47EB8A990B47E878D1E2,IMPHASH=8AAA85769E58DB82D102F2934F676756","Image":"C:\\Windows\\WinSxS\\amd64_microsoft-windows-servicingstack_31bf3856ad364e35_10.0.19041.4950_none_7dd913727cb4d87c\\TiWorker.exe","ImageLoaded":"C:\\Windows\\System32\\ole32.dll","OriginalFileName":"OLE32.DLL","ProcessGuid":"{7b34ed3d-90e2-673c-8401-000000000b00}","ProcessId":"6672","Product":"Microsoft® Windows® Operating System","RuleName":"-","Signature":"Microsoft Windows","SignatureStatus":"Valid","Signed":"true","User":"NT AUTHORITY\\SYSTEM","UtcTime":"2024-11-19 13:21:38.601"},"EventId":"7","Image":"C:\\Windows\\WinSxS\\amd64_microsoft-windows-servicingstack_31bf3856ad364e35_10.0.19041.4950_none_7dd913727cb4d87c\\TiWorker.exe","timestamp":"2024-11-19 13:20:54"},{"EventData":{"Company":"Microsoft Corporation","Description":"Microsoft® Windows Shared Protection Point Library","FileVersion":"10.0.19041.3636 (WinBuild.160101.0800)","Hashes":"MD5=F56CC3EC8E4A7B256C1B26665925D142,SHA256=706A6197C06EB092F495421176E1EBBF69A6FFC58A8FA91A50CA1B8B7437242D,IMPHASH=246018766392FD03712A622EF4C405D6","Image":"C:\\Windows\\WinSxS\\amd64_microsoft-windows-servicingstack_31bf3856ad364e35_10.0.19041.4950_none_7dd913727cb4d87c\\TiWorker.exe","ImageLoaded":"C:\\Windows\\System32\\spp.dll","OriginalFileName":"spp.dll","ProcessGuid":"{7b34ed3d-90e2-673c-8401-000000000b00}","ProcessId":"6672","Product":"Microsoft® Windows® Operating System","RuleName":"-","Signature":"Microsoft Windows","SignatureStatus":"Valid","Signed":"true","User":"NT AUTHORITY\\SYSTEM","UtcTime":"2024-11-19 13:21:38.601"},"EventId":"7","Image":"C:\\Windows\\WinSxS\\amd64_microsoft-windows-servicingstack_31bf3856ad364e35_10.0.19041.4950_none_7dd913727cb4d87c\\TiWorker.exe","timestamp":"2024-11-19 13:20:54"},{"EventData":{"Company":"Microsoft Corporation","Description":"Power Profile Helper DLL","FileVersion":"10.0.19041.3636 (WinBuild.160101.0800)","Hashes":"MD5=5E5616CADB11C91CFBADB7C54468A89E,SHA256=D345BA79F99D3AE766875F147FB30E23114E3AB66DAF05BB622D9D0437392641,IMPHASH=1767FC1F6BC4E7E9EA7A40C5731B08E9","Image":"C:\\Windows\\WinSxS\\amd64_microsoft-windows-servicingstack_31bf3856ad364e35_10.0.19041.4950_none_7dd913727cb4d87c\\TiWorker.exe","ImageLoaded":"C:\\Windows\\System32\\powrprof.dll","OriginalFileName":"POWRPROF.DLL","ProcessGuid":"{7b34ed3d-90e2-673c-8401-000000000b00}","ProcessId":"6672","Product":"Microsoft® Windows® Operating System","RuleName":"-","Signature":"Microsoft Windows","SignatureStatus":"Valid","Signed":"true","User":"NT AUTHORITY\\SYSTEM","UtcTime":"2024-11-19 13:21:38.617"},"EventId":"7","Image":"C:\\Windows\\WinSxS\\amd64_microsoft-windows-servicingstack_31bf3856ad364e35_10.0.19041.4950_none_7dd913727cb4d87c\\TiWorker.exe","timestamp":"2024-11-19 13:20:54"},{"EventData":{"Company":"Microsoft Corporation","Description":"Microsoft® Volume Shadow Copy Requestor/Writer Services API DLL","FileVersion":"10.0.19041.4355 (WinBuild.160101.0800)","Hashes":"MD5=BE145726F90A45BF5FD7E421182CAE04,SHA256=8EF41D7A63C3E835D3C987368B1B8594284698B5B3E1DB374EE0D828897C384F,IMPHASH=2D6AB4BE0895E18F906975049D810B7D","Image":"C:\\Windows\\WinSxS\\amd64_microsoft-windows-servicingstack_31bf3856ad364e35_10.0.19041.4950_none_7dd913727cb4d87c\\TiWorker.exe","ImageLoaded":"C:\\Windows\\System32\\vssapi.dll","OriginalFileName":"VSSAPI.DLL","ProcessGuid":"{7b34ed3d-90e2-673c-8401-000000000b00}","ProcessId":"6672","Product":"Microsoft® Windows® Operating System","RuleName":"-","Signature":"Microsoft Windows","SignatureStatus":"Valid","Signed":"true","User":"NT AUTHORITY\\SYSTEM","UtcTime":"2024-11-19 13:21:38.617"},"EventId":"7","Image":"C:\\Windows\\WinSxS\\amd64_microsoft-windows-servicingstack_31bf3856ad364e35_10.0.19041.4950_none_7dd913727cb4d87c\\TiWorker.exe","timestamp":"2024-11-19 13:20:54"},{"EventData":{"Company":"Microsoft Corporation","Description":"Windows Socket 2.0 32-Bit DLL","FileVersion":"10.0.19041.3636 (WinBuild.160101.0800)","Hashes":"MD5=5DEA93CF25DC0FA1E087CF384FD7EAB6,SHA256=5E9857A80A301AD21D0E0A0928A4FF2B5360C305A97BFC88886E3B686BF8D503,IMPHASH=6EEE61EF7874AA59D1A3452C72E61D5C","Image":"C:\\Windows\\WinSxS\\amd64_microsoft-windows-servicingstack_31bf3856ad364e35_10.0.19041.4950_none_7dd913727cb4d87c\\TiWorker.exe","ImageLoaded":"C:\\Windows\\System32\\ws2_32.dll","OriginalFileName":"ws2_32.dll","ProcessGuid":"{7b34ed3d-90e2-673c-8401-000000000b00}","ProcessId":"6672","Product":"Microsoft® Windows® Operating System","RuleName":"-","Signature":"Microsoft Windows","SignatureStatus":"Valid","Signed":"true","User":"NT AUTHORITY\\SYSTEM","UtcTime":"2024-11-19 13:21:38.632"},"EventId":"7","Image":"C:\\Windows\\WinSxS\\amd64_microsoft-windows-servicingstack_31bf3856ad364e35_10.0.19041.4950_none_7dd913727cb4d87c\\TiWorker.exe","timestamp":"2024-11-19 13:20:54"},{"EventData":{"Company":"Microsoft Corporation","Description":"Microsoft® Volume Shadow Copy Service Tracing Library","FileVersion":"10.0.19041.3636 (WinBuild.160101.0800)","Hashes":"MD5=91EB5A566AE8A043C03BCE73FF463CD1,SHA256=B4C9EC87A871382B3447C7906FF266D8DAECBD812DB65387B1E01D0A6C0D4A6D,IMPHASH=0130390D84872DE284D7472944804E18","Image":"C:\\Windows\\WinSxS\\amd64_microsoft-windows-servicingstack_31bf3856ad364e35_10.0.19041.4950_none_7dd913727cb4d87c\\TiWorker.exe","ImageLoaded":"C:\\Windows\\System32\\vsstrace.dll","OriginalFileName":"vsstrace.dll","ProcessGuid":"{7b34ed3d-90e2-673c-8401-000000000b00}","ProcessId":"6672","Product":"Microsoft® Windows® Operating System","RuleName":"-","Signature":"Microsoft Windows","SignatureStatus":"Valid","Signed":"true","User":"NT AUTHORITY\\SYSTEM","UtcTime":"2024-11-19 13:21:38.632"},"EventId":"7","Image":"C:\\Windows\\WinSxS\\amd64_microsoft-windows-servicingstack_31bf3856ad364e35_10.0.19041.4950_none_7dd913727cb4d87c\\TiWorker.exe","timestamp":"2024-11-19 13:20:54"},{"EventData":{"Company":"-","Description":"-","FileVersion":"-","Hashes":"MD5=C836A39340A6981FF4EE71E8903DF93B,SHA256=52149A7FEE76E2022A8B71467B512073C0AC3B10AC763F232ADFB38F69AE057C,IMPHASH=171C26BD72218E670B2C74DB98A744AB","Image":"C:\\Windows\\WinSxS\\amd64_microsoft-windows-servicingstack_31bf3856ad364e35_10.0.19041.4950_none_7dd913727cb4d87c\\TiWorker.exe","ImageLoaded":"C:\\Windows\\System32\\umpdc.dll","OriginalFileName":"-","ProcessGuid":"{7b34ed3d-90e2-673c-8401-000000000b00}","ProcessId":"6672","Product":"-","RuleName":"-","Signature":"Microsoft Windows","SignatureStatus":"Valid","Signed":"true","User":"NT AUTHORITY\\SYSTEM","UtcTime":"2024-11-19 13:21:38.632"},"EventId":"7","Image":"C:\\Windows\\WinSxS\\amd64_microsoft-windows-servicingstack_31bf3856ad364e35_10.0.19041.4950_none_7dd913727cb4d87c\\TiWorker.exe","timestamp":"2024-11-19 13:20:54"},